Tue May 15 23:01:07 UTC 2018: Database:jdbc:mysql://localhost:3306/unittests
Tue May 15 23:01:07 UTC 2018: Starting
Tue May 15 23:01:08 UTC 2018: Found element on the queue
Tue May 15 23:01:08 UTC 2018: Updating status
Tue May 15 23:01:08 UTC 2018: Working
Tue May 15 23:01:08 UTC 2018: Create project parser
Tue May 15 23:01:17 UTC 2018: Create slicer
Tue May 15 23:01:20 UTC 2018: Create call graph
Tue May 15 23:01:23 UTC 2018: Create point analysis
Tue May 15 23:01:23 UTC 2018: Create call graph done
Tue May 15 23:01:23 UTC 2018: Start Jarvis-JunZhu__shiro-root-1.3.2 test class org.apache.shiro.test.ExampleShiroUnitTest
Tue May 15 23:01:23 UTC 2018: Setting lastTestMethodIndex: 50069
Tue May 15 23:01:23 UTC 2018: Starting linking
Tue May 15 23:01:23 UTC 2018: No link for: org.apache.shiro.test.ExampleShiroUnitTest-testSimple
Tue May 15 23:01:23 UTC 2018: None match not added in database because it already exists
Tue May 15 23:01:23 UTC 2018: Linking done for Jarvis-JunZhu__shiro-root-1.3.2 test class org.apache.shiro.test.ExampleShiroUnitTest
Tue May 15 23:01:24 UTC 2018: Found element on the queue
Tue May 15 23:01:24 UTC 2018: Updating status
Tue May 15 23:01:24 UTC 2018: Working
Tue May 15 23:01:26 UTC 2018: Start Jarvis-JunZhu__shiro-root-1.3.2 test class org.apache.shiro.authc.credential.AllowAllCredentialsMatcherTest
Tue May 15 23:01:26 UTC 2018: Setting lastTestMethodIndex: 50070
Tue May 15 23:01:26 UTC 2018: Starting linking
Tue May 15 23:01:26 UTC 2018: No link for: org.apache.shiro.authc.credential.AllowAllCredentialsMatcherTest-testBasic
Tue May 15 23:01:27 UTC 2018: None match not added in database because it already exists
Tue May 15 23:01:27 UTC 2018: Linking done for Jarvis-JunZhu__shiro-root-1.3.2 test class org.apache.shiro.authc.credential.AllowAllCredentialsMatcherTest
Tue May 15 23:01:27 UTC 2018: Found element on the queue
Tue May 15 23:01:27 UTC 2018: Updating status
Tue May 15 23:01:27 UTC 2018: Working
Tue May 15 23:01:30 UTC 2018: Start Jarvis-JunZhu__shiro-root-1.3.2 test class org.apache.shiro.authc.pam.AllSuccessfulStrategyTest
Tue May 15 23:01:30 UTC 2018: Setting lastTestMethodIndex: 50072
Tue May 15 23:01:30 UTC 2018: Starting linking
Tue May 15 23:01:30 UTC 2018: Code found org.apache.shiro.authc.pam.AllSuccessfulStrategy-beforeAttempt with org.apache.shiro.authc.pam.AllSuccessfulStrategyTest-beforeAttemptRealmDoesntSupportToken
Tue May 15 23:01:30 UTC 2018: Match not added in database because it already exists
Tue May 15 23:01:30 UTC 2018: Code found org.apache.shiro.authc.pam.AllSuccessfulStrategy-beforeAllAttempts with org.apache.shiro.authc.pam.AllSuccessfulStrategyTest-beforeAllAttempts
Tue May 15 23:01:30 UTC 2018: Match not added in database because it already exists
Tue May 15 23:01:30 UTC 2018: No link for: org.apache.shiro.authc.pam.AllSuccessfulStrategyTest-beforeAttemptSupportingToken
Tue May 15 23:01:30 UTC 2018: None match not added in database because it already exists
Tue May 15 23:01:30 UTC 2018: Linking done for Jarvis-JunZhu__shiro-root-1.3.2 test class org.apache.shiro.authc.pam.AllSuccessfulStrategyTest
Tue May 15 23:01:31 UTC 2018: Found element on the queue
Tue May 15 23:01:31 UTC 2018: Updating status
Tue May 15 23:01:31 UTC 2018: Working
Tue May 15 23:01:33 UTC 2018: Start Jarvis-JunZhu__shiro-root-1.3.2 test class org.apache.shiro.authc.ConcurrentAccessExceptionTest
Tue May 15 23:01:33 UTC 2018: Setting lastTestMethodIndex: 50074
Tue May 15 23:01:33 UTC 2018: Starting linking
Tue May 15 23:01:33 UTC 2018: Linking done for Jarvis-JunZhu__shiro-root-1.3.2 test class org.apache.shiro.authc.ConcurrentAccessExceptionTest
Tue May 15 23:01:34 UTC 2018: Found element on the queue
Tue May 15 23:01:34 UTC 2018: Updating status
Tue May 15 23:01:34 UTC 2018: Working
Tue May 15 23:01:36 UTC 2018: Start Jarvis-JunZhu__shiro-root-1.3.2 test class org.apache.shiro.authc.ExcessiveAttemptsExceptionTest
Tue May 15 23:01:36 UTC 2018: Setting lastTestMethodIndex: 50076
Tue May 15 23:01:36 UTC 2018: Starting linking
Tue May 15 23:01:36 UTC 2018: Linking done for Jarvis-JunZhu__shiro-root-1.3.2 test class org.apache.shiro.authc.ExcessiveAttemptsExceptionTest
Tue May 15 23:01:37 UTC 2018: Found element on the queue
Tue May 15 23:01:37 UTC 2018: Updating status
Tue May 15 23:01:37 UTC 2018: Working
Tue May 15 23:01:40 UTC 2018: Start Jarvis-JunZhu__shiro-root-1.3.2 test class org.apache.shiro.authc.LockedAccountExceptionTest
Tue May 15 23:01:40 UTC 2018: Setting lastTestMethodIndex: 50078
Tue May 15 23:01:40 UTC 2018: Starting linking
Tue May 15 23:01:40 UTC 2018: Linking done for Jarvis-JunZhu__shiro-root-1.3.2 test class org.apache.shiro.authc.LockedAccountExceptionTest
Tue May 15 23:01:41 UTC 2018: Found element on the queue
Tue May 15 23:01:41 UTC 2018: Updating status
Tue May 15 23:01:41 UTC 2018: Working
Tue May 15 23:01:43 UTC 2018: Start Jarvis-JunZhu__shiro-root-1.3.2 test class org.apache.shiro.authc.UnknownAccountExceptionTest
Tue May 15 23:01:43 UTC 2018: Setting lastTestMethodIndex: 50080
Tue May 15 23:01:43 UTC 2018: Starting linking
Tue May 15 23:01:43 UTC 2018: Linking done for Jarvis-JunZhu__shiro-root-1.3.2 test class org.apache.shiro.authc.UnknownAccountExceptionTest
Tue May 15 23:01:44 UTC 2018: Found element on the queue
Tue May 15 23:01:44 UTC 2018: Updating status
Tue May 15 23:01:44 UTC 2018: Working
Tue May 15 23:01:47 UTC 2018: Start Jarvis-JunZhu__shiro-root-1.3.2 test class org.apache.shiro.authc.IncorrectCredentialsExceptionTest
Tue May 15 23:01:47 UTC 2018: Setting lastTestMethodIndex: 50082
Tue May 15 23:01:47 UTC 2018: Starting linking
Tue May 15 23:01:47 UTC 2018: Linking done for Jarvis-JunZhu__shiro-root-1.3.2 test class org.apache.shiro.authc.IncorrectCredentialsExceptionTest
Tue May 15 23:01:47 UTC 2018: Found element on the queue
Tue May 15 23:01:47 UTC 2018: Updating status
Tue May 15 23:01:47 UTC 2018: Working
Tue May 15 23:01:49 UTC 2018: Start Jarvis-JunZhu__shiro-root-1.3.2 test class org.apache.shiro.authc.ExpiredCredentialsExceptionTest
Tue May 15 23:01:49 UTC 2018: Setting lastTestMethodIndex: 50083
Tue May 15 23:01:49 UTC 2018: Starting linking
Tue May 15 23:01:49 UTC 2018: Linking done for Jarvis-JunZhu__shiro-root-1.3.2 test class org.apache.shiro.authc.ExpiredCredentialsExceptionTest
Tue May 15 23:01:50 UTC 2018: Found element on the queue
Tue May 15 23:01:50 UTC 2018: Updating status
Tue May 15 23:01:50 UTC 2018: Working
Tue May 15 23:01:52 UTC 2018: Start Jarvis-JunZhu__shiro-root-1.3.2 test class org.apache.shiro.authc.SimpleAuthenticationInfoTest
Tue May 15 23:01:52 UTC 2018: Setting lastTestMethodIndex: 50086
Tue May 15 23:01:52 UTC 2018: Starting linking
Tue May 15 23:01:53 UTC 2018: Code found org.apache.shiro.authc.SimpleAuthenticationInfo-merge with org.apache.shiro.authc.SimpleAuthenticationInfoTest-testMergeWithEmptyInstances
Tue May 15 23:01:53 UTC 2018: Match not added in database because it already exists
Tue May 15 23:01:53 UTC 2018: Code found org.apache.shiro.authc.SimpleAuthenticationInfo-merge with org.apache.shiro.authc.SimpleAuthenticationInfoTest-testMergeWithAggregateNullCredentials
Tue May 15 23:01:53 UTC 2018: Match not added in database because it already exists
Tue May 15 23:01:53 UTC 2018: Code found org.apache.shiro.authc.SimpleAuthenticationInfo-merge with org.apache.shiro.authc.SimpleAuthenticationInfoTest-testMergeWithImmutablePrincipalCollection
Tue May 15 23:01:53 UTC 2018: Match not added in database because it already exists
Tue May 15 23:01:53 UTC 2018: Linking done for Jarvis-JunZhu__shiro-root-1.3.2 test class org.apache.shiro.authc.SimpleAuthenticationInfoTest
Tue May 15 23:01:54 UTC 2018: Found element on the queue
Tue May 15 23:01:54 UTC 2018: Updating status
Tue May 15 23:01:54 UTC 2018: Working
Tue May 15 23:01:57 UTC 2018: Start Jarvis-JunZhu__shiro-root-1.3.2 test class org.apache.shiro.crypto.SecureRandomNumberGeneratorTest
Tue May 15 23:01:57 UTC 2018: Setting lastTestMethodIndex: 50088
Tue May 15 23:01:57 UTC 2018: Starting linking
Tue May 15 23:01:57 UTC 2018: Code found org.apache.shiro.crypto.SecureRandomNumberGenerator-nextBytes with org.apache.shiro.crypto.SecureRandomNumberGeneratorTest-testNextBytesWithSize
Tue May 15 23:01:57 UTC 2018: Code found org.apache.shiro.crypto.SecureRandomNumberGenerator-nextBytes with org.apache.shiro.crypto.SecureRandomNumberGeneratorTest-testDefaultNextBytesSize
Tue May 15 23:01:57 UTC 2018: No link for: org.apache.shiro.crypto.SecureRandomNumberGeneratorTest-testInvalidSecureRandomProperty
Tue May 15 23:01:58 UTC 2018: Linking done for Jarvis-JunZhu__shiro-root-1.3.2 test class org.apache.shiro.crypto.SecureRandomNumberGeneratorTest
Tue May 15 23:01:58 UTC 2018: Found element on the queue
Tue May 15 23:01:58 UTC 2018: Updating status
Tue May 15 23:01:58 UTC 2018: Working
Tue May 15 23:02:00 UTC 2018: Start Jarvis-JunZhu__shiro-root-1.3.2 test class org.apache.shiro.crypto.JcaCipherServiceTest
Tue May 15 23:02:00 UTC 2018: Setting lastTestMethodIndex: 50091
Tue May 15 23:02:00 UTC 2018: Starting linking
Tue May 15 23:02:00 UTC 2018: Code found org.apache.shiro.crypto.JcaCipherService-decrypt with org.apache.shiro.crypto.JcaCipherServiceTest-testDecrypt
Tue May 15 23:02:01 UTC 2018: Linking done for Jarvis-JunZhu__shiro-root-1.3.2 test class org.apache.shiro.crypto.JcaCipherServiceTest
Tue May 15 23:02:01 UTC 2018: Found element on the queue
Tue May 15 23:02:01 UTC 2018: Updating status
Tue May 15 23:02:01 UTC 2018: Working
Tue May 15 23:02:04 UTC 2018: Start Jarvis-JunZhu__shiro-root-1.3.2 test class org.apache.shiro.mgt.AbstractRememberMeManagerTest
Tue May 15 23:02:04 UTC 2018: Setting lastTestMethodIndex: 50093
Tue May 15 23:02:04 UTC 2018: Starting linking
Tue May 15 23:02:04 UTC 2018: Code found org.apache.shiro.mgt.AbstractRememberMeManager-getRememberedPrincipals with org.apache.shiro.mgt.AbstractRememberMeManagerTest-testGetRememberedPrincipalsWithEmptySerializedBytes
Tue May 15 23:02:05 UTC 2018: Match not added in database because it already exists
Tue May 15 23:02:05 UTC 2018: Linking done for Jarvis-JunZhu__shiro-root-1.3.2 test class org.apache.shiro.mgt.AbstractRememberMeManagerTest
Tue May 15 23:02:05 UTC 2018: Found element on the queue
Tue May 15 23:02:05 UTC 2018: Updating status
Tue May 15 23:02:05 UTC 2018: Working
Tue May 15 23:02:08 UTC 2018: Start Jarvis-JunZhu__shiro-root-1.3.2 test class org.apache.shiro.session.mgt.SimpleSessionTest
Tue May 15 23:02:08 UTC 2018: Setting lastTestMethodIndex: 50095
Tue May 15 23:02:08 UTC 2018: Starting linking
Tue May 15 23:02:08 UTC 2018: No link for: org.apache.shiro.session.mgt.SimpleSessionTest-testDefaultSerialization
Tue May 15 23:02:08 UTC 2018: None match not added in database because it already exists
Tue May 15 23:02:08 UTC 2018: No link for: org.apache.shiro.session.mgt.SimpleSessionTest-serializeHost
Tue May 15 23:02:08 UTC 2018: None match not added in database because it already exists
Tue May 15 23:02:08 UTC 2018: No link for: org.apache.shiro.session.mgt.SimpleSessionTest-serializeExpired
Tue May 15 23:02:08 UTC 2018: None match not added in database because it already exists
Tue May 15 23:02:08 UTC 2018: Linking done for Jarvis-JunZhu__shiro-root-1.3.2 test class org.apache.shiro.session.mgt.SimpleSessionTest
Tue May 15 23:02:09 UTC 2018: Found element on the queue
Tue May 15 23:02:09 UTC 2018: Updating status
Tue May 15 23:02:09 UTC 2018: Working
Tue May 15 23:02:11 UTC 2018: Start Jarvis-JunZhu__shiro-root-1.3.2 test class org.apache.shiro.authz.AuthorizationExceptionTest
Tue May 15 23:02:11 UTC 2018: Setting lastTestMethodIndex: 50098
Tue May 15 23:02:11 UTC 2018: Starting linking
Tue May 15 23:02:11 UTC 2018: Linking done for Jarvis-JunZhu__shiro-root-1.3.2 test class org.apache.shiro.authz.AuthorizationExceptionTest
Tue May 15 23:02:12 UTC 2018: Found element on the queue
Tue May 15 23:02:12 UTC 2018: Updating status
Tue May 15 23:02:12 UTC 2018: Working
Tue May 15 23:02:15 UTC 2018: Start Jarvis-JunZhu__shiro-root-1.3.2 test class org.apache.shiro.authz.ModularRealmAuthorizerTest
Tue May 15 23:02:15 UTC 2018: Setting lastTestMethodIndex: 50100
Tue May 15 23:02:15 UTC 2018: Starting linking
Tue May 15 23:02:15 UTC 2018: No link for: org.apache.shiro.authz.ModularRealmAuthorizerTest-testSettingOfRolePermissionResolver
Tue May 15 23:02:15 UTC 2018: None match not added in database because it already exists
Tue May 15 23:02:15 UTC 2018: Linking done for Jarvis-JunZhu__shiro-root-1.3.2 test class org.apache.shiro.authz.ModularRealmAuthorizerTest
Tue May 15 23:02:16 UTC 2018: Found element on the queue
Tue May 15 23:02:16 UTC 2018: Updating status
Tue May 15 23:02:16 UTC 2018: Working
Tue May 15 23:02:18 UTC 2018: Start Jarvis-JunZhu__shiro-root-1.3.2 test class org.apache.shiro.authz.HostUnauthorizedExceptionTest
Tue May 15 23:02:18 UTC 2018: Setting lastTestMethodIndex: 50102
Tue May 15 23:02:18 UTC 2018: Starting linking
Tue May 15 23:02:18 UTC 2018: Linking done for Jarvis-JunZhu__shiro-root-1.3.2 test class org.apache.shiro.authz.HostUnauthorizedExceptionTest
Tue May 15 23:02:18 UTC 2018: Found element on the queue
Tue May 15 23:02:18 UTC 2018: Updating status
Tue May 15 23:02:18 UTC 2018: Working
Tue May 15 23:02:21 UTC 2018: Start Jarvis-JunZhu__shiro-root-1.3.2 test class org.apache.shiro.authz.UnauthenticatedExceptionTest
Tue May 15 23:02:21 UTC 2018: Setting lastTestMethodIndex: 50104
Tue May 15 23:02:21 UTC 2018: Starting linking
Tue May 15 23:02:21 UTC 2018: Linking done for Jarvis-JunZhu__shiro-root-1.3.2 test class org.apache.shiro.authz.UnauthenticatedExceptionTest
Tue May 15 23:02:22 UTC 2018: Found element on the queue
Tue May 15 23:02:22 UTC 2018: Updating status
Tue May 15 23:02:22 UTC 2018: Working
Tue May 15 23:02:24 UTC 2018: Start Jarvis-JunZhu__shiro-root-1.3.2 test class org.apache.shiro.authz.UnauthorizedExceptionTest
Tue May 15 23:02:24 UTC 2018: Setting lastTestMethodIndex: 50106
Tue May 15 23:02:24 UTC 2018: Starting linking
Tue May 15 23:02:24 UTC 2018: Linking done for Jarvis-JunZhu__shiro-root-1.3.2 test class org.apache.shiro.authz.UnauthorizedExceptionTest
Tue May 15 23:02:25 UTC 2018: Found element on the queue
Tue May 15 23:02:25 UTC 2018: Updating status
Tue May 15 23:02:25 UTC 2018: Working
Tue May 15 23:02:27 UTC 2018: Start Jarvis-JunZhu__shiro-root-1.3.2 test class org.apache.shiro.authz.permission.WildcardPermissionTest
Tue May 15 23:02:27 UTC 2018: Setting lastTestMethodIndex: 50109
Tue May 15 23:02:27 UTC 2018: Starting linking
Tue May 15 23:02:27 UTC 2018: Code found org.apache.shiro.authz.permission.WildcardPermission-toString with org.apache.shiro.authz.permission.WildcardPermissionTest-testToString
Tue May 15 23:02:27 UTC 2018: Match not added in database because it already exists
Tue May 15 23:02:27 UTC 2018: No link for: org.apache.shiro.authz.permission.WildcardPermissionTest-testLists
Tue May 15 23:02:27 UTC 2018: None match not added in database because it already exists
Tue May 15 23:02:27 UTC 2018: No link for: org.apache.shiro.authz.permission.WildcardPermissionTest-testNull
Tue May 15 23:02:28 UTC 2018: None match not added in database because it already exists
Tue May 15 23:02:28 UTC 2018: No link for: org.apache.shiro.authz.permission.WildcardPermissionTest-testBlank
Tue May 15 23:02:28 UTC 2018: None match not added in database because it already exists
Tue May 15 23:02:28 UTC 2018: No link for: org.apache.shiro.authz.permission.WildcardPermissionTest-testNamed
Tue May 15 23:02:28 UTC 2018: None match not added in database because it already exists
Tue May 15 23:02:28 UTC 2018: No link for: org.apache.shiro.authz.permission.WildcardPermissionTest-testEmpty
Tue May 15 23:02:28 UTC 2018: None match not added in database because it already exists
Tue May 15 23:02:28 UTC 2018: No link for: org.apache.shiro.authz.permission.WildcardPermissionTest-testListDifferentOrder
Tue May 15 23:02:29 UTC 2018: None match not added in database because it already exists
Tue May 15 23:02:29 UTC 2018: No link for: org.apache.shiro.authz.permission.WildcardPermissionTest-testOnlyDelimiters
Tue May 15 23:02:29 UTC 2018: None match not added in database because it already exists
Tue May 15 23:02:29 UTC 2018: No link for: org.apache.shiro.authz.permission.WildcardPermissionTest-testWildcards
Tue May 15 23:02:29 UTC 2018: None match not added in database because it already exists
Tue May 15 23:02:29 UTC 2018: Linking done for Jarvis-JunZhu__shiro-root-1.3.2 test class org.apache.shiro.authz.permission.WildcardPermissionTest
Tue May 15 23:02:30 UTC 2018: Found element on the queue
Tue May 15 23:02:30 UTC 2018: Updating status
Tue May 15 23:02:30 UTC 2018: Working
Tue May 15 23:02:33 UTC 2018: Start Jarvis-JunZhu__shiro-root-1.3.2 test class org.apache.shiro.authz.permission.AllPermissionTest
Tue May 15 23:02:33 UTC 2018: Setting lastTestMethodIndex: 50111
Tue May 15 23:02:33 UTC 2018: Starting linking
Tue May 15 23:02:33 UTC 2018: No link for: org.apache.shiro.authz.permission.AllPermissionTest-testNullArgument
Tue May 15 23:02:33 UTC 2018: None match not added in database because it already exists
Tue May 15 23:02:33 UTC 2018: No link for: org.apache.shiro.authz.permission.AllPermissionTest-testNonNullArgument
Tue May 15 23:02:34 UTC 2018: None match not added in database because it already exists
Tue May 15 23:02:34 UTC 2018: Linking done for Jarvis-JunZhu__shiro-root-1.3.2 test class org.apache.shiro.authz.permission.AllPermissionTest
Tue May 15 23:02:34 UTC 2018: Found element on the queue
Tue May 15 23:02:34 UTC 2018: Updating status
Tue May 15 23:02:34 UTC 2018: Working
Tue May 15 23:02:38 UTC 2018: Start Jarvis-JunZhu__shiro-root-1.3.2 test class org.apache.shiro.authz.permission.DomainPermissionTest
Tue May 15 23:02:38 UTC 2018: Setting lastTestMethodIndex: 50113
Tue May 15 23:02:38 UTC 2018: Starting linking
Tue May 15 23:02:38 UTC 2018: No link for: org.apache.shiro.authz.permission.DomainPermissionTest-testActionsConstructorWithSingleAction
Tue May 15 23:02:38 UTC 2018: None match not added in database because it already exists
Tue May 15 23:02:38 UTC 2018: No link for: org.apache.shiro.authz.permission.DomainPermissionTest-testDefaultConstructor
Tue May 15 23:02:38 UTC 2018: None match not added in database because it already exists
Tue May 15 23:02:38 UTC 2018: No link for: org.apache.shiro.authz.permission.DomainPermissionTest-testActionsConstructorWithMultipleActions
Tue May 15 23:02:39 UTC 2018: None match not added in database because it already exists
Tue May 15 23:02:39 UTC 2018: No link for: org.apache.shiro.authz.permission.DomainPermissionTest-testActionsTargetsConstructorWithSingleActionAndTarget
Tue May 15 23:02:39 UTC 2018: None match not added in database because it already exists
Tue May 15 23:02:39 UTC 2018: No link for: org.apache.shiro.authz.permission.DomainPermissionTest-testActionsTargetsConstructorWithMultipleActionsAndTargets
Tue May 15 23:02:39 UTC 2018: None match not added in database because it already exists
Tue May 15 23:02:39 UTC 2018: Linking done for Jarvis-JunZhu__shiro-root-1.3.2 test class org.apache.shiro.authz.permission.DomainPermissionTest
Tue May 15 23:02:40 UTC 2018: Found element on the queue
Tue May 15 23:02:40 UTC 2018: Updating status
Tue May 15 23:02:40 UTC 2018: Working
Tue May 15 23:02:42 UTC 2018: Start Jarvis-JunZhu__shiro-root-1.3.2 test class org.apache.shiro.io.SerializationExceptionTest
Tue May 15 23:02:42 UTC 2018: Setting lastTestMethodIndex: 50116
Tue May 15 23:02:42 UTC 2018: Starting linking
Tue May 15 23:02:42 UTC 2018: Linking done for Jarvis-JunZhu__shiro-root-1.3.2 test class org.apache.shiro.io.SerializationExceptionTest
Tue May 15 23:02:43 UTC 2018: Found element on the queue
Tue May 15 23:02:43 UTC 2018: Updating status
Tue May 15 23:02:43 UTC 2018: Working
Tue May 15 23:02:46 UTC 2018: Start Jarvis-JunZhu__shiro-root-1.3.2 test class org.apache.shiro.aop.AnnotationResolverTest
Tue May 15 23:02:46 UTC 2018: Setting lastTestMethodIndex: 50119
Tue May 15 23:02:46 UTC 2018: Starting linking
Tue May 15 23:02:46 UTC 2018: Linking done for Jarvis-JunZhu__shiro-root-1.3.2 test class org.apache.shiro.aop.AnnotationResolverTest
Tue May 15 23:02:46 UTC 2018: Found element on the queue
Tue May 15 23:02:46 UTC 2018: Updating status
Tue May 15 23:02:46 UTC 2018: Working
Tue May 15 23:02:49 UTC 2018: Start Jarvis-JunZhu__shiro-root-1.3.2 test class org.apache.shiro.util.RegExPatternMatcherTest
Tue May 15 23:02:49 UTC 2018: Setting lastTestMethodIndex: 50122
Tue May 15 23:02:49 UTC 2018: Starting linking
Tue May 15 23:02:49 UTC 2018: No link for: org.apache.shiro.util.RegExPatternMatcherTest-testSimplePattern
Tue May 15 23:02:49 UTC 2018: None match not added in database because it already exists
Tue May 15 23:02:49 UTC 2018: Linking done for Jarvis-JunZhu__shiro-root-1.3.2 test class org.apache.shiro.util.RegExPatternMatcherTest
Tue May 15 23:02:50 UTC 2018: Found element on the queue
Tue May 15 23:02:50 UTC 2018: Updating status
Tue May 15 23:02:50 UTC 2018: Working
Tue May 15 23:02:52 UTC 2018: Start Jarvis-JunZhu__shiro-root-1.3.2 test class org.apache.shiro.util.StringUtilsTest
Tue May 15 23:02:52 UTC 2018: Setting lastTestMethodIndex: 50125
Tue May 15 23:02:52 UTC 2018: Starting linking
Tue May 15 23:02:52 UTC 2018: Code found org.apache.shiro.util.StringUtils-split with org.apache.shiro.util.StringUtilsTest-splitWithQuotedCommasAndSpaces
Tue May 15 23:02:53 UTC 2018: Code found org.apache.shiro.util.StringUtils-split with org.apache.shiro.util.StringUtilsTest-splitTestWithQuotedCommas
Tue May 15 23:02:53 UTC 2018: Code found org.apache.shiro.util.StringUtils-split with org.apache.shiro.util.StringUtilsTest-splitWithQuotedCommasAndSpacesAndEscapedQuotes
Tue May 15 23:02:53 UTC 2018: Code found org.apache.shiro.util.StringUtils-split with org.apache.shiro.util.StringUtilsTest-splitWithQuotedCommasAndSpacesAndDifferentQuoteChars
Tue May 15 23:02:53 UTC 2018: Code found org.apache.shiro.util.StringUtils-split with org.apache.shiro.util.StringUtilsTest-splitWithQuotedCommasAndSpacesAndDifferentQuoteCharsWhileRetainingQuotes
Tue May 15 23:02:54 UTC 2018: Code found org.apache.shiro.util.StringUtils-split with org.apache.shiro.util.StringUtilsTest-splitWithNullInput
Tue May 15 23:02:54 UTC 2018: Code found org.apache.shiro.util.StringUtils-split with org.apache.shiro.util.StringUtilsTest-splitWithCommas
Tue May 15 23:02:54 UTC 2018: Code found org.apache.shiro.util.StringUtils-split with org.apache.shiro.util.StringUtilsTest-splitWithCommasAndSpaces
Tue May 15 23:02:54 UTC 2018: Linking done for Jarvis-JunZhu__shiro-root-1.3.2 test class org.apache.shiro.util.StringUtilsTest
Tue May 15 23:02:55 UTC 2018: Found element on the queue
Tue May 15 23:02:55 UTC 2018: Updating status
Tue May 15 23:02:55 UTC 2018: Working
Tue May 15 23:02:58 UTC 2018: Start Jarvis-JunZhu__shiro-root-1.3.2 test class org.apache.shiro.jndi.JndiObjectFactoryTest
Tue May 15 23:02:58 UTC 2018: Setting lastTestMethodIndex: 50127
Tue May 15 23:02:58 UTC 2018: Starting linking
Tue May 15 23:02:58 UTC 2018: Code found org.apache.shiro.jndi.JndiObjectFactory-getInstance with org.apache.shiro.jndi.JndiObjectFactoryTest-testGetInstanceNoType
Tue May 15 23:02:58 UTC 2018: Match not added in database because it already exists
Tue May 15 23:02:58 UTC 2018: Code found org.apache.shiro.jndi.JndiObjectFactory-getInstance with org.apache.shiro.jndi.JndiObjectFactoryTest-testGetInstanceWithType
Tue May 15 23:02:59 UTC 2018: Match not added in database because it already exists
Tue May 15 23:02:59 UTC 2018: No link for: org.apache.shiro.jndi.JndiObjectFactoryTest-testJndiLookupFailsNoType
Tue May 15 23:02:59 UTC 2018: None match not added in database because it already exists
Tue May 15 23:02:59 UTC 2018: No link for: org.apache.shiro.jndi.JndiObjectFactoryTest-testJndiLookupFailsWithType
Tue May 15 23:02:59 UTC 2018: None match not added in database because it already exists
Tue May 15 23:02:59 UTC 2018: Linking done for Jarvis-JunZhu__shiro-root-1.3.2 test class org.apache.shiro.jndi.JndiObjectFactoryTest
Tue May 15 23:02:59 UTC 2018: Found element on the queue
Tue May 15 23:02:59 UTC 2018: Updating status
Tue May 15 23:02:59 UTC 2018: Working
Tue May 15 23:02:59 UTC 2018: Create project parser
Tue May 15 23:03:02 UTC 2018: Start Jarvis-JunZhu__shiro-root-1.3.2 test class org.apache.shiro.test.ContainerIntegrationTest
Tue May 15 23:03:02 UTC 2018: Setting lastTestMethodIndex: 50128
Tue May 15 23:03:02 UTC 2018: Starting linking
Tue May 15 23:03:02 UTC 2018: No link for: org.apache.shiro.test.ContainerIntegrationTest-logIn
Tue May 15 23:03:02 UTC 2018: No link for: org.apache.shiro.test.ContainerIntegrationTest-logInAndRememberMe
Tue May 15 23:03:02 UTC 2018: Linking done for Jarvis-JunZhu__shiro-root-1.3.2 test class org.apache.shiro.test.ContainerIntegrationTest
Tue May 15 23:03:03 UTC 2018: Found element on the queue
Tue May 15 23:03:03 UTC 2018: Updating status
Tue May 15 23:03:03 UTC 2018: Working
Tue May 15 23:03:03 UTC 2018: Create project parser
Tue May 15 23:03:07 UTC 2018: Start Jarvis-JunZhu__shiro-root-1.3.2 test class org.apache.shiro.guice.GuiceEnvironmentTest
Tue May 15 23:03:07 UTC 2018: Setting lastTestMethodIndex: 50130
Tue May 15 23:03:07 UTC 2018: Starting linking
Tue May 15 23:03:07 UTC 2018: Code found org.apache.shiro.guice.GuiceEnvironment-getSecurityManager with org.apache.shiro.guice.GuiceEnvironmentTest-testGetSecurityManager
Tue May 15 23:03:07 UTC 2018: Match not added in database because it already exists
Tue May 15 23:03:07 UTC 2018: No link for: org.apache.shiro.guice.GuiceEnvironmentTest-ensureInjectable
Tue May 15 23:03:07 UTC 2018: None match not added in database because it already exists
Tue May 15 23:03:07 UTC 2018: Linking done for Jarvis-JunZhu__shiro-root-1.3.2 test class org.apache.shiro.guice.GuiceEnvironmentTest
Tue May 15 23:03:08 UTC 2018: Found element on the queue
Tue May 15 23:03:08 UTC 2018: Updating status
Tue May 15 23:03:08 UTC 2018: Working
Tue May 15 23:03:10 UTC 2018: Start Jarvis-JunZhu__shiro-root-1.3.2 test class org.apache.shiro.guice.ShiroMatchersTest
Tue May 15 23:03:10 UTC 2018: Setting lastTestMethodIndex: 50132
Tue May 15 23:03:10 UTC 2018: Starting linking
Tue May 15 23:03:10 UTC 2018: Code found org.apache.shiro.guice.ShiroMatchers-typeLiteral with org.apache.shiro.guice.ShiroMatchersTest-testTypeLiteral
Tue May 15 23:03:10 UTC 2018: Match not added in database because it already exists
Tue May 15 23:03:10 UTC 2018: Linking done for Jarvis-JunZhu__shiro-root-1.3.2 test class org.apache.shiro.guice.ShiroMatchersTest
Tue May 15 23:03:11 UTC 2018: Found element on the queue
Tue May 15 23:03:11 UTC 2018: Updating status
Tue May 15 23:03:11 UTC 2018: Working
Tue May 15 23:03:13 UTC 2018: Start Jarvis-JunZhu__shiro-root-1.3.2 test class org.apache.shiro.guice.InitializableInjectionListenerTest
Tue May 15 23:03:13 UTC 2018: Setting lastTestMethodIndex: 50135
Tue May 15 23:03:13 UTC 2018: Starting linking
Tue May 15 23:03:13 UTC 2018: Code found org.apache.shiro.guice.InitializableInjectionListener-afterInjection with org.apache.shiro.guice.InitializableInjectionListenerTest-testAfterInjection
Tue May 15 23:03:14 UTC 2018: Match not added in database because it already exists
Tue May 15 23:03:14 UTC 2018: Linking done for Jarvis-JunZhu__shiro-root-1.3.2 test class org.apache.shiro.guice.InitializableInjectionListenerTest
Tue May 15 23:03:14 UTC 2018: Found element on the queue
Tue May 15 23:03:14 UTC 2018: Updating status
Tue May 15 23:03:14 UTC 2018: Working
Tue May 15 23:03:16 UTC 2018: Start Jarvis-JunZhu__shiro-root-1.3.2 test class org.apache.shiro.guice.DestroyableInjectionListenerTest
Tue May 15 23:03:17 UTC 2018: Setting lastTestMethodIndex: 50136
Tue May 15 23:03:17 UTC 2018: Starting linking
Tue May 15 23:03:17 UTC 2018: Code found org.apache.shiro.guice.DestroyableInjectionListener-afterInjection with org.apache.shiro.guice.DestroyableInjectionListenerTest-testAfterInjection
Tue May 15 23:03:17 UTC 2018: Match not added in database because it already exists
Tue May 15 23:03:17 UTC 2018: Linking done for Jarvis-JunZhu__shiro-root-1.3.2 test class org.apache.shiro.guice.DestroyableInjectionListenerTest
Tue May 15 23:03:17 UTC 2018: Found element on the queue
Tue May 15 23:03:17 UTC 2018: Updating status
Tue May 15 23:03:17 UTC 2018: Working
Tue May 15 23:03:20 UTC 2018: Start Jarvis-JunZhu__shiro-root-1.3.2 test class org.apache.shiro.guice.BeanTypeListenerTest
Tue May 15 23:03:20 UTC 2018: Setting lastTestMethodIndex: 50139
Tue May 15 23:03:20 UTC 2018: Starting linking
Tue May 15 23:03:20 UTC 2018: No link for: org.apache.shiro.guice.BeanTypeListenerTest-testUnmatchedPackage
Tue May 15 23:03:20 UTC 2018: None match not added in database because it already exists
Tue May 15 23:03:20 UTC 2018: No link for: org.apache.shiro.guice.BeanTypeListenerTest-testPropertySetting
Tue May 15 23:03:20 UTC 2018: None match not added in database because it already exists
Tue May 15 23:03:20 UTC 2018: No link for: org.apache.shiro.guice.BeanTypeListenerTest-testMatchedPackage
Tue May 15 23:03:21 UTC 2018: None match not added in database because it already exists
Tue May 15 23:03:21 UTC 2018: Linking done for Jarvis-JunZhu__shiro-root-1.3.2 test class org.apache.shiro.guice.BeanTypeListenerTest
Tue May 15 23:03:21 UTC 2018: Found element on the queue
Tue May 15 23:03:21 UTC 2018: Updating status
Tue May 15 23:03:21 UTC 2018: Working
Tue May 15 23:03:24 UTC 2018: Start Jarvis-JunZhu__shiro-root-1.3.2 test class org.apache.shiro.guice.LifecycleTypeListenerTest
Tue May 15 23:03:24 UTC 2018: Setting lastTestMethodIndex: 50142
Tue May 15 23:03:24 UTC 2018: Starting linking
Tue May 15 23:03:24 UTC 2018: Code found org.apache.shiro.guice.LifecycleTypeListener-hear with org.apache.shiro.guice.LifecycleTypeListenerTest-testHearDestroyable
Tue May 15 23:03:24 UTC 2018: Match not added in database because it already exists
Tue May 15 23:03:24 UTC 2018: Code found org.apache.shiro.guice.LifecycleTypeListener-hear with org.apache.shiro.guice.LifecycleTypeListenerTest-testHearInitializable
Tue May 15 23:03:24 UTC 2018: Match not added in database because it already exists
Tue May 15 23:03:24 UTC 2018: Linking done for Jarvis-JunZhu__shiro-root-1.3.2 test class org.apache.shiro.guice.LifecycleTypeListenerTest
Tue May 15 23:03:25 UTC 2018: Found element on the queue
Tue May 15 23:03:25 UTC 2018: Updating status
Tue May 15 23:03:25 UTC 2018: Working
Tue May 15 23:03:27 UTC 2018: Start Jarvis-JunZhu__shiro-root-1.3.2 test class org.apache.shiro.guice.aop.AopAllianceMethodInterceptorAdapterTest
Tue May 15 23:03:27 UTC 2018: Setting lastTestMethodIndex: 50144
Tue May 15 23:03:27 UTC 2018: Starting linking
Tue May 15 23:03:27 UTC 2018: Code found org.apache.shiro.guice.aop.AopAllianceMethodInterceptorAdapter-invoke with org.apache.shiro.guice.aop.AopAllianceMethodInterceptorAdapterTest-testInvoke
Tue May 15 23:03:27 UTC 2018: Match not added in database because it already exists
Tue May 15 23:03:27 UTC 2018: Linking done for Jarvis-JunZhu__shiro-root-1.3.2 test class org.apache.shiro.guice.aop.AopAllianceMethodInterceptorAdapterTest
Tue May 15 23:03:28 UTC 2018: Found element on the queue
Tue May 15 23:03:28 UTC 2018: Updating status
Tue May 15 23:03:28 UTC 2018: Working
Tue May 15 23:03:30 UTC 2018: Start Jarvis-JunZhu__shiro-root-1.3.2 test class org.apache.shiro.guice.aop.AopAllianceMethodInvocationAdapterTest
Tue May 15 23:03:30 UTC 2018: Setting lastTestMethodIndex: 50147
Tue May 15 23:03:30 UTC 2018: Starting linking
Tue May 15 23:03:30 UTC 2018: Code found org.apache.shiro.guice.aop.AopAllianceMethodInvocationAdapter-getMethod with org.apache.shiro.guice.aop.AopAllianceMethodInvocationAdapterTest-testGetMethod
Tue May 15 23:03:31 UTC 2018: Match not added in database because it already exists
Tue May 15 23:03:31 UTC 2018: Code found org.apache.shiro.guice.aop.AopAllianceMethodInvocationAdapter-getThis with org.apache.shiro.guice.aop.AopAllianceMethodInvocationAdapterTest-testGetThis
Tue May 15 23:03:31 UTC 2018: Match not added in database because it already exists
Tue May 15 23:03:31 UTC 2018: Code found org.apache.shiro.guice.aop.AopAllianceMethodInvocationAdapter-getArguments with org.apache.shiro.guice.aop.AopAllianceMethodInvocationAdapterTest-testGetArguments
Tue May 15 23:03:31 UTC 2018: Match not added in database because it already exists
Tue May 15 23:03:31 UTC 2018: Code found org.apache.shiro.guice.aop.AopAllianceMethodInvocationAdapter-proceed with org.apache.shiro.guice.aop.AopAllianceMethodInvocationAdapterTest-testProceed
Tue May 15 23:03:31 UTC 2018: Match not added in database because it already exists
Tue May 15 23:03:31 UTC 2018: Linking done for Jarvis-JunZhu__shiro-root-1.3.2 test class org.apache.shiro.guice.aop.AopAllianceMethodInvocationAdapterTest
Tue May 15 23:03:32 UTC 2018: Found element on the queue
Tue May 15 23:03:32 UTC 2018: Updating status
Tue May 15 23:03:32 UTC 2018: Working
Tue May 15 23:03:34 UTC 2018: Start Jarvis-JunZhu__shiro-root-1.3.2 test class org.apache.shiro.guice.aop.ShiroAopModuleTest
Tue May 15 23:03:34 UTC 2018: Setting lastTestMethodIndex: 50150
Tue May 15 23:03:34 UTC 2018: Starting linking
Tue May 15 23:03:34 UTC 2018: No link for: org.apache.shiro.guice.aop.ShiroAopModuleTest-testBindShiroInterceptor
Tue May 15 23:03:35 UTC 2018: None match not added in database because it already exists
Tue May 15 23:03:35 UTC 2018: No link for: org.apache.shiro.guice.aop.ShiroAopModuleTest-testGetAnnotationResolver
Tue May 15 23:03:35 UTC 2018: None match not added in database because it already exists
Tue May 15 23:03:35 UTC 2018: Linking done for Jarvis-JunZhu__shiro-root-1.3.2 test class org.apache.shiro.guice.aop.ShiroAopModuleTest
Tue May 15 23:03:35 UTC 2018: Found element on the queue
Tue May 15 23:03:35 UTC 2018: Updating status
Tue May 15 23:03:35 UTC 2018: Working
Tue May 15 23:03:39 UTC 2018: Start Jarvis-JunZhu__shiro-root-1.3.2 test class org.apache.shiro.guice.ShiroSessionScopeTest
Tue May 15 23:03:39 UTC 2018: Setting lastTestMethodIndex: 50152
Tue May 15 23:03:39 UTC 2018: Starting linking
Tue May 15 23:03:39 UTC 2018: Code found org.apache.shiro.guice.ShiroSessionScope-scope with org.apache.shiro.guice.ShiroSessionScopeTest-testScope
Tue May 15 23:03:39 UTC 2018: Match not added in database because it already exists
Tue May 15 23:03:39 UTC 2018: Code found org.apache.shiro.guice.ShiroSessionScope-scope with org.apache.shiro.guice.ShiroSessionScopeTest-testOutOfScope
Tue May 15 23:03:39 UTC 2018: Match not added in database because it already exists
Tue May 15 23:03:39 UTC 2018: Linking done for Jarvis-JunZhu__shiro-root-1.3.2 test class org.apache.shiro.guice.ShiroSessionScopeTest
Tue May 15 23:03:40 UTC 2018: Found element on the queue
Tue May 15 23:03:40 UTC 2018: Updating status
Tue May 15 23:03:40 UTC 2018: Working
Tue May 15 23:03:42 UTC 2018: Start Jarvis-JunZhu__shiro-root-1.3.2 test class org.apache.shiro.guice.web.ShiroWebModuleTest
Tue May 15 23:03:42 UTC 2018: Setting lastTestMethodIndex: 50155
Tue May 15 23:03:42 UTC 2018: Starting linking
Tue May 15 23:03:42 UTC 2018: No link for: org.apache.shiro.guice.web.ShiroWebModuleTest-basicInstantiation
Tue May 15 23:03:42 UTC 2018: None match not added in database because it already exists
Tue May 15 23:03:42 UTC 2018: No link for: org.apache.shiro.guice.web.ShiroWebModuleTest-testBindWebEnvironment
Tue May 15 23:03:43 UTC 2018: None match not added in database because it already exists
Tue May 15 23:03:43 UTC 2018: No link for: org.apache.shiro.guice.web.ShiroWebModuleTest-testBindGuiceFilter
Tue May 15 23:03:43 UTC 2018: None match not added in database because it already exists
Tue May 15 23:03:43 UTC 2018: No link for: org.apache.shiro.guice.web.ShiroWebModuleTest-testBindWebSecurityManager
Tue May 15 23:03:43 UTC 2018: None match not added in database because it already exists
Tue May 15 23:03:43 UTC 2018: Linking done for Jarvis-JunZhu__shiro-root-1.3.2 test class org.apache.shiro.guice.web.ShiroWebModuleTest
Tue May 15 23:03:44 UTC 2018: Found element on the queue
Tue May 15 23:03:44 UTC 2018: Updating status
Tue May 15 23:03:44 UTC 2018: Working
Tue May 15 23:03:47 UTC 2018: Start Jarvis-JunZhu__shiro-root-1.3.2 test class org.apache.shiro.guice.web.WebGuiceEnvironmentTest
Tue May 15 23:03:47 UTC 2018: Setting lastTestMethodIndex: 50158
Tue May 15 23:03:47 UTC 2018: Starting linking
Tue May 15 23:03:47 UTC 2018: No link for: org.apache.shiro.guice.web.WebGuiceEnvironmentTest-testConstructor
Tue May 15 23:03:47 UTC 2018: None match not added in database because it already exists
Tue May 15 23:03:47 UTC 2018: No link for: org.apache.shiro.guice.web.WebGuiceEnvironmentTest-ensureInjectable
Tue May 15 23:03:47 UTC 2018: None match not added in database because it already exists
Tue May 15 23:03:47 UTC 2018: Linking done for Jarvis-JunZhu__shiro-root-1.3.2 test class org.apache.shiro.guice.web.WebGuiceEnvironmentTest
Tue May 15 23:03:48 UTC 2018: Found element on the queue
Tue May 15 23:03:48 UTC 2018: Updating status
Tue May 15 23:03:48 UTC 2018: Working
Tue May 15 23:03:50 UTC 2018: Start Jarvis-JunZhu__shiro-root-1.3.2 test class org.apache.shiro.guice.web.PathMatchingFilterProviderTest
Tue May 15 23:03:50 UTC 2018: Setting lastTestMethodIndex: 50160
Tue May 15 23:03:50 UTC 2018: Starting linking
Tue May 15 23:03:50 UTC 2018: Code found org.apache.shiro.guice.web.PathMatchingFilterProvider-postProcess with org.apache.shiro.guice.web.PathMatchingFilterProviderTest-testPostProcess
Tue May 15 23:03:51 UTC 2018: Match not added in database because it already exists
Tue May 15 23:03:51 UTC 2018: Linking done for Jarvis-JunZhu__shiro-root-1.3.2 test class org.apache.shiro.guice.web.PathMatchingFilterProviderTest
Tue May 15 23:03:51 UTC 2018: Found element on the queue
Tue May 15 23:03:51 UTC 2018: Updating status
Tue May 15 23:03:51 UTC 2018: Working
Tue May 15 23:03:53 UTC 2018: Start Jarvis-JunZhu__shiro-root-1.3.2 test class org.apache.shiro.guice.web.SimpleFilterChainResolverTest
Tue May 15 23:03:53 UTC 2018: Setting lastTestMethodIndex: 50162
Tue May 15 23:03:53 UTC 2018: Starting linking
Tue May 15 23:03:53 UTC 2018: Code found org.apache.shiro.guice.web.SimpleFilterChainResolver-getChain with org.apache.shiro.guice.web.SimpleFilterChainResolverTest-testGetChain
Tue May 15 23:03:54 UTC 2018: Match not added in database because it already exists
Tue May 15 23:03:54 UTC 2018: Linking done for Jarvis-JunZhu__shiro-root-1.3.2 test class org.apache.shiro.guice.web.SimpleFilterChainResolverTest
Tue May 15 23:03:54 UTC 2018: Found element on the queue
Tue May 15 23:03:54 UTC 2018: Updating status
Tue May 15 23:03:54 UTC 2018: Working
Tue May 15 23:03:57 UTC 2018: Start Jarvis-JunZhu__shiro-root-1.3.2 test class org.apache.shiro.guice.web.SimpleFilterChainTest
Tue May 15 23:03:57 UTC 2018: Setting lastTestMethodIndex: 50164
Tue May 15 23:03:57 UTC 2018: Starting linking
Tue May 15 23:03:57 UTC 2018: Code found org.apache.shiro.guice.web.SimpleFilterChain-doFilter with org.apache.shiro.guice.web.SimpleFilterChainTest-testDoFilter
Tue May 15 23:03:58 UTC 2018: Match not added in database because it already exists
Tue May 15 23:03:58 UTC 2018: Linking done for Jarvis-JunZhu__shiro-root-1.3.2 test class org.apache.shiro.guice.web.SimpleFilterChainTest
Tue May 15 23:03:58 UTC 2018: Found element on the queue
Tue May 15 23:03:58 UTC 2018: Updating status
Tue May 15 23:03:58 UTC 2018: Working
Tue May 15 23:04:01 UTC 2018: Start Jarvis-JunZhu__shiro-root-1.3.2 test class org.apache.shiro.guice.web.GuiceShiroFilterTest
Tue May 15 23:04:01 UTC 2018: Setting lastTestMethodIndex: 50167
Tue May 15 23:04:01 UTC 2018: Starting linking
Tue May 15 23:04:01 UTC 2018: No link for: org.apache.shiro.guice.web.GuiceShiroFilterTest-ensureInjectable
Tue May 15 23:04:01 UTC 2018: None match not added in database because it already exists
Tue May 15 23:04:01 UTC 2018: No link for: org.apache.shiro.guice.web.GuiceShiroFilterTest-testConstructor
Tue May 15 23:04:01 UTC 2018: None match not added in database because it already exists
Tue May 15 23:04:01 UTC 2018: Linking done for Jarvis-JunZhu__shiro-root-1.3.2 test class org.apache.shiro.guice.web.GuiceShiroFilterTest
Tue May 15 23:04:02 UTC 2018: Found element on the queue
Tue May 15 23:04:02 UTC 2018: Updating status
Tue May 15 23:04:02 UTC 2018: Working
Tue May 15 23:04:05 UTC 2018: Start Jarvis-JunZhu__shiro-root-1.3.2 test class org.apache.shiro.guice.web.AbstractInjectionProviderTest
Tue May 15 23:04:05 UTC 2018: Setting lastTestMethodIndex: 50169
Tue May 15 23:04:05 UTC 2018: Starting linking
Tue May 15 23:04:05 UTC 2018: Code found org.apache.shiro.guice.web.AbstractInjectionProvider-get with org.apache.shiro.guice.web.AbstractInjectionProviderTest-testGet
Tue May 15 23:04:05 UTC 2018: Match not added in database because it already exists
Tue May 15 23:04:05 UTC 2018: Code found org.apache.shiro.guice.web.AbstractInjectionProvider-getDependencies with org.apache.shiro.guice.web.AbstractInjectionProviderTest-testGetDependencies
Tue May 15 23:04:06 UTC 2018: Match not added in database because it already exists
Tue May 15 23:04:06 UTC 2018: Linking done for Jarvis-JunZhu__shiro-root-1.3.2 test class org.apache.shiro.guice.web.AbstractInjectionProviderTest
Tue May 15 23:04:06 UTC 2018: Found element on the queue
Tue May 15 23:04:06 UTC 2018: Updating status
Tue May 15 23:04:06 UTC 2018: Working
Tue May 15 23:04:09 UTC 2018: Start Jarvis-JunZhu__shiro-root-1.3.2 test class org.apache.shiro.guice.web.FilterChainResolverProviderTest
Tue May 15 23:04:09 UTC 2018: Setting lastTestMethodIndex: 50171
Tue May 15 23:04:09 UTC 2018: Starting linking
Tue May 15 23:04:09 UTC 2018: Code found org.apache.shiro.guice.web.FilterChainResolverProvider-getDependencies with org.apache.shiro.guice.web.FilterChainResolverProviderTest-testGetDependencies
Tue May 15 23:04:09 UTC 2018: Match not added in database because it already exists
Tue May 15 23:04:09 UTC 2018: Code found org.apache.shiro.guice.web.FilterChainResolverProvider-get with org.apache.shiro.guice.web.FilterChainResolverProviderTest-testGet
Tue May 15 23:04:09 UTC 2018: Match not added in database because it already exists
Tue May 15 23:04:09 UTC 2018: Linking done for Jarvis-JunZhu__shiro-root-1.3.2 test class org.apache.shiro.guice.web.FilterChainResolverProviderTest
Tue May 15 23:04:10 UTC 2018: Found element on the queue
Tue May 15 23:04:10 UTC 2018: Updating status
Tue May 15 23:04:10 UTC 2018: Working
Tue May 15 23:04:12 UTC 2018: Start Jarvis-JunZhu__shiro-root-1.3.2 test class org.apache.shiro.guice.web.DefaultFiltersTest
Tue May 15 23:04:12 UTC 2018: Setting lastTestMethodIndex: 50174
Tue May 15 23:04:12 UTC 2018: Starting linking
Tue May 15 23:04:12 UTC 2018: No link for: org.apache.shiro.guice.web.DefaultFiltersTest-checkDefaultFilters
Tue May 15 23:04:12 UTC 2018: None match not added in database because it already exists
Tue May 15 23:04:12 UTC 2018: Linking done for Jarvis-JunZhu__shiro-root-1.3.2 test class org.apache.shiro.guice.web.DefaultFiltersTest
Tue May 15 23:04:13 UTC 2018: Found element on the queue
Tue May 15 23:04:13 UTC 2018: Updating status
Tue May 15 23:04:13 UTC 2018: Working
Tue May 15 23:04:16 UTC 2018: Start Jarvis-JunZhu__shiro-root-1.3.2 test class org.apache.shiro.guice.web.FilterConfigTest
Tue May 15 23:04:16 UTC 2018: Setting lastTestMethodIndex: 50177
Tue May 15 23:04:16 UTC 2018: Starting linking
Tue May 15 23:04:16 UTC 2018: No link for: org.apache.shiro.guice.web.FilterConfigTest-testWithConfig
Tue May 15 23:04:16 UTC 2018: None match not added in database because it already exists
Tue May 15 23:04:16 UTC 2018: No link for: org.apache.shiro.guice.web.FilterConfigTest-testSimple
Tue May 15 23:04:16 UTC 2018: None match not added in database because it already exists
Tue May 15 23:04:16 UTC 2018: Linking done for Jarvis-JunZhu__shiro-root-1.3.2 test class org.apache.shiro.guice.web.FilterConfigTest
Tue May 15 23:04:17 UTC 2018: Found element on the queue
Tue May 15 23:04:17 UTC 2018: Updating status
Tue May 15 23:04:17 UTC 2018: Working
Tue May 15 23:04:17 UTC 2018: Create project parser
Tue May 15 23:04:20 UTC 2018: Start Jarvis-JunZhu__shiro-root-1.3.2 test class org.apache.shiro.spring.remoting.SecureRemoteInvocationFactoryTest
Tue May 15 23:04:20 UTC 2018: Setting lastTestMethodIndex: 50179
Tue May 15 23:04:20 UTC 2018: Starting linking
Tue May 15 23:04:20 UTC 2018: No link for: org.apache.shiro.spring.remoting.SecureRemoteInvocationFactoryTest-testSessionManagerProxyNonStartRemoteInvocation
Tue May 15 23:04:20 UTC 2018: None match not added in database because it already exists
Tue May 15 23:04:20 UTC 2018: No link for: org.apache.shiro.spring.remoting.SecureRemoteInvocationFactoryTest-testSessionManagerProxyStartRemoteInvocation
Tue May 15 23:04:20 UTC 2018: None match not added in database because it already exists
Tue May 15 23:04:20 UTC 2018: Linking done for Jarvis-JunZhu__shiro-root-1.3.2 test class org.apache.shiro.spring.remoting.SecureRemoteInvocationFactoryTest
Tue May 15 23:04:20 UTC 2018: Found element on the queue
Tue May 15 23:04:20 UTC 2018: Updating status
Tue May 15 23:04:21 UTC 2018: Working
Tue May 15 23:04:21 UTC 2018: Create project parser
Tue May 15 23:04:25 UTC 2018: Start Jarvis-JunZhu__shiro-root-1.3.2 test class org.apache.shiro.web.session.HttpServletSessionTest
Tue May 15 23:04:25 UTC 2018: Setting lastTestMethodIndex: 50183
Tue May 15 23:04:25 UTC 2018: Starting linking
Tue May 15 23:04:25 UTC 2018: No link for: org.apache.shiro.web.session.HttpServletSessionTest-testLongTimeout
Tue May 15 23:04:25 UTC 2018: None match not added in database because it already exists
Tue May 15 23:04:25 UTC 2018: Linking done for Jarvis-JunZhu__shiro-root-1.3.2 test class org.apache.shiro.web.session.HttpServletSessionTest
Tue May 15 23:04:25 UTC 2018: Found element on the queue
Tue May 15 23:04:25 UTC 2018: Updating status
Tue May 15 23:04:25 UTC 2018: Working
Tue May 15 23:04:28 UTC 2018: Start Jarvis-JunZhu__shiro-root-1.3.2 test class org.apache.shiro.web.filter.authc.AnonymousFilterTest
Tue May 15 23:04:28 UTC 2018: Setting lastTestMethodIndex: 50185
Tue May 15 23:04:28 UTC 2018: Starting linking
Tue May 15 23:04:28 UTC 2018: No link for: org.apache.shiro.web.filter.authc.AnonymousFilterTest-test
Tue May 15 23:04:28 UTC 2018: None match not added in database because it already exists
Tue May 15 23:04:28 UTC 2018: Linking done for Jarvis-JunZhu__shiro-root-1.3.2 test class org.apache.shiro.web.filter.authc.AnonymousFilterTest
Tue May 15 23:04:29 UTC 2018: Found element on the queue
Tue May 15 23:04:29 UTC 2018: Updating status
Tue May 15 23:04:29 UTC 2018: Working
Tue May 15 23:04:31 UTC 2018: Start Jarvis-JunZhu__shiro-root-1.3.2 test class org.apache.shiro.web.filter.mgt.SimpleNamedFilterListTest
Tue May 15 23:04:31 UTC 2018: Setting lastTestMethodIndex: 50188
Tue May 15 23:04:31 UTC 2018: Starting linking
Tue May 15 23:04:31 UTC 2018: No link for: org.apache.shiro.web.filter.mgt.SimpleNamedFilterListTest-testNewInstanceNameless
Tue May 15 23:04:32 UTC 2018: None match not added in database because it already exists
Tue May 15 23:04:32 UTC 2018: No link for: org.apache.shiro.web.filter.mgt.SimpleNamedFilterListTest-testNewInstanceBackingList
Tue May 15 23:04:32 UTC 2018: None match not added in database because it already exists
Tue May 15 23:04:32 UTC 2018: No link for: org.apache.shiro.web.filter.mgt.SimpleNamedFilterListTest-testNewInstance
Tue May 15 23:04:32 UTC 2018: None match not added in database because it already exists
Tue May 15 23:04:32 UTC 2018: No link for: org.apache.shiro.web.filter.mgt.SimpleNamedFilterListTest-testListMethods
Tue May 15 23:04:32 UTC 2018: None match not added in database because it already exists
Tue May 15 23:04:32 UTC 2018: No link for: org.apache.shiro.web.filter.mgt.SimpleNamedFilterListTest-testNewInstanceNullBackingList
Tue May 15 23:04:32 UTC 2018: None match not added in database because it already exists
Tue May 15 23:04:32 UTC 2018: Linking done for Jarvis-JunZhu__shiro-root-1.3.2 test class org.apache.shiro.web.filter.mgt.SimpleNamedFilterListTest
Tue May 15 23:04:33 UTC 2018: Found element on the queue
Tue May 15 23:04:33 UTC 2018: Updating status
Tue May 15 23:04:33 UTC 2018: Working
Tue May 15 23:04:35 UTC 2018: Start Jarvis-JunZhu__shiro-root-1.3.2 test class org.apache.shiro.web.filter.authz.HostFilterTest
Tue May 15 23:04:35 UTC 2018: Setting lastTestMethodIndex: 50191
Tue May 15 23:04:35 UTC 2018: Starting linking
Tue May 15 23:04:35 UTC 2018: No link for: org.apache.shiro.web.filter.authz.HostFilterTest-testPrivateClassC
Tue May 15 23:04:36 UTC 2018: None match not added in database because it already exists
Tue May 15 23:04:36 UTC 2018: No link for: org.apache.shiro.web.filter.authz.HostFilterTest-testPrivateClassB
Tue May 15 23:04:36 UTC 2018: None match not added in database because it already exists
Tue May 15 23:04:36 UTC 2018: Linking done for Jarvis-JunZhu__shiro-root-1.3.2 test class org.apache.shiro.web.filter.authz.HostFilterTest
Tue May 15 23:04:36 UTC 2018: Found element on the queue
Tue May 15 23:04:36 UTC 2018: Updating status
Tue May 15 23:04:36 UTC 2018: Working
Tue May 15 23:04:40 UTC 2018: Start Jarvis-JunZhu__shiro-root-1.3.2 test class org.apache.shiro.web.filter.authz.PortFilterTest
Tue May 15 23:04:40 UTC 2018: Setting lastTestMethodIndex: 50193
Tue May 15 23:04:40 UTC 2018: Starting linking
Tue May 15 23:04:40 UTC 2018: No link for: org.apache.shiro.web.filter.authz.PortFilterTest-testConfiguredPort
Tue May 15 23:04:40 UTC 2018: None match not added in database because it already exists
Tue May 15 23:04:40 UTC 2018: No link for: org.apache.shiro.web.filter.authz.PortFilterTest-testDefault
Tue May 15 23:04:40 UTC 2018: None match not added in database because it already exists
Tue May 15 23:04:40 UTC 2018: Linking done for Jarvis-JunZhu__shiro-root-1.3.2 test class org.apache.shiro.web.filter.authz.PortFilterTest
