Tue May 15 14:01:47 UTC 2018: Database:jdbc:mysql://localhost:3306/unittests
Tue May 15 14:01:47 UTC 2018: Starting
Tue May 15 14:01:48 UTC 2018: Found element on the queue
Tue May 15 14:01:48 UTC 2018: Updating status
Tue May 15 14:01:48 UTC 2018: Working
Tue May 15 14:01:48 UTC 2018: Create project parser
Tue May 15 14:01:52 UTC 2018: Create slicer
Tue May 15 14:01:53 UTC 2018: Create call graph
Tue May 15 14:01:54 UTC 2018: Create point analysis
Tue May 15 14:01:54 UTC 2018: Create call graph done
Tue May 15 14:01:54 UTC 2018: Start CX-FizzDeluxe__itqb01 test class befaster.solutions.HelloTest
Tue May 15 14:01:54 UTC 2018: Setting lastTestMethodIndex: 34709
Tue May 15 14:01:54 UTC 2018: Starting linking
Tue May 15 14:01:54 UTC 2018: Code found befaster.solutions.Hello-hello with befaster.solutions.HelloTest-test_hello_message
Tue May 15 14:01:54 UTC 2018: Linking done for CX-FizzDeluxe__itqb01 test class befaster.solutions.HelloTest
Tue May 15 14:01:54 UTC 2018: Found element on the queue
Tue May 15 14:01:54 UTC 2018: Updating status
Tue May 15 14:01:54 UTC 2018: Working
Tue May 15 14:01:57 UTC 2018: Start CX-FizzDeluxe__itqb01 test class befaster.solutions.SumTest
Tue May 15 14:01:57 UTC 2018: Setting lastTestMethodIndex: 34711
Tue May 15 14:01:57 UTC 2018: Starting linking
Tue May 15 14:01:57 UTC 2018: Code found befaster.solutions.Sum-sum with befaster.solutions.SumTest-compute_sum
Tue May 15 14:01:57 UTC 2018: Linking done for CX-FizzDeluxe__itqb01 test class befaster.solutions.SumTest
Tue May 15 14:01:57 UTC 2018: Found element on the queue
Tue May 15 14:01:57 UTC 2018: Updating status
Tue May 15 14:01:57 UTC 2018: Working
Tue May 15 14:02:00 UTC 2018: Start CX-FizzDeluxe__itqb01 test class befaster.solutions.FizzBuzzR5Test
Tue May 15 14:02:00 UTC 2018: Setting lastTestMethodIndex: 34713
Tue May 15 14:02:00 UTC 2018: Starting linking
Tue May 15 14:02:00 UTC 2018: No link for: befaster.solutions.FizzBuzzR5Test-test_is_fizz_and_deluxe
Tue May 15 14:02:00 UTC 2018: No link for: befaster.solutions.FizzBuzzR5Test-test_fizz_and_buzz
Tue May 15 14:02:00 UTC 2018: No link for: befaster.solutions.FizzBuzzR5Test-test_is_fizz_buzz_and_deluxe
Tue May 15 14:02:00 UTC 2018: No link for: befaster.solutions.FizzBuzzR5Test-test_is_buzz_and_fake_deluxe
Tue May 15 14:02:00 UTC 2018: No link for: befaster.solutions.FizzBuzzR5Test-test_neither_fizz_nor_buzz_nor_deluxe
Tue May 15 14:02:00 UTC 2018: No link for: befaster.solutions.FizzBuzzR5Test-test_is_fizz_buzz_and_fake_deluxe
Tue May 15 14:02:00 UTC 2018: No link for: befaster.solutions.FizzBuzzR5Test-test_is_fizz_and_fake_deluxe
Tue May 15 14:02:00 UTC 2018: No link for: befaster.solutions.FizzBuzzR5Test-test_is_fizz
Tue May 15 14:02:00 UTC 2018: No link for: befaster.solutions.FizzBuzzR5Test-test_is_buzz
Tue May 15 14:02:00 UTC 2018: Linking done for CX-FizzDeluxe__itqb01 test class befaster.solutions.FizzBuzzR5Test
