Wed May 16 03:47:02 UTC 2018: Database:jdbc:mysql://localhost:3306/unittests
Wed May 16 03:47:03 UTC 2018: Starting
Wed May 16 03:47:03 UTC 2018: Found element on the queue
Wed May 16 03:47:03 UTC 2018: Updating status
Wed May 16 03:47:03 UTC 2018: Working
Wed May 16 03:47:03 UTC 2018: Create project parser
Wed May 16 03:47:09 UTC 2018: Create slicer
Wed May 16 03:47:11 UTC 2018: Create call graph
Wed May 16 03:47:13 UTC 2018: Create point analysis
Wed May 16 03:47:13 UTC 2018: Create call graph done
Wed May 16 03:47:13 UTC 2018: Start leonardoceballos__google-sites-liberation test class com.google.sites.liberation.imprt.EntryUploaderImplTest
Wed May 16 03:47:13 UTC 2018: Setting lastTestMethodIndex: 60121
Wed May 16 03:47:13 UTC 2018: Starting linking
Wed May 16 03:47:13 UTC 2018: No link for: com.google.sites.liberation.imprt.EntryUploaderImplTest-testUpdateById
Wed May 16 03:47:14 UTC 2018: None match not added in database because it already exists
Wed May 16 03:47:14 UTC 2018: No link for: com.google.sites.liberation.imprt.EntryUploaderImplTest-testUpdateByPath
Wed May 16 03:47:14 UTC 2018: None match not added in database because it already exists
Wed May 16 03:47:14 UTC 2018: No link for: com.google.sites.liberation.imprt.EntryUploaderImplTest-testInsert
Wed May 16 03:47:14 UTC 2018: None match not added in database because it already exists
Wed May 16 03:47:14 UTC 2018: Linking done for leonardoceballos__google-sites-liberation test class com.google.sites.liberation.imprt.EntryUploaderImplTest
Wed May 16 03:47:15 UTC 2018: Found element on the queue
Wed May 16 03:47:15 UTC 2018: Updating status
Wed May 16 03:47:15 UTC 2018: Working
Wed May 16 03:47:17 UTC 2018: Start leonardoceballos__google-sites-liberation test class com.google.sites.liberation.export.InMemoryEntryStoreTest
Wed May 16 03:47:17 UTC 2018: Setting lastTestMethodIndex: 60124
Wed May 16 03:47:17 UTC 2018: Starting linking
Wed May 16 03:47:17 UTC 2018: Code found com.google.sites.liberation.export.InMemoryEntryStore-getEntry with com.google.sites.liberation.export.InMemoryEntryStoreTest-testGetEntry
Wed May 16 03:47:17 UTC 2018: Match not added in database because it already exists
Wed May 16 03:47:17 UTC 2018: Code found com.google.sites.liberation.export.InMemoryEntryStore-getChildren with com.google.sites.liberation.export.InMemoryEntryStoreTest-testGetChildren
Wed May 16 03:47:18 UTC 2018: Match not added in database because it already exists
Wed May 16 03:47:18 UTC 2018: Linking done for leonardoceballos__google-sites-liberation test class com.google.sites.liberation.export.InMemoryEntryStoreTest
Wed May 16 03:47:18 UTC 2018: Found element on the queue
Wed May 16 03:47:18 UTC 2018: Updating status
Wed May 16 03:47:18 UTC 2018: Working
Wed May 16 03:47:20 UTC 2018: Start leonardoceballos__google-sites-liberation test class com.google.sites.liberation.export.PageExporterImplTest
Wed May 16 03:47:20 UTC 2018: Setting lastTestMethodIndex: 60126
Wed May 16 03:47:20 UTC 2018: Starting linking
Wed May 16 03:47:20 UTC 2018: No link for: com.google.sites.liberation.export.PageExporterImplTest-testListExport
Wed May 16 03:47:21 UTC 2018: None match not added in database because it already exists
Wed May 16 03:47:21 UTC 2018: No link for: com.google.sites.liberation.export.PageExporterImplTest-testAnnouncementsExport
Wed May 16 03:47:21 UTC 2018: None match not added in database because it already exists
Wed May 16 03:47:21 UTC 2018: No link for: com.google.sites.liberation.export.PageExporterImplTest-testNormalExport
Wed May 16 03:47:21 UTC 2018: None match not added in database because it already exists
Wed May 16 03:47:21 UTC 2018: No link for: com.google.sites.liberation.export.PageExporterImplTest-testFileCabinetExport
Wed May 16 03:47:22 UTC 2018: None match not added in database because it already exists
Wed May 16 03:47:22 UTC 2018: Linking done for leonardoceballos__google-sites-liberation test class com.google.sites.liberation.export.PageExporterImplTest
Wed May 16 03:47:22 UTC 2018: Found element on the queue
Wed May 16 03:47:22 UTC 2018: Updating status
Wed May 16 03:47:22 UTC 2018: Working
Wed May 16 03:47:24 UTC 2018: Start leonardoceballos__google-sites-liberation test class com.google.sites.liberation.export.RevisionExporterImplTest
Wed May 16 03:47:24 UTC 2018: Setting lastTestMethodIndex: 60129
Wed May 16 03:47:24 UTC 2018: Starting linking
Wed May 16 03:47:24 UTC 2018: No link for: com.google.sites.liberation.export.RevisionExporterImplTest-testListPageRevision
Wed May 16 03:47:25 UTC 2018: None match not added in database because it already exists
Wed May 16 03:47:25 UTC 2018: No link for: com.google.sites.liberation.export.RevisionExporterImplTest-testNormalRevision
Wed May 16 03:47:25 UTC 2018: None match not added in database because it already exists
Wed May 16 03:47:25 UTC 2018: Linking done for leonardoceballos__google-sites-liberation test class com.google.sites.liberation.export.RevisionExporterImplTest
Wed May 16 03:47:26 UTC 2018: Found element on the queue
Wed May 16 03:47:26 UTC 2018: Updating status
Wed May 16 03:47:26 UTC 2018: Working
Wed May 16 03:47:28 UTC 2018: Start leonardoceballos__google-sites-liberation test class com.google.sites.liberation.export.SiteExporterImplTest
Wed May 16 03:47:28 UTC 2018: Setting lastTestMethodIndex: 60131
Wed May 16 03:47:28 UTC 2018: Starting linking
Wed May 16 03:47:28 UTC 2018: No link for: com.google.sites.liberation.export.SiteExporterImplTest-testEmptyExport
Wed May 16 03:47:28 UTC 2018: None match not added in database because it already exists
Wed May 16 03:47:28 UTC 2018: No link for: com.google.sites.liberation.export.SiteExporterImplTest-testOnePageWithAttachment
Wed May 16 03:47:29 UTC 2018: None match not added in database because it already exists
Wed May 16 03:47:29 UTC 2018: No link for: com.google.sites.liberation.export.SiteExporterImplTest-testSeveralOfEach
Wed May 16 03:47:29 UTC 2018: None match not added in database because it already exists
Wed May 16 03:47:29 UTC 2018: No link for: com.google.sites.liberation.export.SiteExporterImplTest-testOnePage
Wed May 16 03:47:29 UTC 2018: None match not added in database because it already exists
Wed May 16 03:47:29 UTC 2018: Linking done for leonardoceballos__google-sites-liberation test class com.google.sites.liberation.export.SiteExporterImplTest
Wed May 16 03:47:30 UTC 2018: Found element on the queue
Wed May 16 03:47:30 UTC 2018: Updating status
Wed May 16 03:47:30 UTC 2018: Working
Wed May 16 03:47:32 UTC 2018: Start leonardoceballos__google-sites-liberation test class com.google.sites.liberation.parsers.TitleParserImplTest
Wed May 16 03:47:32 UTC 2018: Setting lastTestMethodIndex: 60133
Wed May 16 03:47:32 UTC 2018: Starting linking
Wed May 16 03:47:32 UTC 2018: No link for: com.google.sites.liberation.parsers.TitleParserImplTest-testNormalCase
Wed May 16 03:47:32 UTC 2018: None match not added in database because it already exists
Wed May 16 03:47:32 UTC 2018: No link for: com.google.sites.liberation.parsers.TitleParserImplTest-testComplicatedStructure
Wed May 16 03:47:33 UTC 2018: None match not added in database because it already exists
Wed May 16 03:47:33 UTC 2018: Linking done for leonardoceballos__google-sites-liberation test class com.google.sites.liberation.parsers.TitleParserImplTest
Wed May 16 03:47:33 UTC 2018: Found element on the queue
Wed May 16 03:47:33 UTC 2018: Updating status
Wed May 16 03:47:33 UTC 2018: Working
Wed May 16 03:47:35 UTC 2018: Start leonardoceballos__google-sites-liberation test class com.google.sites.liberation.parsers.AuthorParserImplTest
Wed May 16 03:47:35 UTC 2018: Setting lastTestMethodIndex: 60136
Wed May 16 03:47:35 UTC 2018: Starting linking
Wed May 16 03:47:35 UTC 2018: No link for: com.google.sites.liberation.parsers.AuthorParserImplTest-testN
Wed May 16 03:47:36 UTC 2018: None match not added in database because it already exists
Wed May 16 03:47:36 UTC 2018: No link for: com.google.sites.liberation.parsers.AuthorParserImplTest-testNAndEmail
Wed May 16 03:47:36 UTC 2018: None match not added in database because it already exists
Wed May 16 03:47:36 UTC 2018: No link for: com.google.sites.liberation.parsers.AuthorParserImplTest-testFn
Wed May 16 03:47:36 UTC 2018: None match not added in database because it already exists
Wed May 16 03:47:36 UTC 2018: No link for: com.google.sites.liberation.parsers.AuthorParserImplTest-testEmail
Wed May 16 03:47:37 UTC 2018: None match not added in database because it already exists
Wed May 16 03:47:37 UTC 2018: Linking done for leonardoceballos__google-sites-liberation test class com.google.sites.liberation.parsers.AuthorParserImplTest
Wed May 16 03:47:37 UTC 2018: Found element on the queue
Wed May 16 03:47:37 UTC 2018: Updating status
Wed May 16 03:47:37 UTC 2018: Working
Wed May 16 03:47:39 UTC 2018: Start leonardoceballos__google-sites-liberation test class com.google.sites.liberation.parsers.UpdatedParserImplTest
Wed May 16 03:47:39 UTC 2018: Setting lastTestMethodIndex: 60138
Wed May 16 03:47:39 UTC 2018: Starting linking
Wed May 16 03:47:39 UTC 2018: No link for: com.google.sites.liberation.parsers.UpdatedParserImplTest-testInvalidDate
Wed May 16 03:47:40 UTC 2018: None match not added in database because it already exists
Wed May 16 03:47:40 UTC 2018: No link for: com.google.sites.liberation.parsers.UpdatedParserImplTest-testValidDate
Wed May 16 03:47:40 UTC 2018: None match not added in database because it already exists
Wed May 16 03:47:40 UTC 2018: Linking done for leonardoceballos__google-sites-liberation test class com.google.sites.liberation.parsers.UpdatedParserImplTest
Wed May 16 03:47:40 UTC 2018: Found element on the queue
Wed May 16 03:47:40 UTC 2018: Updating status
Wed May 16 03:47:40 UTC 2018: Working
Wed May 16 03:47:43 UTC 2018: Start leonardoceballos__google-sites-liberation test class com.google.sites.liberation.parsers.FieldParserImplTest
Wed May 16 03:47:43 UTC 2018: Setting lastTestMethodIndex: 60140
Wed May 16 03:47:43 UTC 2018: Starting linking
Wed May 16 03:47:43 UTC 2018: No link for: com.google.sites.liberation.parsers.FieldParserImplTest-testNormalCase
Wed May 16 03:47:44 UTC 2018: None match not added in database because it already exists
Wed May 16 03:47:44 UTC 2018: No link for: com.google.sites.liberation.parsers.FieldParserImplTest-testComplicatedStructure
Wed May 16 03:47:44 UTC 2018: None match not added in database because it already exists
Wed May 16 03:47:44 UTC 2018: Linking done for leonardoceballos__google-sites-liberation test class com.google.sites.liberation.parsers.FieldParserImplTest
Wed May 16 03:47:44 UTC 2018: Found element on the queue
Wed May 16 03:47:44 UTC 2018: Updating status
Wed May 16 03:47:44 UTC 2018: Working
Wed May 16 03:47:47 UTC 2018: Start leonardoceballos__google-sites-liberation test class com.google.sites.liberation.parsers.SummaryParserImplTest
Wed May 16 03:47:47 UTC 2018: Setting lastTestMethodIndex: 60143
Wed May 16 03:47:47 UTC 2018: Starting linking
Wed May 16 03:47:47 UTC 2018: No link for: com.google.sites.liberation.parsers.SummaryParserImplTest-testNormalCase
Wed May 16 03:47:47 UTC 2018: None match not added in database because it already exists
Wed May 16 03:47:47 UTC 2018: No link for: com.google.sites.liberation.parsers.SummaryParserImplTest-testComplicatedStructure
Wed May 16 03:47:47 UTC 2018: None match not added in database because it already exists
Wed May 16 03:47:47 UTC 2018: Linking done for leonardoceballos__google-sites-liberation test class com.google.sites.liberation.parsers.SummaryParserImplTest
Wed May 16 03:47:48 UTC 2018: Found element on the queue
Wed May 16 03:47:48 UTC 2018: Updating status
Wed May 16 03:47:48 UTC 2018: Working
Wed May 16 03:47:50 UTC 2018: Start leonardoceballos__google-sites-liberation test class com.google.sites.liberation.parsers.EntryParserImplTest
Wed May 16 03:47:50 UTC 2018: Setting lastTestMethodIndex: 60145
Wed May 16 03:47:50 UTC 2018: Starting linking
Wed May 16 03:47:50 UTC 2018: No link for: com.google.sites.liberation.parsers.EntryParserImplTest-testNormalPage
Wed May 16 03:47:50 UTC 2018: None match not added in database because it already exists
Wed May 16 03:47:50 UTC 2018: No link for: com.google.sites.liberation.parsers.EntryParserImplTest-testFieldParsing
Wed May 16 03:47:51 UTC 2018: None match not added in database because it already exists
Wed May 16 03:47:51 UTC 2018: No link for: com.google.sites.liberation.parsers.EntryParserImplTest-testUnusualStructure
Wed May 16 03:47:51 UTC 2018: None match not added in database because it already exists
Wed May 16 03:47:51 UTC 2018: No link for: com.google.sites.liberation.parsers.EntryParserImplTest-testDataParsing
Wed May 16 03:47:51 UTC 2018: None match not added in database because it already exists
Wed May 16 03:47:51 UTC 2018: No link for: com.google.sites.liberation.parsers.EntryParserImplTest-testWithChildren
Wed May 16 03:47:52 UTC 2018: None match not added in database because it already exists
Wed May 16 03:47:52 UTC 2018: Linking done for leonardoceballos__google-sites-liberation test class com.google.sites.liberation.parsers.EntryParserImplTest
Wed May 16 03:47:52 UTC 2018: Found element on the queue
Wed May 16 03:47:52 UTC 2018: Updating status
Wed May 16 03:47:52 UTC 2018: Working
Wed May 16 03:47:54 UTC 2018: Start leonardoceballos__google-sites-liberation test class com.google.sites.liberation.parsers.ContentParserImplTest
Wed May 16 03:47:54 UTC 2018: Setting lastTestMethodIndex: 60147
Wed May 16 03:47:54 UTC 2018: Starting linking
Wed May 16 03:47:54 UTC 2018: No link for: com.google.sites.liberation.parsers.ContentParserImplTest-testEmptyXhtmlContent
Wed May 16 03:47:55 UTC 2018: None match not added in database because it already exists
Wed May 16 03:47:55 UTC 2018: No link for: com.google.sites.liberation.parsers.ContentParserImplTest-testJustTextXhtmlContent
Wed May 16 03:47:55 UTC 2018: None match not added in database because it already exists
Wed May 16 03:47:55 UTC 2018: No link for: com.google.sites.liberation.parsers.ContentParserImplTest-testNormalXhtmlContent
Wed May 16 03:47:56 UTC 2018: None match not added in database because it already exists
Wed May 16 03:47:56 UTC 2018: Linking done for leonardoceballos__google-sites-liberation test class com.google.sites.liberation.parsers.ContentParserImplTest
Wed May 16 03:47:56 UTC 2018: Found element on the queue
Wed May 16 03:47:56 UTC 2018: Updating status
Wed May 16 03:47:56 UTC 2018: Working
Wed May 16 03:47:58 UTC 2018: Start leonardoceballos__google-sites-liberation test class com.google.sites.liberation.parsers.DataParserImplTest
Wed May 16 03:47:58 UTC 2018: Setting lastTestMethodIndex: 60149
Wed May 16 03:47:58 UTC 2018: Starting linking
Wed May 16 03:47:58 UTC 2018: No link for: com.google.sites.liberation.parsers.DataParserImplTest-testComplicatedStructure
Wed May 16 03:47:59 UTC 2018: None match not added in database because it already exists
Wed May 16 03:47:59 UTC 2018: No link for: com.google.sites.liberation.parsers.DataParserImplTest-testNormalData
Wed May 16 03:47:59 UTC 2018: None match not added in database because it already exists
Wed May 16 03:47:59 UTC 2018: Linking done for leonardoceballos__google-sites-liberation test class com.google.sites.liberation.parsers.DataParserImplTest
Wed May 16 03:47:59 UTC 2018: Found element on the queue
Wed May 16 03:47:59 UTC 2018: Updating status
Wed May 16 03:47:59 UTC 2018: Working
Wed May 16 03:48:02 UTC 2018: Start leonardoceballos__google-sites-liberation test class com.google.sites.liberation.util.EntryTypeTest
Wed May 16 03:48:02 UTC 2018: Setting lastTestMethodIndex: 60152
Wed May 16 03:48:02 UTC 2018: Starting linking
Wed May 16 03:48:02 UTC 2018: No link for: com.google.sites.liberation.util.EntryTypeTest-testGetType
Wed May 16 03:48:02 UTC 2018: None match not added in database because it already exists
Wed May 16 03:48:02 UTC 2018: No link for: com.google.sites.liberation.util.EntryTypeTest-testIsPage
Wed May 16 03:48:02 UTC 2018: None match not added in database because it already exists
Wed May 16 03:48:02 UTC 2018: Linking done for leonardoceballos__google-sites-liberation test class com.google.sites.liberation.util.EntryTypeTest
Wed May 16 03:48:03 UTC 2018: Found element on the queue
Wed May 16 03:48:03 UTC 2018: Updating status
Wed May 16 03:48:03 UTC 2018: Working
Wed May 16 03:48:05 UTC 2018: Start leonardoceballos__google-sites-liberation test class com.google.sites.liberation.util.XmlElementTest
Wed May 16 03:48:05 UTC 2018: Setting lastTestMethodIndex: 60154
Wed May 16 03:48:05 UTC 2018: Starting linking
Wed May 16 03:48:05 UTC 2018: Code found com.google.sites.liberation.util.XmlElement-addXml with com.google.sites.liberation.util.XmlElementTest-testAddXml
Wed May 16 03:48:05 UTC 2018: Match not added in database because it already exists
Wed May 16 03:48:05 UTC 2018: Code found com.google.sites.liberation.util.XmlElement-setAttribute with com.google.sites.liberation.util.XmlElementTest-testSetAttribute
Wed May 16 03:48:06 UTC 2018: Match not added in database because it already exists
Wed May 16 03:48:06 UTC 2018: Code found com.google.sites.liberation.util.XmlElement-addText with com.google.sites.liberation.util.XmlElementTest-testAddText
Wed May 16 03:48:06 UTC 2018: Match not added in database because it already exists
Wed May 16 03:48:06 UTC 2018: No link for: com.google.sites.liberation.util.XmlElementTest-testConstructor
Wed May 16 03:48:06 UTC 2018: None match not added in database because it already exists
Wed May 16 03:48:06 UTC 2018: No link for: com.google.sites.liberation.util.XmlElementTest-testAddChild
Wed May 16 03:48:07 UTC 2018: None match not added in database because it already exists
Wed May 16 03:48:07 UTC 2018: Linking done for leonardoceballos__google-sites-liberation test class com.google.sites.liberation.util.XmlElementTest
Wed May 16 03:48:07 UTC 2018: Found element on the queue
Wed May 16 03:48:07 UTC 2018: Updating status
Wed May 16 03:48:07 UTC 2018: Working
Wed May 16 03:48:09 UTC 2018: Start leonardoceballos__google-sites-liberation test class com.google.sites.liberation.util.UrlUtilsTest
Wed May 16 03:48:09 UTC 2018: Setting lastTestMethodIndex: 60157
Wed May 16 03:48:09 UTC 2018: Starting linking
Wed May 16 03:48:10 UTC 2018: Code found com.google.sites.liberation.util.UrlUtils-getFeedUrl with com.google.sites.liberation.util.UrlUtilsTest-testGetFeedUrl
Wed May 16 03:48:10 UTC 2018: Match not added in database because it already exists
Wed May 16 03:48:10 UTC 2018: Code found com.google.sites.liberation.util.UrlUtils-getSiteUrl with com.google.sites.liberation.util.UrlUtilsTest-testGetSiteUrl
Wed May 16 03:48:10 UTC 2018: Match not added in database because it already exists
Wed May 16 03:48:10 UTC 2018: Linking done for leonardoceballos__google-sites-liberation test class com.google.sites.liberation.util.UrlUtilsTest
Wed May 16 03:48:11 UTC 2018: Found element on the queue
Wed May 16 03:48:11 UTC 2018: Updating status
Wed May 16 03:48:11 UTC 2018: Working
Wed May 16 03:48:13 UTC 2018: Start leonardoceballos__google-sites-liberation test class com.google.sites.liberation.util.GuiProgressListenerTest
Wed May 16 03:48:13 UTC 2018: Setting lastTestMethodIndex: 60159
Wed May 16 03:48:13 UTC 2018: Starting linking
Wed May 16 03:48:13 UTC 2018: Code found com.google.sites.liberation.util.GuiProgressListener-setProgress with com.google.sites.liberation.util.GuiProgressListenerTest-testSetProgress
Wed May 16 03:48:13 UTC 2018: Match not added in database because it already exists
Wed May 16 03:48:13 UTC 2018: Code found com.google.sites.liberation.util.GuiProgressListener-setStatus with com.google.sites.liberation.util.GuiProgressListenerTest-testSetStatus
Wed May 16 03:48:14 UTC 2018: Match not added in database because it already exists
Wed May 16 03:48:14 UTC 2018: Linking done for leonardoceballos__google-sites-liberation test class com.google.sites.liberation.util.GuiProgressListenerTest
