Tue May 15 18:52:56 UTC 2018: Database:jdbc:mysql://localhost:3306/unittests
Tue May 15 18:52:56 UTC 2018: Starting
Tue May 15 18:52:57 UTC 2018: Found element on the queue
Tue May 15 18:52:57 UTC 2018: Updating status
Tue May 15 18:52:57 UTC 2018: Working
Tue May 15 18:52:57 UTC 2018: Create project parser
Tue May 15 18:53:07 UTC 2018: Create slicer
Tue May 15 18:53:09 UTC 2018: Create call graph
Tue May 15 18:53:14 UTC 2018: Create point analysis
Tue May 15 18:53:14 UTC 2018: Create call graph done
Tue May 15 18:53:14 UTC 2018: Start greenmail-mail-test__greenmail test class com.icegreen.greenmail.test.commands.ImapSubjectLineTest
Tue May 15 18:53:14 UTC 2018: Setting lastTestMethodIndex: 43037
Tue May 15 18:53:14 UTC 2018: Starting linking
Tue May 15 18:53:14 UTC 2018: No link for: com.icegreen.greenmail.test.commands.ImapSubjectLineTest-testSubjectWithTabCharacter
Tue May 15 18:53:14 UTC 2018: No link for: com.icegreen.greenmail.test.commands.ImapSubjectLineTest-testSubjectWithDoubleQuote
Tue May 15 18:53:14 UTC 2018: No link for: com.icegreen.greenmail.test.commands.ImapSubjectLineTest-testSubjectWithEmbeddedSpaces
Tue May 15 18:53:14 UTC 2018: No link for: com.icegreen.greenmail.test.commands.ImapSubjectLineTest-testSubjectWithSingleQuote
Tue May 15 18:53:15 UTC 2018: No link for: com.icegreen.greenmail.test.commands.ImapSubjectLineTest-testLongSubjectLine
Tue May 15 18:53:15 UTC 2018: No link for: com.icegreen.greenmail.test.commands.ImapSubjectLineTest-testSubjectWithBackslashCharacter
Tue May 15 18:53:15 UTC 2018: Linking done for greenmail-mail-test__greenmail test class com.icegreen.greenmail.test.commands.ImapSubjectLineTest
Tue May 15 18:53:16 UTC 2018: Found element on the queue
Tue May 15 18:53:16 UTC 2018: Updating status
Tue May 15 18:53:16 UTC 2018: Working
Tue May 15 18:53:19 UTC 2018: Start greenmail-mail-test__greenmail test class com.icegreen.greenmail.test.commands.SMTPCommandTest
Tue May 15 18:53:19 UTC 2018: Setting lastTestMethodIndex: 43042
Tue May 15 18:53:19 UTC 2018: Starting linking
Tue May 15 18:53:19 UTC 2018: No link for: com.icegreen.greenmail.test.commands.SMTPCommandTest-mailSenderEmpty
Tue May 15 18:53:19 UTC 2018: Linking done for greenmail-mail-test__greenmail test class com.icegreen.greenmail.test.commands.SMTPCommandTest
Tue May 15 18:53:20 UTC 2018: Found element on the queue
Tue May 15 18:53:20 UTC 2018: Updating status
Tue May 15 18:53:20 UTC 2018: Working
Tue May 15 18:53:23 UTC 2018: Start greenmail-mail-test__greenmail test class com.icegreen.greenmail.test.commands.ImapSortTest
Tue May 15 18:53:23 UTC 2018: Setting lastTestMethodIndex: 43047
Tue May 15 18:53:23 UTC 2018: Starting linking
Tue May 15 18:53:23 UTC 2018: No link for: com.icegreen.greenmail.test.commands.ImapSortTest-testSort
Tue May 15 18:53:23 UTC 2018: Linking done for greenmail-mail-test__greenmail test class com.icegreen.greenmail.test.commands.ImapSortTest
Tue May 15 18:53:24 UTC 2018: Found element on the queue
Tue May 15 18:53:24 UTC 2018: Updating status
Tue May 15 18:53:24 UTC 2018: Working
Tue May 15 18:53:27 UTC 2018: Start greenmail-mail-test__greenmail test class com.icegreen.greenmail.test.Pop3ServerTest
Tue May 15 18:53:27 UTC 2018: Setting lastTestMethodIndex: 43049
Tue May 15 18:53:27 UTC 2018: Starting linking
Tue May 15 18:53:27 UTC 2018: No link for: com.icegreen.greenmail.test.Pop3ServerTest-testRetrieveWithNonDefaultPassword
Tue May 15 18:53:27 UTC 2018: No link for: com.icegreen.greenmail.test.Pop3ServerTest-testPop3sReceive
Tue May 15 18:53:27 UTC 2018: No link for: com.icegreen.greenmail.test.Pop3ServerTest-testRetrieve
Tue May 15 18:53:28 UTC 2018: No link for: com.icegreen.greenmail.test.Pop3ServerTest-testRetrieveMultipart
Tue May 15 18:53:28 UTC 2018: No link for: com.icegreen.greenmail.test.Pop3ServerTest-testPop3Capabillities
Tue May 15 18:53:28 UTC 2018: Linking done for greenmail-mail-test__greenmail test class com.icegreen.greenmail.test.Pop3ServerTest
Tue May 15 18:53:29 UTC 2018: Found element on the queue
Tue May 15 18:53:29 UTC 2018: Updating status
Tue May 15 18:53:29 UTC 2018: Working
Tue May 15 18:53:33 UTC 2018: Start greenmail-mail-test__greenmail test class com.icegreen.greenmail.test.specificmessages.EscapingTest
Tue May 15 18:53:33 UTC 2018: Setting lastTestMethodIndex: 43054
Tue May 15 18:53:33 UTC 2018: Starting linking
Tue May 15 18:53:33 UTC 2018: No link for: com.icegreen.greenmail.test.specificmessages.EscapingTest-testEscapeMessageID
Tue May 15 18:53:33 UTC 2018: No link for: com.icegreen.greenmail.test.specificmessages.EscapingTest-testEscapeSubject
Tue May 15 18:53:33 UTC 2018: Linking done for greenmail-mail-test__greenmail test class com.icegreen.greenmail.test.specificmessages.EscapingTest
Tue May 15 18:53:34 UTC 2018: Found element on the queue
Tue May 15 18:53:34 UTC 2018: Updating status
Tue May 15 18:53:34 UTC 2018: Working
Tue May 15 18:53:37 UTC 2018: Start greenmail-mail-test__greenmail test class com.icegreen.greenmail.test.specificmessages.SenderRecipientTest
Tue May 15 18:53:37 UTC 2018: Setting lastTestMethodIndex: 43058
Tue May 15 18:53:37 UTC 2018: Starting linking
Tue May 15 18:53:37 UTC 2018: No link for: com.icegreen.greenmail.test.specificmessages.SenderRecipientTest-testSendWithoutSubject
Tue May 15 18:53:38 UTC 2018: No link for: com.icegreen.greenmail.test.specificmessages.SenderRecipientTest-testSendersAndRecipients
Tue May 15 18:53:38 UTC 2018: No link for: com.icegreen.greenmail.test.specificmessages.SenderRecipientTest-testSendAndReceiveWithQuotedAddress
Tue May 15 18:53:38 UTC 2018: Linking done for greenmail-mail-test__greenmail test class com.icegreen.greenmail.test.specificmessages.SenderRecipientTest
Tue May 15 18:53:39 UTC 2018: Found element on the queue
Tue May 15 18:53:39 UTC 2018: Updating status
Tue May 15 18:53:39 UTC 2018: Working
Tue May 15 18:53:42 UTC 2018: Start greenmail-mail-test__greenmail test class com.icegreen.greenmail.test.specificmessages.LargeMessageTest
Tue May 15 18:53:42 UTC 2018: Setting lastTestMethodIndex: 43063
Tue May 15 18:53:42 UTC 2018: Starting linking
Tue May 15 18:53:42 UTC 2018: No link for: com.icegreen.greenmail.test.specificmessages.LargeMessageTest-testLargeMessageBody
Tue May 15 18:53:42 UTC 2018: No link for: com.icegreen.greenmail.test.specificmessages.LargeMessageTest-testLargeMessageTextAndAttachment
Tue May 15 18:53:42 UTC 2018: Linking done for greenmail-mail-test__greenmail test class com.icegreen.greenmail.test.specificmessages.LargeMessageTest
Tue May 15 18:53:43 UTC 2018: Found element on the queue
Tue May 15 18:53:43 UTC 2018: Updating status
Tue May 15 18:53:43 UTC 2018: Working
Tue May 15 18:53:48 UTC 2018: Start greenmail-mail-test__greenmail test class com.icegreen.greenmail.test.specificmessages.ReplyToTest
Tue May 15 18:53:48 UTC 2018: Setting lastTestMethodIndex: 43068
Tue May 15 18:53:48 UTC 2018: Starting linking
Tue May 15 18:53:48 UTC 2018: No link for: com.icegreen.greenmail.test.specificmessages.ReplyToTest-testReplyToFromAddress
Tue May 15 18:53:48 UTC 2018: No link for: com.icegreen.greenmail.test.specificmessages.ReplyToTest-testReplyToSpecificAddress
Tue May 15 18:53:48 UTC 2018: Linking done for greenmail-mail-test__greenmail test class com.icegreen.greenmail.test.specificmessages.ReplyToTest
Tue May 15 18:53:49 UTC 2018: Found element on the queue
Tue May 15 18:53:49 UTC 2018: Updating status
Tue May 15 18:53:49 UTC 2018: Working
Tue May 15 18:53:52 UTC 2018: Start greenmail-mail-test__greenmail test class com.icegreen.greenmail.test.specificmessages.DateTest
Tue May 15 18:53:52 UTC 2018: Setting lastTestMethodIndex: 43072
Tue May 15 18:53:52 UTC 2018: Starting linking
Tue May 15 18:53:52 UTC 2018: No link for: com.icegreen.greenmail.test.specificmessages.DateTest-testDatesCorrect
Tue May 15 18:53:52 UTC 2018: Linking done for greenmail-mail-test__greenmail test class com.icegreen.greenmail.test.specificmessages.DateTest
Tue May 15 18:53:53 UTC 2018: Found element on the queue
Tue May 15 18:53:53 UTC 2018: Updating status
Tue May 15 18:53:53 UTC 2018: Working
Tue May 15 18:53:56 UTC 2018: Start greenmail-mail-test__greenmail test class com.icegreen.greenmail.test.specificmessages.Rfc822MessageTest
Tue May 15 18:53:56 UTC 2018: Setting lastTestMethodIndex: 43077
Tue May 15 18:53:56 UTC 2018: Starting linking
Tue May 15 18:53:56 UTC 2018: No link for: com.icegreen.greenmail.test.specificmessages.Rfc822MessageTest-testForwardWithRfc822
Tue May 15 18:53:56 UTC 2018: Linking done for greenmail-mail-test__greenmail test class com.icegreen.greenmail.test.specificmessages.Rfc822MessageTest
Tue May 15 18:53:57 UTC 2018: Found element on the queue
Tue May 15 18:53:57 UTC 2018: Updating status
Tue May 15 18:53:57 UTC 2018: Working
Tue May 15 18:54:00 UTC 2018: Start greenmail-mail-test__greenmail test class com.icegreen.greenmail.test.AuthenticationDisabledTest
Tue May 15 18:54:00 UTC 2018: Setting lastTestMethodIndex: 43080
Tue May 15 18:54:00 UTC 2018: Starting linking
Tue May 15 18:54:00 UTC 2018: No link for: com.icegreen.greenmail.test.AuthenticationDisabledTest-testSendMailAndReceiveWithAuthDisabled
Tue May 15 18:54:00 UTC 2018: No link for: com.icegreen.greenmail.test.AuthenticationDisabledTest-testReceiveWithAuthDisabledAndProvisionedUser
Tue May 15 18:54:00 UTC 2018: No link for: com.icegreen.greenmail.test.AuthenticationDisabledTest-testReceiveWithAuthDisabled
Tue May 15 18:54:01 UTC 2018: Linking done for greenmail-mail-test__greenmail test class com.icegreen.greenmail.test.AuthenticationDisabledTest
Tue May 15 18:54:01 UTC 2018: Found element on the queue
Tue May 15 18:54:01 UTC 2018: Updating status
Tue May 15 18:54:01 UTC 2018: Working
Tue May 15 18:54:05 UTC 2018: Start greenmail-mail-test__greenmail test class com.icegreen.greenmail.test.MultiRequestTest
Tue May 15 18:54:05 UTC 2018: Setting lastTestMethodIndex: 43086
Tue May 15 18:54:05 UTC 2018: Starting linking
Tue May 15 18:54:05 UTC 2018: Linking done for greenmail-mail-test__greenmail test class com.icegreen.greenmail.test.MultiRequestTest
Tue May 15 18:54:05 UTC 2018: Found element on the queue
Tue May 15 18:54:05 UTC 2018: Updating status
Tue May 15 18:54:06 UTC 2018: Working
Tue May 15 18:54:09 UTC 2018: Start greenmail-mail-test__greenmail test class com.icegreen.greenmail.test.SmtpServerTest
Tue May 15 18:54:09 UTC 2018: Setting lastTestMethodIndex: 43090
Tue May 15 18:54:09 UTC 2018: Starting linking
Tue May 15 18:54:09 UTC 2018: No link for: com.icegreen.greenmail.test.SmtpServerTest-testSmtpServerBasic
Tue May 15 18:54:09 UTC 2018: No link for: com.icegreen.greenmail.test.SmtpServerTest-testSmtpServerReceiveMultipart
Tue May 15 18:54:10 UTC 2018: No link for: com.icegreen.greenmail.test.SmtpServerTest-testSendAndWaitForIncomingMailsInBcc
Tue May 15 18:54:10 UTC 2018: No link for: com.icegreen.greenmail.test.SmtpServerTest-testSmtpServerReceiveWithSetup
Tue May 15 18:54:10 UTC 2018: No link for: com.icegreen.greenmail.test.SmtpServerTest-testSmtpsServerReceive
Tue May 15 18:54:10 UTC 2018: No link for: com.icegreen.greenmail.test.SmtpServerTest-testSmtpServerLeadingPeriods
Tue May 15 18:54:10 UTC 2018: No link for: com.icegreen.greenmail.test.SmtpServerTest-testSmtpServerTimeout
Tue May 15 18:54:11 UTC 2018: No link for: com.icegreen.greenmail.test.SmtpServerTest-testSmtpServerReceiveInThread
Tue May 15 18:54:11 UTC 2018: Linking done for greenmail-mail-test__greenmail test class com.icegreen.greenmail.test.SmtpServerTest
Tue May 15 18:54:12 UTC 2018: Found element on the queue
Tue May 15 18:54:12 UTC 2018: Updating status
Tue May 15 18:54:12 UTC 2018: Working
Tue May 15 18:54:15 UTC 2018: Start greenmail-mail-test__greenmail test class com.icegreen.greenmail.test.SendReceiveWithInternationalAddressTest
Tue May 15 18:54:15 UTC 2018: Setting lastTestMethodIndex: 43095
Tue May 15 18:54:15 UTC 2018: Starting linking
Tue May 15 18:54:15 UTC 2018: No link for: com.icegreen.greenmail.test.SendReceiveWithInternationalAddressTest-testSend
Tue May 15 18:54:15 UTC 2018: Linking done for greenmail-mail-test__greenmail test class com.icegreen.greenmail.test.SendReceiveWithInternationalAddressTest
Tue May 15 18:54:16 UTC 2018: Found element on the queue
Tue May 15 18:54:16 UTC 2018: Updating status
Tue May 15 18:54:16 UTC 2018: Working
Tue May 15 18:54:19 UTC 2018: Start greenmail-mail-test__greenmail test class com.icegreen.greenmail.test.CatchAllTest
Tue May 15 18:54:19 UTC 2018: Setting lastTestMethodIndex: 43098
Tue May 15 18:54:19 UTC 2018: Starting linking
Tue May 15 18:54:19 UTC 2018: No link for: com.icegreen.greenmail.test.CatchAllTest-testSmtpServerBasic
Tue May 15 18:54:19 UTC 2018: Linking done for greenmail-mail-test__greenmail test class com.icegreen.greenmail.test.CatchAllTest
Tue May 15 18:54:20 UTC 2018: Found element on the queue
Tue May 15 18:54:20 UTC 2018: Updating status
Tue May 15 18:54:20 UTC 2018: Working
Tue May 15 18:54:24 UTC 2018: Start greenmail-mail-test__greenmail test class com.icegreen.greenmail.test.GreenMailUtilTest
Tue May 15 18:54:24 UTC 2018: Setting lastTestMethodIndex: 43103
Tue May 15 18:54:24 UTC 2018: Starting linking
Tue May 15 18:54:24 UTC 2018: Code found com.icegreen.greenmail.util.GreenMailUtil-getBody with com.icegreen.greenmail.test.GreenMailUtilTest-testGetBody
Tue May 15 18:54:24 UTC 2018: Code found com.icegreen.greenmail.util.GreenMailUtil-sendTextEmail with com.icegreen.greenmail.test.GreenMailUtilTest-testSendTextEmailTest
Tue May 15 18:54:24 UTC 2018: Code found com.icegreen.greenmail.util.GreenMailUtil-getQuota with com.icegreen.greenmail.test.GreenMailUtilTest-testSetAndGetQuota
Tue May 15 18:54:24 UTC 2018: No link for: com.icegreen.greenmail.test.GreenMailUtilTest-testGetEmptyBodyAndHeader
Tue May 15 18:54:25 UTC 2018: No link for: com.icegreen.greenmail.test.GreenMailUtilTest-testMimeMessageLoading
Tue May 15 18:54:25 UTC 2018: Linking done for greenmail-mail-test__greenmail test class com.icegreen.greenmail.test.GreenMailUtilTest
Tue May 15 18:54:26 UTC 2018: Found element on the queue
Tue May 15 18:54:26 UTC 2018: Updating status
Tue May 15 18:54:26 UTC 2018: Working
Tue May 15 18:54:29 UTC 2018: Start greenmail-mail-test__greenmail test class com.icegreen.greenmail.test.ImapServerTest
Tue May 15 18:54:29 UTC 2018: Setting lastTestMethodIndex: 43109
Tue May 15 18:54:29 UTC 2018: Starting linking
Tue May 15 18:54:29 UTC 2018: No link for: com.icegreen.greenmail.test.ImapServerTest-testAppend
Tue May 15 18:54:29 UTC 2018: No link for: com.icegreen.greenmail.test.ImapServerTest-testQuotaCapability
Tue May 15 18:54:29 UTC 2018: No link for: com.icegreen.greenmail.test.ImapServerTest-testRetreiveSimple
Tue May 15 18:54:29 UTC 2018: No link for: com.icegreen.greenmail.test.ImapServerTest-testRetriveMultipart
Tue May 15 18:54:30 UTC 2018: No link for: com.icegreen.greenmail.test.ImapServerTest-testFolderRequiringEscaping
Tue May 15 18:54:30 UTC 2018: No link for: com.icegreen.greenmail.test.ImapServerTest-testRenameFolder
Tue May 15 18:54:30 UTC 2018: No link for: com.icegreen.greenmail.test.ImapServerTest-testUIDFolder
Tue May 15 18:54:30 UTC 2018: No link for: com.icegreen.greenmail.test.ImapServerTest-testNestedFolders
Tue May 15 18:54:30 UTC 2018: No link for: com.icegreen.greenmail.test.ImapServerTest-testExpunge
Tue May 15 18:54:30 UTC 2018: No link for: com.icegreen.greenmail.test.ImapServerTest-testSetGetFlags
Tue May 15 18:54:31 UTC 2018: No link for: com.icegreen.greenmail.test.ImapServerTest-testUIDExpunge
Tue May 15 18:54:31 UTC 2018: No link for: com.icegreen.greenmail.test.ImapServerTest-testRenameINBOXFolder
Tue May 15 18:54:31 UTC 2018: No link for: com.icegreen.greenmail.test.ImapServerTest-testUIDFetchWithWildcard
Tue May 15 18:54:31 UTC 2018: No link for: com.icegreen.greenmail.test.ImapServerTest-testRetreiveSimpleWithNonDefaultPassword
Tue May 15 18:54:31 UTC 2018: No link for: com.icegreen.greenmail.test.ImapServerTest-testQuota
Tue May 15 18:54:31 UTC 2018: No link for: com.icegreen.greenmail.test.ImapServerTest-testImapsReceive
Tue May 15 18:54:32 UTC 2018: Linking done for greenmail-mail-test__greenmail test class com.icegreen.greenmail.test.ImapServerTest
Tue May 15 18:54:32 UTC 2018: Found element on the queue
Tue May 15 18:54:32 UTC 2018: Updating status
Tue May 15 18:54:32 UTC 2018: Working
Tue May 15 18:54:35 UTC 2018: Start greenmail-mail-test__greenmail test class com.icegreen.greenmail.test.ServerStartStopTest
Tue May 15 18:54:35 UTC 2018: Setting lastTestMethodIndex: 43114
Tue May 15 18:54:35 UTC 2018: Starting linking
Tue May 15 18:54:35 UTC 2018: Code found com.icegreen.greenmail.util.GreenMail-start with com.icegreen.greenmail.test.ServerStartStopTest-testStartStop
Tue May 15 18:54:35 UTC 2018: Code found com.icegreen.greenmail.util.GreenMail-start with com.icegreen.greenmail.test.ServerStartStopTest-testServerStartupTimeout
Tue May 15 18:54:36 UTC 2018: Linking done for greenmail-mail-test__greenmail test class com.icegreen.greenmail.test.ServerStartStopTest
Tue May 15 18:54:36 UTC 2018: Found element on the queue
Tue May 15 18:54:36 UTC 2018: Updating status
Tue May 15 18:54:36 UTC 2018: Working
Tue May 15 18:54:40 UTC 2018: Start greenmail-mail-test__greenmail test class com.icegreen.greenmail.test.DummySSLServerSocketFactoryTest
Tue May 15 18:54:40 UTC 2018: Setting lastTestMethodIndex: 43119
Tue May 15 18:54:40 UTC 2018: Starting linking
Tue May 15 18:54:40 UTC 2018: No link for: com.icegreen.greenmail.test.DummySSLServerSocketFactoryTest-testKeyStore
Tue May 15 18:54:40 UTC 2018: Linking done for greenmail-mail-test__greenmail test class com.icegreen.greenmail.test.DummySSLServerSocketFactoryTest
Tue May 15 18:54:40 UTC 2018: Found element on the queue
Tue May 15 18:54:40 UTC 2018: Updating status
Tue May 15 18:54:41 UTC 2018: Working
Tue May 15 18:54:43 UTC 2018: Start greenmail-mail-test__greenmail test class com.icegreen.greenmail.test.RetrieverTest
Tue May 15 18:54:43 UTC 2018: Setting lastTestMethodIndex: 43122
Tue May 15 18:54:43 UTC 2018: Starting linking
Tue May 15 18:54:43 UTC 2018: No link for: com.icegreen.greenmail.test.RetrieverTest-testCreateRetriever
Tue May 15 18:54:43 UTC 2018: Linking done for greenmail-mail-test__greenmail test class com.icegreen.greenmail.test.RetrieverTest
Tue May 15 18:54:44 UTC 2018: Found element on the queue
Tue May 15 18:54:44 UTC 2018: Updating status
Tue May 15 18:54:44 UTC 2018: Working
Tue May 15 18:54:47 UTC 2018: Start greenmail-mail-test__greenmail test class com.icegreen.greenmail.user.UserManagerTest
Tue May 15 18:54:47 UTC 2018: Setting lastTestMethodIndex: 43125
Tue May 15 18:54:47 UTC 2018: Starting linking
Tue May 15 18:54:47 UTC 2018: Code found com.icegreen.greenmail.user.UserManager-test with com.icegreen.greenmail.user.UserManagerTest-testAuthRequiredWithExistingUser
Tue May 15 18:54:48 UTC 2018: Code found com.icegreen.greenmail.user.UserManager-listUser with com.icegreen.greenmail.user.UserManagerTest-testListUsers
Tue May 15 18:54:48 UTC 2018: Code found com.icegreen.greenmail.user.UserManager-test with com.icegreen.greenmail.user.UserManagerTest-testNoAuthRequiredWithExistingUser
Tue May 15 18:54:48 UTC 2018: Code found com.icegreen.greenmail.user.UserManager-test with com.icegreen.greenmail.user.UserManagerTest-testAuthRequired
Tue May 15 18:54:48 UTC 2018: Code found com.icegreen.greenmail.user.UserManager-test with com.icegreen.greenmail.user.UserManagerTest-testNoAuthRequired
Tue May 15 18:54:48 UTC 2018: Code found com.icegreen.greenmail.user.UserManager-deleteUser with com.icegreen.greenmail.user.UserManagerTest-testCreateAndDeleteUser
Tue May 15 18:54:48 UTC 2018: No link for: com.icegreen.greenmail.user.UserManagerTest-testFindByEmailAndLogin
Tue May 15 18:54:48 UTC 2018: No link for: com.icegreen.greenmail.user.UserManagerTest-testMultithreadedUserCreationAndDeletionWithSync
Tue May 15 18:54:49 UTC 2018: No link for: com.icegreen.greenmail.user.UserManagerTest-testMultithreadedUserCreationAndDeletion
Tue May 15 18:54:49 UTC 2018: Linking done for greenmail-mail-test__greenmail test class com.icegreen.greenmail.user.UserManagerTest
Tue May 15 18:54:50 UTC 2018: Found element on the queue
Tue May 15 18:54:50 UTC 2018: Updating status
Tue May 15 18:54:50 UTC 2018: Working
Tue May 15 18:54:53 UTC 2018: Start greenmail-mail-test__greenmail test class com.icegreen.greenmail.imap.commands.CommandParserTest
Tue May 15 18:54:53 UTC 2018: Setting lastTestMethodIndex: 43130
Tue May 15 18:54:53 UTC 2018: Starting linking
Tue May 15 18:54:53 UTC 2018: No link for: com.icegreen.greenmail.imap.commands.CommandParserTest-test
Tue May 15 18:54:53 UTC 2018: Linking done for greenmail-mail-test__greenmail test class com.icegreen.greenmail.imap.commands.CommandParserTest
Tue May 15 18:54:53 UTC 2018: Found element on the queue
Tue May 15 18:54:53 UTC 2018: Updating status
Tue May 15 18:54:54 UTC 2018: Working
Tue May 15 18:54:57 UTC 2018: Start greenmail-mail-test__greenmail test class com.icegreen.greenmail.imap.commands.ImapProtocolTest
Tue May 15 18:54:57 UTC 2018: Setting lastTestMethodIndex: 43134
Tue May 15 18:54:57 UTC 2018: Starting linking
Tue May 15 18:54:57 UTC 2018: No link for: com.icegreen.greenmail.imap.commands.ImapProtocolTest-testGetMessageByUnknownUidInEmptyINBOX
Tue May 15 18:54:57 UTC 2018: No link for: com.icegreen.greenmail.imap.commands.ImapProtocolTest-testFetchUidsAndSize
Tue May 15 18:54:57 UTC 2018: No link for: com.icegreen.greenmail.imap.commands.ImapProtocolTest-testUidSearchSequenceSet
Tue May 15 18:54:57 UTC 2018: No link for: com.icegreen.greenmail.imap.commands.ImapProtocolTest-testRenameFolder
Tue May 15 18:54:58 UTC 2018: No link for: com.icegreen.greenmail.imap.commands.ImapProtocolTest-testSearchSequenceSet
Tue May 15 18:54:58 UTC 2018: No link for: com.icegreen.greenmail.imap.commands.ImapProtocolTest-testUidSearchText
Tue May 15 18:54:58 UTC 2018: No link for: com.icegreen.greenmail.imap.commands.ImapProtocolTest-testUidSearchTextWithCharset
Tue May 15 18:54:58 UTC 2018: No link for: com.icegreen.greenmail.imap.commands.ImapProtocolTest-testListAndStatusWithNonExistingFolder
Tue May 15 18:54:58 UTC 2018: No link for: com.icegreen.greenmail.imap.commands.ImapProtocolTest-testFetchSpaceBeforeSize
Tue May 15 18:54:58 UTC 2018: No link for: com.icegreen.greenmail.imap.commands.ImapProtocolTest-testSearchNotFlags
Tue May 15 18:54:58 UTC 2018: Linking done for greenmail-mail-test__greenmail test class com.icegreen.greenmail.imap.commands.ImapProtocolTest
Tue May 15 18:54:59 UTC 2018: Found element on the queue
Tue May 15 18:54:59 UTC 2018: Updating status
Tue May 15 18:54:59 UTC 2018: Working
Tue May 15 18:55:03 UTC 2018: Start greenmail-mail-test__greenmail test class com.icegreen.greenmail.imap.commands.SearchTermBuilderTest
Tue May 15 18:55:03 UTC 2018: Setting lastTestMethodIndex: 43140
Tue May 15 18:55:03 UTC 2018: Starting linking
Tue May 15 18:55:03 UTC 2018: Linking done for greenmail-mail-test__greenmail test class com.icegreen.greenmail.imap.commands.SearchTermBuilderTest
Tue May 15 18:55:04 UTC 2018: Found element on the queue
Tue May 15 18:55:04 UTC 2018: Updating status
Tue May 15 18:55:04 UTC 2018: Working
Tue May 15 18:55:07 UTC 2018: Start greenmail-mail-test__greenmail test class com.icegreen.greenmail.configuration.GreenMailRuleConfigurationTest
Tue May 15 18:55:07 UTC 2018: Setting lastTestMethodIndex: 43144
Tue May 15 18:55:07 UTC 2018: Starting linking
Tue May 15 18:55:07 UTC 2018: Code found com.icegreen.greenmail.configuration.GreenMailConfigurationTestBase-testUsersAccessible with com.icegreen.greenmail.configuration.GreenMailRuleConfigurationTest-testUsersAccessible
Tue May 15 18:55:07 UTC 2018: Linking done for greenmail-mail-test__greenmail test class com.icegreen.greenmail.configuration.GreenMailRuleConfigurationTest
Tue May 15 18:55:08 UTC 2018: Found element on the queue
Tue May 15 18:55:08 UTC 2018: Updating status
Tue May 15 18:55:08 UTC 2018: Working
Tue May 15 18:55:12 UTC 2018: Start greenmail-mail-test__greenmail test class com.icegreen.greenmail.configuration.PropertiesBasedGreenMailConfigurationBuilderTest
Tue May 15 18:55:12 UTC 2018: Setting lastTestMethodIndex: 43149
Tue May 15 18:55:12 UTC 2018: Starting linking
Tue May 15 18:55:12 UTC 2018: Code found com.icegreen.greenmail.configuration.PropertiesBasedGreenMailConfigurationBuilder-build with com.icegreen.greenmail.configuration.PropertiesBasedGreenMailConfigurationBuilderTest-testBuildForSingleUser
Tue May 15 18:55:12 UTC 2018: Code found com.icegreen.greenmail.configuration.PropertiesBasedGreenMailConfigurationBuilder-build with com.icegreen.greenmail.configuration.PropertiesBasedGreenMailConfigurationBuilderTest-testBuildWithAuthenticationDisabledSetting
Tue May 15 18:55:12 UTC 2018: Code found com.icegreen.greenmail.configuration.PropertiesBasedGreenMailConfigurationBuilder-build with com.icegreen.greenmail.configuration.PropertiesBasedGreenMailConfigurationBuilderTest-testBuildForListOfUsers
Tue May 15 18:55:12 UTC 2018: Linking done for greenmail-mail-test__greenmail test class com.icegreen.greenmail.configuration.PropertiesBasedGreenMailConfigurationBuilderTest
Tue May 15 18:55:13 UTC 2018: Found element on the queue
Tue May 15 18:55:13 UTC 2018: Updating status
Tue May 15 18:55:13 UTC 2018: Working
Tue May 15 18:55:15 UTC 2018: Start greenmail-mail-test__greenmail test class com.icegreen.greenmail.configuration.GreenMailConfigurationTest
Tue May 15 18:55:15 UTC 2018: Setting lastTestMethodIndex: 43152
Tue May 15 18:55:15 UTC 2018: Starting linking
Tue May 15 18:55:16 UTC 2018: Code found com.icegreen.greenmail.configuration.GreenMailConfigurationTestBase-testUsersAccessible with com.icegreen.greenmail.configuration.GreenMailConfigurationTest-testUsersAccessible
Tue May 15 18:55:16 UTC 2018: Linking done for greenmail-mail-test__greenmail test class com.icegreen.greenmail.configuration.GreenMailConfigurationTest
Tue May 15 18:55:17 UTC 2018: Found element on the queue
Tue May 15 18:55:17 UTC 2018: Updating status
Tue May 15 18:55:17 UTC 2018: Working
Tue May 15 18:55:20 UTC 2018: Start greenmail-mail-test__greenmail test class com.icegreen.greenmail.examples.ExampleSendNoRuleAdvTest
Tue May 15 18:55:20 UTC 2018: Setting lastTestMethodIndex: 43158
Tue May 15 18:55:20 UTC 2018: Starting linking
Tue May 15 18:55:20 UTC 2018: No link for: com.icegreen.greenmail.examples.ExampleSendNoRuleAdvTest-testSend
Tue May 15 18:55:20 UTC 2018: Linking done for greenmail-mail-test__greenmail test class com.icegreen.greenmail.examples.ExampleSendNoRuleAdvTest
Tue May 15 18:55:21 UTC 2018: Found element on the queue
Tue May 15 18:55:21 UTC 2018: Updating status
Tue May 15 18:55:21 UTC 2018: Working
Tue May 15 18:55:23 UTC 2018: Start greenmail-mail-test__greenmail test class com.icegreen.greenmail.examples.ExampleDisableAuthenticationTest
Tue May 15 18:55:23 UTC 2018: Setting lastTestMethodIndex: 43162
Tue May 15 18:55:23 UTC 2018: Starting linking
Tue May 15 18:55:23 UTC 2018: No link for: com.icegreen.greenmail.examples.ExampleDisableAuthenticationTest-testNoAuthIMAP
Tue May 15 18:55:24 UTC 2018: No link for: com.icegreen.greenmail.examples.ExampleDisableAuthenticationTest-testExistingUserNotRecreated
Tue May 15 18:55:24 UTC 2018: Linking done for greenmail-mail-test__greenmail test class com.icegreen.greenmail.examples.ExampleDisableAuthenticationTest
Tue May 15 18:55:25 UTC 2018: Found element on the queue
Tue May 15 18:55:25 UTC 2018: Updating status
Tue May 15 18:55:25 UTC 2018: Working
Tue May 15 18:55:28 UTC 2018: Start greenmail-mail-test__greenmail test class com.icegreen.greenmail.examples.ExampleRuleTest
Tue May 15 18:55:28 UTC 2018: Setting lastTestMethodIndex: 43168
Tue May 15 18:55:28 UTC 2018: Starting linking
Tue May 15 18:55:28 UTC 2018: No link for: com.icegreen.greenmail.examples.ExampleRuleTest-testSomething
Tue May 15 18:55:28 UTC 2018: Linking done for greenmail-mail-test__greenmail test class com.icegreen.greenmail.examples.ExampleRuleTest
Tue May 15 18:55:29 UTC 2018: Found element on the queue
Tue May 15 18:55:29 UTC 2018: Updating status
Tue May 15 18:55:29 UTC 2018: Working
Tue May 15 18:55:32 UTC 2018: Start greenmail-mail-test__greenmail test class com.icegreen.greenmail.examples.ExamplePurgeAllEmailsTest
Tue May 15 18:55:32 UTC 2018: Setting lastTestMethodIndex: 43172
Tue May 15 18:55:32 UTC 2018: Starting linking
Tue May 15 18:55:32 UTC 2018: No link for: com.icegreen.greenmail.examples.ExamplePurgeAllEmailsTest-testremoveAllMessagesInImapMailbox
Tue May 15 18:55:32 UTC 2018: Linking done for greenmail-mail-test__greenmail test class com.icegreen.greenmail.examples.ExamplePurgeAllEmailsTest
Tue May 15 18:55:33 UTC 2018: Found element on the queue
Tue May 15 18:55:33 UTC 2018: Updating status
Tue May 15 18:55:33 UTC 2018: Working
Tue May 15 18:55:36 UTC 2018: Start greenmail-mail-test__greenmail test class com.icegreen.greenmail.examples.ExampleJavaMailTest
Tue May 15 18:55:36 UTC 2018: Setting lastTestMethodIndex: 43175
Tue May 15 18:55:36 UTC 2018: Starting linking
Tue May 15 18:55:36 UTC 2018: No link for: com.icegreen.greenmail.examples.ExampleJavaMailTest-testSendAndReceive
Tue May 15 18:55:36 UTC 2018: Linking done for greenmail-mail-test__greenmail test class com.icegreen.greenmail.examples.ExampleJavaMailTest
Tue May 15 18:55:37 UTC 2018: Found element on the queue
Tue May 15 18:55:37 UTC 2018: Updating status
Tue May 15 18:55:37 UTC 2018: Working
Tue May 15 18:55:40 UTC 2018: Start greenmail-mail-test__greenmail test class com.icegreen.greenmail.examples.ExampleSendNoRuleSimpleTest
Tue May 15 18:55:40 UTC 2018: Setting lastTestMethodIndex: 43180
Tue May 15 18:55:40 UTC 2018: Starting linking
Tue May 15 18:55:41 UTC 2018: No link for: com.icegreen.greenmail.examples.ExampleSendNoRuleSimpleTest-testSend
Tue May 15 18:55:41 UTC 2018: Linking done for greenmail-mail-test__greenmail test class com.icegreen.greenmail.examples.ExampleSendNoRuleSimpleTest
Tue May 15 18:55:42 UTC 2018: Found element on the queue
Tue May 15 18:55:42 UTC 2018: Updating status
Tue May 15 18:55:42 UTC 2018: Working
Tue May 15 18:55:45 UTC 2018: Start greenmail-mail-test__greenmail test class com.icegreen.greenmail.examples.ExampleReceiveTest
Tue May 15 18:55:45 UTC 2018: Setting lastTestMethodIndex: 43185
Tue May 15 18:55:45 UTC 2018: Starting linking
Tue May 15 18:55:45 UTC 2018: No link for: com.icegreen.greenmail.examples.ExampleReceiveTest-testReceive
Tue May 15 18:55:46 UTC 2018: Linking done for greenmail-mail-test__greenmail test class com.icegreen.greenmail.examples.ExampleReceiveTest
Tue May 15 18:55:46 UTC 2018: Found element on the queue
Tue May 15 18:55:46 UTC 2018: Updating status
Tue May 15 18:55:46 UTC 2018: Working
Tue May 15 18:55:50 UTC 2018: Start greenmail-mail-test__greenmail test class com.icegreen.greenmail.examples.ExampleSendTest
Tue May 15 18:55:50 UTC 2018: Setting lastTestMethodIndex: 43189
Tue May 15 18:55:50 UTC 2018: Starting linking
Tue May 15 18:55:50 UTC 2018: No link for: com.icegreen.greenmail.examples.ExampleSendTest-testSend
Tue May 15 18:55:50 UTC 2018: Linking done for greenmail-mail-test__greenmail test class com.icegreen.greenmail.examples.ExampleSendTest
Tue May 15 18:55:51 UTC 2018: Found element on the queue
Tue May 15 18:55:51 UTC 2018: Updating status
Tue May 15 18:55:51 UTC 2018: Working
Tue May 15 18:55:54 UTC 2018: Start greenmail-mail-test__greenmail test class com.icegreen.greenmail.examples.ExampleReceiveNoRuleTest
Tue May 15 18:55:54 UTC 2018: Setting lastTestMethodIndex: 43193
Tue May 15 18:55:54 UTC 2018: Starting linking
Tue May 15 18:55:54 UTC 2018: No link for: com.icegreen.greenmail.examples.ExampleReceiveNoRuleTest-testReceive
Tue May 15 18:55:54 UTC 2018: Linking done for greenmail-mail-test__greenmail test class com.icegreen.greenmail.examples.ExampleReceiveNoRuleTest
Tue May 15 18:55:54 UTC 2018: Found element on the queue
Tue May 15 18:55:54 UTC 2018: Updating status
Tue May 15 18:55:54 UTC 2018: Working
Tue May 15 18:55:58 UTC 2018: Start greenmail-mail-test__greenmail test class com.icegreen.greenmail.examples.ExampleSendReceiveMessageWithInlineAttachmentTest
Tue May 15 18:55:58 UTC 2018: Setting lastTestMethodIndex: 43196
Tue May 15 18:55:58 UTC 2018: Starting linking
Tue May 15 18:55:58 UTC 2018: No link for: com.icegreen.greenmail.examples.ExampleSendReceiveMessageWithInlineAttachmentTest-sendAndFetchMailMessageWithInlineAttachment
Tue May 15 18:55:58 UTC 2018: Linking done for greenmail-mail-test__greenmail test class com.icegreen.greenmail.examples.ExampleSendReceiveMessageWithInlineAttachmentTest
Tue May 15 18:55:59 UTC 2018: Found element on the queue
Tue May 15 18:55:59 UTC 2018: Updating status
Tue May 15 18:55:59 UTC 2018: Working
Tue May 15 18:56:02 UTC 2018: Start greenmail-mail-test__greenmail test class com.icegreen.greenmail.server.AllocateAvailablePortTest
Tue May 15 18:56:02 UTC 2018: Setting lastTestMethodIndex: 43201
Tue May 15 18:56:02 UTC 2018: Starting linking
Tue May 15 18:56:02 UTC 2018: No link for: com.icegreen.greenmail.server.AllocateAvailablePortTest-returnTheActuallyAllocatedPort
Tue May 15 18:56:02 UTC 2018: No link for: com.icegreen.greenmail.server.AllocateAvailablePortTest-ensureThatMailCanActuallyBeSentToTheAllocatedPort
Tue May 15 18:56:02 UTC 2018: Linking done for greenmail-mail-test__greenmail test class com.icegreen.greenmail.server.AllocateAvailablePortTest
Tue May 15 18:56:04 UTC 2018: Found element on the queue
Tue May 15 18:56:04 UTC 2018: Updating status
Tue May 15 18:56:04 UTC 2018: Working
Tue May 15 18:56:07 UTC 2018: Start greenmail-mail-test__greenmail test class com.icegreen.greenmail.util.MaxSizeLinkedHashMapTest
Tue May 15 18:56:07 UTC 2018: Setting lastTestMethodIndex: 43204
Tue May 15 18:56:07 UTC 2018: Starting linking
Tue May 15 18:56:07 UTC 2018: No code found com.icegreen.greenmail.util.MaxSizeLinkedHashMap-size with com.icegreen.greenmail.util.MaxSizeLinkedHashMapTest-shouldNotExceedMaxSize
Tue May 15 18:56:07 UTC 2018: No link for: com.icegreen.greenmail.util.MaxSizeLinkedHashMapTest-shouldRejectLessThanZeroMaxSize
Tue May 15 18:56:08 UTC 2018: No link for: com.icegreen.greenmail.util.MaxSizeLinkedHashMapTest-shouldRejectZeroMaxSize
Tue May 15 18:56:08 UTC 2018: No link for: com.icegreen.greenmail.util.MaxSizeLinkedHashMapTest-shouldRejectNegativeMaxSize
Tue May 15 18:56:08 UTC 2018: Linking done for greenmail-mail-test__greenmail test class com.icegreen.greenmail.util.MaxSizeLinkedHashMapTest
Tue May 15 18:56:09 UTC 2018: Found element on the queue
Tue May 15 18:56:09 UTC 2018: Updating status
Tue May 15 18:56:09 UTC 2018: Working
Tue May 15 18:56:12 UTC 2018: Start greenmail-mail-test__greenmail test class com.icegreen.greenmail.util.PropertiesBasedServerSetupBuilderTest
Tue May 15 18:56:12 UTC 2018: Setting lastTestMethodIndex: 43209
Tue May 15 18:56:12 UTC 2018: Starting linking
Tue May 15 18:56:12 UTC 2018: No link for: com.icegreen.greenmail.util.PropertiesBasedServerSetupBuilderTest-testCreate
Tue May 15 18:56:12 UTC 2018: Linking done for greenmail-mail-test__greenmail test class com.icegreen.greenmail.util.PropertiesBasedServerSetupBuilderTest
Tue May 15 18:56:13 UTC 2018: Found element on the queue
Tue May 15 18:56:13 UTC 2018: Updating status
Tue May 15 18:56:13 UTC 2018: Working
Tue May 15 18:56:16 UTC 2018: Start greenmail-mail-test__greenmail test class com.icegreen.greenmail.util.GreenMailTest
Tue May 15 18:56:16 UTC 2018: Setting lastTestMethodIndex: 43213
Tue May 15 18:56:16 UTC 2018: Starting linking
Tue May 15 18:56:16 UTC 2018: Code found com.icegreen.greenmail.junit.GreenMailRule-waitForIncomingEmail with com.icegreen.greenmail.util.GreenMailTest-testWaitForIncomingEmailWithTimeout
Tue May 15 18:56:16 UTC 2018: Linking done for greenmail-mail-test__greenmail test class com.icegreen.greenmail.util.GreenMailTest
Tue May 15 18:56:17 UTC 2018: Found element on the queue
Tue May 15 18:56:17 UTC 2018: Updating status
Tue May 15 18:56:17 UTC 2018: Working
Tue May 15 18:56:20 UTC 2018: Start greenmail-mail-test__greenmail test class com.icegreen.greenmail.util.RetrieverTest
Tue May 15 18:56:20 UTC 2018: Setting lastTestMethodIndex: 43217
Tue May 15 18:56:20 UTC 2018: Starting linking
Tue May 15 18:56:20 UTC 2018: No link for: com.icegreen.greenmail.util.RetrieverTest-testConstructorWithNullArg
Tue May 15 18:56:20 UTC 2018: Linking done for greenmail-mail-test__greenmail test class com.icegreen.greenmail.util.RetrieverTest
Tue May 15 18:56:21 UTC 2018: Found element on the queue
Tue May 15 18:56:21 UTC 2018: Updating status
Tue May 15 18:56:21 UTC 2018: Working
Tue May 15 18:56:21 UTC 2018: Create project parser
Tue May 15 18:56:24 UTC 2018: Start greenmail-mail-test__greenmail test class com.icegreen.greenmail.spring.GreenMailNamespaceHandlerTest
Tue May 15 18:56:24 UTC 2018: Setting lastTestMethodIndex: 43221
Tue May 15 18:56:24 UTC 2018: Starting linking
Tue May 15 18:56:24 UTC 2018: No link for: com.icegreen.greenmail.spring.GreenMailNamespaceHandlerTest-testCreate
Tue May 15 18:56:25 UTC 2018: Linking done for greenmail-mail-test__greenmail test class com.icegreen.greenmail.spring.GreenMailNamespaceHandlerTest
Tue May 15 18:56:25 UTC 2018: Found element on the queue
Tue May 15 18:56:25 UTC 2018: Updating status
Tue May 15 18:56:25 UTC 2018: Working
Tue May 15 18:56:29 UTC 2018: Start greenmail-mail-test__greenmail test class com.icegreen.greenmail.spring.GreenMailBeanTest
Tue May 15 18:56:29 UTC 2018: Setting lastTestMethodIndex: 43225
Tue May 15 18:56:29 UTC 2018: Starting linking
Tue May 15 18:56:29 UTC 2018: No link for: com.icegreen.greenmail.spring.GreenMailBeanTest-testCreate
Tue May 15 18:56:29 UTC 2018: Linking done for greenmail-mail-test__greenmail test class com.icegreen.greenmail.spring.GreenMailBeanTest
Tue May 15 18:56:30 UTC 2018: Found element on the queue
Tue May 15 18:56:30 UTC 2018: Updating status
Tue May 15 18:56:30 UTC 2018: Working
Tue May 15 18:56:30 UTC 2018: Create project parser
Tue May 15 18:56:33 UTC 2018: Start greenmail-mail-test__greenmail test class com.icegreen.greenmail.standalone.GreenMailStandaloneRunnerTest
Tue May 15 18:56:33 UTC 2018: Setting lastTestMethodIndex: 43229
Tue May 15 18:56:33 UTC 2018: Starting linking
Tue May 15 18:56:33 UTC 2018: Code found com.icegreen.greenmail.standalone.GreenMailStandaloneRunner-doRun with com.icegreen.greenmail.standalone.GreenMailStandaloneRunnerTest-testDoRun
Tue May 15 18:56:33 UTC 2018: Linking done for greenmail-mail-test__greenmail test class com.icegreen.greenmail.standalone.GreenMailStandaloneRunnerTest
Tue May 15 18:56:34 UTC 2018: Found element on the queue
Tue May 15 18:56:34 UTC 2018: Updating status
Tue May 15 18:56:34 UTC 2018: Working
Tue May 15 18:56:34 UTC 2018: Create project parser
Tue May 15 18:56:37 UTC 2018: Start greenmail-mail-test__greenmail test class com.icegreen.greenmail.webapp.ConfigurationFactoryTest
Tue May 15 18:56:37 UTC 2018: Setting lastTestMethodIndex: 43233
Tue May 15 18:56:37 UTC 2018: Starting linking
Tue May 15 18:56:37 UTC 2018: Code found com.icegreen.greenmail.webapp.ConfigurationFactory-create with com.icegreen.greenmail.webapp.ConfigurationFactoryTest-testCreate
Tue May 15 18:56:37 UTC 2018: Linking done for greenmail-mail-test__greenmail test class com.icegreen.greenmail.webapp.ConfigurationFactoryTest
Tue May 15 18:56:38 UTC 2018: Found element on the queue
Tue May 15 18:56:38 UTC 2018: Updating status
Tue May 15 18:56:38 UTC 2018: Working
Tue May 15 18:56:41 UTC 2018: Start greenmail-mail-test__greenmail test class com.icegreen.greenmail.webapp.GreenMailListenerTest
Tue May 15 18:56:41 UTC 2018: Setting lastTestMethodIndex: 43237
Tue May 15 18:56:41 UTC 2018: Starting linking
Tue May 15 18:56:41 UTC 2018: No link for: com.icegreen.greenmail.webapp.GreenMailListenerTest-testStart
Tue May 15 18:56:41 UTC 2018: Linking done for greenmail-mail-test__greenmail test class com.icegreen.greenmail.webapp.GreenMailListenerTest
