Tue May 15 16:06:59 UTC 2018 WARN: Establishing SSL connection without server's identity verification is not recommended. According to MySQL 5.5.45+, 5.6.26+ and 5.7.6+ requirements SSL connection must be established by default if explicit option isn't set. For compliance with existing applications not using SSL the verifyServerCertificate property is set to 'false'. You need either to explicitly disable SSL by setting useSSL=false, or set useSSL=true and provide truststore for server certificate verification.
Tue May 15 16:09:13 UTC 2018: Cannot add registration INSERT INTO registration (`test_method_id`, `method_class`, `method_code`, `method_code_sbt`, `unit_test_method_class`, `unit_test_method_name`, `unit_test_code`, `unit_test_code_sbt`, `method_name`) VALUES(?, ?, ?, ?, ?, ?, ?, ?, ?) for testClassID 37711
com.mysql.cj.jdbc.exceptions.MysqlDataTruncation: Data truncation: Data too long for column 'method_code_sbt' at row 1
	at com.mysql.cj.jdbc.exceptions.SQLExceptionsMapping.translateException(SQLExceptionsMapping.java:98)
	at com.mysql.cj.jdbc.PreparedStatement.executeInternal(PreparedStatement.java:1867)
	at com.mysql.cj.jdbc.PreparedStatement.executeUpdateInternal(PreparedStatement.java:2029)
	at com.mysql.cj.jdbc.PreparedStatement.executeUpdateInternal(PreparedStatement.java:1970)
	at com.mysql.cj.jdbc.PreparedStatement.executeLargeUpdate(PreparedStatement.java:4996)
	at com.mysql.cj.jdbc.PreparedStatement.executeUpdate(PreparedStatement.java:1955)
	at registration.CodeLinkToDatabase.addRegistration(CodeLinkToDatabase.java:128)
	at registration.CodeLinkToDatabase.foundMap(CodeLinkToDatabase.java:170)
	at linker.UnitTestLinker.reportFoundMappings(UnitTestLinker.java:96)
	at linker.UnitTestLinker.linkBasedOnMostMatch(UnitTestLinker.java:155)
	at linker.methods.BytecodeAnalysisWithLargestMatchingClass.linkToAllMethods(BytecodeAnalysisWithLargestMatchingClass.java:55)
	at linker.TestToMethodLinker.linkTestCaseCashedLinker(TestToMethodLinker.java:38)
	at application.LinkBasedOnQueue.processTest(LinkBasedOnQueue.java:193)
	at application.LinkBasedOnQueue.main(LinkBasedOnQueue.java:107)
Tue May 15 16:09:13 UTC 2018: Cannot add registration INSERT INTO registration (`test_method_id`, `method_class`, `method_code`, `method_code_sbt`, `unit_test_method_class`, `unit_test_method_name`, `unit_test_code`, `unit_test_code_sbt`, `method_name`) VALUES(?, ?, ?, ?, ?, ?, ?, ?, ?) for testClassID 37711
com.mysql.cj.jdbc.exceptions.MysqlDataTruncation: Data truncation: Data too long for column 'method_code_sbt' at row 1
	at com.mysql.cj.jdbc.exceptions.SQLExceptionsMapping.translateException(SQLExceptionsMapping.java:98)
	at com.mysql.cj.jdbc.PreparedStatement.executeInternal(PreparedStatement.java:1867)
	at com.mysql.cj.jdbc.PreparedStatement.executeUpdateInternal(PreparedStatement.java:2029)
	at com.mysql.cj.jdbc.PreparedStatement.executeUpdateInternal(PreparedStatement.java:1970)
	at com.mysql.cj.jdbc.PreparedStatement.executeLargeUpdate(PreparedStatement.java:4996)
	at com.mysql.cj.jdbc.PreparedStatement.executeUpdate(PreparedStatement.java:1955)
	at registration.CodeLinkToDatabase.addRegistration(CodeLinkToDatabase.java:128)
	at registration.CodeLinkToDatabase.foundMap(CodeLinkToDatabase.java:170)
	at linker.UnitTestLinker.reportFoundMappings(UnitTestLinker.java:96)
	at linker.UnitTestLinker.linkBasedOnMostMatch(UnitTestLinker.java:155)
	at linker.methods.BytecodeAnalysisWithLargestMatchingClass.linkToAllMethods(BytecodeAnalysisWithLargestMatchingClass.java:55)
	at linker.TestToMethodLinker.linkTestCaseCashedLinker(TestToMethodLinker.java:38)
	at application.LinkBasedOnQueue.processTest(LinkBasedOnQueue.java:193)
	at application.LinkBasedOnQueue.main(LinkBasedOnQueue.java:107)
Tue May 15 16:09:13 UTC 2018: Cannot add registration INSERT INTO registration (`test_method_id`, `method_class`, `method_code`, `method_code_sbt`, `unit_test_method_class`, `unit_test_method_name`, `unit_test_code`, `unit_test_code_sbt`, `method_name`) VALUES(?, ?, ?, ?, ?, ?, ?, ?, ?) for testClassID 37711
com.mysql.cj.jdbc.exceptions.MysqlDataTruncation: Data truncation: Data too long for column 'method_code_sbt' at row 1
	at com.mysql.cj.jdbc.exceptions.SQLExceptionsMapping.translateException(SQLExceptionsMapping.java:98)
	at com.mysql.cj.jdbc.PreparedStatement.executeInternal(PreparedStatement.java:1867)
	at com.mysql.cj.jdbc.PreparedStatement.executeUpdateInternal(PreparedStatement.java:2029)
	at com.mysql.cj.jdbc.PreparedStatement.executeUpdateInternal(PreparedStatement.java:1970)
	at com.mysql.cj.jdbc.PreparedStatement.executeLargeUpdate(PreparedStatement.java:4996)
	at com.mysql.cj.jdbc.PreparedStatement.executeUpdate(PreparedStatement.java:1955)
	at registration.CodeLinkToDatabase.addRegistration(CodeLinkToDatabase.java:128)
	at registration.CodeLinkToDatabase.foundMap(CodeLinkToDatabase.java:170)
	at linker.UnitTestLinker.reportFoundMappings(UnitTestLinker.java:96)
	at linker.UnitTestLinker.linkBasedOnMostMatch(UnitTestLinker.java:155)
	at linker.methods.BytecodeAnalysisWithLargestMatchingClass.linkToAllMethods(BytecodeAnalysisWithLargestMatchingClass.java:55)
	at linker.TestToMethodLinker.linkTestCaseCashedLinker(TestToMethodLinker.java:38)
	at application.LinkBasedOnQueue.processTest(LinkBasedOnQueue.java:193)
	at application.LinkBasedOnQueue.main(LinkBasedOnQueue.java:107)
Tue May 15 16:09:14 UTC 2018: Cannot add registration INSERT INTO registration (`test_method_id`, `method_class`, `method_code`, `method_code_sbt`, `unit_test_method_class`, `unit_test_method_name`, `unit_test_code`, `unit_test_code_sbt`, `method_name`) VALUES(?, ?, ?, ?, ?, ?, ?, ?, ?) for testClassID 37711
com.mysql.cj.jdbc.exceptions.MysqlDataTruncation: Data truncation: Data too long for column 'method_code_sbt' at row 1
	at com.mysql.cj.jdbc.exceptions.SQLExceptionsMapping.translateException(SQLExceptionsMapping.java:98)
	at com.mysql.cj.jdbc.PreparedStatement.executeInternal(PreparedStatement.java:1867)
	at com.mysql.cj.jdbc.PreparedStatement.executeUpdateInternal(PreparedStatement.java:2029)
	at com.mysql.cj.jdbc.PreparedStatement.executeUpdateInternal(PreparedStatement.java:1970)
	at com.mysql.cj.jdbc.PreparedStatement.executeLargeUpdate(PreparedStatement.java:4996)
	at com.mysql.cj.jdbc.PreparedStatement.executeUpdate(PreparedStatement.java:1955)
	at registration.CodeLinkToDatabase.addRegistration(CodeLinkToDatabase.java:128)
	at registration.CodeLinkToDatabase.foundMap(CodeLinkToDatabase.java:170)
	at linker.UnitTestLinker.reportFoundMappings(UnitTestLinker.java:96)
	at linker.UnitTestLinker.linkBasedOnMostMatch(UnitTestLinker.java:155)
	at linker.methods.BytecodeAnalysisWithLargestMatchingClass.linkToAllMethods(BytecodeAnalysisWithLargestMatchingClass.java:55)
	at linker.TestToMethodLinker.linkTestCaseCashedLinker(TestToMethodLinker.java:38)
	at application.LinkBasedOnQueue.processTest(LinkBasedOnQueue.java:193)
	at application.LinkBasedOnQueue.main(LinkBasedOnQueue.java:107)
Tue May 15 16:09:15 UTC 2018: Cannot add registration INSERT INTO registration (`test_method_id`, `method_class`, `method_code`, `method_code_sbt`, `unit_test_method_class`, `unit_test_method_name`, `unit_test_code`, `unit_test_code_sbt`, `method_name`) VALUES(?, ?, ?, ?, ?, ?, ?, ?, ?) for testClassID 37711
com.mysql.cj.jdbc.exceptions.MysqlDataTruncation: Data truncation: Data too long for column 'method_code_sbt' at row 1
	at com.mysql.cj.jdbc.exceptions.SQLExceptionsMapping.translateException(SQLExceptionsMapping.java:98)
	at com.mysql.cj.jdbc.PreparedStatement.executeInternal(PreparedStatement.java:1867)
	at com.mysql.cj.jdbc.PreparedStatement.executeUpdateInternal(PreparedStatement.java:2029)
	at com.mysql.cj.jdbc.PreparedStatement.executeUpdateInternal(PreparedStatement.java:1970)
	at com.mysql.cj.jdbc.PreparedStatement.executeLargeUpdate(PreparedStatement.java:4996)
	at com.mysql.cj.jdbc.PreparedStatement.executeUpdate(PreparedStatement.java:1955)
	at registration.CodeLinkToDatabase.addRegistration(CodeLinkToDatabase.java:128)
	at registration.CodeLinkToDatabase.foundMap(CodeLinkToDatabase.java:170)
	at linker.UnitTestLinker.reportFoundMappings(UnitTestLinker.java:96)
	at linker.UnitTestLinker.linkBasedOnMostMatch(UnitTestLinker.java:155)
	at linker.methods.BytecodeAnalysisWithLargestMatchingClass.linkToAllMethods(BytecodeAnalysisWithLargestMatchingClass.java:55)
	at linker.TestToMethodLinker.linkTestCaseCashedLinker(TestToMethodLinker.java:38)
	at application.LinkBasedOnQueue.processTest(LinkBasedOnQueue.java:193)
	at application.LinkBasedOnQueue.main(LinkBasedOnQueue.java:107)
