Wed May 16 02:52:39 UTC 2018: Database:jdbc:mysql://localhost:3306/unittests
Wed May 16 02:52:39 UTC 2018: Starting
Wed May 16 02:52:40 UTC 2018: Found element on the queue
Wed May 16 02:52:40 UTC 2018: Updating status
Wed May 16 02:52:40 UTC 2018: Working
Wed May 16 02:52:40 UTC 2018: Create project parser
Wed May 16 02:52:44 UTC 2018: Create slicer
Wed May 16 02:52:45 UTC 2018: Create call graph
Wed May 16 02:52:46 UTC 2018: Create point analysis
Wed May 16 02:52:46 UTC 2018: Create call graph done
Wed May 16 02:52:46 UTC 2018: Start krotscheck__jersey2-toolk test class net.krotscheck.jersey2.configuration.Jersey2ToolkitConfigTest
Wed May 16 02:52:46 UTC 2018: Setting lastTestMethodIndex: 58204
Wed May 16 02:52:46 UTC 2018: Starting linking
Wed May 16 02:52:46 UTC 2018: No link for: net.krotscheck.jersey2.configuration.Jersey2ToolkitConfigTest-testDebugVersionConfiguration
Wed May 16 02:52:46 UTC 2018: No link for: net.krotscheck.jersey2.configuration.Jersey2ToolkitConfigTest-testSystemOverride
Wed May 16 02:52:46 UTC 2018: No link for: net.krotscheck.jersey2.configuration.Jersey2ToolkitConfigTest-testReadFileProperty
Wed May 16 02:52:47 UTC 2018: No link for: net.krotscheck.jersey2.configuration.Jersey2ToolkitConfigTest-testUnreadableFile
Wed May 16 02:52:47 UTC 2018: No link for: net.krotscheck.jersey2.configuration.Jersey2ToolkitConfigTest-testMissingFile
Wed May 16 02:52:47 UTC 2018: Linking done for krotscheck__jersey2-toolk test class net.krotscheck.jersey2.configuration.Jersey2ToolkitConfigTest
Wed May 16 02:52:48 UTC 2018: Found element on the queue
Wed May 16 02:52:48 UTC 2018: Updating status
Wed May 16 02:52:48 UTC 2018: Working
Wed May 16 02:52:51 UTC 2018: Start krotscheck__jersey2-toolk test class net.krotscheck.jersey2.configuration.ConfigurationFeatureTest
Wed May 16 02:52:51 UTC 2018: Setting lastTestMethodIndex: 58207
Wed May 16 02:52:51 UTC 2018: Starting linking
Wed May 16 02:52:51 UTC 2018: No link for: net.krotscheck.jersey2.configuration.ConfigurationFeatureTest-testService
Wed May 16 02:52:51 UTC 2018: Linking done for krotscheck__jersey2-toolk test class net.krotscheck.jersey2.configuration.ConfigurationFeatureTest
Wed May 16 02:52:51 UTC 2018: Found element on the queue
Wed May 16 02:52:51 UTC 2018: Updating status
Wed May 16 02:52:51 UTC 2018: Working
Wed May 16 02:52:51 UTC 2018: Create project parser
Wed May 16 02:52:54 UTC 2018: Start krotscheck__jersey2-toolk test class net.krotscheck.jersey2.vfs2.VFS2FeatureTest
Wed May 16 02:52:54 UTC 2018: Setting lastTestMethodIndex: 58210
Wed May 16 02:52:54 UTC 2018: Starting linking
Wed May 16 02:52:54 UTC 2018: No link for: net.krotscheck.jersey2.vfs2.VFS2FeatureTest-testService
Wed May 16 02:52:54 UTC 2018: Linking done for krotscheck__jersey2-toolk test class net.krotscheck.jersey2.vfs2.VFS2FeatureTest
Wed May 16 02:52:55 UTC 2018: Found element on the queue
Wed May 16 02:52:55 UTC 2018: Updating status
Wed May 16 02:52:55 UTC 2018: Working
Wed May 16 02:52:57 UTC 2018: Start krotscheck__jersey2-toolk test class net.krotscheck.jersey2.vfs2.FileSystemManagerFactoryTest
Wed May 16 02:52:57 UTC 2018: Setting lastTestMethodIndex: 58211
Wed May 16 02:52:57 UTC 2018: Starting linking
Wed May 16 02:52:57 UTC 2018: Code found net.krotscheck.jersey2.vfs2.FileSystemManagerFactory-dispose with net.krotscheck.jersey2.vfs2.FileSystemManagerFactoryTest-testProvideDispose
Wed May 16 02:52:58 UTC 2018: Code found net.krotscheck.jersey2.vfs2.FileSystemManagerFactory-provide with net.krotscheck.jersey2.vfs2.FileSystemManagerFactoryTest-testProvideDisposeExceptions
Wed May 16 02:52:58 UTC 2018: Linking done for krotscheck__jersey2-toolk test class net.krotscheck.jersey2.vfs2.FileSystemManagerFactoryTest
