Tue May 15 17:10:36 UTC 2018: Database:jdbc:mysql://localhost:3306/unittests
Tue May 15 17:10:36 UTC 2018: Starting
Tue May 15 17:10:36 UTC 2018: Found element on the queue
Tue May 15 17:10:36 UTC 2018: Updating status
Tue May 15 17:10:36 UTC 2018: Working
Tue May 15 17:10:36 UTC 2018: Create project parser
Tue May 15 17:10:42 UTC 2018: Create slicer
Tue May 15 17:10:43 UTC 2018: Wala does not support this class: com.ibm.wala.shrikeCT.InvalidClassFileException: Class file invalid at 10: bad magic number: 1347093252
Tue May 15 17:10:43 UTC 2018: Wala does not support this class: com.ibm.wala.shrikeCT.InvalidClassFileException: Class file invalid at 10: bad magic number: 1010792557
Tue May 15 17:10:43 UTC 2018: Wala does not support this class: com.ibm.wala.shrikeCT.InvalidClassFileException: Class file invalid at 10: bad magic number: 1010792557
Tue May 15 17:10:43 UTC 2018: Wala does not support this class: com.ibm.wala.shrikeCT.InvalidClassFileException: Class file invalid at 10: bad magic number: 529205248
Tue May 15 17:10:43 UTC 2018: Wala does not support this class: com.ibm.wala.shrikeCT.InvalidClassFileException: Class file invalid at 10: bad magic number: 1010792557
Tue May 15 17:10:43 UTC 2018: Wala does not support this class: com.ibm.wala.shrikeCT.InvalidClassFileException: Class file invalid at 10: bad magic number: 1010792557
Tue May 15 17:10:43 UTC 2018: Wala does not support this class: com.ibm.wala.shrikeCT.InvalidClassFileException: Class file invalid at 10: bad magic number: 1347093252
Tue May 15 17:10:43 UTC 2018: Wala does not support this class: com.ibm.wala.shrikeCT.InvalidClassFileException: Class file invalid at 10: bad magic number: 1010792557
Tue May 15 17:10:43 UTC 2018: Wala does not support this class: com.ibm.wala.shrikeCT.InvalidClassFileException: Class file invalid at 10: bad magic number: 1010792557
Tue May 15 17:10:45 UTC 2018: Create call graph
Tue May 15 17:10:47 UTC 2018: Create point analysis
Tue May 15 17:10:47 UTC 2018: Create call graph done
Tue May 15 17:10:47 UTC 2018: Start fcrepo4-exts__fcrepo-camel test class org.fcrepo.camel.FcrepoEndpointTest
Tue May 15 17:10:47 UTC 2018: Setting lastTestMethodIndex: 39609
Tue May 15 17:10:47 UTC 2018: Starting linking
Tue May 15 17:10:47 UTC 2018: Code found org.fcrepo.camel.FcrepoEndpoint-createProducer with org.fcrepo.camel.FcrepoEndpointTest-testCreateProducer
Tue May 15 17:10:48 UTC 2018: Code found org.fcrepo.camel.FcrepoEndpoint-createTransactionTemplate with org.fcrepo.camel.FcrepoEndpointTest-testCreateTransactionTemplate
Tue May 15 17:10:48 UTC 2018: No link for: org.fcrepo.camel.FcrepoEndpointTest-testConfiguration
Tue May 15 17:10:48 UTC 2018: No link for: org.fcrepo.camel.FcrepoEndpointTest-testThrowExceptionOnFailure
Tue May 15 17:10:48 UTC 2018: No link for: org.fcrepo.camel.FcrepoEndpointTest-testMetadata
Tue May 15 17:10:48 UTC 2018: No link for: org.fcrepo.camel.FcrepoEndpointTest-testContentType
Tue May 15 17:10:49 UTC 2018: No link for: org.fcrepo.camel.FcrepoEndpointTest-testPreferInclude
Tue May 15 17:10:49 UTC 2018: No link for: org.fcrepo.camel.FcrepoEndpointTest-testFixity
Tue May 15 17:10:49 UTC 2018: No link for: org.fcrepo.camel.FcrepoEndpointTest-testAuthHost
Tue May 15 17:10:49 UTC 2018: No link for: org.fcrepo.camel.FcrepoEndpointTest-testSingleton
Tue May 15 17:10:49 UTC 2018: No link for: org.fcrepo.camel.FcrepoEndpointTest-testBaseUrl
Tue May 15 17:10:49 UTC 2018: No link for: org.fcrepo.camel.FcrepoEndpointTest-testAuthUser
Tue May 15 17:10:50 UTC 2018: No link for: org.fcrepo.camel.FcrepoEndpointTest-testAuthPassword
Tue May 15 17:10:50 UTC 2018: No link for: org.fcrepo.camel.FcrepoEndpointTest-testAccept
Tue May 15 17:10:50 UTC 2018: No link for: org.fcrepo.camel.FcrepoEndpointTest-testPreferOmit
Tue May 15 17:10:50 UTC 2018: No link for: org.fcrepo.camel.FcrepoEndpointTest-testNoConsumerCanBeCreated
Tue May 15 17:10:50 UTC 2018: No link for: org.fcrepo.camel.FcrepoEndpointTest-testBaseUrlWithScheme2
Tue May 15 17:10:50 UTC 2018: No link for: org.fcrepo.camel.FcrepoEndpointTest-testBaseUrlWithScheme1
Tue May 15 17:10:51 UTC 2018: No link for: org.fcrepo.camel.FcrepoEndpointTest-testBaseUrlWithScheme4
Tue May 15 17:10:51 UTC 2018: No link for: org.fcrepo.camel.FcrepoEndpointTest-testBaseUrlWithScheme3
Tue May 15 17:10:51 UTC 2018: Linking done for fcrepo4-exts__fcrepo-camel test class org.fcrepo.camel.FcrepoEndpointTest
Tue May 15 17:10:51 UTC 2018: Found element on the queue
Tue May 15 17:10:51 UTC 2018: Updating status
Tue May 15 17:10:51 UTC 2018: Working
Tue May 15 17:10:54 UTC 2018: Start fcrepo4-exts__fcrepo-camel test class org.fcrepo.camel.SparqlDeleteProcessorTest
Tue May 15 17:10:54 UTC 2018: Setting lastTestMethodIndex: 39613
Tue May 15 17:10:54 UTC 2018: Starting linking
Tue May 15 17:10:54 UTC 2018: No link for: org.fcrepo.camel.SparqlDeleteProcessorTest-missingHeaders
Tue May 15 17:10:54 UTC 2018: No link for: org.fcrepo.camel.SparqlDeleteProcessorTest-testDelete
Tue May 15 17:10:54 UTC 2018: Linking done for fcrepo4-exts__fcrepo-camel test class org.fcrepo.camel.SparqlDeleteProcessorTest
Tue May 15 17:10:55 UTC 2018: Found element on the queue
Tue May 15 17:10:55 UTC 2018: Updating status
Tue May 15 17:10:55 UTC 2018: Working
Tue May 15 17:10:58 UTC 2018: Start fcrepo4-exts__fcrepo-camel test class org.fcrepo.camel.FcrepoConstantsTest
Tue May 15 17:10:58 UTC 2018: Setting lastTestMethodIndex: 39615
Tue May 15 17:10:58 UTC 2018: Starting linking
Tue May 15 17:10:58 UTC 2018: No link for: org.fcrepo.camel.FcrepoConstantsTest-testFcrepoHeaders
Tue May 15 17:10:58 UTC 2018: No link for: org.fcrepo.camel.FcrepoConstantsTest-testConstants
Tue May 15 17:10:58 UTC 2018: Linking done for fcrepo4-exts__fcrepo-camel test class org.fcrepo.camel.FcrepoConstantsTest
Tue May 15 17:10:59 UTC 2018: Found element on the queue
Tue May 15 17:10:59 UTC 2018: Updating status
Tue May 15 17:10:59 UTC 2018: Working
Tue May 15 17:11:01 UTC 2018: Start fcrepo4-exts__fcrepo-camel test class org.fcrepo.camel.LdnProcessorTest
Tue May 15 17:11:01 UTC 2018: Setting lastTestMethodIndex: 39617
Tue May 15 17:11:01 UTC 2018: Starting linking
Tue May 15 17:11:01 UTC 2018: No link for: org.fcrepo.camel.LdnProcessorTest-testLdnProcessor
Tue May 15 17:11:01 UTC 2018: Linking done for fcrepo4-exts__fcrepo-camel test class org.fcrepo.camel.LdnProcessorTest
Tue May 15 17:11:02 UTC 2018: Found element on the queue
Tue May 15 17:11:02 UTC 2018: Updating status
Tue May 15 17:11:02 UTC 2018: Working
Tue May 15 17:11:05 UTC 2018: Start fcrepo4-exts__fcrepo-camel test class org.fcrepo.camel.FcrepoComponentTest
Tue May 15 17:11:05 UTC 2018: Setting lastTestMethodIndex: 39619
Tue May 15 17:11:05 UTC 2018: Starting linking
Tue May 15 17:11:05 UTC 2018: Code found org.fcrepo.camel.FcrepoComponent-createEndpoint with org.fcrepo.camel.FcrepoComponentTest-testCreateEndpoint
Tue May 15 17:11:05 UTC 2018: Code found org.fcrepo.camel.FcrepoComponent-createEndpoint with org.fcrepo.camel.FcrepoComponentTest-testCreateEndpointFromDefaultConstructor
Tue May 15 17:11:05 UTC 2018: Code found org.fcrepo.camel.FcrepoComponent-createEndpoint with org.fcrepo.camel.FcrepoComponentTest-testCreateEndpointFromConfig
Tue May 15 17:11:05 UTC 2018: No link for: org.fcrepo.camel.FcrepoComponentTest-testPostConfiguredComponent
Tue May 15 17:11:05 UTC 2018: No link for: org.fcrepo.camel.FcrepoComponentTest-testPreConfiguredComponent
Tue May 15 17:11:05 UTC 2018: Linking done for fcrepo4-exts__fcrepo-camel test class org.fcrepo.camel.FcrepoComponentTest
Tue May 15 17:11:06 UTC 2018: Found element on the queue
Tue May 15 17:11:06 UTC 2018: Updating status
Tue May 15 17:11:06 UTC 2018: Working
Tue May 15 17:11:08 UTC 2018: Start fcrepo4-exts__fcrepo-camel test class org.fcrepo.camel.EventProcessorTest
Tue May 15 17:11:08 UTC 2018: Setting lastTestMethodIndex: 39621
Tue May 15 17:11:08 UTC 2018: Starting linking
Tue May 15 17:11:08 UTC 2018: No link for: org.fcrepo.camel.EventProcessorTest-testEventProcessor
Tue May 15 17:11:09 UTC 2018: Linking done for fcrepo4-exts__fcrepo-camel test class org.fcrepo.camel.EventProcessorTest
Tue May 15 17:11:09 UTC 2018: Found element on the queue
Tue May 15 17:11:09 UTC 2018: Updating status
Tue May 15 17:11:09 UTC 2018: Working
Tue May 15 17:11:12 UTC 2018: Start fcrepo4-exts__fcrepo-camel test class org.fcrepo.camel.SparqlUpdateProcessorTest
Tue May 15 17:11:12 UTC 2018: Setting lastTestMethodIndex: 39623
Tue May 15 17:11:12 UTC 2018: Starting linking
Tue May 15 17:11:12 UTC 2018: No link for: org.fcrepo.camel.SparqlUpdateProcessorTest-testNamedGraph
Tue May 15 17:11:12 UTC 2018: No link for: org.fcrepo.camel.SparqlUpdateProcessorTest-testUpdate
Tue May 15 17:11:12 UTC 2018: Linking done for fcrepo4-exts__fcrepo-camel test class org.fcrepo.camel.SparqlUpdateProcessorTest
Tue May 15 17:11:13 UTC 2018: Found element on the queue
Tue May 15 17:11:13 UTC 2018: Updating status
Tue May 15 17:11:13 UTC 2018: Working
Tue May 15 17:11:15 UTC 2018: Start fcrepo4-exts__fcrepo-camel test class org.fcrepo.camel.SparqlInsertProcessorTest
Tue May 15 17:11:15 UTC 2018: Setting lastTestMethodIndex: 39625
Tue May 15 17:11:15 UTC 2018: Starting linking
Tue May 15 17:11:15 UTC 2018: No link for: org.fcrepo.camel.SparqlInsertProcessorTest-testInsert
Tue May 15 17:11:15 UTC 2018: Linking done for fcrepo4-exts__fcrepo-camel test class org.fcrepo.camel.SparqlInsertProcessorTest
Tue May 15 17:11:16 UTC 2018: Found element on the queue
Tue May 15 17:11:16 UTC 2018: Updating status
Tue May 15 17:11:16 UTC 2018: Working
Tue May 15 17:11:18 UTC 2018: Start fcrepo4-exts__fcrepo-camel test class org.fcrepo.camel.FcrepoTransactionManagerTest
Tue May 15 17:11:18 UTC 2018: Setting lastTestMethodIndex: 39627
Tue May 15 17:11:18 UTC 2018: Starting linking
Tue May 15 17:11:18 UTC 2018: No code found org.fcrepo.camel.FcrepoTransactionManager-commit with org.fcrepo.camel.FcrepoTransactionManagerTest-testTransactionCommit
Tue May 15 17:11:18 UTC 2018: No code found org.fcrepo.camel.FcrepoTransactionManager-commit with org.fcrepo.camel.FcrepoTransactionManagerTest-testTransactionCommitError
Tue May 15 17:11:18 UTC 2018: No code found org.fcrepo.camel.FcrepoTransactionManager-rollback with org.fcrepo.camel.FcrepoTransactionManagerTest-testTransactionRollbackError
Tue May 15 17:11:19 UTC 2018: No code found org.fcrepo.camel.FcrepoTransactionManager-rollback with org.fcrepo.camel.FcrepoTransactionManagerTest-testTransactionRollback
Tue May 15 17:11:19 UTC 2018: No link for: org.fcrepo.camel.FcrepoTransactionManagerTest-testTransactionBeginNoLocationError
Tue May 15 17:11:19 UTC 2018: No link for: org.fcrepo.camel.FcrepoTransactionManagerTest-testTransactionBeginError
Tue May 15 17:11:19 UTC 2018: No link for: org.fcrepo.camel.FcrepoTransactionManagerTest-testTransactionNullResponseError
Tue May 15 17:11:19 UTC 2018: No link for: org.fcrepo.camel.FcrepoTransactionManagerTest-testProperties
Tue May 15 17:11:19 UTC 2018: Linking done for fcrepo4-exts__fcrepo-camel test class org.fcrepo.camel.FcrepoTransactionManagerTest
Tue May 15 17:11:20 UTC 2018: Found element on the queue
Tue May 15 17:11:20 UTC 2018: Updating status
Tue May 15 17:11:20 UTC 2018: Working
Tue May 15 17:11:22 UTC 2018: Start fcrepo4-exts__fcrepo-camel test class org.fcrepo.camel.SparqlDescribeProcessorTest
Tue May 15 17:11:22 UTC 2018: Setting lastTestMethodIndex: 39630
Tue May 15 17:11:22 UTC 2018: Starting linking
Tue May 15 17:11:22 UTC 2018: No link for: org.fcrepo.camel.SparqlDescribeProcessorTest-testDescribe
Tue May 15 17:11:23 UTC 2018: No link for: org.fcrepo.camel.SparqlDescribeProcessorTest-missingHeaders
Tue May 15 17:11:23 UTC 2018: Linking done for fcrepo4-exts__fcrepo-camel test class org.fcrepo.camel.SparqlDescribeProcessorTest
Tue May 15 17:11:23 UTC 2018: Found element on the queue
Tue May 15 17:11:23 UTC 2018: Updating status
Tue May 15 17:11:23 UTC 2018: Working
Tue May 15 17:11:26 UTC 2018: Start fcrepo4-exts__fcrepo-camel test class org.fcrepo.camel.ProcessorUtilsTest
Tue May 15 17:11:26 UTC 2018: Setting lastTestMethodIndex: 39632
Tue May 15 17:11:26 UTC 2018: Starting linking
Tue May 15 17:11:26 UTC 2018: No link for: org.fcrepo.camel.ProcessorUtilsTest-testPropertyTokenizerEmpty1
Tue May 15 17:11:26 UTC 2018: No link for: org.fcrepo.camel.ProcessorUtilsTest-testPropertyTokenizerWhitespace2
Tue May 15 17:11:26 UTC 2018: No link for: org.fcrepo.camel.ProcessorUtilsTest-testPropertyTokenizerSimple
Tue May 15 17:11:26 UTC 2018: No link for: org.fcrepo.camel.ProcessorUtilsTest-testPropertyTokenizerNotDefined
Tue May 15 17:11:26 UTC 2018: No link for: org.fcrepo.camel.ProcessorUtilsTest-testPropertyTokenizerSingleton
Tue May 15 17:11:26 UTC 2018: No link for: org.fcrepo.camel.ProcessorUtilsTest-testPropertyTokenizerWhitespace1
Tue May 15 17:11:27 UTC 2018: No link for: org.fcrepo.camel.ProcessorUtilsTest-testPropertyTokenizerEmpty2
Tue May 15 17:11:27 UTC 2018: Linking done for fcrepo4-exts__fcrepo-camel test class org.fcrepo.camel.ProcessorUtilsTest
Tue May 15 17:11:27 UTC 2018: Found element on the queue
Tue May 15 17:11:27 UTC 2018: Updating status
Tue May 15 17:11:27 UTC 2018: Working
Tue May 15 17:11:30 UTC 2018: Start fcrepo4-exts__fcrepo-camel test class org.fcrepo.camel.FcrepoProducerTest
Tue May 15 17:11:30 UTC 2018: Setting lastTestMethodIndex: 39634
Tue May 15 17:11:30 UTC 2018: Starting linking
Tue May 15 17:11:30 UTC 2018: No link for: org.fcrepo.camel.FcrepoProducerTest-testPatchProducer
Tue May 15 17:11:30 UTC 2018: No link for: org.fcrepo.camel.FcrepoProducerTest-testHeadProducer
Tue May 15 17:11:30 UTC 2018: No link for: org.fcrepo.camel.FcrepoProducerTest-testGetPreferIncludeShortEndpointProducer
Tue May 15 17:11:30 UTC 2018: No link for: org.fcrepo.camel.FcrepoProducerTest-testGetBinaryProducer
Tue May 15 17:11:30 UTC 2018: No link for: org.fcrepo.camel.FcrepoProducerTest-testGetAcceptHeaderProducer
Tue May 15 17:11:31 UTC 2018: No link for: org.fcrepo.camel.FcrepoProducerTest-testPostContentTypeEndpointProducer
Tue May 15 17:11:31 UTC 2018: No link for: org.fcrepo.camel.FcrepoProducerTest-testGetPreferOmitShortEndpointProducer
Tue May 15 17:11:31 UTC 2018: No link for: org.fcrepo.camel.FcrepoProducerTest-testGetPreferHeaderProducer
Tue May 15 17:11:31 UTC 2018: No link for: org.fcrepo.camel.FcrepoProducerTest-testGetFixity
Tue May 15 17:11:31 UTC 2018: No link for: org.fcrepo.camel.FcrepoProducerTest-testGetProducer
Tue May 15 17:11:31 UTC 2018: No link for: org.fcrepo.camel.FcrepoProducerTest-testStreamCaching
Tue May 15 17:11:32 UTC 2018: No link for: org.fcrepo.camel.FcrepoProducerTest-testGetAcceptEndpointProducer
Tue May 15 17:11:32 UTC 2018: No link for: org.fcrepo.camel.FcrepoProducerTest-testPreferProperties
Tue May 15 17:11:32 UTC 2018: No link for: org.fcrepo.camel.FcrepoProducerTest-testTransactedGetProducer
Tue May 15 17:11:32 UTC 2018: No link for: org.fcrepo.camel.FcrepoProducerTest-testNoStreamCaching
Tue May 15 17:11:32 UTC 2018: No link for: org.fcrepo.camel.FcrepoProducerTest-testGetSecureProducer
Tue May 15 17:11:32 UTC 2018: No link for: org.fcrepo.camel.FcrepoProducerTest-testDeleteProducer
Tue May 15 17:11:32 UTC 2018: No link for: org.fcrepo.camel.FcrepoProducerTest-testGetPreferOmitLongEndpointProducer
Tue May 15 17:11:33 UTC 2018: No link for: org.fcrepo.camel.FcrepoProducerTest-testGetSecureProducerWithScheme
Tue May 15 17:11:33 UTC 2018: No link for: org.fcrepo.camel.FcrepoProducerTest-testTransactedProducerWithError
Tue May 15 17:11:33 UTC 2018: No link for: org.fcrepo.camel.FcrepoProducerTest-testGetPreferIncludeLongEndpointProducer
Tue May 15 17:11:33 UTC 2018: No link for: org.fcrepo.camel.FcrepoProducerTest-testGetRootProducer
Tue May 15 17:11:33 UTC 2018: No link for: org.fcrepo.camel.FcrepoProducerTest-testPostProducer
Tue May 15 17:11:33 UTC 2018: No link for: org.fcrepo.camel.FcrepoProducerTest-testGetProducerWithScheme
Tue May 15 17:11:34 UTC 2018: No link for: org.fcrepo.camel.FcrepoProducerTest-testPutProducer
Tue May 15 17:11:34 UTC 2018: Linking done for fcrepo4-exts__fcrepo-camel test class org.fcrepo.camel.FcrepoProducerTest
Tue May 15 17:11:34 UTC 2018: Found element on the queue
Tue May 15 17:11:34 UTC 2018: Updating status
Tue May 15 17:11:34 UTC 2018: Working
Tue May 15 17:11:37 UTC 2018: Start fcrepo4-exts__fcrepo-camel test class org.fcrepo.camel.FcrepoPreferTest
Tue May 15 17:11:37 UTC 2018: Setting lastTestMethodIndex: 39638
Tue May 15 17:11:37 UTC 2018: Starting linking
Tue May 15 17:11:37 UTC 2018: No link for: org.fcrepo.camel.FcrepoPreferTest-testPreferOmitMultiple
Tue May 15 17:11:37 UTC 2018: No link for: org.fcrepo.camel.FcrepoPreferTest-testPreferIncludeMultiple
Tue May 15 17:11:38 UTC 2018: No link for: org.fcrepo.camel.FcrepoPreferTest-testPreferInclude
Tue May 15 17:11:38 UTC 2018: No link for: org.fcrepo.camel.FcrepoPreferTest-testPreferOmit
Tue May 15 17:11:38 UTC 2018: Linking done for fcrepo4-exts__fcrepo-camel test class org.fcrepo.camel.FcrepoPreferTest
