Tue May 15 17:45:32 UTC 2018: Database:jdbc:mysql://localhost:3306/unittests
Tue May 15 17:45:32 UTC 2018: Starting
Tue May 15 17:45:33 UTC 2018: Found element on the queue
Tue May 15 17:45:33 UTC 2018: Updating status
Tue May 15 17:45:33 UTC 2018: Working
Tue May 15 17:45:33 UTC 2018: Create project parser
Tue May 15 17:45:34 UTC 2018: Found element on the queue
Tue May 15 17:45:34 UTC 2018: Updating status
Tue May 15 17:45:34 UTC 2018: Working
Tue May 15 17:45:35 UTC 2018: Found element on the queue
Tue May 15 17:45:35 UTC 2018: Updating status
Tue May 15 17:45:35 UTC 2018: Working
Tue May 15 17:45:35 UTC 2018: Create project parser
Tue May 15 17:45:36 UTC 2018: Found element on the queue
Tue May 15 17:45:36 UTC 2018: Updating status
Tue May 15 17:45:36 UTC 2018: Working
Tue May 15 17:45:37 UTC 2018: Found element on the queue
Tue May 15 17:45:37 UTC 2018: Updating status
Tue May 15 17:45:37 UTC 2018: Working
Tue May 15 17:45:37 UTC 2018: Create project parser
Tue May 15 17:45:39 UTC 2018: Found element on the queue
Tue May 15 17:45:39 UTC 2018: Updating status
Tue May 15 17:45:39 UTC 2018: Working
Tue May 15 17:45:39 UTC 2018: Create project parser
Tue May 15 17:45:39 UTC 2018: Found element on the queue
Tue May 15 17:45:39 UTC 2018: Updating status
Tue May 15 17:45:39 UTC 2018: Working
Tue May 15 17:45:40 UTC 2018: Found element on the queue
Tue May 15 17:45:40 UTC 2018: Updating status
Tue May 15 17:45:40 UTC 2018: Working
Tue May 15 17:45:40 UTC 2018: Create project parser
Tue May 15 17:45:41 UTC 2018: Found element on the queue
Tue May 15 17:45:41 UTC 2018: Updating status
Tue May 15 17:45:41 UTC 2018: Working
Tue May 15 17:45:41 UTC 2018: Found element on the queue
Tue May 15 17:45:41 UTC 2018: Updating status
Tue May 15 17:45:41 UTC 2018: Working
Tue May 15 17:45:41 UTC 2018: Found element on the queue
Tue May 15 17:45:41 UTC 2018: Updating status
Tue May 15 17:45:41 UTC 2018: Working
Tue May 15 17:45:42 UTC 2018: Found element on the queue
Tue May 15 17:45:42 UTC 2018: Updating status
Tue May 15 17:45:42 UTC 2018: Working
Tue May 15 17:45:42 UTC 2018: Create project parser
Tue May 15 17:45:43 UTC 2018: Found element on the queue
Tue May 15 17:45:43 UTC 2018: Updating status
Tue May 15 17:45:43 UTC 2018: Working
