Wed May 16 06:57:58 UTC 2018: Database:jdbc:mysql://localhost:3306/unittests
Wed May 16 06:57:58 UTC 2018: Starting
Wed May 16 06:57:59 UTC 2018: Found element on the queue
Wed May 16 06:57:59 UTC 2018: Updating status
Wed May 16 06:57:59 UTC 2018: Working
Wed May 16 06:57:59 UTC 2018: Create project parser
Wed May 16 06:58:06 UTC 2018: Found element on the queue
Wed May 16 06:58:06 UTC 2018: Updating status
Wed May 16 06:58:06 UTC 2018: Working
Wed May 16 06:58:07 UTC 2018: Found element on the queue
Wed May 16 06:58:07 UTC 2018: Updating status
Wed May 16 06:58:07 UTC 2018: Working
Wed May 16 06:58:07 UTC 2018: Found element on the queue
Wed May 16 06:58:07 UTC 2018: Updating status
Wed May 16 06:58:07 UTC 2018: Working
Wed May 16 06:58:07 UTC 2018: Found element on the queue
Wed May 16 06:58:07 UTC 2018: Updating status
Wed May 16 06:58:07 UTC 2018: Working
Wed May 16 06:58:08 UTC 2018: Found element on the queue
Wed May 16 06:58:08 UTC 2018: Updating status
Wed May 16 06:58:08 UTC 2018: Working
Wed May 16 06:58:08 UTC 2018: Found element on the queue
Wed May 16 06:58:08 UTC 2018: Updating status
Wed May 16 06:58:08 UTC 2018: Working
Wed May 16 06:58:09 UTC 2018: Found element on the queue
Wed May 16 06:58:09 UTC 2018: Updating status
Wed May 16 06:58:09 UTC 2018: Working
Wed May 16 06:58:09 UTC 2018: Found element on the queue
Wed May 16 06:58:09 UTC 2018: Updating status
Wed May 16 06:58:09 UTC 2018: Working
Wed May 16 06:58:09 UTC 2018: Found element on the queue
Wed May 16 06:58:09 UTC 2018: Updating status
Wed May 16 06:58:09 UTC 2018: Working
Wed May 16 06:58:10 UTC 2018: Found element on the queue
Wed May 16 06:58:10 UTC 2018: Updating status
Wed May 16 06:58:10 UTC 2018: Working
Wed May 16 06:58:10 UTC 2018: Found element on the queue
Wed May 16 06:58:10 UTC 2018: Updating status
Wed May 16 06:58:10 UTC 2018: Working
Wed May 16 06:58:11 UTC 2018: Found element on the queue
Wed May 16 06:58:11 UTC 2018: Updating status
Wed May 16 06:58:11 UTC 2018: Working
Wed May 16 06:58:11 UTC 2018: Found element on the queue
Wed May 16 06:58:11 UTC 2018: Updating status
Wed May 16 06:58:11 UTC 2018: Working
Wed May 16 06:58:12 UTC 2018: Found element on the queue
Wed May 16 06:58:12 UTC 2018: Updating status
Wed May 16 06:58:12 UTC 2018: Working
Wed May 16 06:58:12 UTC 2018: Found element on the queue
Wed May 16 06:58:12 UTC 2018: Updating status
Wed May 16 06:58:12 UTC 2018: Working
Wed May 16 06:58:12 UTC 2018: Found element on the queue
Wed May 16 06:58:12 UTC 2018: Updating status
Wed May 16 06:58:12 UTC 2018: Working
Wed May 16 06:58:13 UTC 2018: Found element on the queue
Wed May 16 06:58:13 UTC 2018: Updating status
Wed May 16 06:58:13 UTC 2018: Working
Wed May 16 06:58:13 UTC 2018: Found element on the queue
Wed May 16 06:58:13 UTC 2018: Updating status
Wed May 16 06:58:13 UTC 2018: Working
Wed May 16 06:58:14 UTC 2018: Found element on the queue
Wed May 16 06:58:14 UTC 2018: Updating status
Wed May 16 06:58:14 UTC 2018: Working
Wed May 16 06:58:14 UTC 2018: Found element on the queue
Wed May 16 06:58:14 UTC 2018: Updating status
Wed May 16 06:58:14 UTC 2018: Working
Wed May 16 06:58:14 UTC 2018: Found element on the queue
Wed May 16 06:58:14 UTC 2018: Updating status
Wed May 16 06:58:14 UTC 2018: Working
Wed May 16 06:58:15 UTC 2018: Found element on the queue
Wed May 16 06:58:15 UTC 2018: Updating status
Wed May 16 06:58:15 UTC 2018: Working
Wed May 16 06:58:15 UTC 2018: Found element on the queue
Wed May 16 06:58:15 UTC 2018: Updating status
Wed May 16 06:58:15 UTC 2018: Working
Wed May 16 06:58:16 UTC 2018: Found element on the queue
Wed May 16 06:58:16 UTC 2018: Updating status
Wed May 16 06:58:16 UTC 2018: Working
Wed May 16 06:58:16 UTC 2018: Found element on the queue
Wed May 16 06:58:16 UTC 2018: Updating status
Wed May 16 06:58:16 UTC 2018: Working
Wed May 16 06:58:16 UTC 2018: Found element on the queue
Wed May 16 06:58:16 UTC 2018: Updating status
Wed May 16 06:58:16 UTC 2018: Working
Wed May 16 06:58:17 UTC 2018: Found element on the queue
Wed May 16 06:58:17 UTC 2018: Updating status
Wed May 16 06:58:17 UTC 2018: Working
Wed May 16 06:58:17 UTC 2018: Found element on the queue
Wed May 16 06:58:17 UTC 2018: Updating status
Wed May 16 06:58:17 UTC 2018: Working
Wed May 16 06:58:18 UTC 2018: Found element on the queue
Wed May 16 06:58:18 UTC 2018: Updating status
Wed May 16 06:58:18 UTC 2018: Working
Wed May 16 06:58:18 UTC 2018: Found element on the queue
Wed May 16 06:58:18 UTC 2018: Updating status
Wed May 16 06:58:18 UTC 2018: Working
Wed May 16 06:58:18 UTC 2018: Found element on the queue
Wed May 16 06:58:18 UTC 2018: Updating status
Wed May 16 06:58:18 UTC 2018: Working
Wed May 16 06:58:19 UTC 2018: Found element on the queue
Wed May 16 06:58:19 UTC 2018: Updating status
Wed May 16 06:58:19 UTC 2018: Working
Wed May 16 06:58:19 UTC 2018: Found element on the queue
Wed May 16 06:58:19 UTC 2018: Updating status
Wed May 16 06:58:19 UTC 2018: Working
Wed May 16 06:58:20 UTC 2018: Found element on the queue
Wed May 16 06:58:20 UTC 2018: Updating status
Wed May 16 06:58:20 UTC 2018: Working
Wed May 16 06:58:20 UTC 2018: Found element on the queue
Wed May 16 06:58:20 UTC 2018: Updating status
Wed May 16 06:58:20 UTC 2018: Working
