Tue May 15 22:01:34 UTC 2018: Database:jdbc:mysql://localhost:3306/unittests
Tue May 15 22:01:35 UTC 2018: Starting
Tue May 15 22:01:36 UTC 2018: Found element on the queue
Tue May 15 22:01:36 UTC 2018: Updating status
Tue May 15 22:01:36 UTC 2018: Working
Tue May 15 22:01:36 UTC 2018: Create project parser
Tue May 15 22:01:45 UTC 2018: Create slicer
Tue May 15 22:01:49 UTC 2018: Create call graph
Tue May 15 22:01:50 UTC 2018: Create point analysis
Tue May 15 22:01:50 UTC 2018: Create call graph done
Tue May 15 22:01:50 UTC 2018: Start ichekhovskikh__filmography test class mvc.model.GenreTest
Tue May 15 22:01:50 UTC 2018: Setting lastTestMethodIndex: 48761
Tue May 15 22:01:50 UTC 2018: Starting linking
Tue May 15 22:01:50 UTC 2018: No link for: mvc.model.GenreTest-testRemoveGenre
Tue May 15 22:01:50 UTC 2018: No link for: mvc.model.GenreTest-testAddGenre
Tue May 15 22:01:51 UTC 2018: No link for: mvc.model.GenreTest-testGetGenre
Tue May 15 22:01:51 UTC 2018: Linking done for ichekhovskikh__filmography test class mvc.model.GenreTest
Tue May 15 22:01:52 UTC 2018: Found element on the queue
Tue May 15 22:01:52 UTC 2018: Updating status
Tue May 15 22:01:52 UTC 2018: Working
Tue May 15 22:01:55 UTC 2018: Start ichekhovskikh__filmography test class mvc.model.ProducerTest
Tue May 15 22:01:55 UTC 2018: Setting lastTestMethodIndex: 48763
Tue May 15 22:01:55 UTC 2018: Starting linking
Tue May 15 22:01:55 UTC 2018: No link for: mvc.model.ProducerTest-testAddProducer
Tue May 15 22:01:55 UTC 2018: No link for: mvc.model.ProducerTest-testRemoveProducer
Tue May 15 22:01:56 UTC 2018: No link for: mvc.model.ProducerTest-testGetBand
Tue May 15 22:01:57 UTC 2018: Linking done for ichekhovskikh__filmography test class mvc.model.ProducerTest
Tue May 15 22:01:57 UTC 2018: Found element on the queue
Tue May 15 22:01:57 UTC 2018: Updating status
Tue May 15 22:01:57 UTC 2018: Working
Tue May 15 22:02:01 UTC 2018: Start ichekhovskikh__filmography test class mvc.model.FilmTest
Tue May 15 22:02:01 UTC 2018: Setting lastTestMethodIndex: 48765
Tue May 15 22:02:01 UTC 2018: Starting linking
Tue May 15 22:02:01 UTC 2018: No link for: mvc.model.FilmTest-testAddFilm
Tue May 15 22:02:01 UTC 2018: No link for: mvc.model.FilmTest-testRemoveFilm
Tue May 15 22:02:02 UTC 2018: No link for: mvc.model.FilmTest-testGetFilm
Tue May 15 22:02:02 UTC 2018: Linking done for ichekhovskikh__filmography test class mvc.model.FilmTest
Tue May 15 22:02:03 UTC 2018: Found element on the queue
Tue May 15 22:02:03 UTC 2018: Updating status
Tue May 15 22:02:03 UTC 2018: Working
Tue May 15 22:02:06 UTC 2018: Start ichekhovskikh__filmography test class mvc.model.FranchiseTest
Tue May 15 22:02:06 UTC 2018: Setting lastTestMethodIndex: 48767
Tue May 15 22:02:06 UTC 2018: Starting linking
Tue May 15 22:02:06 UTC 2018: No link for: mvc.model.FranchiseTest-testAddFranchise
Tue May 15 22:02:07 UTC 2018: No link for: mvc.model.FranchiseTest-testGetAlbum
Tue May 15 22:02:07 UTC 2018: No link for: mvc.model.FranchiseTest-testRemoveFranchise
Tue May 15 22:02:07 UTC 2018: Linking done for ichekhovskikh__filmography test class mvc.model.FranchiseTest
