Tue May 15 16:56:12 UTC 2018: Database:jdbc:mysql://localhost:3306/unittests
Tue May 15 16:56:12 UTC 2018: Starting
Tue May 15 16:56:13 UTC 2018: Found element on the queue
Tue May 15 16:56:13 UTC 2018: Updating status
Tue May 15 16:56:13 UTC 2018: Working
Tue May 15 16:56:13 UTC 2018: Create project parser
Tue May 15 16:56:16 UTC 2018: Create slicer
Tue May 15 16:56:18 UTC 2018: Create call graph
Tue May 15 16:56:19 UTC 2018: Create point analysis
Tue May 15 16:56:19 UTC 2018: Create call graph done
Tue May 15 16:56:19 UTC 2018: Start Eztlinho__TestingLesson test class ZombieTest
Tue May 15 16:56:19 UTC 2018: Setting lastTestMethodIndex: 39140
Tue May 15 16:56:19 UTC 2018: Starting linking
Tue May 15 16:56:20 UTC 2018: Code found Human-getHitForce with ZombieTest-getHitForce_15ForceAndLevel1_165
Tue May 15 16:56:20 UTC 2018: No link for: ZombieTest-defaultConstructor
Tue May 15 16:56:20 UTC 2018: Linking done for Eztlinho__TestingLesson test class ZombieTest
Tue May 15 16:56:20 UTC 2018: Found element on the queue
Tue May 15 16:56:20 UTC 2018: Updating status
Tue May 15 16:56:20 UTC 2018: Working
Tue May 15 16:56:23 UTC 2018: Start Eztlinho__TestingLesson test class GameIntegrationTest
Tue May 15 16:56:23 UTC 2018: Setting lastTestMethodIndex: 39142
Tue May 15 16:56:23 UTC 2018: Starting linking
Tue May 15 16:56:23 UTC 2018: No link for: GameIntegrationTest-testGame
Tue May 15 16:56:23 UTC 2018: Linking done for Eztlinho__TestingLesson test class GameIntegrationTest
Tue May 15 16:56:23 UTC 2018: Found element on the queue
Tue May 15 16:56:23 UTC 2018: Updating status
Tue May 15 16:56:23 UTC 2018: Working
Tue May 15 16:56:26 UTC 2018: Start Eztlinho__TestingLesson test class PraetorianTest
Tue May 15 16:56:26 UTC 2018: Setting lastTestMethodIndex: 39144
Tue May 15 16:56:26 UTC 2018: Starting linking
Tue May 15 16:56:26 UTC 2018: Code found Praetorian-getHitForce with PraetorianTest-getHitForce_20ForceAndLevel3
Tue May 15 16:56:26 UTC 2018: Code found Praetorian-setLife with PraetorianTest-setLife
Tue May 15 16:56:26 UTC 2018: Code found Praetorian-getLife with PraetorianTest-getLife_isEqualsTo_150
Tue May 15 16:56:26 UTC 2018: Code found Praetorian-getHitForce with PraetorianTest-getHitForce_15ForceAndLevel1_165
Tue May 15 16:56:26 UTC 2018: Code found Praetorian-hit with PraetorianTest-hit_setVictimsLife
Tue May 15 16:56:26 UTC 2018: Code found Praetorian-getHitForce with PraetorianTest-getHitForce_RandomHigherThan95_CriticalForce
Tue May 15 16:56:27 UTC 2018: Code found Praetorian-hit with PraetorianTest-hit_victimAlreadyDead_ThrowException
Tue May 15 16:56:27 UTC 2018: No link for: PraetorianTest-defaultConstructor
Tue May 15 16:56:27 UTC 2018: Linking done for Eztlinho__TestingLesson test class PraetorianTest
