Wed May 16 00:54:50 UTC 2018: Database:jdbc:mysql://localhost:3306/unittests
Wed May 16 00:54:50 UTC 2018: Starting
Wed May 16 00:54:50 UTC 2018: Found element on the queue
Wed May 16 00:54:50 UTC 2018: Updating status
Wed May 16 00:54:50 UTC 2018: Working
Wed May 16 00:54:50 UTC 2018: Create project parser
Wed May 16 00:54:57 UTC 2018: Create slicer
Wed May 16 00:54:58 UTC 2018: Create call graph
Wed May 16 00:55:02 UTC 2018: Create point analysis
Wed May 16 00:55:02 UTC 2018: Create call graph done
Wed May 16 00:55:02 UTC 2018: Start jodyyangyh__mongo-java-orm test class com.googlecode.mjorm.XmlObjectDescriptorParserTest
Wed May 16 00:55:02 UTC 2018: Setting lastTestMethodIndex: 54026
Wed May 16 00:55:02 UTC 2018: Starting linking
Wed May 16 00:55:02 UTC 2018: Code found com.googlecode.mjorm.XmlObjectDescriptorParser-parseDocument with com.googlecode.mjorm.XmlObjectDescriptorParserTest-testParseDocument_City
Wed May 16 00:55:02 UTC 2018: Code found com.googlecode.mjorm.XmlObjectDescriptorParser-parseDocument with com.googlecode.mjorm.XmlObjectDescriptorParserTest-testParseDocument_SuperDuperOverride
Wed May 16 00:55:03 UTC 2018: Code found com.googlecode.mjorm.XmlObjectDescriptorParser-parseDocument with com.googlecode.mjorm.XmlObjectDescriptorParserTest-testParseDocument_City_And_SuperDuperOverride
Wed May 16 00:55:03 UTC 2018: Linking done for jodyyangyh__mongo-java-orm test class com.googlecode.mjorm.XmlObjectDescriptorParserTest
Wed May 16 00:55:04 UTC 2018: Found element on the queue
Wed May 16 00:55:04 UTC 2018: Updating status
Wed May 16 00:55:04 UTC 2018: Working
Wed May 16 00:55:06 UTC 2018: Start jodyyangyh__mongo-java-orm test class com.googlecode.mjorm.MapReduceConfigurationTest
Wed May 16 00:55:06 UTC 2018: Setting lastTestMethodIndex: 54028
Wed May 16 00:55:06 UTC 2018: Starting linking
Wed May 16 00:55:06 UTC 2018: Code found com.googlecode.mjorm.MapReduceConfiguration-create with com.googlecode.mjorm.MapReduceConfigurationTest-testCreate2
Wed May 16 00:55:07 UTC 2018: Code found com.googlecode.mjorm.MapReduceConfiguration-create with com.googlecode.mjorm.MapReduceConfigurationTest-testCreate1
Wed May 16 00:55:07 UTC 2018: Code found com.googlecode.mjorm.MapReduceConfiguration-create with com.googlecode.mjorm.MapReduceConfigurationTest-testCreate3
Wed May 16 00:55:07 UTC 2018: Linking done for jodyyangyh__mongo-java-orm test class com.googlecode.mjorm.MapReduceConfigurationTest
Wed May 16 00:55:08 UTC 2018: Found element on the queue
Wed May 16 00:55:08 UTC 2018: Updating status
Wed May 16 00:55:08 UTC 2018: Working
Wed May 16 00:55:10 UTC 2018: Start jodyyangyh__mongo-java-orm test class com.googlecode.mjorm.XmlDescriptorObjectMapperTest
Wed May 16 00:55:10 UTC 2018: Setting lastTestMethodIndex: 54030
Wed May 16 00:55:10 UTC 2018: Starting linking
Wed May 16 00:55:10 UTC 2018: Code found com.googlecode.mjorm.AbstractObjectMapper-map with com.googlecode.mjorm.XmlDescriptorObjectMapperTest-testConvertToAndFromDBObject_Maps_And_Collections
Wed May 16 00:55:11 UTC 2018: No link for: com.googlecode.mjorm.XmlDescriptorObjectMapperTest-testConvert_WithNulls
Wed May 16 00:55:11 UTC 2018: No link for: com.googlecode.mjorm.XmlDescriptorObjectMapperTest-testConvertToAndFromDBObject_SuperDuper
Wed May 16 00:55:11 UTC 2018: No link for: com.googlecode.mjorm.XmlDescriptorObjectMapperTest-testConvert_Arrays
Wed May 16 00:55:12 UTC 2018: No link for: com.googlecode.mjorm.XmlDescriptorObjectMapperTest-testConvertToAndFromDBObject
Wed May 16 00:55:12 UTC 2018: No link for: com.googlecode.mjorm.XmlDescriptorObjectMapperTest-testConvert_ConvertCity_And_AltColumns
Wed May 16 00:55:12 UTC 2018: No link for: com.googlecode.mjorm.XmlDescriptorObjectMapperTest-testConvert_Identifiers
Wed May 16 00:55:13 UTC 2018: Linking done for jodyyangyh__mongo-java-orm test class com.googlecode.mjorm.XmlDescriptorObjectMapperTest
Wed May 16 00:55:13 UTC 2018: Found element on the queue
Wed May 16 00:55:13 UTC 2018: Updating status
Wed May 16 00:55:13 UTC 2018: Working
Wed May 16 00:55:16 UTC 2018: Start jodyyangyh__mongo-java-orm test class com.googlecode.mjorm.DiscriminatorMappingTest
Wed May 16 00:55:16 UTC 2018: Setting lastTestMethodIndex: 54031
Wed May 16 00:55:16 UTC 2018: Starting linking
Wed May 16 00:55:16 UTC 2018: No link for: com.googlecode.mjorm.DiscriminatorMappingTest-testAnnotations
Wed May 16 00:55:17 UTC 2018: No link for: com.googlecode.mjorm.DiscriminatorMappingTest-testXML
Wed May 16 00:55:17 UTC 2018: Linking done for jodyyangyh__mongo-java-orm test class com.googlecode.mjorm.DiscriminatorMappingTest
Wed May 16 00:55:17 UTC 2018: Found element on the queue
Wed May 16 00:55:17 UTC 2018: Updating status
Wed May 16 00:55:17 UTC 2018: Working
Wed May 16 00:55:20 UTC 2018: Start jodyyangyh__mongo-java-orm test class com.googlecode.mjorm.convert.converters.StringToUUIDConverterTest
Wed May 16 00:55:20 UTC 2018: Setting lastTestMethodIndex: 54033
Wed May 16 00:55:20 UTC 2018: Starting linking
Wed May 16 00:55:20 UTC 2018: Code found com.googlecode.mjorm.convert.converters.StringToUUIDConverter-canConvert with com.googlecode.mjorm.convert.converters.StringToUUIDConverterTest-testCanConvert
Wed May 16 00:55:20 UTC 2018: Code found com.googlecode.mjorm.convert.converters.StringToUUIDConverter-convert with com.googlecode.mjorm.convert.converters.StringToUUIDConverterTest-testConvert
Wed May 16 00:55:21 UTC 2018: Linking done for jodyyangyh__mongo-java-orm test class com.googlecode.mjorm.convert.converters.StringToUUIDConverterTest
Wed May 16 00:55:21 UTC 2018: Found element on the queue
Wed May 16 00:55:21 UTC 2018: Updating status
Wed May 16 00:55:21 UTC 2018: Working
Wed May 16 00:55:24 UTC 2018: Start jodyyangyh__mongo-java-orm test class com.googlecode.mjorm.convert.converters.NumberTypeConverterTest
Wed May 16 00:55:24 UTC 2018: Setting lastTestMethodIndex: 54035
Wed May 16 00:55:24 UTC 2018: Starting linking
Wed May 16 00:55:24 UTC 2018: Code found com.googlecode.mjorm.convert.converters.NumberTypeConverter-canConvert with com.googlecode.mjorm.convert.converters.NumberTypeConverterTest-testCanConvert
Wed May 16 00:55:24 UTC 2018: Code found com.googlecode.mjorm.convert.converters.NumberTypeConverter-convert with com.googlecode.mjorm.convert.converters.NumberTypeConverterTest-testConvert
Wed May 16 00:55:24 UTC 2018: Linking done for jodyyangyh__mongo-java-orm test class com.googlecode.mjorm.convert.converters.NumberTypeConverterTest
Wed May 16 00:55:25 UTC 2018: Found element on the queue
Wed May 16 00:55:25 UTC 2018: Updating status
Wed May 16 00:55:25 UTC 2018: Working
Wed May 16 00:55:27 UTC 2018: Start jodyyangyh__mongo-java-orm test class com.googlecode.mjorm.convert.converters.CharacterTypeConverterTest
Wed May 16 00:55:27 UTC 2018: Setting lastTestMethodIndex: 54037
Wed May 16 00:55:27 UTC 2018: Starting linking
Wed May 16 00:55:27 UTC 2018: Code found com.googlecode.mjorm.convert.converters.CharacterTypeConverter-canConvert with com.googlecode.mjorm.convert.converters.CharacterTypeConverterTest-testCanConvert
Wed May 16 00:55:27 UTC 2018: Code found com.googlecode.mjorm.convert.converters.CharacterTypeConverter-convert with com.googlecode.mjorm.convert.converters.CharacterTypeConverterTest-testConvert
Wed May 16 00:55:28 UTC 2018: Linking done for jodyyangyh__mongo-java-orm test class com.googlecode.mjorm.convert.converters.CharacterTypeConverterTest
Wed May 16 00:55:28 UTC 2018: Found element on the queue
Wed May 16 00:55:28 UTC 2018: Updating status
Wed May 16 00:55:28 UTC 2018: Working
Wed May 16 00:55:31 UTC 2018: Start jodyyangyh__mongo-java-orm test class com.googlecode.mjorm.convert.converters.StringToObjectIdTypeConverterTest
Wed May 16 00:55:31 UTC 2018: Setting lastTestMethodIndex: 54039
Wed May 16 00:55:31 UTC 2018: Starting linking
Wed May 16 00:55:31 UTC 2018: Code found com.googlecode.mjorm.convert.converters.StringToObjectIdTypeConverter-canConvert with com.googlecode.mjorm.convert.converters.StringToObjectIdTypeConverterTest-testCanConvert
Wed May 16 00:55:31 UTC 2018: Code found com.googlecode.mjorm.convert.converters.StringToObjectIdTypeConverter-convert with com.googlecode.mjorm.convert.converters.StringToObjectIdTypeConverterTest-testConvert
Wed May 16 00:55:31 UTC 2018: Linking done for jodyyangyh__mongo-java-orm test class com.googlecode.mjorm.convert.converters.StringToObjectIdTypeConverterTest
Wed May 16 00:55:32 UTC 2018: Found element on the queue
Wed May 16 00:55:32 UTC 2018: Updating status
Wed May 16 00:55:32 UTC 2018: Working
Wed May 16 00:55:34 UTC 2018: Start jodyyangyh__mongo-java-orm test class com.googlecode.mjorm.convert.converters.MongoToArrayTypeConverterTest
Wed May 16 00:55:34 UTC 2018: Setting lastTestMethodIndex: 54041
Wed May 16 00:55:34 UTC 2018: Starting linking
Wed May 16 00:55:34 UTC 2018: No link for: com.googlecode.mjorm.convert.converters.MongoToArrayTypeConverterTest-testConvert
Wed May 16 00:55:35 UTC 2018: No link for: com.googlecode.mjorm.convert.converters.MongoToArrayTypeConverterTest-testCanConvert
Wed May 16 00:55:35 UTC 2018: Linking done for jodyyangyh__mongo-java-orm test class com.googlecode.mjorm.convert.converters.MongoToArrayTypeConverterTest
Wed May 16 00:55:35 UTC 2018: Found element on the queue
Wed May 16 00:55:35 UTC 2018: Updating status
Wed May 16 00:55:35 UTC 2018: Working
Wed May 16 00:55:38 UTC 2018: Start jodyyangyh__mongo-java-orm test class com.googlecode.mjorm.convert.converters.MapToMongoTypeConverterTest
Wed May 16 00:55:38 UTC 2018: Setting lastTestMethodIndex: 54043
Wed May 16 00:55:38 UTC 2018: Starting linking
Wed May 16 00:55:38 UTC 2018: No link for: com.googlecode.mjorm.convert.converters.MapToMongoTypeConverterTest-testCanConvert
Wed May 16 00:55:38 UTC 2018: No link for: com.googlecode.mjorm.convert.converters.MapToMongoTypeConverterTest-testConvert
Wed May 16 00:55:38 UTC 2018: Linking done for jodyyangyh__mongo-java-orm test class com.googlecode.mjorm.convert.converters.MapToMongoTypeConverterTest
Wed May 16 00:55:39 UTC 2018: Found element on the queue
Wed May 16 00:55:39 UTC 2018: Updating status
Wed May 16 00:55:39 UTC 2018: Working
Wed May 16 00:55:41 UTC 2018: Start jodyyangyh__mongo-java-orm test class com.googlecode.mjorm.convert.converters.StringTypeConverterTest
Wed May 16 00:55:41 UTC 2018: Setting lastTestMethodIndex: 54045
Wed May 16 00:55:41 UTC 2018: Starting linking
Wed May 16 00:55:41 UTC 2018: Code found com.googlecode.mjorm.convert.converters.StringTypeConverter-canConvert with com.googlecode.mjorm.convert.converters.StringTypeConverterTest-testCanConvert
Wed May 16 00:55:42 UTC 2018: Code found com.googlecode.mjorm.convert.converters.StringTypeConverter-convert with com.googlecode.mjorm.convert.converters.StringTypeConverterTest-testConvert
Wed May 16 00:55:42 UTC 2018: Linking done for jodyyangyh__mongo-java-orm test class com.googlecode.mjorm.convert.converters.StringTypeConverterTest
Wed May 16 00:55:42 UTC 2018: Found element on the queue
Wed May 16 00:55:42 UTC 2018: Updating status
Wed May 16 00:55:42 UTC 2018: Working
Wed May 16 00:55:45 UTC 2018: Start jodyyangyh__mongo-java-orm test class com.googlecode.mjorm.convert.converters.ObjectIdToStringTypeConverterTest
Wed May 16 00:55:45 UTC 2018: Setting lastTestMethodIndex: 54047
Wed May 16 00:55:45 UTC 2018: Starting linking
Wed May 16 00:55:45 UTC 2018: Code found com.googlecode.mjorm.convert.converters.ObjectIdToStringTypeConverter-convert with com.googlecode.mjorm.convert.converters.ObjectIdToStringTypeConverterTest-testConvert
Wed May 16 00:55:45 UTC 2018: Code found com.googlecode.mjorm.convert.converters.ObjectIdToStringTypeConverter-canConvert with com.googlecode.mjorm.convert.converters.ObjectIdToStringTypeConverterTest-testCanConvert
Wed May 16 00:55:45 UTC 2018: Linking done for jodyyangyh__mongo-java-orm test class com.googlecode.mjorm.convert.converters.ObjectIdToStringTypeConverterTest
Wed May 16 00:55:46 UTC 2018: Found element on the queue
Wed May 16 00:55:46 UTC 2018: Updating status
Wed May 16 00:55:46 UTC 2018: Working
Wed May 16 00:55:48 UTC 2018: Start jodyyangyh__mongo-java-orm test class com.googlecode.mjorm.convert.converters.ArrayToMongoTypeConverterTest
Wed May 16 00:55:48 UTC 2018: Setting lastTestMethodIndex: 54050
Wed May 16 00:55:48 UTC 2018: Starting linking
Wed May 16 00:55:48 UTC 2018: No link for: com.googlecode.mjorm.convert.converters.ArrayToMongoTypeConverterTest-testCanConvert
Wed May 16 00:55:49 UTC 2018: No link for: com.googlecode.mjorm.convert.converters.ArrayToMongoTypeConverterTest-testConvert
Wed May 16 00:55:49 UTC 2018: Linking done for jodyyangyh__mongo-java-orm test class com.googlecode.mjorm.convert.converters.ArrayToMongoTypeConverterTest
Wed May 16 00:55:50 UTC 2018: Found element on the queue
Wed May 16 00:55:50 UTC 2018: Updating status
Wed May 16 00:55:50 UTC 2018: Working
Wed May 16 00:55:52 UTC 2018: Start jodyyangyh__mongo-java-orm test class com.googlecode.mjorm.convert.converters.MongoToMapTypeConverterTest
Wed May 16 00:55:52 UTC 2018: Setting lastTestMethodIndex: 54053
Wed May 16 00:55:52 UTC 2018: Starting linking
Wed May 16 00:55:52 UTC 2018: No link for: com.googlecode.mjorm.convert.converters.MongoToMapTypeConverterTest-testConvert
Wed May 16 00:55:52 UTC 2018: No link for: com.googlecode.mjorm.convert.converters.MongoToMapTypeConverterTest-testCanConvert
Wed May 16 00:55:53 UTC 2018: Linking done for jodyyangyh__mongo-java-orm test class com.googlecode.mjorm.convert.converters.MongoToMapTypeConverterTest
Wed May 16 00:55:53 UTC 2018: Found element on the queue
Wed May 16 00:55:53 UTC 2018: Updating status
Wed May 16 00:55:53 UTC 2018: Working
Wed May 16 00:55:56 UTC 2018: Start jodyyangyh__mongo-java-orm test class com.googlecode.mjorm.convert.converters.PojoToMongoTypeConverterTest
Wed May 16 00:55:56 UTC 2018: Setting lastTestMethodIndex: 54055
Wed May 16 00:55:56 UTC 2018: Starting linking
Wed May 16 00:55:56 UTC 2018: No link for: com.googlecode.mjorm.convert.converters.PojoToMongoTypeConverterTest-testConvert
Wed May 16 00:55:56 UTC 2018: No link for: com.googlecode.mjorm.convert.converters.PojoToMongoTypeConverterTest-testCanConvert
Wed May 16 00:55:56 UTC 2018: Linking done for jodyyangyh__mongo-java-orm test class com.googlecode.mjorm.convert.converters.PojoToMongoTypeConverterTest
Wed May 16 00:55:57 UTC 2018: Found element on the queue
Wed May 16 00:55:57 UTC 2018: Updating status
Wed May 16 00:55:57 UTC 2018: Working
Wed May 16 00:55:59 UTC 2018: Start jodyyangyh__mongo-java-orm test class com.googlecode.mjorm.convert.converters.CollectionToMongoTypeConverterTest
Wed May 16 00:55:59 UTC 2018: Setting lastTestMethodIndex: 54057
Wed May 16 00:55:59 UTC 2018: Starting linking
Wed May 16 00:55:59 UTC 2018: No link for: com.googlecode.mjorm.convert.converters.CollectionToMongoTypeConverterTest-testCanConvert
Wed May 16 00:55:59 UTC 2018: No link for: com.googlecode.mjorm.convert.converters.CollectionToMongoTypeConverterTest-testConvert
Wed May 16 00:56:00 UTC 2018: Linking done for jodyyangyh__mongo-java-orm test class com.googlecode.mjorm.convert.converters.CollectionToMongoTypeConverterTest
Wed May 16 00:56:00 UTC 2018: Found element on the queue
Wed May 16 00:56:00 UTC 2018: Updating status
Wed May 16 00:56:00 UTC 2018: Working
Wed May 16 00:56:02 UTC 2018: Start jodyyangyh__mongo-java-orm test class com.googlecode.mjorm.convert.converters.MongoToPojoTypeConverterTest
Wed May 16 00:56:02 UTC 2018: Setting lastTestMethodIndex: 54060
Wed May 16 00:56:02 UTC 2018: Starting linking
Wed May 16 00:56:02 UTC 2018: No link for: com.googlecode.mjorm.convert.converters.MongoToPojoTypeConverterTest-testConvert
Wed May 16 00:56:03 UTC 2018: No link for: com.googlecode.mjorm.convert.converters.MongoToPojoTypeConverterTest-testCanConvert
Wed May 16 00:56:03 UTC 2018: Linking done for jodyyangyh__mongo-java-orm test class com.googlecode.mjorm.convert.converters.MongoToPojoTypeConverterTest
Wed May 16 00:56:03 UTC 2018: Found element on the queue
Wed May 16 00:56:03 UTC 2018: Updating status
Wed May 16 00:56:03 UTC 2018: Working
Wed May 16 00:56:06 UTC 2018: Start jodyyangyh__mongo-java-orm test class com.googlecode.mjorm.convert.converters.MongoToCollectionTypeConverterTest
Wed May 16 00:56:06 UTC 2018: Setting lastTestMethodIndex: 54062
Wed May 16 00:56:06 UTC 2018: Starting linking
Wed May 16 00:56:06 UTC 2018: No link for: com.googlecode.mjorm.convert.converters.MongoToCollectionTypeConverterTest-testCanConvert
Wed May 16 00:56:06 UTC 2018: No link for: com.googlecode.mjorm.convert.converters.MongoToCollectionTypeConverterTest-testConvert
Wed May 16 00:56:06 UTC 2018: Linking done for jodyyangyh__mongo-java-orm test class com.googlecode.mjorm.convert.converters.MongoToCollectionTypeConverterTest
Wed May 16 00:56:07 UTC 2018: Found element on the queue
Wed May 16 00:56:07 UTC 2018: Updating status
Wed May 16 00:56:07 UTC 2018: Working
Wed May 16 00:56:09 UTC 2018: Start jodyyangyh__mongo-java-orm test class com.googlecode.mjorm.convert.converters.BooleanTypeConverterTest
Wed May 16 00:56:09 UTC 2018: Setting lastTestMethodIndex: 54065
Wed May 16 00:56:09 UTC 2018: Starting linking
Wed May 16 00:56:09 UTC 2018: Code found com.googlecode.mjorm.convert.converters.BooleanTypeConverter-canConvert with com.googlecode.mjorm.convert.converters.BooleanTypeConverterTest-testCanConvert
Wed May 16 00:56:09 UTC 2018: Code found com.googlecode.mjorm.convert.converters.BooleanTypeConverter-convert with com.googlecode.mjorm.convert.converters.BooleanTypeConverterTest-testConvert
Wed May 16 00:56:10 UTC 2018: Linking done for jodyyangyh__mongo-java-orm test class com.googlecode.mjorm.convert.converters.BooleanTypeConverterTest
Wed May 16 00:56:10 UTC 2018: Found element on the queue
Wed May 16 00:56:10 UTC 2018: Updating status
Wed May 16 00:56:10 UTC 2018: Working
Wed May 16 00:56:12 UTC 2018: Start jodyyangyh__mongo-java-orm test class com.googlecode.mjorm.query.QueryTest
Wed May 16 00:56:12 UTC 2018: Setting lastTestMethodIndex: 54067
Wed May 16 00:56:12 UTC 2018: Starting linking
Wed May 16 00:56:12 UTC 2018: Code found com.googlecode.mjorm.query.criteria.AbstractQueryCriterion-lt with com.googlecode.mjorm.query.QueryTest-testMultipleCriteriaForProperty_WithError
Wed May 16 00:56:13 UTC 2018: Code found com.googlecode.mjorm.query.criteria.AbstractQueryCriterion-lt with com.googlecode.mjorm.query.QueryTest-testMultipleCriteriaForProperty
Wed May 16 00:56:13 UTC 2018: No link for: com.googlecode.mjorm.query.QueryTest-testStack
Wed May 16 00:56:13 UTC 2018: No link for: com.googlecode.mjorm.query.QueryTest-testEmpty
Wed May 16 00:56:14 UTC 2018: No link for: com.googlecode.mjorm.query.QueryTest-testFull
Wed May 16 00:56:14 UTC 2018: Linking done for jodyyangyh__mongo-java-orm test class com.googlecode.mjorm.query.QueryTest
