Tue May 15 22:46:17 UTC 2018: Database:jdbc:mysql://localhost:3306/unittests
Tue May 15 22:46:18 UTC 2018: Starting
Tue May 15 22:46:18 UTC 2018: Found element on the queue
Tue May 15 22:46:18 UTC 2018: Updating status
Tue May 15 22:46:18 UTC 2018: Working
Tue May 15 22:46:18 UTC 2018: Create project parser
Tue May 15 22:46:23 UTC 2018: Create slicer
Tue May 15 22:46:25 UTC 2018: Create call graph
Tue May 15 22:46:27 UTC 2018: Create point analysis
Tue May 15 22:46:27 UTC 2018: Create call graph done
Tue May 15 22:46:27 UTC 2018: Start ishara__maven-t7-common test class com.googlecode.t7mp.steps.deployment.ArtifactDeploymentSequenceTest
Tue May 15 22:46:27 UTC 2018: Setting lastTestMethodIndex: 49591
Tue May 15 22:46:27 UTC 2018: Starting linking
Tue May 15 22:46:27 UTC 2018: No link for: com.googlecode.t7mp.steps.deployment.ArtifactDeploymentSequenceTest-testArtifactDeploymentSequence
Tue May 15 22:46:27 UTC 2018: Linking done for ishara__maven-t7-common test class com.googlecode.t7mp.steps.deployment.ArtifactDeploymentSequenceTest
Tue May 15 22:46:28 UTC 2018: Found element on the queue
Tue May 15 22:46:28 UTC 2018: Updating status
Tue May 15 22:46:28 UTC 2018: Working
Tue May 15 22:46:30 UTC 2018: Start ishara__maven-t7-common test class com.googlecode.t7mp.steps.DefaultContextTest
Tue May 15 22:46:30 UTC 2018: Setting lastTestMethodIndex: 49594
Tue May 15 22:46:30 UTC 2018: Starting linking
Tue May 15 22:46:30 UTC 2018: No link for: com.googlecode.t7mp.steps.DefaultContextTest-testDefaultContext
Tue May 15 22:46:30 UTC 2018: Linking done for ishara__maven-t7-common test class com.googlecode.t7mp.steps.DefaultContextTest
Tue May 15 22:46:31 UTC 2018: Found element on the queue
Tue May 15 22:46:31 UTC 2018: Updating status
Tue May 15 22:46:31 UTC 2018: Working
Tue May 15 22:46:33 UTC 2018: Start ishara__maven-t7-common test class com.googlecode.t7mp.steps.resources.CopySetenvScripStepTest
Tue May 15 22:46:33 UTC 2018: Setting lastTestMethodIndex: 49595
Tue May 15 22:46:33 UTC 2018: Starting linking
Tue May 15 22:46:33 UTC 2018: No link for: com.googlecode.t7mp.steps.resources.CopySetenvScripStepTest-testCopySetenvScriptStep
Tue May 15 22:46:34 UTC 2018: No link for: com.googlecode.t7mp.steps.resources.CopySetenvScripStepTest-testCopySetenvScriptStepNotExist
Tue May 15 22:46:34 UTC 2018: Linking done for ishara__maven-t7-common test class com.googlecode.t7mp.steps.resources.CopySetenvScripStepTest
Tue May 15 22:46:34 UTC 2018: Found element on the queue
Tue May 15 22:46:34 UTC 2018: Updating status
Tue May 15 22:46:34 UTC 2018: Working
Tue May 15 22:46:37 UTC 2018: Start ishara__maven-t7-common test class com.googlecode.t7mp.steps.resources.OverwriteWebXmlStepTest
Tue May 15 22:46:37 UTC 2018: Setting lastTestMethodIndex: 49598
Tue May 15 22:46:37 UTC 2018: Starting linking
Tue May 15 22:46:37 UTC 2018: No link for: com.googlecode.t7mp.steps.resources.OverwriteWebXmlStepTest-testOverwriteWebXmlIsNull
Tue May 15 22:46:37 UTC 2018: No link for: com.googlecode.t7mp.steps.resources.OverwriteWebXmlStepTest-testOverwriteWebXmlDoesNotExist
Tue May 15 22:46:38 UTC 2018: Linking done for ishara__maven-t7-common test class com.googlecode.t7mp.steps.resources.OverwriteWebXmlStepTest
Tue May 15 22:46:39 UTC 2018: Found element on the queue
Tue May 15 22:46:39 UTC 2018: Updating status
Tue May 15 22:46:39 UTC 2018: Working
Tue May 15 22:46:41 UTC 2018: Start ishara__maven-t7-common test class com.googlecode.t7mp.steps.resources.CreateTomcatDirectoriesSequenceTest
Tue May 15 22:46:41 UTC 2018: Setting lastTestMethodIndex: 49600
Tue May 15 22:46:41 UTC 2018: Starting linking
Tue May 15 22:46:41 UTC 2018: No link for: com.googlecode.t7mp.steps.resources.CreateTomcatDirectoriesSequenceTest-testCreateDirectoryStep
Tue May 15 22:46:41 UTC 2018: Linking done for ishara__maven-t7-common test class com.googlecode.t7mp.steps.resources.CreateTomcatDirectoriesSequenceTest
Tue May 15 22:46:42 UTC 2018: Found element on the queue
Tue May 15 22:46:42 UTC 2018: Updating status
Tue May 15 22:46:42 UTC 2018: Working
Tue May 15 22:46:45 UTC 2018: Start ishara__maven-t7-common test class com.googlecode.t7mp.configuration.SystemPathArtifactResolverTest
Tue May 15 22:46:45 UTC 2018: Setting lastTestMethodIndex: 49603
Tue May 15 22:46:45 UTC 2018: Starting linking
Tue May 15 22:46:45 UTC 2018: No link for: com.googlecode.t7mp.configuration.SystemPathArtifactResolverTest-testFilesystemArtifactResolver
Tue May 15 22:46:45 UTC 2018: Linking done for ishara__maven-t7-common test class com.googlecode.t7mp.configuration.SystemPathArtifactResolverTest
Tue May 15 22:46:46 UTC 2018: Found element on the queue
Tue May 15 22:46:46 UTC 2018: Updating status
Tue May 15 22:46:46 UTC 2018: Working
Tue May 15 22:46:48 UTC 2018: Start ishara__maven-t7-common test class com.googlecode.t7mp.maven.StopMojoTest
Tue May 15 22:46:48 UTC 2018: Setting lastTestMethodIndex: 49606
Tue May 15 22:46:48 UTC 2018: Starting linking
Tue May 15 22:46:48 UTC 2018: Linking done for ishara__maven-t7-common test class com.googlecode.t7mp.maven.StopMojoTest
Tue May 15 22:46:49 UTC 2018: Found element on the queue
Tue May 15 22:46:49 UTC 2018: Updating status
Tue May 15 22:46:49 UTC 2018: Working
Tue May 15 22:46:51 UTC 2018: Start ishara__maven-t7-common test class com.googlecode.t7mp.maven.RunMojoTest
Tue May 15 22:46:51 UTC 2018: Setting lastTestMethodIndex: 49608
Tue May 15 22:46:51 UTC 2018: Starting linking
Tue May 15 22:46:51 UTC 2018: Linking done for ishara__maven-t7-common test class com.googlecode.t7mp.maven.RunMojoTest
Tue May 15 22:46:52 UTC 2018: Found element on the queue
Tue May 15 22:46:52 UTC 2018: Updating status
Tue May 15 22:46:52 UTC 2018: Working
Tue May 15 22:46:54 UTC 2018: Start ishara__maven-t7-common test class com.googlecode.t7mp.newTests.TomcatArtifactTest
Tue May 15 22:46:54 UTC 2018: Setting lastTestMethodIndex: 49611
Tue May 15 22:46:54 UTC 2018: Starting linking
Tue May 15 22:46:54 UTC 2018: No link for: com.googlecode.t7mp.newTests.TomcatArtifactTest-testCoordinatesWithSystemPath
Tue May 15 22:46:54 UTC 2018: No link for: com.googlecode.t7mp.newTests.TomcatArtifactTest-testTomcatArtifact
Tue May 15 22:46:54 UTC 2018: No link for: com.googlecode.t7mp.newTests.TomcatArtifactTest-testCoordinates
Tue May 15 22:46:55 UTC 2018: No link for: com.googlecode.t7mp.newTests.TomcatArtifactTest-testSpecialVersion
Tue May 15 22:46:55 UTC 2018: Linking done for ishara__maven-t7-common test class com.googlecode.t7mp.newTests.TomcatArtifactTest
Tue May 15 22:46:56 UTC 2018: Found element on the queue
Tue May 15 22:46:56 UTC 2018: Updating status
Tue May 15 22:46:56 UTC 2018: Working
Tue May 15 22:46:59 UTC 2018: Start ishara__maven-t7-common test class com.googlecode.t7mp.newTests.BaseConfigurationTest
Tue May 15 22:46:59 UTC 2018: Setting lastTestMethodIndex: 49614
Tue May 15 22:46:59 UTC 2018: Starting linking
Tue May 15 22:46:59 UTC 2018: No link for: com.googlecode.t7mp.newTests.BaseConfigurationTest-testBaseconfiguration
Tue May 15 22:46:59 UTC 2018: Linking done for ishara__maven-t7-common test class com.googlecode.t7mp.newTests.BaseConfigurationTest
Tue May 15 22:46:59 UTC 2018: Found element on the queue
Tue May 15 22:46:59 UTC 2018: Updating status
Tue May 15 22:46:59 UTC 2018: Working
Tue May 15 22:47:02 UTC 2018: Start ishara__maven-t7-common test class com.googlecode.t7mp.util.ZipUtilTest
Tue May 15 22:47:02 UTC 2018: Setting lastTestMethodIndex: 49616
Tue May 15 22:47:02 UTC 2018: Starting linking
Tue May 15 22:47:02 UTC 2018: Code found com.googlecode.t7mp.util.ZipUtil-unzip with com.googlecode.t7mp.util.ZipUtilTest-testUnzipJar
Tue May 15 22:47:02 UTC 2018: Linking done for ishara__maven-t7-common test class com.googlecode.t7mp.util.ZipUtilTest
Tue May 15 22:47:03 UTC 2018: Found element on the queue
Tue May 15 22:47:03 UTC 2018: Updating status
Tue May 15 22:47:03 UTC 2018: Working
Tue May 15 22:47:06 UTC 2018: Start ishara__maven-t7-common test class com.googlecode.t7mp.util.CommonsSetupUtilTest
Tue May 15 22:47:06 UTC 2018: Setting lastTestMethodIndex: 49618
Tue May 15 22:47:06 UTC 2018: Starting linking
Tue May 15 22:47:06 UTC 2018: Code found com.googlecode.t7mp.util.CommonsSetupUtil-copyDirectory with com.googlecode.t7mp.util.CommonsSetupUtilTest-testCopyDirectory
Tue May 15 22:47:06 UTC 2018: Code found com.googlecode.t7mp.util.CommonsSetupUtil-copy with com.googlecode.t7mp.util.CommonsSetupUtilTest-testCopy
Tue May 15 22:47:07 UTC 2018: Code found com.googlecode.t7mp.util.CommonsSetupUtil-copyFile with com.googlecode.t7mp.util.CommonsSetupUtilTest-testCopyFile
Tue May 15 22:47:07 UTC 2018: Linking done for ishara__maven-t7-common test class com.googlecode.t7mp.util.CommonsSetupUtilTest
Tue May 15 22:47:08 UTC 2018: Found element on the queue
Tue May 15 22:47:08 UTC 2018: Updating status
Tue May 15 22:47:08 UTC 2018: Working
Tue May 15 22:47:10 UTC 2018: Start ishara__maven-t7-common test class com.googlecode.t7mp.util.CatalinaOutPrintStreamTest
Tue May 15 22:47:10 UTC 2018: Setting lastTestMethodIndex: 49621
Tue May 15 22:47:10 UTC 2018: Starting linking
Tue May 15 22:47:10 UTC 2018: No code found com.googlecode.t7mp.util.CatalinaOutPrintStream-print with com.googlecode.t7mp.util.CatalinaOutPrintStreamTest-testCatalinaOutPrintStream
Tue May 15 22:47:10 UTC 2018: Linking done for ishara__maven-t7-common test class com.googlecode.t7mp.util.CatalinaOutPrintStreamTest
Tue May 15 22:47:11 UTC 2018: Found element on the queue
Tue May 15 22:47:11 UTC 2018: Updating status
Tue May 15 22:47:11 UTC 2018: Working
Tue May 15 22:47:13 UTC 2018: Start ishara__maven-t7-common test class com.googlecode.t7mp.util.SystemUtilTest
Tue May 15 22:47:13 UTC 2018: Setting lastTestMethodIndex: 49623
Tue May 15 22:47:13 UTC 2018: Starting linking
Tue May 15 22:47:13 UTC 2018: No link for: com.googlecode.t7mp.util.SystemUtilTest-testSystemUtil
Tue May 15 22:47:13 UTC 2018: Linking done for ishara__maven-t7-common test class com.googlecode.t7mp.util.SystemUtilTest
Tue May 15 22:47:14 UTC 2018: Found element on the queue
Tue May 15 22:47:14 UTC 2018: Updating status
Tue May 15 22:47:14 UTC 2018: Working
Tue May 15 22:47:16 UTC 2018: Start ishara__maven-t7-common test class com.googlecode.t7mp.WebappArtifactTest
Tue May 15 22:47:16 UTC 2018: Setting lastTestMethodIndex: 49626
Tue May 15 22:47:16 UTC 2018: Starting linking
Tue May 15 22:47:16 UTC 2018: No link for: com.googlecode.t7mp.WebappArtifactTest-testContextPathConfiguredWithSlash
Tue May 15 22:47:16 UTC 2018: No link for: com.googlecode.t7mp.WebappArtifactTest-testContextPathConfiguredWithOutSlash
Tue May 15 22:47:17 UTC 2018: No link for: com.googlecode.t7mp.WebappArtifactTest-testContextPathConfiguredWithEmptyString
Tue May 15 22:47:17 UTC 2018: No link for: com.googlecode.t7mp.WebappArtifactTest-testContextPathNotSet
Tue May 15 22:47:17 UTC 2018: No link for: com.googlecode.t7mp.WebappArtifactTest-testArtifactConstructor
Tue May 15 22:47:17 UTC 2018: No link for: com.googlecode.t7mp.WebappArtifactTest-testContextPathConfiguredWithNull
Tue May 15 22:47:18 UTC 2018: No link for: com.googlecode.t7mp.WebappArtifactTest-testWarArtifact
Tue May 15 22:47:18 UTC 2018: Linking done for ishara__maven-t7-common test class com.googlecode.t7mp.WebappArtifactTest
Tue May 15 22:47:18 UTC 2018: Found element on the queue
Tue May 15 22:47:18 UTC 2018: Updating status
Tue May 15 22:47:18 UTC 2018: Working
Tue May 15 22:47:21 UTC 2018: Start ishara__maven-t7-common test class com.googlecode.t7mp.PreConditionsTest
Tue May 15 22:47:21 UTC 2018: Setting lastTestMethodIndex: 49631
Tue May 15 22:47:21 UTC 2018: Starting linking
Tue May 15 22:47:21 UTC 2018: Code found com.googlecode.t7mp.Invoke-privateConstructor with com.googlecode.t7mp.PreConditionsTest-testPrivateConstructor
Tue May 15 22:47:21 UTC 2018: No link for: com.googlecode.t7mp.PreConditionsTest-testCorrectVersion_7
Tue May 15 22:47:21 UTC 2018: No link for: com.googlecode.t7mp.PreConditionsTest-testCorrectVersion_6
Tue May 15 22:47:21 UTC 2018: No link for: com.googlecode.t7mp.PreConditionsTest-testWrongVersion_5
Tue May 15 22:47:22 UTC 2018: No link for: com.googlecode.t7mp.PreConditionsTest-testWrongVersion_8
Tue May 15 22:47:22 UTC 2018: Linking done for ishara__maven-t7-common test class com.googlecode.t7mp.PreConditionsTest
Tue May 15 22:47:22 UTC 2018: Found element on the queue
Tue May 15 22:47:22 UTC 2018: Updating status
Tue May 15 22:47:22 UTC 2018: Working
Tue May 15 22:47:25 UTC 2018: Start ishara__maven-t7-common test class com.googlecode.t7mp.ConfigurationArtifactTest
Tue May 15 22:47:25 UTC 2018: Setting lastTestMethodIndex: 49634
Tue May 15 22:47:25 UTC 2018: Starting linking
Tue May 15 22:47:25 UTC 2018: No link for: com.googlecode.t7mp.ConfigurationArtifactTest-testConfigurationArtifact
Tue May 15 22:47:26 UTC 2018: Linking done for ishara__maven-t7-common test class com.googlecode.t7mp.ConfigurationArtifactTest
Tue May 15 22:47:26 UTC 2018: Found element on the queue
Tue May 15 22:47:26 UTC 2018: Updating status
Tue May 15 22:47:26 UTC 2018: Working
Tue May 15 22:47:28 UTC 2018: Start ishara__maven-t7-common test class com.googlecode.t7mp.steps.DefaultStepSequenceTest
Tue May 15 22:47:28 UTC 2018: Setting lastTestMethodIndex: 49635
Tue May 15 22:47:28 UTC 2018: Starting linking
Tue May 15 22:47:28 UTC 2018: No link for: com.googlecode.t7mp.steps.DefaultStepSequenceTest-testDefaultStepSequence
Tue May 15 22:47:28 UTC 2018: Linking done for ishara__maven-t7-common test class com.googlecode.t7mp.steps.DefaultStepSequenceTest
Tue May 15 22:47:29 UTC 2018: Found element on the queue
Tue May 15 22:47:29 UTC 2018: Updating status
Tue May 15 22:47:29 UTC 2018: Working
Tue May 15 22:47:31 UTC 2018: Start ishara__maven-t7-common test class com.googlecode.t7mp.steps.deployment.TomcatSetupSequenceTest
Tue May 15 22:47:31 UTC 2018: Setting lastTestMethodIndex: 49638
Tue May 15 22:47:31 UTC 2018: Starting linking
Tue May 15 22:47:31 UTC 2018: No link for: com.googlecode.t7mp.steps.deployment.TomcatSetupSequenceTest-testTomcatSetupSequence
Tue May 15 22:47:32 UTC 2018: Linking done for ishara__maven-t7-common test class com.googlecode.t7mp.steps.deployment.TomcatSetupSequenceTest
