Wed May 16 07:32:47 UTC 2018: Database:jdbc:mysql://localhost:3306/unittests
Wed May 16 07:32:48 UTC 2018: Starting
Wed May 16 07:32:49 UTC 2018: Found element on the queue
Wed May 16 07:32:49 UTC 2018: Updating status
Wed May 16 07:32:49 UTC 2018: Working
Wed May 16 07:32:49 UTC 2018: Create project parser
Wed May 16 07:33:33 UTC 2018: Create slicer
Wed May 16 07:33:40 UTC 2018: Create call graph
Wed May 16 07:33:55 UTC 2018: Create point analysis
Wed May 16 07:33:55 UTC 2018: Create call graph done
Wed May 16 07:33:55 UTC 2018: Start nclarkekb__jwa test class org.jwat.arc.TestArcReaderFactory_IsMagic
Wed May 16 07:33:55 UTC 2018: Setting lastTestMethodIndex: 66423
Wed May 16 07:33:55 UTC 2018: Starting linking
Wed May 16 07:33:55 UTC 2018: No link for: org.jwat.arc.TestArcReaderFactory_IsMagic-test_magicbytes
Wed May 16 07:33:56 UTC 2018: Linking done for nclarkekb__jwa test class org.jwat.arc.TestArcReaderFactory_IsMagic
Wed May 16 07:34:02 UTC 2018: Found element on the queue
Wed May 16 07:34:02 UTC 2018: Updating status
Wed May 16 07:34:02 UTC 2018: Working
Wed May 16 07:34:07 UTC 2018: Start nclarkekb__jwa test class org.jwat.arc.TestArcReader_Digest
Wed May 16 07:34:07 UTC 2018: Setting lastTestMethodIndex: 66426
Wed May 16 07:34:07 UTC 2018: Starting linking
Wed May 16 07:34:07 UTC 2018: No link for: org.jwat.arc.TestArcReader_Digest-test_arcreader
Wed May 16 07:34:15 UTC 2018: Linking done for nclarkekb__jwa test class org.jwat.arc.TestArcReader_Digest
Wed May 16 07:34:17 UTC 2018: Found element on the queue
Wed May 16 07:34:17 UTC 2018: Updating status
Wed May 16 07:34:19 UTC 2018: Working
Wed May 16 07:34:29 UTC 2018: Start nclarkekb__jwa test class org.jwat.arc.TestArcRecordBase
Wed May 16 07:34:29 UTC 2018: Setting lastTestMethodIndex: 66428
Wed May 16 07:34:29 UTC 2018: Starting linking
Wed May 16 07:34:29 UTC 2018: No link for: org.jwat.arc.TestArcRecordBase-test_arcrecordbase
Wed May 16 07:34:30 UTC 2018: No link for: org.jwat.arc.TestArcRecordBase-test_arcrecordbase_typeorder
Wed May 16 07:34:33 UTC 2018: No link for: org.jwat.arc.TestArcRecordBase-test_arcrecordbase_payload_truncated
Wed May 16 07:34:34 UTC 2018: Linking done for nclarkekb__jwa test class org.jwat.arc.TestArcRecordBase
Wed May 16 07:34:36 UTC 2018: Found element on the queue
Wed May 16 07:34:36 UTC 2018: Updating status
Wed May 16 07:34:36 UTC 2018: Working
Wed May 16 07:34:45 UTC 2018: Start nclarkekb__jwa test class org.jwat.arc.TestArcWriter
Wed May 16 07:34:46 UTC 2018: Setting lastTestMethodIndex: 66430
Wed May 16 07:34:46 UTC 2018: Starting linking
Wed May 16 07:34:46 UTC 2018: No link for: org.jwat.arc.TestArcWriter-test_arcwriter_uncompressed
Wed May 16 07:34:50 UTC 2018: No link for: org.jwat.arc.TestArcWriter-test_arcwriter_compressed
Wed May 16 07:34:52 UTC 2018: Linking done for nclarkekb__jwa test class org.jwat.arc.TestArcWriter
Wed May 16 07:34:53 UTC 2018: Found element on the queue
Wed May 16 07:34:53 UTC 2018: Updating status
Wed May 16 07:34:54 UTC 2018: Working
Wed May 16 07:34:59 UTC 2018: Start nclarkekb__jwa test class org.jwat.arc.TestArcReaderFactory
Wed May 16 07:34:59 UTC 2018: Setting lastTestMethodIndex: 66433
Wed May 16 07:34:59 UTC 2018: Starting linking
Wed May 16 07:34:59 UTC 2018: No link for: org.jwat.arc.TestArcReaderFactory-test_arcreaderfactory_autodetect
Wed May 16 07:35:00 UTC 2018: Linking done for nclarkekb__jwa test class org.jwat.arc.TestArcReaderFactory
Wed May 16 07:35:01 UTC 2018: Found element on the queue
Wed May 16 07:35:01 UTC 2018: Updating status
Wed May 16 07:35:01 UTC 2018: Working
Wed May 16 07:35:17 UTC 2018: Start nclarkekb__jwa test class org.jwat.arc.TestArcReaderUncompressed
Wed May 16 07:35:17 UTC 2018: Setting lastTestMethodIndex: 66436
Wed May 16 07:35:17 UTC 2018: Starting linking
Wed May 16 07:35:17 UTC 2018: No link for: org.jwat.arc.TestArcReaderUncompressed-test_arcreaderuncompressed_exceptions
Wed May 16 07:35:22 UTC 2018: No link for: org.jwat.arc.TestArcReaderUncompressed-test_arcreaderfactory_uncompressed_random
Wed May 16 07:35:25 UTC 2018: No link for: org.jwat.arc.TestArcReaderUncompressed-test_arcreaderfactory_uncompressed_sequential
Wed May 16 07:35:27 UTC 2018: Linking done for nclarkekb__jwa test class org.jwat.arc.TestArcReaderUncompressed
Wed May 16 07:35:29 UTC 2018: Found element on the queue
Wed May 16 07:35:29 UTC 2018: Updating status
Wed May 16 07:35:30 UTC 2018: Working
Wed May 16 07:35:38 UTC 2018: Start nclarkekb__jwa test class org.jwat.arc.TestArcFileWriterConfig
Wed May 16 07:35:38 UTC 2018: Setting lastTestMethodIndex: 66439
Wed May 16 07:35:38 UTC 2018: Starting linking
Wed May 16 07:35:38 UTC 2018: No link for: org.jwat.arc.TestArcFileWriterConfig-test_arcfilewriterconfig
Wed May 16 07:35:40 UTC 2018: Linking done for nclarkekb__jwa test class org.jwat.arc.TestArcFileWriterConfig
Wed May 16 07:35:42 UTC 2018: Found element on the queue
Wed May 16 07:35:42 UTC 2018: Updating status
Wed May 16 07:35:42 UTC 2018: Working
Wed May 16 07:35:53 UTC 2018: Start nclarkekb__jwa test class org.jwat.arc.TestArcReader
Wed May 16 07:35:53 UTC 2018: Setting lastTestMethodIndex: 66442
Wed May 16 07:35:53 UTC 2018: Starting linking
Wed May 16 07:35:53 UTC 2018: Code found org.jwat.arc.ArcReader-iterator with org.jwat.arc.TestArcReader-test_arcreader_iterator_exceptions
Wed May 16 07:35:54 UTC 2018: No link for: org.jwat.arc.TestArcReader-test_empty_arcfile
Wed May 16 07:35:56 UTC 2018: Linking done for nclarkekb__jwa test class org.jwat.arc.TestArcReader
Wed May 16 07:35:58 UTC 2018: Found element on the queue
Wed May 16 07:35:58 UTC 2018: Updating status
Wed May 16 07:35:58 UTC 2018: Working
Wed May 16 07:36:06 UTC 2018: Start nclarkekb__jwa test class org.jwat.arc.TestArcWriter_States
Wed May 16 07:36:07 UTC 2018: Setting lastTestMethodIndex: 66445
Wed May 16 07:36:07 UTC 2018: Starting linking
Wed May 16 07:36:07 UTC 2018: No link for: org.jwat.arc.TestArcWriter_States-test_warcwriter_compressed
Wed May 16 07:36:08 UTC 2018: No link for: org.jwat.arc.TestArcWriter_States-test_warcwriter_uncompressed
Wed May 16 07:36:09 UTC 2018: Linking done for nclarkekb__jwa test class org.jwat.arc.TestArcWriter_States
Wed May 16 07:36:12 UTC 2018: Found element on the queue
Wed May 16 07:36:12 UTC 2018: Updating status
Wed May 16 07:36:12 UTC 2018: Working
Wed May 16 07:36:19 UTC 2018: Start nclarkekb__jwa test class org.jwat.arc.TestArcDateParser
Wed May 16 07:36:19 UTC 2018: Setting lastTestMethodIndex: 66448
Wed May 16 07:36:19 UTC 2018: Starting linking
Wed May 16 07:36:19 UTC 2018: No link for: org.jwat.arc.TestArcDateParser-test_arcdateparser
Wed May 16 07:36:20 UTC 2018: Linking done for nclarkekb__jwa test class org.jwat.arc.TestArcDateParser
Wed May 16 07:36:23 UTC 2018: Found element on the queue
Wed May 16 07:36:23 UTC 2018: Updating status
Wed May 16 07:36:23 UTC 2018: Working
Wed May 16 07:36:28 UTC 2018: Start nclarkekb__jwa test class org.jwat.arc.TestArcReader_NextAndIterRecord
Wed May 16 07:36:29 UTC 2018: Setting lastTestMethodIndex: 66451
Wed May 16 07:36:29 UTC 2018: Starting linking
Wed May 16 07:36:29 UTC 2018: Code found org.jwat.arc.ArcReader-iterator with org.jwat.arc.TestArcReader_NextAndIterRecord-test_arcreader_nextrecord_and_iterator
Wed May 16 07:36:31 UTC 2018: Linking done for nclarkekb__jwa test class org.jwat.arc.TestArcReader_NextAndIterRecord
Wed May 16 07:36:33 UTC 2018: Found element on the queue
Wed May 16 07:36:33 UTC 2018: Updating status
Wed May 16 07:36:34 UTC 2018: Working
Wed May 16 07:36:38 UTC 2018: Start nclarkekb__jwa test class org.jwat.arc.TestArc_UriProfile
Wed May 16 07:36:38 UTC 2018: Setting lastTestMethodIndex: 66453
Wed May 16 07:36:38 UTC 2018: Starting linking
Wed May 16 07:36:38 UTC 2018: No link for: org.jwat.arc.TestArc_UriProfile-test_warcreader_uriprofile
Wed May 16 07:36:39 UTC 2018: Linking done for nclarkekb__jwa test class org.jwat.arc.TestArc_UriProfile
Wed May 16 07:36:41 UTC 2018: Found element on the queue
Wed May 16 07:36:41 UTC 2018: Updating status
Wed May 16 07:36:41 UTC 2018: Working
Wed May 16 07:36:47 UTC 2018: Start nclarkekb__jwa test class org.jwat.arc.TestArcFileWriter
Wed May 16 07:36:48 UTC 2018: Setting lastTestMethodIndex: 66456
Wed May 16 07:36:48 UTC 2018: Starting linking
Wed May 16 07:36:48 UTC 2018: No link for: org.jwat.arc.TestArcFileWriter-test_arcfilewriter
Wed May 16 07:36:49 UTC 2018: Linking done for nclarkekb__jwa test class org.jwat.arc.TestArcFileWriter
Wed May 16 07:36:51 UTC 2018: Found element on the queue
Wed May 16 07:36:51 UTC 2018: Updating status
Wed May 16 07:36:51 UTC 2018: Working
Wed May 16 07:36:58 UTC 2018: Start nclarkekb__jwa test class org.jwat.arc.TestArcFileNamingSingleFile
Wed May 16 07:36:58 UTC 2018: Setting lastTestMethodIndex: 66458
Wed May 16 07:36:58 UTC 2018: Starting linking
Wed May 16 07:36:58 UTC 2018: No link for: org.jwat.arc.TestArcFileNamingSingleFile-test_arcfilenaming_singlefile
Wed May 16 07:36:59 UTC 2018: Linking done for nclarkekb__jwa test class org.jwat.arc.TestArcFileNamingSingleFile
Wed May 16 07:37:00 UTC 2018: Found element on the queue
Wed May 16 07:37:00 UTC 2018: Updating status
Wed May 16 07:37:00 UTC 2018: Working
Wed May 16 07:37:08 UTC 2018: Start nclarkekb__jwa test class org.jwat.arc.TestArcReaders_Params
Wed May 16 07:37:08 UTC 2018: Setting lastTestMethodIndex: 66460
Wed May 16 07:37:08 UTC 2018: Starting linking
Wed May 16 07:37:08 UTC 2018: No link for: org.jwat.arc.TestArcReaders_Params-test_params_readers
Wed May 16 07:37:09 UTC 2018: Linking done for nclarkekb__jwa test class org.jwat.arc.TestArcReaders_Params
Wed May 16 07:37:11 UTC 2018: Found element on the queue
Wed May 16 07:37:11 UTC 2018: Updating status
Wed May 16 07:37:11 UTC 2018: Working
Wed May 16 07:37:17 UTC 2018: Start nclarkekb__jwa test class org.jwat.arc.TestArcHeader
Wed May 16 07:37:17 UTC 2018: Setting lastTestMethodIndex: 66463
Wed May 16 07:37:17 UTC 2018: Starting linking
Wed May 16 07:37:17 UTC 2018: No link for: org.jwat.arc.TestArcHeader-test_archeader_fields
Wed May 16 07:37:18 UTC 2018: Linking done for nclarkekb__jwa test class org.jwat.arc.TestArcHeader
Wed May 16 07:37:19 UTC 2018: Found element on the queue
Wed May 16 07:37:19 UTC 2018: Updating status
Wed May 16 07:37:19 UTC 2018: Working
Wed May 16 07:37:27 UTC 2018: Start nclarkekb__jwa test class org.jwat.arc.TestArcVersionHeader
Wed May 16 07:37:27 UTC 2018: Setting lastTestMethodIndex: 66464
Wed May 16 07:37:27 UTC 2018: Starting linking
Wed May 16 07:37:27 UTC 2018: No link for: org.jwat.arc.TestArcVersionHeader-test_arcversionheader
Wed May 16 07:37:28 UTC 2018: Linking done for nclarkekb__jwa test class org.jwat.arc.TestArcVersionHeader
Wed May 16 07:37:31 UTC 2018: Found element on the queue
Wed May 16 07:37:31 UTC 2018: Updating status
Wed May 16 07:37:31 UTC 2018: Working
Wed May 16 07:37:37 UTC 2018: Start nclarkekb__jwa test class org.jwat.arc.TestArcWriters_Params
Wed May 16 07:37:37 UTC 2018: Setting lastTestMethodIndex: 66467
Wed May 16 07:37:37 UTC 2018: Starting linking
Wed May 16 07:37:37 UTC 2018: No link for: org.jwat.arc.TestArcWriters_Params-test_params_writers
Wed May 16 07:37:38 UTC 2018: Linking done for nclarkekb__jwa test class org.jwat.arc.TestArcWriters_Params
Wed May 16 07:37:40 UTC 2018: Found element on the queue
Wed May 16 07:37:40 UTC 2018: Updating status
Wed May 16 07:37:40 UTC 2018: Working
Wed May 16 07:37:49 UTC 2018: Start nclarkekb__jwa test class org.jwat.arc.TestArcVersionBlock
Wed May 16 07:37:49 UTC 2018: Setting lastTestMethodIndex: 66468
Wed May 16 07:37:49 UTC 2018: Starting linking
Wed May 16 07:37:49 UTC 2018: No link for: org.jwat.arc.TestArcVersionBlock-test_arcversionblock
Wed May 16 07:37:51 UTC 2018: No link for: org.jwat.arc.TestArcVersionBlock-test_arcversionblock_strict
Wed May 16 07:37:52 UTC 2018: Linking done for nclarkekb__jwa test class org.jwat.arc.TestArcVersionBlock
Wed May 16 07:37:53 UTC 2018: Found element on the queue
Wed May 16 07:37:53 UTC 2018: Updating status
Wed May 16 07:37:54 UTC 2018: Working
Wed May 16 07:38:00 UTC 2018: Start nclarkekb__jwa test class org.jwat.arc.TestArcRecord
Wed May 16 07:38:00 UTC 2018: Setting lastTestMethodIndex: 66471
Wed May 16 07:38:00 UTC 2018: Starting linking
Wed May 16 07:38:00 UTC 2018: No link for: org.jwat.arc.TestArcRecord-test_arcrecord
Wed May 16 07:38:03 UTC 2018: Linking done for nclarkekb__jwa test class org.jwat.arc.TestArcRecord
Wed May 16 07:38:04 UTC 2018: Found element on the queue
Wed May 16 07:38:04 UTC 2018: Updating status
Wed May 16 07:38:05 UTC 2018: Working
Wed May 16 07:38:15 UTC 2018: Start nclarkekb__jwa test class org.jwat.arc.TestArcFieldParsers
Wed May 16 07:38:15 UTC 2018: Setting lastTestMethodIndex: 66473
Wed May 16 07:38:15 UTC 2018: Starting linking
Wed May 16 07:38:15 UTC 2018: No link for: org.jwat.arc.TestArcFieldParsers-test_arcfieldparsers_invalid_format
Wed May 16 07:38:16 UTC 2018: No link for: org.jwat.arc.TestArcFieldParsers-test_arcfieldparsers_empty
Wed May 16 07:38:21 UTC 2018: No link for: org.jwat.arc.TestArcFieldParsers-test_arcfieldparsers
Wed May 16 07:38:24 UTC 2018: Linking done for nclarkekb__jwa test class org.jwat.arc.TestArcFieldParsers
Wed May 16 07:38:25 UTC 2018: Found element on the queue
Wed May 16 07:38:25 UTC 2018: Updating status
Wed May 16 07:38:25 UTC 2018: Working
Wed May 16 07:38:30 UTC 2018: Start nclarkekb__jwa test class org.jwat.arc.TestArcFileNamingDefault
Wed May 16 07:38:30 UTC 2018: Setting lastTestMethodIndex: 66476
Wed May 16 07:38:30 UTC 2018: Starting linking
Wed May 16 07:38:30 UTC 2018: No link for: org.jwat.arc.TestArcFileNamingDefault-test_arcfilenaming_default
Wed May 16 07:38:30 UTC 2018: Linking done for nclarkekb__jwa test class org.jwat.arc.TestArcFileNamingDefault
Wed May 16 07:38:31 UTC 2018: Found element on the queue
Wed May 16 07:38:31 UTC 2018: Updating status
Wed May 16 07:38:32 UTC 2018: Working
Wed May 16 07:38:40 UTC 2018: Start nclarkekb__jwa test class org.jwat.arc.TestArcVersion
Wed May 16 07:38:40 UTC 2018: Setting lastTestMethodIndex: 66479
Wed May 16 07:38:40 UTC 2018: Starting linking
Wed May 16 07:38:40 UTC 2018: No link for: org.jwat.arc.TestArcVersion-test_arcversion
Wed May 16 07:38:40 UTC 2018: Linking done for nclarkekb__jwa test class org.jwat.arc.TestArcVersion
Wed May 16 07:38:42 UTC 2018: Found element on the queue
Wed May 16 07:38:42 UTC 2018: Updating status
Wed May 16 07:38:42 UTC 2018: Working
Wed May 16 07:38:48 UTC 2018: Start nclarkekb__jwa test class org.jwat.arc.TestArcWriter_ArchiveLength
Wed May 16 07:38:48 UTC 2018: Setting lastTestMethodIndex: 66482
Wed May 16 07:38:48 UTC 2018: Starting linking
Wed May 16 07:38:48 UTC 2018: No link for: org.jwat.arc.TestArcWriter_ArchiveLength-test_warcwriter_compressed
Wed May 16 07:38:52 UTC 2018: No link for: org.jwat.arc.TestArcWriter_ArchiveLength-test_warcwriter_uncompressed
Wed May 16 07:38:53 UTC 2018: Linking done for nclarkekb__jwa test class org.jwat.arc.TestArcWriter_ArchiveLength
Wed May 16 07:38:55 UTC 2018: Found element on the queue
Wed May 16 07:38:55 UTC 2018: Updating status
Wed May 16 07:38:55 UTC 2018: Working
Wed May 16 07:39:03 UTC 2018: Start nclarkekb__jwa test class org.jwat.arc.TestArcReaderCompressed
Wed May 16 07:39:03 UTC 2018: Setting lastTestMethodIndex: 66485
Wed May 16 07:39:03 UTC 2018: Starting linking
Wed May 16 07:39:03 UTC 2018: No link for: org.jwat.arc.TestArcReaderCompressed-test_arcreadercompressed_exceptions
Wed May 16 07:39:07 UTC 2018: No link for: org.jwat.arc.TestArcReaderCompressed-test_arcreaderfactory_compressed_sequential
Wed May 16 07:39:09 UTC 2018: No link for: org.jwat.arc.TestArcReaderCompressed-test_arcreaderfactory_compressed_random
Wed May 16 07:39:10 UTC 2018: Linking done for nclarkekb__jwa test class org.jwat.arc.TestArcReaderCompressed
