Tue May 15 17:46:09 UTC 2018: Database:jdbc:mysql://localhost:3306/unittests
Tue May 15 17:46:09 UTC 2018: Starting
Tue May 15 17:46:10 UTC 2018: Found element on the queue
Tue May 15 17:46:10 UTC 2018: Updating status
Tue May 15 17:46:10 UTC 2018: Working
Tue May 15 17:46:10 UTC 2018: Create project parser
Tue May 15 17:46:15 UTC 2018: Create slicer
Tue May 15 17:46:16 UTC 2018: Create call graph
Tue May 15 17:46:17 UTC 2018: Create point analysis
Tue May 15 17:46:17 UTC 2018: Create call graph done
Tue May 15 17:46:17 UTC 2018: Start floydodev__ChatApp test class chat.singlechannel.dao.MessagesDAOJdbcImplTest
Tue May 15 17:46:17 UTC 2018: Setting lastTestMethodIndex: 40755
Tue May 15 17:46:17 UTC 2018: Starting linking
Tue May 15 17:46:17 UTC 2018: Code found chat.singlechannel.dao.MessagesDAOCodeReuse-lastKey_ReturnsZero_GivenNoMessages with chat.singlechannel.dao.MessagesDAOJdbcImplTest-lastKey_ReturnsZero_GivenNoMessages
Tue May 15 17:46:17 UTC 2018: Code found chat.singlechannel.dao.MessagesDAOCodeReuse-put_Fails_given_NullArgs with chat.singlechannel.dao.MessagesDAOJdbcImplTest-put_Fails_given_NullArgs
Tue May 15 17:46:17 UTC 2018: Code found chat.singlechannel.dao.MessagesDAOCodeReuse-tailMap_ReturnsEmptyMap_GivenNoMessage with chat.singlechannel.dao.MessagesDAOJdbcImplTest-tailMap_ReturnsEmptyMap_GivenNoMessage
Tue May 15 17:46:17 UTC 2018: Code found chat.singlechannel.dao.MessagesDAOCodeReuse-isEmpty_True_given_NewMessagesDAO with chat.singlechannel.dao.MessagesDAOJdbcImplTest-isEmpty_True_given_NewMessagesDAO
Tue May 15 17:46:17 UTC 2018: No link for: chat.singlechannel.dao.MessagesDAOJdbcImplTest-put_Succeeds_given_ValidArgs
Tue May 15 17:46:17 UTC 2018: No link for: chat.singlechannel.dao.MessagesDAOJdbcImplTest-testName
Tue May 15 17:46:18 UTC 2018: No link for: chat.singlechannel.dao.MessagesDAOJdbcImplTest-lastKey_Gives_KeyOfNthMessage
Tue May 15 17:46:18 UTC 2018: No link for: chat.singlechannel.dao.MessagesDAOJdbcImplTest-tailMap_ReturnsAllMessagesSince_GivenId
Tue May 15 17:46:18 UTC 2018: Linking done for floydodev__ChatApp test class chat.singlechannel.dao.MessagesDAOJdbcImplTest
Tue May 15 17:46:18 UTC 2018: Found element on the queue
Tue May 15 17:46:18 UTC 2018: Updating status
Tue May 15 17:46:18 UTC 2018: Working
Tue May 15 17:46:21 UTC 2018: Start floydodev__ChatApp test class chat.singlechannel.dao.MessagesDAOInMemoryImplTest
Tue May 15 17:46:21 UTC 2018: Setting lastTestMethodIndex: 40757
Tue May 15 17:46:21 UTC 2018: Starting linking
Tue May 15 17:46:21 UTC 2018: Code found chat.singlechannel.dao.MessagesDAOCodeReuse-isEmpty_True_given_NewMessagesDAO with chat.singlechannel.dao.MessagesDAOInMemoryImplTest-isEmpty_True_given_NewMessagesDAO
Tue May 15 17:46:21 UTC 2018: Match not added in database because it already exists
Tue May 15 17:46:21 UTC 2018: Code found chat.singlechannel.dao.MessagesDAOCodeReuse-tailMap_ReturnsAllMessagesSince_GivenId with chat.singlechannel.dao.MessagesDAOInMemoryImplTest-tailMap_ReturnsAllMessagesSince_GivenId
Tue May 15 17:46:21 UTC 2018: Code found chat.singlechannel.dao.MessagesDAOCodeReuse-put_Fails_given_NullArgs with chat.singlechannel.dao.MessagesDAOInMemoryImplTest-put_Fails_given_NullArgs
Tue May 15 17:46:21 UTC 2018: Match not added in database because it already exists
Tue May 15 17:46:21 UTC 2018: Code found chat.singlechannel.dao.MessagesDAOCodeReuse-lastKey_ReturnsZero_GivenNoMessages with chat.singlechannel.dao.MessagesDAOInMemoryImplTest-lastKey_ReturnsZero_GivenNoMessages
Tue May 15 17:46:22 UTC 2018: Match not added in database because it already exists
Tue May 15 17:46:22 UTC 2018: Code found chat.singlechannel.dao.MessagesDAOCodeReuse-put_Succeeds_given_ValidArgs with chat.singlechannel.dao.MessagesDAOInMemoryImplTest-put_Succeeds_given_ValidArgs
Tue May 15 17:46:22 UTC 2018: Code found chat.singlechannel.dao.MessagesDAOCodeReuse-lastKey_Gives_KeyOfNthMessage with chat.singlechannel.dao.MessagesDAOInMemoryImplTest-lastKey_Gives_KeyOfNthMessage
Tue May 15 17:46:22 UTC 2018: Code found chat.singlechannel.dao.MessagesDAOCodeReuse-tailMap_ReturnsEmptyMap_GivenNoMessage with chat.singlechannel.dao.MessagesDAOInMemoryImplTest-tailMap_ReturnsEmptyMap_GivenNoMessage
Tue May 15 17:46:22 UTC 2018: Match not added in database because it already exists
Tue May 15 17:46:22 UTC 2018: Linking done for floydodev__ChatApp test class chat.singlechannel.dao.MessagesDAOInMemoryImplTest
Tue May 15 17:46:23 UTC 2018: Found element on the queue
Tue May 15 17:46:23 UTC 2018: Updating status
Tue May 15 17:46:23 UTC 2018: Working
Tue May 15 17:46:25 UTC 2018: Start floydodev__ChatApp test class chat.singlechannel.dao.ChatRoomImplTest
Tue May 15 17:46:25 UTC 2018: Setting lastTestMethodIndex: 40759
Tue May 15 17:46:25 UTC 2018: Starting linking
Tue May 15 17:46:25 UTC 2018: Code found chat.singlechannel.dao.ChatRoomImpl-addUser with chat.singlechannel.dao.ChatRoomImplTest-addUser_FailsFor_Null_EmailAddess
Tue May 15 17:46:25 UTC 2018: Code found chat.singlechannel.dao.ChatRoomImpl-getPendingMessages with chat.singlechannel.dao.ChatRoomImplTest-getPendingMessages_FailsForBlank_EmailAddress2
Tue May 15 17:46:25 UTC 2018: Code found chat.singlechannel.dao.ChatRoomImpl-addMessage with chat.singlechannel.dao.ChatRoomImplTest-addMessage_FailsFor_NonExistent_User
Tue May 15 17:46:25 UTC 2018: Code found chat.singlechannel.dao.ChatRoomImpl-addMessage with chat.singlechannel.dao.ChatRoomImplTest-addMessage_FailsFor_Blank_EmailAddress
Tue May 15 17:46:26 UTC 2018: Code found chat.singlechannel.dao.ChatRoomImpl-addMessage with chat.singlechannel.dao.ChatRoomImplTest-addMessage_FailsFor_Blank_MessageText
Tue May 15 17:46:26 UTC 2018: Code found chat.singlechannel.dao.ChatRoomImpl-addMessage with chat.singlechannel.dao.ChatRoomImplTest-addMessage_FailsFor_Blank_MessageText2
Tue May 15 17:46:26 UTC 2018: Code found chat.singlechannel.dao.ChatRoomImpl-addUser with chat.singlechannel.dao.ChatRoomImplTest-addUser_FailsFor_Blank_DisplayName2
Tue May 15 17:46:26 UTC 2018: Code found chat.singlechannel.dao.ChatRoomImpl-getPendingMessages with chat.singlechannel.dao.ChatRoomImplTest-getPendingMessages_MessagesInRepo_LessThanSnapshotSize_ExistingUser
Tue May 15 17:46:26 UTC 2018: Code found chat.singlechannel.dao.ChatRoomImpl-getPendingMessages with chat.singlechannel.dao.ChatRoomImplTest-getPendingMessages_FailsForNonExistentUser
Tue May 15 17:46:26 UTC 2018: Code found chat.singlechannel.dao.ChatRoomImpl-addMessage with chat.singlechannel.dao.ChatRoomImplTest-addMessage_FailsFor_Blank_EmailAddress2
Tue May 15 17:46:27 UTC 2018: Code found chat.singlechannel.dao.ChatRoomImpl-addMessage with chat.singlechannel.dao.ChatRoomImplTest-addMessage_SucceedsFor_Existing_User
Tue May 15 17:46:27 UTC 2018: Code found chat.singlechannel.dao.ChatRoomImpl-addMessage with chat.singlechannel.dao.ChatRoomImplTest-addMessage_FailsFor_Null_MessageText
Tue May 15 17:46:27 UTC 2018: Code found chat.singlechannel.dao.ChatRoomImpl-addUser with chat.singlechannel.dao.ChatRoomImplTest-addUser_FailsForBlank_UserEmailAddress
Tue May 15 17:46:27 UTC 2018: Code found chat.singlechannel.dao.ChatRoomImpl-hasMessages with chat.singlechannel.dao.ChatRoomImplTest-hasMessages_SucceedsWhen_Populated
Tue May 15 17:46:27 UTC 2018: Code found chat.singlechannel.dao.ChatRoomImpl-addUser with chat.singlechannel.dao.ChatRoomImplTest-addUser_SucceedsFor_Valid_Args
Tue May 15 17:46:27 UTC 2018: Code found chat.singlechannel.dao.ChatRoomImpl-setUserLastMessageId with chat.singlechannel.dao.ChatRoomImplTest-setUserLastMessageId_SucceedsForExistingUser
Tue May 15 17:46:28 UTC 2018: Code found chat.singlechannel.dao.ChatRoomImpl-getPendingMessages with chat.singlechannel.dao.ChatRoomImplTest-getPendingMessages_MessagesInRepo_EqualToSnapshotSize_ExistingUser
Tue May 15 17:46:28 UTC 2018: Code found chat.singlechannel.dao.ChatRoomImpl-setUserLastMessageId with chat.singlechannel.dao.ChatRoomImplTest-setUserLastMessageId_FailsForNonExistentUser
Tue May 15 17:46:28 UTC 2018: Code found chat.singlechannel.dao.ChatRoomImpl-getPendingMessages with chat.singlechannel.dao.ChatRoomImplTest-getPendingMessages_ZeroMessagesInRepo_ExistingUser
Tue May 15 17:46:28 UTC 2018: Code found chat.singlechannel.dao.ChatRoomImpl-hasMessages with chat.singlechannel.dao.ChatRoomImplTest-hasMessages_FailsWhen_Empty
Tue May 15 17:46:28 UTC 2018: Code found chat.singlechannel.dao.ChatRoomImpl-addUser with chat.singlechannel.dao.ChatRoomImplTest-addUser_FailsFor_Null_DisplayName
Tue May 15 17:46:28 UTC 2018: Code found chat.singlechannel.dao.ChatRoomImpl-getPendingMessages with chat.singlechannel.dao.ChatRoomImplTest-getPendingMessages_MessagesInRepo_GreaterThanSnapshotSize_ExistingUser
Tue May 15 17:46:29 UTC 2018: Code found chat.singlechannel.dao.ChatRoomImpl-getPendingMessages with chat.singlechannel.dao.ChatRoomImplTest-getPendingMessages_FailsForBlank_EmailAddress
Tue May 15 17:46:29 UTC 2018: Code found chat.singlechannel.dao.ChatRoomImpl-addMessage with chat.singlechannel.dao.ChatRoomImplTest-addMessage_FailsFor_Null_Timestamp
Tue May 15 17:46:29 UTC 2018: Code found chat.singlechannel.dao.ChatRoomImpl-getPendingMessages with chat.singlechannel.dao.ChatRoomImplTest-getPendingMessages_FailsForNull_EmailAddress
Tue May 15 17:46:29 UTC 2018: Code found chat.singlechannel.dao.ChatRoomImpl-addMessage with chat.singlechannel.dao.ChatRoomImplTest-addMessage_FailsFor_Null_EmailAddress
Tue May 15 17:46:29 UTC 2018: Linking done for floydodev__ChatApp test class chat.singlechannel.dao.ChatRoomImplTest
