Tue May 15 15:37:37 UTC 2018: Database:jdbc:mysql://localhost:3306/unittests
Tue May 15 15:37:37 UTC 2018: Starting
Tue May 15 15:37:38 UTC 2018: Found element on the queue
Tue May 15 15:37:38 UTC 2018: Updating status
Tue May 15 15:37:38 UTC 2018: Working
Tue May 15 15:37:38 UTC 2018: Create project parser
Tue May 15 15:37:42 UTC 2018: Create slicer
Tue May 15 15:37:49 UTC 2018: Create call graph
Tue May 15 15:37:56 UTC 2018: Create point analysis
Tue May 15 15:37:56 UTC 2018: Create call graph done
Tue May 15 15:37:56 UTC 2018: Start duzifang__my-jenkins test class hudson.cli.PrivateKeyProviderTest
Tue May 15 15:37:56 UTC 2018: Setting lastTestMethodIndex: 36745
Tue May 15 15:37:56 UTC 2018: Starting linking
Tue May 15 15:37:56 UTC 2018: No link for: hudson.cli.PrivateKeyProviderTest-specifyKeysExplicitly
Tue May 15 15:37:56 UTC 2018: None match not added in database because it already exists
Tue May 15 15:37:56 UTC 2018: No link for: hudson.cli.PrivateKeyProviderTest-useDefaultKeyLocations
Tue May 15 15:37:56 UTC 2018: None match not added in database because it already exists
Tue May 15 15:37:56 UTC 2018: Linking done for duzifang__my-jenkins test class hudson.cli.PrivateKeyProviderTest
Tue May 15 15:37:56 UTC 2018: Found element on the queue
Tue May 15 15:37:56 UTC 2018: Updating status
Tue May 15 15:37:56 UTC 2018: Working
Tue May 15 15:37:59 UTC 2018: Start duzifang__my-jenkins test class hudson.cli.ConnectionTest
Tue May 15 15:37:59 UTC 2018: Setting lastTestMethodIndex: 36747
Tue May 15 15:37:59 UTC 2018: Starting linking
Tue May 15 15:37:59 UTC 2018: No link for: hudson.cli.ConnectionTest-testSecurity218
Tue May 15 15:37:59 UTC 2018: None match not added in database because it already exists
Tue May 15 15:37:59 UTC 2018: No link for: hudson.cli.ConnectionTest-testEncrypt
Tue May 15 15:37:59 UTC 2018: None match not added in database because it already exists
Tue May 15 15:37:59 UTC 2018: Linking done for duzifang__my-jenkins test class hudson.cli.ConnectionTest
Tue May 15 15:38:00 UTC 2018: Found element on the queue
Tue May 15 15:38:00 UTC 2018: Updating status
Tue May 15 15:38:00 UTC 2018: Working
Tue May 15 15:38:02 UTC 2018: Start duzifang__my-jenkins test class hudson.cli.ConnectionMockTest
Tue May 15 15:38:02 UTC 2018: Setting lastTestMethodIndex: 36748
Tue May 15 15:38:02 UTC 2018: Starting linking
Tue May 15 15:38:02 UTC 2018: No link for: hudson.cli.ConnectionMockTest-shouldTolerateEmptyByteArrayUponStreamZeroValue
Tue May 15 15:38:02 UTC 2018: None match not added in database because it already exists
Tue May 15 15:38:02 UTC 2018: Linking done for duzifang__my-jenkins test class hudson.cli.ConnectionMockTest
Tue May 15 15:38:03 UTC 2018: Found element on the queue
Tue May 15 15:38:03 UTC 2018: Updating status
Tue May 15 15:38:03 UTC 2018: Working
Tue May 15 15:38:03 UTC 2018: Create project parser
Tue May 15 15:38:23 UTC 2018: Start duzifang__my-jenkins test class jenkins.xml.XMLUtilsTest
Tue May 15 15:38:23 UTC 2018: Setting lastTestMethodIndex: 36755
Tue May 15 15:38:23 UTC 2018: Starting linking
Tue May 15 15:38:23 UTC 2018: Code found jenkins.util.xml.XMLUtils-safeTransform with jenkins.xml.XMLUtilsTest-testSafeTransformDoesNotProcessForeignResources
Tue May 15 15:38:23 UTC 2018: No link for: jenkins.xml.XMLUtilsTest-testUpdateByXmlIDoesNotFail
Tue May 15 15:38:23 UTC 2018: None match not added in database because it already exists
Tue May 15 15:38:23 UTC 2018: Linking done for duzifang__my-jenkins test class jenkins.xml.XMLUtilsTest
Tue May 15 15:38:24 UTC 2018: Found element on the queue
Tue May 15 15:38:24 UTC 2018: Updating status
Tue May 15 15:38:24 UTC 2018: Working
Tue May 15 15:38:26 UTC 2018: Start duzifang__my-jenkins test class jenkins.ResilientJsonObjectTest
Tue May 15 15:38:26 UTC 2018: Setting lastTestMethodIndex: 36757
Tue May 15 15:38:26 UTC 2018: Starting linking
Tue May 15 15:38:26 UTC 2018: Linking done for duzifang__my-jenkins test class jenkins.ResilientJsonObjectTest
Tue May 15 15:38:27 UTC 2018: Found element on the queue
Tue May 15 15:38:27 UTC 2018: Updating status
Tue May 15 15:38:27 UTC 2018: Working
Tue May 15 15:38:29 UTC 2018: Start duzifang__my-jenkins test class jenkins.model.CoreEnvironmentContributorTest
Tue May 15 15:38:29 UTC 2018: Setting lastTestMethodIndex: 36758
Tue May 15 15:38:29 UTC 2018: Starting linking
Tue May 15 15:38:29 UTC 2018: Code found jenkins.model.CoreEnvironmentContributor-buildEnvironmentFor with jenkins.model.CoreEnvironmentContributorTest-buildEnvironmentForJobShouldntUseCurrentComputer
Tue May 15 15:38:29 UTC 2018: Match not added in database because it already exists
Tue May 15 15:38:29 UTC 2018: Linking done for duzifang__my-jenkins test class jenkins.model.CoreEnvironmentContributorTest
Tue May 15 15:38:29 UTC 2018: Found element on the queue
Tue May 15 15:38:29 UTC 2018: Updating status
Tue May 15 15:38:29 UTC 2018: Working
Tue May 15 15:38:32 UTC 2018: Start duzifang__my-jenkins test class jenkins.model.RunIdMigratorTest
Tue May 15 15:38:32 UTC 2018: Setting lastTestMethodIndex: 36760
Tue May 15 15:38:32 UTC 2018: Starting linking
Tue May 15 15:38:32 UTC 2018: Code found jenkins.model.RunIdMigrator-move with jenkins.model.RunIdMigratorTest-move
Tue May 15 15:38:32 UTC 2018: No link for: jenkins.model.RunIdMigratorTest-newJob
Tue May 15 15:38:32 UTC 2018: None match not added in database because it already exists
Tue May 15 15:38:32 UTC 2018: No link for: jenkins.model.RunIdMigratorTest-legacy
Tue May 15 15:38:32 UTC 2018: None match not added in database because it already exists
Tue May 15 15:38:32 UTC 2018: No link for: jenkins.model.RunIdMigratorTest-reverseAfterNewBuilds
Tue May 15 15:38:32 UTC 2018: None match not added in database because it already exists
Tue May 15 15:38:32 UTC 2018: No link for: jenkins.model.RunIdMigratorTest-reRunMigration
Tue May 15 15:38:33 UTC 2018: None match not added in database because it already exists
Tue May 15 15:38:33 UTC 2018: No link for: jenkins.model.RunIdMigratorTest-reverseMavenAfterNewBuilds
Tue May 15 15:38:33 UTC 2018: None match not added in database because it already exists
Tue May 15 15:38:33 UTC 2018: No link for: jenkins.model.RunIdMigratorTest-reverseImmediately
Tue May 15 15:38:33 UTC 2018: None match not added in database because it already exists
Tue May 15 15:38:33 UTC 2018: No link for: jenkins.model.RunIdMigratorTest-reverseMatrixAfterNewBuilds
Tue May 15 15:38:33 UTC 2018: None match not added in database because it already exists
Tue May 15 15:38:33 UTC 2018: Linking done for duzifang__my-jenkins test class jenkins.model.RunIdMigratorTest
Tue May 15 15:38:33 UTC 2018: Found element on the queue
Tue May 15 15:38:33 UTC 2018: Updating status
Tue May 15 15:38:33 UTC 2018: Working
Tue May 15 15:38:36 UTC 2018: Start duzifang__my-jenkins test class jenkins.model.lazy.SortedIntListTest
Tue May 15 15:38:36 UTC 2018: Setting lastTestMethodIndex: 36762
Tue May 15 15:38:36 UTC 2018: Starting linking
Tue May 15 15:38:36 UTC 2018: Code found jenkins.model.lazy.SortedIntList-ceil with jenkins.model.lazy.SortedIntListTest-ceil
Tue May 15 15:38:36 UTC 2018: Match not added in database because it already exists
Tue May 15 15:38:36 UTC 2018: Code found jenkins.model.lazy.SortedIntList-lower with jenkins.model.lazy.SortedIntListTest-testLower
Tue May 15 15:38:36 UTC 2018: Match not added in database because it already exists
Tue May 15 15:38:36 UTC 2018: Linking done for duzifang__my-jenkins test class jenkins.model.lazy.SortedIntListTest
Tue May 15 15:38:36 UTC 2018: Found element on the queue
Tue May 15 15:38:36 UTC 2018: Updating status
Tue May 15 15:38:36 UTC 2018: Working
Tue May 15 15:38:39 UTC 2018: Start duzifang__my-jenkins test class jenkins.model.lazy.SortedListTest
Tue May 15 15:38:39 UTC 2018: Setting lastTestMethodIndex: 36764
Tue May 15 15:38:39 UTC 2018: Starting linking
Tue May 15 15:38:39 UTC 2018: Code found jenkins.model.lazy.SortedList-floor with jenkins.model.lazy.SortedListTest-testFloor
Tue May 15 15:38:39 UTC 2018: Match not added in database because it already exists
Tue May 15 15:38:39 UTC 2018: Code found jenkins.model.lazy.SortedList-remove with jenkins.model.lazy.SortedListTest-remove
Tue May 15 15:38:39 UTC 2018: Match not added in database because it already exists
Tue May 15 15:38:39 UTC 2018: Code found jenkins.model.lazy.SortedList-ceil with jenkins.model.lazy.SortedListTest-testCeil
Tue May 15 15:38:39 UTC 2018: Match not added in database because it already exists
Tue May 15 15:38:39 UTC 2018: Code found jenkins.model.lazy.SortedList-higher with jenkins.model.lazy.SortedListTest-testHigher
Tue May 15 15:38:39 UTC 2018: Match not added in database because it already exists
Tue May 15 15:38:39 UTC 2018: Code found jenkins.model.lazy.SortedList-lower with jenkins.model.lazy.SortedListTest-testLower
Tue May 15 15:38:39 UTC 2018: Match not added in database because it already exists
Tue May 15 15:38:39 UTC 2018: No link for: jenkins.model.lazy.SortedListTest-testRange
Tue May 15 15:38:40 UTC 2018: None match not added in database because it already exists
Tue May 15 15:38:40 UTC 2018: No link for: jenkins.model.lazy.SortedListTest-testClone
Tue May 15 15:38:40 UTC 2018: None match not added in database because it already exists
Tue May 15 15:38:40 UTC 2018: Linking done for duzifang__my-jenkins test class jenkins.model.lazy.SortedListTest
Tue May 15 15:38:40 UTC 2018: Found element on the queue
Tue May 15 15:38:40 UTC 2018: Updating status
Tue May 15 15:38:40 UTC 2018: Working
Tue May 15 15:38:43 UTC 2018: Start duzifang__my-jenkins test class jenkins.model.JDKNameTest
Tue May 15 15:38:43 UTC 2018: Setting lastTestMethodIndex: 36766
Tue May 15 15:38:43 UTC 2018: Starting linking
Tue May 15 15:38:43 UTC 2018: Code found hudson.model.JDK-isDefaultName with jenkins.model.JDKNameTest-nullIsDefaultName
Tue May 15 15:38:43 UTC 2018: Match not added in database because it already exists
Tue May 15 15:38:43 UTC 2018: No link for: jenkins.model.JDKNameTest-othernameNotDefault
Tue May 15 15:38:43 UTC 2018: None match not added in database because it already exists
Tue May 15 15:38:43 UTC 2018: No link for: jenkins.model.JDKNameTest-recognizeDefaultName
Tue May 15 15:38:43 UTC 2018: None match not added in database because it already exists
Tue May 15 15:38:43 UTC 2018: No link for: jenkins.model.JDKNameTest-recognizeOldDefaultName
Tue May 15 15:38:43 UTC 2018: None match not added in database because it already exists
Tue May 15 15:38:43 UTC 2018: Linking done for duzifang__my-jenkins test class jenkins.model.JDKNameTest
Tue May 15 15:38:44 UTC 2018: Found element on the queue
Tue May 15 15:38:44 UTC 2018: Updating status
Tue May 15 15:38:44 UTC 2018: Working
Tue May 15 15:38:46 UTC 2018: Start duzifang__my-jenkins test class jenkins.model.PeepholePermalinkTest
Tue May 15 15:38:46 UTC 2018: Setting lastTestMethodIndex: 36768
Tue May 15 15:38:46 UTC 2018: Starting linking
Tue May 15 15:38:46 UTC 2018: No link for: jenkins.model.PeepholePermalinkTest-symlinks
Tue May 15 15:38:46 UTC 2018: None match not added in database because it already exists
Tue May 15 15:38:46 UTC 2018: Linking done for duzifang__my-jenkins test class jenkins.model.PeepholePermalinkTest
Tue May 15 15:38:47 UTC 2018: Found element on the queue
Tue May 15 15:38:47 UTC 2018: Updating status
Tue May 15 15:38:47 UTC 2018: Working
Tue May 15 15:38:49 UTC 2018: Start duzifang__my-jenkins test class jenkins.RemotingJarSignatureTest
Tue May 15 15:38:49 UTC 2018: Setting lastTestMethodIndex: 36770
Tue May 15 15:38:49 UTC 2018: Starting linking
Tue May 15 15:38:49 UTC 2018: No link for: jenkins.RemotingJarSignatureTest-testSignature
Tue May 15 15:38:49 UTC 2018: None match not added in database because it already exists
Tue May 15 15:38:49 UTC 2018: Linking done for duzifang__my-jenkins test class jenkins.RemotingJarSignatureTest
Tue May 15 15:38:50 UTC 2018: Found element on the queue
Tue May 15 15:38:50 UTC 2018: Updating status
Tue May 15 15:38:50 UTC 2018: Working
Tue May 15 15:38:52 UTC 2018: Start duzifang__my-jenkins test class jenkins.util.MarkFindingOutputStreamTest
Tue May 15 15:38:52 UTC 2018: Setting lastTestMethodIndex: 36772
Tue May 15 15:38:52 UTC 2018: Starting linking
Tue May 15 15:38:52 UTC 2018: No code found jenkins.util.MarkFindingOutputStreamTest$MarkCountingOutputStream-close with jenkins.util.MarkFindingOutputStreamTest-closeInTheMiddle
Tue May 15 15:38:52 UTC 2018: No link for: jenkins.util.MarkFindingOutputStreamTest-writeOneHoldOff
Tue May 15 15:38:52 UTC 2018: None match not added in database because it already exists
Tue May 15 15:38:52 UTC 2018: No link for: jenkins.util.MarkFindingOutputStreamTest-partialMatchTurnsOutToBeWrongIn2ndWrite
Tue May 15 15:38:52 UTC 2018: None match not added in database because it already exists
Tue May 15 15:38:52 UTC 2018: No link for: jenkins.util.MarkFindingOutputStreamTest-oneByOne
Tue May 15 15:38:52 UTC 2018: None match not added in database because it already exists
Tue May 15 15:38:52 UTC 2018: No link for: jenkins.util.MarkFindingOutputStreamTest-findTwice
Tue May 15 15:38:52 UTC 2018: None match not added in database because it already exists
Tue May 15 15:38:52 UTC 2018: Linking done for duzifang__my-jenkins test class jenkins.util.MarkFindingOutputStreamTest
Tue May 15 15:38:53 UTC 2018: Found element on the queue
Tue May 15 15:38:53 UTC 2018: Updating status
Tue May 15 15:38:53 UTC 2018: Working
Tue May 15 15:38:55 UTC 2018: Start duzifang__my-jenkins test class jenkins.util.TimerTest
Tue May 15 15:38:55 UTC 2018: Setting lastTestMethodIndex: 36774
Tue May 15 15:38:55 UTC 2018: Starting linking
Tue May 15 15:38:55 UTC 2018: No link for: jenkins.util.TimerTest-timersArentBlocked
Tue May 15 15:38:56 UTC 2018: None match not added in database because it already exists
Tue May 15 15:38:56 UTC 2018: Linking done for duzifang__my-jenkins test class jenkins.util.TimerTest
Tue May 15 15:38:56 UTC 2018: Found element on the queue
Tue May 15 15:38:56 UTC 2018: Updating status
Tue May 15 15:38:56 UTC 2018: Working
Tue May 15 15:38:59 UTC 2018: Start duzifang__my-jenkins test class jenkins.util.xstream.XStreamDOMTest
Tue May 15 15:38:59 UTC 2018: Setting lastTestMethodIndex: 36776
Tue May 15 15:38:59 UTC 2018: Starting linking
Tue May 15 15:38:59 UTC 2018: Linking done for duzifang__my-jenkins test class jenkins.util.xstream.XStreamDOMTest
Tue May 15 15:38:59 UTC 2018: Found element on the queue
Tue May 15 15:38:59 UTC 2018: Updating status
Tue May 15 15:38:59 UTC 2018: Working
Tue May 15 15:39:02 UTC 2018: Start duzifang__my-jenkins test class jenkins.util.TreeStringBuilderTest
Tue May 15 15:39:02 UTC 2018: Setting lastTestMethodIndex: 36778
Tue May 15 15:39:02 UTC 2018: Starting linking
Tue May 15 15:39:02 UTC 2018: No link for: jenkins.util.TreeStringBuilderTest-testRandom
Tue May 15 15:39:02 UTC 2018: None match not added in database because it already exists
Tue May 15 15:39:02 UTC 2018: No link for: jenkins.util.TreeStringBuilderTest-test
Tue May 15 15:39:02 UTC 2018: None match not added in database because it already exists
Tue May 15 15:39:02 UTC 2018: Linking done for duzifang__my-jenkins test class jenkins.util.TreeStringBuilderTest
Tue May 15 15:39:02 UTC 2018: Found element on the queue
Tue May 15 15:39:02 UTC 2018: Updating status
Tue May 15 15:39:02 UTC 2018: Working
Tue May 15 15:39:05 UTC 2018: Start duzifang__my-jenkins test class jenkins.util.VirtualFileTest
Tue May 15 15:39:05 UTC 2018: Setting lastTestMethodIndex: 36780
Tue May 15 15:39:05 UTC 2018: Starting linking
Tue May 15 15:39:05 UTC 2018: No link for: jenkins.util.VirtualFileTest-outsideSymlinks
Tue May 15 15:39:05 UTC 2018: None match not added in database because it already exists
Tue May 15 15:39:05 UTC 2018: Linking done for duzifang__my-jenkins test class jenkins.util.VirtualFileTest
Tue May 15 15:39:06 UTC 2018: Found element on the queue
Tue May 15 15:39:06 UTC 2018: Updating status
Tue May 15 15:39:06 UTC 2018: Working
Tue May 15 15:39:08 UTC 2018: Start duzifang__my-jenkins test class hudson.UtilTest
Tue May 15 15:39:08 UTC 2018: Setting lastTestMethodIndex: 36782
Tue May 15 15:39:08 UTC 2018: Starting linking
Tue May 15 15:39:08 UTC 2018: Code found hudson.Util-rawEncode with hudson.UtilTest-testRawEncode
Tue May 15 15:39:08 UTC 2018: Match not added in database because it already exists
Tue May 15 15:39:08 UTC 2018: Code found hudson.Util-escape with hudson.UtilTest-testHtmlEscape
Tue May 15 15:39:08 UTC 2018: Match not added in database because it already exists
Tue May 15 15:39:08 UTC 2018: Code found hudson.Util-loadProperties with hudson.UtilTest-loadProperties
Tue May 15 15:39:08 UTC 2018: Code found hudson.Util-deleteRecursive with hudson.UtilTest-testDeleteRecursive
Tue May 15 15:39:09 UTC 2018: Code found hudson.Util-isAbsoluteUri with hudson.UtilTest-testIsAbsoluteUri
Tue May 15 15:39:09 UTC 2018: Code found hudson.Util-tryParseNumber with hudson.UtilTest-testTryParseNumber
Tue May 15 15:39:09 UTC 2018: Match not added in database because it already exists
Tue May 15 15:39:09 UTC 2018: Code found hudson.Util-deleteFile with hudson.UtilTest-testDeleteFile_onWindows
Tue May 15 15:39:09 UTC 2018: Code found hudson.Util-encode with hudson.UtilTest-testEncodeSpaces
Tue May 15 15:39:09 UTC 2018: Match not added in database because it already exists
Tue May 15 15:39:09 UTC 2018: Code found hudson.Util-isSymlink with hudson.UtilTest-testIsSymlink
Tue May 15 15:39:09 UTC 2018: Code found hudson.Util-deleteRecursive with hudson.UtilTest-testDeleteRecursive_onWindows
Tue May 15 15:39:09 UTC 2018: Code found hudson.Util-deleteFile with hudson.UtilTest-testDeleteFile
Tue May 15 15:39:09 UTC 2018: Code found hudson.Util-replaceMacro with hudson.UtilTest-testReplaceMacro
Tue May 15 15:39:09 UTC 2018: Match not added in database because it already exists
Tue May 15 15:39:09 UTC 2018: No link for: hudson.UtilTest-isRelativePathWindows
Tue May 15 15:39:10 UTC 2018: No link for: hudson.UtilTest-testDigestThreadSafety
Tue May 15 15:39:10 UTC 2018: None match not added in database because it already exists
Tue May 15 15:39:10 UTC 2018: No link for: hudson.UtilTest-testTimeSpanString
Tue May 15 15:39:10 UTC 2018: None match not added in database because it already exists
Tue May 15 15:39:10 UTC 2018: No link for: hudson.UtilTest-testSymlink
Tue May 15 15:39:10 UTC 2018: None match not added in database because it already exists
Tue May 15 15:39:10 UTC 2018: No link for: hudson.UtilTest-isRelativePathUnix
Tue May 15 15:39:10 UTC 2018: Linking done for duzifang__my-jenkins test class hudson.UtilTest
Tue May 15 15:39:10 UTC 2018: Found element on the queue
Tue May 15 15:39:10 UTC 2018: Updating status
Tue May 15 15:39:10 UTC 2018: Working
Tue May 15 15:39:13 UTC 2018: Start duzifang__my-jenkins test class hudson.FilePathTest
Tue May 15 15:39:13 UTC 2018: Setting lastTestMethodIndex: 36784
Tue May 15 15:39:13 UTC 2018: Starting linking
Tue May 15 15:39:13 UTC 2018: Code found hudson.FilePath-isUnix with hudson.FilePathTest-isUnix
Tue May 15 15:39:13 UTC 2018: No code found hudson.FilePath-tar with hudson.FilePathTest-symlinkInTar
Tue May 15 15:39:13 UTC 2018: No code found hudson.FilePath-list with hudson.FilePathTest-list
Tue May 15 15:39:13 UTC 2018: No code found hudson.FilePath-copyToWithPermission with hudson.FilePathTest-copyToWithPermission
Tue May 15 15:39:13 UTC 2018: No code found hudson.FilePath-validateAntFileMask with hudson.FilePathTest-validateAntFileMaskBounded
Tue May 15 15:39:13 UTC 2018: No code found hudson.FilePath-copyTo with hudson.FilePathTest-copyTo
Tue May 15 15:39:13 UTC 2018: No code found hudson.FilePath-copyTo with hudson.FilePathTest-noFileLeakInCopyTo
Tue May 15 15:39:14 UTC 2018: No code found hudson.FilePath-copyRecursiveTo with hudson.FilePathTest-repeatCopyRecursiveTo
Tue May 15 15:39:14 UTC 2018: No code found hudson.FilePath-list with hudson.FilePathTest-listWithExcludes
Tue May 15 15:39:14 UTC 2018: No code found hudson.FilePath-moveAllChildrenTo with hudson.FilePathTest-moveAllChildrenTo
Tue May 15 15:39:14 UTC 2018: No code found hudson.FilePath-getParent with hudson.FilePathTest-getParent
Tue May 15 15:39:14 UTC 2018: No code found hudson.FilePath-list with hudson.FilePathTest-listWithDefaultExcludes
Tue May 15 15:39:14 UTC 2018: No link for: hudson.FilePathTest-installIfNecessarySkipsDownloadWhenErroneous
Tue May 15 15:39:14 UTC 2018: No link for: hudson.FilePathTest-archiveBigFile
Tue May 15 15:39:14 UTC 2018: No link for: hudson.FilePathTest-compressTarUntarRoundTrip
Tue May 15 15:39:14 UTC 2018: No link for: hudson.FilePathTest-errorMessageInRemoteCopyRecursive
Tue May 15 15:39:14 UTC 2018: No link for: hudson.FilePathTest-validateAntFileMask
Tue May 15 15:39:14 UTC 2018: No link for: hudson.FilePathTest-installIfNecessaryPerformsInstallation
Tue May 15 15:39:14 UTC 2018: No link for: hudson.FilePathTest-multiSegmentRelativePaths
Tue May 15 15:39:15 UTC 2018: No link for: hudson.FilePathTest-deleteLongPathOnWindows
Tue May 15 15:39:15 UTC 2018: No link for: hudson.FilePathTest-noRaceConditionInCopyTo
Tue May 15 15:39:15 UTC 2018: None match not added in database because it already exists
Tue May 15 15:39:15 UTC 2018: No link for: hudson.FilePathTest-installIfNecessaryAvoidsExcessiveDownloadsByUsingIfModifiedSince
Tue May 15 15:39:15 UTC 2018: No link for: hudson.FilePathTest-archiveBug
Tue May 15 15:39:15 UTC 2018: No link for: hudson.FilePathTest-testEOFbrokenFlush
Tue May 15 15:39:15 UTC 2018: No link for: hudson.FilePathTest-normalization
Tue May 15 15:39:15 UTC 2018: Linking done for duzifang__my-jenkins test class hudson.FilePathTest
Tue May 15 15:39:16 UTC 2018: Found element on the queue
Tue May 15 15:39:16 UTC 2018: Updating status
Tue May 15 15:39:16 UTC 2018: Working
Tue May 15 15:39:18 UTC 2018: Start duzifang__my-jenkins test class hudson.slaves.NodeListTest
Tue May 15 15:39:18 UTC 2018: Setting lastTestMethodIndex: 36786
Tue May 15 15:39:18 UTC 2018: Starting linking
Tue May 15 15:39:18 UTC 2018: Linking done for duzifang__my-jenkins test class hudson.slaves.NodeListTest
Tue May 15 15:39:19 UTC 2018: Found element on the queue
Tue May 15 15:39:19 UTC 2018: Updating status
Tue May 15 15:39:19 UTC 2018: Working
Tue May 15 15:39:21 UTC 2018: Start duzifang__my-jenkins test class hudson.slaves.ComputerLauncherTest
Tue May 15 15:39:21 UTC 2018: Setting lastTestMethodIndex: 36787
Tue May 15 15:39:21 UTC 2018: Starting linking
Tue May 15 15:39:21 UTC 2018: No link for: hudson.slaves.ComputerLauncherTest-j2sdk4
Tue May 15 15:39:21 UTC 2018: None match not added in database because it already exists
Tue May 15 15:39:21 UTC 2018: No link for: hudson.slaves.ComputerLauncherTest-jdk6
Tue May 15 15:39:21 UTC 2018: None match not added in database because it already exists
Tue May 15 15:39:21 UTC 2018: No link for: hudson.slaves.ComputerLauncherTest-jdk10
Tue May 15 15:39:21 UTC 2018: None match not added in database because it already exists
Tue May 15 15:39:21 UTC 2018: No link for: hudson.slaves.ComputerLauncherTest-jdk7
Tue May 15 15:39:21 UTC 2018: None match not added in database because it already exists
Tue May 15 15:39:21 UTC 2018: No link for: hudson.slaves.ComputerLauncherTest-openJDK7
Tue May 15 15:39:21 UTC 2018: None match not added in database because it already exists
Tue May 15 15:39:21 UTC 2018: No link for: hudson.slaves.ComputerLauncherTest-jdk5
Tue May 15 15:39:21 UTC 2018: None match not added in database because it already exists
Tue May 15 15:39:21 UTC 2018: Linking done for duzifang__my-jenkins test class hudson.slaves.ComputerLauncherTest
Tue May 15 15:39:22 UTC 2018: Found element on the queue
Tue May 15 15:39:22 UTC 2018: Updating status
Tue May 15 15:39:22 UTC 2018: Working
Tue May 15 15:39:24 UTC 2018: Start duzifang__my-jenkins test class hudson.tasks._maven.Maven3MojoNoteTest
Tue May 15 15:39:24 UTC 2018: Setting lastTestMethodIndex: 36789
Tue May 15 15:39:24 UTC 2018: Starting linking
Tue May 15 15:39:24 UTC 2018: No link for: hudson.tasks._maven.Maven3MojoNoteTest-testAnnotateMavenPlugin
Tue May 15 15:39:24 UTC 2018: None match not added in database because it already exists
Tue May 15 15:39:24 UTC 2018: No link for: hudson.tasks._maven.Maven3MojoNoteTest-testAnnotateOtherPlugin
Tue May 15 15:39:24 UTC 2018: None match not added in database because it already exists
Tue May 15 15:39:24 UTC 2018: No link for: hudson.tasks._maven.Maven3MojoNoteTest-testAnnotateCodehausPlugin
Tue May 15 15:39:25 UTC 2018: None match not added in database because it already exists
Tue May 15 15:39:25 UTC 2018: Linking done for duzifang__my-jenkins test class hudson.tasks._maven.Maven3MojoNoteTest
Tue May 15 15:39:25 UTC 2018: Found element on the queue
Tue May 15 15:39:25 UTC 2018: Updating status
Tue May 15 15:39:25 UTC 2018: Working
Tue May 15 15:39:28 UTC 2018: Start duzifang__my-jenkins test class hudson.MarkupTextTest
Tue May 15 15:39:28 UTC 2018: Setting lastTestMethodIndex: 36791
Tue May 15 15:39:28 UTC 2018: Starting linking
Tue May 15 15:39:28 UTC 2018: No code found hudson.MarkupText$SubText-findTokens with hudson.MarkupTextTest-findTokensOnSubText
Tue May 15 15:39:28 UTC 2018: Code found hudson.MarkupText$SubText-subText with hudson.MarkupTextTest-subTextSubText
Tue May 15 15:39:28 UTC 2018: Match not added in database because it already exists
Tue May 15 15:39:28 UTC 2018: No link for: hudson.MarkupTextTest-adjacent
Tue May 15 15:39:28 UTC 2018: None match not added in database because it already exists
Tue May 15 15:39:28 UTC 2018: No link for: hudson.MarkupTextTest-test1
Tue May 15 15:39:28 UTC 2018: None match not added in database because it already exists
Tue May 15 15:39:28 UTC 2018: No link for: hudson.MarkupTextTest-literalTextSurround
Tue May 15 15:39:28 UTC 2018: None match not added in database because it already exists
Tue May 15 15:39:28 UTC 2018: No link for: hudson.MarkupTextTest-escape
Tue May 15 15:39:28 UTC 2018: None match not added in database because it already exists
Tue May 15 15:39:28 UTC 2018: No link for: hudson.MarkupTextTest-preEscape
Tue May 15 15:39:28 UTC 2018: None match not added in database because it already exists
Tue May 15 15:39:28 UTC 2018: No link for: hudson.MarkupTextTest-boundary
Tue May 15 15:39:28 UTC 2018: None match not added in database because it already exists
Tue May 15 15:39:28 UTC 2018: Linking done for duzifang__my-jenkins test class hudson.MarkupTextTest
Tue May 15 15:39:29 UTC 2018: Found element on the queue
Tue May 15 15:39:29 UTC 2018: Updating status
Tue May 15 15:39:29 UTC 2018: Working
Tue May 15 15:39:31 UTC 2018: Start duzifang__my-jenkins test class hudson.triggers.TimerTriggerTest
Tue May 15 15:39:31 UTC 2018: Setting lastTestMethodIndex: 36793
Tue May 15 15:39:31 UTC 2018: Starting linking
Tue May 15 15:39:31 UTC 2018: No link for: hudson.triggers.TimerTriggerTest-testNoNPE
Tue May 15 15:39:31 UTC 2018: None match not added in database because it already exists
Tue May 15 15:39:31 UTC 2018: Linking done for duzifang__my-jenkins test class hudson.triggers.TimerTriggerTest
Tue May 15 15:39:32 UTC 2018: Found element on the queue
Tue May 15 15:39:32 UTC 2018: Updating status
Tue May 15 15:39:32 UTC 2018: Working
Tue May 15 15:39:34 UTC 2018: Start duzifang__my-jenkins test class hudson.scheduler.CronTabEventualityTest
Tue May 15 15:39:34 UTC 2018: Setting lastTestMethodIndex: 36795
Tue May 15 15:39:34 UTC 2018: Starting linking
Tue May 15 15:39:34 UTC 2018: No link for: hudson.scheduler.CronTabEventualityTest-testHourlyWillBeEventuallyTriggeredWithinOneHour
Tue May 15 15:39:34 UTC 2018: None match not added in database because it already exists
Tue May 15 15:39:34 UTC 2018: No link for: hudson.scheduler.CronTabEventualityTest-testYearlyWillBeEventuallyTriggeredWithinOneYear
Tue May 15 15:39:34 UTC 2018: None match not added in database because it already exists
Tue May 15 15:39:34 UTC 2018: No link for: hudson.scheduler.CronTabEventualityTest-testWeeklyWillBeEventuallyTriggeredWithinOneWeek
Tue May 15 15:39:35 UTC 2018: None match not added in database because it already exists
Tue May 15 15:39:35 UTC 2018: No link for: hudson.scheduler.CronTabEventualityTest-testMonthlyWillBeEventuallyTriggeredWithinOneMonth
Tue May 15 15:39:35 UTC 2018: None match not added in database because it already exists
Tue May 15 15:39:35 UTC 2018: No link for: hudson.scheduler.CronTabEventualityTest-testFirstDayOfMonthWillBeEventuallyTriggeredWithinOneMonth
Tue May 15 15:39:35 UTC 2018: None match not added in database because it already exists
Tue May 15 15:39:35 UTC 2018: No link for: hudson.scheduler.CronTabEventualityTest-testDailyWillBeEventuallyTriggeredWithinOneDay
Tue May 15 15:39:35 UTC 2018: None match not added in database because it already exists
Tue May 15 15:39:35 UTC 2018: No link for: hudson.scheduler.CronTabEventualityTest-testMidnightWillBeEventuallyTriggeredWithinOneDay
Tue May 15 15:39:35 UTC 2018: None match not added in database because it already exists
Tue May 15 15:39:35 UTC 2018: No link for: hudson.scheduler.CronTabEventualityTest-testFirstSundayOfMonthWillBeEventuallyTriggeredWithinOneMonthAndOneWeek
Tue May 15 15:39:35 UTC 2018: None match not added in database because it already exists
Tue May 15 15:39:35 UTC 2018: No link for: hudson.scheduler.CronTabEventualityTest-testAnnuallyWillBeEventuallyTriggeredWithinOneYear
Tue May 15 15:39:35 UTC 2018: None match not added in database because it already exists
Tue May 15 15:39:35 UTC 2018: Linking done for duzifang__my-jenkins test class hudson.scheduler.CronTabEventualityTest
Tue May 15 15:39:36 UTC 2018: Found element on the queue
Tue May 15 15:39:36 UTC 2018: Updating status
Tue May 15 15:39:36 UTC 2018: Working
Tue May 15 15:39:38 UTC 2018: Start duzifang__my-jenkins test class hudson.scheduler.CronTabTest
Tue May 15 15:39:38 UTC 2018: Setting lastTestMethodIndex: 36798
Tue May 15 15:39:38 UTC 2018: Starting linking
Tue May 15 15:39:38 UTC 2018: No code found hudson.scheduler.CronTab-ceil with hudson.scheduler.CronTabTest-testCeil3_DoW7
Tue May 15 15:39:38 UTC 2018: No code found hudson.scheduler.CronTab-floor with hudson.scheduler.CronTabTest-testFloor1
Tue May 15 15:39:38 UTC 2018: No code found hudson.scheduler.CronTab-floor with hudson.scheduler.CronTabTest-testFloor3
Tue May 15 15:39:38 UTC 2018: No code found hudson.scheduler.CronTab-floor with hudson.scheduler.CronTabTest-testFloor2
Tue May 15 15:39:39 UTC 2018: No code found hudson.scheduler.CronTab-floor with hudson.scheduler.CronTabTest-testFloor4
Tue May 15 15:39:39 UTC 2018: No code found hudson.scheduler.CronTab-checkSanity with hudson.scheduler.CronTabTest-checkSanity
Tue May 15 15:39:39 UTC 2018: No code found hudson.scheduler.CronTab-ceil with hudson.scheduler.CronTabTest-testCeil5
Tue May 15 15:39:39 UTC 2018: No code found hudson.scheduler.CronTab-ceil with hudson.scheduler.CronTabTest-testCeil3
Tue May 15 15:39:39 UTC 2018: No code found hudson.scheduler.CronTab-ceil with hudson.scheduler.CronTabTest-testCeil4
Tue May 15 15:39:39 UTC 2018: No code found hudson.scheduler.CronTab-ceil with hudson.scheduler.CronTabTest-testCeil1
Tue May 15 15:39:39 UTC 2018: No code found hudson.scheduler.CronTab-ceil with hudson.scheduler.CronTabTest-testCeil2
Tue May 15 15:39:39 UTC 2018: No link for: hudson.scheduler.CronTabTest-testHash2
Tue May 15 15:39:39 UTC 2018: None match not added in database because it already exists
Tue May 15 15:39:39 UTC 2018: No link for: hudson.scheduler.CronTabTest-testTimezone
Tue May 15 15:39:40 UTC 2018: None match not added in database because it already exists
Tue May 15 15:39:40 UTC 2018: No link for: hudson.scheduler.CronTabTest-hashedMinute
Tue May 15 15:39:40 UTC 2018: None match not added in database because it already exists
Tue May 15 15:39:40 UTC 2018: No link for: hudson.scheduler.CronTabTest-rangeBoundsCheckOK
Tue May 15 15:39:40 UTC 2018: None match not added in database because it already exists
Tue May 15 15:39:40 UTC 2018: No link for: hudson.scheduler.CronTabTest-rangeBoundsCheckFailHour
Tue May 15 15:39:40 UTC 2018: None match not added in database because it already exists
Tue May 15 15:39:40 UTC 2018: No link for: hudson.scheduler.CronTabTest-test1
Tue May 15 15:39:40 UTC 2018: None match not added in database because it already exists
Tue May 15 15:39:40 UTC 2018: No link for: hudson.scheduler.CronTabTest-repeatedHash
Tue May 15 15:39:40 UTC 2018: None match not added in database because it already exists
Tue May 15 15:39:40 UTC 2018: No link for: hudson.scheduler.CronTabTest-hashSkips
Tue May 15 15:39:40 UTC 2018: None match not added in database because it already exists
Tue May 15 15:39:40 UTC 2018: No link for: hudson.scheduler.CronTabTest-testHash1
Tue May 15 15:39:40 UTC 2018: None match not added in database because it already exists
Tue May 15 15:39:40 UTC 2018: No link for: hudson.scheduler.CronTabTest-rangeBoundsCheckFailMinute
Tue May 15 15:39:40 UTC 2018: None match not added in database because it already exists
Tue May 15 15:39:40 UTC 2018: Linking done for duzifang__my-jenkins test class hudson.scheduler.CronTabTest
Tue May 15 15:39:41 UTC 2018: Found element on the queue
Tue May 15 15:39:41 UTC 2018: Updating status
Tue May 15 15:39:41 UTC 2018: Working
Tue May 15 15:39:43 UTC 2018: Start duzifang__my-jenkins test class hudson.scheduler.CronTabDayOfWeekLocaleTest
Tue May 15 15:39:43 UTC 2018: Setting lastTestMethodIndex: 36800
Tue May 15 15:39:43 UTC 2018: Starting linking
Tue May 15 15:39:43 UTC 2018: No link for: hudson.scheduler.CronTabDayOfWeekLocaleTest-isSundayAndNextRunIsMonday
Tue May 15 15:39:43 UTC 2018: None match not added in database because it already exists
Tue May 15 15:39:43 UTC 2018: No link for: hudson.scheduler.CronTabDayOfWeekLocaleTest-isSundayAndPreviousRunIsSaturday
Tue May 15 15:39:44 UTC 2018: None match not added in database because it already exists
Tue May 15 15:39:44 UTC 2018: No link for: hudson.scheduler.CronTabDayOfWeekLocaleTest-isSaturdayAndNextRunIsSundayAsterisk
Tue May 15 15:39:44 UTC 2018: None match not added in database because it already exists
Tue May 15 15:39:44 UTC 2018: No link for: hudson.scheduler.CronTabDayOfWeekLocaleTest-isSundayAndPreviousRunIsSaturdayAsterisk
Tue May 15 15:39:44 UTC 2018: None match not added in database because it already exists
Tue May 15 15:39:44 UTC 2018: No link for: hudson.scheduler.CronTabDayOfWeekLocaleTest-hudson8658
Tue May 15 15:39:44 UTC 2018: None match not added in database because it already exists
Tue May 15 15:39:44 UTC 2018: No link for: hudson.scheduler.CronTabDayOfWeekLocaleTest-isSundayAndNextRunIsThursday
Tue May 15 15:39:44 UTC 2018: None match not added in database because it already exists
Tue May 15 15:39:44 UTC 2018: No link for: hudson.scheduler.CronTabDayOfWeekLocaleTest-isSundayAndNextRunIsNextSunday
Tue May 15 15:39:44 UTC 2018: None match not added in database because it already exists
Tue May 15 15:39:44 UTC 2018: No link for: hudson.scheduler.CronTabDayOfWeekLocaleTest-isSundayAndNextRunIsWednesday
Tue May 15 15:39:44 UTC 2018: None match not added in database because it already exists
Tue May 15 15:39:44 UTC 2018: No link for: hudson.scheduler.CronTabDayOfWeekLocaleTest-isSundayAndPreviousRunIsFriday
Tue May 15 15:39:44 UTC 2018: None match not added in database because it already exists
Tue May 15 15:39:44 UTC 2018: No link for: hudson.scheduler.CronTabDayOfWeekLocaleTest-isSundayAndNextRunIsTuesday
Tue May 15 15:39:44 UTC 2018: None match not added in database because it already exists
Tue May 15 15:39:44 UTC 2018: No link for: hudson.scheduler.CronTabDayOfWeekLocaleTest-isSundayAndPreviousRunIsThursday
Tue May 15 15:39:44 UTC 2018: None match not added in database because it already exists
Tue May 15 15:39:44 UTC 2018: No link for: hudson.scheduler.CronTabDayOfWeekLocaleTest-isSundayAndNextRunIsFriday
Tue May 15 15:39:45 UTC 2018: None match not added in database because it already exists
Tue May 15 15:39:45 UTC 2018: No link for: hudson.scheduler.CronTabDayOfWeekLocaleTest-isSundayAndPreviousRunIsMonday
Tue May 15 15:39:45 UTC 2018: None match not added in database because it already exists
Tue May 15 15:39:45 UTC 2018: No link for: hudson.scheduler.CronTabDayOfWeekLocaleTest-isSundayAndPreviousRunIsPreviousSunday
Tue May 15 15:39:45 UTC 2018: None match not added in database because it already exists
Tue May 15 15:39:45 UTC 2018: No link for: hudson.scheduler.CronTabDayOfWeekLocaleTest-isSundayAndNextRunIsNextSunday7
Tue May 15 15:39:45 UTC 2018: None match not added in database because it already exists
Tue May 15 15:39:45 UTC 2018: No link for: hudson.scheduler.CronTabDayOfWeekLocaleTest-isSundayAndPreviousRunIsPreviousSunday7
Tue May 15 15:39:45 UTC 2018: None match not added in database because it already exists
Tue May 15 15:39:45 UTC 2018: No link for: hudson.scheduler.CronTabDayOfWeekLocaleTest-isSundayAndPreviousRunIsTuesday
Tue May 15 15:39:45 UTC 2018: None match not added in database because it already exists
Tue May 15 15:39:45 UTC 2018: No link for: hudson.scheduler.CronTabDayOfWeekLocaleTest-isSundayAndPreviousRunIsWednesday
Tue May 15 15:39:45 UTC 2018: None match not added in database because it already exists
Tue May 15 15:39:45 UTC 2018: No link for: hudson.scheduler.CronTabDayOfWeekLocaleTest-isSundayAndNextRunIsSaturday
Tue May 15 15:39:45 UTC 2018: None match not added in database because it already exists
Tue May 15 15:39:45 UTC 2018: Linking done for duzifang__my-jenkins test class hudson.scheduler.CronTabDayOfWeekLocaleTest
Tue May 15 15:39:46 UTC 2018: Found element on the queue
Tue May 15 15:39:46 UTC 2018: Updating status
Tue May 15 15:39:46 UTC 2018: Working
Tue May 15 15:39:48 UTC 2018: Start duzifang__my-jenkins test class hudson.model.BallColorTest
Tue May 15 15:39:48 UTC 2018: Setting lastTestMethodIndex: 36803
Tue May 15 15:39:48 UTC 2018: Starting linking
Tue May 15 15:39:48 UTC 2018: No link for: hudson.model.BallColorTest-iconClassName
Tue May 15 15:39:48 UTC 2018: None match not added in database because it already exists
Tue May 15 15:39:48 UTC 2018: No link for: hudson.model.BallColorTest-htmlColor
Tue May 15 15:39:48 UTC 2018: None match not added in database because it already exists
Tue May 15 15:39:48 UTC 2018: Linking done for duzifang__my-jenkins test class hudson.model.BallColorTest
Tue May 15 15:39:49 UTC 2018: Found element on the queue
Tue May 15 15:39:49 UTC 2018: Updating status
Tue May 15 15:39:49 UTC 2018: Working
Tue May 15 15:39:51 UTC 2018: Start duzifang__my-jenkins test class hudson.model.ActionableTest
Tue May 15 15:39:51 UTC 2018: Setting lastTestMethodIndex: 36805
Tue May 15 15:39:51 UTC 2018: Starting linking
Tue May 15 15:39:51 UTC 2018: Code found hudson.model.Actionable-replaceAction with hudson.model.ActionableTest-replaceAction
Tue May 15 15:39:51 UTC 2018: Match not added in database because it already exists
Tue May 15 15:39:51 UTC 2018: Linking done for duzifang__my-jenkins test class hudson.model.ActionableTest
Tue May 15 15:39:52 UTC 2018: Found element on the queue
Tue May 15 15:39:52 UTC 2018: Updating status
Tue May 15 15:39:52 UTC 2018: Working
Tue May 15 15:39:54 UTC 2018: Start duzifang__my-jenkins test class hudson.model.RunParameterValueTest
Tue May 15 15:39:54 UTC 2018: Setting lastTestMethodIndex: 36807
Tue May 15 15:39:54 UTC 2018: Starting linking
Tue May 15 15:39:54 UTC 2018: No link for: hudson.model.RunParameterValueTest-robustness
Tue May 15 15:39:54 UTC 2018: None match not added in database because it already exists
Tue May 15 15:39:54 UTC 2018: Linking done for duzifang__my-jenkins test class hudson.model.RunParameterValueTest
Tue May 15 15:39:55 UTC 2018: Found element on the queue
Tue May 15 15:39:55 UTC 2018: Updating status
Tue May 15 15:39:55 UTC 2018: Working
Tue May 15 15:39:57 UTC 2018: Start duzifang__my-jenkins test class hudson.model.ChoiceParameterDefinitionTest
Tue May 15 15:39:57 UTC 2018: Setting lastTestMethodIndex: 36809
Tue May 15 15:39:57 UTC 2018: Starting linking
Tue May 15 15:39:57 UTC 2018: No link for: hudson.model.ChoiceParameterDefinitionTest-testCheckChoices
Tue May 15 15:39:58 UTC 2018: None match not added in database because it already exists
Tue May 15 15:39:58 UTC 2018: No link for: hudson.model.ChoiceParameterDefinitionTest-shouldValidateChoices
Tue May 15 15:39:58 UTC 2018: None match not added in database because it already exists
Tue May 15 15:39:58 UTC 2018: Linking done for duzifang__my-jenkins test class hudson.model.ChoiceParameterDefinitionTest
Tue May 15 15:39:58 UTC 2018: Found element on the queue
Tue May 15 15:39:58 UTC 2018: Updating status
Tue May 15 15:39:58 UTC 2018: Working
Tue May 15 15:40:00 UTC 2018: Start duzifang__my-jenkins test class hudson.model.DisplayNameListenerTest
Tue May 15 15:40:00 UTC 2018: Setting lastTestMethodIndex: 36811
Tue May 15 15:40:00 UTC 2018: Starting linking
Tue May 15 15:40:00 UTC 2018: Code found hudson.model.DisplayNameListener-onRenamed with hudson.model.DisplayNameListenerTest-testOnRenamedOldNameNotEqualDisplayName
Tue May 15 15:40:01 UTC 2018: Match not added in database because it already exists
Tue May 15 15:40:01 UTC 2018: Code found hudson.model.DisplayNameListener-onCopied with hudson.model.DisplayNameListenerTest-testOnCopied
Tue May 15 15:40:01 UTC 2018: Match not added in database because it already exists
Tue May 15 15:40:01 UTC 2018: Code found hudson.model.DisplayNameListener-onRenamed with hudson.model.DisplayNameListenerTest-testOnRenamedOldNameEqualsDisplayName
Tue May 15 15:40:01 UTC 2018: Match not added in database because it already exists
Tue May 15 15:40:01 UTC 2018: Linking done for duzifang__my-jenkins test class hudson.model.DisplayNameListenerTest
Tue May 15 15:40:01 UTC 2018: Found element on the queue
Tue May 15 15:40:01 UTC 2018: Updating status
Tue May 15 15:40:01 UTC 2018: Working
Tue May 15 15:40:04 UTC 2018: Start duzifang__my-jenkins test class hudson.model.AbstractItemTest
Tue May 15 15:40:04 UTC 2018: Setting lastTestMethodIndex: 36813
Tue May 15 15:40:04 UTC 2018: Starting linking
Tue May 15 15:40:04 UTC 2018: Linking done for duzifang__my-jenkins test class hudson.model.AbstractItemTest
Tue May 15 15:40:04 UTC 2018: Found element on the queue
Tue May 15 15:40:04 UTC 2018: Updating status
Tue May 15 15:40:04 UTC 2018: Working
Tue May 15 15:40:07 UTC 2018: Start duzifang__my-jenkins test class hudson.model.ResourceListTest
Tue May 15 15:40:07 UTC 2018: Setting lastTestMethodIndex: 36815
Tue May 15 15:40:07 UTC 2018: Starting linking
Tue May 15 15:40:07 UTC 2018: Code found hudson.model.ResourceList-r with hudson.model.ResourceListTest-simpleR
Tue May 15 15:40:07 UTC 2018: Match not added in database because it already exists
Tue May 15 15:40:07 UTC 2018: Code found hudson.model.ResourceList-r with hudson.model.ResourceListTest-multiReadN
Tue May 15 15:40:07 UTC 2018: Match not added in database because it already exists
Tue May 15 15:40:07 UTC 2018: Code found hudson.model.ResourceList-w with hudson.model.ResourceListTest-simpleRW
Tue May 15 15:40:07 UTC 2018: Match not added in database because it already exists
Tue May 15 15:40:07 UTC 2018: Code found hudson.model.ResourceList-w with hudson.model.ResourceListTest-multiWriteN
Tue May 15 15:40:07 UTC 2018: Match not added in database because it already exists
Tue May 15 15:40:07 UTC 2018: Code found hudson.model.ResourceList-w with hudson.model.ResourceListTest-parentChildW
Tue May 15 15:40:07 UTC 2018: Match not added in database because it already exists
Tue May 15 15:40:07 UTC 2018: Code found hudson.model.ResourceList-w with hudson.model.ResourceListTest-multiWrite1
Tue May 15 15:40:07 UTC 2018: Match not added in database because it already exists
Tue May 15 15:40:07 UTC 2018: Code found hudson.model.ResourceList-r with hudson.model.ResourceListTest-multiRead1
Tue May 15 15:40:07 UTC 2018: Match not added in database because it already exists
Tue May 15 15:40:07 UTC 2018: Code found hudson.model.ResourceList-w with hudson.model.ResourceListTest-simpleW
Tue May 15 15:40:07 UTC 2018: Match not added in database because it already exists
Tue May 15 15:40:07 UTC 2018: Code found hudson.model.ResourceList-r with hudson.model.ResourceListTest-parentChildR3
Tue May 15 15:40:07 UTC 2018: Match not added in database because it already exists
Tue May 15 15:40:07 UTC 2018: Code found hudson.model.ResourceList-w with hudson.model.ResourceListTest-parentChildW3
Tue May 15 15:40:08 UTC 2018: Match not added in database because it already exists
Tue May 15 15:40:08 UTC 2018: Code found hudson.model.ResourceList-r with hudson.model.ResourceListTest-parentChildR
Tue May 15 15:40:08 UTC 2018: Match not added in database because it already exists
Tue May 15 15:40:08 UTC 2018: No link for: hudson.model.ResourceListTest-emptyLists
Tue May 15 15:40:08 UTC 2018: None match not added in database because it already exists
Tue May 15 15:40:08 UTC 2018: Linking done for duzifang__my-jenkins test class hudson.model.ResourceListTest
Tue May 15 15:40:08 UTC 2018: Found element on the queue
Tue May 15 15:40:08 UTC 2018: Updating status
Tue May 15 15:40:08 UTC 2018: Working
Tue May 15 15:40:11 UTC 2018: Start duzifang__my-jenkins test class hudson.model.TimeSeriesTest
Tue May 15 15:40:11 UTC 2018: Setting lastTestMethodIndex: 36818
Tue May 15 15:40:11 UTC 2018: Starting linking
Tue May 15 15:40:11 UTC 2018: No link for: hudson.model.TimeSeriesTest-test1
Tue May 15 15:40:11 UTC 2018: None match not added in database because it already exists
Tue May 15 15:40:11 UTC 2018: Linking done for duzifang__my-jenkins test class hudson.model.TimeSeriesTest
Tue May 15 15:40:11 UTC 2018: Found element on the queue
Tue May 15 15:40:11 UTC 2018: Updating status
Tue May 15 15:40:11 UTC 2018: Working
Tue May 15 15:40:14 UTC 2018: Start duzifang__my-jenkins test class hudson.model.FileParameterValueTest
Tue May 15 15:40:14 UTC 2018: Setting lastTestMethodIndex: 36820
Tue May 15 15:40:14 UTC 2018: Starting linking
Tue May 15 15:40:14 UTC 2018: No link for: hudson.model.FileParameterValueTest-compareNullParams
Tue May 15 15:40:14 UTC 2018: None match not added in database because it already exists
Tue May 15 15:40:14 UTC 2018: No link for: hudson.model.FileParameterValueTest-compareParamsWithSameName
Tue May 15 15:40:14 UTC 2018: None match not added in database because it already exists
Tue May 15 15:40:14 UTC 2018: Linking done for duzifang__my-jenkins test class hudson.model.FileParameterValueTest
Tue May 15 15:40:14 UTC 2018: Found element on the queue
Tue May 15 15:40:14 UTC 2018: Updating status
Tue May 15 15:40:14 UTC 2018: Working
Tue May 15 15:40:17 UTC 2018: Start duzifang__my-jenkins test class hudson.model.AutoCompleteSeederTest
Tue May 15 15:40:17 UTC 2018: Setting lastTestMethodIndex: 36822
Tue May 15 15:40:17 UTC 2018: Starting linking
Tue May 15 15:40:17 UTC 2018: Linking done for duzifang__my-jenkins test class hudson.model.AutoCompleteSeederTest
Tue May 15 15:40:17 UTC 2018: Found element on the queue
Tue May 15 15:40:17 UTC 2018: Updating status
Tue May 15 15:40:17 UTC 2018: Working
Tue May 15 15:40:20 UTC 2018: Start duzifang__my-jenkins test class jenkins.slaves.DefaultJnlpSlaveReceiverTest
Tue May 15 15:40:20 UTC 2018: Setting lastTestMethodIndex: 36824
Tue May 15 15:40:20 UTC 2018: Starting linking
Tue May 15 15:40:20 UTC 2018: Code found jenkins.slaves.DefaultJnlpSlaveReceiver-handle with jenkins.slaves.DefaultJnlpSlaveReceiverTest-testHandle
Tue May 15 15:40:20 UTC 2018: Code found jenkins.slaves.DefaultJnlpSlaveReceiver-handle with jenkins.slaves.DefaultJnlpSlaveReceiverTest-testHandleTakeoverFailedDisconnect
Tue May 15 15:40:20 UTC 2018: Code found jenkins.slaves.DefaultJnlpSlaveReceiver-handle with jenkins.slaves.DefaultJnlpSlaveReceiverTest-testHandleWithInvalidNode
Tue May 15 15:40:20 UTC 2018: Code found jenkins.slaves.DefaultJnlpSlaveReceiver-handle with jenkins.slaves.DefaultJnlpSlaveReceiverTest-testHandleTakeoverTimedOut
Tue May 15 15:40:20 UTC 2018: Code found jenkins.slaves.DefaultJnlpSlaveReceiver-handle with jenkins.slaves.DefaultJnlpSlaveReceiverTest-testHandleAttemptTakeoverWithNullCookie
Tue May 15 15:40:20 UTC 2018: Code found jenkins.slaves.DefaultJnlpSlaveReceiver-handle with jenkins.slaves.DefaultJnlpSlaveReceiverTest-testHandleAttemptTakeoverWithInvalidCookie
Tue May 15 15:40:20 UTC 2018: Code found jenkins.slaves.DefaultJnlpSlaveReceiver-handle with jenkins.slaves.DefaultJnlpSlaveReceiverTest-testHandleTakeover
Tue May 15 15:40:20 UTC 2018: Linking done for duzifang__my-jenkins test class jenkins.slaves.DefaultJnlpSlaveReceiverTest
Tue May 15 15:40:21 UTC 2018: Found element on the queue
Tue May 15 15:40:21 UTC 2018: Updating status
Tue May 15 15:40:21 UTC 2018: Working
Tue May 15 15:40:23 UTC 2018: Start duzifang__my-jenkins test class hudson.model.ParametersActionTest
Tue May 15 15:40:23 UTC 2018: Setting lastTestMethodIndex: 36826
Tue May 15 15:40:23 UTC 2018: Starting linking
Tue May 15 15:40:23 UTC 2018: Code found hudson.model.ParametersAction-merge with hudson.model.ParametersActionTest-mergeShouldHandleNullOverrides
Tue May 15 15:40:23 UTC 2018: Code found hudson.model.ParametersAction-merge with hudson.model.ParametersActionTest-mergeShouldHandleEmptyOverrides
Tue May 15 15:40:24 UTC 2018: Code found hudson.model.ParametersAction-createUpdated with hudson.model.ParametersActionTest-createUpdatedShouldReturnNewInstanceWithNullOverride
Tue May 15 15:40:24 UTC 2018: Code found hudson.model.ParametersAction-merge with hudson.model.ParametersActionTest-mergeShouldReturnNewInstanceWithOverride
Tue May 15 15:40:24 UTC 2018: Code found hudson.model.ParametersAction-merge with hudson.model.ParametersActionTest-mergeShouldOverrideParameters
Tue May 15 15:40:24 UTC 2018: Code found hudson.model.ParametersAction-merge with hudson.model.ParametersActionTest-mergeShouldCombineDisparateParameters
Tue May 15 15:40:24 UTC 2018: No link for: hudson.model.ParametersActionTest-checkNullParameterValues
Tue May 15 15:40:24 UTC 2018: None match not added in database because it already exists
Tue May 15 15:40:24 UTC 2018: Linking done for duzifang__my-jenkins test class hudson.model.ParametersActionTest
Tue May 15 15:40:25 UTC 2018: Found element on the queue
Tue May 15 15:40:25 UTC 2018: Updating status
Tue May 15 15:40:25 UTC 2018: Working
Tue May 15 15:40:27 UTC 2018: Start duzifang__my-jenkins test class hudson.model.BuildStatusSummaryTest
Tue May 15 15:40:27 UTC 2018: Setting lastTestMethodIndex: 36828
Tue May 15 15:40:27 UTC 2018: Starting linking
Tue May 15 15:40:27 UTC 2018: No link for: hudson.model.BuildStatusSummaryTest-testBecameUnstable
Tue May 15 15:40:27 UTC 2018: None match not added in database because it already exists
Tue May 15 15:40:27 UTC 2018: No link for: hudson.model.BuildStatusSummaryTest-testNonTestRelatedUnstable
Tue May 15 15:40:27 UTC 2018: None match not added in database because it already exists
Tue May 15 15:40:27 UTC 2018: No link for: hudson.model.BuildStatusSummaryTest-testSuccess
Tue May 15 15:40:28 UTC 2018: None match not added in database because it already exists
Tue May 15 15:40:28 UTC 2018: No link for: hudson.model.BuildStatusSummaryTest-testFailureSince
Tue May 15 15:40:28 UTC 2018: None match not added in database because it already exists
Tue May 15 15:40:28 UTC 2018: No link for: hudson.model.BuildStatusSummaryTest-testFixed
Tue May 15 15:40:28 UTC 2018: None match not added in database because it already exists
Tue May 15 15:40:28 UTC 2018: No link for: hudson.model.BuildStatusSummaryTest-testBecameFailure
Tue May 15 15:40:28 UTC 2018: None match not added in database because it already exists
Tue May 15 15:40:28 UTC 2018: No link for: hudson.model.BuildStatusSummaryTest-testUnstableAfterFailure
Tue May 15 15:40:28 UTC 2018: None match not added in database because it already exists
Tue May 15 15:40:28 UTC 2018: No link for: hudson.model.BuildStatusSummaryTest-testNotBuilt
Tue May 15 15:40:28 UTC 2018: None match not added in database because it already exists
Tue May 15 15:40:28 UTC 2018: No link for: hudson.model.BuildStatusSummaryTest-testAborted
Tue May 15 15:40:28 UTC 2018: None match not added in database because it already exists
Tue May 15 15:40:28 UTC 2018: No link for: hudson.model.BuildStatusSummaryTest-testNonTestRelatedBecameUnstable
Tue May 15 15:40:28 UTC 2018: None match not added in database because it already exists
Tue May 15 15:40:28 UTC 2018: No link for: hudson.model.BuildStatusSummaryTest-testStatusUnknownIfRunIsStillBuilding
Tue May 15 15:40:28 UTC 2018: None match not added in database because it already exists
Tue May 15 15:40:28 UTC 2018: No link for: hudson.model.BuildStatusSummaryTest-testFailure
Tue May 15 15:40:28 UTC 2018: None match not added in database because it already exists
Tue May 15 15:40:28 UTC 2018: Linking done for duzifang__my-jenkins test class hudson.model.BuildStatusSummaryTest
Tue May 15 15:40:29 UTC 2018: Found element on the queue
Tue May 15 15:40:29 UTC 2018: Updating status
Tue May 15 15:40:29 UTC 2018: Working
Tue May 15 15:40:31 UTC 2018: Start duzifang__my-jenkins test class hudson.model.TaskActionTest
Tue May 15 15:40:31 UTC 2018: Setting lastTestMethodIndex: 36831
Tue May 15 15:40:31 UTC 2018: Starting linking
Tue May 15 15:40:31 UTC 2018: Linking done for duzifang__my-jenkins test class hudson.model.TaskActionTest
Tue May 15 15:40:32 UTC 2018: Found element on the queue
Tue May 15 15:40:32 UTC 2018: Updating status
Tue May 15 15:40:32 UTC 2018: Working
Tue May 15 15:40:34 UTC 2018: Start duzifang__my-jenkins test class hudson.model.listeners.SCMListenerTest
Tue May 15 15:40:34 UTC 2018: Setting lastTestMethodIndex: 36833
Tue May 15 15:40:34 UTC 2018: Starting linking
Tue May 15 15:40:34 UTC 2018: Code found hudson.model.listeners.SCMListenerTest$L1-onChangeLogParsed with hudson.model.listeners.SCMListenerTest-onChangeLogParsed
Tue May 15 15:40:35 UTC 2018: Match not added in database because it already exists
Tue May 15 15:40:35 UTC 2018: Linking done for duzifang__my-jenkins test class hudson.model.listeners.SCMListenerTest
Tue May 15 15:40:35 UTC 2018: Found element on the queue
Tue May 15 15:40:35 UTC 2018: Updating status
Tue May 15 15:40:35 UTC 2018: Working
Tue May 15 15:40:38 UTC 2018: Start duzifang__my-jenkins test class hudson.logging.LogRecorderTest
Tue May 15 15:40:38 UTC 2018: Setting lastTestMethodIndex: 36835
Tue May 15 15:40:38 UTC 2018: Starting linking
Tue May 15 15:40:38 UTC 2018: No link for: hudson.logging.LogRecorderTest-targetIncludes
Tue May 15 15:40:38 UTC 2018: None match not added in database because it already exists
Tue May 15 15:40:38 UTC 2018: No link for: hudson.logging.LogRecorderTest-targetMatches
Tue May 15 15:40:38 UTC 2018: None match not added in database because it already exists
Tue May 15 15:40:38 UTC 2018: No link for: hudson.logging.LogRecorderTest-testSpecificExclusion
Tue May 15 15:40:38 UTC 2018: None match not added in database because it already exists
Tue May 15 15:40:38 UTC 2018: No link for: hudson.logging.LogRecorderTest-testClearing
Tue May 15 15:40:38 UTC 2018: None match not added in database because it already exists
Tue May 15 15:40:38 UTC 2018: Linking done for duzifang__my-jenkins test class hudson.logging.LogRecorderTest
Tue May 15 15:40:38 UTC 2018: Found element on the queue
Tue May 15 15:40:38 UTC 2018: Updating status
Tue May 15 15:40:38 UTC 2018: Working
Tue May 15 15:40:41 UTC 2018: Start duzifang__my-jenkins test class hudson.ProxyConfigurationTest
Tue May 15 15:40:41 UTC 2018: Setting lastTestMethodIndex: 36837
Tue May 15 15:40:41 UTC 2018: Starting linking
Tue May 15 15:40:41 UTC 2018: No link for: hudson.ProxyConfigurationTest-noProxyHost
Tue May 15 15:40:41 UTC 2018: None match not added in database because it already exists
Tue May 15 15:40:41 UTC 2018: Linking done for duzifang__my-jenkins test class hudson.ProxyConfigurationTest
Tue May 15 15:40:41 UTC 2018: Found element on the queue
Tue May 15 15:40:41 UTC 2018: Updating status
Tue May 15 15:40:41 UTC 2018: Working
Tue May 15 15:40:44 UTC 2018: Start duzifang__my-jenkins test class hudson.BulkChangeTest
Tue May 15 15:40:44 UTC 2018: Setting lastTestMethodIndex: 36838
Tue May 15 15:40:44 UTC 2018: Starting linking
Tue May 15 15:40:44 UTC 2018: Linking done for duzifang__my-jenkins test class hudson.BulkChangeTest
Tue May 15 15:40:44 UTC 2018: Found element on the queue
Tue May 15 15:40:44 UTC 2018: Updating status
Tue May 15 15:40:44 UTC 2018: Working
Tue May 15 15:40:47 UTC 2018: Start duzifang__my-jenkins test class hudson.util.RunListTest
Tue May 15 15:40:47 UTC 2018: Setting lastTestMethodIndex: 36840
Tue May 15 15:40:47 UTC 2018: Starting linking
Tue May 15 15:40:47 UTC 2018: Code found hudson.util.RunList-byTimestamp with hudson.util.RunListTest-byTimestampLastRun
Tue May 15 15:40:47 UTC 2018: Match not added in database because it already exists
Tue May 15 15:40:47 UTC 2018: Code found hudson.util.RunList-byTimestamp with hudson.util.RunListTest-byTimestampFirstRun
Tue May 15 15:40:47 UTC 2018: Match not added in database because it already exists
Tue May 15 15:40:47 UTC 2018: Code found hudson.util.RunList-byTimestamp with hudson.util.RunListTest-byTimestampAllRuns
Tue May 15 15:40:47 UTC 2018: Match not added in database because it already exists
Tue May 15 15:40:47 UTC 2018: Linking done for duzifang__my-jenkins test class hudson.util.RunListTest
Tue May 15 15:40:48 UTC 2018: Found element on the queue
Tue May 15 15:40:48 UTC 2018: Updating status
Tue May 15 15:40:48 UTC 2018: Working
Tue May 15 15:40:50 UTC 2018: Start duzifang__my-jenkins test class hudson.util.IsOverriddenTest
Tue May 15 15:40:50 UTC 2018: Setting lastTestMethodIndex: 36842
Tue May 15 15:40:50 UTC 2018: Starting linking
Tue May 15 15:40:50 UTC 2018: Code found hudson.Util-isOverridden with hudson.util.IsOverriddenTest-isOverriddenTest
Tue May 15 15:40:50 UTC 2018: Match not added in database because it already exists
Tue May 15 15:40:50 UTC 2018: Code found hudson.Util-isOverridden with hudson.util.IsOverriddenTest-isOverriddenNegativeTest
Tue May 15 15:40:50 UTC 2018: Match not added in database because it already exists
Tue May 15 15:40:50 UTC 2018: No link for: hudson.util.IsOverriddenTest-avoidPrivateMethodsInspection
Tue May 15 15:40:50 UTC 2018: None match not added in database because it already exists
Tue May 15 15:40:50 UTC 2018: Linking done for duzifang__my-jenkins test class hudson.util.IsOverriddenTest
Tue May 15 15:40:51 UTC 2018: Found element on the queue
Tue May 15 15:40:51 UTC 2018: Updating status
Tue May 15 15:40:51 UTC 2018: Working
Tue May 15 15:40:53 UTC 2018: Start duzifang__my-jenkins test class hudson.util.CopyOnWriteMapTest
Tue May 15 15:40:53 UTC 2018: Setting lastTestMethodIndex: 36844
Tue May 15 15:40:53 UTC 2018: Starting linking
Tue May 15 15:40:53 UTC 2018: Linking done for duzifang__my-jenkins test class hudson.util.CopyOnWriteMapTest
Tue May 15 15:40:54 UTC 2018: Found element on the queue
Tue May 15 15:40:54 UTC 2018: Updating status
Tue May 15 15:40:54 UTC 2018: Working
Tue May 15 15:40:56 UTC 2018: Start duzifang__my-jenkins test class hudson.util.CyclicGraphDetectorTest
Tue May 15 15:40:56 UTC 2018: Setting lastTestMethodIndex: 36846
Tue May 15 15:40:56 UTC 2018: Starting linking
Tue May 15 15:40:56 UTC 2018: Linking done for duzifang__my-jenkins test class hudson.util.CyclicGraphDetectorTest
Tue May 15 15:40:57 UTC 2018: Found element on the queue
Tue May 15 15:40:57 UTC 2018: Updating status
Tue May 15 15:40:57 UTC 2018: Working
Tue May 15 15:40:59 UTC 2018: Start duzifang__my-jenkins test class hudson.util.ArgumentListBuilderTest
Tue May 15 15:40:59 UTC 2018: Setting lastTestMethodIndex: 36848
Tue May 15 15:40:59 UTC 2018: Starting linking
Tue May 15 15:40:59 UTC 2018: Code found hudson.util.ArgumentListBuilder-clone with hudson.util.ArgumentListBuilderTest-assertMaskOnClone
Tue May 15 15:40:59 UTC 2018: Match not added in database because it already exists
Tue May 15 15:40:59 UTC 2018: Code found hudson.util.ArgumentListBuilder-toWindowsCommand with hudson.util.ArgumentListBuilderTest-testToWindowsCommand
Tue May 15 15:40:59 UTC 2018: Code found hudson.util.ArgumentListBuilder-prepend with hudson.util.ArgumentListBuilderTest-assertPrependBeforeAddingMasked
Tue May 15 15:40:59 UTC 2018: Match not added in database because it already exists
Tue May 15 15:40:59 UTC 2018: Code found hudson.util.ArgumentListBuilder-prepend with hudson.util.ArgumentListBuilderTest-assertPrependAfterAddingMasked
Tue May 15 15:40:59 UTC 2018: Match not added in database because it already exists
Tue May 15 15:40:59 UTC 2018: Code found hudson.util.ArgumentListBuilder-addKeyValuePairsFromPropertyString with hudson.util.ArgumentListBuilderTest-addKeyValuePairsFromPropertyString
Tue May 15 15:41:00 UTC 2018: Match not added in database because it already exists
Tue May 15 15:41:00 UTC 2018: No link for: hudson.util.ArgumentListBuilderTest-assertKeyValuePairsWithMask
Tue May 15 15:41:00 UTC 2018: None match not added in database because it already exists
Tue May 15 15:41:00 UTC 2018: No link for: hudson.util.ArgumentListBuilderTest-assertLastArgumentIsMasked
Tue May 15 15:41:00 UTC 2018: None match not added in database because it already exists
Tue May 15 15:41:00 UTC 2018: No link for: hudson.util.ArgumentListBuilderTest-assertEmptyMask
Tue May 15 15:41:00 UTC 2018: None match not added in database because it already exists
Tue May 15 15:41:00 UTC 2018: No link for: hudson.util.ArgumentListBuilderTest-assertSeveralMaskedArguments
Tue May 15 15:41:00 UTC 2018: None match not added in database because it already exists
Tue May 15 15:41:00 UTC 2018: No link for: hudson.util.ArgumentListBuilderTest-assertKeyValuePairs
Tue May 15 15:41:00 UTC 2018: None match not added in database because it already exists
Tue May 15 15:41:00 UTC 2018: No link for: hudson.util.ArgumentListBuilderTest-numberOfBackslashesInPropertiesShouldBePreservedAfterMacroExpansion
Tue May 15 15:41:00 UTC 2018: None match not added in database because it already exists
Tue May 15 15:41:00 UTC 2018: Linking done for duzifang__my-jenkins test class hudson.util.ArgumentListBuilderTest
Tue May 15 15:41:01 UTC 2018: Found element on the queue
Tue May 15 15:41:01 UTC 2018: Updating status
Tue May 15 15:41:01 UTC 2018: Working
Tue May 15 15:41:04 UTC 2018: Start duzifang__my-jenkins test class hudson.util.SubClassGeneratorTest
Tue May 15 15:41:04 UTC 2018: Setting lastTestMethodIndex: 36850
Tue May 15 15:41:04 UTC 2018: Starting linking
Tue May 15 15:41:04 UTC 2018: Linking done for duzifang__my-jenkins test class hudson.util.SubClassGeneratorTest
Tue May 15 15:41:04 UTC 2018: Found element on the queue
Tue May 15 15:41:04 UTC 2018: Updating status
Tue May 15 15:41:04 UTC 2018: Working
Tue May 15 15:41:06 UTC 2018: Start duzifang__my-jenkins test class hudson.util.FormValidationTest
Tue May 15 15:41:06 UTC 2018: Setting lastTestMethodIndex: 36852
Tue May 15 15:41:06 UTC 2018: Starting linking
Tue May 15 15:41:06 UTC 2018: No code found hudson.util.FormValidation-validateRequired with hudson.util.FormValidationTest-testValidateRequired_Null
Tue May 15 15:41:07 UTC 2018: No code found hudson.util.FormValidation-validateRequired with hudson.util.FormValidationTest-testValidateRequired_OK
Tue May 15 15:41:07 UTC 2018: No code found hudson.util.FormValidation-validateRequired with hudson.util.FormValidationTest-testValidateRequired_Empty
Tue May 15 15:41:07 UTC 2018: No link for: hudson.util.FormValidationTest-aggregateZeroValidations
Tue May 15 15:41:07 UTC 2018: None match not added in database because it already exists
Tue May 15 15:41:07 UTC 2018: No link for: hudson.util.FormValidationTest-aggregateSeveralValidations
Tue May 15 15:41:07 UTC 2018: No link for: hudson.util.FormValidationTest-aggregateSingleValidations
Tue May 15 15:41:07 UTC 2018: None match not added in database because it already exists
Tue May 15 15:41:07 UTC 2018: No link for: hudson.util.FormValidationTest-formValidationException
Tue May 15 15:41:07 UTC 2018: None match not added in database because it already exists
Tue May 15 15:41:07 UTC 2018: No link for: hudson.util.FormValidationTest-testMessage
Tue May 15 15:41:07 UTC 2018: None match not added in database because it already exists
Tue May 15 15:41:07 UTC 2018: Linking done for duzifang__my-jenkins test class hudson.util.FormValidationTest
Tue May 15 15:41:08 UTC 2018: Found element on the queue
Tue May 15 15:41:08 UTC 2018: Updating status
Tue May 15 15:41:08 UTC 2018: Working
Tue May 15 15:41:10 UTC 2018: Start duzifang__my-jenkins test class hudson.util.MultipartFormDataParserTest
Tue May 15 15:41:10 UTC 2018: Setting lastTestMethodIndex: 36854
Tue May 15 15:41:10 UTC 2018: Starting linking
Tue May 15 15:41:10 UTC 2018: No link for: hudson.util.MultipartFormDataParserTest-testIsMultipart
Tue May 15 15:41:10 UTC 2018: None match not added in database because it already exists
Tue May 15 15:41:10 UTC 2018: Linking done for duzifang__my-jenkins test class hudson.util.MultipartFormDataParserTest
Tue May 15 15:41:11 UTC 2018: Found element on the queue
Tue May 15 15:41:11 UTC 2018: Updating status
Tue May 15 15:41:11 UTC 2018: Working
Tue May 15 15:41:13 UTC 2018: Start duzifang__my-jenkins test class hudson.util.CopyOnWriteListTest
Tue May 15 15:41:13 UTC 2018: Setting lastTestMethodIndex: 36856
Tue May 15 15:41:13 UTC 2018: Starting linking
Tue May 15 15:41:13 UTC 2018: Linking done for duzifang__my-jenkins test class hudson.util.CopyOnWriteListTest
Tue May 15 15:41:14 UTC 2018: Found element on the queue
Tue May 15 15:41:14 UTC 2018: Updating status
Tue May 15 15:41:14 UTC 2018: Working
Tue May 15 15:41:16 UTC 2018: Start duzifang__my-jenkins test class hudson.util.QuotedStringTokenizerTest
Tue May 15 15:41:16 UTC 2018: Setting lastTestMethodIndex: 36858
Tue May 15 15:41:16 UTC 2018: Starting linking
Tue May 15 15:41:16 UTC 2018: No link for: hudson.util.QuotedStringTokenizerTest-test1
Tue May 15 15:41:17 UTC 2018: None match not added in database because it already exists
Tue May 15 15:41:17 UTC 2018: No link for: hudson.util.QuotedStringTokenizerTest-test3
Tue May 15 15:41:17 UTC 2018: None match not added in database because it already exists
Tue May 15 15:41:17 UTC 2018: No link for: hudson.util.QuotedStringTokenizerTest-test2
Tue May 15 15:41:17 UTC 2018: None match not added in database because it already exists
Tue May 15 15:41:17 UTC 2018: No link for: hudson.util.QuotedStringTokenizerTest-test5
Tue May 15 15:41:17 UTC 2018: None match not added in database because it already exists
Tue May 15 15:41:17 UTC 2018: No link for: hudson.util.QuotedStringTokenizerTest-test4
Tue May 15 15:41:17 UTC 2018: None match not added in database because it already exists
Tue May 15 15:41:17 UTC 2018: No link for: hudson.util.QuotedStringTokenizerTest-test7
Tue May 15 15:41:17 UTC 2018: None match not added in database because it already exists
Tue May 15 15:41:17 UTC 2018: No link for: hudson.util.QuotedStringTokenizerTest-test6
Tue May 15 15:41:17 UTC 2018: None match not added in database because it already exists
Tue May 15 15:41:17 UTC 2018: Linking done for duzifang__my-jenkins test class hudson.util.QuotedStringTokenizerTest
Tue May 15 15:41:18 UTC 2018: Found element on the queue
Tue May 15 15:41:18 UTC 2018: Updating status
Tue May 15 15:41:18 UTC 2018: Working
Tue May 15 15:41:20 UTC 2018: Start duzifang__my-jenkins test class hudson.util.io.TarArchiverTest
Tue May 15 15:41:20 UTC 2018: Setting lastTestMethodIndex: 36860
Tue May 15 15:41:20 UTC 2018: Starting linking
Tue May 15 15:41:20 UTC 2018: No link for: hudson.util.io.TarArchiverTest-brokenSymlinks
Tue May 15 15:41:20 UTC 2018: None match not added in database because it already exists
Tue May 15 15:41:20 UTC 2018: No link for: hudson.util.io.TarArchiverTest-permission
Tue May 15 15:41:20 UTC 2018: Linking done for duzifang__my-jenkins test class hudson.util.io.TarArchiverTest
Tue May 15 15:41:21 UTC 2018: Found element on the queue
Tue May 15 15:41:21 UTC 2018: Updating status
Tue May 15 15:41:21 UTC 2018: Working
Tue May 15 15:41:23 UTC 2018: Start duzifang__my-jenkins test class hudson.util.ConsistentHashTest
Tue May 15 15:41:23 UTC 2018: Setting lastTestMethodIndex: 36862
Tue May 15 15:41:23 UTC 2018: Starting linking
Tue May 15 15:41:23 UTC 2018: No link for: hudson.util.ConsistentHashTest-countAllPoints
Tue May 15 15:41:23 UTC 2018: None match not added in database because it already exists
Tue May 15 15:41:23 UTC 2018: No link for: hudson.util.ConsistentHashTest-speed
Tue May 15 15:41:24 UTC 2018: None match not added in database because it already exists
Tue May 15 15:41:24 UTC 2018: No link for: hudson.util.ConsistentHashTest-emptyBehavior
Tue May 15 15:41:24 UTC 2018: None match not added in database because it already exists
Tue May 15 15:41:24 UTC 2018: No link for: hudson.util.ConsistentHashTest-defaultReplicationIsOneHundred
Tue May 15 15:41:24 UTC 2018: None match not added in database because it already exists
Tue May 15 15:41:24 UTC 2018: No link for: hudson.util.ConsistentHashTest-usesCustomHash
Tue May 15 15:41:24 UTC 2018: None match not added in database because it already exists
Tue May 15 15:41:24 UTC 2018: No link for: hudson.util.ConsistentHashTest-setCustomDefaultReplication
Tue May 15 15:41:24 UTC 2018: None match not added in database because it already exists
Tue May 15 15:41:24 UTC 2018: No link for: hudson.util.ConsistentHashTest-removal
Tue May 15 15:41:24 UTC 2018: None match not added in database because it already exists
Tue May 15 15:41:24 UTC 2018: No link for: hudson.util.ConsistentHashTest-basic
Tue May 15 15:41:24 UTC 2018: None match not added in database because it already exists
Tue May 15 15:41:24 UTC 2018: No link for: hudson.util.ConsistentHashTest-unevenDistribution
Tue May 15 15:41:24 UTC 2018: None match not added in database because it already exists
Tue May 15 15:41:24 UTC 2018: Linking done for duzifang__my-jenkins test class hudson.util.ConsistentHashTest
Tue May 15 15:41:25 UTC 2018: Found element on the queue
Tue May 15 15:41:25 UTC 2018: Updating status
Tue May 15 15:41:25 UTC 2018: Working
Tue May 15 15:41:27 UTC 2018: Start duzifang__my-jenkins test class hudson.util.io.ReopenableRotatingFileOutputStreamTest
Tue May 15 15:41:27 UTC 2018: Setting lastTestMethodIndex: 36864
Tue May 15 15:41:27 UTC 2018: Starting linking
Tue May 15 15:41:27 UTC 2018: No link for: hudson.util.io.ReopenableRotatingFileOutputStreamTest-rotation
Tue May 15 15:41:27 UTC 2018: None match not added in database because it already exists
Tue May 15 15:41:27 UTC 2018: Linking done for duzifang__my-jenkins test class hudson.util.io.ReopenableRotatingFileOutputStreamTest
Tue May 15 15:41:28 UTC 2018: Found element on the queue
Tue May 15 15:41:28 UTC 2018: Updating status
Tue May 15 15:41:28 UTC 2018: Working
Tue May 15 15:41:30 UTC 2018: Start duzifang__my-jenkins test class hudson.util.XStream2EncodingTest
Tue May 15 15:41:30 UTC 2018: Setting lastTestMethodIndex: 36866
Tue May 15 15:41:30 UTC 2018: Starting linking
Tue May 15 15:41:30 UTC 2018: Code found hudson.util.XStream2-toXMLUTF8 with hudson.util.XStream2EncodingTest-toXMLUTF8
Tue May 15 15:41:30 UTC 2018: Match not added in database because it already exists
Tue May 15 15:41:30 UTC 2018: Code found hudson.util.XStream2-toXML with hudson.util.XStream2EncodingTest-toXMLUnspecifiedEncoding
Tue May 15 15:41:30 UTC 2018: Match not added in database because it already exists
Tue May 15 15:41:30 UTC 2018: Linking done for duzifang__my-jenkins test class hudson.util.XStream2EncodingTest
Tue May 15 15:41:31 UTC 2018: Found element on the queue
Tue May 15 15:41:31 UTC 2018: Updating status
Tue May 15 15:41:31 UTC 2018: Working
Tue May 15 15:41:33 UTC 2018: Start duzifang__my-jenkins test class hudson.util.IteratorsTest
Tue May 15 15:41:33 UTC 2018: Setting lastTestMethodIndex: 36869
Tue May 15 15:41:33 UTC 2018: Starting linking
Tue May 15 15:41:33 UTC 2018: No code found hudson.util.Iterators-reverseSequence with hudson.util.IteratorsTest-reverseSequence
Tue May 15 15:41:33 UTC 2018: No code found hudson.util.Iterators-wrap with hudson.util.IteratorsTest-wrap
Tue May 15 15:41:33 UTC 2018: No code found hudson.util.Iterators-sequence with hudson.util.IteratorsTest-sequence
Tue May 15 15:41:33 UTC 2018: No code found hudson.util.Iterators-limit with hudson.util.IteratorsTest-limit
Tue May 15 15:41:33 UTC 2018: Linking done for duzifang__my-jenkins test class hudson.util.IteratorsTest
Tue May 15 15:41:34 UTC 2018: Found element on the queue
Tue May 15 15:41:34 UTC 2018: Updating status
Tue May 15 15:41:34 UTC 2018: Working
Tue May 15 15:41:36 UTC 2018: Start duzifang__my-jenkins test class hudson.util.DirScannerTest
Tue May 15 15:41:36 UTC 2018: Setting lastTestMethodIndex: 36871
Tue May 15 15:41:36 UTC 2018: Starting linking
Tue May 15 15:41:36 UTC 2018: No link for: hudson.util.DirScannerTest-globShouldIgnoreDefaultExcludesByRequest
Tue May 15 15:41:36 UTC 2018: None match not added in database because it already exists
Tue May 15 15:41:36 UTC 2018: No link for: hudson.util.DirScannerTest-globShouldUseDefaultExcludes
Tue May 15 15:41:37 UTC 2018: None match not added in database because it already exists
Tue May 15 15:41:37 UTC 2018: Linking done for duzifang__my-jenkins test class hudson.util.DirScannerTest
Tue May 15 15:41:37 UTC 2018: Found element on the queue
Tue May 15 15:41:37 UTC 2018: Updating status
Tue May 15 15:41:37 UTC 2018: Working
Tue May 15 15:41:40 UTC 2018: Start duzifang__my-jenkins test class hudson.util.PackedMapTest
Tue May 15 15:41:40 UTC 2018: Setting lastTestMethodIndex: 36873
Tue May 15 15:41:40 UTC 2018: Starting linking
Tue May 15 15:41:40 UTC 2018: Linking done for duzifang__my-jenkins test class hudson.util.PackedMapTest
Tue May 15 15:41:40 UTC 2018: Found element on the queue
Tue May 15 15:41:40 UTC 2018: Updating status
Tue May 15 15:41:40 UTC 2018: Working
Tue May 15 15:41:43 UTC 2018: Start duzifang__my-jenkins test class hudson.util.XStream2Test
Tue May 15 15:41:43 UTC 2018: Setting lastTestMethodIndex: 36875
Tue May 15 15:41:43 UTC 2018: Starting linking
Tue May 15 15:41:43 UTC 2018: Linking done for duzifang__my-jenkins test class hudson.util.XStream2Test
Tue May 15 15:41:43 UTC 2018: Found element on the queue
Tue May 15 15:41:43 UTC 2018: Updating status
Tue May 15 15:41:43 UTC 2018: Working
Tue May 15 15:41:46 UTC 2018: Start duzifang__my-jenkins test class hudson.util.LineEndNormalizingWriterTest
Tue May 15 15:41:46 UTC 2018: Setting lastTestMethodIndex: 36877
Tue May 15 15:41:46 UTC 2018: Starting linking
Tue May 15 15:41:46 UTC 2018: No link for: hudson.util.LineEndNormalizingWriterTest-test1
Tue May 15 15:41:46 UTC 2018: None match not added in database because it already exists
Tue May 15 15:41:46 UTC 2018: No link for: hudson.util.LineEndNormalizingWriterTest-test2
Tue May 15 15:41:46 UTC 2018: None match not added in database because it already exists
Tue May 15 15:41:46 UTC 2018: No link for: hudson.util.LineEndNormalizingWriterTest-test3
Tue May 15 15:41:46 UTC 2018: None match not added in database because it already exists
Tue May 15 15:41:46 UTC 2018: Linking done for duzifang__my-jenkins test class hudson.util.LineEndNormalizingWriterTest
Tue May 15 15:41:47 UTC 2018: Found element on the queue
Tue May 15 15:41:47 UTC 2018: Updating status
Tue May 15 15:41:47 UTC 2018: Working
Tue May 15 15:41:49 UTC 2018: Start duzifang__my-jenkins test class hudson.model.LoadStatisticsTest
Tue May 15 15:41:49 UTC 2018: Setting lastTestMethodIndex: 36879
Tue May 15 15:41:49 UTC 2018: Starting linking
Tue May 15 15:41:49 UTC 2018: Code found hudson.model.LoadStatistics-isModern with hudson.model.LoadStatisticsTest-isModernWorks
Tue May 15 15:41:49 UTC 2018: Match not added in database because it already exists
Tue May 15 15:41:49 UTC 2018: No link for: hudson.model.LoadStatisticsTest-graph
Tue May 15 15:41:49 UTC 2018: None match not added in database because it already exists
Tue May 15 15:41:49 UTC 2018: Linking done for duzifang__my-jenkins test class hudson.model.LoadStatisticsTest
Tue May 15 15:41:50 UTC 2018: Found element on the queue
Tue May 15 15:41:50 UTC 2018: Updating status
Tue May 15 15:41:50 UTC 2018: Working
Tue May 15 15:41:52 UTC 2018: Start duzifang__my-jenkins test class hudson.EnvVarsTest
Tue May 15 15:41:52 UTC 2018: Setting lastTestMethodIndex: 36881
Tue May 15 15:41:52 UTC 2018: Starting linking
Tue May 15 15:41:52 UTC 2018: No code found hudson.EnvVars-overrideExpandingAll with hudson.EnvVarsTest-overrideExpandingAll
Tue May 15 15:41:52 UTC 2018: No link for: hudson.EnvVarsTest-overrideOrderCalculatorCyclic
Tue May 15 15:41:52 UTC 2018: None match not added in database because it already exists
Tue May 15 15:41:52 UTC 2018: No link for: hudson.EnvVarsTest-caseInsensitive
Tue May 15 15:41:52 UTC 2018: None match not added in database because it already exists
Tue May 15 15:41:52 UTC 2018: No link for: hudson.EnvVarsTest-overrideOrderCalculatorSelfReference
Tue May 15 15:41:53 UTC 2018: None match not added in database because it already exists
Tue May 15 15:41:53 UTC 2018: No link for: hudson.EnvVarsTest-overrideOrderCalculatorMultiple
Tue May 15 15:41:53 UTC 2018: None match not added in database because it already exists
Tue May 15 15:41:53 UTC 2018: No link for: hudson.EnvVarsTest-overrideOrderCalculatorSimple
Tue May 15 15:41:53 UTC 2018: None match not added in database because it already exists
Tue May 15 15:41:53 UTC 2018: No link for: hudson.EnvVarsTest-overrideOrderCalculatorInOrder
Tue May 15 15:41:53 UTC 2018: None match not added in database because it already exists
Tue May 15 15:41:53 UTC 2018: Linking done for duzifang__my-jenkins test class hudson.EnvVarsTest
Tue May 15 15:41:53 UTC 2018: Found element on the queue
Tue May 15 15:41:53 UTC 2018: Updating status
Tue May 15 15:41:53 UTC 2018: Working
Tue May 15 15:41:56 UTC 2018: Start duzifang__my-jenkins test class hudson.cli.handlers.ViewOptionHandlerTest
Tue May 15 15:41:56 UTC 2018: Setting lastTestMethodIndex: 36883
Tue May 15 15:41:56 UTC 2018: Starting linking
Tue May 15 15:41:56 UTC 2018: No link for: hudson.cli.handlers.ViewOptionHandlerTest-resolveOuterView
Tue May 15 15:41:56 UTC 2018: None match not added in database because it already exists
Tue May 15 15:41:56 UTC 2018: No link for: hudson.cli.handlers.ViewOptionHandlerTest-reportNonexistentNestedView
Tue May 15 15:41:56 UTC 2018: No link for: hudson.cli.handlers.ViewOptionHandlerTest-refuseToReadOuterView
Tue May 15 15:41:56 UTC 2018: No link for: hudson.cli.handlers.ViewOptionHandlerTest-reportNonexistentInnerView
Tue May 15 15:41:56 UTC 2018: No link for: hudson.cli.handlers.ViewOptionHandlerTest-refuseToReadNestedView
Tue May 15 15:41:56 UTC 2018: No link for: hudson.cli.handlers.ViewOptionHandlerTest-resolveNestedView
Tue May 15 15:41:56 UTC 2018: None match not added in database because it already exists
Tue May 15 15:41:56 UTC 2018: No link for: hudson.cli.handlers.ViewOptionHandlerTest-ignoreLeadingAndTrailingSlashes
Tue May 15 15:41:56 UTC 2018: None match not added in database because it already exists
Tue May 15 15:41:56 UTC 2018: No link for: hudson.cli.handlers.ViewOptionHandlerTest-reportNonexistentTopLevelView
Tue May 15 15:41:57 UTC 2018: No link for: hudson.cli.handlers.ViewOptionHandlerTest-refuseToReadInnerView
Tue May 15 15:41:57 UTC 2018: No link for: hudson.cli.handlers.ViewOptionHandlerTest-resolveTopLevelView
Tue May 15 15:41:57 UTC 2018: None match not added in database because it already exists
Tue May 15 15:41:57 UTC 2018: No link for: hudson.cli.handlers.ViewOptionHandlerTest-reportTraversingViewThatIsNotAViewGroup
Tue May 15 15:41:57 UTC 2018: Linking done for duzifang__my-jenkins test class hudson.cli.handlers.ViewOptionHandlerTest
Tue May 15 15:41:57 UTC 2018: Found element on the queue
Tue May 15 15:41:57 UTC 2018: Updating status
Tue May 15 15:41:58 UTC 2018: Working
Tue May 15 15:42:00 UTC 2018: Start duzifang__my-jenkins test class hudson.cli.ListJobsCommandTest
Tue May 15 15:42:00 UTC 2018: Setting lastTestMethodIndex: 36885
Tue May 15 15:42:00 UTC 2018: Starting linking
Tue May 15 15:42:00 UTC 2018: No link for: hudson.cli.ListJobsCommandTest-failForNonexistingName
Tue May 15 15:42:00 UTC 2018: No link for: hudson.cli.ListJobsCommandTest-getAllJobsForEmptyName
Tue May 15 15:42:00 UTC 2018: No link for: hudson.cli.ListJobsCommandTest-getJobsFromView
Tue May 15 15:42:00 UTC 2018: No link for: hudson.cli.ListJobsCommandTest-getAllJobsFromFolders
Tue May 15 15:42:00 UTC 2018: None match not added in database because it already exists
Tue May 15 15:42:00 UTC 2018: No link for: hudson.cli.ListJobsCommandTest-getJobsRecursivelyFromViewGroup
Tue May 15 15:42:00 UTC 2018: Linking done for duzifang__my-jenkins test class hudson.cli.ListJobsCommandTest
Tue May 15 15:42:01 UTC 2018: Found element on the queue
Tue May 15 15:42:01 UTC 2018: Updating status
Tue May 15 15:42:01 UTC 2018: Working
Tue May 15 15:42:04 UTC 2018: Start duzifang__my-jenkins test class hudson.util.ProcessTreeTest
Tue May 15 15:42:04 UTC 2018: Setting lastTestMethodIndex: 36887
Tue May 15 15:42:04 UTC 2018: Starting linking
Tue May 15 15:42:04 UTC 2018: Linking done for duzifang__my-jenkins test class hudson.util.ProcessTreeTest
Tue May 15 15:42:04 UTC 2018: Found element on the queue
Tue May 15 15:42:04 UTC 2018: Updating status
Tue May 15 15:42:04 UTC 2018: Working
Tue May 15 15:42:07 UTC 2018: Start duzifang__my-jenkins test class hudson.FunctionsTest
Tue May 15 15:42:07 UTC 2018: Setting lastTestMethodIndex: 36889
Tue May 15 15:42:07 UTC 2018: Starting linking
Tue May 15 15:42:07 UTC 2018: No code found hudson.Functions-getRelativeLinkTo with hudson.FunctionsTest-testGetRelativeLinkTo_JobContainedInView
Tue May 15 15:42:07 UTC 2018: No code found hudson.Functions-getActionUrl with hudson.FunctionsTest-testGetActionUrl_absolutePath
Tue May 15 15:42:07 UTC 2018: No code found hudson.Functions-getActionUrl with hudson.FunctionsTest-testGetActionUrl_absoluteUriWithoutAuthority
Tue May 15 15:42:07 UTC 2018: No code found hudson.Functions-printLogRecordHtml with hudson.FunctionsTest-printLogRecordHtml
Tue May 15 15:42:07 UTC 2018: No code found hudson.Functions-getRelativeLinkTo with hudson.FunctionsTest-getRelativeLinkTo_MavenModules
Tue May 15 15:42:07 UTC 2018: No code found hudson.Functions-getActionUrl with hudson.FunctionsTest-testGetActionUrl_relativePath
Tue May 15 15:42:07 UTC 2018: No code found hudson.Functions-getActionUrl with hudson.FunctionsTest-testGetActionUrl_absoluteUriWithAuthority
Tue May 15 15:42:07 UTC 2018: No code found hudson.Functions-getRelativeLinkTo with hudson.FunctionsTest-testGetRelativeLinkTo_JobFromComputer
Tue May 15 15:42:07 UTC 2018: No code found hudson.Functions-getRelativeLinkTo with hudson.FunctionsTest-testGetRelativeLinkTo_JobNotContainedInView
Tue May 15 15:42:07 UTC 2018: No code found hudson.Functions-getActionUrl with hudson.FunctionsTest-testGetActionUrl_unparsable
Tue May 15 15:42:08 UTC 2018: No code found hudson.Functions-getRelativeLinkTo with hudson.FunctionsTest-testGetRelativeLinkTo_JobContainedInViewWithinItemGroup
Tue May 15 15:42:08 UTC 2018: No code found hudson.Functions-breakableString with hudson.FunctionsTest-testBreakableString
Tue May 15 15:42:08 UTC 2018: No link for: hudson.FunctionsTest-testGetRelativeDisplayNameInsideItemGroup
Tue May 15 15:42:08 UTC 2018: No link for: hudson.FunctionsTest-testGetRelativeDisplayName
Tue May 15 15:42:08 UTC 2018: No link for: hudson.FunctionsTest-testHumanReadableFileSize
Tue May 15 15:42:08 UTC 2018: Linking done for duzifang__my-jenkins test class hudson.FunctionsTest
