Wed May 16 04:47:31 UTC 2018: Database:jdbc:mysql://localhost:3306/unittests
Wed May 16 04:47:31 UTC 2018: Starting
Wed May 16 04:47:32 UTC 2018: Found element on the queue
Wed May 16 04:47:32 UTC 2018: Updating status
Wed May 16 04:47:32 UTC 2018: Working
Wed May 16 04:47:32 UTC 2018: Create project parser
Wed May 16 04:47:36 UTC 2018: Create slicer
Wed May 16 04:47:40 UTC 2018: Create call graph
Wed May 16 04:47:42 UTC 2018: Create point analysis
Wed May 16 04:47:42 UTC 2018: Create call graph done
Wed May 16 04:47:42 UTC 2018: Start lvotypko__jenkins3 test class hudson.cli.ConnectionTest
Wed May 16 04:47:42 UTC 2018: Setting lastTestMethodIndex: 62168
Wed May 16 04:47:42 UTC 2018: Starting linking
Wed May 16 04:47:42 UTC 2018: No link for: hudson.cli.ConnectionTest-testEncyrpt
Wed May 16 04:47:42 UTC 2018: None match not added in database because it already exists
Wed May 16 04:47:42 UTC 2018: Linking done for lvotypko__jenkins3 test class hudson.cli.ConnectionTest
Wed May 16 04:47:43 UTC 2018: Found element on the queue
Wed May 16 04:47:43 UTC 2018: Updating status
Wed May 16 04:47:43 UTC 2018: Working
Wed May 16 04:47:43 UTC 2018: Create project parser
Wed May 16 04:47:58 UTC 2018: Start lvotypko__jenkins3 test class jenkins.util.MarkFindingOutputStreamTest
Wed May 16 04:47:58 UTC 2018: Setting lastTestMethodIndex: 62174
Wed May 16 04:47:58 UTC 2018: Starting linking
Wed May 16 04:47:58 UTC 2018: Linking done for lvotypko__jenkins3 test class jenkins.util.MarkFindingOutputStreamTest
Wed May 16 04:47:59 UTC 2018: Found element on the queue
Wed May 16 04:47:59 UTC 2018: Updating status
Wed May 16 04:47:59 UTC 2018: Working
Wed May 16 04:48:01 UTC 2018: Start lvotypko__jenkins3 test class hudson.tasks.test.TestObjectTest
Wed May 16 04:48:01 UTC 2018: Setting lastTestMethodIndex: 62175
Wed May 16 04:48:01 UTC 2018: Starting linking
Wed May 16 04:48:01 UTC 2018: Code found hudson.tasks.test.TestObject-safe with hudson.tasks.test.TestObjectTest-testSafe
Wed May 16 04:48:01 UTC 2018: Match not added in database because it already exists
Wed May 16 04:48:01 UTC 2018: Linking done for lvotypko__jenkins3 test class hudson.tasks.test.TestObjectTest
Wed May 16 04:48:02 UTC 2018: Found element on the queue
Wed May 16 04:48:02 UTC 2018: Updating status
Wed May 16 04:48:02 UTC 2018: Working
Wed May 16 04:48:04 UTC 2018: Start lvotypko__jenkins3 test class hudson.tasks.junit.SuiteResultTest
Wed May 16 04:48:04 UTC 2018: Setting lastTestMethodIndex: 62178
Wed May 16 04:48:04 UTC 2018: Starting linking
Wed May 16 04:48:04 UTC 2018: Linking done for lvotypko__jenkins3 test class hudson.tasks.junit.SuiteResultTest
Wed May 16 04:48:05 UTC 2018: Found element on the queue
Wed May 16 04:48:05 UTC 2018: Updating status
Wed May 16 04:48:05 UTC 2018: Working
Wed May 16 04:48:07 UTC 2018: Start lvotypko__jenkins3 test class hudson.tasks.junit.TestResultTest
Wed May 16 04:48:07 UTC 2018: Setting lastTestMethodIndex: 62179
Wed May 16 04:48:07 UTC 2018: Starting linking
Wed May 16 04:48:07 UTC 2018: Linking done for lvotypko__jenkins3 test class hudson.tasks.junit.TestResultTest
Wed May 16 04:48:08 UTC 2018: Found element on the queue
Wed May 16 04:48:08 UTC 2018: Updating status
Wed May 16 04:48:08 UTC 2018: Working
Wed May 16 04:48:10 UTC 2018: Start lvotypko__jenkins3 test class hudson.tasks._maven.Maven3MojoNoteTest
Wed May 16 04:48:10 UTC 2018: Setting lastTestMethodIndex: 62181
Wed May 16 04:48:10 UTC 2018: Starting linking
Wed May 16 04:48:10 UTC 2018: No link for: hudson.tasks._maven.Maven3MojoNoteTest-testAnnotateMavenPlugin
Wed May 16 04:48:10 UTC 2018: None match not added in database because it already exists
Wed May 16 04:48:10 UTC 2018: No link for: hudson.tasks._maven.Maven3MojoNoteTest-testAnnotateOtherPlugin
Wed May 16 04:48:11 UTC 2018: None match not added in database because it already exists
Wed May 16 04:48:11 UTC 2018: No link for: hudson.tasks._maven.Maven3MojoNoteTest-testAnnotateCodehausPlugin
Wed May 16 04:48:11 UTC 2018: None match not added in database because it already exists
Wed May 16 04:48:11 UTC 2018: Linking done for lvotypko__jenkins3 test class hudson.tasks._maven.Maven3MojoNoteTest
Wed May 16 04:48:11 UTC 2018: Found element on the queue
Wed May 16 04:48:11 UTC 2018: Updating status
Wed May 16 04:48:11 UTC 2018: Working
Wed May 16 04:48:14 UTC 2018: Start lvotypko__jenkins3 test class hudson.matrix.CombinationTest
Wed May 16 04:48:14 UTC 2018: Setting lastTestMethodIndex: 62184
Wed May 16 04:48:14 UTC 2018: Starting linking
Wed May 16 04:48:14 UTC 2018: Linking done for lvotypko__jenkins3 test class hudson.matrix.CombinationTest
Wed May 16 04:48:14 UTC 2018: Found element on the queue
Wed May 16 04:48:14 UTC 2018: Updating status
Wed May 16 04:48:14 UTC 2018: Working
Wed May 16 04:48:16 UTC 2018: Start lvotypko__jenkins3 test class hudson.MarkupTextTest
Wed May 16 04:48:16 UTC 2018: Setting lastTestMethodIndex: 62185
Wed May 16 04:48:16 UTC 2018: Starting linking
Wed May 16 04:48:16 UTC 2018: Linking done for lvotypko__jenkins3 test class hudson.MarkupTextTest
Wed May 16 04:48:17 UTC 2018: Found element on the queue
Wed May 16 04:48:17 UTC 2018: Updating status
Wed May 16 04:48:17 UTC 2018: Working
Wed May 16 04:48:19 UTC 2018: Start lvotypko__jenkins3 test class hudson.scheduler.CronTabEventualityTest
Wed May 16 04:48:19 UTC 2018: Setting lastTestMethodIndex: 62187
Wed May 16 04:48:19 UTC 2018: Starting linking
Wed May 16 04:48:19 UTC 2018: No link for: hudson.scheduler.CronTabEventualityTest-testHourlyWillBeEventuallyTriggeredWithinOneHour
Wed May 16 04:48:19 UTC 2018: None match not added in database because it already exists
Wed May 16 04:48:19 UTC 2018: No link for: hudson.scheduler.CronTabEventualityTest-testYearlyWillBeEventuallyTriggeredWithinOneYear
Wed May 16 04:48:20 UTC 2018: None match not added in database because it already exists
Wed May 16 04:48:20 UTC 2018: No link for: hudson.scheduler.CronTabEventualityTest-testWeeklyWillBeEventuallyTriggeredWithinOneWeek
Wed May 16 04:48:20 UTC 2018: None match not added in database because it already exists
Wed May 16 04:48:20 UTC 2018: No link for: hudson.scheduler.CronTabEventualityTest-testMonthlyWillBeEventuallyTriggeredWithinOneMonth
Wed May 16 04:48:21 UTC 2018: None match not added in database because it already exists
Wed May 16 04:48:21 UTC 2018: No link for: hudson.scheduler.CronTabEventualityTest-testFirstDayOfMonthWillBeEventuallyTriggeredWithinOneMonth
Wed May 16 04:48:21 UTC 2018: None match not added in database because it already exists
Wed May 16 04:48:21 UTC 2018: No link for: hudson.scheduler.CronTabEventualityTest-testDailyWillBeEventuallyTriggeredWithinOneDay
Wed May 16 04:48:21 UTC 2018: None match not added in database because it already exists
Wed May 16 04:48:21 UTC 2018: No link for: hudson.scheduler.CronTabEventualityTest-testMidnightWillBeEventuallyTriggeredWithinOneDay
Wed May 16 04:48:22 UTC 2018: None match not added in database because it already exists
Wed May 16 04:48:22 UTC 2018: No link for: hudson.scheduler.CronTabEventualityTest-testFirstSundayOfMonthWillBeEventuallyTriggeredWithinOneMonthAndOneWeek
Wed May 16 04:48:22 UTC 2018: None match not added in database because it already exists
Wed May 16 04:48:22 UTC 2018: No link for: hudson.scheduler.CronTabEventualityTest-testAnnuallyWillBeEventuallyTriggeredWithinOneYear
Wed May 16 04:48:22 UTC 2018: None match not added in database because it already exists
Wed May 16 04:48:22 UTC 2018: Linking done for lvotypko__jenkins3 test class hudson.scheduler.CronTabEventualityTest
Wed May 16 04:48:23 UTC 2018: Found element on the queue
Wed May 16 04:48:23 UTC 2018: Updating status
Wed May 16 04:48:23 UTC 2018: Working
Wed May 16 04:48:25 UTC 2018: Start lvotypko__jenkins3 test class hudson.scheduler.CronTabDayOfWeekLocaleTest
Wed May 16 04:48:25 UTC 2018: Setting lastTestMethodIndex: 62190
Wed May 16 04:48:25 UTC 2018: Starting linking
Wed May 16 04:48:25 UTC 2018: No link for: hudson.scheduler.CronTabDayOfWeekLocaleTest-isSundayAndNextRunIsMonday
Wed May 16 04:48:25 UTC 2018: None match not added in database because it already exists
Wed May 16 04:48:25 UTC 2018: No link for: hudson.scheduler.CronTabDayOfWeekLocaleTest-isSundayAndPreviousRunIsSaturday
Wed May 16 04:48:26 UTC 2018: None match not added in database because it already exists
Wed May 16 04:48:26 UTC 2018: No link for: hudson.scheduler.CronTabDayOfWeekLocaleTest-isSaturdayAndNextRunIsSundayAsterisk
Wed May 16 04:48:26 UTC 2018: None match not added in database because it already exists
Wed May 16 04:48:26 UTC 2018: No link for: hudson.scheduler.CronTabDayOfWeekLocaleTest-isSundayAndPreviousRunIsSaturdayAsterisk
Wed May 16 04:48:27 UTC 2018: None match not added in database because it already exists
Wed May 16 04:48:27 UTC 2018: No link for: hudson.scheduler.CronTabDayOfWeekLocaleTest-hudson8658
Wed May 16 04:48:27 UTC 2018: None match not added in database because it already exists
Wed May 16 04:48:27 UTC 2018: No link for: hudson.scheduler.CronTabDayOfWeekLocaleTest-isSundayAndNextRunIsThursday
Wed May 16 04:48:27 UTC 2018: None match not added in database because it already exists
Wed May 16 04:48:27 UTC 2018: No link for: hudson.scheduler.CronTabDayOfWeekLocaleTest-isSundayAndNextRunIsNextSunday
Wed May 16 04:48:28 UTC 2018: None match not added in database because it already exists
Wed May 16 04:48:28 UTC 2018: No link for: hudson.scheduler.CronTabDayOfWeekLocaleTest-isSundayAndNextRunIsWednesday
Wed May 16 04:48:28 UTC 2018: None match not added in database because it already exists
Wed May 16 04:48:28 UTC 2018: No link for: hudson.scheduler.CronTabDayOfWeekLocaleTest-isSundayAndPreviousRunIsFriday
Wed May 16 04:48:28 UTC 2018: None match not added in database because it already exists
Wed May 16 04:48:28 UTC 2018: No link for: hudson.scheduler.CronTabDayOfWeekLocaleTest-isSundayAndNextRunIsTuesday
Wed May 16 04:48:29 UTC 2018: None match not added in database because it already exists
Wed May 16 04:48:29 UTC 2018: No link for: hudson.scheduler.CronTabDayOfWeekLocaleTest-isSundayAndPreviousRunIsThursday
Wed May 16 04:48:29 UTC 2018: None match not added in database because it already exists
Wed May 16 04:48:29 UTC 2018: No link for: hudson.scheduler.CronTabDayOfWeekLocaleTest-isSundayAndNextRunIsFriday
Wed May 16 04:48:29 UTC 2018: None match not added in database because it already exists
Wed May 16 04:48:29 UTC 2018: No link for: hudson.scheduler.CronTabDayOfWeekLocaleTest-isSundayAndPreviousRunIsMonday
Wed May 16 04:48:30 UTC 2018: None match not added in database because it already exists
Wed May 16 04:48:30 UTC 2018: No link for: hudson.scheduler.CronTabDayOfWeekLocaleTest-isSundayAndPreviousRunIsPreviousSunday
Wed May 16 04:48:30 UTC 2018: None match not added in database because it already exists
Wed May 16 04:48:30 UTC 2018: No link for: hudson.scheduler.CronTabDayOfWeekLocaleTest-isSundayAndNextRunIsNextSunday7
Wed May 16 04:48:30 UTC 2018: None match not added in database because it already exists
Wed May 16 04:48:30 UTC 2018: No link for: hudson.scheduler.CronTabDayOfWeekLocaleTest-isSundayAndPreviousRunIsPreviousSunday7
Wed May 16 04:48:31 UTC 2018: None match not added in database because it already exists
Wed May 16 04:48:31 UTC 2018: No link for: hudson.scheduler.CronTabDayOfWeekLocaleTest-isSundayAndPreviousRunIsTuesday
Wed May 16 04:48:31 UTC 2018: None match not added in database because it already exists
Wed May 16 04:48:31 UTC 2018: No link for: hudson.scheduler.CronTabDayOfWeekLocaleTest-isSundayAndPreviousRunIsWednesday
Wed May 16 04:48:31 UTC 2018: None match not added in database because it already exists
Wed May 16 04:48:31 UTC 2018: No link for: hudson.scheduler.CronTabDayOfWeekLocaleTest-isSundayAndNextRunIsSaturday
Wed May 16 04:48:32 UTC 2018: None match not added in database because it already exists
Wed May 16 04:48:32 UTC 2018: Linking done for lvotypko__jenkins3 test class hudson.scheduler.CronTabDayOfWeekLocaleTest
Wed May 16 04:48:32 UTC 2018: Found element on the queue
Wed May 16 04:48:32 UTC 2018: Updating status
Wed May 16 04:48:32 UTC 2018: Working
Wed May 16 04:48:35 UTC 2018: Start lvotypko__jenkins3 test class hudson.model.BallColorTest
Wed May 16 04:48:35 UTC 2018: Setting lastTestMethodIndex: 62194
Wed May 16 04:48:35 UTC 2018: Starting linking
Wed May 16 04:48:35 UTC 2018: Linking done for lvotypko__jenkins3 test class hudson.model.BallColorTest
Wed May 16 04:48:35 UTC 2018: Found element on the queue
Wed May 16 04:48:35 UTC 2018: Updating status
Wed May 16 04:48:35 UTC 2018: Working
Wed May 16 04:48:38 UTC 2018: Start lvotypko__jenkins3 test class hudson.model.AbstractItemTest
Wed May 16 04:48:38 UTC 2018: Setting lastTestMethodIndex: 62196
Wed May 16 04:48:38 UTC 2018: Starting linking
Wed May 16 04:48:38 UTC 2018: Linking done for lvotypko__jenkins3 test class hudson.model.AbstractItemTest
Wed May 16 04:48:38 UTC 2018: Found element on the queue
Wed May 16 04:48:38 UTC 2018: Updating status
Wed May 16 04:48:38 UTC 2018: Working
Wed May 16 04:48:41 UTC 2018: Start lvotypko__jenkins3 test class hudson.model.FingerprintTest
Wed May 16 04:48:41 UTC 2018: Setting lastTestMethodIndex: 62197
Wed May 16 04:48:41 UTC 2018: Starting linking
Wed May 16 04:48:41 UTC 2018: Linking done for lvotypko__jenkins3 test class hudson.model.FingerprintTest
Wed May 16 04:48:41 UTC 2018: Found element on the queue
Wed May 16 04:48:41 UTC 2018: Updating status
Wed May 16 04:48:41 UTC 2018: Working
Wed May 16 04:48:44 UTC 2018: Start lvotypko__jenkins3 test class hudson.model.ResourceListTest
Wed May 16 04:48:44 UTC 2018: Setting lastTestMethodIndex: 62199
Wed May 16 04:48:44 UTC 2018: Starting linking
Wed May 16 04:48:44 UTC 2018: Linking done for lvotypko__jenkins3 test class hudson.model.ResourceListTest
Wed May 16 04:48:45 UTC 2018: Found element on the queue
Wed May 16 04:48:45 UTC 2018: Updating status
Wed May 16 04:48:45 UTC 2018: Working
Wed May 16 04:48:47 UTC 2018: Start lvotypko__jenkins3 test class hudson.model.TimeSeriesTest
Wed May 16 04:48:47 UTC 2018: Setting lastTestMethodIndex: 62201
Wed May 16 04:48:47 UTC 2018: Starting linking
Wed May 16 04:48:47 UTC 2018: Linking done for lvotypko__jenkins3 test class hudson.model.TimeSeriesTest
Wed May 16 04:48:48 UTC 2018: Found element on the queue
Wed May 16 04:48:48 UTC 2018: Updating status
Wed May 16 04:48:48 UTC 2018: Working
Wed May 16 04:48:50 UTC 2018: Start lvotypko__jenkins3 test class hudson.model.AutoCompleteSeederTest
Wed May 16 04:48:50 UTC 2018: Setting lastTestMethodIndex: 62203
Wed May 16 04:48:50 UTC 2018: Starting linking
Wed May 16 04:48:50 UTC 2018: Linking done for lvotypko__jenkins3 test class hudson.model.AutoCompleteSeederTest
Wed May 16 04:48:51 UTC 2018: Found element on the queue
Wed May 16 04:48:51 UTC 2018: Updating status
Wed May 16 04:48:51 UTC 2018: Working
Wed May 16 04:48:53 UTC 2018: Start lvotypko__jenkins3 test class hudson.model.LoadStatisticsTest
Wed May 16 04:48:53 UTC 2018: Setting lastTestMethodIndex: 62205
Wed May 16 04:48:53 UTC 2018: Starting linking
Wed May 16 04:48:53 UTC 2018: Linking done for lvotypko__jenkins3 test class hudson.model.LoadStatisticsTest
Wed May 16 04:48:53 UTC 2018: Found element on the queue
Wed May 16 04:48:53 UTC 2018: Updating status
Wed May 16 04:48:53 UTC 2018: Working
Wed May 16 04:48:55 UTC 2018: Start lvotypko__jenkins3 test class hudson.model.BuildStatusSummaryTest
Wed May 16 04:48:55 UTC 2018: Setting lastTestMethodIndex: 62206
Wed May 16 04:48:55 UTC 2018: Starting linking
Wed May 16 04:48:55 UTC 2018: No link for: hudson.model.BuildStatusSummaryTest-testSuccess
Wed May 16 04:48:56 UTC 2018: None match not added in database because it already exists
Wed May 16 04:48:56 UTC 2018: No link for: hudson.model.BuildStatusSummaryTest-testFixed
Wed May 16 04:48:56 UTC 2018: None match not added in database because it already exists
Wed May 16 04:48:56 UTC 2018: No link for: hudson.model.BuildStatusSummaryTest-testBecameFailure
Wed May 16 04:48:57 UTC 2018: None match not added in database because it already exists
Wed May 16 04:48:57 UTC 2018: No link for: hudson.model.BuildStatusSummaryTest-testUnstableAfterFailure
Wed May 16 04:48:57 UTC 2018: None match not added in database because it already exists
Wed May 16 04:48:57 UTC 2018: No link for: hudson.model.BuildStatusSummaryTest-testBuildGotMoreFailingTests
Wed May 16 04:48:57 UTC 2018: None match not added in database because it already exists
Wed May 16 04:48:57 UTC 2018: No link for: hudson.model.BuildStatusSummaryTest-testBuildGotLessFailingTests
Wed May 16 04:48:58 UTC 2018: None match not added in database because it already exists
Wed May 16 04:48:58 UTC 2018: No link for: hudson.model.BuildStatusSummaryTest-testNotBuilt
Wed May 16 04:48:58 UTC 2018: None match not added in database because it already exists
Wed May 16 04:48:58 UTC 2018: No link for: hudson.model.BuildStatusSummaryTest-testNonTestRelatedBecameUnstable
Wed May 16 04:48:59 UTC 2018: None match not added in database because it already exists
Wed May 16 04:48:59 UTC 2018: No link for: hudson.model.BuildStatusSummaryTest-testFailure
Wed May 16 04:48:59 UTC 2018: None match not added in database because it already exists
Wed May 16 04:48:59 UTC 2018: No link for: hudson.model.BuildStatusSummaryTest-testBecameUnstable
Wed May 16 04:48:59 UTC 2018: None match not added in database because it already exists
Wed May 16 04:48:59 UTC 2018: No link for: hudson.model.BuildStatusSummaryTest-testNonTestRelatedUnstable
Wed May 16 04:49:00 UTC 2018: None match not added in database because it already exists
Wed May 16 04:49:00 UTC 2018: No link for: hudson.model.BuildStatusSummaryTest-testFailureSince
Wed May 16 04:49:00 UTC 2018: None match not added in database because it already exists
Wed May 16 04:49:00 UTC 2018: No link for: hudson.model.BuildStatusSummaryTest-testBuildEqualAmountOfTestsFailing
Wed May 16 04:49:00 UTC 2018: None match not added in database because it already exists
Wed May 16 04:49:00 UTC 2018: No link for: hudson.model.BuildStatusSummaryTest-testBuildGotAFailingTest
Wed May 16 04:49:01 UTC 2018: None match not added in database because it already exists
Wed May 16 04:49:01 UTC 2018: No link for: hudson.model.BuildStatusSummaryTest-testAborted
Wed May 16 04:49:01 UTC 2018: None match not added in database because it already exists
Wed May 16 04:49:01 UTC 2018: No link for: hudson.model.BuildStatusSummaryTest-testStatusUnknownIfRunIsStillBuilding
Wed May 16 04:49:01 UTC 2018: None match not added in database because it already exists
Wed May 16 04:49:01 UTC 2018: Linking done for lvotypko__jenkins3 test class hudson.model.BuildStatusSummaryTest
Wed May 16 04:49:02 UTC 2018: Found element on the queue
Wed May 16 04:49:02 UTC 2018: Updating status
Wed May 16 04:49:02 UTC 2018: Working
Wed May 16 04:49:04 UTC 2018: Start lvotypko__jenkins3 test class hudson.model.TaskActionTest
Wed May 16 04:49:04 UTC 2018: Setting lastTestMethodIndex: 62208
Wed May 16 04:49:04 UTC 2018: Starting linking
Wed May 16 04:49:04 UTC 2018: Linking done for lvotypko__jenkins3 test class hudson.model.TaskActionTest
Wed May 16 04:49:05 UTC 2018: Found element on the queue
Wed May 16 04:49:05 UTC 2018: Updating status
Wed May 16 04:49:05 UTC 2018: Working
Wed May 16 04:49:07 UTC 2018: Start lvotypko__jenkins3 test class hudson.markup.MyspacePolicyTest
Wed May 16 04:49:07 UTC 2018: Setting lastTestMethodIndex: 62210
Wed May 16 04:49:07 UTC 2018: Starting linking
Wed May 16 04:49:07 UTC 2018: No link for: hudson.markup.MyspacePolicyTest-testPolicy
Wed May 16 04:49:08 UTC 2018: None match not added in database because it already exists
Wed May 16 04:49:08 UTC 2018: Linking done for lvotypko__jenkins3 test class hudson.markup.MyspacePolicyTest
Wed May 16 04:49:08 UTC 2018: Found element on the queue
Wed May 16 04:49:08 UTC 2018: Updating status
Wed May 16 04:49:08 UTC 2018: Working
Wed May 16 04:49:10 UTC 2018: Start lvotypko__jenkins3 test class hudson.ProxyConfigurationTest
Wed May 16 04:49:10 UTC 2018: Setting lastTestMethodIndex: 62211
Wed May 16 04:49:10 UTC 2018: Starting linking
Wed May 16 04:49:10 UTC 2018: Linking done for lvotypko__jenkins3 test class hudson.ProxyConfigurationTest
Wed May 16 04:49:11 UTC 2018: Found element on the queue
Wed May 16 04:49:11 UTC 2018: Updating status
Wed May 16 04:49:11 UTC 2018: Working
Wed May 16 04:49:13 UTC 2018: Start lvotypko__jenkins3 test class hudson.BulkChangeTest
Wed May 16 04:49:13 UTC 2018: Setting lastTestMethodIndex: 62213
Wed May 16 04:49:13 UTC 2018: Starting linking
Wed May 16 04:49:13 UTC 2018: Linking done for lvotypko__jenkins3 test class hudson.BulkChangeTest
Wed May 16 04:49:13 UTC 2018: Found element on the queue
Wed May 16 04:49:13 UTC 2018: Updating status
Wed May 16 04:49:13 UTC 2018: Working
Wed May 16 04:49:15 UTC 2018: Start lvotypko__jenkins3 test class hudson.util.CopyOnWriteMapTest
Wed May 16 04:49:15 UTC 2018: Setting lastTestMethodIndex: 62214
Wed May 16 04:49:15 UTC 2018: Starting linking
Wed May 16 04:49:15 UTC 2018: Linking done for lvotypko__jenkins3 test class hudson.util.CopyOnWriteMapTest
Wed May 16 04:49:16 UTC 2018: Found element on the queue
Wed May 16 04:49:16 UTC 2018: Updating status
Wed May 16 04:49:16 UTC 2018: Working
Wed May 16 04:49:18 UTC 2018: Start lvotypko__jenkins3 test class hudson.util.CyclicGraphDetectorTest
Wed May 16 04:49:18 UTC 2018: Setting lastTestMethodIndex: 62215
Wed May 16 04:49:18 UTC 2018: Starting linking
Wed May 16 04:49:18 UTC 2018: Linking done for lvotypko__jenkins3 test class hudson.util.CyclicGraphDetectorTest
Wed May 16 04:49:19 UTC 2018: Found element on the queue
Wed May 16 04:49:19 UTC 2018: Updating status
Wed May 16 04:49:19 UTC 2018: Working
Wed May 16 04:49:21 UTC 2018: Start lvotypko__jenkins3 test class hudson.util.ArgumentListBuilderTest
Wed May 16 04:49:21 UTC 2018: Setting lastTestMethodIndex: 62216
Wed May 16 04:49:21 UTC 2018: Starting linking
Wed May 16 04:49:21 UTC 2018: No link for: hudson.util.ArgumentListBuilderTest-assertMaskOnClone
Wed May 16 04:49:22 UTC 2018: None match not added in database because it already exists
Wed May 16 04:49:22 UTC 2018: No link for: hudson.util.ArgumentListBuilderTest-assertKeyValuePairsWithMask
Wed May 16 04:49:22 UTC 2018: None match not added in database because it already exists
Wed May 16 04:49:22 UTC 2018: No link for: hudson.util.ArgumentListBuilderTest-testToWindowsCommand
Wed May 16 04:49:22 UTC 2018: None match not added in database because it already exists
Wed May 16 04:49:22 UTC 2018: No link for: hudson.util.ArgumentListBuilderTest-assertLastArgumentIsMasked
Wed May 16 04:49:23 UTC 2018: None match not added in database because it already exists
Wed May 16 04:49:23 UTC 2018: No link for: hudson.util.ArgumentListBuilderTest-assertEmptyMask
Wed May 16 04:49:23 UTC 2018: None match not added in database because it already exists
Wed May 16 04:49:23 UTC 2018: No link for: hudson.util.ArgumentListBuilderTest-assertPrependBeforeAddingMasked
Wed May 16 04:49:23 UTC 2018: None match not added in database because it already exists
Wed May 16 04:49:23 UTC 2018: No link for: hudson.util.ArgumentListBuilderTest-assertSeveralMaskedArguments
Wed May 16 04:49:24 UTC 2018: None match not added in database because it already exists
Wed May 16 04:49:24 UTC 2018: No link for: hudson.util.ArgumentListBuilderTest-assertPrependAfterAddingMasked
Wed May 16 04:49:24 UTC 2018: None match not added in database because it already exists
Wed May 16 04:49:24 UTC 2018: No link for: hudson.util.ArgumentListBuilderTest-assertKeyValuePairs
Wed May 16 04:49:24 UTC 2018: None match not added in database because it already exists
Wed May 16 04:49:24 UTC 2018: Linking done for lvotypko__jenkins3 test class hudson.util.ArgumentListBuilderTest
Wed May 16 04:49:25 UTC 2018: Found element on the queue
Wed May 16 04:49:25 UTC 2018: Updating status
Wed May 16 04:49:25 UTC 2018: Working
Wed May 16 04:49:27 UTC 2018: Start lvotypko__jenkins3 test class hudson.util.SubClassGeneratorTest
Wed May 16 04:49:27 UTC 2018: Setting lastTestMethodIndex: 62217
Wed May 16 04:49:27 UTC 2018: Starting linking
Wed May 16 04:49:27 UTC 2018: Linking done for lvotypko__jenkins3 test class hudson.util.SubClassGeneratorTest
Wed May 16 04:49:27 UTC 2018: Found element on the queue
Wed May 16 04:49:27 UTC 2018: Updating status
Wed May 16 04:49:27 UTC 2018: Working
Wed May 16 04:49:30 UTC 2018: Start lvotypko__jenkins3 test class hudson.util.FormValidationTest
Wed May 16 04:49:30 UTC 2018: Setting lastTestMethodIndex: 62218
Wed May 16 04:49:30 UTC 2018: Starting linking
Wed May 16 04:49:30 UTC 2018: Linking done for lvotypko__jenkins3 test class hudson.util.FormValidationTest
Wed May 16 04:49:30 UTC 2018: Found element on the queue
Wed May 16 04:49:30 UTC 2018: Updating status
Wed May 16 04:49:30 UTC 2018: Working
Wed May 16 04:49:33 UTC 2018: Start lvotypko__jenkins3 test class hudson.util.CopyOnWriteListTest
Wed May 16 04:49:33 UTC 2018: Setting lastTestMethodIndex: 62219
Wed May 16 04:49:33 UTC 2018: Starting linking
Wed May 16 04:49:33 UTC 2018: Linking done for lvotypko__jenkins3 test class hudson.util.CopyOnWriteListTest
Wed May 16 04:49:33 UTC 2018: Found element on the queue
Wed May 16 04:49:33 UTC 2018: Updating status
Wed May 16 04:49:33 UTC 2018: Working
Wed May 16 04:49:36 UTC 2018: Start lvotypko__jenkins3 test class hudson.util.io.ZipArchiverTest
Wed May 16 04:49:36 UTC 2018: Setting lastTestMethodIndex: 62220
Wed May 16 04:49:36 UTC 2018: Starting linking
Wed May 16 04:49:36 UTC 2018: Linking done for lvotypko__jenkins3 test class hudson.util.io.ZipArchiverTest
Wed May 16 04:49:36 UTC 2018: Found element on the queue
Wed May 16 04:49:36 UTC 2018: Updating status
Wed May 16 04:49:36 UTC 2018: Working
Wed May 16 04:49:38 UTC 2018: Start lvotypko__jenkins3 test class hudson.util.io.ReopenableRotatingFileOutputStreamTest
Wed May 16 04:49:39 UTC 2018: Setting lastTestMethodIndex: 62222
Wed May 16 04:49:39 UTC 2018: Starting linking
Wed May 16 04:49:39 UTC 2018: Linking done for lvotypko__jenkins3 test class hudson.util.io.ReopenableRotatingFileOutputStreamTest
Wed May 16 04:49:39 UTC 2018: Found element on the queue
Wed May 16 04:49:39 UTC 2018: Updating status
Wed May 16 04:49:39 UTC 2018: Working
Wed May 16 04:49:41 UTC 2018: Start lvotypko__jenkins3 test class hudson.util.IteratorsTest
Wed May 16 04:49:41 UTC 2018: Setting lastTestMethodIndex: 62223
Wed May 16 04:49:41 UTC 2018: Starting linking
Wed May 16 04:49:41 UTC 2018: Linking done for lvotypko__jenkins3 test class hudson.util.IteratorsTest
Wed May 16 04:49:41 UTC 2018: Found element on the queue
Wed May 16 04:49:41 UTC 2018: Updating status
Wed May 16 04:49:41 UTC 2018: Working
Wed May 16 04:49:44 UTC 2018: Start lvotypko__jenkins3 test class hudson.util.DirScannerTest
Wed May 16 04:49:44 UTC 2018: Setting lastTestMethodIndex: 62225
Wed May 16 04:49:44 UTC 2018: Starting linking
Wed May 16 04:49:44 UTC 2018: Linking done for lvotypko__jenkins3 test class hudson.util.DirScannerTest
Wed May 16 04:49:44 UTC 2018: Found element on the queue
Wed May 16 04:49:44 UTC 2018: Updating status
Wed May 16 04:49:44 UTC 2018: Working
Wed May 16 04:49:46 UTC 2018: Start lvotypko__jenkins3 test class hudson.util.LineEndNormalizingWriterTest
Wed May 16 04:49:46 UTC 2018: Setting lastTestMethodIndex: 62227
Wed May 16 04:49:46 UTC 2018: Starting linking
Wed May 16 04:49:46 UTC 2018: Linking done for lvotypko__jenkins3 test class hudson.util.LineEndNormalizingWriterTest
Wed May 16 04:49:47 UTC 2018: Found element on the queue
Wed May 16 04:49:47 UTC 2018: Updating status
Wed May 16 04:49:47 UTC 2018: Working
Wed May 16 04:49:49 UTC 2018: Start lvotypko__jenkins3 test class hudson.util.RobustReflectionConverterTest
Wed May 16 04:49:49 UTC 2018: Setting lastTestMethodIndex: 62229
Wed May 16 04:49:49 UTC 2018: Starting linking
Wed May 16 04:49:49 UTC 2018: Linking done for lvotypko__jenkins3 test class hudson.util.RobustReflectionConverterTest
Wed May 16 04:49:49 UTC 2018: Found element on the queue
Wed May 16 04:49:49 UTC 2018: Updating status
Wed May 16 04:49:49 UTC 2018: Working
Wed May 16 04:49:52 UTC 2018: Start lvotypko__jenkins3 test class hudson.util.ProcessTreeTest
Wed May 16 04:49:52 UTC 2018: Setting lastTestMethodIndex: 62231
Wed May 16 04:49:52 UTC 2018: Starting linking
Wed May 16 04:49:52 UTC 2018: Linking done for lvotypko__jenkins3 test class hudson.util.ProcessTreeTest
Wed May 16 04:49:52 UTC 2018: Found element on the queue
Wed May 16 04:49:52 UTC 2018: Updating status
Wed May 16 04:49:52 UTC 2018: Working
Wed May 16 04:49:55 UTC 2018: Start lvotypko__jenkins3 test class hudson.EnvVarsTest
Wed May 16 04:49:55 UTC 2018: Setting lastTestMethodIndex: 62233
Wed May 16 04:49:55 UTC 2018: Starting linking
Wed May 16 04:49:55 UTC 2018: Linking done for lvotypko__jenkins3 test class hudson.EnvVarsTest
