Tue May 15 23:17:26 UTC 2018: Database:jdbc:mysql://localhost:3306/unittests
Tue May 15 23:17:26 UTC 2018: Starting
Tue May 15 23:17:27 UTC 2018: Found element on the queue
Tue May 15 23:17:27 UTC 2018: Updating status
Tue May 15 23:17:27 UTC 2018: Working
Tue May 15 23:17:27 UTC 2018: Create project parser
Tue May 15 23:17:32 UTC 2018: Create slicer
Tue May 15 23:17:34 UTC 2018: Create call graph
Tue May 15 23:17:38 UTC 2018: Create point analysis
Tue May 15 23:17:38 UTC 2018: Create call graph done
Tue May 15 23:17:38 UTC 2018: Start jboss-fuse__fabric8 test class io.fabric8.common.util.ArraysTest
Tue May 15 23:17:38 UTC 2018: Setting lastTestMethodIndex: 50678
Tue May 15 23:17:38 UTC 2018: Starting linking
Tue May 15 23:17:38 UTC 2018: Code found io.fabric8.common.util.Arrays-join with io.fabric8.common.util.ArraysTest-joinTest
Tue May 15 23:17:39 UTC 2018: Linking done for jboss-fuse__fabric8 test class io.fabric8.common.util.ArraysTest
Tue May 15 23:17:39 UTC 2018: Found element on the queue
Tue May 15 23:17:39 UTC 2018: Updating status
Tue May 15 23:17:39 UTC 2018: Working
Tue May 15 23:17:42 UTC 2018: Start jboss-fuse__fabric8 test class io.fabric8.common.util.Base64EncoderTest
Tue May 15 23:17:42 UTC 2018: Setting lastTestMethodIndex: 50681
Tue May 15 23:17:42 UTC 2018: Starting linking
Tue May 15 23:17:42 UTC 2018: Code found io.fabric8.common.util.Base64Encoder-decode with io.fabric8.common.util.Base64EncoderTest-decodeTest
Tue May 15 23:17:42 UTC 2018: Code found io.fabric8.common.util.Base64Encoder-encode with io.fabric8.common.util.Base64EncoderTest-encodeTest
Tue May 15 23:17:42 UTC 2018: Linking done for jboss-fuse__fabric8 test class io.fabric8.common.util.Base64EncoderTest
Tue May 15 23:17:43 UTC 2018: Found element on the queue
Tue May 15 23:17:43 UTC 2018: Updating status
Tue May 15 23:17:43 UTC 2018: Working
Tue May 15 23:17:46 UTC 2018: Start jboss-fuse__fabric8 test class io.fabric8.common.util.ChecksumUtilsTest
Tue May 15 23:17:46 UTC 2018: Setting lastTestMethodIndex: 50683
Tue May 15 23:17:46 UTC 2018: Starting linking
Tue May 15 23:17:46 UTC 2018: Code found io.fabric8.common.util.ChecksumUtils-checksum with io.fabric8.common.util.ChecksumUtilsTest-checksumTest
Tue May 15 23:17:46 UTC 2018: Linking done for jboss-fuse__fabric8 test class io.fabric8.common.util.ChecksumUtilsTest
Tue May 15 23:17:47 UTC 2018: Found element on the queue
Tue May 15 23:17:47 UTC 2018: Updating status
Tue May 15 23:17:47 UTC 2018: Working
Tue May 15 23:17:49 UTC 2018: Start jboss-fuse__fabric8 test class io.fabric8.common.util.CollectorsTest
Tue May 15 23:17:49 UTC 2018: Setting lastTestMethodIndex: 50686
Tue May 15 23:17:49 UTC 2018: Starting linking
Tue May 15 23:17:49 UTC 2018: Code found io.fabric8.common.util.Collectors-getCollection with io.fabric8.common.util.CollectorsTest-testGetCollection
Tue May 15 23:17:50 UTC 2018: Code found io.fabric8.common.util.Collectors-addCollection with io.fabric8.common.util.CollectorsTest-testAddCollection
Tue May 15 23:17:50 UTC 2018: Linking done for jboss-fuse__fabric8 test class io.fabric8.common.util.CollectorsTest
Tue May 15 23:17:50 UTC 2018: Found element on the queue
Tue May 15 23:17:50 UTC 2018: Updating status
Tue May 15 23:17:50 UTC 2018: Working
Tue May 15 23:17:53 UTC 2018: Start jboss-fuse__fabric8 test class io.fabric8.common.util.FilesTest
Tue May 15 23:17:53 UTC 2018: Setting lastTestMethodIndex: 50688
Tue May 15 23:17:53 UTC 2018: Starting linking
Tue May 15 23:17:53 UTC 2018: Code found io.fabric8.common.util.Files-normalizePath with io.fabric8.common.util.FilesTest-normalizePathTest
Tue May 15 23:17:53 UTC 2018: Code found io.fabric8.common.util.Files-toString with io.fabric8.common.util.FilesTest-toStringTest
Tue May 15 23:17:53 UTC 2018: Linking done for jboss-fuse__fabric8 test class io.fabric8.common.util.FilesTest
Tue May 15 23:17:54 UTC 2018: Found element on the queue
Tue May 15 23:17:54 UTC 2018: Updating status
Tue May 15 23:17:54 UTC 2018: Working
Tue May 15 23:17:57 UTC 2018: Start jboss-fuse__fabric8 test class io.fabric8.common.util.MapTest
Tue May 15 23:17:57 UTC 2018: Setting lastTestMethodIndex: 50690
Tue May 15 23:17:57 UTC 2018: Starting linking
Tue May 15 23:17:57 UTC 2018: Code found io.fabric8.common.util.Maps-stringValues with io.fabric8.common.util.MapTest-testStringValues
Tue May 15 23:17:57 UTC 2018: Linking done for jboss-fuse__fabric8 test class io.fabric8.common.util.MapTest
Tue May 15 23:17:58 UTC 2018: Found element on the queue
Tue May 15 23:17:58 UTC 2018: Updating status
Tue May 15 23:17:58 UTC 2018: Working
Tue May 15 23:18:00 UTC 2018: Start jboss-fuse__fabric8 test class io.fabric8.common.util.PropertiesHelperTest
Tue May 15 23:18:00 UTC 2018: Setting lastTestMethodIndex: 50692
Tue May 15 23:18:00 UTC 2018: Starting linking
Tue May 15 23:18:00 UTC 2018: Code found io.fabric8.common.util.PropertiesHelper-getLongValue with io.fabric8.common.util.PropertiesHelperTest-getLongValueTest
Tue May 15 23:18:01 UTC 2018: Code found io.fabric8.common.util.PropertiesHelper-getLongValue with io.fabric8.common.util.PropertiesHelperTest-getLongValueTest2
Tue May 15 23:18:01 UTC 2018: Code found io.fabric8.common.util.PropertiesHelper-getLong with io.fabric8.common.util.PropertiesHelperTest-getLongTest
Tue May 15 23:18:01 UTC 2018: Linking done for jboss-fuse__fabric8 test class io.fabric8.common.util.PropertiesHelperTest
Tue May 15 23:18:02 UTC 2018: Found element on the queue
Tue May 15 23:18:02 UTC 2018: Updating status
Tue May 15 23:18:02 UTC 2018: Working
Tue May 15 23:18:05 UTC 2018: Start jboss-fuse__fabric8 test class io.fabric8.common.util.StringsTest
Tue May 15 23:18:05 UTC 2018: Setting lastTestMethodIndex: 50694
Tue May 15 23:18:05 UTC 2018: Starting linking
Tue May 15 23:18:05 UTC 2018: Code found io.fabric8.common.util.Strings-emptyIfNull with io.fabric8.common.util.StringsTest-emptyIfNullTest
Tue May 15 23:18:05 UTC 2018: Code found io.fabric8.common.util.Strings-join with io.fabric8.common.util.StringsTest-joinTest
Tue May 15 23:18:05 UTC 2018: Code found io.fabric8.common.util.Strings-isNullOrBlank with io.fabric8.common.util.StringsTest-isNullOrBlankTest
Tue May 15 23:18:06 UTC 2018: Code found io.fabric8.common.util.Strings-splitAsList with io.fabric8.common.util.StringsTest-splitAsListTest
Tue May 15 23:18:06 UTC 2018: Code found io.fabric8.common.util.Strings-joinNotNull with io.fabric8.common.util.StringsTest-joinNotNullTest
Tue May 15 23:18:06 UTC 2018: Code found io.fabric8.common.util.Strings-parseDelimitedString with io.fabric8.common.util.StringsTest-parseDelimitedStringTest
Tue May 15 23:18:06 UTC 2018: Code found io.fabric8.common.util.Strings-defaultIfEmpty with io.fabric8.common.util.StringsTest-defaultIfEmptyTest
Tue May 15 23:18:07 UTC 2018: Code found io.fabric8.common.util.Strings-splitAndTrimAsList with io.fabric8.common.util.StringsTest-splitAndTrimAsListTest
Tue May 15 23:18:07 UTC 2018: Code found io.fabric8.common.util.Strings-toString with io.fabric8.common.util.StringsTest-toStringTest
Tue May 15 23:18:07 UTC 2018: Code found io.fabric8.common.util.Strings-notEmpty with io.fabric8.common.util.StringsTest-notEmptyTest
Tue May 15 23:18:07 UTC 2018: Code found io.fabric8.common.util.Strings-unquote with io.fabric8.common.util.StringsTest-unquoteTest
Tue May 15 23:18:08 UTC 2018: Code found io.fabric8.common.util.Strings-nullIfEmpty with io.fabric8.common.util.StringsTest-nullIfEmptyTest
Tue May 15 23:18:08 UTC 2018: Code found io.fabric8.common.util.Strings-isNotBlank with io.fabric8.common.util.StringsTest-isNotBlankTest
Tue May 15 23:18:08 UTC 2018: Linking done for jboss-fuse__fabric8 test class io.fabric8.common.util.StringsTest
Tue May 15 23:18:09 UTC 2018: Found element on the queue
Tue May 15 23:18:09 UTC 2018: Updating status
Tue May 15 23:18:09 UTC 2018: Working
Tue May 15 23:18:09 UTC 2018: Create project parser
Tue May 15 23:18:13 UTC 2018: Start jboss-fuse__fabric8 test class io.fabric8.api.DynamicReferenceTest
Tue May 15 23:18:13 UTC 2018: Setting lastTestMethodIndex: 50699
Tue May 15 23:18:13 UTC 2018: Starting linking
Tue May 15 23:18:13 UTC 2018: Code found io.fabric8.api.DynamicReference-unbind with io.fabric8.api.DynamicReferenceTest-testUnbind
Tue May 15 23:18:13 UTC 2018: No link for: io.fabric8.api.DynamicReferenceTest-testWithReference
Tue May 15 23:18:14 UTC 2018: No link for: io.fabric8.api.DynamicReferenceTest-testUpdate
Tue May 15 23:18:14 UTC 2018: No link for: io.fabric8.api.DynamicReferenceTest-testWithConcurrency
Tue May 15 23:18:14 UTC 2018: No link for: io.fabric8.api.DynamicReferenceTest-testNoReference
Tue May 15 23:18:15 UTC 2018: Linking done for jboss-fuse__fabric8 test class io.fabric8.api.DynamicReferenceTest
Tue May 15 23:18:15 UTC 2018: Found element on the queue
Tue May 15 23:18:15 UTC 2018: Updating status
Tue May 15 23:18:15 UTC 2018: Working
Tue May 15 23:18:18 UTC 2018: Start jboss-fuse__fabric8 test class io.fabric8.api.FabricConstantsTest
Tue May 15 23:18:18 UTC 2018: Setting lastTestMethodIndex: 50703
Tue May 15 23:18:18 UTC 2018: Starting linking
Tue May 15 23:18:18 UTC 2018: Linking done for jboss-fuse__fabric8 test class io.fabric8.api.FabricConstantsTest
Tue May 15 23:18:18 UTC 2018: Found element on the queue
Tue May 15 23:18:18 UTC 2018: Updating status
Tue May 15 23:18:18 UTC 2018: Working
Tue May 15 23:18:21 UTC 2018: Start jboss-fuse__fabric8 test class io.fabric8.api.SchemaLookupTest
Tue May 15 23:18:21 UTC 2018: Setting lastTestMethodIndex: 50705
Tue May 15 23:18:21 UTC 2018: Starting linking
Tue May 15 23:18:21 UTC 2018: No link for: io.fabric8.api.SchemaLookupTest-testLookupSchemas
Tue May 15 23:18:21 UTC 2018: Linking done for jboss-fuse__fabric8 test class io.fabric8.api.SchemaLookupTest
Tue May 15 23:18:21 UTC 2018: Found element on the queue
Tue May 15 23:18:21 UTC 2018: Updating status
Tue May 15 23:18:21 UTC 2018: Working
Tue May 15 23:18:24 UTC 2018: Start jboss-fuse__fabric8 test class io.fabric8.api.scr.FieldInjectionTest
Tue May 15 23:18:24 UTC 2018: Setting lastTestMethodIndex: 50708
Tue May 15 23:18:24 UTC 2018: Starting linking
Tue May 15 23:18:24 UTC 2018: No link for: io.fabric8.api.scr.FieldInjectionTest-testProperty
Tue May 15 23:18:24 UTC 2018: Linking done for jboss-fuse__fabric8 test class io.fabric8.api.scr.FieldInjectionTest
Tue May 15 23:18:25 UTC 2018: Found element on the queue
Tue May 15 23:18:25 UTC 2018: Updating status
Tue May 15 23:18:25 UTC 2018: Working
Tue May 15 23:18:27 UTC 2018: Start jboss-fuse__fabric8 test class io.fabric8.api.scr.support.ConfigInjectionTest
Tue May 15 23:18:27 UTC 2018: Setting lastTestMethodIndex: 50711
Tue May 15 23:18:27 UTC 2018: Starting linking
Tue May 15 23:18:27 UTC 2018: No link for: io.fabric8.api.scr.support.ConfigInjectionTest-testNormalizeName
Tue May 15 23:18:28 UTC 2018: Linking done for jboss-fuse__fabric8 test class io.fabric8.api.scr.support.ConfigInjectionTest
Tue May 15 23:18:28 UTC 2018: Found element on the queue
Tue May 15 23:18:28 UTC 2018: Updating status
Tue May 15 23:18:28 UTC 2018: Working
Tue May 15 23:18:28 UTC 2018: Create project parser
Tue May 15 23:18:34 UTC 2018: Start jboss-fuse__fabric8 test class io.fabric8.api.ReadContainerMetadataTest
Tue May 15 23:18:34 UTC 2018: Setting lastTestMethodIndex: 50716
Tue May 15 23:18:34 UTC 2018: Starting linking
Tue May 15 23:18:34 UTC 2018: No link for: io.fabric8.api.ReadContainerMetadataTest-dummy
Tue May 15 23:18:34 UTC 2018: Linking done for jboss-fuse__fabric8 test class io.fabric8.api.ReadContainerMetadataTest
Tue May 15 23:18:35 UTC 2018: Found element on the queue
Tue May 15 23:18:35 UTC 2018: Updating status
Tue May 15 23:18:35 UTC 2018: Working
Tue May 15 23:18:38 UTC 2018: Start jboss-fuse__fabric8 test class io.fabric8.api.RequirementsTest
Tue May 15 23:18:38 UTC 2018: Setting lastTestMethodIndex: 50719
Tue May 15 23:18:38 UTC 2018: Starting linking
Tue May 15 23:18:38 UTC 2018: No link for: io.fabric8.api.RequirementsTest-healthNumbers
Tue May 15 23:18:38 UTC 2018: No link for: io.fabric8.api.RequirementsTest-healthNumbersWithNoNumbers
Tue May 15 23:18:39 UTC 2018: No link for: io.fabric8.api.RequirementsTest-saveAndLoad
Tue May 15 23:18:39 UTC 2018: No link for: io.fabric8.api.RequirementsTest-sshRequirements
Tue May 15 23:18:39 UTC 2018: Linking done for jboss-fuse__fabric8 test class io.fabric8.api.RequirementsTest
Tue May 15 23:18:40 UTC 2018: Found element on the queue
Tue May 15 23:18:40 UTC 2018: Updating status
Tue May 15 23:18:40 UTC 2018: Working
Tue May 15 23:18:42 UTC 2018: Start jboss-fuse__fabric8 test class io.fabric8.api.VersionSequenceTest
Tue May 15 23:18:42 UTC 2018: Setting lastTestMethodIndex: 50721
Tue May 15 23:18:42 UTC 2018: Starting linking
Tue May 15 23:18:42 UTC 2018: No link for: io.fabric8.api.VersionSequenceTest-testSort
Tue May 15 23:18:42 UTC 2018: No link for: io.fabric8.api.VersionSequenceTest-testNextVersion
Tue May 15 23:18:43 UTC 2018: No link for: io.fabric8.api.VersionSequenceTest-testComparator
Tue May 15 23:18:43 UTC 2018: Linking done for jboss-fuse__fabric8 test class io.fabric8.api.VersionSequenceTest
Tue May 15 23:18:44 UTC 2018: Found element on the queue
Tue May 15 23:18:44 UTC 2018: Updating status
Tue May 15 23:18:44 UTC 2018: Working
Tue May 15 23:18:47 UTC 2018: Start jboss-fuse__fabric8 test class io.fabric8.core.jmx.FabricManagerTest
Tue May 15 23:18:47 UTC 2018: Setting lastTestMethodIndex: 50723
Tue May 15 23:18:47 UTC 2018: Starting linking
Tue May 15 23:18:47 UTC 2018: No link for: io.fabric8.core.jmx.FabricManagerTest-toJson
Tue May 15 23:18:47 UTC 2018: No link for: io.fabric8.core.jmx.FabricManagerTest-fromJson
Tue May 15 23:18:47 UTC 2018: Linking done for jboss-fuse__fabric8 test class io.fabric8.core.jmx.FabricManagerTest
Tue May 15 23:18:48 UTC 2018: Found element on the queue
Tue May 15 23:18:48 UTC 2018: Updating status
Tue May 15 23:18:48 UTC 2018: Working
Tue May 15 23:18:50 UTC 2018: Start jboss-fuse__fabric8 test class io.fabric8.internal.FreeGeoIpServiceTest
Tue May 15 23:18:50 UTC 2018: Setting lastTestMethodIndex: 50725
Tue May 15 23:18:50 UTC 2018: Starting linking
Tue May 15 23:18:50 UTC 2018: No link for: io.fabric8.internal.FreeGeoIpServiceTest-testGeoLocation
Tue May 15 23:18:50 UTC 2018: Linking done for jboss-fuse__fabric8 test class io.fabric8.internal.FreeGeoIpServiceTest
Tue May 15 23:18:51 UTC 2018: Found element on the queue
Tue May 15 23:18:51 UTC 2018: Updating status
Tue May 15 23:18:51 UTC 2018: Working
Tue May 15 23:18:53 UTC 2018: Start jboss-fuse__fabric8 test class io.fabric8.internal.PlaceholderResolverHelpersTest
Tue May 15 23:18:53 UTC 2018: Setting lastTestMethodIndex: 50727
Tue May 15 23:18:53 UTC 2018: Starting linking
Tue May 15 23:18:53 UTC 2018: No link for: io.fabric8.internal.PlaceholderResolverHelpersTest-curatorConfiguration
Tue May 15 23:18:54 UTC 2018: No link for: io.fabric8.internal.PlaceholderResolverHelpersTest-testExtractSchemes
Tue May 15 23:18:54 UTC 2018: Linking done for jboss-fuse__fabric8 test class io.fabric8.internal.PlaceholderResolverHelpersTest
Tue May 15 23:18:54 UTC 2018: Found element on the queue
Tue May 15 23:18:54 UTC 2018: Updating status
Tue May 15 23:18:54 UTC 2018: Working
Tue May 15 23:18:58 UTC 2018: Start jboss-fuse__fabric8 test class io.fabric8.service.ContainerImplTest
Tue May 15 23:18:58 UTC 2018: Setting lastTestMethodIndex: 50730
Tue May 15 23:18:58 UTC 2018: Starting linking
Tue May 15 23:18:58 UTC 2018: No link for: io.fabric8.service.ContainerImplTest-testInvalidResolver
Tue May 15 23:18:58 UTC 2018: No link for: io.fabric8.service.ContainerImplTest-testRemoveMissingProfile
Tue May 15 23:18:58 UTC 2018: No link for: io.fabric8.service.ContainerImplTest-testGetContainerProfileOverlay
Tue May 15 23:18:58 UTC 2018: No link for: io.fabric8.service.ContainerImplTest-testGetMultipleProfiles
Tue May 15 23:18:59 UTC 2018: No link for: io.fabric8.service.ContainerImplTest-testGetSingleProfile
Tue May 15 23:18:59 UTC 2018: No link for: io.fabric8.service.ContainerImplTest-testSetEmptyProfiles
Tue May 15 23:18:59 UTC 2018: No link for: io.fabric8.service.ContainerImplTest-testGetWithNoProfile
Tue May 15 23:18:59 UTC 2018: No link for: io.fabric8.service.ContainerImplTest-testContainerProfileWithMissingParents
Tue May 15 23:18:59 UTC 2018: Linking done for jboss-fuse__fabric8 test class io.fabric8.service.ContainerImplTest
Tue May 15 23:19:00 UTC 2018: Found element on the queue
Tue May 15 23:19:00 UTC 2018: Updating status
Tue May 15 23:19:00 UTC 2018: Working
Tue May 15 23:19:02 UTC 2018: Start jboss-fuse__fabric8 test class io.fabric8.service.ContainerPlaceholderResolverTest
Tue May 15 23:19:02 UTC 2018: Setting lastTestMethodIndex: 50733
Tue May 15 23:19:02 UTC 2018: Starting linking
Tue May 15 23:19:02 UTC 2018: Code found io.fabric8.service.ContainerPlaceholderResolver-resolve with io.fabric8.service.ContainerPlaceholderResolverTest-testResolveAttributeCase
Tue May 15 23:19:02 UTC 2018: Code found io.fabric8.service.ContainerPlaceholderResolver-resolve with io.fabric8.service.ContainerPlaceholderResolverTest-testResolveCurrentAttributes
Tue May 15 23:19:03 UTC 2018: Code found io.fabric8.service.ContainerPlaceholderResolver-resolve with io.fabric8.service.ContainerPlaceholderResolverTest-testResolveCurrentName
Tue May 15 23:19:03 UTC 2018: Code found io.fabric8.service.ContainerPlaceholderResolver-resolve with io.fabric8.service.ContainerPlaceholderResolverTest-testResolveNameContainerAttributes
Tue May 15 23:19:04 UTC 2018: Linking done for jboss-fuse__fabric8 test class io.fabric8.service.ContainerPlaceholderResolverTest
Tue May 15 23:19:05 UTC 2018: Found element on the queue
Tue May 15 23:19:05 UTC 2018: Updating status
Tue May 15 23:19:05 UTC 2018: Working
Tue May 15 23:19:07 UTC 2018: Start jboss-fuse__fabric8 test class io.fabric8.service.EncryptedPropertyResolverTest
Tue May 15 23:19:07 UTC 2018: Setting lastTestMethodIndex: 50735
Tue May 15 23:19:07 UTC 2018: Starting linking
Tue May 15 23:19:07 UTC 2018: Code found io.fabric8.service.EncryptedPropertyResolver-resolve with io.fabric8.service.EncryptedPropertyResolverTest-testResolve
Tue May 15 23:19:07 UTC 2018: Code found io.fabric8.service.EncryptedPropertyResolver-resolve with io.fabric8.service.EncryptedPropertyResolverTest-testResolveZkEnc
Tue May 15 23:19:08 UTC 2018: Linking done for jboss-fuse__fabric8 test class io.fabric8.service.EncryptedPropertyResolverTest
Tue May 15 23:19:08 UTC 2018: Found element on the queue
Tue May 15 23:19:08 UTC 2018: Updating status
Tue May 15 23:19:08 UTC 2018: Working
Tue May 15 23:19:11 UTC 2018: Start jboss-fuse__fabric8 test class io.fabric8.service.PatchServiceImplTest
Tue May 15 23:19:11 UTC 2018: Setting lastTestMethodIndex: 50738
Tue May 15 23:19:11 UTC 2018: Starting linking
Tue May 15 23:19:11 UTC 2018: Code found io.fabric8.service.PatchServiceImpl-getPatchProfile with io.fabric8.service.PatchServiceImplTest-testGetPatchProfile
Tue May 15 23:19:11 UTC 2018: Code found io.fabric8.service.PatchServiceImpl-checkRequirements with io.fabric8.service.PatchServiceImplTest-testCheckRequirementsMissingPatches
Tue May 15 23:19:11 UTC 2018: Code found io.fabric8.service.PatchServiceImpl-checkRequirements with io.fabric8.service.PatchServiceImplTest-testCheckRequirementsSatisfied
Tue May 15 23:19:12 UTC 2018: Code found io.fabric8.service.PatchServiceImpl-checkRequirements with io.fabric8.service.PatchServiceImplTest-testCheckRequirementsMultiplePatches
Tue May 15 23:19:12 UTC 2018: No link for: io.fabric8.service.PatchServiceImplTest-testPatchDescriptorWithoutDirectives
Tue May 15 23:19:12 UTC 2018: No link for: io.fabric8.service.PatchServiceImplTest-testFailOnCorruptedZip
Tue May 15 23:19:12 UTC 2018: No link for: io.fabric8.service.PatchServiceImplTest-testPatchDescriptorWithRequirements
Tue May 15 23:19:13 UTC 2018: No link for: io.fabric8.service.PatchServiceImplTest-testPatchDescriptorWithDirectives
Tue May 15 23:19:13 UTC 2018: Linking done for jboss-fuse__fabric8 test class io.fabric8.service.PatchServiceImplTest
Tue May 15 23:19:14 UTC 2018: Found element on the queue
Tue May 15 23:19:14 UTC 2018: Updating status
Tue May 15 23:19:14 UTC 2018: Working
Tue May 15 23:19:16 UTC 2018: Start jboss-fuse__fabric8 test class io.fabric8.service.ZookeeperPortServiceTest
Tue May 15 23:19:16 UTC 2018: Setting lastTestMethodIndex: 50741
Tue May 15 23:19:16 UTC 2018: Starting linking
Tue May 15 23:19:16 UTC 2018: No link for: io.fabric8.service.ZookeeperPortServiceTest-multiVmPortOperations
Tue May 15 23:19:16 UTC 2018: No link for: io.fabric8.service.ZookeeperPortServiceTest-noPortsInitially
Tue May 15 23:19:16 UTC 2018: No link for: io.fabric8.service.ZookeeperPortServiceTest-findAndRegisterSinglePortUsingLocks
Tue May 15 23:19:17 UTC 2018: No link for: io.fabric8.service.ZookeeperPortServiceTest-registerUnregisterSinglePort
Tue May 15 23:19:17 UTC 2018: Linking done for jboss-fuse__fabric8 test class io.fabric8.service.ZookeeperPortServiceTest
Tue May 15 23:19:17 UTC 2018: Found element on the queue
Tue May 15 23:19:17 UTC 2018: Updating status
Tue May 15 23:19:17 UTC 2018: Working
Tue May 15 23:19:20 UTC 2018: Start jboss-fuse__fabric8 test class io.fabric8.zookeeper.curator.PlaceholderResolverHelpersTest
Tue May 15 23:19:20 UTC 2018: Setting lastTestMethodIndex: 50742
Tue May 15 23:19:20 UTC 2018: Starting linking
Tue May 15 23:19:20 UTC 2018: No link for: io.fabric8.zookeeper.curator.PlaceholderResolverHelpersTest-managedCuratorConfiguration
Tue May 15 23:19:20 UTC 2018: Linking done for jboss-fuse__fabric8 test class io.fabric8.zookeeper.curator.PlaceholderResolverHelpersTest
Tue May 15 23:19:21 UTC 2018: Found element on the queue
Tue May 15 23:19:21 UTC 2018: Updating status
Tue May 15 23:19:21 UTC 2018: Working
Tue May 15 23:19:21 UTC 2018: Create project parser
Tue May 15 23:19:23 UTC 2018: Start jboss-fuse__fabric8 test class io.fabric8.utils.Base64EncoderTest
Tue May 15 23:19:23 UTC 2018: Setting lastTestMethodIndex: 50744
Tue May 15 23:19:23 UTC 2018: Starting linking
Tue May 15 23:19:23 UTC 2018: Code found io.fabric8.utils.Base64Encoder-decode with io.fabric8.utils.Base64EncoderTest-decodeTest
Tue May 15 23:19:24 UTC 2018: Match not added in database because it already exists
Tue May 15 23:19:24 UTC 2018: Code found io.fabric8.utils.Base64Encoder-encode with io.fabric8.utils.Base64EncoderTest-encodeTest
Tue May 15 23:19:24 UTC 2018: Match not added in database because it already exists
Tue May 15 23:19:24 UTC 2018: Linking done for jboss-fuse__fabric8 test class io.fabric8.utils.Base64EncoderTest
Tue May 15 23:19:24 UTC 2018: Found element on the queue
Tue May 15 23:19:24 UTC 2018: Updating status
Tue May 15 23:19:24 UTC 2018: Working
Tue May 15 23:19:27 UTC 2018: Start jboss-fuse__fabric8 test class io.fabric8.utils.FabricValidationsTest
Tue May 15 23:19:27 UTC 2018: Setting lastTestMethodIndex: 50747
Tue May 15 23:19:27 UTC 2018: Starting linking
Tue May 15 23:19:27 UTC 2018: No link for: io.fabric8.utils.FabricValidationsTest-testProfileWithInvalidPrefix2
Tue May 15 23:19:27 UTC 2018: No link for: io.fabric8.utils.FabricValidationsTest-testProfileWithInvalidPrefix
Tue May 15 23:19:27 UTC 2018: No link for: io.fabric8.utils.FabricValidationsTest-testContainerWithInvalidPrefix
Tue May 15 23:19:28 UTC 2018: No link for: io.fabric8.utils.FabricValidationsTest-testValidProfileNames
Tue May 15 23:19:28 UTC 2018: No link for: io.fabric8.utils.FabricValidationsTest-testValidContainerNames
Tue May 15 23:19:28 UTC 2018: No link for: io.fabric8.utils.FabricValidationsTest-uris
Tue May 15 23:19:29 UTC 2018: No link for: io.fabric8.utils.FabricValidationsTest-testContainerWithInvalidPrefix2
Tue May 15 23:19:29 UTC 2018: Linking done for jboss-fuse__fabric8 test class io.fabric8.utils.FabricValidationsTest
Tue May 15 23:19:29 UTC 2018: Found element on the queue
Tue May 15 23:19:29 UTC 2018: Updating status
Tue May 15 23:19:29 UTC 2018: Working
Tue May 15 23:19:32 UTC 2018: Start jboss-fuse__fabric8 test class io.fabric8.utils.PasswordEncoderTest
Tue May 15 23:19:32 UTC 2018: Setting lastTestMethodIndex: 50750
Tue May 15 23:19:32 UTC 2018: Starting linking
Tue May 15 23:19:32 UTC 2018: Code found io.fabric8.utils.PasswordEncoder-encode with io.fabric8.utils.PasswordEncoderTest-testEncode
Tue May 15 23:19:32 UTC 2018: Code found io.fabric8.utils.PasswordEncoder-encode with io.fabric8.utils.PasswordEncoderTest-testDisablePwEncoder
Tue May 15 23:19:32 UTC 2018: Code found io.fabric8.utils.PasswordEncoder-decode with io.fabric8.utils.PasswordEncoderTest-testDecode
Tue May 15 23:19:33 UTC 2018: Linking done for jboss-fuse__fabric8 test class io.fabric8.utils.PasswordEncoderTest
Tue May 15 23:19:33 UTC 2018: Found element on the queue
Tue May 15 23:19:33 UTC 2018: Updating status
Tue May 15 23:19:33 UTC 2018: Working
Tue May 15 23:19:35 UTC 2018: Start jboss-fuse__fabric8 test class io.fabric8.utils.PatchUtilsTest
Tue May 15 23:19:35 UTC 2018: Setting lastTestMethodIndex: 50753
Tue May 15 23:19:35 UTC 2018: Starting linking
Tue May 15 23:19:35 UTC 2018: No link for: io.fabric8.utils.PatchUtilsTest-testExtractUrlAndRange
Tue May 15 23:19:36 UTC 2018: Linking done for jboss-fuse__fabric8 test class io.fabric8.utils.PatchUtilsTest
Tue May 15 23:19:36 UTC 2018: Found element on the queue
Tue May 15 23:19:36 UTC 2018: Updating status
Tue May 15 23:19:36 UTC 2018: Working
Tue May 15 23:19:39 UTC 2018: Start jboss-fuse__fabric8 test class io.fabric8.utils.PortsTest
Tue May 15 23:19:39 UTC 2018: Setting lastTestMethodIndex: 50756
Tue May 15 23:19:39 UTC 2018: Starting linking
Tue May 15 23:19:39 UTC 2018: No link for: io.fabric8.utils.PortsTest-testExtractSshUrl
Tue May 15 23:19:40 UTC 2018: No link for: io.fabric8.utils.PortsTest-testPortOutOfNarrowRange
Tue May 15 23:19:40 UTC 2018: No link for: io.fabric8.utils.PortsTest-testPortOutOfRangeWithNoUpperLimit
Tue May 15 23:19:40 UTC 2018: No link for: io.fabric8.utils.PortsTest-testPortInRange
Tue May 15 23:19:40 UTC 2018: No link for: io.fabric8.utils.PortsTest-testPortMapWithLowerMinimum
Tue May 15 23:19:41 UTC 2018: No link for: io.fabric8.utils.PortsTest-testPortMapWithNoRange
Tue May 15 23:19:41 UTC 2018: No link for: io.fabric8.utils.PortsTest-testPortMapWithGreaterMaximum
Tue May 15 23:19:41 UTC 2018: No link for: io.fabric8.utils.PortsTest-testPortOutOfRange
Tue May 15 23:19:41 UTC 2018: Linking done for jboss-fuse__fabric8 test class io.fabric8.utils.PortsTest
Tue May 15 23:19:42 UTC 2018: Found element on the queue
Tue May 15 23:19:42 UTC 2018: Updating status
Tue May 15 23:19:42 UTC 2018: Working
Tue May 15 23:19:45 UTC 2018: Start jboss-fuse__fabric8 test class io.fabric8.utils.SerialExecutorServiceTest
Tue May 15 23:19:45 UTC 2018: Setting lastTestMethodIndex: 50759
Tue May 15 23:19:45 UTC 2018: Starting linking
Tue May 15 23:19:45 UTC 2018: No link for: io.fabric8.utils.SerialExecutorServiceTest-testBasicUsage
Tue May 15 23:19:45 UTC 2018: Linking done for jboss-fuse__fabric8 test class io.fabric8.utils.SerialExecutorServiceTest
Tue May 15 23:19:46 UTC 2018: Found element on the queue
Tue May 15 23:19:46 UTC 2018: Updating status
Tue May 15 23:19:46 UTC 2018: Working
Tue May 15 23:19:46 UTC 2018: Create project parser
Tue May 15 23:19:50 UTC 2018: Start jboss-fuse__fabric8 test class io.fabric8.zookeeper.utils.CuratorQueuesTest
Tue May 15 23:19:50 UTC 2018: Setting lastTestMethodIndex: 50762
Tue May 15 23:19:50 UTC 2018: Starting linking
Tue May 15 23:19:50 UTC 2018: No link for: io.fabric8.zookeeper.utils.CuratorQueuesTest-queues
Tue May 15 23:19:50 UTC 2018: No link for: io.fabric8.zookeeper.utils.CuratorQueuesTest-scheduledExecutors
Tue May 15 23:19:50 UTC 2018: No link for: io.fabric8.zookeeper.utils.CuratorQueuesTest-limitedQueues
Tue May 15 23:19:50 UTC 2018: Linking done for jboss-fuse__fabric8 test class io.fabric8.zookeeper.utils.CuratorQueuesTest
Tue May 15 23:19:51 UTC 2018: Found element on the queue
Tue May 15 23:19:51 UTC 2018: Updating status
Tue May 15 23:19:51 UTC 2018: Working
Tue May 15 23:19:53 UTC 2018: Start jboss-fuse__fabric8 test class io.fabric8.zookeeper.utils.InterpolationHelperTest
Tue May 15 23:19:53 UTC 2018: Setting lastTestMethodIndex: 50764
Tue May 15 23:19:53 UTC 2018: Starting linking
Tue May 15 23:19:53 UTC 2018: No code found io.fabric8.zookeeper.utils.InterpolationHelper-substVarsPreserveUnresolved with io.fabric8.zookeeper.utils.InterpolationHelperTest-testSubstVarsPreserveUnresolved
Tue May 15 23:19:54 UTC 2018: No code found io.fabric8.zookeeper.utils.InterpolationHelper-substVars with io.fabric8.zookeeper.utils.InterpolationHelperTest-testSubstVars
Tue May 15 23:19:54 UTC 2018: No link for: io.fabric8.zookeeper.utils.InterpolationHelperTest-testEscaping
Tue May 15 23:19:54 UTC 2018: Linking done for jboss-fuse__fabric8 test class io.fabric8.zookeeper.utils.InterpolationHelperTest
Tue May 15 23:19:55 UTC 2018: Found element on the queue
Tue May 15 23:19:55 UTC 2018: Updating status
Tue May 15 23:19:55 UTC 2018: Working
Tue May 15 23:19:58 UTC 2018: Start jboss-fuse__fabric8 test class io.fabric8.zookeeper.utils.ZookeeperImportUtilsTest
Tue May 15 23:19:58 UTC 2018: Setting lastTestMethodIndex: 50766
Tue May 15 23:19:58 UTC 2018: Starting linking
Tue May 15 23:19:58 UTC 2018: Code found io.fabric8.zookeeper.utils.ZookeeperImportUtils-importFromFileSystem with io.fabric8.zookeeper.utils.ZookeeperImportUtilsTest-testNoExceptionFromImportFromFileSystem
Tue May 15 23:19:58 UTC 2018: No link for: io.fabric8.zookeeper.utils.ZookeeperImportUtilsTest-testNoExceptionFromImportProperties
Tue May 15 23:19:58 UTC 2018: No link for: io.fabric8.zookeeper.utils.ZookeeperImportUtilsTest-testImportFileData
Tue May 15 23:19:59 UTC 2018: No link for: io.fabric8.zookeeper.utils.ZookeeperImportUtilsTest-testImportServletRegistration
Tue May 15 23:19:59 UTC 2018: No link for: io.fabric8.zookeeper.utils.ZookeeperImportUtilsTest-testImportOldProfileData
Tue May 15 23:19:59 UTC 2018: No link for: io.fabric8.zookeeper.utils.ZookeeperImportUtilsTest-testImportDirectoryData
Tue May 15 23:19:59 UTC 2018: Linking done for jboss-fuse__fabric8 test class io.fabric8.zookeeper.utils.ZookeeperImportUtilsTest
