Wed May 16 05:43:25 UTC 2018: Database:jdbc:mysql://localhost:3306/unittests
Wed May 16 05:43:25 UTC 2018: Starting
Wed May 16 05:43:26 UTC 2018: Found element on the queue
Wed May 16 05:43:26 UTC 2018: Updating status
Wed May 16 05:43:26 UTC 2018: Working
Wed May 16 05:43:26 UTC 2018: Create project parser
Wed May 16 05:43:32 UTC 2018: Create slicer
Wed May 16 05:43:33 UTC 2018: Create call graph
Wed May 16 05:43:36 UTC 2018: Create point analysis
Wed May 16 05:43:36 UTC 2018: Create call graph done
Wed May 16 05:43:36 UTC 2018: Start MaxTyutyunnikov__google-sites-liberation test class com.google.sites.liberation.imprt.EntryUploaderImplTest
Wed May 16 05:43:36 UTC 2018: Setting lastTestMethodIndex: 63544
Wed May 16 05:43:36 UTC 2018: Starting linking
Wed May 16 05:43:36 UTC 2018: No link for: com.google.sites.liberation.imprt.EntryUploaderImplTest-testUpdateById
Wed May 16 05:43:37 UTC 2018: None match not added in database because it already exists
Wed May 16 05:43:37 UTC 2018: No link for: com.google.sites.liberation.imprt.EntryUploaderImplTest-testUpdateByPath
Wed May 16 05:43:37 UTC 2018: None match not added in database because it already exists
Wed May 16 05:43:37 UTC 2018: No link for: com.google.sites.liberation.imprt.EntryUploaderImplTest-testInsert
Wed May 16 05:43:38 UTC 2018: None match not added in database because it already exists
Wed May 16 05:43:38 UTC 2018: Linking done for MaxTyutyunnikov__google-sites-liberation test class com.google.sites.liberation.imprt.EntryUploaderImplTest
Wed May 16 05:43:38 UTC 2018: Found element on the queue
Wed May 16 05:43:38 UTC 2018: Updating status
Wed May 16 05:43:38 UTC 2018: Working
Wed May 16 05:43:41 UTC 2018: Start MaxTyutyunnikov__google-sites-liberation test class com.google.sites.liberation.export.InMemoryEntryStoreTest
Wed May 16 05:43:41 UTC 2018: Setting lastTestMethodIndex: 63547
Wed May 16 05:43:41 UTC 2018: Starting linking
Wed May 16 05:43:41 UTC 2018: Code found com.google.sites.liberation.export.InMemoryEntryStore-getEntry with com.google.sites.liberation.export.InMemoryEntryStoreTest-testGetEntry
Wed May 16 05:43:41 UTC 2018: Match not added in database because it already exists
Wed May 16 05:43:41 UTC 2018: Code found com.google.sites.liberation.export.InMemoryEntryStore-getChildren with com.google.sites.liberation.export.InMemoryEntryStoreTest-testGetChildren
Wed May 16 05:43:41 UTC 2018: Match not added in database because it already exists
Wed May 16 05:43:41 UTC 2018: Linking done for MaxTyutyunnikov__google-sites-liberation test class com.google.sites.liberation.export.InMemoryEntryStoreTest
Wed May 16 05:43:42 UTC 2018: Found element on the queue
Wed May 16 05:43:42 UTC 2018: Updating status
Wed May 16 05:43:42 UTC 2018: Working
Wed May 16 05:43:44 UTC 2018: Start MaxTyutyunnikov__google-sites-liberation test class com.google.sites.liberation.export.PageExporterImplTest
Wed May 16 05:43:44 UTC 2018: Setting lastTestMethodIndex: 63550
Wed May 16 05:43:44 UTC 2018: Starting linking
Wed May 16 05:43:44 UTC 2018: No link for: com.google.sites.liberation.export.PageExporterImplTest-testListExport
Wed May 16 05:43:45 UTC 2018: None match not added in database because it already exists
Wed May 16 05:43:45 UTC 2018: No link for: com.google.sites.liberation.export.PageExporterImplTest-testAnnouncementsExport
Wed May 16 05:43:45 UTC 2018: None match not added in database because it already exists
Wed May 16 05:43:45 UTC 2018: No link for: com.google.sites.liberation.export.PageExporterImplTest-testNormalExport
Wed May 16 05:43:45 UTC 2018: None match not added in database because it already exists
Wed May 16 05:43:45 UTC 2018: No link for: com.google.sites.liberation.export.PageExporterImplTest-testFileCabinetExport
Wed May 16 05:43:46 UTC 2018: None match not added in database because it already exists
Wed May 16 05:43:46 UTC 2018: Linking done for MaxTyutyunnikov__google-sites-liberation test class com.google.sites.liberation.export.PageExporterImplTest
Wed May 16 05:43:46 UTC 2018: Found element on the queue
Wed May 16 05:43:46 UTC 2018: Updating status
Wed May 16 05:43:46 UTC 2018: Working
Wed May 16 05:43:49 UTC 2018: Start MaxTyutyunnikov__google-sites-liberation test class com.google.sites.liberation.export.RevisionExporterImplTest
Wed May 16 05:43:49 UTC 2018: Setting lastTestMethodIndex: 63552
Wed May 16 05:43:49 UTC 2018: Starting linking
Wed May 16 05:43:49 UTC 2018: No link for: com.google.sites.liberation.export.RevisionExporterImplTest-testListPageRevision
Wed May 16 05:43:49 UTC 2018: None match not added in database because it already exists
Wed May 16 05:43:49 UTC 2018: No link for: com.google.sites.liberation.export.RevisionExporterImplTest-testNormalRevision
Wed May 16 05:43:50 UTC 2018: None match not added in database because it already exists
Wed May 16 05:43:50 UTC 2018: Linking done for MaxTyutyunnikov__google-sites-liberation test class com.google.sites.liberation.export.RevisionExporterImplTest
Wed May 16 05:43:50 UTC 2018: Found element on the queue
Wed May 16 05:43:50 UTC 2018: Updating status
Wed May 16 05:43:50 UTC 2018: Working
Wed May 16 05:43:53 UTC 2018: Start MaxTyutyunnikov__google-sites-liberation test class com.google.sites.liberation.export.SiteExporterImplTest
Wed May 16 05:43:53 UTC 2018: Setting lastTestMethodIndex: 63554
Wed May 16 05:43:53 UTC 2018: Starting linking
Wed May 16 05:43:53 UTC 2018: No link for: com.google.sites.liberation.export.SiteExporterImplTest-testEmptyExport
Wed May 16 05:43:53 UTC 2018: None match not added in database because it already exists
Wed May 16 05:43:53 UTC 2018: No link for: com.google.sites.liberation.export.SiteExporterImplTest-testOnePageWithAttachment
Wed May 16 05:43:54 UTC 2018: None match not added in database because it already exists
Wed May 16 05:43:54 UTC 2018: No link for: com.google.sites.liberation.export.SiteExporterImplTest-testSeveralOfEach
Wed May 16 05:43:54 UTC 2018: None match not added in database because it already exists
Wed May 16 05:43:54 UTC 2018: No link for: com.google.sites.liberation.export.SiteExporterImplTest-testOnePage
Wed May 16 05:43:55 UTC 2018: None match not added in database because it already exists
Wed May 16 05:43:55 UTC 2018: Linking done for MaxTyutyunnikov__google-sites-liberation test class com.google.sites.liberation.export.SiteExporterImplTest
Wed May 16 05:43:55 UTC 2018: Found element on the queue
Wed May 16 05:43:55 UTC 2018: Updating status
Wed May 16 05:43:55 UTC 2018: Working
Wed May 16 05:43:58 UTC 2018: Start MaxTyutyunnikov__google-sites-liberation test class com.google.sites.liberation.parsers.TitleParserImplTest
Wed May 16 05:43:58 UTC 2018: Setting lastTestMethodIndex: 63558
Wed May 16 05:43:58 UTC 2018: Starting linking
Wed May 16 05:43:58 UTC 2018: No link for: com.google.sites.liberation.parsers.TitleParserImplTest-testNormalCase
Wed May 16 05:43:58 UTC 2018: None match not added in database because it already exists
Wed May 16 05:43:58 UTC 2018: No link for: com.google.sites.liberation.parsers.TitleParserImplTest-testComplicatedStructure
Wed May 16 05:43:59 UTC 2018: None match not added in database because it already exists
Wed May 16 05:43:59 UTC 2018: Linking done for MaxTyutyunnikov__google-sites-liberation test class com.google.sites.liberation.parsers.TitleParserImplTest
Wed May 16 05:43:59 UTC 2018: Found element on the queue
Wed May 16 05:43:59 UTC 2018: Updating status
Wed May 16 05:43:59 UTC 2018: Working
Wed May 16 05:44:02 UTC 2018: Start MaxTyutyunnikov__google-sites-liberation test class com.google.sites.liberation.parsers.AuthorParserImplTest
Wed May 16 05:44:02 UTC 2018: Setting lastTestMethodIndex: 63560
Wed May 16 05:44:02 UTC 2018: Starting linking
Wed May 16 05:44:02 UTC 2018: No link for: com.google.sites.liberation.parsers.AuthorParserImplTest-testN
Wed May 16 05:44:02 UTC 2018: None match not added in database because it already exists
Wed May 16 05:44:02 UTC 2018: No link for: com.google.sites.liberation.parsers.AuthorParserImplTest-testNAndEmail
Wed May 16 05:44:03 UTC 2018: None match not added in database because it already exists
Wed May 16 05:44:03 UTC 2018: No link for: com.google.sites.liberation.parsers.AuthorParserImplTest-testFn
Wed May 16 05:44:03 UTC 2018: None match not added in database because it already exists
Wed May 16 05:44:03 UTC 2018: No link for: com.google.sites.liberation.parsers.AuthorParserImplTest-testEmail
Wed May 16 05:44:04 UTC 2018: None match not added in database because it already exists
Wed May 16 05:44:04 UTC 2018: Linking done for MaxTyutyunnikov__google-sites-liberation test class com.google.sites.liberation.parsers.AuthorParserImplTest
Wed May 16 05:44:04 UTC 2018: Found element on the queue
Wed May 16 05:44:04 UTC 2018: Updating status
Wed May 16 05:44:04 UTC 2018: Working
Wed May 16 05:44:07 UTC 2018: Start MaxTyutyunnikov__google-sites-liberation test class com.google.sites.liberation.parsers.UpdatedParserImplTest
Wed May 16 05:44:07 UTC 2018: Setting lastTestMethodIndex: 63563
Wed May 16 05:44:07 UTC 2018: Starting linking
Wed May 16 05:44:07 UTC 2018: No link for: com.google.sites.liberation.parsers.UpdatedParserImplTest-testInvalidDate
Wed May 16 05:44:07 UTC 2018: None match not added in database because it already exists
Wed May 16 05:44:07 UTC 2018: No link for: com.google.sites.liberation.parsers.UpdatedParserImplTest-testValidDate
Wed May 16 05:44:07 UTC 2018: None match not added in database because it already exists
Wed May 16 05:44:07 UTC 2018: Linking done for MaxTyutyunnikov__google-sites-liberation test class com.google.sites.liberation.parsers.UpdatedParserImplTest
Wed May 16 05:44:08 UTC 2018: Found element on the queue
Wed May 16 05:44:08 UTC 2018: Updating status
Wed May 16 05:44:08 UTC 2018: Working
Wed May 16 05:44:10 UTC 2018: Start MaxTyutyunnikov__google-sites-liberation test class com.google.sites.liberation.parsers.FieldParserImplTest
Wed May 16 05:44:10 UTC 2018: Setting lastTestMethodIndex: 63566
Wed May 16 05:44:10 UTC 2018: Starting linking
Wed May 16 05:44:10 UTC 2018: No link for: com.google.sites.liberation.parsers.FieldParserImplTest-testNormalCase
Wed May 16 05:44:11 UTC 2018: None match not added in database because it already exists
Wed May 16 05:44:11 UTC 2018: No link for: com.google.sites.liberation.parsers.FieldParserImplTest-testComplicatedStructure
Wed May 16 05:44:11 UTC 2018: None match not added in database because it already exists
Wed May 16 05:44:11 UTC 2018: Linking done for MaxTyutyunnikov__google-sites-liberation test class com.google.sites.liberation.parsers.FieldParserImplTest
Wed May 16 05:44:12 UTC 2018: Found element on the queue
Wed May 16 05:44:12 UTC 2018: Updating status
Wed May 16 05:44:12 UTC 2018: Working
Wed May 16 05:44:14 UTC 2018: Start MaxTyutyunnikov__google-sites-liberation test class com.google.sites.liberation.parsers.SummaryParserImplTest
Wed May 16 05:44:14 UTC 2018: Setting lastTestMethodIndex: 63569
Wed May 16 05:44:14 UTC 2018: Starting linking
Wed May 16 05:44:14 UTC 2018: No link for: com.google.sites.liberation.parsers.SummaryParserImplTest-testNormalCase
Wed May 16 05:44:15 UTC 2018: None match not added in database because it already exists
Wed May 16 05:44:15 UTC 2018: No link for: com.google.sites.liberation.parsers.SummaryParserImplTest-testComplicatedStructure
Wed May 16 05:44:15 UTC 2018: None match not added in database because it already exists
Wed May 16 05:44:15 UTC 2018: Linking done for MaxTyutyunnikov__google-sites-liberation test class com.google.sites.liberation.parsers.SummaryParserImplTest
Wed May 16 05:44:15 UTC 2018: Found element on the queue
Wed May 16 05:44:15 UTC 2018: Updating status
Wed May 16 05:44:15 UTC 2018: Working
Wed May 16 05:44:18 UTC 2018: Start MaxTyutyunnikov__google-sites-liberation test class com.google.sites.liberation.parsers.EntryParserImplTest
Wed May 16 05:44:18 UTC 2018: Setting lastTestMethodIndex: 63572
Wed May 16 05:44:18 UTC 2018: Starting linking
Wed May 16 05:44:18 UTC 2018: No link for: com.google.sites.liberation.parsers.EntryParserImplTest-testNormalPage
Wed May 16 05:44:18 UTC 2018: None match not added in database because it already exists
Wed May 16 05:44:18 UTC 2018: No link for: com.google.sites.liberation.parsers.EntryParserImplTest-testFieldParsing
Wed May 16 05:44:19 UTC 2018: None match not added in database because it already exists
Wed May 16 05:44:19 UTC 2018: No link for: com.google.sites.liberation.parsers.EntryParserImplTest-testUnusualStructure
Wed May 16 05:44:19 UTC 2018: None match not added in database because it already exists
Wed May 16 05:44:19 UTC 2018: No link for: com.google.sites.liberation.parsers.EntryParserImplTest-testDataParsing
Wed May 16 05:44:19 UTC 2018: None match not added in database because it already exists
Wed May 16 05:44:19 UTC 2018: No link for: com.google.sites.liberation.parsers.EntryParserImplTest-testWithChildren
Wed May 16 05:44:20 UTC 2018: None match not added in database because it already exists
Wed May 16 05:44:20 UTC 2018: Linking done for MaxTyutyunnikov__google-sites-liberation test class com.google.sites.liberation.parsers.EntryParserImplTest
Wed May 16 05:44:20 UTC 2018: Found element on the queue
Wed May 16 05:44:20 UTC 2018: Updating status
Wed May 16 05:44:20 UTC 2018: Working
Wed May 16 05:44:23 UTC 2018: Start MaxTyutyunnikov__google-sites-liberation test class com.google.sites.liberation.parsers.ContentParserImplTest
Wed May 16 05:44:23 UTC 2018: Setting lastTestMethodIndex: 63575
Wed May 16 05:44:23 UTC 2018: Starting linking
Wed May 16 05:44:23 UTC 2018: No link for: com.google.sites.liberation.parsers.ContentParserImplTest-testEmptyXhtmlContent
Wed May 16 05:44:23 UTC 2018: None match not added in database because it already exists
Wed May 16 05:44:23 UTC 2018: No link for: com.google.sites.liberation.parsers.ContentParserImplTest-testJustTextXhtmlContent
Wed May 16 05:44:23 UTC 2018: None match not added in database because it already exists
Wed May 16 05:44:23 UTC 2018: No link for: com.google.sites.liberation.parsers.ContentParserImplTest-testNormalXhtmlContent
Wed May 16 05:44:24 UTC 2018: None match not added in database because it already exists
Wed May 16 05:44:24 UTC 2018: Linking done for MaxTyutyunnikov__google-sites-liberation test class com.google.sites.liberation.parsers.ContentParserImplTest
Wed May 16 05:44:24 UTC 2018: Found element on the queue
Wed May 16 05:44:24 UTC 2018: Updating status
Wed May 16 05:44:24 UTC 2018: Working
Wed May 16 05:44:27 UTC 2018: Start MaxTyutyunnikov__google-sites-liberation test class com.google.sites.liberation.parsers.DataParserImplTest
Wed May 16 05:44:27 UTC 2018: Setting lastTestMethodIndex: 63578
Wed May 16 05:44:27 UTC 2018: Starting linking
Wed May 16 05:44:27 UTC 2018: No link for: com.google.sites.liberation.parsers.DataParserImplTest-testComplicatedStructure
Wed May 16 05:44:27 UTC 2018: None match not added in database because it already exists
Wed May 16 05:44:27 UTC 2018: No link for: com.google.sites.liberation.parsers.DataParserImplTest-testNormalData
Wed May 16 05:44:27 UTC 2018: None match not added in database because it already exists
Wed May 16 05:44:27 UTC 2018: Linking done for MaxTyutyunnikov__google-sites-liberation test class com.google.sites.liberation.parsers.DataParserImplTest
Wed May 16 05:44:28 UTC 2018: Found element on the queue
Wed May 16 05:44:28 UTC 2018: Updating status
Wed May 16 05:44:28 UTC 2018: Working
Wed May 16 05:44:30 UTC 2018: Start MaxTyutyunnikov__google-sites-liberation test class com.google.sites.liberation.util.EntryTypeTest
Wed May 16 05:44:31 UTC 2018: Setting lastTestMethodIndex: 63580
Wed May 16 05:44:31 UTC 2018: Starting linking
Wed May 16 05:44:31 UTC 2018: No link for: com.google.sites.liberation.util.EntryTypeTest-testGetType
Wed May 16 05:44:31 UTC 2018: None match not added in database because it already exists
Wed May 16 05:44:31 UTC 2018: No link for: com.google.sites.liberation.util.EntryTypeTest-testIsPage
Wed May 16 05:44:31 UTC 2018: None match not added in database because it already exists
Wed May 16 05:44:31 UTC 2018: Linking done for MaxTyutyunnikov__google-sites-liberation test class com.google.sites.liberation.util.EntryTypeTest
Wed May 16 05:44:32 UTC 2018: Found element on the queue
Wed May 16 05:44:32 UTC 2018: Updating status
Wed May 16 05:44:32 UTC 2018: Working
Wed May 16 05:44:34 UTC 2018: Start MaxTyutyunnikov__google-sites-liberation test class com.google.sites.liberation.util.XmlElementTest
Wed May 16 05:44:34 UTC 2018: Setting lastTestMethodIndex: 63582
Wed May 16 05:44:34 UTC 2018: Starting linking
Wed May 16 05:44:34 UTC 2018: Code found com.google.sites.liberation.util.XmlElement-addXml with com.google.sites.liberation.util.XmlElementTest-testAddXml
Wed May 16 05:44:34 UTC 2018: Match not added in database because it already exists
Wed May 16 05:44:34 UTC 2018: Code found com.google.sites.liberation.util.XmlElement-setAttribute with com.google.sites.liberation.util.XmlElementTest-testSetAttribute
Wed May 16 05:44:35 UTC 2018: Match not added in database because it already exists
Wed May 16 05:44:35 UTC 2018: Code found com.google.sites.liberation.util.XmlElement-addText with com.google.sites.liberation.util.XmlElementTest-testAddText
Wed May 16 05:44:35 UTC 2018: Match not added in database because it already exists
Wed May 16 05:44:35 UTC 2018: No link for: com.google.sites.liberation.util.XmlElementTest-testConstructor
Wed May 16 05:44:36 UTC 2018: None match not added in database because it already exists
Wed May 16 05:44:36 UTC 2018: No link for: com.google.sites.liberation.util.XmlElementTest-testAddChild
Wed May 16 05:44:36 UTC 2018: None match not added in database because it already exists
Wed May 16 05:44:36 UTC 2018: Linking done for MaxTyutyunnikov__google-sites-liberation test class com.google.sites.liberation.util.XmlElementTest
Wed May 16 05:44:36 UTC 2018: Found element on the queue
Wed May 16 05:44:36 UTC 2018: Updating status
Wed May 16 05:44:36 UTC 2018: Working
Wed May 16 05:44:39 UTC 2018: Start MaxTyutyunnikov__google-sites-liberation test class com.google.sites.liberation.util.UrlUtilsTest
Wed May 16 05:44:39 UTC 2018: Setting lastTestMethodIndex: 63586
Wed May 16 05:44:39 UTC 2018: Starting linking
Wed May 16 05:44:39 UTC 2018: Code found com.google.sites.liberation.util.UrlUtils-getFeedUrl with com.google.sites.liberation.util.UrlUtilsTest-testGetFeedUrl
Wed May 16 05:44:40 UTC 2018: Match not added in database because it already exists
Wed May 16 05:44:40 UTC 2018: Code found com.google.sites.liberation.util.UrlUtils-getSiteUrl with com.google.sites.liberation.util.UrlUtilsTest-testGetSiteUrl
Wed May 16 05:44:40 UTC 2018: Match not added in database because it already exists
Wed May 16 05:44:40 UTC 2018: Linking done for MaxTyutyunnikov__google-sites-liberation test class com.google.sites.liberation.util.UrlUtilsTest
Wed May 16 05:44:41 UTC 2018: Found element on the queue
Wed May 16 05:44:41 UTC 2018: Updating status
Wed May 16 05:44:41 UTC 2018: Working
Wed May 16 05:44:44 UTC 2018: Start MaxTyutyunnikov__google-sites-liberation test class com.google.sites.liberation.util.GuiProgressListenerTest
Wed May 16 05:44:44 UTC 2018: Setting lastTestMethodIndex: 63588
Wed May 16 05:44:44 UTC 2018: Starting linking
Wed May 16 05:44:44 UTC 2018: Code found com.google.sites.liberation.util.GuiProgressListener-setProgress with com.google.sites.liberation.util.GuiProgressListenerTest-testSetProgress
Wed May 16 05:44:44 UTC 2018: Match not added in database because it already exists
Wed May 16 05:44:44 UTC 2018: Code found com.google.sites.liberation.util.GuiProgressListener-setStatus with com.google.sites.liberation.util.GuiProgressListenerTest-testSetStatus
Wed May 16 05:44:45 UTC 2018: Match not added in database because it already exists
Wed May 16 05:44:45 UTC 2018: Linking done for MaxTyutyunnikov__google-sites-liberation test class com.google.sites.liberation.util.GuiProgressListenerTest
