Tue May 15 22:45:41 UTC 2018: Database:jdbc:mysql://localhost:3306/unittests
Tue May 15 22:45:41 UTC 2018: Starting
Tue May 15 22:45:42 UTC 2018: Found element on the queue
Tue May 15 22:45:42 UTC 2018: Updating status
Tue May 15 22:45:42 UTC 2018: Working
Tue May 15 22:45:42 UTC 2018: Create project parser
Tue May 15 22:45:47 UTC 2018: Create slicer
Tue May 15 22:45:49 UTC 2018: Create call graph
Tue May 15 22:45:51 UTC 2018: Create point analysis
Tue May 15 22:45:51 UTC 2018: Create call graph done
Tue May 15 22:45:51 UTC 2018: Start IRISTrans__IrisCapture test class com.github.sarxos.webcam.ds.ipcam.IpCamDeviceRegistryTest
Tue May 15 22:45:51 UTC 2018: Setting lastTestMethodIndex: 49568
Tue May 15 22:45:51 UTC 2018: Starting linking
Tue May 15 22:45:51 UTC 2018: Code found com.github.sarxos.webcam.ds.ipcam.IpCamDeviceRegistry-isRegistered with com.github.sarxos.webcam.ds.ipcam.IpCamDeviceRegistryTest-test_isRegisteredURL
Tue May 15 22:45:51 UTC 2018: Code found com.github.sarxos.webcam.ds.ipcam.IpCamDeviceRegistry-isRegistered with com.github.sarxos.webcam.ds.ipcam.IpCamDeviceRegistryTest-test_isRegisteredURI
Tue May 15 22:45:51 UTC 2018: Code found com.github.sarxos.webcam.ds.ipcam.IpCamDeviceRegistry-isRegistered with com.github.sarxos.webcam.ds.ipcam.IpCamDeviceRegistryTest-test_isRegisteredURLIllegal
Tue May 15 22:45:51 UTC 2018: Code found com.github.sarxos.webcam.ds.ipcam.IpCamDeviceRegistry-register with com.github.sarxos.webcam.ds.ipcam.IpCamDeviceRegistryTest-test_register
Tue May 15 22:45:52 UTC 2018: Code found com.github.sarxos.webcam.ds.ipcam.IpCamDeviceRegistry-isRegistered with com.github.sarxos.webcam.ds.ipcam.IpCamDeviceRegistryTest-test_isRegisteredDeviceIllegal
Tue May 15 22:45:52 UTC 2018: Code found com.github.sarxos.webcam.ds.ipcam.IpCamDeviceRegistry-unregisterAll with com.github.sarxos.webcam.ds.ipcam.IpCamDeviceRegistryTest-test_unregisterAll
Tue May 15 22:45:52 UTC 2018: Code found com.github.sarxos.webcam.ds.ipcam.IpCamDeviceRegistry-isRegistered with com.github.sarxos.webcam.ds.ipcam.IpCamDeviceRegistryTest-test_isRegisteredURIIllegal
Tue May 15 22:45:52 UTC 2018: Code found com.github.sarxos.webcam.ds.ipcam.IpCamDeviceRegistry-unregister with com.github.sarxos.webcam.ds.ipcam.IpCamDeviceRegistryTest-test_unregister
Tue May 15 22:45:52 UTC 2018: Code found com.github.sarxos.webcam.ds.ipcam.IpCamDeviceRegistry-isRegistered with com.github.sarxos.webcam.ds.ipcam.IpCamDeviceRegistryTest-test_isRegisteredName
Tue May 15 22:45:53 UTC 2018: Linking done for IRISTrans__IrisCapture test class com.github.sarxos.webcam.ds.ipcam.IpCamDeviceRegistryTest
Tue May 15 22:45:53 UTC 2018: Found element on the queue
Tue May 15 22:45:53 UTC 2018: Updating status
Tue May 15 22:45:53 UTC 2018: Working
Tue May 15 22:45:53 UTC 2018: Create project parser
Tue May 15 22:45:57 UTC 2018: Start IRISTrans__IrisCapture test class com.github.sarxos.webcam.ds.vlcj.VlcjDeviceTest
Tue May 15 22:45:57 UTC 2018: Setting lastTestMethodIndex: 49572
Tue May 15 22:45:57 UTC 2018: Starting linking
Tue May 15 22:45:57 UTC 2018: Linking done for IRISTrans__IrisCapture test class com.github.sarxos.webcam.ds.vlcj.VlcjDeviceTest
Tue May 15 22:45:57 UTC 2018: Found element on the queue
Tue May 15 22:45:57 UTC 2018: Updating status
Tue May 15 22:45:57 UTC 2018: Working
Tue May 15 22:45:57 UTC 2018: Create project parser
Tue May 15 22:46:01 UTC 2018: Start IRISTrans__IrisCapture test class com.github.sarxos.webcam.WebcamTest
Tue May 15 22:46:01 UTC 2018: Setting lastTestMethodIndex: 49574
Tue May 15 22:46:01 UTC 2018: Starting linking
Tue May 15 22:46:01 UTC 2018: No link for: com.github.sarxos.webcam.WebcamTest-test_open
Tue May 15 22:46:01 UTC 2018: Linking done for IRISTrans__IrisCapture test class com.github.sarxos.webcam.WebcamTest
Tue May 15 22:46:02 UTC 2018: Found element on the queue
Tue May 15 22:46:02 UTC 2018: Updating status
Tue May 15 22:46:02 UTC 2018: Working
Tue May 15 22:46:05 UTC 2018: Start IRISTrans__IrisCapture test class com.github.sarxos.webcam.WebcamStaticsTest
Tue May 15 22:46:05 UTC 2018: Setting lastTestMethodIndex: 49577
Tue May 15 22:46:05 UTC 2018: Starting linking
Tue May 15 22:46:05 UTC 2018: No link for: com.github.sarxos.webcam.WebcamStaticsTest-test_open
Tue May 15 22:46:05 UTC 2018: No link for: com.github.sarxos.webcam.WebcamStaticsTest-test_setDriver
Tue May 15 22:46:06 UTC 2018: No link for: com.github.sarxos.webcam.WebcamStaticsTest-test_getImage
Tue May 15 22:46:06 UTC 2018: No link for: com.github.sarxos.webcam.WebcamStaticsTest-test_GetWebcamByNameWithNotExistingWebcamName
Tue May 15 22:46:06 UTC 2018: No link for: com.github.sarxos.webcam.WebcamStaticsTest-test_getSizes
Tue May 15 22:46:06 UTC 2018: No link for: com.github.sarxos.webcam.WebcamStaticsTest-test_registerDriver
Tue May 15 22:46:07 UTC 2018: No link for: com.github.sarxos.webcam.WebcamStaticsTest-test_GetWebcamByName
Tue May 15 22:46:07 UTC 2018: No link for: com.github.sarxos.webcam.WebcamStaticsTest-test_close
Tue May 15 22:46:07 UTC 2018: No link for: com.github.sarxos.webcam.WebcamStaticsTest-test_getWebcams
Tue May 15 22:46:07 UTC 2018: No link for: com.github.sarxos.webcam.WebcamStaticsTest-test_getDefault
Tue May 15 22:46:08 UTC 2018: No link for: com.github.sarxos.webcam.WebcamStaticsTest-test_setSize
Tue May 15 22:46:08 UTC 2018: No link for: com.github.sarxos.webcam.WebcamStaticsTest-test_GetWebcamByNameWithNullArgument
Tue May 15 22:46:08 UTC 2018: Linking done for IRISTrans__IrisCapture test class com.github.sarxos.webcam.WebcamStaticsTest
Tue May 15 22:46:09 UTC 2018: Found element on the queue
Tue May 15 22:46:09 UTC 2018: Updating status
Tue May 15 22:46:09 UTC 2018: Working
Tue May 15 22:46:11 UTC 2018: Start IRISTrans__IrisCapture test class com.github.sarxos.webcam.util.NixVideoDevUtilsTest
Tue May 15 22:46:11 UTC 2018: Setting lastTestMethodIndex: 49581
Tue May 15 22:46:11 UTC 2018: Starting linking
Tue May 15 22:46:11 UTC 2018: Code found com.github.sarxos.webcam.util.NixVideoDevUtils-accept with com.github.sarxos.webcam.util.NixVideoDevUtilsTest-testAcceptHandlesShortVideoDeviceFilename
Tue May 15 22:46:11 UTC 2018: Linking done for IRISTrans__IrisCapture test class com.github.sarxos.webcam.util.NixVideoDevUtilsTest
Tue May 15 22:46:12 UTC 2018: Found element on the queue
Tue May 15 22:46:12 UTC 2018: Updating status
Tue May 15 22:46:12 UTC 2018: Working
Tue May 15 22:46:14 UTC 2018: Start IRISTrans__IrisCapture test class com.github.sarxos.webcam.WebcamLockTest
Tue May 15 22:46:14 UTC 2018: Setting lastTestMethodIndex: 49583
Tue May 15 22:46:14 UTC 2018: Starting linking
Tue May 15 22:46:14 UTC 2018: No link for: com.github.sarxos.webcam.WebcamLockTest-test_lock2
Tue May 15 22:46:15 UTC 2018: No link for: com.github.sarxos.webcam.WebcamLockTest-test_lock
Tue May 15 22:46:15 UTC 2018: Linking done for IRISTrans__IrisCapture test class com.github.sarxos.webcam.WebcamLockTest
