Tue May 15 13:32:34 UTC 2018: Database:jdbc:mysql://localhost:3306/unittests
Tue May 15 13:32:35 UTC 2018: Starting
Tue May 15 13:32:36 UTC 2018: Found element on the queue
Tue May 15 13:32:36 UTC 2018: Updating status
Tue May 15 13:32:36 UTC 2018: Working
Tue May 15 13:32:36 UTC 2018: Create project parser
Tue May 15 13:32:49 UTC 2018: Create slicer
Tue May 15 13:32:54 UTC 2018: Create call graph
Tue May 15 13:32:56 UTC 2018: Create point analysis
Tue May 15 13:32:56 UTC 2018: Create call graph done
Tue May 15 13:32:56 UTC 2018: Start CodecoolBP20161__advanced-module-eshipdiary-web test class com.codecool.eshipdiary.controller.HomeControllerTest
Tue May 15 13:32:56 UTC 2018: Setting lastTestMethodIndex: 34030
Tue May 15 13:32:56 UTC 2018: Starting linking
Tue May 15 13:32:56 UTC 2018: No link for: com.codecool.eshipdiary.controller.HomeControllerTest-indexWithNotAdmin
Tue May 15 13:32:56 UTC 2018: No link for: com.codecool.eshipdiary.controller.HomeControllerTest-indexWithAdmin
Tue May 15 13:32:57 UTC 2018: Linking done for CodecoolBP20161__advanced-module-eshipdiary-web test class com.codecool.eshipdiary.controller.HomeControllerTest
Tue May 15 13:32:57 UTC 2018: Found element on the queue
Tue May 15 13:32:57 UTC 2018: Updating status
Tue May 15 13:32:57 UTC 2018: Working
Tue May 15 13:33:00 UTC 2018: Start CodecoolBP20161__advanced-module-eshipdiary-web test class com.codecool.eshipdiary.controller.LoginControllerTest
Tue May 15 13:33:00 UTC 2018: Setting lastTestMethodIndex: 34031
Tue May 15 13:33:00 UTC 2018: Starting linking
Tue May 15 13:33:00 UTC 2018: No link for: com.codecool.eshipdiary.controller.LoginControllerTest-login
Tue May 15 13:33:00 UTC 2018: Linking done for CodecoolBP20161__advanced-module-eshipdiary-web test class com.codecool.eshipdiary.controller.LoginControllerTest
