Tue May 15 15:51:35 UTC 2018: Database:jdbc:mysql://localhost:3306/unittests
Tue May 15 15:51:35 UTC 2018: Starting
Tue May 15 15:51:36 UTC 2018: Found element on the queue
Tue May 15 15:51:36 UTC 2018: Updating status
Tue May 15 15:51:36 UTC 2018: Working
Tue May 15 15:51:36 UTC 2018: Create project parser
Tue May 15 15:51:40 UTC 2018: Create slicer
Tue May 15 15:51:43 UTC 2018: Create call graph
Tue May 15 15:51:47 UTC 2018: Create point analysis
Tue May 15 15:51:47 UTC 2018: Create call graph done
Tue May 15 15:51:47 UTC 2018: Start edgar615__javase-study test class com.edgar.assertj.generator.PlayerTest
Tue May 15 15:51:47 UTC 2018: Setting lastTestMethodIndex: 37181
Tue May 15 15:51:47 UTC 2018: Starting linking
Tue May 15 15:51:47 UTC 2018: No link for: com.edgar.assertj.generator.PlayerTest-testPlayer
Tue May 15 15:51:47 UTC 2018: Linking done for edgar615__javase-study test class com.edgar.assertj.generator.PlayerTest
Tue May 15 15:51:47 UTC 2018: Found element on the queue
Tue May 15 15:51:47 UTC 2018: Updating status
Tue May 15 15:51:47 UTC 2018: Working
Tue May 15 15:51:47 UTC 2018: Create project parser
Tue May 15 15:51:50 UTC 2018: Start edgar615__javase-study test class chars.CharArrayReaderTest
Tue May 15 15:51:50 UTC 2018: Setting lastTestMethodIndex: 37183
Tue May 15 15:51:50 UTC 2018: Starting linking
Tue May 15 15:51:50 UTC 2018: No link for: chars.CharArrayReaderTest-testReadChars
Tue May 15 15:51:50 UTC 2018: No link for: chars.CharArrayReaderTest-testDefault
Tue May 15 15:51:50 UTC 2018: No link for: chars.CharArrayReaderTest-testReadCharsOffLen2
Tue May 15 15:51:50 UTC 2018: No link for: chars.CharArrayReaderTest-testReadCharsOffLen
Tue May 15 15:51:50 UTC 2018: Linking done for edgar615__javase-study test class chars.CharArrayReaderTest
Tue May 15 15:51:51 UTC 2018: Found element on the queue
Tue May 15 15:51:51 UTC 2018: Updating status
Tue May 15 15:51:51 UTC 2018: Working
Tue May 15 15:51:54 UTC 2018: Start edgar615__javase-study test class chars.OutputStreamWriterTest
Tue May 15 15:51:54 UTC 2018: Setting lastTestMethodIndex: 37185
Tue May 15 15:51:54 UTC 2018: Starting linking
Tue May 15 15:51:54 UTC 2018: No link for: chars.OutputStreamWriterTest-testWrite
Tue May 15 15:51:54 UTC 2018: Linking done for edgar615__javase-study test class chars.OutputStreamWriterTest
Tue May 15 15:51:54 UTC 2018: Found element on the queue
Tue May 15 15:51:54 UTC 2018: Updating status
Tue May 15 15:51:54 UTC 2018: Working
Tue May 15 15:51:57 UTC 2018: Start edgar615__javase-study test class chars.BufferedWriterTest
Tue May 15 15:51:57 UTC 2018: Setting lastTestMethodIndex: 37187
Tue May 15 15:51:57 UTC 2018: Starting linking
Tue May 15 15:51:57 UTC 2018: No link for: chars.BufferedWriterTest-testWriter
Tue May 15 15:51:57 UTC 2018: Linking done for edgar615__javase-study test class chars.BufferedWriterTest
Tue May 15 15:51:57 UTC 2018: Found element on the queue
Tue May 15 15:51:57 UTC 2018: Updating status
Tue May 15 15:51:57 UTC 2018: Working
Tue May 15 15:52:00 UTC 2018: Start edgar615__javase-study test class chars.StringWriterTest
Tue May 15 15:52:00 UTC 2018: Setting lastTestMethodIndex: 37189
Tue May 15 15:52:00 UTC 2018: Starting linking
Tue May 15 15:52:00 UTC 2018: No link for: chars.StringWriterTest-testWriter
Tue May 15 15:52:00 UTC 2018: Linking done for edgar615__javase-study test class chars.StringWriterTest
Tue May 15 15:52:01 UTC 2018: Found element on the queue
Tue May 15 15:52:01 UTC 2018: Updating status
Tue May 15 15:52:01 UTC 2018: Working
Tue May 15 15:52:03 UTC 2018: Start edgar615__javase-study test class chars.CharArrayWriterTest
Tue May 15 15:52:03 UTC 2018: Setting lastTestMethodIndex: 37190
Tue May 15 15:52:03 UTC 2018: Starting linking
Tue May 15 15:52:03 UTC 2018: No link for: chars.CharArrayWriterTest-testWriteInt
Tue May 15 15:52:03 UTC 2018: No link for: chars.CharArrayWriterTest-testWriteChars
Tue May 15 15:52:03 UTC 2018: No link for: chars.CharArrayWriterTest-testWriteOffLen
Tue May 15 15:52:04 UTC 2018: Linking done for edgar615__javase-study test class chars.CharArrayWriterTest
Tue May 15 15:52:04 UTC 2018: Found element on the queue
Tue May 15 15:52:04 UTC 2018: Updating status
Tue May 15 15:52:04 UTC 2018: Working
Tue May 15 15:52:06 UTC 2018: Start edgar615__javase-study test class chars.FileWriterTest
Tue May 15 15:52:06 UTC 2018: Setting lastTestMethodIndex: 37192
Tue May 15 15:52:06 UTC 2018: Starting linking
Tue May 15 15:52:06 UTC 2018: No link for: chars.FileWriterTest-testWrite
Tue May 15 15:52:06 UTC 2018: Linking done for edgar615__javase-study test class chars.FileWriterTest
Tue May 15 15:52:07 UTC 2018: Found element on the queue
Tue May 15 15:52:07 UTC 2018: Updating status
Tue May 15 15:52:07 UTC 2018: Working
Tue May 15 15:52:09 UTC 2018: Start edgar615__javase-study test class chars.StringReaderTest
Tue May 15 15:52:09 UTC 2018: Setting lastTestMethodIndex: 37194
Tue May 15 15:52:09 UTC 2018: Starting linking
Tue May 15 15:52:09 UTC 2018: No link for: chars.StringReaderTest-testRead
Tue May 15 15:52:09 UTC 2018: Linking done for edgar615__javase-study test class chars.StringReaderTest
Tue May 15 15:52:10 UTC 2018: Found element on the queue
Tue May 15 15:52:10 UTC 2018: Updating status
Tue May 15 15:52:10 UTC 2018: Working
Tue May 15 15:52:12 UTC 2018: Start edgar615__javase-study test class bytes.ObjectStreamTest
Tue May 15 15:52:12 UTC 2018: Setting lastTestMethodIndex: 37196
Tue May 15 15:52:12 UTC 2018: Starting linking
Tue May 15 15:52:12 UTC 2018: No link for: bytes.ObjectStreamTest-testRead
Tue May 15 15:52:12 UTC 2018: No link for: bytes.ObjectStreamTest-testWrite
Tue May 15 15:52:13 UTC 2018: Linking done for edgar615__javase-study test class bytes.ObjectStreamTest
Tue May 15 15:52:13 UTC 2018: Found element on the queue
Tue May 15 15:52:13 UTC 2018: Updating status
Tue May 15 15:52:13 UTC 2018: Working
Tue May 15 15:52:15 UTC 2018: Start edgar615__javase-study test class bytes.ByteOutputStreamTest
Tue May 15 15:52:15 UTC 2018: Setting lastTestMethodIndex: 37198
Tue May 15 15:52:15 UTC 2018: Starting linking
Tue May 15 15:52:15 UTC 2018: No link for: bytes.ByteOutputStreamTest-testWriteOffLen
Tue May 15 15:52:15 UTC 2018: No link for: bytes.ByteOutputStreamTest-testWriteBytes
Tue May 15 15:52:16 UTC 2018: No link for: bytes.ByteOutputStreamTest-testWriteInt
Tue May 15 15:52:16 UTC 2018: Linking done for edgar615__javase-study test class bytes.ByteOutputStreamTest
Tue May 15 15:52:16 UTC 2018: Found element on the queue
Tue May 15 15:52:16 UTC 2018: Updating status
Tue May 15 15:52:16 UTC 2018: Working
Tue May 15 15:52:18 UTC 2018: Start edgar615__javase-study test class bytes.RandomAccessFileTest
Tue May 15 15:52:18 UTC 2018: Setting lastTestMethodIndex: 37200
Tue May 15 15:52:18 UTC 2018: Starting linking
Tue May 15 15:52:18 UTC 2018: No link for: bytes.RandomAccessFileTest-testRandomWrite
Tue May 15 15:52:19 UTC 2018: No link for: bytes.RandomAccessFileTest-testRandomReadSkip
Tue May 15 15:52:19 UTC 2018: No link for: bytes.RandomAccessFileTest-testRandomRead
Tue May 15 15:52:19 UTC 2018: Linking done for edgar615__javase-study test class bytes.RandomAccessFileTest
Tue May 15 15:52:19 UTC 2018: Found element on the queue
Tue May 15 15:52:19 UTC 2018: Updating status
Tue May 15 15:52:19 UTC 2018: Working
Tue May 15 15:52:22 UTC 2018: Start edgar615__javase-study test class bytes.DataInputStreamTest
Tue May 15 15:52:22 UTC 2018: Setting lastTestMethodIndex: 37202
Tue May 15 15:52:22 UTC 2018: Starting linking
Tue May 15 15:52:22 UTC 2018: No link for: bytes.DataInputStreamTest-write
Tue May 15 15:52:22 UTC 2018: No link for: bytes.DataInputStreamTest-read
Tue May 15 15:52:22 UTC 2018: Linking done for edgar615__javase-study test class bytes.DataInputStreamTest
Tue May 15 15:52:22 UTC 2018: Found element on the queue
Tue May 15 15:52:22 UTC 2018: Updating status
Tue May 15 15:52:22 UTC 2018: Working
Tue May 15 15:52:25 UTC 2018: Start edgar615__javase-study test class bytes.ByteInputStreamTest
Tue May 15 15:52:25 UTC 2018: Setting lastTestMethodIndex: 37204
Tue May 15 15:52:25 UTC 2018: Starting linking
Tue May 15 15:52:25 UTC 2018: No link for: bytes.ByteInputStreamTest-testReadByteOffLen2
Tue May 15 15:52:25 UTC 2018: No link for: bytes.ByteInputStreamTest-testDefault
Tue May 15 15:52:25 UTC 2018: No link for: bytes.ByteInputStreamTest-testReadByte
Tue May 15 15:52:25 UTC 2018: No link for: bytes.ByteInputStreamTest-testReadByteOffLen
Tue May 15 15:52:25 UTC 2018: Linking done for edgar615__javase-study test class bytes.ByteInputStreamTest
Tue May 15 15:52:26 UTC 2018: Found element on the queue
Tue May 15 15:52:26 UTC 2018: Updating status
Tue May 15 15:52:26 UTC 2018: Working
Tue May 15 15:52:28 UTC 2018: Start edgar615__javase-study test class bytes.PrintStreamTest
Tue May 15 15:52:28 UTC 2018: Setting lastTestMethodIndex: 37206
Tue May 15 15:52:28 UTC 2018: Starting linking
Tue May 15 15:52:28 UTC 2018: No link for: bytes.PrintStreamTest-test
Tue May 15 15:52:28 UTC 2018: No link for: bytes.PrintStreamTest-test2
Tue May 15 15:52:29 UTC 2018: Linking done for edgar615__javase-study test class bytes.PrintStreamTest
Tue May 15 15:52:29 UTC 2018: Found element on the queue
Tue May 15 15:52:29 UTC 2018: Updating status
Tue May 15 15:52:29 UTC 2018: Working
Tue May 15 15:52:29 UTC 2018: Create project parser
Tue May 15 15:52:33 UTC 2018: Start edgar615__javase-study test class bytebuf.ByteBufUtilTest
Tue May 15 15:52:33 UTC 2018: Setting lastTestMethodIndex: 37209
Tue May 15 15:52:33 UTC 2018: Starting linking
Tue May 15 15:52:33 UTC 2018: No link for: bytebuf.ByteBufUtilTest-testHex
Tue May 15 15:52:33 UTC 2018: Linking done for edgar615__javase-study test class bytebuf.ByteBufUtilTest
Tue May 15 15:52:34 UTC 2018: Found element on the queue
Tue May 15 15:52:34 UTC 2018: Updating status
Tue May 15 15:52:34 UTC 2018: Working
Tue May 15 15:52:36 UTC 2018: Start edgar615__javase-study test class bytebuf.ByteBufTest
Tue May 15 15:52:36 UTC 2018: Setting lastTestMethodIndex: 37210
Tue May 15 15:52:36 UTC 2018: Starting linking
Tue May 15 15:52:36 UTC 2018: No link for: bytebuf.ByteBufTest-testDirectBuf
Tue May 15 15:52:36 UTC 2018: No link for: bytebuf.ByteBufTest-testDiscardBytes
Tue May 15 15:52:36 UTC 2018: No link for: bytebuf.ByteBufTest-testHeapBuf
Tue May 15 15:52:37 UTC 2018: No link for: bytebuf.ByteBufTest-testReadWrite1
Tue May 15 15:52:37 UTC 2018: No link for: bytebuf.ByteBufTest-testGetSet
Tue May 15 15:52:37 UTC 2018: No link for: bytebuf.ByteBufTest-testSlice
Tue May 15 15:52:37 UTC 2018: No link for: bytebuf.ByteBufTest-testCompositeBuf
Tue May 15 15:52:37 UTC 2018: No link for: bytebuf.ByteBufTest-testDuplicate2
Tue May 15 15:52:37 UTC 2018: No link for: bytebuf.ByteBufTest-testCapacity
Tue May 15 15:52:37 UTC 2018: No link for: bytebuf.ByteBufTest-testReadWrite
Tue May 15 15:52:38 UTC 2018: No link for: bytebuf.ByteBufTest-testMarkReset
Tue May 15 15:52:38 UTC 2018: No link for: bytebuf.ByteBufTest-testGetByIndex
Tue May 15 15:52:38 UTC 2018: No link for: bytebuf.ByteBufTest-testOrder
Tue May 15 15:52:38 UTC 2018: No link for: bytebuf.ByteBufTest-testReadByIndex
Tue May 15 15:52:38 UTC 2018: No link for: bytebuf.ByteBufTest-testWrite
Tue May 15 15:52:38 UTC 2018: No link for: bytebuf.ByteBufTest-testDuplicate
Tue May 15 15:52:38 UTC 2018: No link for: bytebuf.ByteBufTest-testCopy
Tue May 15 15:52:38 UTC 2018: Linking done for edgar615__javase-study test class bytebuf.ByteBufTest
Tue May 15 15:52:39 UTC 2018: Found element on the queue
Tue May 15 15:52:39 UTC 2018: Updating status
Tue May 15 15:52:39 UTC 2018: Working
Tue May 15 15:52:41 UTC 2018: Start edgar615__javase-study test class unittest.FrameChunkDecoderTest
Tue May 15 15:52:41 UTC 2018: Setting lastTestMethodIndex: 37213
Tue May 15 15:52:41 UTC 2018: Starting linking
Tue May 15 15:52:41 UTC 2018: No link for: unittest.FrameChunkDecoderTest-testFramesDecoded
Tue May 15 15:52:41 UTC 2018: Linking done for edgar615__javase-study test class unittest.FrameChunkDecoderTest
Tue May 15 15:52:42 UTC 2018: Found element on the queue
Tue May 15 15:52:42 UTC 2018: Updating status
Tue May 15 15:52:42 UTC 2018: Working
Tue May 15 15:52:44 UTC 2018: Start edgar615__javase-study test class unittest.UserEncoderTest
Tue May 15 15:52:44 UTC 2018: Setting lastTestMethodIndex: 37215
Tue May 15 15:52:44 UTC 2018: Starting linking
Tue May 15 15:52:44 UTC 2018: No link for: unittest.UserEncoderTest-testEncoder
Tue May 15 15:52:45 UTC 2018: No link for: unittest.UserEncoderTest-testDecoder
Tue May 15 15:52:45 UTC 2018: Linking done for edgar615__javase-study test class unittest.UserEncoderTest
Tue May 15 15:52:45 UTC 2018: Found element on the queue
Tue May 15 15:52:45 UTC 2018: Updating status
Tue May 15 15:52:45 UTC 2018: Working
Tue May 15 15:52:48 UTC 2018: Start edgar615__javase-study test class unittest.FixedLengthFrameDecoderTest
Tue May 15 15:52:48 UTC 2018: Setting lastTestMethodIndex: 37217
Tue May 15 15:52:48 UTC 2018: Starting linking
Tue May 15 15:52:48 UTC 2018: No link for: unittest.FixedLengthFrameDecoderTest-testFramesDecoded1
Tue May 15 15:52:48 UTC 2018: No link for: unittest.FixedLengthFrameDecoderTest-testFramesDecoded2
Tue May 15 15:52:48 UTC 2018: Linking done for edgar615__javase-study test class unittest.FixedLengthFrameDecoderTest
Tue May 15 15:52:48 UTC 2018: Found element on the queue
Tue May 15 15:52:48 UTC 2018: Updating status
Tue May 15 15:52:48 UTC 2018: Working
Tue May 15 15:52:48 UTC 2018: Create project parser
Tue May 15 15:52:51 UTC 2018: Start edgar615__javase-study test class channel.FileChannelTest
Tue May 15 15:52:51 UTC 2018: Setting lastTestMethodIndex: 37219
Tue May 15 15:52:51 UTC 2018: Starting linking
Tue May 15 15:52:51 UTC 2018: No link for: channel.FileChannelTest-testWrite
Tue May 15 15:52:51 UTC 2018: No link for: channel.FileChannelTest-testRead
Tue May 15 15:52:52 UTC 2018: Linking done for edgar615__javase-study test class channel.FileChannelTest
Tue May 15 15:52:52 UTC 2018: Found element on the queue
Tue May 15 15:52:52 UTC 2018: Updating status
Tue May 15 15:52:52 UTC 2018: Working
Tue May 15 15:52:52 UTC 2018: Create project parser
Tue May 15 15:52:55 UTC 2018: Start edgar615__javase-study test class com.edgar.powermockito.testnew.DirectoryStructureTest
Tue May 15 15:52:55 UTC 2018: Setting lastTestMethodIndex: 37221
Tue May 15 15:52:55 UTC 2018: Starting linking
Tue May 15 15:52:55 UTC 2018: Code found com.edgar.powermockito.testnew.DirectoryStructure-create with com.edgar.powermockito.testnew.DirectoryStructureTest-createDirectoryStructureWhenPathDoesntExist
Tue May 15 15:52:55 UTC 2018: No link for: com.edgar.powermockito.testnew.DirectoryStructureTest-createTestObj
Tue May 15 15:52:55 UTC 2018: Linking done for edgar615__javase-study test class com.edgar.powermockito.testnew.DirectoryStructureTest
Tue May 15 15:52:55 UTC 2018: Found element on the queue
Tue May 15 15:52:55 UTC 2018: Updating status
Tue May 15 15:52:55 UTC 2018: Working
Tue May 15 15:52:58 UTC 2018: Start edgar615__javase-study test class com.edgar.powermockito.testprivate.PrivatePartialMockingExampleTest
Tue May 15 15:52:58 UTC 2018: Setting lastTestMethodIndex: 37223
Tue May 15 15:52:58 UTC 2018: Starting linking
Tue May 15 15:52:58 UTC 2018: No link for: com.edgar.powermockito.testprivate.PrivatePartialMockingExampleTest-demoPrivateMethodMocking
Tue May 15 15:52:58 UTC 2018: Linking done for edgar615__javase-study test class com.edgar.powermockito.testprivate.PrivatePartialMockingExampleTest
Tue May 15 15:52:59 UTC 2018: Found element on the queue
Tue May 15 15:52:59 UTC 2018: Updating status
Tue May 15 15:52:59 UTC 2018: Working
Tue May 15 15:52:59 UTC 2018: Create project parser
Tue May 15 15:53:02 UTC 2018: Start edgar615__javase-study test class reflection.PorxyTest
Tue May 15 15:53:02 UTC 2018: Setting lastTestMethodIndex: 37225
Tue May 15 15:53:02 UTC 2018: Starting linking
Tue May 15 15:53:02 UTC 2018: No link for: reflection.PorxyTest-test
Tue May 15 15:53:02 UTC 2018: Linking done for edgar615__javase-study test class reflection.PorxyTest
Tue May 15 15:53:03 UTC 2018: Found element on the queue
Tue May 15 15:53:03 UTC 2018: Updating status
Tue May 15 15:53:03 UTC 2018: Working
Tue May 15 15:53:05 UTC 2018: Start edgar615__javase-study test class reflection.JavaBeanTest
Tue May 15 15:53:05 UTC 2018: Setting lastTestMethodIndex: 37227
Tue May 15 15:53:05 UTC 2018: Starting linking
Tue May 15 15:53:05 UTC 2018: No link for: reflection.JavaBeanTest-testIntrospector
Tue May 15 15:53:05 UTC 2018: No link for: reflection.JavaBeanTest-testPropertyDescriptor
Tue May 15 15:53:05 UTC 2018: Linking done for edgar615__javase-study test class reflection.JavaBeanTest
