Wed May 16 06:16:39 UTC 2018: Database:jdbc:mysql://localhost:3306/unittests
Wed May 16 06:16:39 UTC 2018: Starting
Wed May 16 06:16:40 UTC 2018: Found element on the queue
Wed May 16 06:16:40 UTC 2018: Updating status
Wed May 16 06:16:40 UTC 2018: Working
Wed May 16 06:16:40 UTC 2018: Create project parser
Wed May 16 06:16:51 UTC 2018: Create slicer
Wed May 16 06:16:53 UTC 2018: Create call graph
Wed May 16 06:16:55 UTC 2018: Create point analysis
Wed May 16 06:16:55 UTC 2018: Create call graph done
Wed May 16 06:16:55 UTC 2018: Start motech-implementations__ebodac test class org.motechproject.ebodac.helper.ExportTemplatesHelperTest
Wed May 16 06:16:55 UTC 2018: Setting lastTestMethodIndex: 64765
Wed May 16 06:16:55 UTC 2018: Starting linking
Wed May 16 06:16:55 UTC 2018: No link for: org.motechproject.ebodac.helper.ExportTemplatesHelperTest-shouldSetFromAndToHeadersEmptyWhenNoRecordsExported
Wed May 16 06:16:55 UTC 2018: No link for: org.motechproject.ebodac.helper.ExportTemplatesHelperTest-shouldSetFromAndToHeadersEmptyWhenAllDatesEmpty
Wed May 16 06:16:56 UTC 2018: No link for: org.motechproject.ebodac.helper.ExportTemplatesHelperTest-shouldSetFromAndToHeadersFromLookupByDateRange
Wed May 16 06:16:56 UTC 2018: No link for: org.motechproject.ebodac.helper.ExportTemplatesHelperTest-shouldSetFromHeaderToSmallestNotEmptyDate
Wed May 16 06:16:56 UTC 2018: No link for: org.motechproject.ebodac.helper.ExportTemplatesHelperTest-shouldSetFromAndToHeadersFromLookupByDate
Wed May 16 06:16:57 UTC 2018: Linking done for motech-implementations__ebodac test class org.motechproject.ebodac.helper.ExportTemplatesHelperTest
Wed May 16 06:16:57 UTC 2018: Found element on the queue
Wed May 16 06:16:57 UTC 2018: Updating status
Wed May 16 06:16:57 UTC 2018: Working
Wed May 16 06:17:00 UTC 2018: Start motech-implementations__ebodac test class org.motechproject.ebodac.helper.IvrCallHelperTest
Wed May 16 06:17:00 UTC 2018: Setting lastTestMethodIndex: 64768
Wed May 16 06:17:00 UTC 2018: Starting linking
Wed May 16 06:17:00 UTC 2018: Code found org.motechproject.ebodac.domain.Config-setSendSmsIfVoiceFails with org.motechproject.ebodac.helper.IvrCallHelperTest-shouldSetSendSmsIfVoiceFailsAndDetectVoiceMailParams
Wed May 16 06:17:00 UTC 2018: No link for: org.motechproject.ebodac.helper.IvrCallHelperTest-shouldAddProvidersIdsForAllDuplicatedEnrollments
Wed May 16 06:17:01 UTC 2018: No link for: org.motechproject.ebodac.helper.IvrCallHelperTest-shouldAddAgeRangeMessageCodeIfAgeRangeSpecifiedAndParticipantIsInThisRange
Wed May 16 06:17:01 UTC 2018: No link for: org.motechproject.ebodac.helper.IvrCallHelperTest-shouldNotSendIvrCallWhenSendIvrCallsIsFalse
Wed May 16 06:17:02 UTC 2018: No link for: org.motechproject.ebodac.helper.IvrCallHelperTest-shouldSetOnlyParentEnrollmentProviderIdIfThereAreNoDuplicatedEnrollments
Wed May 16 06:17:02 UTC 2018: No link for: org.motechproject.ebodac.helper.IvrCallHelperTest-shouldThrowExceptionWhenVotoMessageNotFound
Wed May 16 06:17:02 UTC 2018: No link for: org.motechproject.ebodac.helper.IvrCallHelperTest-shouldSendIvrCallWhenDisabledIvrCallsForStagesIsEmpty
Wed May 16 06:17:03 UTC 2018: No link for: org.motechproject.ebodac.helper.IvrCallHelperTest-shouldThrowExceptionWhenSubjectNotFound
Wed May 16 06:17:03 UTC 2018: No link for: org.motechproject.ebodac.helper.IvrCallHelperTest-shouldNotAddAgeRangeMessageCodeIfParticipantIsNotInThisRange
Wed May 16 06:17:04 UTC 2018: No link for: org.motechproject.ebodac.helper.IvrCallHelperTest-shouldNotSendIvrCallWhenDisabledIvrCallsForStagesContainsSubjectStageId
Wed May 16 06:17:04 UTC 2018: No link for: org.motechproject.ebodac.helper.IvrCallHelperTest-shouldSendProperRequestToVoto
Wed May 16 06:17:05 UTC 2018: No link for: org.motechproject.ebodac.helper.IvrCallHelperTest-shouldThrowExceptionWhenVotoLanguageNotFound
Wed May 16 06:17:05 UTC 2018: Linking done for motech-implementations__ebodac test class org.motechproject.ebodac.helper.IvrCallHelperTest
Wed May 16 06:17:05 UTC 2018: Found element on the queue
Wed May 16 06:17:05 UTC 2018: Updating status
Wed May 16 06:17:05 UTC 2018: Working
Wed May 16 06:17:08 UTC 2018: Start motech-implementations__ebodac test class org.motechproject.ebodac.importer.MessageCampaignImporterTest
Wed May 16 06:17:08 UTC 2018: Setting lastTestMethodIndex: 64771
Wed May 16 06:17:08 UTC 2018: Starting linking
Wed May 16 06:17:08 UTC 2018: No link for: org.motechproject.ebodac.importer.MessageCampaignImporterTest-shouldImportMessageCampaignRecords
Wed May 16 06:17:09 UTC 2018: No link for: org.motechproject.ebodac.importer.MessageCampaignImporterTest-shouldNotImportMessageCampaignRecordIfItAlreadyExist
Wed May 16 06:17:09 UTC 2018: Linking done for motech-implementations__ebodac test class org.motechproject.ebodac.importer.MessageCampaignImporterTest
Wed May 16 06:17:10 UTC 2018: Found element on the queue
Wed May 16 06:17:10 UTC 2018: Updating status
Wed May 16 06:17:10 UTC 2018: Working
Wed May 16 06:17:12 UTC 2018: Start motech-implementations__ebodac test class org.motechproject.ebodac.importer.TaskImporterTest
Wed May 16 06:17:12 UTC 2018: Setting lastTestMethodIndex: 64774
Wed May 16 06:17:12 UTC 2018: Starting linking
Wed May 16 06:17:12 UTC 2018: Code found org.motechproject.ebodac.importer.TaskImporter-importTasks with org.motechproject.ebodac.importer.TaskImporterTest-shouldImportTasks
Wed May 16 06:17:13 UTC 2018: No link for: org.motechproject.ebodac.importer.TaskImporterTest-shouldNotImportTaskIfItAlreadyExist
Wed May 16 06:17:13 UTC 2018: Linking done for motech-implementations__ebodac test class org.motechproject.ebodac.importer.TaskImporterTest
Wed May 16 06:17:14 UTC 2018: Found element on the queue
Wed May 16 06:17:14 UTC 2018: Updating status
Wed May 16 06:17:14 UTC 2018: Working
Wed May 16 06:17:16 UTC 2018: Start motech-implementations__ebodac test class org.motechproject.ebodac.scheduler.EbodacSchedulerTest
Wed May 16 06:17:16 UTC 2018: Setting lastTestMethodIndex: 64777
Wed May 16 06:17:16 UTC 2018: Starting linking
Wed May 16 06:17:16 UTC 2018: Code found org.motechproject.ebodac.scheduler.EbodacScheduler-scheduleZetesUpdateJob with org.motechproject.ebodac.scheduler.EbodacSchedulerTest-shouldScheduleZetesUpdateJob
Wed May 16 06:17:17 UTC 2018: Code found org.motechproject.ebodac.scheduler.EbodacScheduler-scheduleDailyReportJob with org.motechproject.ebodac.scheduler.EbodacSchedulerTest-shouldScheduleDailyReportJob
Wed May 16 06:17:17 UTC 2018: Code found org.motechproject.ebodac.scheduler.EbodacScheduler-scheduleEmailCheckJob with org.motechproject.ebodac.scheduler.EbodacSchedulerTest-shouldScheduleEmailCheckJob
Wed May 16 06:17:18 UTC 2018: Code found org.motechproject.ebodac.scheduler.EbodacScheduler-unscheduleEmailCheckJob with org.motechproject.ebodac.scheduler.EbodacSchedulerTest-shouldUnscheduleEmailCheckJob
Wed May 16 06:17:18 UTC 2018: Code found org.motechproject.ebodac.scheduler.EbodacScheduler-unscheduleZetesUpdateJob with org.motechproject.ebodac.scheduler.EbodacSchedulerTest-shouldUnscheduleZetesUpdateJob
Wed May 16 06:17:18 UTC 2018: Code found org.motechproject.ebodac.scheduler.EbodacScheduler-unscheduleDailyReportJob with org.motechproject.ebodac.scheduler.EbodacSchedulerTest-shouldUnscheduleDailyReportJob
Wed May 16 06:17:19 UTC 2018: Linking done for motech-implementations__ebodac test class org.motechproject.ebodac.scheduler.EbodacSchedulerTest
Wed May 16 06:17:19 UTC 2018: Found element on the queue
Wed May 16 06:17:19 UTC 2018: Updating status
Wed May 16 06:17:19 UTC 2018: Working
Wed May 16 06:17:22 UTC 2018: Start motech-implementations__ebodac test class org.motechproject.ebodac.service.EbodacEnrollmentServiceTest
Wed May 16 06:17:22 UTC 2018: Setting lastTestMethodIndex: 64780
Wed May 16 06:17:22 UTC 2018: Starting linking
Wed May 16 06:17:22 UTC 2018: No link for: org.motechproject.ebodac.service.EbodacEnrollmentServiceTest-shouldSetParticipantInitialStatus
Wed May 16 06:17:22 UTC 2018: No link for: org.motechproject.ebodac.service.EbodacEnrollmentServiceTest-shouldSetParticipantWithdrawnFromStudyStatus
Wed May 16 06:17:23 UTC 2018: No link for: org.motechproject.ebodac.service.EbodacEnrollmentServiceTest-shouldSetParticipantEnrolledStatus
Wed May 16 06:17:23 UTC 2018: No link for: org.motechproject.ebodac.service.EbodacEnrollmentServiceTest-shouldSetParticipantCompletedStatus
Wed May 16 06:17:24 UTC 2018: No link for: org.motechproject.ebodac.service.EbodacEnrollmentServiceTest-shouldSetParticipantUnenrolledStatus
Wed May 16 06:17:24 UTC 2018: No link for: org.motechproject.ebodac.service.EbodacEnrollmentServiceTest-shouldNotSetParticipantUnenrolledFormBoosterStatus
Wed May 16 06:17:24 UTC 2018: Linking done for motech-implementations__ebodac test class org.motechproject.ebodac.service.EbodacEnrollmentServiceTest
Wed May 16 06:17:25 UTC 2018: Found element on the queue
Wed May 16 06:17:25 UTC 2018: Updating status
Wed May 16 06:17:25 UTC 2018: Working
Wed May 16 06:17:27 UTC 2018: Start motech-implementations__ebodac test class org.motechproject.ebodac.service.ReportServiceTest
Wed May 16 06:17:27 UTC 2018: Setting lastTestMethodIndex: 64782
Wed May 16 06:17:27 UTC 2018: Starting linking
Wed May 16 06:17:27 UTC 2018: Code found org.motechproject.ebodac.service.impl.ReportServiceImpl-generateIvrAndSmsStatisticReports with org.motechproject.ebodac.service.ReportServiceTest-shouldGenerateIvrAndSmsStatisticReportsForAllRecordsIfLastCalculationDateIsEmpty
Wed May 16 06:17:28 UTC 2018: Code found org.motechproject.ebodac.service.impl.ReportServiceImpl-generateIvrAndSmsStatisticReports with org.motechproject.ebodac.service.ReportServiceTest-shouldGenerateIvrAndSmsStatisticReportsFromLastCalculationDate
Wed May 16 06:17:28 UTC 2018: No link for: org.motechproject.ebodac.service.ReportServiceTest-shouldNotCreateReportsWhenTooMuchRecordsWithFinishedStatus
Wed May 16 06:17:29 UTC 2018: No link for: org.motechproject.ebodac.service.ReportServiceTest-shouldUpdateDailyReports
Wed May 16 06:17:29 UTC 2018: No link for: org.motechproject.ebodac.service.ReportServiceTest-shouldAddReportToUpdateListIfSmsHasNoFinishedStatus
Wed May 16 06:17:29 UTC 2018: No link for: org.motechproject.ebodac.service.ReportServiceTest-shouldCreateReportsForAllSubjectsInTheList
Wed May 16 06:17:30 UTC 2018: No link for: org.motechproject.ebodac.service.ReportServiceTest-shouldNotCreateReportsWhenNoProviderTimestampFoundForFinishedRecord
Wed May 16 06:17:30 UTC 2018: No link for: org.motechproject.ebodac.service.ReportServiceTest-shouldNotCreateReportsWhenSubjectIdsIsEmptyOrNoSubjectsFound
Wed May 16 06:17:31 UTC 2018: No link for: org.motechproject.ebodac.service.ReportServiceTest-shouldSetAllDataAndGetReceivedDateFromFinishedRecordForCallAndSms
Wed May 16 06:17:31 UTC 2018: No link for: org.motechproject.ebodac.service.ReportServiceTest-shouldUseReportStartDateIfLastReportDateIsNull
Wed May 16 06:17:32 UTC 2018: No link for: org.motechproject.ebodac.service.ReportServiceTest-shouldNotCreateReportsWhenSmsSentAndThereAreNoFailedCallRecord
Wed May 16 06:17:32 UTC 2018: No link for: org.motechproject.ebodac.service.ReportServiceTest-shouldGenerateNewReports
Wed May 16 06:17:32 UTC 2018: No link for: org.motechproject.ebodac.service.ReportServiceTest-shouldNotAddSmsReceivedDateIfSmsSentButHasNoFinishedRecord
Wed May 16 06:17:33 UTC 2018: No link for: org.motechproject.ebodac.service.ReportServiceTest-shouldNotCreateReportsWhenNoSmsSentAndThereAreNoFinishedCallRecord
Wed May 16 06:17:33 UTC 2018: No link for: org.motechproject.ebodac.service.ReportServiceTest-shouldStartGenerateFromOldestVaccinationDay
Wed May 16 06:17:34 UTC 2018: No link for: org.motechproject.ebodac.service.ReportServiceTest-shouldNotCreateReportsWhenProviderCallIdOrProviderExtraDataAreEmpty
Wed May 16 06:17:34 UTC 2018: No link for: org.motechproject.ebodac.service.ReportServiceTest-shouldUpdateReports
Wed May 16 06:17:34 UTC 2018: No link for: org.motechproject.ebodac.service.ReportServiceTest-shouldGenerateDailyReports
Wed May 16 06:17:35 UTC 2018: Linking done for motech-implementations__ebodac test class org.motechproject.ebodac.service.ReportServiceTest
Wed May 16 06:17:35 UTC 2018: Found element on the queue
Wed May 16 06:17:35 UTC 2018: Updating status
Wed May 16 06:17:35 UTC 2018: Working
Wed May 16 06:17:38 UTC 2018: Start motech-implementations__ebodac test class org.motechproject.ebodac.template.ReportTemplateTest
Wed May 16 06:17:38 UTC 2018: Setting lastTestMethodIndex: 64785
Wed May 16 06:17:38 UTC 2018: Starting linking
Wed May 16 06:17:38 UTC 2018: Code found org.motechproject.ebodac.template.PdfReportBTemplate-setAdditionalCellValues with org.motechproject.ebodac.template.ReportTemplateTest-shouldCreatePdfReportBTemplateAndSetAdditionalCellValues
Wed May 16 06:17:38 UTC 2018: No link for: org.motechproject.ebodac.template.ReportTemplateTest-shouldCreateXlsReportATemplateAndSetAdditionalCellValues
Wed May 16 06:17:39 UTC 2018: No link for: org.motechproject.ebodac.template.ReportTemplateTest-shouldCreatePdfReportATemplateAndSetAdditionalCellValues
Wed May 16 06:17:39 UTC 2018: No link for: org.motechproject.ebodac.template.ReportTemplateTest-shouldCreateXlsReportBTemplateAndSetAdditionalCellValues
Wed May 16 06:17:39 UTC 2018: Linking done for motech-implementations__ebodac test class org.motechproject.ebodac.template.ReportTemplateTest
Wed May 16 06:17:40 UTC 2018: Found element on the queue
Wed May 16 06:17:40 UTC 2018: Updating status
Wed May 16 06:17:40 UTC 2018: Working
Wed May 16 06:17:42 UTC 2018: Start motech-implementations__ebodac test class org.motechproject.ebodac.validation.ValidationTest
Wed May 16 06:17:42 UTC 2018: Setting lastTestMethodIndex: 64786
Wed May 16 06:17:42 UTC 2018: Starting linking
Wed May 16 06:17:42 UTC 2018: No link for: org.motechproject.ebodac.validation.ValidationTest-testLanguageCodeValidation
Wed May 16 06:17:43 UTC 2018: No link for: org.motechproject.ebodac.validation.ValidationTest-testSubjectIdValidation
Wed May 16 06:17:43 UTC 2018: No link for: org.motechproject.ebodac.validation.ValidationTest-testValuesWithNumbers
Wed May 16 06:17:44 UTC 2018: No link for: org.motechproject.ebodac.validation.ValidationTest-testSubmitRequestNullValuesValidation
Wed May 16 06:17:44 UTC 2018: Linking done for motech-implementations__ebodac test class org.motechproject.ebodac.validation.ValidationTest
Wed May 16 06:17:44 UTC 2018: Found element on the queue
Wed May 16 06:17:44 UTC 2018: Updating status
Wed May 16 06:17:44 UTC 2018: Working
Wed May 16 06:17:47 UTC 2018: Start motech-implementations__ebodac test class org.motechproject.ebodac.web.RaveControllerTest
Wed May 16 06:17:47 UTC 2018: Setting lastTestMethodIndex: 64787
Wed May 16 06:17:47 UTC 2018: Starting linking
Wed May 16 06:17:47 UTC 2018: Code found org.motechproject.ebodac.web.RaveController-fetchCsv with org.motechproject.ebodac.web.RaveControllerTest-shouldFetchCsvWithoutStartDate
Wed May 16 06:17:47 UTC 2018: Code found org.motechproject.ebodac.web.RaveController-fetchCsv with org.motechproject.ebodac.web.RaveControllerTest-shouldFetchCsvFormStartDate
Wed May 16 06:17:48 UTC 2018: Code found org.motechproject.ebodac.web.RaveController-fetchCsv with org.motechproject.ebodac.web.RaveControllerTest-shouldNotFetchCsvWhenStartDateMalformed
Wed May 16 06:17:48 UTC 2018: Linking done for motech-implementations__ebodac test class org.motechproject.ebodac.web.RaveControllerTest
Wed May 16 06:17:49 UTC 2018: Found element on the queue
Wed May 16 06:17:49 UTC 2018: Updating status
Wed May 16 06:17:49 UTC 2018: Working
Wed May 16 06:17:51 UTC 2018: Start motech-implementations__ebodac test class org.motechproject.ebodac.web.ZetesControllerTest
Wed May 16 06:17:51 UTC 2018: Setting lastTestMethodIndex: 64790
Wed May 16 06:17:51 UTC 2018: Starting linking
Wed May 16 06:17:51 UTC 2018: No link for: org.motechproject.ebodac.web.ZetesControllerTest-shouldGenerateSubjectFromZetes
Wed May 16 06:17:52 UTC 2018: Linking done for motech-implementations__ebodac test class org.motechproject.ebodac.web.ZetesControllerTest
