Tue May 15 14:24:32 UTC 2018: Database:jdbc:mysql://localhost:3306/unittests
Tue May 15 14:24:33 UTC 2018: Starting
Tue May 15 14:24:34 UTC 2018: Found element on the queue
Tue May 15 14:24:34 UTC 2018: Updating status
Tue May 15 14:24:34 UTC 2018: Working
Tue May 15 14:24:34 UTC 2018: Create project parser
Tue May 15 14:24:44 UTC 2018: Create slicer
Tue May 15 14:24:47 UTC 2018: Create call graph
Tue May 15 14:24:51 UTC 2018: Create point analysis
Tue May 15 14:24:51 UTC 2018: Create call graph done
Tue May 15 14:24:51 UTC 2018: Start derz0st__Railway test class epam.railway.entities.comparators.TicketDateComparatorTest
Tue May 15 14:24:51 UTC 2018: Setting lastTestMethodIndex: 35362
Tue May 15 14:24:51 UTC 2018: Starting linking
Tue May 15 14:24:51 UTC 2018: Code found epam.railway.entities.comparators.TicketDateComparator-compare with epam.railway.entities.comparators.TicketDateComparatorTest-compareWithEqualsDateAndDifferentTime
Tue May 15 14:24:51 UTC 2018: Code found epam.railway.entities.comparators.TicketDateComparator-compare with epam.railway.entities.comparators.TicketDateComparatorTest-compareWithNullPointer
Tue May 15 14:24:51 UTC 2018: Code found epam.railway.entities.comparators.TicketDateComparator-compare with epam.railway.entities.comparators.TicketDateComparatorTest-compareFirstBigger
Tue May 15 14:24:51 UTC 2018: Code found epam.railway.entities.comparators.TicketDateComparator-compare with epam.railway.entities.comparators.TicketDateComparatorTest-compareFirstLess
Tue May 15 14:24:51 UTC 2018: Code found epam.railway.entities.comparators.TicketDateComparator-compare with epam.railway.entities.comparators.TicketDateComparatorTest-compareEqualsTicketDates
Tue May 15 14:24:51 UTC 2018: Linking done for derz0st__Railway test class epam.railway.entities.comparators.TicketDateComparatorTest
Tue May 15 14:24:52 UTC 2018: Found element on the queue
Tue May 15 14:24:52 UTC 2018: Updating status
Tue May 15 14:24:52 UTC 2018: Working
Tue May 15 14:24:55 UTC 2018: Start derz0st__Railway test class epam.railway.dao.implementation.DaoTicketTest
Tue May 15 14:24:56 UTC 2018: Setting lastTestMethodIndex: 35365
Tue May 15 14:24:56 UTC 2018: Starting linking
Tue May 15 14:24:56 UTC 2018: Code found epam.railway.dao.implementation.DaoTicket-findByUserid with epam.railway.dao.implementation.DaoTicketTest-findByUseridFewTickets
Tue May 15 14:24:56 UTC 2018: Code found epam.railway.dao.implementation.DaoTicket-findByReturnStatus with epam.railway.dao.implementation.DaoTicketTest-findByReturnStatusNoTickets
Tue May 15 14:24:56 UTC 2018: Code found epam.railway.dao.implementation.DaoTicket-findByTicketid with epam.railway.dao.implementation.DaoTicketTest-findByTicketid
Tue May 15 14:24:56 UTC 2018: Code found epam.railway.dao.implementation.DaoTicket-returnByTicketId with epam.railway.dao.implementation.DaoTicketTest-returnByTicketId
Tue May 15 14:24:56 UTC 2018: Code found epam.railway.dao.implementation.DaoTicket-deleteByTicketId with epam.railway.dao.implementation.DaoTicketTest-deleteByTicketId
Tue May 15 14:24:56 UTC 2018: Code found epam.railway.dao.implementation.DaoTicket-addTicket with epam.railway.dao.implementation.DaoTicketTest-addTicket
Tue May 15 14:24:56 UTC 2018: Code found epam.railway.dao.implementation.DaoTicket-findByUserid with epam.railway.dao.implementation.DaoTicketTest-findByUseridNoTickets
Tue May 15 14:24:56 UTC 2018: Code found epam.railway.dao.implementation.DaoTicket-findByTicketid with epam.railway.dao.implementation.DaoTicketTest-findByTicketidNotExistedTicket
Tue May 15 14:24:56 UTC 2018: Linking done for derz0st__Railway test class epam.railway.dao.implementation.DaoTicketTest
Tue May 15 14:24:57 UTC 2018: Found element on the queue
Tue May 15 14:24:57 UTC 2018: Updating status
Tue May 15 14:24:57 UTC 2018: Working
Tue May 15 14:25:00 UTC 2018: Start derz0st__Railway test class epam.railway.dao.implementation.DaoStationTest
Tue May 15 14:25:00 UTC 2018: Setting lastTestMethodIndex: 35369
Tue May 15 14:25:00 UTC 2018: Starting linking
Tue May 15 14:25:01 UTC 2018: Code found epam.railway.dao.implementation.DaoStation-findByTrainNumber with epam.railway.dao.implementation.DaoStationTest-findByTrainNumberNotExistedStations
Tue May 15 14:25:01 UTC 2018: Code found epam.railway.dao.implementation.DaoStation-findByTrainNumber with epam.railway.dao.implementation.DaoStationTest-findByTrainNumberFewStations
Tue May 15 14:25:01 UTC 2018: Linking done for derz0st__Railway test class epam.railway.dao.implementation.DaoStationTest
Tue May 15 14:25:02 UTC 2018: Found element on the queue
Tue May 15 14:25:02 UTC 2018: Updating status
Tue May 15 14:25:02 UTC 2018: Working
Tue May 15 14:25:05 UTC 2018: Start derz0st__Railway test class epam.railway.dao.implementation.DaoTrainTicketsOnDateTest
Tue May 15 14:25:05 UTC 2018: Setting lastTestMethodIndex: 35372
Tue May 15 14:25:05 UTC 2018: Starting linking
Tue May 15 14:25:05 UTC 2018: Code found epam.railway.dao.implementation.DaoTrainTicketsOnDate-descBusySeatsByTrainNumberAndDate with epam.railway.dao.implementation.DaoTrainTicketsOnDateTest-descBusySeatsByTrainNumberAndDate
Tue May 15 14:25:05 UTC 2018: Code found epam.railway.dao.implementation.DaoTrainTicketsOnDate-addTrainOnDate with epam.railway.dao.implementation.DaoTrainTicketsOnDateTest-addTrainOnDate
Tue May 15 14:25:05 UTC 2018: Code found epam.railway.dao.implementation.DaoTrainTicketsOnDate-findByTrainNumberAndDate with epam.railway.dao.implementation.DaoTrainTicketsOnDateTest-findByTrainNumberAndDate
Tue May 15 14:25:05 UTC 2018: Code found epam.railway.dao.implementation.DaoTrainTicketsOnDate-incBusySeatsByTrainNumberAndDate with epam.railway.dao.implementation.DaoTrainTicketsOnDateTest-incBusySeatsByTrainNumberAndDate
Tue May 15 14:25:05 UTC 2018: Linking done for derz0st__Railway test class epam.railway.dao.implementation.DaoTrainTicketsOnDateTest
Tue May 15 14:25:07 UTC 2018: Found element on the queue
Tue May 15 14:25:07 UTC 2018: Updating status
Tue May 15 14:25:07 UTC 2018: Working
Tue May 15 14:25:11 UTC 2018: Start derz0st__Railway test class epam.railway.dao.implementation.DaoUserTest
Tue May 15 14:25:11 UTC 2018: Setting lastTestMethodIndex: 35375
Tue May 15 14:25:11 UTC 2018: Starting linking
Tue May 15 14:25:11 UTC 2018: Code found epam.railway.dao.implementation.DaoUser-update with epam.railway.dao.implementation.DaoUserTest-update
Tue May 15 14:25:11 UTC 2018: Code found epam.railway.dao.implementation.DaoUser-findByEmail with epam.railway.dao.implementation.DaoUserTest-findByEmailWithUnexistedEmail
Tue May 15 14:25:11 UTC 2018: Code found epam.railway.dao.implementation.DaoUser-findByEmailAndPassword with epam.railway.dao.implementation.DaoUserTest-findByEmailAndPasswordNotExistedUser
Tue May 15 14:25:11 UTC 2018: Code found epam.railway.dao.implementation.DaoUser-blockById with epam.railway.dao.implementation.DaoUserTest-blockById
Tue May 15 14:25:12 UTC 2018: Code found epam.railway.dao.implementation.DaoUser-findAllNotAdmin with epam.railway.dao.implementation.DaoUserTest-findAllNotAdminFerUsers
Tue May 15 14:25:12 UTC 2018: Code found epam.railway.dao.implementation.DaoUser-findById with epam.railway.dao.implementation.DaoUserTest-findByIdNotAdminNotBlocked
Tue May 15 14:25:12 UTC 2018: Code found epam.railway.dao.implementation.DaoUser-findById with epam.railway.dao.implementation.DaoUserTest-findByIdNotExistedUser
Tue May 15 14:25:12 UTC 2018: Code found epam.railway.dao.implementation.DaoUser-addUser with epam.railway.dao.implementation.DaoUserTest-addUser
Tue May 15 14:25:12 UTC 2018: Code found epam.railway.dao.implementation.DaoUser-findByEmail with epam.railway.dao.implementation.DaoUserTest-findByEmailWithExistedEmail
Tue May 15 14:25:12 UTC 2018: Code found epam.railway.dao.implementation.DaoUser-findByEmailAndPassword with epam.railway.dao.implementation.DaoUserTest-findByEmailAndPasswordNotAdminNotBlocked
Tue May 15 14:25:12 UTC 2018: Code found epam.railway.dao.implementation.DaoUser-findAllNotAdmin with epam.railway.dao.implementation.DaoUserTest-findAllNotAdminZeroUsers
Tue May 15 14:25:12 UTC 2018: Code found epam.railway.dao.implementation.DaoUser-blockById with epam.railway.dao.implementation.DaoUserTest-unblockById
Tue May 15 14:25:12 UTC 2018: Linking done for derz0st__Railway test class epam.railway.dao.implementation.DaoUserTest
