Tue May 15 16:38:41 UTC 2018: Database:jdbc:mysql://localhost:3306/unittests
Tue May 15 16:38:41 UTC 2018: Starting
Tue May 15 16:38:42 UTC 2018: Found element on the queue
Tue May 15 16:38:42 UTC 2018: Updating status
Tue May 15 16:38:42 UTC 2018: Working
Tue May 15 16:38:42 UTC 2018: Create project parser
Tue May 15 16:38:48 UTC 2018: Create slicer
Tue May 15 16:38:50 UTC 2018: Create call graph
Tue May 15 16:38:52 UTC 2018: Create point analysis
Tue May 15 16:38:52 UTC 2018: Create call graph done
Tue May 15 16:38:52 UTC 2018: Start europeana__uim-core test class eu.europeana.uim.logging.LoggingEngineAdapterTest
Tue May 15 16:38:52 UTC 2018: Setting lastTestMethodIndex: 38619
Tue May 15 16:38:52 UTC 2018: Starting linking
Tue May 15 16:38:52 UTC 2018: No link for: eu.europeana.uim.logging.LoggingEngineAdapterTest-testLongAdapter
Tue May 15 16:38:52 UTC 2018: Linking done for europeana__uim-core test class eu.europeana.uim.logging.LoggingEngineAdapterTest
Tue May 15 16:38:52 UTC 2018: Found element on the queue
Tue May 15 16:38:52 UTC 2018: Updating status
Tue May 15 16:38:52 UTC 2018: Working
Tue May 15 16:38:55 UTC 2018: Start europeana__uim-core test class eu.europeana.uim.storage.StorageEngineAdapterTest
Tue May 15 16:38:55 UTC 2018: Setting lastTestMethodIndex: 38621
Tue May 15 16:38:55 UTC 2018: Starting linking
Tue May 15 16:38:55 UTC 2018: No link for: eu.europeana.uim.storage.StorageEngineAdapterTest-testStorageAdapterNoop
Tue May 15 16:38:55 UTC 2018: Linking done for europeana__uim-core test class eu.europeana.uim.storage.StorageEngineAdapterTest
Tue May 15 16:38:56 UTC 2018: Found element on the queue
Tue May 15 16:38:56 UTC 2018: Updating status
Tue May 15 16:38:56 UTC 2018: Working
Tue May 15 16:38:58 UTC 2018: Start europeana__uim-core test class eu.europeana.uim.util.CollectionBatchWorkflowStartTest
Tue May 15 16:38:58 UTC 2018: Setting lastTestMethodIndex: 38623
Tue May 15 16:38:58 UTC 2018: Starting linking
Tue May 15 16:38:58 UTC 2018: No link for: eu.europeana.uim.util.CollectionBatchWorkflowStartTest-testInitialization
Tue May 15 16:38:58 UTC 2018: Linking done for europeana__uim-core test class eu.europeana.uim.util.CollectionBatchWorkflowStartTest
Tue May 15 16:38:59 UTC 2018: Found element on the queue
Tue May 15 16:38:59 UTC 2018: Updating status
Tue May 15 16:38:59 UTC 2018: Working
Tue May 15 16:38:59 UTC 2018: Create project parser
Tue May 15 16:39:02 UTC 2018: Start europeana__uim-core test class eu.europeana.uim.common.utils.TestDateUtils
Tue May 15 16:39:02 UTC 2018: Setting lastTestMethodIndex: 38625
Tue May 15 16:39:02 UTC 2018: Starting linking
Tue May 15 16:39:02 UTC 2018: Code found eu.europeana.uim.common.utils.DateUtils-parse with eu.europeana.uim.common.utils.TestDateUtils-testParseDate
Tue May 15 16:39:02 UTC 2018: Linking done for europeana__uim-core test class eu.europeana.uim.common.utils.TestDateUtils
Tue May 15 16:39:03 UTC 2018: Found element on the queue
Tue May 15 16:39:03 UTC 2018: Updating status
Tue May 15 16:39:03 UTC 2018: Working
Tue May 15 16:39:05 UTC 2018: Start europeana__uim-core test class eu.europeana.uim.common.utils.TestArrayUtils
Tue May 15 16:39:05 UTC 2018: Setting lastTestMethodIndex: 38627
Tue May 15 16:39:05 UTC 2018: Starting linking
Tue May 15 16:39:05 UTC 2018: Code found eu.europeana.uim.common.utils.ArrayUtils-batches with eu.europeana.uim.common.utils.TestArrayUtils-testLongBatches
Tue May 15 16:39:05 UTC 2018: Code found eu.europeana.uim.common.utils.ArrayUtils-batches with eu.europeana.uim.common.utils.TestArrayUtils-testLongObjectBatches
Tue May 15 16:39:06 UTC 2018: Code found eu.europeana.uim.common.utils.ArrayUtils-batches with eu.europeana.uim.common.utils.TestArrayUtils-testIntegerBatches
Tue May 15 16:39:06 UTC 2018: Code found eu.europeana.uim.common.utils.ArrayUtils-batches with eu.europeana.uim.common.utils.TestArrayUtils-testStringBatches
Tue May 15 16:39:06 UTC 2018: Linking done for europeana__uim-core test class eu.europeana.uim.common.utils.TestArrayUtils
Tue May 15 16:39:06 UTC 2018: Found element on the queue
Tue May 15 16:39:06 UTC 2018: Updating status
Tue May 15 16:39:06 UTC 2018: Working
Tue May 15 16:39:09 UTC 2018: Start europeana__uim-core test class eu.europeana.uim.common.utils.TestFileUtils
Tue May 15 16:39:09 UTC 2018: Setting lastTestMethodIndex: 38629
Tue May 15 16:39:09 UTC 2018: Starting linking
Tue May 15 16:39:09 UTC 2018: Code found eu.europeana.uim.common.utils.FileUtils-tail with eu.europeana.uim.common.utils.TestFileUtils-testTail
Tue May 15 16:39:09 UTC 2018: Linking done for europeana__uim-core test class eu.europeana.uim.common.utils.TestFileUtils
Tue May 15 16:39:10 UTC 2018: Found element on the queue
Tue May 15 16:39:10 UTC 2018: Updating status
Tue May 15 16:39:10 UTC 2018: Working
Tue May 15 16:39:12 UTC 2018: Start europeana__uim-core test class eu.europeana.uim.common.progress.ProgressMonitorTest
Tue May 15 16:39:12 UTC 2018: Setting lastTestMethodIndex: 38631
Tue May 15 16:39:12 UTC 2018: Starting linking
Tue May 15 16:39:12 UTC 2018: No link for: eu.europeana.uim.common.progress.ProgressMonitorTest-testMemoryProgressMonitor
Tue May 15 16:39:12 UTC 2018: No link for: eu.europeana.uim.common.progress.ProgressMonitorTest-testLoggingProgressMonitor
Tue May 15 16:39:12 UTC 2018: Linking done for europeana__uim-core test class eu.europeana.uim.common.progress.ProgressMonitorTest
Tue May 15 16:39:13 UTC 2018: Found element on the queue
Tue May 15 16:39:13 UTC 2018: Updating status
Tue May 15 16:39:13 UTC 2018: Working
Tue May 15 16:39:15 UTC 2018: Start europeana__uim-core test class eu.europeana.uim.common.progress.CallbackProgressMonitorTest
Tue May 15 16:39:15 UTC 2018: Setting lastTestMethodIndex: 38633
Tue May 15 16:39:15 UTC 2018: Starting linking
Tue May 15 16:39:15 UTC 2018: No link for: eu.europeana.uim.common.progress.CallbackProgressMonitorTest-testCallbackProgressMonitor
Tue May 15 16:39:16 UTC 2018: Linking done for europeana__uim-core test class eu.europeana.uim.common.progress.CallbackProgressMonitorTest
Tue May 15 16:39:16 UTC 2018: Found element on the queue
Tue May 15 16:39:16 UTC 2018: Updating status
Tue May 15 16:39:16 UTC 2018: Working
Tue May 15 16:39:18 UTC 2018: Start europeana__uim-core test class eu.europeana.uim.common.progress.RevisableProgressMonitorTest
Tue May 15 16:39:18 UTC 2018: Setting lastTestMethodIndex: 38635
Tue May 15 16:39:18 UTC 2018: Starting linking
Tue May 15 16:39:18 UTC 2018: No link for: eu.europeana.uim.common.progress.RevisableProgressMonitorTest-testRevisableProgressMonitor
Tue May 15 16:39:19 UTC 2018: Linking done for europeana__uim-core test class eu.europeana.uim.common.progress.RevisableProgressMonitorTest
Tue May 15 16:39:19 UTC 2018: Found element on the queue
Tue May 15 16:39:19 UTC 2018: Updating status
Tue May 15 16:39:19 UTC 2018: Working
Tue May 15 16:39:19 UTC 2018: Create project parser
Tue May 15 16:39:22 UTC 2018: Start europeana__uim-core test class eu.europeana.uim.orchestration.basic.UIMOrchestratorTest
Tue May 15 16:39:22 UTC 2018: Setting lastTestMethodIndex: 38636
Tue May 15 16:39:22 UTC 2018: Starting linking
Tue May 15 16:39:22 UTC 2018: No link for: eu.europeana.uim.orchestration.basic.UIMOrchestratorTest-testSimplePartlyFailedSetup
Tue May 15 16:39:22 UTC 2018: No link for: eu.europeana.uim.orchestration.basic.UIMOrchestratorTest-testSimpleAdapterSetup
Tue May 15 16:39:22 UTC 2018: No link for: eu.europeana.uim.orchestration.basic.UIMOrchestratorTest-testSimpleFailedSetup
Tue May 15 16:39:22 UTC 2018: No link for: eu.europeana.uim.orchestration.basic.UIMOrchestratorTest-testSavepointSuccess
Tue May 15 16:39:23 UTC 2018: No link for: eu.europeana.uim.orchestration.basic.UIMOrchestratorTest-testResourcesSetup
Tue May 15 16:39:23 UTC 2018: No link for: eu.europeana.uim.orchestration.basic.UIMOrchestratorTest-testSimpleSuccessSetup
Tue May 15 16:39:23 UTC 2018: No link for: eu.europeana.uim.orchestration.basic.UIMOrchestratorTest-testExecutionQueuing
Tue May 15 16:39:23 UTC 2018: No link for: eu.europeana.uim.orchestration.basic.UIMOrchestratorTest-testSimplePluginFailedSetup
Tue May 15 16:39:23 UTC 2018: No link for: eu.europeana.uim.orchestration.basic.UIMOrchestratorTest-testCollectionSuccessSetup
Tue May 15 16:39:23 UTC 2018: Linking done for europeana__uim-core test class eu.europeana.uim.orchestration.basic.UIMOrchestratorTest
Tue May 15 16:39:24 UTC 2018: Found element on the queue
Tue May 15 16:39:24 UTC 2018: Updating status
Tue May 15 16:39:24 UTC 2018: Working
Tue May 15 16:39:24 UTC 2018: Create project parser
Tue May 15 16:39:26 UTC 2018: Start europeana__uim-core test class eu.europeana.uim.storage.memory.MemoryStorageMetaDataRecordTest
Tue May 15 16:39:26 UTC 2018: Setting lastTestMethodIndex: 38638
Tue May 15 16:39:26 UTC 2018: Starting linking
Tue May 15 16:39:26 UTC 2018: No link for: eu.europeana.uim.storage.memory.MemoryStorageMetaDataRecordTest-testMetadataRecord
Tue May 15 16:39:27 UTC 2018: Linking done for europeana__uim-core test class eu.europeana.uim.storage.memory.MemoryStorageMetaDataRecordTest
Tue May 15 16:39:27 UTC 2018: Found element on the queue
Tue May 15 16:39:27 UTC 2018: Updating status
Tue May 15 16:39:27 UTC 2018: Working
Tue May 15 16:39:30 UTC 2018: Start europeana__uim-core test class eu.europeana.uim.storage.memory.MemoryResourceEngineTest
Tue May 15 16:39:30 UTC 2018: Setting lastTestMethodIndex: 38640
Tue May 15 16:39:30 UTC 2018: Starting linking
Tue May 15 16:39:30 UTC 2018: Linking done for europeana__uim-core test class eu.europeana.uim.storage.memory.MemoryResourceEngineTest
