Tue May 15 14:41:14 UTC 2018: Database:jdbc:mysql://localhost:3306/unittests
Tue May 15 14:41:15 UTC 2018: Starting
Tue May 15 14:41:15 UTC 2018: Found element on the queue
Tue May 15 14:41:15 UTC 2018: Updating status
Tue May 15 14:41:15 UTC 2018: Working
Tue May 15 14:41:15 UTC 2018: Create project parser
Tue May 15 14:41:27 UTC 2018: Create slicer
Tue May 15 14:41:30 UTC 2018: Create call graph
Tue May 15 14:41:33 UTC 2018: Create point analysis
Tue May 15 14:41:33 UTC 2018: Create call graph done
Tue May 15 14:41:33 UTC 2018: Start Dhandapani__gluster-ovir test class org.ovirt.engine.core.common.queries.VdcQueryParametersBaseTest
Tue May 15 14:41:33 UTC 2018: Setting lastTestMethodIndex: 35924
Tue May 15 14:41:33 UTC 2018: Starting linking
Tue May 15 14:41:33 UTC 2018: Code found org.ovirt.engine.core.common.queries.VdcQueryParametersBase-isFiltered with org.ovirt.engine.core.common.queries.VdcQueryParametersBaseTest-testIsFiltered
Tue May 15 14:41:33 UTC 2018: Match not added in database because it already exists
Tue May 15 14:41:33 UTC 2018: Linking done for Dhandapani__gluster-ovir test class org.ovirt.engine.core.common.queries.VdcQueryParametersBaseTest
Tue May 15 14:41:33 UTC 2018: Found element on the queue
Tue May 15 14:41:33 UTC 2018: Updating status
Tue May 15 14:41:33 UTC 2018: Working
Tue May 15 14:41:36 UTC 2018: Start Dhandapani__gluster-ovir test class org.ovirt.engine.core.common.queries.VdcUserQueryParametersBaseTest
Tue May 15 14:41:36 UTC 2018: Setting lastTestMethodIndex: 35926
Tue May 15 14:41:36 UTC 2018: Starting linking
Tue May 15 14:41:36 UTC 2018: Linking done for Dhandapani__gluster-ovir test class org.ovirt.engine.core.common.queries.VdcUserQueryParametersBaseTest
Tue May 15 14:41:36 UTC 2018: Found element on the queue
Tue May 15 14:41:36 UTC 2018: Updating status
Tue May 15 14:41:36 UTC 2018: Working
Tue May 15 14:41:39 UTC 2018: Start Dhandapani__gluster-ovir test class org.ovirt.engine.core.common.queries.VdcQueryTypeTest
Tue May 15 14:41:39 UTC 2018: Setting lastTestMethodIndex: 35928
Tue May 15 14:41:39 UTC 2018: Starting linking
Tue May 15 14:41:39 UTC 2018: No link for: org.ovirt.engine.core.common.queries.VdcQueryTypeTest-testAuthTypes
Tue May 15 14:41:39 UTC 2018: None match not added in database because it already exists
Tue May 15 14:41:39 UTC 2018: No link for: org.ovirt.engine.core.common.queries.VdcQueryTypeTest-testForValue
Tue May 15 14:41:39 UTC 2018: None match not added in database because it already exists
Tue May 15 14:41:39 UTC 2018: Linking done for Dhandapani__gluster-ovir test class org.ovirt.engine.core.common.queries.VdcQueryTypeTest
Tue May 15 14:41:40 UTC 2018: Found element on the queue
Tue May 15 14:41:40 UTC 2018: Updating status
Tue May 15 14:41:40 UTC 2018: Working
Tue May 15 14:41:42 UTC 2018: Start Dhandapani__gluster-ovir test class org.ovirt.engine.core.common.queries.GetVmTemplatesByImageGuidParametersTest
Tue May 15 14:41:42 UTC 2018: Setting lastTestMethodIndex: 35930
Tue May 15 14:41:42 UTC 2018: Starting linking
Tue May 15 14:41:42 UTC 2018: No link for: org.ovirt.engine.core.common.queries.GetVmTemplatesByImageGuidParametersTest-testEmptyConstructor
Tue May 15 14:41:42 UTC 2018: None match not added in database because it already exists
Tue May 15 14:41:42 UTC 2018: No link for: org.ovirt.engine.core.common.queries.GetVmTemplatesByImageGuidParametersTest-testGuidConstructor
Tue May 15 14:41:42 UTC 2018: None match not added in database because it already exists
Tue May 15 14:41:42 UTC 2018: Linking done for Dhandapani__gluster-ovir test class org.ovirt.engine.core.common.queries.GetVmTemplatesByImageGuidParametersTest
Tue May 15 14:41:43 UTC 2018: Found element on the queue
Tue May 15 14:41:43 UTC 2018: Updating status
Tue May 15 14:41:43 UTC 2018: Working
Tue May 15 14:41:45 UTC 2018: Start Dhandapani__gluster-ovir test class org.ovirt.engine.core.common.queries.GetVmsByImageGuidParametersTest
Tue May 15 14:41:45 UTC 2018: Setting lastTestMethodIndex: 35932
Tue May 15 14:41:45 UTC 2018: Starting linking
Tue May 15 14:41:45 UTC 2018: No link for: org.ovirt.engine.core.common.queries.GetVmsByImageGuidParametersTest-testEmptyConstructor
Tue May 15 14:41:45 UTC 2018: No link for: org.ovirt.engine.core.common.queries.GetVmsByImageGuidParametersTest-testGuidConstructor
Tue May 15 14:41:45 UTC 2018: Linking done for Dhandapani__gluster-ovir test class org.ovirt.engine.core.common.queries.GetVmsByImageGuidParametersTest
Tue May 15 14:41:46 UTC 2018: Found element on the queue
Tue May 15 14:41:46 UTC 2018: Updating status
Tue May 15 14:41:46 UTC 2018: Working
Tue May 15 14:41:48 UTC 2018: Start Dhandapani__gluster-ovir test class org.ovirt.engine.core.common.queries.GetUserVmsByUserIdAndGroupsParametersTest
Tue May 15 14:41:48 UTC 2018: Setting lastTestMethodIndex: 35934
Tue May 15 14:41:48 UTC 2018: Starting linking
Tue May 15 14:41:48 UTC 2018: No link for: org.ovirt.engine.core.common.queries.GetUserVmsByUserIdAndGroupsParametersTest-testParameterizedConstructor
Tue May 15 14:41:49 UTC 2018: None match not added in database because it already exists
Tue May 15 14:41:49 UTC 2018: Linking done for Dhandapani__gluster-ovir test class org.ovirt.engine.core.common.queries.GetUserVmsByUserIdAndGroupsParametersTest
Tue May 15 14:41:49 UTC 2018: Found element on the queue
Tue May 15 14:41:49 UTC 2018: Updating status
Tue May 15 14:41:49 UTC 2018: Working
Tue May 15 14:41:51 UTC 2018: Start Dhandapani__gluster-ovir test class org.ovirt.engine.core.common.queries.ConfigurationValuesTest
Tue May 15 14:41:51 UTC 2018: Setting lastTestMethodIndex: 35936
Tue May 15 14:41:51 UTC 2018: Starting linking
Tue May 15 14:41:51 UTC 2018: No link for: org.ovirt.engine.core.common.queries.ConfigurationValuesTest-testGetValue
Tue May 15 14:41:52 UTC 2018: None match not added in database because it already exists
Tue May 15 14:41:52 UTC 2018: No link for: org.ovirt.engine.core.common.queries.ConfigurationValuesTest-testForValue
Tue May 15 14:41:52 UTC 2018: None match not added in database because it already exists
Tue May 15 14:41:52 UTC 2018: No link for: org.ovirt.engine.core.common.queries.ConfigurationValuesTest-testIsAdmin
Tue May 15 14:41:52 UTC 2018: None match not added in database because it already exists
Tue May 15 14:41:52 UTC 2018: Linking done for Dhandapani__gluster-ovir test class org.ovirt.engine.core.common.queries.ConfigurationValuesTest
Tue May 15 14:41:52 UTC 2018: Found element on the queue
Tue May 15 14:41:52 UTC 2018: Updating status
Tue May 15 14:41:52 UTC 2018: Working
Tue May 15 14:41:55 UTC 2018: Start Dhandapani__gluster-ovir test class org.ovirt.engine.core.common.queries.GetAllVmPoolsAttachedToUserParametersTest
Tue May 15 14:41:55 UTC 2018: Setting lastTestMethodIndex: 35938
Tue May 15 14:41:55 UTC 2018: Starting linking
Tue May 15 14:41:55 UTC 2018: Linking done for Dhandapani__gluster-ovir test class org.ovirt.engine.core.common.queries.GetAllVmPoolsAttachedToUserParametersTest
Tue May 15 14:41:55 UTC 2018: Found element on the queue
Tue May 15 14:41:55 UTC 2018: Updating status
Tue May 15 14:41:55 UTC 2018: Working
Tue May 15 14:41:58 UTC 2018: Start Dhandapani__gluster-ovir test class org.ovirt.engine.core.common.utils.ValidationUtilsTest
Tue May 15 14:41:58 UTC 2018: Setting lastTestMethodIndex: 35940
Tue May 15 14:41:58 UTC 2018: Starting linking
Tue May 15 14:41:58 UTC 2018: Code found org.ovirt.engine.core.common.utils.ValidationUtils-containsIlegalCharacters with org.ovirt.engine.core.common.utils.ValidationUtilsTest-testcontainsIlegalCharacters
Tue May 15 14:41:58 UTC 2018: Match not added in database because it already exists
Tue May 15 14:41:58 UTC 2018: Code found org.ovirt.engine.core.common.utils.ValidationUtils-validHostname with org.ovirt.engine.core.common.utils.ValidationUtilsTest-testIsInvalidHostname
Tue May 15 14:41:58 UTC 2018: Linking done for Dhandapani__gluster-ovir test class org.ovirt.engine.core.common.utils.ValidationUtilsTest
Tue May 15 14:41:58 UTC 2018: Found element on the queue
Tue May 15 14:41:58 UTC 2018: Updating status
Tue May 15 14:41:58 UTC 2018: Working
Tue May 15 14:42:01 UTC 2018: Start Dhandapani__gluster-ovir test class org.ovirt.engine.core.common.businessentities.VdsStaticTest
Tue May 15 14:42:01 UTC 2018: Setting lastTestMethodIndex: 35942
Tue May 15 14:42:01 UTC 2018: Starting linking
Tue May 15 14:42:01 UTC 2018: No link for: org.ovirt.engine.core.common.businessentities.VdsStaticTest-emptyStringMakesEmptyMap
Tue May 15 14:42:01 UTC 2018: None match not added in database because it already exists
Tue May 15 14:42:01 UTC 2018: Linking done for Dhandapani__gluster-ovir test class org.ovirt.engine.core.common.businessentities.VdsStaticTest
Tue May 15 14:42:02 UTC 2018: Found element on the queue
Tue May 15 14:42:02 UTC 2018: Updating status
Tue May 15 14:42:02 UTC 2018: Working
Tue May 15 14:42:02 UTC 2018: Create project parser
Tue May 15 14:42:05 UTC 2018: Start Dhandapani__gluster-ovir test class org.ovirt.engine.core.compat.StringCompatTest
Tue May 15 14:42:05 UTC 2018: Setting lastTestMethodIndex: 35944
Tue May 15 14:42:05 UTC 2018: Starting linking
Tue May 15 14:42:05 UTC 2018: Linking done for Dhandapani__gluster-ovir test class org.ovirt.engine.core.compat.StringCompatTest
Tue May 15 14:42:05 UTC 2018: Found element on the queue
Tue May 15 14:42:05 UTC 2018: Updating status
Tue May 15 14:42:05 UTC 2018: Working
Tue May 15 14:42:08 UTC 2018: Start Dhandapani__gluster-ovir test class org.ovirt.engine.core.compat.EncodingTest
Tue May 15 14:42:08 UTC 2018: Setting lastTestMethodIndex: 35945
Tue May 15 14:42:08 UTC 2018: Starting linking
Tue May 15 14:42:08 UTC 2018: Linking done for Dhandapani__gluster-ovir test class org.ovirt.engine.core.compat.EncodingTest
Tue May 15 14:42:08 UTC 2018: Found element on the queue
Tue May 15 14:42:08 UTC 2018: Updating status
Tue May 15 14:42:08 UTC 2018: Working
Tue May 15 14:42:10 UTC 2018: Start Dhandapani__gluster-ovir test class org.ovirt.engine.core.compat.RpmVersionTest
Tue May 15 14:42:10 UTC 2018: Setting lastTestMethodIndex: 35947
Tue May 15 14:42:10 UTC 2018: Starting linking
Tue May 15 14:42:10 UTC 2018: No link for: org.ovirt.engine.core.compat.RpmVersionTest-caseSensitiveTest
Tue May 15 14:42:10 UTC 2018: None match not added in database because it already exists
Tue May 15 14:42:10 UTC 2018: No link for: org.ovirt.engine.core.compat.RpmVersionTest-equalTest
Tue May 15 14:42:11 UTC 2018: None match not added in database because it already exists
Tue May 15 14:42:11 UTC 2018: No link for: org.ovirt.engine.core.compat.RpmVersionTest-rpmVersionTest
Tue May 15 14:42:11 UTC 2018: None match not added in database because it already exists
Tue May 15 14:42:11 UTC 2018: No link for: org.ovirt.engine.core.compat.RpmVersionTest-agentVersionTest
Tue May 15 14:42:11 UTC 2018: None match not added in database because it already exists
Tue May 15 14:42:11 UTC 2018: Linking done for Dhandapani__gluster-ovir test class org.ovirt.engine.core.compat.RpmVersionTest
Tue May 15 14:42:11 UTC 2018: Found element on the queue
Tue May 15 14:42:11 UTC 2018: Updating status
Tue May 15 14:42:11 UTC 2018: Working
Tue May 15 14:42:14 UTC 2018: Start Dhandapani__gluster-ovir test class org.ovirt.engine.core.compat.backendcompat.XmlDocumentTest
Tue May 15 14:42:14 UTC 2018: Setting lastTestMethodIndex: 35949
Tue May 15 14:42:14 UTC 2018: Starting linking
Tue May 15 14:42:14 UTC 2018: Code found org.ovirt.engine.core.compat.backendcompat.XmlDocument-Load with org.ovirt.engine.core.compat.backendcompat.XmlDocumentTest-Load
Tue May 15 14:42:14 UTC 2018: Match not added in database because it already exists
Tue May 15 14:42:14 UTC 2018: Linking done for Dhandapani__gluster-ovir test class org.ovirt.engine.core.compat.backendcompat.XmlDocumentTest
Tue May 15 14:42:14 UTC 2018: Found element on the queue
Tue May 15 14:42:14 UTC 2018: Updating status
Tue May 15 14:42:14 UTC 2018: Working
Tue May 15 14:42:17 UTC 2018: Start Dhandapani__gluster-ovir test class org.ovirt.engine.core.compat.backendcompat.PropertyInfoTest
Tue May 15 14:42:17 UTC 2018: Setting lastTestMethodIndex: 35951
Tue May 15 14:42:17 UTC 2018: Starting linking
Tue May 15 14:42:17 UTC 2018: Linking done for Dhandapani__gluster-ovir test class org.ovirt.engine.core.compat.backendcompat.PropertyInfoTest
Tue May 15 14:42:17 UTC 2018: Found element on the queue
Tue May 15 14:42:17 UTC 2018: Updating status
Tue May 15 14:42:17 UTC 2018: Working
Tue May 15 14:42:19 UTC 2018: Start Dhandapani__gluster-ovir test class org.ovirt.engine.core.compat.VersionTest
Tue May 15 14:42:19 UTC 2018: Setting lastTestMethodIndex: 35952
Tue May 15 14:42:19 UTC 2018: Starting linking
Tue May 15 14:42:19 UTC 2018: Code found org.ovirt.engine.core.compat.Version-equals with org.ovirt.engine.core.compat.VersionTest-equals
Tue May 15 14:42:19 UTC 2018: Match not added in database because it already exists
Tue May 15 14:42:19 UTC 2018: Code found org.ovirt.engine.core.compat.Version-toString with org.ovirt.engine.core.compat.VersionTest-testToString
Tue May 15 14:42:20 UTC 2018: Match not added in database because it already exists
Tue May 15 14:42:20 UTC 2018: Linking done for Dhandapani__gluster-ovir test class org.ovirt.engine.core.compat.VersionTest
Tue May 15 14:42:20 UTC 2018: Found element on the queue
Tue May 15 14:42:20 UTC 2018: Updating status
Tue May 15 14:42:20 UTC 2018: Working
Tue May 15 14:42:22 UTC 2018: Start Dhandapani__gluster-ovir test class org.ovirt.engine.core.compat.StringHelperTest
Tue May 15 14:42:22 UTC 2018: Setting lastTestMethodIndex: 35953
Tue May 15 14:42:22 UTC 2018: Starting linking
Tue May 15 14:42:22 UTC 2018: Code found org.ovirt.engine.core.compat.StringHelper-join with org.ovirt.engine.core.compat.StringHelperTest-join
Tue May 15 14:42:22 UTC 2018: Match not added in database because it already exists
Tue May 15 14:42:22 UTC 2018: Linking done for Dhandapani__gluster-ovir test class org.ovirt.engine.core.compat.StringHelperTest
Tue May 15 14:42:23 UTC 2018: Found element on the queue
Tue May 15 14:42:23 UTC 2018: Updating status
Tue May 15 14:42:23 UTC 2018: Working
Tue May 15 14:42:25 UTC 2018: Start Dhandapani__gluster-ovir test class org.ovirt.engine.core.compat.PathTest
Tue May 15 14:42:25 UTC 2018: Setting lastTestMethodIndex: 35954
Tue May 15 14:42:25 UTC 2018: Starting linking
Tue May 15 14:42:25 UTC 2018: Linking done for Dhandapani__gluster-ovir test class org.ovirt.engine.core.compat.PathTest
Tue May 15 14:42:26 UTC 2018: Found element on the queue
Tue May 15 14:42:26 UTC 2018: Updating status
Tue May 15 14:42:26 UTC 2018: Working
Tue May 15 14:42:28 UTC 2018: Start Dhandapani__gluster-ovir test class org.ovirt.engine.core.compat.StreamReaderCompatTest
Tue May 15 14:42:28 UTC 2018: Setting lastTestMethodIndex: 35956
Tue May 15 14:42:28 UTC 2018: Starting linking
Tue May 15 14:42:28 UTC 2018: Linking done for Dhandapani__gluster-ovir test class org.ovirt.engine.core.compat.StreamReaderCompatTest
Tue May 15 14:42:28 UTC 2018: Found element on the queue
Tue May 15 14:42:28 UTC 2018: Updating status
Tue May 15 14:42:28 UTC 2018: Working
Tue May 15 14:42:31 UTC 2018: Start Dhandapani__gluster-ovir test class org.ovirt.engine.core.compat.PropertyCompatTest
Tue May 15 14:42:31 UTC 2018: Setting lastTestMethodIndex: 35958
Tue May 15 14:42:31 UTC 2018: Starting linking
Tue May 15 14:42:31 UTC 2018: Linking done for Dhandapani__gluster-ovir test class org.ovirt.engine.core.compat.PropertyCompatTest
Tue May 15 14:42:31 UTC 2018: Found element on the queue
Tue May 15 14:42:31 UTC 2018: Updating status
Tue May 15 14:42:31 UTC 2018: Working
Tue May 15 14:42:34 UTC 2018: Start Dhandapani__gluster-ovir test class org.ovirt.engine.core.compat.RegexTest
Tue May 15 14:42:34 UTC 2018: Setting lastTestMethodIndex: 35960
Tue May 15 14:42:34 UTC 2018: Starting linking
Tue May 15 14:42:34 UTC 2018: Linking done for Dhandapani__gluster-ovir test class org.ovirt.engine.core.compat.RegexTest
Tue May 15 14:42:34 UTC 2018: Found element on the queue
Tue May 15 14:42:34 UTC 2018: Updating status
Tue May 15 14:42:34 UTC 2018: Working
Tue May 15 14:42:37 UTC 2018: Start Dhandapani__gluster-ovir test class org.ovirt.engine.core.compat.TextReaderCompatTest
Tue May 15 14:42:37 UTC 2018: Setting lastTestMethodIndex: 35962
Tue May 15 14:42:37 UTC 2018: Starting linking
Tue May 15 14:42:37 UTC 2018: Linking done for Dhandapani__gluster-ovir test class org.ovirt.engine.core.compat.TextReaderCompatTest
Tue May 15 14:42:37 UTC 2018: Found element on the queue
Tue May 15 14:42:37 UTC 2018: Updating status
Tue May 15 14:42:37 UTC 2018: Working
Tue May 15 14:42:37 UTC 2018: Create project parser
Tue May 15 14:42:40 UTC 2018: Start Dhandapani__gluster-ovir test class org.ovirt.engine.api.common.security.auth.BasicAuthorizationSchemeTest
Tue May 15 14:42:40 UTC 2018: Setting lastTestMethodIndex: 35964
Tue May 15 14:42:40 UTC 2018: Starting linking
Tue May 15 14:42:40 UTC 2018: No link for: org.ovirt.engine.api.common.security.auth.BasicAuthorizationSchemeTest-testDecodeBadCredentials
Tue May 15 14:42:40 UTC 2018: None match not added in database because it already exists
Tue May 15 14:42:40 UTC 2018: No link for: org.ovirt.engine.api.common.security.auth.BasicAuthorizationSchemeTest-testSchemeName
Tue May 15 14:42:40 UTC 2018: None match not added in database because it already exists
Tue May 15 14:42:40 UTC 2018: No link for: org.ovirt.engine.api.common.security.auth.BasicAuthorizationSchemeTest-testDecodeShortCredentials
Tue May 15 14:42:40 UTC 2018: None match not added in database because it already exists
Tue May 15 14:42:40 UTC 2018: No link for: org.ovirt.engine.api.common.security.auth.BasicAuthorizationSchemeTest-testDecodeUpnLongCredentials
Tue May 15 14:42:40 UTC 2018: None match not added in database because it already exists
Tue May 15 14:42:40 UTC 2018: No link for: org.ovirt.engine.api.common.security.auth.BasicAuthorizationSchemeTest-testDecodeLegacyLongCredentials
Tue May 15 14:42:40 UTC 2018: None match not added in database because it already exists
Tue May 15 14:42:40 UTC 2018: No link for: org.ovirt.engine.api.common.security.auth.BasicAuthorizationSchemeTest-testDecodeDigestCredentials
Tue May 15 14:42:41 UTC 2018: None match not added in database because it already exists
Tue May 15 14:42:41 UTC 2018: Linking done for Dhandapani__gluster-ovir test class org.ovirt.engine.api.common.security.auth.BasicAuthorizationSchemeTest
Tue May 15 14:42:41 UTC 2018: Found element on the queue
Tue May 15 14:42:41 UTC 2018: Updating status
Tue May 15 14:42:41 UTC 2018: Working
Tue May 15 14:42:44 UTC 2018: Start Dhandapani__gluster-ovir test class org.ovirt.engine.api.common.security.auth.PrincipalTest
Tue May 15 14:42:44 UTC 2018: Setting lastTestMethodIndex: 35966
Tue May 15 14:42:44 UTC 2018: Starting linking
Tue May 15 14:42:44 UTC 2018: No link for: org.ovirt.engine.api.common.security.auth.PrincipalTest-testNotEqualsNullDomain
Tue May 15 14:42:44 UTC 2018: None match not added in database because it already exists
Tue May 15 14:42:44 UTC 2018: No link for: org.ovirt.engine.api.common.security.auth.PrincipalTest-testNotEqualsNullSecret
Tue May 15 14:42:44 UTC 2018: None match not added in database because it already exists
Tue May 15 14:42:44 UTC 2018: No link for: org.ovirt.engine.api.common.security.auth.PrincipalTest-testNotEqualsRandomDomain
Tue May 15 14:42:44 UTC 2018: None match not added in database because it already exists
Tue May 15 14:42:44 UTC 2018: No link for: org.ovirt.engine.api.common.security.auth.PrincipalTest-testEquals
Tue May 15 14:42:44 UTC 2018: None match not added in database because it already exists
Tue May 15 14:42:44 UTC 2018: No link for: org.ovirt.engine.api.common.security.auth.PrincipalTest-testNotEqualsRandomSecret
Tue May 15 14:42:44 UTC 2018: None match not added in database because it already exists
Tue May 15 14:42:44 UTC 2018: No link for: org.ovirt.engine.api.common.security.auth.PrincipalTest-testEqualsNone
Tue May 15 14:42:44 UTC 2018: None match not added in database because it already exists
Tue May 15 14:42:44 UTC 2018: No link for: org.ovirt.engine.api.common.security.auth.PrincipalTest-testNotEqualsNullUser
Tue May 15 14:42:44 UTC 2018: None match not added in database because it already exists
Tue May 15 14:42:44 UTC 2018: No link for: org.ovirt.engine.api.common.security.auth.PrincipalTest-testNotEqualsRandomUser
Tue May 15 14:42:44 UTC 2018: None match not added in database because it already exists
Tue May 15 14:42:44 UTC 2018: No link for: org.ovirt.engine.api.common.security.auth.PrincipalTest-testNotEqualsNull
Tue May 15 14:42:44 UTC 2018: None match not added in database because it already exists
Tue May 15 14:42:44 UTC 2018: Linking done for Dhandapani__gluster-ovir test class org.ovirt.engine.api.common.security.auth.PrincipalTest
Tue May 15 14:42:45 UTC 2018: Found element on the queue
Tue May 15 14:42:45 UTC 2018: Updating status
Tue May 15 14:42:45 UTC 2018: Working
Tue May 15 14:42:47 UTC 2018: Start Dhandapani__gluster-ovir test class org.ovirt.engine.api.common.security.auth.ChallengerTest
Tue May 15 14:42:47 UTC 2018: Setting lastTestMethodIndex: 35968
Tue May 15 14:42:47 UTC 2018: Starting linking
Tue May 15 14:42:47 UTC 2018: No link for: org.ovirt.engine.api.common.security.auth.ChallengerTest-testAuthHeaderPresent
Tue May 15 14:42:47 UTC 2018: No link for: org.ovirt.engine.api.common.security.auth.ChallengerTest-testAuthHeaderValidateFalse
Tue May 15 14:42:47 UTC 2018: No link for: org.ovirt.engine.api.common.security.auth.ChallengerTest-testAuthHeaderMissing
Tue May 15 14:42:47 UTC 2018: No link for: org.ovirt.engine.api.common.security.auth.ChallengerTest-testAuthHeaderValidateTrue
Tue May 15 14:42:47 UTC 2018: Linking done for Dhandapani__gluster-ovir test class org.ovirt.engine.api.common.security.auth.ChallengerTest
Tue May 15 14:42:48 UTC 2018: Found element on the queue
Tue May 15 14:42:48 UTC 2018: Updating status
Tue May 15 14:42:48 UTC 2018: Working
Tue May 15 14:42:50 UTC 2018: Start Dhandapani__gluster-ovir test class org.ovirt.engine.api.common.invocation.CurrentTest
Tue May 15 14:42:50 UTC 2018: Setting lastTestMethodIndex: 35969
Tue May 15 14:42:50 UTC 2018: Starting linking
Tue May 15 14:42:50 UTC 2018: No link for: org.ovirt.engine.api.common.invocation.CurrentTest-testPutGetSameThread
Tue May 15 14:42:50 UTC 2018: None match not added in database because it already exists
Tue May 15 14:42:50 UTC 2018: No link for: org.ovirt.engine.api.common.invocation.CurrentTest-testPutGetMultiThread
Tue May 15 14:42:50 UTC 2018: None match not added in database because it already exists
Tue May 15 14:42:50 UTC 2018: Linking done for Dhandapani__gluster-ovir test class org.ovirt.engine.api.common.invocation.CurrentTest
Tue May 15 14:42:51 UTC 2018: Found element on the queue
Tue May 15 14:42:51 UTC 2018: Updating status
Tue May 15 14:42:51 UTC 2018: Working
Tue May 15 14:42:53 UTC 2018: Start Dhandapani__gluster-ovir test class org.ovirt.engine.api.common.util.DetailHelperTest
Tue May 15 14:42:53 UTC 2018: Setting lastTestMethodIndex: 35971
Tue May 15 14:42:53 UTC 2018: Starting linking
Tue May 15 14:42:53 UTC 2018: No link for: org.ovirt.engine.api.common.util.DetailHelperTest-testIncludeSingle
Tue May 15 14:42:53 UTC 2018: None match not added in database because it already exists
Tue May 15 14:42:53 UTC 2018: No link for: org.ovirt.engine.api.common.util.DetailHelperTest-testIncludeNone
Tue May 15 14:42:53 UTC 2018: None match not added in database because it already exists
Tue May 15 14:42:53 UTC 2018: No link for: org.ovirt.engine.api.common.util.DetailHelperTest-testIncludeMoreCollapsed
Tue May 15 14:42:53 UTC 2018: None match not added in database because it already exists
Tue May 15 14:42:53 UTC 2018: No link for: org.ovirt.engine.api.common.util.DetailHelperTest-testIncludeSomeCollapsed
Tue May 15 14:42:53 UTC 2018: None match not added in database because it already exists
Tue May 15 14:42:53 UTC 2018: No link for: org.ovirt.engine.api.common.util.DetailHelperTest-testIncludeSome
Tue May 15 14:42:53 UTC 2018: None match not added in database because it already exists
Tue May 15 14:42:53 UTC 2018: No link for: org.ovirt.engine.api.common.util.DetailHelperTest-testIncludeAllCollapsed
Tue May 15 14:42:53 UTC 2018: None match not added in database because it already exists
Tue May 15 14:42:53 UTC 2018: No link for: org.ovirt.engine.api.common.util.DetailHelperTest-testIncludeWithSpacePrefix
Tue May 15 14:42:53 UTC 2018: None match not added in database because it already exists
Tue May 15 14:42:53 UTC 2018: No link for: org.ovirt.engine.api.common.util.DetailHelperTest-testIncludeMore
Tue May 15 14:42:53 UTC 2018: None match not added in database because it already exists
Tue May 15 14:42:53 UTC 2018: No link for: org.ovirt.engine.api.common.util.DetailHelperTest-testIncludeAll
Tue May 15 14:42:53 UTC 2018: None match not added in database because it already exists
Tue May 15 14:42:53 UTC 2018: Linking done for Dhandapani__gluster-ovir test class org.ovirt.engine.api.common.util.DetailHelperTest
Tue May 15 14:42:54 UTC 2018: Found element on the queue
Tue May 15 14:42:54 UTC 2018: Updating status
Tue May 15 14:42:54 UTC 2018: Working
Tue May 15 14:42:56 UTC 2018: Start Dhandapani__gluster-ovir test class org.ovirt.engine.api.common.util.QueryHelperTest
Tue May 15 14:42:56 UTC 2018: Setting lastTestMethodIndex: 35972
Tue May 15 14:42:56 UTC 2018: Starting linking
Tue May 15 14:42:56 UTC 2018: No link for: org.ovirt.engine.api.common.util.QueryHelperTest-testGetDataCenterConstraint
Tue May 15 14:42:56 UTC 2018: None match not added in database because it already exists
Tue May 15 14:42:56 UTC 2018: No link for: org.ovirt.engine.api.common.util.QueryHelperTest-testGetHostConstraintNoPrefix
Tue May 15 14:42:56 UTC 2018: None match not added in database because it already exists
Tue May 15 14:42:56 UTC 2018: No link for: org.ovirt.engine.api.common.util.QueryHelperTest-testGetTemplateDefaultConstraint
Tue May 15 14:42:56 UTC 2018: None match not added in database because it already exists
Tue May 15 14:42:56 UTC 2018: No link for: org.ovirt.engine.api.common.util.QueryHelperTest-testGetVMConstraintNoPrefix
Tue May 15 14:42:56 UTC 2018: None match not added in database because it already exists
Tue May 15 14:42:56 UTC 2018: No link for: org.ovirt.engine.api.common.util.QueryHelperTest-testGetClusterDefaultConstraint
Tue May 15 14:42:57 UTC 2018: None match not added in database because it already exists
Tue May 15 14:42:57 UTC 2018: No link for: org.ovirt.engine.api.common.util.QueryHelperTest-testGetMatrixConstraints
Tue May 15 14:42:57 UTC 2018: None match not added in database because it already exists
Tue May 15 14:42:57 UTC 2018: No link for: org.ovirt.engine.api.common.util.QueryHelperTest-testHasMatrixParam
Tue May 15 14:42:57 UTC 2018: None match not added in database because it already exists
Tue May 15 14:42:57 UTC 2018: No link for: org.ovirt.engine.api.common.util.QueryHelperTest-testGetStorageConstraint
Tue May 15 14:42:57 UTC 2018: None match not added in database because it already exists
Tue May 15 14:42:57 UTC 2018: No link for: org.ovirt.engine.api.common.util.QueryHelperTest-testGetTemplateConstraint
Tue May 15 14:42:57 UTC 2018: None match not added in database because it already exists
Tue May 15 14:42:57 UTC 2018: No link for: org.ovirt.engine.api.common.util.QueryHelperTest-testGetDataCenterConstraintNoPrefix
Tue May 15 14:42:57 UTC 2018: None match not added in database because it already exists
Tue May 15 14:42:57 UTC 2018: No link for: org.ovirt.engine.api.common.util.QueryHelperTest-testGetClusterConstraint
Tue May 15 14:42:57 UTC 2018: None match not added in database because it already exists
Tue May 15 14:42:57 UTC 2018: No link for: org.ovirt.engine.api.common.util.QueryHelperTest-testGetStorageConstraintNoPrefix
Tue May 15 14:42:57 UTC 2018: None match not added in database because it already exists
Tue May 15 14:42:57 UTC 2018: No link for: org.ovirt.engine.api.common.util.QueryHelperTest-testGetClusterConstraintNoPrefix
Tue May 15 14:42:57 UTC 2018: None match not added in database because it already exists
Tue May 15 14:42:57 UTC 2018: No link for: org.ovirt.engine.api.common.util.QueryHelperTest-testGetHostConstraint
Tue May 15 14:42:57 UTC 2018: None match not added in database because it already exists
Tue May 15 14:42:57 UTC 2018: No link for: org.ovirt.engine.api.common.util.QueryHelperTest-testGetHostDefaultConstraint
Tue May 15 14:42:57 UTC 2018: None match not added in database because it already exists
Tue May 15 14:42:57 UTC 2018: No link for: org.ovirt.engine.api.common.util.QueryHelperTest-testGetTemplateConstraintNoPrefix
Tue May 15 14:42:57 UTC 2018: None match not added in database because it already exists
Tue May 15 14:42:57 UTC 2018: No link for: org.ovirt.engine.api.common.util.QueryHelperTest-testGetVMConstraint
Tue May 15 14:42:57 UTC 2018: None match not added in database because it already exists
Tue May 15 14:42:57 UTC 2018: No link for: org.ovirt.engine.api.common.util.QueryHelperTest-testGetDataCenterDefaultConstraint
Tue May 15 14:42:57 UTC 2018: None match not added in database because it already exists
Tue May 15 14:42:57 UTC 2018: No link for: org.ovirt.engine.api.common.util.QueryHelperTest-testGetStorageDefaultConstraint
Tue May 15 14:42:57 UTC 2018: None match not added in database because it already exists
Tue May 15 14:42:57 UTC 2018: No link for: org.ovirt.engine.api.common.util.QueryHelperTest-testGetVMDefaultConstraint
Tue May 15 14:42:57 UTC 2018: None match not added in database because it already exists
Tue May 15 14:42:57 UTC 2018: Linking done for Dhandapani__gluster-ovir test class org.ovirt.engine.api.common.util.QueryHelperTest
Tue May 15 14:42:58 UTC 2018: Found element on the queue
Tue May 15 14:42:58 UTC 2018: Updating status
Tue May 15 14:42:58 UTC 2018: Working
Tue May 15 14:43:00 UTC 2018: Start Dhandapani__gluster-ovir test class org.ovirt.engine.api.common.util.ReflectionHelperTest
Tue May 15 14:43:00 UTC 2018: Setting lastTestMethodIndex: 35974
Tue May 15 14:43:00 UTC 2018: Starting linking
Tue May 15 14:43:00 UTC 2018: Code found org.ovirt.engine.api.common.util.ReflectionHelper-getClassNamesInJarPackage with org.ovirt.engine.api.common.util.ReflectionHelperTest-getClassNamesInJarPackage
Tue May 15 14:43:00 UTC 2018: Match not added in database because it already exists
Tue May 15 14:43:00 UTC 2018: Code found org.ovirt.engine.api.common.util.ReflectionHelper-getClasses with org.ovirt.engine.api.common.util.ReflectionHelperTest-getClasses
Tue May 15 14:43:00 UTC 2018: Match not added in database because it already exists
Tue May 15 14:43:00 UTC 2018: Linking done for Dhandapani__gluster-ovir test class org.ovirt.engine.api.common.util.ReflectionHelperTest
Tue May 15 14:43:01 UTC 2018: Found element on the queue
Tue May 15 14:43:01 UTC 2018: Updating status
Tue May 15 14:43:01 UTC 2018: Working
Tue May 15 14:43:03 UTC 2018: Start Dhandapani__gluster-ovir test class org.ovirt.engine.api.common.util.LinkHelperTest
Tue May 15 14:43:04 UTC 2018: Setting lastTestMethodIndex: 35976
Tue May 15 14:43:04 UTC 2018: Starting linking
Tue May 15 14:43:04 UTC 2018: No link for: org.ovirt.engine.api.common.util.LinkHelperTest-testNetworkLinks
Tue May 15 14:43:04 UTC 2018: None match not added in database because it already exists
Tue May 15 14:43:04 UTC 2018: No link for: org.ovirt.engine.api.common.util.LinkHelperTest-testUserTagLinks
Tue May 15 14:43:04 UTC 2018: None match not added in database because it already exists
Tue May 15 14:43:04 UTC 2018: No link for: org.ovirt.engine.api.common.util.LinkHelperTest-testDataCenterLinks
Tue May 15 14:43:04 UTC 2018: None match not added in database because it already exists
Tue May 15 14:43:04 UTC 2018: No link for: org.ovirt.engine.api.common.util.LinkHelperTest-testAttachedStorageDomainLinks
Tue May 15 14:43:04 UTC 2018: None match not added in database because it already exists
Tue May 15 14:43:04 UTC 2018: No link for: org.ovirt.engine.api.common.util.LinkHelperTest-testFileLinks
Tue May 15 14:43:04 UTC 2018: None match not added in database because it already exists
Tue May 15 14:43:04 UTC 2018: No link for: org.ovirt.engine.api.common.util.LinkHelperTest-testDiskLinks
Tue May 15 14:43:04 UTC 2018: None match not added in database because it already exists
Tue May 15 14:43:04 UTC 2018: No link for: org.ovirt.engine.api.common.util.LinkHelperTest-testClusterLinks
Tue May 15 14:43:04 UTC 2018: None match not added in database because it already exists
Tue May 15 14:43:04 UTC 2018: No link for: org.ovirt.engine.api.common.util.LinkHelperTest-testVmLinks
Tue May 15 14:43:04 UTC 2018: None match not added in database because it already exists
Tue May 15 14:43:04 UTC 2018: No link for: org.ovirt.engine.api.common.util.LinkHelperTest-testStorageDomainVmLinks
Tue May 15 14:43:04 UTC 2018: None match not added in database because it already exists
Tue May 15 14:43:04 UTC 2018: No link for: org.ovirt.engine.api.common.util.LinkHelperTest-testTagLinks
Tue May 15 14:43:04 UTC 2018: None match not added in database because it already exists
Tue May 15 14:43:04 UTC 2018: No link for: org.ovirt.engine.api.common.util.LinkHelperTest-testNicLinks
Tue May 15 14:43:04 UTC 2018: None match not added in database because it already exists
Tue May 15 14:43:04 UTC 2018: No link for: org.ovirt.engine.api.common.util.LinkHelperTest-testStorageLinks
Tue May 15 14:43:04 UTC 2018: None match not added in database because it already exists
Tue May 15 14:43:04 UTC 2018: No link for: org.ovirt.engine.api.common.util.LinkHelperTest-testStatisticLinks
Tue May 15 14:43:04 UTC 2018: None match not added in database because it already exists
Tue May 15 14:43:04 UTC 2018: No link for: org.ovirt.engine.api.common.util.LinkHelperTest-testStorageDomainLinks
Tue May 15 14:43:04 UTC 2018: None match not added in database because it already exists
Tue May 15 14:43:04 UTC 2018: No link for: org.ovirt.engine.api.common.util.LinkHelperTest-testCombine
Tue May 15 14:43:04 UTC 2018: None match not added in database because it already exists
Tue May 15 14:43:04 UTC 2018: No link for: org.ovirt.engine.api.common.util.LinkHelperTest-testHostTagLinks
Tue May 15 14:43:04 UTC 2018: None match not added in database because it already exists
Tue May 15 14:43:04 UTC 2018: No link for: org.ovirt.engine.api.common.util.LinkHelperTest-testCdRomLinks
Tue May 15 14:43:04 UTC 2018: None match not added in database because it already exists
Tue May 15 14:43:04 UTC 2018: No link for: org.ovirt.engine.api.common.util.LinkHelperTest-testVmLinksSuggestedParent
Tue May 15 14:43:05 UTC 2018: None match not added in database because it already exists
Tue May 15 14:43:05 UTC 2018: No link for: org.ovirt.engine.api.common.util.LinkHelperTest-testHostLinks
Tue May 15 14:43:05 UTC 2018: None match not added in database because it already exists
Tue May 15 14:43:05 UTC 2018: No link for: org.ovirt.engine.api.common.util.LinkHelperTest-testVmTagLinks
Tue May 15 14:43:05 UTC 2018: None match not added in database because it already exists
Tue May 15 14:43:05 UTC 2018: No link for: org.ovirt.engine.api.common.util.LinkHelperTest-testGroupLinks
Tue May 15 14:43:05 UTC 2018: None match not added in database because it already exists
Tue May 15 14:43:05 UTC 2018: No link for: org.ovirt.engine.api.common.util.LinkHelperTest-testEventLinks
Tue May 15 14:43:05 UTC 2018: None match not added in database because it already exists
Tue May 15 14:43:05 UTC 2018: No link for: org.ovirt.engine.api.common.util.LinkHelperTest-testClusterNetworkLinks
Tue May 15 14:43:05 UTC 2018: None match not added in database because it already exists
Tue May 15 14:43:05 UTC 2018: No link for: org.ovirt.engine.api.common.util.LinkHelperTest-testStorageDomainTemplateLinks
Tue May 15 14:43:05 UTC 2018: None match not added in database because it already exists
Tue May 15 14:43:05 UTC 2018: Linking done for Dhandapani__gluster-ovir test class org.ovirt.engine.api.common.util.LinkHelperTest
Tue May 15 14:43:05 UTC 2018: Found element on the queue
Tue May 15 14:43:05 UTC 2018: Updating status
Tue May 15 14:43:05 UTC 2018: Working
Tue May 15 14:43:08 UTC 2018: Start Dhandapani__gluster-ovir test class org.ovirt.engine.api.common.util.ReapableMapTest
Tue May 15 14:43:08 UTC 2018: Setting lastTestMethodIndex: 35978
Tue May 15 14:43:08 UTC 2018: Starting linking
Tue May 15 14:43:08 UTC 2018: No link for: org.ovirt.engine.api.common.util.ReapableMapTest-testReapingOnPutWithGC
Tue May 15 14:43:08 UTC 2018: None match not added in database because it already exists
Tue May 15 14:43:08 UTC 2018: No link for: org.ovirt.engine.api.common.util.ReapableMapTest-testReapingWithoutGC
Tue May 15 14:43:08 UTC 2018: None match not added in database because it already exists
Tue May 15 14:43:08 UTC 2018: No link for: org.ovirt.engine.api.common.util.ReapableMapTest-testReapingOnGetWithAccessBasedAging
Tue May 15 14:43:08 UTC 2018: None match not added in database because it already exists
Tue May 15 14:43:08 UTC 2018: No link for: org.ovirt.engine.api.common.util.ReapableMapTest-testReapingOnRemoveWithGC
Tue May 15 14:43:08 UTC 2018: None match not added in database because it already exists
Tue May 15 14:43:08 UTC 2018: No link for: org.ovirt.engine.api.common.util.ReapableMapTest-testReapingOnGetWithGC
Tue May 15 14:43:08 UTC 2018: None match not added in database because it already exists
Tue May 15 14:43:08 UTC 2018: Linking done for Dhandapani__gluster-ovir test class org.ovirt.engine.api.common.util.ReapableMapTest
Tue May 15 14:43:09 UTC 2018: Found element on the queue
Tue May 15 14:43:09 UTC 2018: Updating status
Tue May 15 14:43:09 UTC 2018: Working
Tue May 15 14:43:11 UTC 2018: Start Dhandapani__gluster-ovir test class org.ovirt.engine.api.common.util.EnumValidatorTest
Tue May 15 14:43:11 UTC 2018: Setting lastTestMethodIndex: 35980
Tue May 15 14:43:11 UTC 2018: Starting linking
Tue May 15 14:43:11 UTC 2018: No link for: org.ovirt.engine.api.common.util.EnumValidatorTest-testInvalid
Tue May 15 14:43:11 UTC 2018: None match not added in database because it already exists
Tue May 15 14:43:11 UTC 2018: No link for: org.ovirt.engine.api.common.util.EnumValidatorTest-testValid
Tue May 15 14:43:11 UTC 2018: None match not added in database because it already exists
Tue May 15 14:43:11 UTC 2018: Linking done for Dhandapani__gluster-ovir test class org.ovirt.engine.api.common.util.EnumValidatorTest
Tue May 15 14:43:12 UTC 2018: Found element on the queue
Tue May 15 14:43:12 UTC 2018: Updating status
Tue May 15 14:43:12 UTC 2018: Working
Tue May 15 14:43:14 UTC 2018: Start Dhandapani__gluster-ovir test class org.ovirt.engine.api.common.util.CompletenessAssertorTest
Tue May 15 14:43:14 UTC 2018: Setting lastTestMethodIndex: 35982
Tue May 15 14:43:14 UTC 2018: Starting linking
Tue May 15 14:43:14 UTC 2018: No link for: org.ovirt.engine.api.common.util.CompletenessAssertorTest-testCompleteParameters
Tue May 15 14:43:14 UTC 2018: None match not added in database because it already exists
Tue May 15 14:43:14 UTC 2018: No link for: org.ovirt.engine.api.common.util.CompletenessAssertorTest-testMissingListSubField
Tue May 15 14:43:14 UTC 2018: None match not added in database because it already exists
Tue May 15 14:43:14 UTC 2018: No link for: org.ovirt.engine.api.common.util.CompletenessAssertorTest-testMissingParameterAlteratives
Tue May 15 14:43:14 UTC 2018: None match not added in database because it already exists
Tue May 15 14:43:14 UTC 2018: No link for: org.ovirt.engine.api.common.util.CompletenessAssertorTest-testMissingSubFieldAlternatives
Tue May 15 14:43:14 UTC 2018: None match not added in database because it already exists
Tue May 15 14:43:14 UTC 2018: No link for: org.ovirt.engine.api.common.util.CompletenessAssertorTest-testMissingParameter
Tue May 15 14:43:14 UTC 2018: None match not added in database because it already exists
Tue May 15 14:43:14 UTC 2018: No link for: org.ovirt.engine.api.common.util.CompletenessAssertorTest-testCompleteParametersAlternativesSecond
Tue May 15 14:43:14 UTC 2018: None match not added in database because it already exists
Tue May 15 14:43:14 UTC 2018: No link for: org.ovirt.engine.api.common.util.CompletenessAssertorTest-testMissingParameters
Tue May 15 14:43:14 UTC 2018: None match not added in database because it already exists
Tue May 15 14:43:14 UTC 2018: No link for: org.ovirt.engine.api.common.util.CompletenessAssertorTest-testCompleteParametersAlternativesFirst
Tue May 15 14:43:14 UTC 2018: None match not added in database because it already exists
Tue May 15 14:43:14 UTC 2018: No link for: org.ovirt.engine.api.common.util.CompletenessAssertorTest-testCompleteSubFieldAlternatives
Tue May 15 14:43:14 UTC 2018: None match not added in database because it already exists
Tue May 15 14:43:14 UTC 2018: No link for: org.ovirt.engine.api.common.util.CompletenessAssertorTest-testMissingListSubFieldAlternatives
Tue May 15 14:43:14 UTC 2018: None match not added in database because it already exists
Tue May 15 14:43:14 UTC 2018: No link for: org.ovirt.engine.api.common.util.CompletenessAssertorTest-testMissingParameterSpecificReason
Tue May 15 14:43:14 UTC 2018: None match not added in database because it already exists
Tue May 15 14:43:14 UTC 2018: No link for: org.ovirt.engine.api.common.util.CompletenessAssertorTest-testOffsetMissingParameter
Tue May 15 14:43:14 UTC 2018: None match not added in database because it already exists
Tue May 15 14:43:14 UTC 2018: No link for: org.ovirt.engine.api.common.util.CompletenessAssertorTest-testMissingListSubFields
Tue May 15 14:43:14 UTC 2018: None match not added in database because it already exists
Tue May 15 14:43:14 UTC 2018: No link for: org.ovirt.engine.api.common.util.CompletenessAssertorTest-testCompleteSuperFieldAlternatives
Tue May 15 14:43:14 UTC 2018: None match not added in database because it already exists
Tue May 15 14:43:14 UTC 2018: No link for: org.ovirt.engine.api.common.util.CompletenessAssertorTest-testCompleteListSubField
Tue May 15 14:43:14 UTC 2018: None match not added in database because it already exists
Tue May 15 14:43:14 UTC 2018: No link for: org.ovirt.engine.api.common.util.CompletenessAssertorTest-testCompleteBothAlternatives
Tue May 15 14:43:14 UTC 2018: None match not added in database because it already exists
Tue May 15 14:43:14 UTC 2018: No link for: org.ovirt.engine.api.common.util.CompletenessAssertorTest-testMissingSubField
Tue May 15 14:43:14 UTC 2018: None match not added in database because it already exists
Tue May 15 14:43:14 UTC 2018: No link for: org.ovirt.engine.api.common.util.CompletenessAssertorTest-testMissingBothAlternatives
Tue May 15 14:43:14 UTC 2018: None match not added in database because it already exists
Tue May 15 14:43:14 UTC 2018: No link for: org.ovirt.engine.api.common.util.CompletenessAssertorTest-testMissingSuperField
Tue May 15 14:43:14 UTC 2018: None match not added in database because it already exists
Tue May 15 14:43:14 UTC 2018: No link for: org.ovirt.engine.api.common.util.CompletenessAssertorTest-testMissingSuperFieldAlternatives
Tue May 15 14:43:14 UTC 2018: None match not added in database because it already exists
Tue May 15 14:43:14 UTC 2018: No link for: org.ovirt.engine.api.common.util.CompletenessAssertorTest-testCompleteListSubFields
Tue May 15 14:43:14 UTC 2018: None match not added in database because it already exists
Tue May 15 14:43:14 UTC 2018: No link for: org.ovirt.engine.api.common.util.CompletenessAssertorTest-testCompleteSubField
Tue May 15 14:43:14 UTC 2018: None match not added in database because it already exists
Tue May 15 14:43:14 UTC 2018: No link for: org.ovirt.engine.api.common.util.CompletenessAssertorTest-testCompleteListSubFieldAlternatives
Tue May 15 14:43:14 UTC 2018: None match not added in database because it already exists
Tue May 15 14:43:14 UTC 2018: Linking done for Dhandapani__gluster-ovir test class org.ovirt.engine.api.common.util.CompletenessAssertorTest
Tue May 15 14:43:15 UTC 2018: Found element on the queue
Tue May 15 14:43:15 UTC 2018: Updating status
Tue May 15 14:43:15 UTC 2018: Working
Tue May 15 14:43:17 UTC 2018: Start Dhandapani__gluster-ovir test class org.ovirt.engine.api.common.util.SizeConverterTest
Tue May 15 14:43:17 UTC 2018: Setting lastTestMethodIndex: 35983
Tue May 15 14:43:17 UTC 2018: Starting linking
Tue May 15 14:43:17 UTC 2018: Code found org.ovirt.engine.api.common.util.SizeConverter-bytesToGigas with org.ovirt.engine.api.common.util.SizeConverterTest-testBytestoGigas
Tue May 15 14:43:17 UTC 2018: Match not added in database because it already exists
Tue May 15 14:43:17 UTC 2018: Code found org.ovirt.engine.api.common.util.SizeConverter-gigasToBytes with org.ovirt.engine.api.common.util.SizeConverterTest-testGigasToBytes
Tue May 15 14:43:17 UTC 2018: Match not added in database because it already exists
Tue May 15 14:43:17 UTC 2018: Code found org.ovirt.engine.api.common.util.SizeConverter-megasToBytes with org.ovirt.engine.api.common.util.SizeConverterTest-testMegasToBytes
Tue May 15 14:43:17 UTC 2018: Match not added in database because it already exists
Tue May 15 14:43:17 UTC 2018: Code found org.ovirt.engine.api.common.util.SizeConverter-bytesToMegas with org.ovirt.engine.api.common.util.SizeConverterTest-testBytestoMegas
Tue May 15 14:43:17 UTC 2018: Match not added in database because it already exists
Tue May 15 14:43:17 UTC 2018: Linking done for Dhandapani__gluster-ovir test class org.ovirt.engine.api.common.util.SizeConverterTest
Tue May 15 14:43:18 UTC 2018: Found element on the queue
Tue May 15 14:43:18 UTC 2018: Updating status
Tue May 15 14:43:18 UTC 2018: Working
Tue May 15 14:43:20 UTC 2018: Start Dhandapani__gluster-ovir test class org.ovirt.engine.api.common.util.TimeZoneMappingTest
Tue May 15 14:43:20 UTC 2018: Setting lastTestMethodIndex: 35986
Tue May 15 14:43:20 UTC 2018: Starting linking
Tue May 15 14:43:20 UTC 2018: No link for: org.ovirt.engine.api.common.util.TimeZoneMappingTest-testWindowsToJava
Tue May 15 14:43:20 UTC 2018: None match not added in database because it already exists
Tue May 15 14:43:20 UTC 2018: No link for: org.ovirt.engine.api.common.util.TimeZoneMappingTest-testJavaToWindows
Tue May 15 14:43:20 UTC 2018: None match not added in database because it already exists
Tue May 15 14:43:20 UTC 2018: No link for: org.ovirt.engine.api.common.util.TimeZoneMappingTest-testNull
Tue May 15 14:43:20 UTC 2018: None match not added in database because it already exists
Tue May 15 14:43:20 UTC 2018: Linking done for Dhandapani__gluster-ovir test class org.ovirt.engine.api.common.util.TimeZoneMappingTest
Tue May 15 14:43:21 UTC 2018: Found element on the queue
Tue May 15 14:43:21 UTC 2018: Updating status
Tue May 15 14:43:21 UTC 2018: Working
Tue May 15 14:43:21 UTC 2018: Create project parser
Tue May 15 14:43:25 UTC 2018: Start Dhandapani__gluster-ovir test class org.ovirt.engine.core.searchbackend.VmConditionFieldAutoCompleterTest
Tue May 15 14:43:25 UTC 2018: Setting lastTestMethodIndex: 35988
Tue May 15 14:43:25 UTC 2018: Starting linking
Tue May 15 14:43:25 UTC 2018: Linking done for Dhandapani__gluster-ovir test class org.ovirt.engine.core.searchbackend.VmConditionFieldAutoCompleterTest
Tue May 15 14:43:26 UTC 2018: Found element on the queue
Tue May 15 14:43:26 UTC 2018: Updating status
Tue May 15 14:43:26 UTC 2018: Working
Tue May 15 14:43:28 UTC 2018: Start Dhandapani__gluster-ovir test class org.ovirt.engine.core.searchbackend.SearchObjectsBaseAutoCompleterTest
Tue May 15 14:43:28 UTC 2018: Setting lastTestMethodIndex: 35990
Tue May 15 14:43:28 UTC 2018: Starting linking
Tue May 15 14:43:28 UTC 2018: Linking done for Dhandapani__gluster-ovir test class org.ovirt.engine.core.searchbackend.SearchObjectsBaseAutoCompleterTest
Tue May 15 14:43:29 UTC 2018: Found element on the queue
Tue May 15 14:43:29 UTC 2018: Updating status
Tue May 15 14:43:29 UTC 2018: Working
Tue May 15 14:43:31 UTC 2018: Start Dhandapani__gluster-ovir test class org.ovirt.engine.core.searchbackend.BaseAutoCompleterTest
Tue May 15 14:43:31 UTC 2018: Setting lastTestMethodIndex: 35992
Tue May 15 14:43:31 UTC 2018: Starting linking
Tue May 15 14:43:31 UTC 2018: Linking done for Dhandapani__gluster-ovir test class org.ovirt.engine.core.searchbackend.BaseAutoCompleterTest
Tue May 15 14:43:31 UTC 2018: Found element on the queue
Tue May 15 14:43:31 UTC 2018: Updating status
Tue May 15 14:43:31 UTC 2018: Working
Tue May 15 14:43:34 UTC 2018: Start Dhandapani__gluster-ovir test class org.ovirt.engine.core.searchbackend.AuditLogConditionFieldAutoCompleterTest
Tue May 15 14:43:34 UTC 2018: Setting lastTestMethodIndex: 35993
Tue May 15 14:43:34 UTC 2018: Starting linking
Tue May 15 14:43:34 UTC 2018: Linking done for Dhandapani__gluster-ovir test class org.ovirt.engine.core.searchbackend.AuditLogConditionFieldAutoCompleterTest
Tue May 15 14:43:34 UTC 2018: Found element on the queue
Tue May 15 14:43:34 UTC 2018: Updating status
Tue May 15 14:43:34 UTC 2018: Working
Tue May 15 14:43:37 UTC 2018: Start Dhandapani__gluster-ovir test class org.ovirt.engine.core.searchbackend.BitValueAutoCompleterTest
Tue May 15 14:43:37 UTC 2018: Setting lastTestMethodIndex: 35995
Tue May 15 14:43:37 UTC 2018: Starting linking
Tue May 15 14:43:37 UTC 2018: Linking done for Dhandapani__gluster-ovir test class org.ovirt.engine.core.searchbackend.BitValueAutoCompleterTest
Tue May 15 14:43:37 UTC 2018: Found element on the queue
Tue May 15 14:43:37 UTC 2018: Updating status
Tue May 15 14:43:37 UTC 2018: Working
Tue May 15 14:43:40 UTC 2018: Start Dhandapani__gluster-ovir test class org.ovirt.engine.core.searchbackend.SearchObjectAutoCompleterTest
Tue May 15 14:43:40 UTC 2018: Setting lastTestMethodIndex: 35997
Tue May 15 14:43:40 UTC 2018: Starting linking
Tue May 15 14:43:40 UTC 2018: Linking done for Dhandapani__gluster-ovir test class org.ovirt.engine.core.searchbackend.SearchObjectAutoCompleterTest
Tue May 15 14:43:40 UTC 2018: Found element on the queue
Tue May 15 14:43:40 UTC 2018: Updating status
Tue May 15 14:43:40 UTC 2018: Working
Tue May 15 14:43:43 UTC 2018: Start Dhandapani__gluster-ovir test class org.ovirt.engine.core.searchbackend.VdsConditionFieldAutoCompleterTest
Tue May 15 14:43:43 UTC 2018: Setting lastTestMethodIndex: 35999
Tue May 15 14:43:43 UTC 2018: Starting linking
Tue May 15 14:43:43 UTC 2018: Linking done for Dhandapani__gluster-ovir test class org.ovirt.engine.core.searchbackend.VdsConditionFieldAutoCompleterTest
Tue May 15 14:43:43 UTC 2018: Found element on the queue
Tue May 15 14:43:43 UTC 2018: Updating status
Tue May 15 14:43:43 UTC 2018: Working
Tue May 15 14:43:46 UTC 2018: Start Dhandapani__gluster-ovir test class org.ovirt.engine.core.searchbackend.DiskImageConditionFieldAutoCompleterTest
Tue May 15 14:43:46 UTC 2018: Setting lastTestMethodIndex: 36000
Tue May 15 14:43:46 UTC 2018: Starting linking
Tue May 15 14:43:46 UTC 2018: Linking done for Dhandapani__gluster-ovir test class org.ovirt.engine.core.searchbackend.DiskImageConditionFieldAutoCompleterTest
Tue May 15 14:43:46 UTC 2018: Found element on the queue
Tue May 15 14:43:46 UTC 2018: Updating status
Tue May 15 14:43:46 UTC 2018: Working
Tue May 15 14:43:48 UTC 2018: Start Dhandapani__gluster-ovir test class org.ovirt.engine.core.searchbackend.StorageDomainFieldAutoCompleterTest
Tue May 15 14:43:48 UTC 2018: Setting lastTestMethodIndex: 36002
Tue May 15 14:43:48 UTC 2018: Starting linking
Tue May 15 14:43:48 UTC 2018: Linking done for Dhandapani__gluster-ovir test class org.ovirt.engine.core.searchbackend.StorageDomainFieldAutoCompleterTest
Tue May 15 14:43:49 UTC 2018: Found element on the queue
Tue May 15 14:43:49 UTC 2018: Updating status
Tue May 15 14:43:49 UTC 2018: Working
Tue May 15 14:43:52 UTC 2018: Start Dhandapani__gluster-ovir test class org.ovirt.engine.core.searchbackend.NumericConditionRelationAutoCompleterTest
Tue May 15 14:43:52 UTC 2018: Setting lastTestMethodIndex: 36003
Tue May 15 14:43:52 UTC 2018: Starting linking
Tue May 15 14:43:52 UTC 2018: Linking done for Dhandapani__gluster-ovir test class org.ovirt.engine.core.searchbackend.NumericConditionRelationAutoCompleterTest
Tue May 15 14:43:52 UTC 2018: Found element on the queue
Tue May 15 14:43:52 UTC 2018: Updating status
Tue May 15 14:43:52 UTC 2018: Working
Tue May 15 14:43:54 UTC 2018: Start Dhandapani__gluster-ovir test class org.ovirt.engine.core.searchbackend.SyntaxCheckerFactoryTest
Tue May 15 14:43:54 UTC 2018: Setting lastTestMethodIndex: 36005
Tue May 15 14:43:54 UTC 2018: Starting linking
Tue May 15 14:43:54 UTC 2018: Code found org.ovirt.engine.core.searchbackend.SyntaxCheckerFactory-CreateUISyntaxChecker with org.ovirt.engine.core.searchbackend.SyntaxCheckerFactoryTest-CreateUISyntaxChecker
Tue May 15 14:43:55 UTC 2018: Match not added in database because it already exists
Tue May 15 14:43:55 UTC 2018: Code found org.ovirt.engine.core.searchbackend.SyntaxCheckerFactory-CreateADSyntaxChecker with org.ovirt.engine.core.searchbackend.SyntaxCheckerFactoryTest-CreateADSyntaxChecker
Tue May 15 14:43:55 UTC 2018: Match not added in database because it already exists
Tue May 15 14:43:55 UTC 2018: Code found org.ovirt.engine.core.searchbackend.SyntaxCheckerFactory-CreateBackendSyntaxChecker with org.ovirt.engine.core.searchbackend.SyntaxCheckerFactoryTest-CreateBackendSyntaxChecker
Tue May 15 14:43:55 UTC 2018: Match not added in database because it already exists
Tue May 15 14:43:55 UTC 2018: Linking done for Dhandapani__gluster-ovir test class org.ovirt.engine.core.searchbackend.SyntaxCheckerFactoryTest
