Wed May 16 06:43:09 UTC 2018: Database:jdbc:mysql://localhost:3306/unittests
Wed May 16 06:43:09 UTC 2018: Starting
Wed May 16 06:43:09 UTC 2018: Found element on the queue
Wed May 16 06:43:09 UTC 2018: Updating status
Wed May 16 06:43:09 UTC 2018: Working
Wed May 16 06:43:09 UTC 2018: Create project parser
Wed May 16 06:43:15 UTC 2018: Create slicer
Wed May 16 06:43:15 UTC 2018: Wala does not support this class: com.ibm.wala.shrikeCT.InvalidClassFileException: Class file invalid at 10: bad magic number: 1297780736
Wed May 16 06:43:17 UTC 2018: Wala does not support this class: com.ibm.wala.shrikeCT.InvalidClassFileException: Class file invalid at 10: bad magic number: 1347093252
Wed May 16 06:43:23 UTC 2018: Create call graph
Wed May 16 06:43:26 UTC 2018: Create point analysis
Wed May 16 06:43:26 UTC 2018: Create call graph done
Wed May 16 06:43:26 UTC 2018: Start MrPii2__atT_j1501 test class hudson.cli.ConnectionTest
Wed May 16 06:43:26 UTC 2018: Setting lastTestMethodIndex: 65490
Wed May 16 06:43:26 UTC 2018: Starting linking
Wed May 16 06:43:26 UTC 2018: No link for: hudson.cli.ConnectionTest-testEncyrpt
Wed May 16 06:43:27 UTC 2018: None match not added in database because it already exists
Wed May 16 06:43:27 UTC 2018: Linking done for MrPii2__atT_j1501 test class hudson.cli.ConnectionTest
Wed May 16 06:43:27 UTC 2018: Found element on the queue
Wed May 16 06:43:27 UTC 2018: Updating status
Wed May 16 06:43:27 UTC 2018: Working
Wed May 16 06:43:27 UTC 2018: Create project parser
Wed May 16 06:44:10 UTC 2018: Start MrPii2__atT_j1501 test class jenkins.ResilientJsonObjectTest
Wed May 16 06:44:10 UTC 2018: Setting lastTestMethodIndex: 65503
Wed May 16 06:44:10 UTC 2018: Starting linking
Wed May 16 06:44:10 UTC 2018: Linking done for MrPii2__atT_j1501 test class jenkins.ResilientJsonObjectTest
Wed May 16 06:44:10 UTC 2018: Found element on the queue
Wed May 16 06:44:10 UTC 2018: Updating status
Wed May 16 06:44:10 UTC 2018: Working
Wed May 16 06:44:13 UTC 2018: Start MrPii2__atT_j1501 test class jenkins.model.lazy.AbstractLazyLoadRunMapTest
Wed May 16 06:44:13 UTC 2018: Setting lastTestMethodIndex: 65504
Wed May 16 06:44:13 UTC 2018: Starting linking
Wed May 16 06:44:13 UTC 2018: No link for: jenkins.model.lazy.AbstractLazyLoadRunMapTest-fastSubMap
Wed May 16 06:44:13 UTC 2018: None match not added in database because it already exists
Wed May 16 06:44:13 UTC 2018: No link for: jenkins.model.lazy.AbstractLazyLoadRunMapTest-search
Wed May 16 06:44:14 UTC 2018: None match not added in database because it already exists
Wed May 16 06:44:14 UTC 2018: No link for: jenkins.model.lazy.AbstractLazyLoadRunMapTest-eagerLoading
Wed May 16 06:44:14 UTC 2018: None match not added in database because it already exists
Wed May 16 06:44:14 UTC 2018: No link for: jenkins.model.lazy.AbstractLazyLoadRunMapTest-bogusCache2
Wed May 16 06:44:15 UTC 2018: None match not added in database because it already exists
Wed May 16 06:44:15 UTC 2018: No link for: jenkins.model.lazy.AbstractLazyLoadRunMapTest-fastLookup
Wed May 16 06:44:15 UTC 2018: None match not added in database because it already exists
Wed May 16 06:44:15 UTC 2018: No link for: jenkins.model.lazy.AbstractLazyLoadRunMapTest-bogusCache
Wed May 16 06:44:16 UTC 2018: None match not added in database because it already exists
Wed May 16 06:44:16 UTC 2018: No link for: jenkins.model.lazy.AbstractLazyLoadRunMapTest-lastKey
Wed May 16 06:44:16 UTC 2018: None match not added in database because it already exists
Wed May 16 06:44:16 UTC 2018: No link for: jenkins.model.lazy.AbstractLazyLoadRunMapTest-lookupWithBogusKeyType
Wed May 16 06:44:16 UTC 2018: None match not added in database because it already exists
Wed May 16 06:44:16 UTC 2018: No link for: jenkins.model.lazy.AbstractLazyLoadRunMapTest-lookup
Wed May 16 06:44:17 UTC 2018: None match not added in database because it already exists
Wed May 16 06:44:17 UTC 2018: No link for: jenkins.model.lazy.AbstractLazyLoadRunMapTest-fastSearch
Wed May 16 06:44:17 UTC 2018: None match not added in database because it already exists
Wed May 16 06:44:17 UTC 2018: No link for: jenkins.model.lazy.AbstractLazyLoadRunMapTest-indexOutOfBounds
Wed May 16 06:44:18 UTC 2018: None match not added in database because it already exists
Wed May 16 06:44:18 UTC 2018: No link for: jenkins.model.lazy.AbstractLazyLoadRunMapTest-lookup2
Wed May 16 06:44:18 UTC 2018: None match not added in database because it already exists
Wed May 16 06:44:18 UTC 2018: No link for: jenkins.model.lazy.AbstractLazyLoadRunMapTest-incompleteCache
Wed May 16 06:44:18 UTC 2018: None match not added in database because it already exists
Wed May 16 06:44:18 UTC 2018: No link for: jenkins.model.lazy.AbstractLazyLoadRunMapTest-identity
Wed May 16 06:44:19 UTC 2018: None match not added in database because it already exists
Wed May 16 06:44:19 UTC 2018: No link for: jenkins.model.lazy.AbstractLazyLoadRunMapTest-idempotentLookup
Wed May 16 06:44:19 UTC 2018: None match not added in database because it already exists
Wed May 16 06:44:19 UTC 2018: No link for: jenkins.model.lazy.AbstractLazyLoadRunMapTest-bogusCacheAndHiddenRealData
Wed May 16 06:44:20 UTC 2018: None match not added in database because it already exists
Wed May 16 06:44:20 UTC 2018: No link for: jenkins.model.lazy.AbstractLazyLoadRunMapTest-unloadableData
Wed May 16 06:44:20 UTC 2018: None match not added in database because it already exists
Wed May 16 06:44:20 UTC 2018: No link for: jenkins.model.lazy.AbstractLazyLoadRunMapTest-firstKey
Wed May 16 06:44:21 UTC 2018: None match not added in database because it already exists
Wed May 16 06:44:21 UTC 2018: Linking done for MrPii2__atT_j1501 test class jenkins.model.lazy.AbstractLazyLoadRunMapTest
Wed May 16 06:44:21 UTC 2018: Found element on the queue
Wed May 16 06:44:21 UTC 2018: Updating status
Wed May 16 06:44:21 UTC 2018: Working
Wed May 16 06:44:23 UTC 2018: Start MrPii2__atT_j1501 test class jenkins.model.lazy.SortedListTest
Wed May 16 06:44:23 UTC 2018: Setting lastTestMethodIndex: 65506
Wed May 16 06:44:23 UTC 2018: Starting linking
Wed May 16 06:44:23 UTC 2018: No link for: jenkins.model.lazy.SortedListTest-testFloor
Wed May 16 06:44:24 UTC 2018: None match not added in database because it already exists
Wed May 16 06:44:24 UTC 2018: No link for: jenkins.model.lazy.SortedListTest-remove
Wed May 16 06:44:24 UTC 2018: None match not added in database because it already exists
Wed May 16 06:44:24 UTC 2018: No link for: jenkins.model.lazy.SortedListTest-testCeil
Wed May 16 06:44:25 UTC 2018: None match not added in database because it already exists
Wed May 16 06:44:25 UTC 2018: No link for: jenkins.model.lazy.SortedListTest-testRange
Wed May 16 06:44:25 UTC 2018: None match not added in database because it already exists
Wed May 16 06:44:25 UTC 2018: No link for: jenkins.model.lazy.SortedListTest-testClone
Wed May 16 06:44:26 UTC 2018: None match not added in database because it already exists
Wed May 16 06:44:26 UTC 2018: No link for: jenkins.model.lazy.SortedListTest-testHigher
Wed May 16 06:44:26 UTC 2018: None match not added in database because it already exists
Wed May 16 06:44:26 UTC 2018: No link for: jenkins.model.lazy.SortedListTest-testLower
Wed May 16 06:44:26 UTC 2018: None match not added in database because it already exists
Wed May 16 06:44:26 UTC 2018: Linking done for MrPii2__atT_j1501 test class jenkins.model.lazy.SortedListTest
Wed May 16 06:44:27 UTC 2018: Found element on the queue
Wed May 16 06:44:27 UTC 2018: Updating status
Wed May 16 06:44:27 UTC 2018: Working
Wed May 16 06:44:29 UTC 2018: Start MrPii2__atT_j1501 test class jenkins.util.MarkFindingOutputStreamTest
Wed May 16 06:44:29 UTC 2018: Setting lastTestMethodIndex: 65508
Wed May 16 06:44:29 UTC 2018: Starting linking
Wed May 16 06:44:29 UTC 2018: Linking done for MrPii2__atT_j1501 test class jenkins.util.MarkFindingOutputStreamTest
Wed May 16 06:44:30 UTC 2018: Found element on the queue
Wed May 16 06:44:30 UTC 2018: Updating status
Wed May 16 06:44:30 UTC 2018: Working
Wed May 16 06:44:33 UTC 2018: Start MrPii2__atT_j1501 test class jenkins.util.TreeStringBuilderTest
Wed May 16 06:44:33 UTC 2018: Setting lastTestMethodIndex: 65510
Wed May 16 06:44:33 UTC 2018: Starting linking
Wed May 16 06:44:33 UTC 2018: No link for: jenkins.util.TreeStringBuilderTest-testRandom
Wed May 16 06:44:33 UTC 2018: None match not added in database because it already exists
Wed May 16 06:44:33 UTC 2018: No link for: jenkins.util.TreeStringBuilderTest-test
Wed May 16 06:44:34 UTC 2018: None match not added in database because it already exists
Wed May 16 06:44:34 UTC 2018: Linking done for MrPii2__atT_j1501 test class jenkins.util.TreeStringBuilderTest
Wed May 16 06:44:34 UTC 2018: Found element on the queue
Wed May 16 06:44:34 UTC 2018: Updating status
Wed May 16 06:44:34 UTC 2018: Working
Wed May 16 06:44:37 UTC 2018: Start MrPii2__atT_j1501 test class hudson.UtilTest
Wed May 16 06:44:37 UTC 2018: Setting lastTestMethodIndex: 65512
Wed May 16 06:44:37 UTC 2018: Starting linking
Wed May 16 06:44:37 UTC 2018: Code found hudson.Util-rawEncode with hudson.UtilTest-testRawEncode
Wed May 16 06:44:37 UTC 2018: Code found hudson.Util-escape with hudson.UtilTest-testHtmlEscape
Wed May 16 06:44:38 UTC 2018: Match not added in database because it already exists
Wed May 16 06:44:38 UTC 2018: Code found hudson.Util-tryParseNumber with hudson.UtilTest-testTryParseNumber
Wed May 16 06:44:38 UTC 2018: Match not added in database because it already exists
Wed May 16 06:44:38 UTC 2018: Code found hudson.Util-encode with hudson.UtilTest-testEncodeSpaces
Wed May 16 06:44:39 UTC 2018: Code found hudson.Util-isSymlink with hudson.UtilTest-testIsSymlink
Wed May 16 06:44:39 UTC 2018: Code found hudson.Util-encode with hudson.UtilTest-testEncodeAmpersand
Wed May 16 06:44:39 UTC 2018: Code found hudson.Util-replaceMacro with hudson.UtilTest-testReplaceMacro
Wed May 16 06:44:40 UTC 2018: Match not added in database because it already exists
Wed May 16 06:44:40 UTC 2018: No link for: hudson.UtilTest-testDigestThreadSafety
Wed May 16 06:44:40 UTC 2018: None match not added in database because it already exists
Wed May 16 06:44:40 UTC 2018: No link for: hudson.UtilTest-testTimeSpanString
Wed May 16 06:44:41 UTC 2018: None match not added in database because it already exists
Wed May 16 06:44:41 UTC 2018: No link for: hudson.UtilTest-testSymlink
Wed May 16 06:44:41 UTC 2018: Linking done for MrPii2__atT_j1501 test class hudson.UtilTest
Wed May 16 06:44:41 UTC 2018: Found element on the queue
Wed May 16 06:44:41 UTC 2018: Updating status
Wed May 16 06:44:41 UTC 2018: Working
Wed May 16 06:44:44 UTC 2018: Start MrPii2__atT_j1501 test class hudson.FilePathTest
Wed May 16 06:44:44 UTC 2018: Setting lastTestMethodIndex: 65515
Wed May 16 06:44:44 UTC 2018: Starting linking
Wed May 16 06:44:44 UTC 2018: Linking done for MrPii2__atT_j1501 test class hudson.FilePathTest
Wed May 16 06:44:45 UTC 2018: Found element on the queue
Wed May 16 06:44:45 UTC 2018: Updating status
Wed May 16 06:44:45 UTC 2018: Working
Wed May 16 06:44:48 UTC 2018: Start MrPii2__atT_j1501 test class hudson.slaves.ComputerLauncherTest
Wed May 16 06:44:48 UTC 2018: Setting lastTestMethodIndex: 65517
Wed May 16 06:44:48 UTC 2018: Starting linking
Wed May 16 06:44:48 UTC 2018: No link for: hudson.slaves.ComputerLauncherTest-j2sdk4
Wed May 16 06:44:48 UTC 2018: None match not added in database because it already exists
Wed May 16 06:44:48 UTC 2018: No link for: hudson.slaves.ComputerLauncherTest-jdk6
Wed May 16 06:44:49 UTC 2018: None match not added in database because it already exists
Wed May 16 06:44:49 UTC 2018: No link for: hudson.slaves.ComputerLauncherTest-jdk10
Wed May 16 06:44:49 UTC 2018: None match not added in database because it already exists
Wed May 16 06:44:49 UTC 2018: No link for: hudson.slaves.ComputerLauncherTest-jdk7
Wed May 16 06:44:49 UTC 2018: None match not added in database because it already exists
Wed May 16 06:44:49 UTC 2018: No link for: hudson.slaves.ComputerLauncherTest-openJDK7
Wed May 16 06:44:50 UTC 2018: None match not added in database because it already exists
Wed May 16 06:44:50 UTC 2018: No link for: hudson.slaves.ComputerLauncherTest-jdk5
Wed May 16 06:44:50 UTC 2018: None match not added in database because it already exists
Wed May 16 06:44:50 UTC 2018: Linking done for MrPii2__atT_j1501 test class hudson.slaves.ComputerLauncherTest
Wed May 16 06:44:51 UTC 2018: Found element on the queue
Wed May 16 06:44:51 UTC 2018: Updating status
Wed May 16 06:44:51 UTC 2018: Working
Wed May 16 06:44:53 UTC 2018: Start MrPii2__atT_j1501 test class hudson.tasks.test.TestObjectTest
Wed May 16 06:44:53 UTC 2018: Setting lastTestMethodIndex: 65520
Wed May 16 06:44:53 UTC 2018: Starting linking
Wed May 16 06:44:53 UTC 2018: Code found hudson.tasks.test.TestObject-safe with hudson.tasks.test.TestObjectTest-testSafe
Wed May 16 06:44:54 UTC 2018: Match not added in database because it already exists
Wed May 16 06:44:54 UTC 2018: No link for: hudson.tasks.test.TestObjectTest-uniquifyName
Wed May 16 06:44:54 UTC 2018: None match not added in database because it already exists
Wed May 16 06:44:54 UTC 2018: Linking done for MrPii2__atT_j1501 test class hudson.tasks.test.TestObjectTest
Wed May 16 06:44:55 UTC 2018: Found element on the queue
Wed May 16 06:44:55 UTC 2018: Updating status
Wed May 16 06:44:55 UTC 2018: Working
Wed May 16 06:44:57 UTC 2018: Start MrPii2__atT_j1501 test class hudson.tasks.junit.TestResultTest
Wed May 16 06:44:57 UTC 2018: Setting lastTestMethodIndex: 65524
Wed May 16 06:44:57 UTC 2018: Starting linking
Wed May 16 06:44:57 UTC 2018: Linking done for MrPii2__atT_j1501 test class hudson.tasks.junit.TestResultTest
Wed May 16 06:44:58 UTC 2018: Found element on the queue
Wed May 16 06:44:58 UTC 2018: Updating status
Wed May 16 06:44:58 UTC 2018: Working
Wed May 16 06:45:00 UTC 2018: Start MrPii2__atT_j1501 test class hudson.tasks._maven.Maven3MojoNoteTest
Wed May 16 06:45:00 UTC 2018: Setting lastTestMethodIndex: 65525
Wed May 16 06:45:00 UTC 2018: Starting linking
Wed May 16 06:45:00 UTC 2018: No link for: hudson.tasks._maven.Maven3MojoNoteTest-testAnnotateMavenPlugin
Wed May 16 06:45:01 UTC 2018: None match not added in database because it already exists
Wed May 16 06:45:01 UTC 2018: No link for: hudson.tasks._maven.Maven3MojoNoteTest-testAnnotateOtherPlugin
Wed May 16 06:45:01 UTC 2018: None match not added in database because it already exists
Wed May 16 06:45:01 UTC 2018: No link for: hudson.tasks._maven.Maven3MojoNoteTest-testAnnotateCodehausPlugin
Wed May 16 06:45:02 UTC 2018: None match not added in database because it already exists
Wed May 16 06:45:02 UTC 2018: Linking done for MrPii2__atT_j1501 test class hudson.tasks._maven.Maven3MojoNoteTest
Wed May 16 06:45:02 UTC 2018: Found element on the queue
Wed May 16 06:45:02 UTC 2018: Updating status
Wed May 16 06:45:02 UTC 2018: Working
Wed May 16 06:45:05 UTC 2018: Start MrPii2__atT_j1501 test class hudson.matrix.CombinationTest
Wed May 16 06:45:05 UTC 2018: Setting lastTestMethodIndex: 65528
Wed May 16 06:45:05 UTC 2018: Starting linking
Wed May 16 06:45:05 UTC 2018: Linking done for MrPii2__atT_j1501 test class hudson.matrix.CombinationTest
Wed May 16 06:45:06 UTC 2018: Found element on the queue
Wed May 16 06:45:06 UTC 2018: Updating status
Wed May 16 06:45:06 UTC 2018: Working
Wed May 16 06:45:08 UTC 2018: Start MrPii2__atT_j1501 test class hudson.MarkupTextTest
Wed May 16 06:45:08 UTC 2018: Setting lastTestMethodIndex: 65531
Wed May 16 06:45:08 UTC 2018: Starting linking
Wed May 16 06:45:08 UTC 2018: Linking done for MrPii2__atT_j1501 test class hudson.MarkupTextTest
Wed May 16 06:45:09 UTC 2018: Found element on the queue
Wed May 16 06:45:09 UTC 2018: Updating status
Wed May 16 06:45:09 UTC 2018: Working
Wed May 16 06:45:12 UTC 2018: Start MrPii2__atT_j1501 test class hudson.scheduler.CronTabEventualityTest
Wed May 16 06:45:12 UTC 2018: Setting lastTestMethodIndex: 65534
Wed May 16 06:45:12 UTC 2018: Starting linking
Wed May 16 06:45:12 UTC 2018: No link for: hudson.scheduler.CronTabEventualityTest-testHourlyWillBeEventuallyTriggeredWithinOneHour
Wed May 16 06:45:12 UTC 2018: None match not added in database because it already exists
Wed May 16 06:45:12 UTC 2018: No link for: hudson.scheduler.CronTabEventualityTest-testYearlyWillBeEventuallyTriggeredWithinOneYear
Wed May 16 06:45:13 UTC 2018: None match not added in database because it already exists
Wed May 16 06:45:13 UTC 2018: No link for: hudson.scheduler.CronTabEventualityTest-testWeeklyWillBeEventuallyTriggeredWithinOneWeek
Wed May 16 06:45:13 UTC 2018: None match not added in database because it already exists
Wed May 16 06:45:13 UTC 2018: No link for: hudson.scheduler.CronTabEventualityTest-testMonthlyWillBeEventuallyTriggeredWithinOneMonth
Wed May 16 06:45:14 UTC 2018: None match not added in database because it already exists
Wed May 16 06:45:14 UTC 2018: No link for: hudson.scheduler.CronTabEventualityTest-testFirstDayOfMonthWillBeEventuallyTriggeredWithinOneMonth
Wed May 16 06:45:14 UTC 2018: None match not added in database because it already exists
Wed May 16 06:45:14 UTC 2018: No link for: hudson.scheduler.CronTabEventualityTest-testDailyWillBeEventuallyTriggeredWithinOneDay
Wed May 16 06:45:15 UTC 2018: None match not added in database because it already exists
Wed May 16 06:45:15 UTC 2018: No link for: hudson.scheduler.CronTabEventualityTest-testMidnightWillBeEventuallyTriggeredWithinOneDay
Wed May 16 06:45:15 UTC 2018: None match not added in database because it already exists
Wed May 16 06:45:15 UTC 2018: No link for: hudson.scheduler.CronTabEventualityTest-testFirstSundayOfMonthWillBeEventuallyTriggeredWithinOneMonthAndOneWeek
Wed May 16 06:45:16 UTC 2018: None match not added in database because it already exists
Wed May 16 06:45:16 UTC 2018: No link for: hudson.scheduler.CronTabEventualityTest-testAnnuallyWillBeEventuallyTriggeredWithinOneYear
Wed May 16 06:45:16 UTC 2018: None match not added in database because it already exists
Wed May 16 06:45:16 UTC 2018: Linking done for MrPii2__atT_j1501 test class hudson.scheduler.CronTabEventualityTest
Wed May 16 06:45:17 UTC 2018: Found element on the queue
Wed May 16 06:45:17 UTC 2018: Updating status
Wed May 16 06:45:17 UTC 2018: Working
Wed May 16 06:45:19 UTC 2018: Start MrPii2__atT_j1501 test class hudson.scheduler.CronTabDayOfWeekLocaleTest
Wed May 16 06:45:19 UTC 2018: Setting lastTestMethodIndex: 65538
Wed May 16 06:45:19 UTC 2018: Starting linking
Wed May 16 06:45:19 UTC 2018: No link for: hudson.scheduler.CronTabDayOfWeekLocaleTest-isSundayAndNextRunIsMonday
Wed May 16 06:45:20 UTC 2018: None match not added in database because it already exists
Wed May 16 06:45:20 UTC 2018: No link for: hudson.scheduler.CronTabDayOfWeekLocaleTest-isSundayAndPreviousRunIsSaturday
Wed May 16 06:45:20 UTC 2018: None match not added in database because it already exists
Wed May 16 06:45:20 UTC 2018: No link for: hudson.scheduler.CronTabDayOfWeekLocaleTest-isSaturdayAndNextRunIsSundayAsterisk
Wed May 16 06:45:21 UTC 2018: None match not added in database because it already exists
Wed May 16 06:45:21 UTC 2018: No link for: hudson.scheduler.CronTabDayOfWeekLocaleTest-isSundayAndPreviousRunIsSaturdayAsterisk
Wed May 16 06:45:21 UTC 2018: None match not added in database because it already exists
Wed May 16 06:45:21 UTC 2018: No link for: hudson.scheduler.CronTabDayOfWeekLocaleTest-hudson8658
Wed May 16 06:45:22 UTC 2018: None match not added in database because it already exists
Wed May 16 06:45:22 UTC 2018: No link for: hudson.scheduler.CronTabDayOfWeekLocaleTest-isSundayAndNextRunIsThursday
Wed May 16 06:45:22 UTC 2018: None match not added in database because it already exists
Wed May 16 06:45:22 UTC 2018: No link for: hudson.scheduler.CronTabDayOfWeekLocaleTest-isSundayAndNextRunIsNextSunday
Wed May 16 06:45:22 UTC 2018: None match not added in database because it already exists
Wed May 16 06:45:22 UTC 2018: No link for: hudson.scheduler.CronTabDayOfWeekLocaleTest-isSundayAndNextRunIsWednesday
Wed May 16 06:45:23 UTC 2018: None match not added in database because it already exists
Wed May 16 06:45:23 UTC 2018: No link for: hudson.scheduler.CronTabDayOfWeekLocaleTest-isSundayAndPreviousRunIsFriday
Wed May 16 06:45:23 UTC 2018: None match not added in database because it already exists
Wed May 16 06:45:23 UTC 2018: No link for: hudson.scheduler.CronTabDayOfWeekLocaleTest-isSundayAndNextRunIsTuesday
Wed May 16 06:45:24 UTC 2018: None match not added in database because it already exists
Wed May 16 06:45:24 UTC 2018: No link for: hudson.scheduler.CronTabDayOfWeekLocaleTest-isSundayAndPreviousRunIsThursday
Wed May 16 06:45:24 UTC 2018: None match not added in database because it already exists
Wed May 16 06:45:24 UTC 2018: No link for: hudson.scheduler.CronTabDayOfWeekLocaleTest-isSundayAndNextRunIsFriday
Wed May 16 06:45:25 UTC 2018: None match not added in database because it already exists
Wed May 16 06:45:25 UTC 2018: No link for: hudson.scheduler.CronTabDayOfWeekLocaleTest-isSundayAndPreviousRunIsMonday
Wed May 16 06:45:25 UTC 2018: None match not added in database because it already exists
Wed May 16 06:45:25 UTC 2018: No link for: hudson.scheduler.CronTabDayOfWeekLocaleTest-isSundayAndPreviousRunIsPreviousSunday
Wed May 16 06:45:26 UTC 2018: None match not added in database because it already exists
Wed May 16 06:45:26 UTC 2018: No link for: hudson.scheduler.CronTabDayOfWeekLocaleTest-isSundayAndNextRunIsNextSunday7
Wed May 16 06:45:26 UTC 2018: None match not added in database because it already exists
Wed May 16 06:45:26 UTC 2018: No link for: hudson.scheduler.CronTabDayOfWeekLocaleTest-isSundayAndPreviousRunIsPreviousSunday7
Wed May 16 06:45:26 UTC 2018: None match not added in database because it already exists
Wed May 16 06:45:26 UTC 2018: No link for: hudson.scheduler.CronTabDayOfWeekLocaleTest-isSundayAndPreviousRunIsTuesday
Wed May 16 06:45:27 UTC 2018: None match not added in database because it already exists
Wed May 16 06:45:27 UTC 2018: No link for: hudson.scheduler.CronTabDayOfWeekLocaleTest-isSundayAndPreviousRunIsWednesday
Wed May 16 06:45:27 UTC 2018: None match not added in database because it already exists
Wed May 16 06:45:27 UTC 2018: No link for: hudson.scheduler.CronTabDayOfWeekLocaleTest-isSundayAndNextRunIsSaturday
Wed May 16 06:45:28 UTC 2018: None match not added in database because it already exists
Wed May 16 06:45:28 UTC 2018: Linking done for MrPii2__atT_j1501 test class hudson.scheduler.CronTabDayOfWeekLocaleTest
Wed May 16 06:45:28 UTC 2018: Found element on the queue
Wed May 16 06:45:28 UTC 2018: Updating status
Wed May 16 06:45:28 UTC 2018: Working
Wed May 16 06:45:31 UTC 2018: Start MrPii2__atT_j1501 test class hudson.model.BallColorTest
Wed May 16 06:45:31 UTC 2018: Setting lastTestMethodIndex: 65545
Wed May 16 06:45:31 UTC 2018: Starting linking
Wed May 16 06:45:31 UTC 2018: Linking done for MrPii2__atT_j1501 test class hudson.model.BallColorTest
Wed May 16 06:45:31 UTC 2018: Found element on the queue
Wed May 16 06:45:31 UTC 2018: Updating status
Wed May 16 06:45:31 UTC 2018: Working
Wed May 16 06:45:34 UTC 2018: Start MrPii2__atT_j1501 test class hudson.model.AbstractItemTest
Wed May 16 06:45:34 UTC 2018: Setting lastTestMethodIndex: 65547
Wed May 16 06:45:34 UTC 2018: Starting linking
Wed May 16 06:45:34 UTC 2018: Linking done for MrPii2__atT_j1501 test class hudson.model.AbstractItemTest
Wed May 16 06:45:35 UTC 2018: Found element on the queue
Wed May 16 06:45:35 UTC 2018: Updating status
Wed May 16 06:45:35 UTC 2018: Working
Wed May 16 06:45:37 UTC 2018: Start MrPii2__atT_j1501 test class hudson.model.ItemsTest
Wed May 16 06:45:37 UTC 2018: Setting lastTestMethodIndex: 65549
Wed May 16 06:45:37 UTC 2018: Starting linking
Wed May 16 06:45:37 UTC 2018: Code found hudson.model.Items-computeRelativeNamesAfterRenaming with hudson.model.ItemsTest-computeRelativeNamesAfterRenaming
Wed May 16 06:45:38 UTC 2018: Match not added in database because it already exists
Wed May 16 06:45:38 UTC 2018: Code found hudson.model.Items-getCanonicalName with hudson.model.ItemsTest-getCanonicalName
Wed May 16 06:45:38 UTC 2018: Match not added in database because it already exists
Wed May 16 06:45:38 UTC 2018: Linking done for MrPii2__atT_j1501 test class hudson.model.ItemsTest
Wed May 16 06:45:39 UTC 2018: Found element on the queue
Wed May 16 06:45:39 UTC 2018: Updating status
Wed May 16 06:45:39 UTC 2018: Working
Wed May 16 06:45:41 UTC 2018: Start MrPii2__atT_j1501 test class hudson.model.FingerprintTest
Wed May 16 06:45:41 UTC 2018: Setting lastTestMethodIndex: 65551
Wed May 16 06:45:41 UTC 2018: Starting linking
Wed May 16 06:45:41 UTC 2018: Linking done for MrPii2__atT_j1501 test class hudson.model.FingerprintTest
Wed May 16 06:45:42 UTC 2018: Found element on the queue
Wed May 16 06:45:42 UTC 2018: Updating status
Wed May 16 06:45:42 UTC 2018: Working
Wed May 16 06:45:45 UTC 2018: Start MrPii2__atT_j1501 test class hudson.model.ComputerTest
Wed May 16 06:45:45 UTC 2018: Setting lastTestMethodIndex: 65552
Wed May 16 06:45:45 UTC 2018: Starting linking
Wed May 16 06:45:45 UTC 2018: No link for: hudson.model.ComputerTest-testRelocate
Wed May 16 06:45:45 UTC 2018: None match not added in database because it already exists
Wed May 16 06:45:45 UTC 2018: Linking done for MrPii2__atT_j1501 test class hudson.model.ComputerTest
Wed May 16 06:45:46 UTC 2018: Found element on the queue
Wed May 16 06:45:46 UTC 2018: Updating status
Wed May 16 06:45:46 UTC 2018: Working
Wed May 16 06:45:48 UTC 2018: Start MrPii2__atT_j1501 test class hudson.model.ResourceListTest
Wed May 16 06:45:49 UTC 2018: Setting lastTestMethodIndex: 65555
Wed May 16 06:45:49 UTC 2018: Starting linking
Wed May 16 06:45:49 UTC 2018: Linking done for MrPii2__atT_j1501 test class hudson.model.ResourceListTest
Wed May 16 06:45:49 UTC 2018: Found element on the queue
Wed May 16 06:45:49 UTC 2018: Updating status
Wed May 16 06:45:49 UTC 2018: Working
Wed May 16 06:45:52 UTC 2018: Start MrPii2__atT_j1501 test class hudson.model.TimeSeriesTest
Wed May 16 06:45:52 UTC 2018: Setting lastTestMethodIndex: 65558
Wed May 16 06:45:52 UTC 2018: Starting linking
Wed May 16 06:45:52 UTC 2018: Linking done for MrPii2__atT_j1501 test class hudson.model.TimeSeriesTest
Wed May 16 06:45:52 UTC 2018: Found element on the queue
Wed May 16 06:45:52 UTC 2018: Updating status
Wed May 16 06:45:52 UTC 2018: Working
Wed May 16 06:45:55 UTC 2018: Start MrPii2__atT_j1501 test class hudson.model.AutoCompleteSeederTest
Wed May 16 06:45:55 UTC 2018: Setting lastTestMethodIndex: 65559
Wed May 16 06:45:55 UTC 2018: Starting linking
Wed May 16 06:45:55 UTC 2018: Linking done for MrPii2__atT_j1501 test class hudson.model.AutoCompleteSeederTest
Wed May 16 06:45:55 UTC 2018: Found element on the queue
Wed May 16 06:45:55 UTC 2018: Updating status
Wed May 16 06:45:55 UTC 2018: Working
Wed May 16 06:45:58 UTC 2018: Start MrPii2__atT_j1501 test class hudson.model.LoadStatisticsTest
Wed May 16 06:45:58 UTC 2018: Setting lastTestMethodIndex: 65560
Wed May 16 06:45:58 UTC 2018: Starting linking
Wed May 16 06:45:58 UTC 2018: Linking done for MrPii2__atT_j1501 test class hudson.model.LoadStatisticsTest
Wed May 16 06:45:59 UTC 2018: Found element on the queue
Wed May 16 06:45:59 UTC 2018: Updating status
Wed May 16 06:45:59 UTC 2018: Working
Wed May 16 06:46:01 UTC 2018: Start MrPii2__atT_j1501 test class hudson.model.BuildStatusSummaryTest
Wed May 16 06:46:01 UTC 2018: Setting lastTestMethodIndex: 65561
Wed May 16 06:46:01 UTC 2018: Starting linking
Wed May 16 06:46:01 UTC 2018: No link for: hudson.model.BuildStatusSummaryTest-testSuccess
Wed May 16 06:46:02 UTC 2018: None match not added in database because it already exists
Wed May 16 06:46:02 UTC 2018: No link for: hudson.model.BuildStatusSummaryTest-testFixed
Wed May 16 06:46:02 UTC 2018: None match not added in database because it already exists
Wed May 16 06:46:02 UTC 2018: No link for: hudson.model.BuildStatusSummaryTest-testBecameFailure
Wed May 16 06:46:02 UTC 2018: None match not added in database because it already exists
Wed May 16 06:46:02 UTC 2018: No link for: hudson.model.BuildStatusSummaryTest-testUnstableAfterFailure
Wed May 16 06:46:03 UTC 2018: None match not added in database because it already exists
Wed May 16 06:46:03 UTC 2018: No link for: hudson.model.BuildStatusSummaryTest-testBuildGotMoreFailingTests
Wed May 16 06:46:03 UTC 2018: None match not added in database because it already exists
Wed May 16 06:46:03 UTC 2018: No link for: hudson.model.BuildStatusSummaryTest-testBuildGotLessFailingTests
Wed May 16 06:46:04 UTC 2018: None match not added in database because it already exists
Wed May 16 06:46:04 UTC 2018: No link for: hudson.model.BuildStatusSummaryTest-testNotBuilt
Wed May 16 06:46:04 UTC 2018: None match not added in database because it already exists
Wed May 16 06:46:04 UTC 2018: No link for: hudson.model.BuildStatusSummaryTest-testNonTestRelatedBecameUnstable
Wed May 16 06:46:04 UTC 2018: None match not added in database because it already exists
Wed May 16 06:46:04 UTC 2018: No link for: hudson.model.BuildStatusSummaryTest-testFailure
Wed May 16 06:46:05 UTC 2018: None match not added in database because it already exists
Wed May 16 06:46:05 UTC 2018: No link for: hudson.model.BuildStatusSummaryTest-testBecameUnstable
Wed May 16 06:46:05 UTC 2018: None match not added in database because it already exists
Wed May 16 06:46:05 UTC 2018: No link for: hudson.model.BuildStatusSummaryTest-testNonTestRelatedUnstable
Wed May 16 06:46:05 UTC 2018: None match not added in database because it already exists
Wed May 16 06:46:05 UTC 2018: No link for: hudson.model.BuildStatusSummaryTest-testFailureSince
Wed May 16 06:46:06 UTC 2018: None match not added in database because it already exists
Wed May 16 06:46:06 UTC 2018: No link for: hudson.model.BuildStatusSummaryTest-testBuildEqualAmountOfTestsFailing
Wed May 16 06:46:06 UTC 2018: None match not added in database because it already exists
Wed May 16 06:46:06 UTC 2018: No link for: hudson.model.BuildStatusSummaryTest-testBuildGotAFailingTest
Wed May 16 06:46:07 UTC 2018: None match not added in database because it already exists
Wed May 16 06:46:07 UTC 2018: No link for: hudson.model.BuildStatusSummaryTest-testAborted
Wed May 16 06:46:07 UTC 2018: None match not added in database because it already exists
Wed May 16 06:46:07 UTC 2018: No link for: hudson.model.BuildStatusSummaryTest-testStatusUnknownIfRunIsStillBuilding
Wed May 16 06:46:08 UTC 2018: None match not added in database because it already exists
Wed May 16 06:46:08 UTC 2018: Linking done for MrPii2__atT_j1501 test class hudson.model.BuildStatusSummaryTest
Wed May 16 06:46:08 UTC 2018: Found element on the queue
Wed May 16 06:46:08 UTC 2018: Updating status
Wed May 16 06:46:08 UTC 2018: Working
Wed May 16 06:46:11 UTC 2018: Start MrPii2__atT_j1501 test class hudson.model.TaskActionTest
Wed May 16 06:46:11 UTC 2018: Setting lastTestMethodIndex: 65564
Wed May 16 06:46:11 UTC 2018: Starting linking
Wed May 16 06:46:11 UTC 2018: Linking done for MrPii2__atT_j1501 test class hudson.model.TaskActionTest
Wed May 16 06:46:11 UTC 2018: Found element on the queue
Wed May 16 06:46:11 UTC 2018: Updating status
Wed May 16 06:46:11 UTC 2018: Working
Wed May 16 06:46:14 UTC 2018: Start MrPii2__atT_j1501 test class hudson.markup.MyspacePolicyTest
Wed May 16 06:46:14 UTC 2018: Setting lastTestMethodIndex: 65566
Wed May 16 06:46:14 UTC 2018: Starting linking
Wed May 16 06:46:14 UTC 2018: No link for: hudson.markup.MyspacePolicyTest-testPolicy
Wed May 16 06:46:14 UTC 2018: None match not added in database because it already exists
Wed May 16 06:46:14 UTC 2018: Linking done for MrPii2__atT_j1501 test class hudson.markup.MyspacePolicyTest
Wed May 16 06:46:15 UTC 2018: Found element on the queue
Wed May 16 06:46:15 UTC 2018: Updating status
Wed May 16 06:46:15 UTC 2018: Working
Wed May 16 06:46:18 UTC 2018: Start MrPii2__atT_j1501 test class hudson.ProxyConfigurationTest
Wed May 16 06:46:18 UTC 2018: Setting lastTestMethodIndex: 65568
Wed May 16 06:46:18 UTC 2018: Starting linking
Wed May 16 06:46:18 UTC 2018: Linking done for MrPii2__atT_j1501 test class hudson.ProxyConfigurationTest
Wed May 16 06:46:18 UTC 2018: Found element on the queue
Wed May 16 06:46:18 UTC 2018: Updating status
Wed May 16 06:46:18 UTC 2018: Working
Wed May 16 06:46:21 UTC 2018: Start MrPii2__atT_j1501 test class hudson.BulkChangeTest
Wed May 16 06:46:21 UTC 2018: Setting lastTestMethodIndex: 65570
Wed May 16 06:46:21 UTC 2018: Starting linking
Wed May 16 06:46:21 UTC 2018: Linking done for MrPii2__atT_j1501 test class hudson.BulkChangeTest
Wed May 16 06:46:21 UTC 2018: Found element on the queue
Wed May 16 06:46:21 UTC 2018: Updating status
Wed May 16 06:46:21 UTC 2018: Working
Wed May 16 06:46:24 UTC 2018: Start MrPii2__atT_j1501 test class hudson.util.CopyOnWriteMapTest
Wed May 16 06:46:24 UTC 2018: Setting lastTestMethodIndex: 65572
Wed May 16 06:46:24 UTC 2018: Starting linking
Wed May 16 06:46:24 UTC 2018: Linking done for MrPii2__atT_j1501 test class hudson.util.CopyOnWriteMapTest
Wed May 16 06:46:25 UTC 2018: Found element on the queue
Wed May 16 06:46:25 UTC 2018: Updating status
Wed May 16 06:46:25 UTC 2018: Working
Wed May 16 06:46:27 UTC 2018: Start MrPii2__atT_j1501 test class hudson.util.CyclicGraphDetectorTest
Wed May 16 06:46:27 UTC 2018: Setting lastTestMethodIndex: 65574
Wed May 16 06:46:27 UTC 2018: Starting linking
Wed May 16 06:46:27 UTC 2018: Linking done for MrPii2__atT_j1501 test class hudson.util.CyclicGraphDetectorTest
Wed May 16 06:46:28 UTC 2018: Found element on the queue
Wed May 16 06:46:28 UTC 2018: Updating status
Wed May 16 06:46:28 UTC 2018: Working
Wed May 16 06:46:31 UTC 2018: Start MrPii2__atT_j1501 test class hudson.util.ArgumentListBuilderTest
Wed May 16 06:46:31 UTC 2018: Setting lastTestMethodIndex: 65577
Wed May 16 06:46:31 UTC 2018: Starting linking
Wed May 16 06:46:31 UTC 2018: No link for: hudson.util.ArgumentListBuilderTest-assertMaskOnClone
Wed May 16 06:46:31 UTC 2018: None match not added in database because it already exists
Wed May 16 06:46:31 UTC 2018: No link for: hudson.util.ArgumentListBuilderTest-assertKeyValuePairsWithMask
Wed May 16 06:46:32 UTC 2018: None match not added in database because it already exists
Wed May 16 06:46:32 UTC 2018: No link for: hudson.util.ArgumentListBuilderTest-testToWindowsCommand
Wed May 16 06:46:32 UTC 2018: None match not added in database because it already exists
Wed May 16 06:46:32 UTC 2018: No link for: hudson.util.ArgumentListBuilderTest-assertLastArgumentIsMasked
Wed May 16 06:46:32 UTC 2018: None match not added in database because it already exists
Wed May 16 06:46:32 UTC 2018: No link for: hudson.util.ArgumentListBuilderTest-assertEmptyMask
Wed May 16 06:46:33 UTC 2018: None match not added in database because it already exists
Wed May 16 06:46:33 UTC 2018: No link for: hudson.util.ArgumentListBuilderTest-assertPrependBeforeAddingMasked
Wed May 16 06:46:33 UTC 2018: None match not added in database because it already exists
Wed May 16 06:46:33 UTC 2018: No link for: hudson.util.ArgumentListBuilderTest-assertSeveralMaskedArguments
Wed May 16 06:46:34 UTC 2018: None match not added in database because it already exists
Wed May 16 06:46:34 UTC 2018: No link for: hudson.util.ArgumentListBuilderTest-assertPrependAfterAddingMasked
Wed May 16 06:46:34 UTC 2018: None match not added in database because it already exists
Wed May 16 06:46:34 UTC 2018: No link for: hudson.util.ArgumentListBuilderTest-assertKeyValuePairs
Wed May 16 06:46:35 UTC 2018: None match not added in database because it already exists
Wed May 16 06:46:35 UTC 2018: Linking done for MrPii2__atT_j1501 test class hudson.util.ArgumentListBuilderTest
Wed May 16 06:46:35 UTC 2018: Found element on the queue
Wed May 16 06:46:35 UTC 2018: Updating status
Wed May 16 06:46:35 UTC 2018: Working
Wed May 16 06:46:38 UTC 2018: Start MrPii2__atT_j1501 test class hudson.util.SubClassGeneratorTest
Wed May 16 06:46:38 UTC 2018: Setting lastTestMethodIndex: 65579
Wed May 16 06:46:38 UTC 2018: Starting linking
Wed May 16 06:46:38 UTC 2018: Linking done for MrPii2__atT_j1501 test class hudson.util.SubClassGeneratorTest
Wed May 16 06:46:38 UTC 2018: Found element on the queue
Wed May 16 06:46:38 UTC 2018: Updating status
Wed May 16 06:46:38 UTC 2018: Working
Wed May 16 06:46:41 UTC 2018: Start MrPii2__atT_j1501 test class hudson.util.FormValidationTest
Wed May 16 06:46:41 UTC 2018: Setting lastTestMethodIndex: 65581
Wed May 16 06:46:41 UTC 2018: Starting linking
Wed May 16 06:46:41 UTC 2018: Linking done for MrPii2__atT_j1501 test class hudson.util.FormValidationTest
Wed May 16 06:46:41 UTC 2018: Found element on the queue
Wed May 16 06:46:41 UTC 2018: Updating status
Wed May 16 06:46:41 UTC 2018: Working
Wed May 16 06:46:45 UTC 2018: Start MrPii2__atT_j1501 test class hudson.util.CopyOnWriteListTest
Wed May 16 06:46:45 UTC 2018: Setting lastTestMethodIndex: 65584
Wed May 16 06:46:45 UTC 2018: Starting linking
Wed May 16 06:46:45 UTC 2018: Linking done for MrPii2__atT_j1501 test class hudson.util.CopyOnWriteListTest
Wed May 16 06:46:45 UTC 2018: Found element on the queue
Wed May 16 06:46:45 UTC 2018: Updating status
Wed May 16 06:46:45 UTC 2018: Working
Wed May 16 06:46:48 UTC 2018: Start MrPii2__atT_j1501 test class hudson.util.io.ZipArchiverTest
Wed May 16 06:46:48 UTC 2018: Setting lastTestMethodIndex: 65586
Wed May 16 06:46:48 UTC 2018: Starting linking
Wed May 16 06:46:48 UTC 2018: Linking done for MrPii2__atT_j1501 test class hudson.util.io.ZipArchiverTest
Wed May 16 06:46:48 UTC 2018: Found element on the queue
Wed May 16 06:46:48 UTC 2018: Updating status
Wed May 16 06:46:48 UTC 2018: Working
Wed May 16 06:46:51 UTC 2018: Start MrPii2__atT_j1501 test class hudson.util.io.ReopenableRotatingFileOutputStreamTest
Wed May 16 06:46:51 UTC 2018: Setting lastTestMethodIndex: 65588
Wed May 16 06:46:51 UTC 2018: Starting linking
Wed May 16 06:46:51 UTC 2018: Linking done for MrPii2__atT_j1501 test class hudson.util.io.ReopenableRotatingFileOutputStreamTest
Wed May 16 06:46:52 UTC 2018: Found element on the queue
Wed May 16 06:46:52 UTC 2018: Updating status
Wed May 16 06:46:52 UTC 2018: Working
Wed May 16 06:46:54 UTC 2018: Start MrPii2__atT_j1501 test class hudson.util.IteratorsTest
Wed May 16 06:46:55 UTC 2018: Setting lastTestMethodIndex: 65591
Wed May 16 06:46:55 UTC 2018: Starting linking
Wed May 16 06:46:55 UTC 2018: Linking done for MrPii2__atT_j1501 test class hudson.util.IteratorsTest
Wed May 16 06:46:56 UTC 2018: Found element on the queue
Wed May 16 06:46:56 UTC 2018: Updating status
Wed May 16 06:46:56 UTC 2018: Working
Wed May 16 06:46:58 UTC 2018: Start MrPii2__atT_j1501 test class hudson.util.DirScannerTest
Wed May 16 06:46:58 UTC 2018: Setting lastTestMethodIndex: 65593
Wed May 16 06:46:58 UTC 2018: Starting linking
Wed May 16 06:46:58 UTC 2018: Linking done for MrPii2__atT_j1501 test class hudson.util.DirScannerTest
Wed May 16 06:46:59 UTC 2018: Found element on the queue
Wed May 16 06:46:59 UTC 2018: Updating status
Wed May 16 06:46:59 UTC 2018: Working
Wed May 16 06:47:02 UTC 2018: Start MrPii2__atT_j1501 test class hudson.util.LineEndNormalizingWriterTest
Wed May 16 06:47:02 UTC 2018: Setting lastTestMethodIndex: 65596
Wed May 16 06:47:02 UTC 2018: Starting linking
Wed May 16 06:47:02 UTC 2018: Linking done for MrPii2__atT_j1501 test class hudson.util.LineEndNormalizingWriterTest
Wed May 16 06:47:02 UTC 2018: Found element on the queue
Wed May 16 06:47:02 UTC 2018: Updating status
Wed May 16 06:47:02 UTC 2018: Working
Wed May 16 06:47:05 UTC 2018: Start MrPii2__atT_j1501 test class hudson.util.RobustReflectionConverterTest
Wed May 16 06:47:05 UTC 2018: Setting lastTestMethodIndex: 65599
Wed May 16 06:47:05 UTC 2018: Starting linking
Wed May 16 06:47:05 UTC 2018: Linking done for MrPii2__atT_j1501 test class hudson.util.RobustReflectionConverterTest
Wed May 16 06:47:05 UTC 2018: Found element on the queue
Wed May 16 06:47:05 UTC 2018: Updating status
Wed May 16 06:47:05 UTC 2018: Working
Wed May 16 06:47:08 UTC 2018: Start MrPii2__atT_j1501 test class hudson.util.ProcessTreeTest
Wed May 16 06:47:08 UTC 2018: Setting lastTestMethodIndex: 65600
Wed May 16 06:47:08 UTC 2018: Starting linking
Wed May 16 06:47:08 UTC 2018: Linking done for MrPii2__atT_j1501 test class hudson.util.ProcessTreeTest
Wed May 16 06:47:08 UTC 2018: Found element on the queue
Wed May 16 06:47:08 UTC 2018: Updating status
Wed May 16 06:47:08 UTC 2018: Working
Wed May 16 06:47:11 UTC 2018: Start MrPii2__atT_j1501 test class hudson.EnvVarsTest
Wed May 16 06:47:11 UTC 2018: Setting lastTestMethodIndex: 65603
Wed May 16 06:47:11 UTC 2018: Starting linking
Wed May 16 06:47:11 UTC 2018: Linking done for MrPii2__atT_j1501 test class hudson.EnvVarsTest
