Wed May 16 07:28:21 UTC 2018: Database:jdbc:mysql://localhost:3306/unittests
Wed May 16 07:28:22 UTC 2018: Starting
Wed May 16 07:28:24 UTC 2018: Found element on the queue
Wed May 16 07:28:24 UTC 2018: Updating status
Wed May 16 07:28:24 UTC 2018: Working
Wed May 16 07:28:24 UTC 2018: Create project parser
Wed May 16 07:29:53 UTC 2018: Create slicer
Wed May 16 07:30:00 UTC 2018: Create call graph
Wed May 16 07:30:02 UTC 2018: Create point analysis
Wed May 16 07:30:02 UTC 2018: Create call graph done
Wed May 16 07:30:02 UTC 2018: Start natasupport__google-sites-liberation test class com.google.sites.liberation.imprt.EntryUploaderImplTest
Wed May 16 07:30:06 UTC 2018: Setting lastTestMethodIndex: 66375
Wed May 16 07:30:06 UTC 2018: Starting linking
Wed May 16 07:30:06 UTC 2018: No link for: com.google.sites.liberation.imprt.EntryUploaderImplTest-testUpdateById
Wed May 16 07:30:07 UTC 2018: None match not added in database because it already exists
Wed May 16 07:30:07 UTC 2018: No link for: com.google.sites.liberation.imprt.EntryUploaderImplTest-testUpdateByPath
Wed May 16 07:30:08 UTC 2018: None match not added in database because it already exists
Wed May 16 07:30:08 UTC 2018: No link for: com.google.sites.liberation.imprt.EntryUploaderImplTest-testInsert
Wed May 16 07:30:09 UTC 2018: None match not added in database because it already exists
Wed May 16 07:30:09 UTC 2018: Linking done for natasupport__google-sites-liberation test class com.google.sites.liberation.imprt.EntryUploaderImplTest
Wed May 16 07:30:10 UTC 2018: Found element on the queue
Wed May 16 07:30:10 UTC 2018: Updating status
Wed May 16 07:30:10 UTC 2018: Working
Wed May 16 07:30:15 UTC 2018: Start natasupport__google-sites-liberation test class com.google.sites.liberation.export.InMemoryEntryStoreTest
Wed May 16 07:30:15 UTC 2018: Setting lastTestMethodIndex: 66377
Wed May 16 07:30:15 UTC 2018: Starting linking
Wed May 16 07:30:15 UTC 2018: Code found com.google.sites.liberation.export.InMemoryEntryStore-getEntry with com.google.sites.liberation.export.InMemoryEntryStoreTest-testGetEntry
Wed May 16 07:30:16 UTC 2018: Match not added in database because it already exists
Wed May 16 07:30:16 UTC 2018: Code found com.google.sites.liberation.export.InMemoryEntryStore-getChildren with com.google.sites.liberation.export.InMemoryEntryStoreTest-testGetChildren
Wed May 16 07:30:18 UTC 2018: Match not added in database because it already exists
Wed May 16 07:30:18 UTC 2018: Linking done for natasupport__google-sites-liberation test class com.google.sites.liberation.export.InMemoryEntryStoreTest
Wed May 16 07:30:20 UTC 2018: Found element on the queue
Wed May 16 07:30:20 UTC 2018: Updating status
Wed May 16 07:30:20 UTC 2018: Working
Wed May 16 07:30:23 UTC 2018: Start natasupport__google-sites-liberation test class com.google.sites.liberation.export.PageExporterImplTest
Wed May 16 07:30:24 UTC 2018: Setting lastTestMethodIndex: 66379
Wed May 16 07:30:24 UTC 2018: Starting linking
Wed May 16 07:30:24 UTC 2018: No link for: com.google.sites.liberation.export.PageExporterImplTest-testListExport
Wed May 16 07:30:24 UTC 2018: None match not added in database because it already exists
Wed May 16 07:30:24 UTC 2018: No link for: com.google.sites.liberation.export.PageExporterImplTest-testAnnouncementsExport
Wed May 16 07:30:25 UTC 2018: None match not added in database because it already exists
Wed May 16 07:30:25 UTC 2018: No link for: com.google.sites.liberation.export.PageExporterImplTest-testNormalExport
Wed May 16 07:30:27 UTC 2018: None match not added in database because it already exists
Wed May 16 07:30:27 UTC 2018: No link for: com.google.sites.liberation.export.PageExporterImplTest-testFileCabinetExport
Wed May 16 07:30:28 UTC 2018: None match not added in database because it already exists
Wed May 16 07:30:28 UTC 2018: Linking done for natasupport__google-sites-liberation test class com.google.sites.liberation.export.PageExporterImplTest
Wed May 16 07:30:29 UTC 2018: Found element on the queue
Wed May 16 07:30:29 UTC 2018: Updating status
Wed May 16 07:30:29 UTC 2018: Working
Wed May 16 07:30:34 UTC 2018: Start natasupport__google-sites-liberation test class com.google.sites.liberation.export.RevisionExporterImplTest
Wed May 16 07:30:34 UTC 2018: Setting lastTestMethodIndex: 66382
Wed May 16 07:30:34 UTC 2018: Starting linking
Wed May 16 07:30:34 UTC 2018: No link for: com.google.sites.liberation.export.RevisionExporterImplTest-testListPageRevision
Wed May 16 07:30:35 UTC 2018: None match not added in database because it already exists
Wed May 16 07:30:35 UTC 2018: No link for: com.google.sites.liberation.export.RevisionExporterImplTest-testNormalRevision
Wed May 16 07:30:36 UTC 2018: None match not added in database because it already exists
Wed May 16 07:30:36 UTC 2018: Linking done for natasupport__google-sites-liberation test class com.google.sites.liberation.export.RevisionExporterImplTest
Wed May 16 07:30:36 UTC 2018: Found element on the queue
Wed May 16 07:30:36 UTC 2018: Updating status
Wed May 16 07:30:38 UTC 2018: Working
Wed May 16 07:30:43 UTC 2018: Start natasupport__google-sites-liberation test class com.google.sites.liberation.export.SiteExporterImplTest
Wed May 16 07:30:43 UTC 2018: Setting lastTestMethodIndex: 66384
Wed May 16 07:30:43 UTC 2018: Starting linking
Wed May 16 07:30:43 UTC 2018: No link for: com.google.sites.liberation.export.SiteExporterImplTest-testEmptyExport
Wed May 16 07:30:44 UTC 2018: None match not added in database because it already exists
Wed May 16 07:30:44 UTC 2018: No link for: com.google.sites.liberation.export.SiteExporterImplTest-testOnePageWithAttachment
Wed May 16 07:30:45 UTC 2018: None match not added in database because it already exists
Wed May 16 07:30:45 UTC 2018: No link for: com.google.sites.liberation.export.SiteExporterImplTest-testSeveralOfEach
Wed May 16 07:30:45 UTC 2018: None match not added in database because it already exists
Wed May 16 07:30:45 UTC 2018: No link for: com.google.sites.liberation.export.SiteExporterImplTest-testOnePage
Wed May 16 07:30:47 UTC 2018: None match not added in database because it already exists
Wed May 16 07:30:47 UTC 2018: Linking done for natasupport__google-sites-liberation test class com.google.sites.liberation.export.SiteExporterImplTest
Wed May 16 07:30:48 UTC 2018: Found element on the queue
Wed May 16 07:30:48 UTC 2018: Updating status
Wed May 16 07:30:48 UTC 2018: Working
Wed May 16 07:30:52 UTC 2018: Start natasupport__google-sites-liberation test class com.google.sites.liberation.parsers.TitleParserImplTest
Wed May 16 07:30:52 UTC 2018: Setting lastTestMethodIndex: 66387
Wed May 16 07:30:52 UTC 2018: Starting linking
Wed May 16 07:30:52 UTC 2018: No link for: com.google.sites.liberation.parsers.TitleParserImplTest-testNormalCase
Wed May 16 07:30:52 UTC 2018: None match not added in database because it already exists
Wed May 16 07:30:52 UTC 2018: No link for: com.google.sites.liberation.parsers.TitleParserImplTest-testComplicatedStructure
Wed May 16 07:30:54 UTC 2018: None match not added in database because it already exists
Wed May 16 07:30:54 UTC 2018: Linking done for natasupport__google-sites-liberation test class com.google.sites.liberation.parsers.TitleParserImplTest
Wed May 16 07:30:54 UTC 2018: Found element on the queue
Wed May 16 07:30:54 UTC 2018: Updating status
Wed May 16 07:30:54 UTC 2018: Working
Wed May 16 07:30:58 UTC 2018: Start natasupport__google-sites-liberation test class com.google.sites.liberation.parsers.AuthorParserImplTest
Wed May 16 07:30:58 UTC 2018: Setting lastTestMethodIndex: 66389
Wed May 16 07:30:58 UTC 2018: Starting linking
Wed May 16 07:30:58 UTC 2018: No link for: com.google.sites.liberation.parsers.AuthorParserImplTest-testN
Wed May 16 07:30:58 UTC 2018: None match not added in database because it already exists
Wed May 16 07:30:58 UTC 2018: No link for: com.google.sites.liberation.parsers.AuthorParserImplTest-testNAndEmail
Wed May 16 07:30:58 UTC 2018: None match not added in database because it already exists
Wed May 16 07:30:58 UTC 2018: No link for: com.google.sites.liberation.parsers.AuthorParserImplTest-testFn
Wed May 16 07:30:59 UTC 2018: None match not added in database because it already exists
Wed May 16 07:30:59 UTC 2018: No link for: com.google.sites.liberation.parsers.AuthorParserImplTest-testEmail
Wed May 16 07:30:59 UTC 2018: None match not added in database because it already exists
Wed May 16 07:30:59 UTC 2018: Linking done for natasupport__google-sites-liberation test class com.google.sites.liberation.parsers.AuthorParserImplTest
Wed May 16 07:31:01 UTC 2018: Found element on the queue
Wed May 16 07:31:01 UTC 2018: Updating status
Wed May 16 07:31:01 UTC 2018: Working
Wed May 16 07:31:05 UTC 2018: Start natasupport__google-sites-liberation test class com.google.sites.liberation.parsers.UpdatedParserImplTest
Wed May 16 07:31:05 UTC 2018: Setting lastTestMethodIndex: 66391
Wed May 16 07:31:05 UTC 2018: Starting linking
Wed May 16 07:31:05 UTC 2018: No link for: com.google.sites.liberation.parsers.UpdatedParserImplTest-testInvalidDate
Wed May 16 07:31:07 UTC 2018: None match not added in database because it already exists
Wed May 16 07:31:07 UTC 2018: No link for: com.google.sites.liberation.parsers.UpdatedParserImplTest-testValidDate
Wed May 16 07:31:08 UTC 2018: None match not added in database because it already exists
Wed May 16 07:31:08 UTC 2018: Linking done for natasupport__google-sites-liberation test class com.google.sites.liberation.parsers.UpdatedParserImplTest
Wed May 16 07:31:09 UTC 2018: Found element on the queue
Wed May 16 07:31:09 UTC 2018: Updating status
Wed May 16 07:31:09 UTC 2018: Working
Wed May 16 07:31:14 UTC 2018: Start natasupport__google-sites-liberation test class com.google.sites.liberation.parsers.FieldParserImplTest
Wed May 16 07:31:15 UTC 2018: Setting lastTestMethodIndex: 66394
Wed May 16 07:31:15 UTC 2018: Starting linking
Wed May 16 07:31:15 UTC 2018: No link for: com.google.sites.liberation.parsers.FieldParserImplTest-testNormalCase
Wed May 16 07:31:20 UTC 2018: None match not added in database because it already exists
Wed May 16 07:31:20 UTC 2018: No link for: com.google.sites.liberation.parsers.FieldParserImplTest-testComplicatedStructure
Wed May 16 07:31:27 UTC 2018: None match not added in database because it already exists
Wed May 16 07:31:27 UTC 2018: Linking done for natasupport__google-sites-liberation test class com.google.sites.liberation.parsers.FieldParserImplTest
Wed May 16 07:31:28 UTC 2018: Found element on the queue
Wed May 16 07:31:28 UTC 2018: Updating status
Wed May 16 07:31:28 UTC 2018: Working
Wed May 16 07:31:37 UTC 2018: Start natasupport__google-sites-liberation test class com.google.sites.liberation.parsers.SummaryParserImplTest
Wed May 16 07:31:37 UTC 2018: Setting lastTestMethodIndex: 66397
Wed May 16 07:31:37 UTC 2018: Starting linking
Wed May 16 07:31:37 UTC 2018: No link for: com.google.sites.liberation.parsers.SummaryParserImplTest-testNormalCase
Wed May 16 07:31:38 UTC 2018: None match not added in database because it already exists
Wed May 16 07:31:38 UTC 2018: No link for: com.google.sites.liberation.parsers.SummaryParserImplTest-testComplicatedStructure
Wed May 16 07:31:40 UTC 2018: None match not added in database because it already exists
Wed May 16 07:31:40 UTC 2018: Linking done for natasupport__google-sites-liberation test class com.google.sites.liberation.parsers.SummaryParserImplTest
Wed May 16 07:31:40 UTC 2018: Found element on the queue
Wed May 16 07:31:40 UTC 2018: Updating status
Wed May 16 07:31:40 UTC 2018: Working
Wed May 16 07:31:45 UTC 2018: Start natasupport__google-sites-liberation test class com.google.sites.liberation.parsers.EntryParserImplTest
Wed May 16 07:31:45 UTC 2018: Setting lastTestMethodIndex: 66400
Wed May 16 07:31:45 UTC 2018: Starting linking
Wed May 16 07:31:45 UTC 2018: No link for: com.google.sites.liberation.parsers.EntryParserImplTest-testNormalPage
Wed May 16 07:31:45 UTC 2018: None match not added in database because it already exists
Wed May 16 07:31:45 UTC 2018: No link for: com.google.sites.liberation.parsers.EntryParserImplTest-testFieldParsing
Wed May 16 07:31:46 UTC 2018: None match not added in database because it already exists
Wed May 16 07:31:46 UTC 2018: No link for: com.google.sites.liberation.parsers.EntryParserImplTest-testUnusualStructure
Wed May 16 07:31:46 UTC 2018: None match not added in database because it already exists
Wed May 16 07:31:46 UTC 2018: No link for: com.google.sites.liberation.parsers.EntryParserImplTest-testDataParsing
Wed May 16 07:31:47 UTC 2018: None match not added in database because it already exists
Wed May 16 07:31:47 UTC 2018: No link for: com.google.sites.liberation.parsers.EntryParserImplTest-testWithChildren
Wed May 16 07:31:49 UTC 2018: None match not added in database because it already exists
Wed May 16 07:31:49 UTC 2018: Linking done for natasupport__google-sites-liberation test class com.google.sites.liberation.parsers.EntryParserImplTest
Wed May 16 07:31:50 UTC 2018: Found element on the queue
Wed May 16 07:31:50 UTC 2018: Updating status
Wed May 16 07:31:50 UTC 2018: Working
Wed May 16 07:31:54 UTC 2018: Start natasupport__google-sites-liberation test class com.google.sites.liberation.parsers.ContentParserImplTest
Wed May 16 07:31:54 UTC 2018: Setting lastTestMethodIndex: 66403
Wed May 16 07:31:54 UTC 2018: Starting linking
Wed May 16 07:31:55 UTC 2018: No link for: com.google.sites.liberation.parsers.ContentParserImplTest-testEmptyXhtmlContent
Wed May 16 07:31:59 UTC 2018: None match not added in database because it already exists
Wed May 16 07:31:59 UTC 2018: No link for: com.google.sites.liberation.parsers.ContentParserImplTest-testJustTextXhtmlContent
Wed May 16 07:32:03 UTC 2018: None match not added in database because it already exists
Wed May 16 07:32:03 UTC 2018: No link for: com.google.sites.liberation.parsers.ContentParserImplTest-testNormalXhtmlContent
Wed May 16 07:32:04 UTC 2018: None match not added in database because it already exists
Wed May 16 07:32:04 UTC 2018: Linking done for natasupport__google-sites-liberation test class com.google.sites.liberation.parsers.ContentParserImplTest
Wed May 16 07:32:05 UTC 2018: Found element on the queue
Wed May 16 07:32:05 UTC 2018: Updating status
Wed May 16 07:32:05 UTC 2018: Working
Wed May 16 07:32:09 UTC 2018: Start natasupport__google-sites-liberation test class com.google.sites.liberation.parsers.DataParserImplTest
Wed May 16 07:32:09 UTC 2018: Setting lastTestMethodIndex: 66405
Wed May 16 07:32:09 UTC 2018: Starting linking
Wed May 16 07:32:09 UTC 2018: No link for: com.google.sites.liberation.parsers.DataParserImplTest-testComplicatedStructure
Wed May 16 07:32:10 UTC 2018: None match not added in database because it already exists
Wed May 16 07:32:10 UTC 2018: No link for: com.google.sites.liberation.parsers.DataParserImplTest-testNormalData
Wed May 16 07:32:10 UTC 2018: None match not added in database because it already exists
Wed May 16 07:32:10 UTC 2018: Linking done for natasupport__google-sites-liberation test class com.google.sites.liberation.parsers.DataParserImplTest
Wed May 16 07:32:11 UTC 2018: Found element on the queue
Wed May 16 07:32:11 UTC 2018: Updating status
Wed May 16 07:32:11 UTC 2018: Working
Wed May 16 07:32:14 UTC 2018: Start natasupport__google-sites-liberation test class com.google.sites.liberation.util.EntryTypeTest
Wed May 16 07:32:14 UTC 2018: Setting lastTestMethodIndex: 66407
Wed May 16 07:32:14 UTC 2018: Starting linking
Wed May 16 07:32:14 UTC 2018: No link for: com.google.sites.liberation.util.EntryTypeTest-testGetType
Wed May 16 07:32:15 UTC 2018: None match not added in database because it already exists
Wed May 16 07:32:15 UTC 2018: No link for: com.google.sites.liberation.util.EntryTypeTest-testIsPage
Wed May 16 07:32:16 UTC 2018: None match not added in database because it already exists
Wed May 16 07:32:16 UTC 2018: Linking done for natasupport__google-sites-liberation test class com.google.sites.liberation.util.EntryTypeTest
Wed May 16 07:32:16 UTC 2018: Found element on the queue
Wed May 16 07:32:16 UTC 2018: Updating status
Wed May 16 07:32:16 UTC 2018: Working
Wed May 16 07:32:19 UTC 2018: Start natasupport__google-sites-liberation test class com.google.sites.liberation.util.XmlElementTest
Wed May 16 07:32:19 UTC 2018: Setting lastTestMethodIndex: 66409
Wed May 16 07:32:19 UTC 2018: Starting linking
Wed May 16 07:32:19 UTC 2018: Code found com.google.sites.liberation.util.XmlElement-addXml with com.google.sites.liberation.util.XmlElementTest-testAddXml
Wed May 16 07:32:20 UTC 2018: Match not added in database because it already exists
Wed May 16 07:32:20 UTC 2018: Code found com.google.sites.liberation.util.XmlElement-setAttribute with com.google.sites.liberation.util.XmlElementTest-testSetAttribute
Wed May 16 07:32:20 UTC 2018: Match not added in database because it already exists
Wed May 16 07:32:20 UTC 2018: Code found com.google.sites.liberation.util.XmlElement-addText with com.google.sites.liberation.util.XmlElementTest-testAddText
Wed May 16 07:32:21 UTC 2018: Match not added in database because it already exists
Wed May 16 07:32:21 UTC 2018: No link for: com.google.sites.liberation.util.XmlElementTest-testConstructor
Wed May 16 07:32:22 UTC 2018: None match not added in database because it already exists
Wed May 16 07:32:22 UTC 2018: No link for: com.google.sites.liberation.util.XmlElementTest-testAddChild
Wed May 16 07:32:23 UTC 2018: None match not added in database because it already exists
Wed May 16 07:32:23 UTC 2018: Linking done for natasupport__google-sites-liberation test class com.google.sites.liberation.util.XmlElementTest
Wed May 16 07:32:26 UTC 2018: Found element on the queue
Wed May 16 07:32:26 UTC 2018: Updating status
Wed May 16 07:32:26 UTC 2018: Working
Wed May 16 07:32:31 UTC 2018: Start natasupport__google-sites-liberation test class com.google.sites.liberation.util.UrlUtilsTest
Wed May 16 07:32:31 UTC 2018: Setting lastTestMethodIndex: 66412
Wed May 16 07:32:31 UTC 2018: Starting linking
Wed May 16 07:32:31 UTC 2018: Code found com.google.sites.liberation.util.UrlUtils-getFeedUrl with com.google.sites.liberation.util.UrlUtilsTest-testGetFeedUrl
Wed May 16 07:32:32 UTC 2018: Match not added in database because it already exists
Wed May 16 07:32:32 UTC 2018: Code found com.google.sites.liberation.util.UrlUtils-getSiteUrl with com.google.sites.liberation.util.UrlUtilsTest-testGetSiteUrl
Wed May 16 07:32:32 UTC 2018: Match not added in database because it already exists
Wed May 16 07:32:32 UTC 2018: Linking done for natasupport__google-sites-liberation test class com.google.sites.liberation.util.UrlUtilsTest
Wed May 16 07:32:34 UTC 2018: Found element on the queue
Wed May 16 07:32:34 UTC 2018: Updating status
Wed May 16 07:32:34 UTC 2018: Working
Wed May 16 07:32:40 UTC 2018: Start natasupport__google-sites-liberation test class com.google.sites.liberation.util.GuiProgressListenerTest
Wed May 16 07:32:40 UTC 2018: Setting lastTestMethodIndex: 66414
Wed May 16 07:32:40 UTC 2018: Starting linking
Wed May 16 07:32:40 UTC 2018: Code found com.google.sites.liberation.util.GuiProgressListener-setProgress with com.google.sites.liberation.util.GuiProgressListenerTest-testSetProgress
Wed May 16 07:32:41 UTC 2018: Match not added in database because it already exists
Wed May 16 07:32:41 UTC 2018: Code found com.google.sites.liberation.util.GuiProgressListener-setStatus with com.google.sites.liberation.util.GuiProgressListenerTest-testSetStatus
Wed May 16 07:32:44 UTC 2018: Match not added in database because it already exists
Wed May 16 07:32:44 UTC 2018: Linking done for natasupport__google-sites-liberation test class com.google.sites.liberation.util.GuiProgressListenerTest
