Tue May 15 22:47:34 UTC 2018: Database:jdbc:mysql://localhost:3306/unittests
Tue May 15 22:47:34 UTC 2018: Starting
Tue May 15 22:47:35 UTC 2018: Found element on the queue
Tue May 15 22:47:35 UTC 2018: Updating status
Tue May 15 22:47:35 UTC 2018: Working
Tue May 15 22:47:35 UTC 2018: Create project parser
Tue May 15 22:47:41 UTC 2018: Create slicer
Tue May 15 22:47:43 UTC 2018: Create call graph
Tue May 15 22:47:45 UTC 2018: Create point analysis
Tue May 15 22:47:45 UTC 2018: Create call graph done
Tue May 15 22:47:45 UTC 2018: Start ismailkuru__MeetMeForLangProjec test class edu.drexel.cs575.model.cities.CitiesTest
Tue May 15 22:47:45 UTC 2018: Setting lastTestMethodIndex: 49643
Tue May 15 22:47:45 UTC 2018: Starting linking
Tue May 15 22:47:45 UTC 2018: No link for: edu.drexel.cs575.model.cities.CitiesTest-canSetArrayOfCities
Tue May 15 22:47:45 UTC 2018: Linking done for ismailkuru__MeetMeForLangProjec test class edu.drexel.cs575.model.cities.CitiesTest
Tue May 15 22:47:45 UTC 2018: Found element on the queue
Tue May 15 22:47:45 UTC 2018: Updating status
Tue May 15 22:47:45 UTC 2018: Working
Tue May 15 22:47:48 UTC 2018: Start ismailkuru__MeetMeForLangProjec test class edu.drexel.cs575.model.languages.LanguagesDataTest
Tue May 15 22:47:48 UTC 2018: Setting lastTestMethodIndex: 49645
Tue May 15 22:47:48 UTC 2018: Starting linking
Tue May 15 22:47:48 UTC 2018: Code found edu.drexel.cs575.model.languages.LanguagesData-getLanguages with edu.drexel.cs575.model.languages.LanguagesDataTest-getLanguages
Tue May 15 22:47:48 UTC 2018: Linking done for ismailkuru__MeetMeForLangProjec test class edu.drexel.cs575.model.languages.LanguagesDataTest
Tue May 15 22:47:49 UTC 2018: Found element on the queue
Tue May 15 22:47:49 UTC 2018: Updating status
Tue May 15 22:47:49 UTC 2018: Working
Tue May 15 22:47:51 UTC 2018: Start ismailkuru__MeetMeForLangProjec test class edu.drexel.cs575.model.ErrorTest
Tue May 15 22:47:51 UTC 2018: Setting lastTestMethodIndex: 49648
Tue May 15 22:47:51 UTC 2018: Starting linking
Tue May 15 22:47:51 UTC 2018: Code found edu.drexel.cs575.model.Error-setMessage with edu.drexel.cs575.model.ErrorTest-canSetMessage
Tue May 15 22:47:51 UTC 2018: Linking done for ismailkuru__MeetMeForLangProjec test class edu.drexel.cs575.model.ErrorTest
Tue May 15 22:47:52 UTC 2018: Found element on the queue
Tue May 15 22:47:52 UTC 2018: Updating status
Tue May 15 22:47:52 UTC 2018: Working
Tue May 15 22:47:54 UTC 2018: Start ismailkuru__MeetMeForLangProjec test class edu.drexel.cs575.model.signIn.SignInSignUpDataTest
Tue May 15 22:47:54 UTC 2018: Setting lastTestMethodIndex: 49651
Tue May 15 22:47:54 UTC 2018: Starting linking
Tue May 15 22:47:54 UTC 2018: Code found edu.drexel.cs575.model.signIn.SignInSignUpData-getMessage with edu.drexel.cs575.model.signIn.SignInSignUpDataTest-getMessage
Tue May 15 22:47:55 UTC 2018: Code found edu.drexel.cs575.model.signIn.SignInSignUpData-getUserId with edu.drexel.cs575.model.signIn.SignInSignUpDataTest-getUserId
Tue May 15 22:47:55 UTC 2018: Linking done for ismailkuru__MeetMeForLangProjec test class edu.drexel.cs575.model.signIn.SignInSignUpDataTest
Tue May 15 22:47:55 UTC 2018: Found element on the queue
Tue May 15 22:47:55 UTC 2018: Updating status
Tue May 15 22:47:55 UTC 2018: Working
Tue May 15 22:47:58 UTC 2018: Start ismailkuru__MeetMeForLangProjec test class edu.drexel.cs575.servlets.EventServletITTest
Tue May 15 22:47:58 UTC 2018: Setting lastTestMethodIndex: 49654
Tue May 15 22:47:58 UTC 2018: Starting linking
Tue May 15 22:47:58 UTC 2018: No link for: edu.drexel.cs575.servlets.EventServletITTest-canGetEventDetailsAsCreator
Tue May 15 22:47:59 UTC 2018: Linking done for ismailkuru__MeetMeForLangProjec test class edu.drexel.cs575.servlets.EventServletITTest
Tue May 15 22:47:59 UTC 2018: Found element on the queue
Tue May 15 22:47:59 UTC 2018: Updating status
Tue May 15 22:47:59 UTC 2018: Working
Tue May 15 22:48:01 UTC 2018: Start ismailkuru__MeetMeForLangProjec test class edu.drexel.cs575.utility.primitives.user.PersonalDataTest
Tue May 15 22:48:01 UTC 2018: Setting lastTestMethodIndex: 49656
Tue May 15 22:48:01 UTC 2018: Starting linking
Tue May 15 22:48:01 UTC 2018: Code found edu.drexel.cs575.model.user.PersonalData-getEmail with edu.drexel.cs575.utility.primitives.user.PersonalDataTest-getEmail
Tue May 15 22:48:02 UTC 2018: Code found edu.drexel.cs575.model.user.PersonalData-getCity with edu.drexel.cs575.utility.primitives.user.PersonalDataTest-getCity
Tue May 15 22:48:02 UTC 2018: Code found edu.drexel.cs575.model.user.PersonalData-getPassword with edu.drexel.cs575.utility.primitives.user.PersonalDataTest-getPassword
Tue May 15 22:48:02 UTC 2018: Code found edu.drexel.cs575.model.user.PersonalData-getFirstName with edu.drexel.cs575.utility.primitives.user.PersonalDataTest-getFirstName
Tue May 15 22:48:02 UTC 2018: Code found edu.drexel.cs575.model.user.PersonalData-getLastName with edu.drexel.cs575.utility.primitives.user.PersonalDataTest-getLastName
Tue May 15 22:48:03 UTC 2018: Linking done for ismailkuru__MeetMeForLangProjec test class edu.drexel.cs575.utility.primitives.user.PersonalDataTest
Tue May 15 22:48:04 UTC 2018: Found element on the queue
Tue May 15 22:48:04 UTC 2018: Updating status
Tue May 15 22:48:04 UTC 2018: Working
Tue May 15 22:48:06 UTC 2018: Start ismailkuru__MeetMeForLangProjec test class edu.drexel.cs575.utility.primitives.event.LanguageTest
Tue May 15 22:48:06 UTC 2018: Setting lastTestMethodIndex: 49659
Tue May 15 22:48:06 UTC 2018: Starting linking
Tue May 15 22:48:06 UTC 2018: Code found edu.drexel.cs575.model.Language-getLanguageName with edu.drexel.cs575.utility.primitives.event.LanguageTest-getLanguageName
Tue May 15 22:48:07 UTC 2018: Code found edu.drexel.cs575.model.Language-setLanguageName with edu.drexel.cs575.utility.primitives.event.LanguageTest-setLanguageName
Tue May 15 22:48:07 UTC 2018: Code found edu.drexel.cs575.model.Language-getProficiency with edu.drexel.cs575.utility.primitives.event.LanguageTest-getProficiency
Tue May 15 22:48:07 UTC 2018: Linking done for ismailkuru__MeetMeForLangProjec test class edu.drexel.cs575.utility.primitives.event.LanguageTest
Tue May 15 22:48:08 UTC 2018: Found element on the queue
Tue May 15 22:48:08 UTC 2018: Updating status
Tue May 15 22:48:08 UTC 2018: Working
Tue May 15 22:48:10 UTC 2018: Start ismailkuru__MeetMeForLangProjec test class edu.drexel.cs575.model.user.UserLanguageListTest
Tue May 15 22:48:10 UTC 2018: Setting lastTestMethodIndex: 49663
Tue May 15 22:48:10 UTC 2018: Starting linking
Tue May 15 22:48:10 UTC 2018: No link for: edu.drexel.cs575.model.user.UserLanguageListTest-canSetArrayOfCities
Tue May 15 22:48:10 UTC 2018: Linking done for ismailkuru__MeetMeForLangProjec test class edu.drexel.cs575.model.user.UserLanguageListTest
Tue May 15 22:48:11 UTC 2018: Found element on the queue
Tue May 15 22:48:11 UTC 2018: Updating status
Tue May 15 22:48:11 UTC 2018: Working
Tue May 15 22:48:13 UTC 2018: Start ismailkuru__MeetMeForLangProjec test class edu.drexel.cs575.model.ResponseModelTest
Tue May 15 22:48:13 UTC 2018: Setting lastTestMethodIndex: 49666
Tue May 15 22:48:13 UTC 2018: Starting linking
Tue May 15 22:48:13 UTC 2018: No link for: edu.drexel.cs575.model.ResponseModelTest-canSetResponseModelDataAndError
Tue May 15 22:48:14 UTC 2018: Linking done for ismailkuru__MeetMeForLangProjec test class edu.drexel.cs575.model.ResponseModelTest
Tue May 15 22:48:14 UTC 2018: Found element on the queue
Tue May 15 22:48:14 UTC 2018: Updating status
Tue May 15 22:48:14 UTC 2018: Working
Tue May 15 22:48:17 UTC 2018: Start ismailkuru__MeetMeForLangProjec test class edu.drexel.cs575.model.event.AttendeeTest
Tue May 15 22:48:17 UTC 2018: Setting lastTestMethodIndex: 49668
Tue May 15 22:48:17 UTC 2018: Starting linking
Tue May 15 22:48:17 UTC 2018: No link for: edu.drexel.cs575.model.event.AttendeeTest-canTestPropertiesOfAttendee
Tue May 15 22:48:17 UTC 2018: Linking done for ismailkuru__MeetMeForLangProjec test class edu.drexel.cs575.model.event.AttendeeTest
Tue May 15 22:48:18 UTC 2018: Found element on the queue
Tue May 15 22:48:18 UTC 2018: Updating status
Tue May 15 22:48:18 UTC 2018: Working
Tue May 15 22:48:20 UTC 2018: Start ismailkuru__MeetMeForLangProjec test class edu.drexel.cs575.model.event.EventByUserTest
Tue May 15 22:48:20 UTC 2018: Setting lastTestMethodIndex: 49671
Tue May 15 22:48:20 UTC 2018: Starting linking
Tue May 15 22:48:20 UTC 2018: No link for: edu.drexel.cs575.model.event.EventByUserTest-canSetEventPrimitivesAndStatus
Tue May 15 22:48:20 UTC 2018: Linking done for ismailkuru__MeetMeForLangProjec test class edu.drexel.cs575.model.event.EventByUserTest
Tue May 15 22:48:21 UTC 2018: Found element on the queue
Tue May 15 22:48:21 UTC 2018: Updating status
Tue May 15 22:48:21 UTC 2018: Working
Tue May 15 22:48:23 UTC 2018: Start ismailkuru__MeetMeForLangProjec test class edu.drexel.cs575.model.event.EventDataTest
Tue May 15 22:48:23 UTC 2018: Setting lastTestMethodIndex: 49673
Tue May 15 22:48:23 UTC 2018: Starting linking
Tue May 15 22:48:23 UTC 2018: No link for: edu.drexel.cs575.model.event.EventDataTest-canSetPropertiesOfEventByLocation
Tue May 15 22:48:24 UTC 2018: Linking done for ismailkuru__MeetMeForLangProjec test class edu.drexel.cs575.model.event.EventDataTest
Tue May 15 22:48:24 UTC 2018: Found element on the queue
Tue May 15 22:48:24 UTC 2018: Updating status
Tue May 15 22:48:24 UTC 2018: Working
Tue May 15 22:48:27 UTC 2018: Start ismailkuru__MeetMeForLangProjec test class edu.drexel.cs575.model.event.EventTest
Tue May 15 22:48:27 UTC 2018: Setting lastTestMethodIndex: 49675
Tue May 15 22:48:27 UTC 2018: Starting linking
Tue May 15 22:48:27 UTC 2018: Code found edu.drexel.cs575.model.event.Event-setEventPrimitives with edu.drexel.cs575.model.event.EventTest-canSetEventPrimitivesAndStatus
Tue May 15 22:48:27 UTC 2018: Linking done for ismailkuru__MeetMeForLangProjec test class edu.drexel.cs575.model.event.EventTest
Tue May 15 22:48:28 UTC 2018: Found element on the queue
Tue May 15 22:48:28 UTC 2018: Updating status
Tue May 15 22:48:28 UTC 2018: Working
Tue May 15 22:48:30 UTC 2018: Start ismailkuru__MeetMeForLangProjec test class edu.drexel.cs575.model.event.EventPrimitivesTest
Tue May 15 22:48:30 UTC 2018: Setting lastTestMethodIndex: 49678
Tue May 15 22:48:30 UTC 2018: Starting linking
Tue May 15 22:48:30 UTC 2018: Code found edu.drexel.cs575.model.event.EventPrimitives-getEventLanguage with edu.drexel.cs575.model.event.EventPrimitivesTest-getEventLanguage
Tue May 15 22:48:30 UTC 2018: Code found edu.drexel.cs575.model.event.EventPrimitives-getEventLocation with edu.drexel.cs575.model.event.EventPrimitivesTest-getEventLocation
Tue May 15 22:48:31 UTC 2018: Code found edu.drexel.cs575.model.event.EventPrimitives-getListOfRequestedAttendees with edu.drexel.cs575.model.event.EventPrimitivesTest-getListOfRequestedAttendees
Tue May 15 22:48:31 UTC 2018: Code found edu.drexel.cs575.model.event.EventPrimitives-getEventTime with edu.drexel.cs575.model.event.EventPrimitivesTest-getEventTime
Tue May 15 22:48:31 UTC 2018: Code found edu.drexel.cs575.model.event.EventPrimitives-isAccessible with edu.drexel.cs575.model.event.EventPrimitivesTest-isAccessible
Tue May 15 22:48:31 UTC 2018: Code found edu.drexel.cs575.model.event.EventPrimitives-getCreaterAsTeacherOrLearner with edu.drexel.cs575.model.event.EventPrimitivesTest-getCreaterAsTeacherOrLearner
Tue May 15 22:48:32 UTC 2018: Code found edu.drexel.cs575.model.event.EventPrimitives-getEventId with edu.drexel.cs575.model.event.EventPrimitivesTest-getEventId
Tue May 15 22:48:32 UTC 2018: Code found edu.drexel.cs575.model.event.EventPrimitives-getEventTitle with edu.drexel.cs575.model.event.EventPrimitivesTest-getEventTitle
Tue May 15 22:48:32 UTC 2018: Code found edu.drexel.cs575.model.event.EventPrimitives-getNumOfStudents with edu.drexel.cs575.model.event.EventPrimitivesTest-getNumOfStudents
Tue May 15 22:48:32 UTC 2018: Code found edu.drexel.cs575.model.event.EventPrimitives-getEventCity with edu.drexel.cs575.model.event.EventPrimitivesTest-getEventCity
Tue May 15 22:48:32 UTC 2018: Code found edu.drexel.cs575.model.event.EventPrimitives-getNumOfTeachers with edu.drexel.cs575.model.event.EventPrimitivesTest-getNumOfTeachers
Tue May 15 22:48:33 UTC 2018: Code found edu.drexel.cs575.model.event.EventPrimitives-getEventDescription with edu.drexel.cs575.model.event.EventPrimitivesTest-getEventDescription
Tue May 15 22:48:33 UTC 2018: Code found edu.drexel.cs575.model.event.EventPrimitives-getListOfConfirmedAttendees with edu.drexel.cs575.model.event.EventPrimitivesTest-getListOfConfirmedAttendees
Tue May 15 22:48:33 UTC 2018: Code found edu.drexel.cs575.model.event.EventPrimitives-getListOfRejectedAttendees with edu.drexel.cs575.model.event.EventPrimitivesTest-getListOfRejectedAttendees
Tue May 15 22:48:33 UTC 2018: Code found edu.drexel.cs575.model.event.EventPrimitives-getCreatorId with edu.drexel.cs575.model.event.EventPrimitivesTest-getCreatorId
Tue May 15 22:48:34 UTC 2018: Linking done for ismailkuru__MeetMeForLangProjec test class edu.drexel.cs575.model.event.EventPrimitivesTest
Tue May 15 22:48:34 UTC 2018: Found element on the queue
Tue May 15 22:48:34 UTC 2018: Updating status
Tue May 15 22:48:34 UTC 2018: Working
Tue May 15 22:48:37 UTC 2018: Start ismailkuru__MeetMeForLangProjec test class edu.drexel.cs575.model.event.EventByLocationTest
Tue May 15 22:48:37 UTC 2018: Setting lastTestMethodIndex: 49682
Tue May 15 22:48:37 UTC 2018: Starting linking
Tue May 15 22:48:37 UTC 2018: No link for: edu.drexel.cs575.model.event.EventByLocationTest-canSetPropertiesOfEventByLocation
Tue May 15 22:48:37 UTC 2018: Linking done for ismailkuru__MeetMeForLangProjec test class edu.drexel.cs575.model.event.EventByLocationTest
Tue May 15 22:48:38 UTC 2018: Found element on the queue
Tue May 15 22:48:38 UTC 2018: Updating status
Tue May 15 22:48:38 UTC 2018: Working
Tue May 15 22:48:41 UTC 2018: Start ismailkuru__MeetMeForLangProjec test class edu.drexel.cs575.model.DataTest
Tue May 15 22:48:41 UTC 2018: Setting lastTestMethodIndex: 49684
Tue May 15 22:48:41 UTC 2018: Starting linking
Tue May 15 22:48:41 UTC 2018: Code found edu.drexel.cs575.model.Data-setMessage with edu.drexel.cs575.model.DataTest-canSetMessage
Tue May 15 22:48:41 UTC 2018: Linking done for ismailkuru__MeetMeForLangProjec test class edu.drexel.cs575.model.DataTest
