Tue May 15 14:56:22 UTC 2018: Database:jdbc:mysql://localhost:3306/unittests
Tue May 15 14:56:22 UTC 2018: Starting
Tue May 15 14:56:22 UTC 2018: Found element on the queue
Tue May 15 14:56:22 UTC 2018: Updating status
Tue May 15 14:56:22 UTC 2018: Working
Tue May 15 14:56:22 UTC 2018: Create project parser
Tue May 15 14:56:26 UTC 2018: Create slicer
Tue May 15 14:56:30 UTC 2018: Create call graph
Tue May 15 14:56:35 UTC 2018: Create point analysis
Tue May 15 14:56:35 UTC 2018: Create call graph done
Tue May 15 14:56:35 UTC 2018: Start dimalabs__stratosphere-iterations test class eu.stratosphere.nephele.instance.cluster.HostInClusterTest
Tue May 15 14:56:35 UTC 2018: Setting lastTestMethodIndex: 36225
Tue May 15 14:56:35 UTC 2018: Starting linking
Tue May 15 14:56:35 UTC 2018: No link for: eu.stratosphere.nephele.instance.cluster.HostInClusterTest-testTermination
Tue May 15 14:56:35 UTC 2018: No link for: eu.stratosphere.nephele.instance.cluster.HostInClusterTest-testHeartBeat
Tue May 15 14:56:35 UTC 2018: No link for: eu.stratosphere.nephele.instance.cluster.HostInClusterTest-testAccounting
Tue May 15 14:56:35 UTC 2018: Linking done for dimalabs__stratosphere-iterations test class eu.stratosphere.nephele.instance.cluster.HostInClusterTest
Tue May 15 14:56:36 UTC 2018: Found element on the queue
Tue May 15 14:56:36 UTC 2018: Updating status
Tue May 15 14:56:36 UTC 2018: Working
Tue May 15 14:56:38 UTC 2018: Start dimalabs__stratosphere-iterations test class eu.stratosphere.nephele.instance.cluster.PendingRequestsMapTest
Tue May 15 14:56:38 UTC 2018: Setting lastTestMethodIndex: 36226
Tue May 15 14:56:38 UTC 2018: Starting linking
Tue May 15 14:56:38 UTC 2018: No link for: eu.stratosphere.nephele.instance.cluster.PendingRequestsMapTest-testPendingRequestsMap
Tue May 15 14:56:38 UTC 2018: Linking done for dimalabs__stratosphere-iterations test class eu.stratosphere.nephele.instance.cluster.PendingRequestsMapTest
Tue May 15 14:56:39 UTC 2018: Found element on the queue
Tue May 15 14:56:39 UTC 2018: Updating status
Tue May 15 14:56:39 UTC 2018: Working
Tue May 15 14:56:39 UTC 2018: Create project parser
Tue May 15 14:56:44 UTC 2018: Start dimalabs__stratosphere-iterations test class eu.stratosphere.nephele.io.DefaultChannelSelectorTest
Tue May 15 14:56:44 UTC 2018: Setting lastTestMethodIndex: 36227
Tue May 15 14:56:44 UTC 2018: Starting linking
Tue May 15 14:56:44 UTC 2018: No link for: eu.stratosphere.nephele.io.DefaultChannelSelectorTest-channelSelect
Tue May 15 14:56:44 UTC 2018: Linking done for dimalabs__stratosphere-iterations test class eu.stratosphere.nephele.io.DefaultChannelSelectorTest
Tue May 15 14:56:45 UTC 2018: Found element on the queue
Tue May 15 14:56:45 UTC 2018: Updating status
Tue May 15 14:56:45 UTC 2018: Working
Tue May 15 14:56:47 UTC 2018: Start dimalabs__stratosphere-iterations test class eu.stratosphere.nephele.jobgraph.JobGraphTest
Tue May 15 14:56:47 UTC 2018: Setting lastTestMethodIndex: 36228
Tue May 15 14:56:47 UTC 2018: Starting linking
Tue May 15 14:56:47 UTC 2018: No link for: eu.stratosphere.nephele.jobgraph.JobGraphTest-testJobGraph
Tue May 15 14:56:47 UTC 2018: No link for: eu.stratosphere.nephele.jobgraph.JobGraphTest-detectCycleInInstanceSharingDependencyChain
Tue May 15 14:56:47 UTC 2018: Linking done for dimalabs__stratosphere-iterations test class eu.stratosphere.nephele.jobgraph.JobGraphTest
Tue May 15 14:56:48 UTC 2018: Found element on the queue
Tue May 15 14:56:48 UTC 2018: Updating status
Tue May 15 14:56:48 UTC 2018: Working
Tue May 15 14:56:50 UTC 2018: Start dimalabs__stratosphere-iterations test class eu.stratosphere.nephele.fs.LineReaderTest
Tue May 15 14:56:50 UTC 2018: Setting lastTestMethodIndex: 36229
Tue May 15 14:56:50 UTC 2018: Starting linking
Tue May 15 14:56:50 UTC 2018: No link for: eu.stratosphere.nephele.fs.LineReaderTest-testLineReader
Tue May 15 14:56:50 UTC 2018: Linking done for dimalabs__stratosphere-iterations test class eu.stratosphere.nephele.fs.LineReaderTest
Tue May 15 14:56:50 UTC 2018: Found element on the queue
Tue May 15 14:56:50 UTC 2018: Updating status
Tue May 15 14:56:50 UTC 2018: Working
Tue May 15 14:56:53 UTC 2018: Start dimalabs__stratosphere-iterations test class eu.stratosphere.nephele.fs.file.LocalFileSystemTest
Tue May 15 14:56:53 UTC 2018: Setting lastTestMethodIndex: 36230
Tue May 15 14:56:53 UTC 2018: Starting linking
Tue May 15 14:56:53 UTC 2018: No link for: eu.stratosphere.nephele.fs.file.LocalFileSystemTest-testLocalFilesystem
Tue May 15 14:56:53 UTC 2018: Linking done for dimalabs__stratosphere-iterations test class eu.stratosphere.nephele.fs.file.LocalFileSystemTest
Tue May 15 14:56:53 UTC 2018: Found element on the queue
Tue May 15 14:56:53 UTC 2018: Updating status
Tue May 15 14:56:53 UTC 2018: Working
Tue May 15 14:56:55 UTC 2018: Start dimalabs__stratosphere-iterations test class eu.stratosphere.nephele.types.StringRecordTest
Tue May 15 14:56:55 UTC 2018: Setting lastTestMethodIndex: 36231
Tue May 15 14:56:55 UTC 2018: Starting linking
Tue May 15 14:56:55 UTC 2018: No link for: eu.stratosphere.nephele.types.StringRecordTest-shouldReadNegativeInputs
Tue May 15 14:56:55 UTC 2018: No link for: eu.stratosphere.nephele.types.StringRecordTest-testStringRecord
Tue May 15 14:56:56 UTC 2018: No link for: eu.stratosphere.nephele.types.StringRecordTest-shouldReadProperInputs
Tue May 15 14:56:56 UTC 2018: Linking done for dimalabs__stratosphere-iterations test class eu.stratosphere.nephele.types.StringRecordTest
Tue May 15 14:56:56 UTC 2018: Found element on the queue
Tue May 15 14:56:56 UTC 2018: Updating status
Tue May 15 14:56:56 UTC 2018: Working
Tue May 15 14:56:58 UTC 2018: Start dimalabs__stratosphere-iterations test class eu.stratosphere.nephele.types.TypeTest
Tue May 15 14:56:58 UTC 2018: Setting lastTestMethodIndex: 36232
Tue May 15 14:56:58 UTC 2018: Starting linking
Tue May 15 14:56:58 UTC 2018: No link for: eu.stratosphere.nephele.types.TypeTest-testFileRecord
Tue May 15 14:56:58 UTC 2018: No link for: eu.stratosphere.nephele.types.TypeTest-testIntegerRecord
Tue May 15 14:56:59 UTC 2018: Linking done for dimalabs__stratosphere-iterations test class eu.stratosphere.nephele.types.TypeTest
Tue May 15 14:56:59 UTC 2018: Found element on the queue
Tue May 15 14:56:59 UTC 2018: Updating status
Tue May 15 14:56:59 UTC 2018: Working
Tue May 15 14:57:01 UTC 2018: Start dimalabs__stratosphere-iterations test class eu.stratosphere.nephele.client.JobResultTest
Tue May 15 14:57:01 UTC 2018: Setting lastTestMethodIndex: 36233
Tue May 15 14:57:01 UTC 2018: Starting linking
Tue May 15 14:57:01 UTC 2018: No link for: eu.stratosphere.nephele.client.JobResultTest-testJobProgressResult
Tue May 15 14:57:01 UTC 2018: No link for: eu.stratosphere.nephele.client.JobResultTest-testJobSubmissionResult
Tue May 15 14:57:01 UTC 2018: No link for: eu.stratosphere.nephele.client.JobResultTest-testJobCancelResult
Tue May 15 14:57:01 UTC 2018: Linking done for dimalabs__stratosphere-iterations test class eu.stratosphere.nephele.client.JobResultTest
Tue May 15 14:57:02 UTC 2018: Found element on the queue
Tue May 15 14:57:02 UTC 2018: Updating status
Tue May 15 14:57:02 UTC 2018: Working
Tue May 15 14:57:04 UTC 2018: Start dimalabs__stratosphere-iterations test class eu.stratosphere.nephele.event.task.EventNotificationManagerTest
Tue May 15 14:57:04 UTC 2018: Setting lastTestMethodIndex: 36234
Tue May 15 14:57:04 UTC 2018: Starting linking
Tue May 15 14:57:04 UTC 2018: Linking done for dimalabs__stratosphere-iterations test class eu.stratosphere.nephele.event.task.EventNotificationManagerTest
Tue May 15 14:57:05 UTC 2018: Found element on the queue
Tue May 15 14:57:05 UTC 2018: Updating status
Tue May 15 14:57:05 UTC 2018: Working
Tue May 15 14:57:07 UTC 2018: Start dimalabs__stratosphere-iterations test class eu.stratosphere.nephele.event.task.TaskEventTest
Tue May 15 14:57:07 UTC 2018: Setting lastTestMethodIndex: 36235
Tue May 15 14:57:07 UTC 2018: Starting linking
Tue May 15 14:57:07 UTC 2018: No link for: eu.stratosphere.nephele.event.task.TaskEventTest-testIntegerTaskEvent
Tue May 15 14:57:07 UTC 2018: No link for: eu.stratosphere.nephele.event.task.TaskEventTest-testStringTaskEvent
Tue May 15 14:57:07 UTC 2018: No link for: eu.stratosphere.nephele.event.task.TaskEventTest-testEventList
Tue May 15 14:57:07 UTC 2018: Linking done for dimalabs__stratosphere-iterations test class eu.stratosphere.nephele.event.task.TaskEventTest
Tue May 15 14:57:08 UTC 2018: Found element on the queue
Tue May 15 14:57:08 UTC 2018: Updating status
Tue May 15 14:57:08 UTC 2018: Working
Tue May 15 14:57:10 UTC 2018: Start dimalabs__stratosphere-iterations test class eu.stratosphere.nephele.event.job.JobEventTest
Tue May 15 14:57:10 UTC 2018: Setting lastTestMethodIndex: 36236
Tue May 15 14:57:10 UTC 2018: Starting linking
Tue May 15 14:57:10 UTC 2018: No link for: eu.stratosphere.nephele.event.job.JobEventTest-testJobEvent
Tue May 15 14:57:10 UTC 2018: No link for: eu.stratosphere.nephele.event.job.JobEventTest-testVertexEvent
Tue May 15 14:57:10 UTC 2018: Linking done for dimalabs__stratosphere-iterations test class eu.stratosphere.nephele.event.job.JobEventTest
Tue May 15 14:57:10 UTC 2018: Found element on the queue
Tue May 15 14:57:10 UTC 2018: Updating status
Tue May 15 14:57:10 UTC 2018: Working
Tue May 15 14:57:13 UTC 2018: Start dimalabs__stratosphere-iterations test class eu.stratosphere.nephele.configuration.ConfigurationTest
Tue May 15 14:57:13 UTC 2018: Setting lastTestMethodIndex: 36237
Tue May 15 14:57:13 UTC 2018: Starting linking
Tue May 15 14:57:13 UTC 2018: No link for: eu.stratosphere.nephele.configuration.ConfigurationTest-testConfigurationSerialization
Tue May 15 14:57:13 UTC 2018: Linking done for dimalabs__stratosphere-iterations test class eu.stratosphere.nephele.configuration.ConfigurationTest
Tue May 15 14:57:13 UTC 2018: Found element on the queue
Tue May 15 14:57:13 UTC 2018: Updating status
Tue May 15 14:57:13 UTC 2018: Working
Tue May 15 14:57:15 UTC 2018: Start dimalabs__stratosphere-iterations test class eu.stratosphere.nephele.io.channels.BufferTest
Tue May 15 14:57:15 UTC 2018: Setting lastTestMethodIndex: 36238
Tue May 15 14:57:15 UTC 2018: Starting linking
Tue May 15 14:57:15 UTC 2018: Code found eu.stratosphere.nephele.io.channels.SerializationBuffer-serialize with eu.stratosphere.nephele.io.channels.BufferTest-testStringSerialize
Tue May 15 14:57:16 UTC 2018: Code found eu.stratosphere.nephele.io.channels.SerializationBuffer-serialize with eu.stratosphere.nephele.io.channels.BufferTest-testIntSerialize
Tue May 15 14:57:16 UTC 2018: Linking done for dimalabs__stratosphere-iterations test class eu.stratosphere.nephele.io.channels.BufferTest
Tue May 15 14:57:16 UTC 2018: Found element on the queue
Tue May 15 14:57:16 UTC 2018: Updating status
Tue May 15 14:57:16 UTC 2018: Working
Tue May 15 14:57:16 UTC 2018: Create project parser
Tue May 15 14:57:19 UTC 2018: Start dimalabs__stratosphere-iterations test class eu.stratosphere.nephele.instance.ec2.FloatingInstanceTest
Tue May 15 14:57:19 UTC 2018: Setting lastTestMethodIndex: 36239
Tue May 15 14:57:19 UTC 2018: Starting linking
Tue May 15 14:57:19 UTC 2018: No link for: eu.stratosphere.nephele.instance.ec2.FloatingInstanceTest-testHeartBeat
Tue May 15 14:57:19 UTC 2018: Linking done for dimalabs__stratosphere-iterations test class eu.stratosphere.nephele.instance.ec2.FloatingInstanceTest
Tue May 15 14:57:19 UTC 2018: Found element on the queue
Tue May 15 14:57:19 UTC 2018: Updating status
Tue May 15 14:57:19 UTC 2018: Working
Tue May 15 14:57:21 UTC 2018: Start dimalabs__stratosphere-iterations test class eu.stratosphere.nephele.instance.ec2.EC2CloudInstanceTest
Tue May 15 14:57:22 UTC 2018: Setting lastTestMethodIndex: 36240
Tue May 15 14:57:22 UTC 2018: Starting linking
Tue May 15 14:57:22 UTC 2018: No link for: eu.stratosphere.nephele.instance.ec2.EC2CloudInstanceTest-testHeartBeat
Tue May 15 14:57:22 UTC 2018: Linking done for dimalabs__stratosphere-iterations test class eu.stratosphere.nephele.instance.ec2.EC2CloudInstanceTest
Tue May 15 14:57:22 UTC 2018: Found element on the queue
Tue May 15 14:57:22 UTC 2018: Updating status
Tue May 15 14:57:22 UTC 2018: Working
Tue May 15 14:57:24 UTC 2018: Start dimalabs__stratosphere-iterations test class eu.stratosphere.nephele.instance.ec2.JobToInstancesMappingTest
Tue May 15 14:57:24 UTC 2018: Setting lastTestMethodIndex: 36241
Tue May 15 14:57:24 UTC 2018: Starting linking
Tue May 15 14:57:24 UTC 2018: No link for: eu.stratosphere.nephele.instance.ec2.JobToInstancesMappingTest-testAssignedInstances
Tue May 15 14:57:24 UTC 2018: Linking done for dimalabs__stratosphere-iterations test class eu.stratosphere.nephele.instance.ec2.JobToInstancesMappingTest
Tue May 15 14:57:25 UTC 2018: Found element on the queue
Tue May 15 14:57:25 UTC 2018: Updating status
Tue May 15 14:57:25 UTC 2018: Working
Tue May 15 14:57:25 UTC 2018: Create project parser
Tue May 15 14:57:28 UTC 2018: Start dimalabs__stratosphere-iterations test class eu.stratosphere.nephele.managementgraph.ManagementGraphTest
Tue May 15 14:57:28 UTC 2018: Setting lastTestMethodIndex: 36242
Tue May 15 14:57:28 UTC 2018: Starting linking
Tue May 15 14:57:28 UTC 2018: No link for: eu.stratosphere.nephele.managementgraph.ManagementGraphTest-testManagementGraph
Tue May 15 14:57:28 UTC 2018: No link for: eu.stratosphere.nephele.managementgraph.ManagementGraphTest-testManagementGroupVertexIterator
Tue May 15 14:57:28 UTC 2018: No link for: eu.stratosphere.nephele.managementgraph.ManagementGraphTest-testManagementGraphIterator
Tue May 15 14:57:28 UTC 2018: Linking done for dimalabs__stratosphere-iterations test class eu.stratosphere.nephele.managementgraph.ManagementGraphTest
Tue May 15 14:57:28 UTC 2018: Found element on the queue
Tue May 15 14:57:28 UTC 2018: Updating status
Tue May 15 14:57:28 UTC 2018: Working
Tue May 15 14:57:31 UTC 2018: Start dimalabs__stratosphere-iterations test class eu.stratosphere.nephele.profiling.types.ProfilingTypesTest
Tue May 15 14:57:31 UTC 2018: Setting lastTestMethodIndex: 36243
Tue May 15 14:57:31 UTC 2018: Starting linking
Tue May 15 14:57:31 UTC 2018: No link for: eu.stratosphere.nephele.profiling.types.ProfilingTypesTest-testInstanceSummaryProfilingEvent
Tue May 15 14:57:31 UTC 2018: No link for: eu.stratosphere.nephele.profiling.types.ProfilingTypesTest-testThreadProfilingEvent
Tue May 15 14:57:31 UTC 2018: No link for: eu.stratosphere.nephele.profiling.types.ProfilingTypesTest-testInputGateProfilingEvent
Tue May 15 14:57:31 UTC 2018: No link for: eu.stratosphere.nephele.profiling.types.ProfilingTypesTest-testOutputGateProfilingEvent
Tue May 15 14:57:31 UTC 2018: No link for: eu.stratosphere.nephele.profiling.types.ProfilingTypesTest-testSingleInstanceProfilingEvent
Tue May 15 14:57:31 UTC 2018: Linking done for dimalabs__stratosphere-iterations test class eu.stratosphere.nephele.profiling.types.ProfilingTypesTest
Tue May 15 14:57:31 UTC 2018: Found element on the queue
Tue May 15 14:57:31 UTC 2018: Updating status
Tue May 15 14:57:31 UTC 2018: Working
Tue May 15 14:57:34 UTC 2018: Start dimalabs__stratosphere-iterations test class eu.stratosphere.nephele.event.job.ManagementEventTest
Tue May 15 14:57:34 UTC 2018: Setting lastTestMethodIndex: 36244
Tue May 15 14:57:34 UTC 2018: Starting linking
Tue May 15 14:57:34 UTC 2018: No link for: eu.stratosphere.nephele.event.job.ManagementEventTest-testExecutionStateChangeEvent
Tue May 15 14:57:34 UTC 2018: No link for: eu.stratosphere.nephele.event.job.ManagementEventTest-testRecentJobEvent
Tue May 15 14:57:34 UTC 2018: No link for: eu.stratosphere.nephele.event.job.ManagementEventTest-testVertexAssignmentEvent
Tue May 15 14:57:34 UTC 2018: Linking done for dimalabs__stratosphere-iterations test class eu.stratosphere.nephele.event.job.ManagementEventTest
Tue May 15 14:57:34 UTC 2018: Found element on the queue
Tue May 15 14:57:34 UTC 2018: Updating status
Tue May 15 14:57:34 UTC 2018: Working
Tue May 15 14:57:36 UTC 2018: Start dimalabs__stratosphere-iterations test class eu.stratosphere.nephele.topology.NetworkTopologyTest
Tue May 15 14:57:36 UTC 2018: Setting lastTestMethodIndex: 36245
Tue May 15 14:57:36 UTC 2018: Starting linking
Tue May 15 14:57:37 UTC 2018: No link for: eu.stratosphere.nephele.topology.NetworkTopologyTest-testTopologyDistance
Tue May 15 14:57:37 UTC 2018: No link for: eu.stratosphere.nephele.topology.NetworkTopologyTest-testNetworkTopology
Tue May 15 14:57:37 UTC 2018: Linking done for dimalabs__stratosphere-iterations test class eu.stratosphere.nephele.topology.NetworkTopologyTest
Tue May 15 14:57:37 UTC 2018: Found element on the queue
Tue May 15 14:57:37 UTC 2018: Updating status
Tue May 15 14:57:37 UTC 2018: Working
Tue May 15 14:57:37 UTC 2018: Create project parser
Tue May 15 14:57:44 UTC 2018: Start dimalabs__stratosphere-iterations test class eu.stratosphere.nephele.taskmanager.transferenvelope.SpillingQueueElementTest
Tue May 15 14:57:44 UTC 2018: Setting lastTestMethodIndex: 36246
Tue May 15 14:57:44 UTC 2018: Starting linking
Tue May 15 14:57:44 UTC 2018: No link for: eu.stratosphere.nephele.taskmanager.transferenvelope.SpillingQueueElementTest-testSpillingQueueElement
Tue May 15 14:57:44 UTC 2018: Linking done for dimalabs__stratosphere-iterations test class eu.stratosphere.nephele.taskmanager.transferenvelope.SpillingQueueElementTest
Tue May 15 14:57:44 UTC 2018: Found element on the queue
Tue May 15 14:57:44 UTC 2018: Updating status
Tue May 15 14:57:44 UTC 2018: Working
Tue May 15 14:57:46 UTC 2018: Start dimalabs__stratosphere-iterations test class eu.stratosphere.nephele.taskmanager.transferenvelope.TransferEnvelopeSerializerTest
Tue May 15 14:57:46 UTC 2018: Setting lastTestMethodIndex: 36247
Tue May 15 14:57:46 UTC 2018: Starting linking
Tue May 15 14:57:46 UTC 2018: Linking done for dimalabs__stratosphere-iterations test class eu.stratosphere.nephele.taskmanager.transferenvelope.TransferEnvelopeSerializerTest
Tue May 15 14:57:47 UTC 2018: Found element on the queue
Tue May 15 14:57:47 UTC 2018: Updating status
Tue May 15 14:57:47 UTC 2018: Working
Tue May 15 14:57:49 UTC 2018: Start dimalabs__stratosphere-iterations test class eu.stratosphere.nephele.services.iomanager.IOManagerTest
Tue May 15 14:57:49 UTC 2018: Setting lastTestMethodIndex: 36248
Tue May 15 14:57:49 UTC 2018: Starting linking
Tue May 15 14:57:49 UTC 2018: No link for: eu.stratosphere.nephele.services.iomanager.IOManagerTest-channelReadWriteOneSegment
Tue May 15 14:57:49 UTC 2018: No link for: eu.stratosphere.nephele.services.iomanager.IOManagerTest-channelEnumerator
Tue May 15 14:57:49 UTC 2018: No link for: eu.stratosphere.nephele.services.iomanager.IOManagerTest-channelReadWriteMultipleSegments
Tue May 15 14:57:49 UTC 2018: Linking done for dimalabs__stratosphere-iterations test class eu.stratosphere.nephele.services.iomanager.IOManagerTest
Tue May 15 14:57:50 UTC 2018: Found element on the queue
Tue May 15 14:57:50 UTC 2018: Updating status
Tue May 15 14:57:50 UTC 2018: Working
Tue May 15 14:57:52 UTC 2018: Start dimalabs__stratosphere-iterations test class eu.stratosphere.nephele.services.memorymanager.MemorySegmentTest
Tue May 15 14:57:52 UTC 2018: Setting lastTestMethodIndex: 36249
Tue May 15 14:57:52 UTC 2018: Starting linking
Tue May 15 14:57:52 UTC 2018: No link for: eu.stratosphere.nephele.services.memorymanager.MemorySegmentTest-bulkByteAccess
Tue May 15 14:57:52 UTC 2018: No link for: eu.stratosphere.nephele.services.memorymanager.MemorySegmentTest-longAccess
Tue May 15 14:57:52 UTC 2018: No link for: eu.stratosphere.nephele.services.memorymanager.MemorySegmentTest-byteAccess
Tue May 15 14:57:52 UTC 2018: No link for: eu.stratosphere.nephele.services.memorymanager.MemorySegmentTest-booleanAccess
Tue May 15 14:57:52 UTC 2018: No link for: eu.stratosphere.nephele.services.memorymanager.MemorySegmentTest-doubleAccess
Tue May 15 14:57:52 UTC 2018: No link for: eu.stratosphere.nephele.services.memorymanager.MemorySegmentTest-charAccess
Tue May 15 14:57:52 UTC 2018: No link for: eu.stratosphere.nephele.services.memorymanager.MemorySegmentTest-intAccess
Tue May 15 14:57:52 UTC 2018: No link for: eu.stratosphere.nephele.services.memorymanager.MemorySegmentTest-shortAccess
Tue May 15 14:57:52 UTC 2018: Linking done for dimalabs__stratosphere-iterations test class eu.stratosphere.nephele.services.memorymanager.MemorySegmentTest
Tue May 15 14:57:53 UTC 2018: Found element on the queue
Tue May 15 14:57:53 UTC 2018: Updating status
Tue May 15 14:57:53 UTC 2018: Working
Tue May 15 14:57:55 UTC 2018: Start dimalabs__stratosphere-iterations test class eu.stratosphere.nephele.services.memorymanager.DefaultMemoryManagerTest
Tue May 15 14:57:55 UTC 2018: Setting lastTestMethodIndex: 36250
Tue May 15 14:57:55 UTC 2018: Starting linking
Tue May 15 14:57:55 UTC 2018: No link for: eu.stratosphere.nephele.services.memorymanager.DefaultMemoryManagerTest-allocateMultipleOwners
Tue May 15 14:57:55 UTC 2018: No link for: eu.stratosphere.nephele.services.memorymanager.DefaultMemoryManagerTest-allocateAllSingle
Tue May 15 14:57:55 UTC 2018: No link for: eu.stratosphere.nephele.services.memorymanager.DefaultMemoryManagerTest-allocateAllMulti
Tue May 15 14:57:55 UTC 2018: No link for: eu.stratosphere.nephele.services.memorymanager.DefaultMemoryManagerTest-allocateTooMuch
Tue May 15 14:57:55 UTC 2018: Linking done for dimalabs__stratosphere-iterations test class eu.stratosphere.nephele.services.memorymanager.DefaultMemoryManagerTest
Tue May 15 14:57:56 UTC 2018: Found element on the queue
Tue May 15 14:57:56 UTC 2018: Updating status
Tue May 15 14:57:56 UTC 2018: Working
Tue May 15 14:57:56 UTC 2018: Create project parser
Tue May 15 14:58:00 UTC 2018: Start dimalabs__stratosphere-iterations test class eu.stratosphere.pact.common.type.PactRecordTest
Tue May 15 14:58:00 UTC 2018: Setting lastTestMethodIndex: 36251
Tue May 15 14:58:00 UTC 2018: Starting linking
Tue May 15 14:58:00 UTC 2018: Code found eu.stratosphere.pact.common.type.PactRecord-setNull with eu.stratosphere.pact.common.type.PactRecordTest-testSetNullLongArray
Tue May 15 14:58:00 UTC 2018: Code found eu.stratosphere.pact.common.type.PactRecord-addField with eu.stratosphere.pact.common.type.PactRecordTest-testAddField
Tue May 15 14:58:00 UTC 2018: Code found eu.stratosphere.pact.common.type.PactRecord-setNull with eu.stratosphere.pact.common.type.PactRecordTest-testSetNullInt
Tue May 15 14:58:00 UTC 2018: Code found eu.stratosphere.pact.common.type.PactRecord-setNull with eu.stratosphere.pact.common.type.PactRecordTest-testSetNullLong
Tue May 15 14:58:00 UTC 2018: Code found eu.stratosphere.pact.common.type.PactRecord-clear with eu.stratosphere.pact.common.type.PactRecordTest-testClear
Tue May 15 14:58:00 UTC 2018: No link for: eu.stratosphere.pact.common.type.PactRecordTest-testDeSerialization
Tue May 15 14:58:00 UTC 2018: No link for: eu.stratosphere.pact.common.type.PactRecordTest-testEmptyRecordSerialization
Tue May 15 14:58:00 UTC 2018: No link for: eu.stratosphere.pact.common.type.PactRecordTest-blackBoxTests
Tue May 15 14:58:00 UTC 2018: No link for: eu.stratosphere.pact.common.type.PactRecordTest-testUpdateBinaryRepresentations
Tue May 15 14:58:00 UTC 2018: No link for: eu.stratosphere.pact.common.type.PactRecordTest-testUnionFields
Tue May 15 14:58:00 UTC 2018: Linking done for dimalabs__stratosphere-iterations test class eu.stratosphere.pact.common.type.PactRecordTest
Tue May 15 14:58:01 UTC 2018: Found element on the queue
Tue May 15 14:58:01 UTC 2018: Updating status
Tue May 15 14:58:01 UTC 2018: Working
Tue May 15 14:58:03 UTC 2018: Start dimalabs__stratosphere-iterations test class eu.stratosphere.pact.common.type.base.NormalizableKeyTest
Tue May 15 14:58:03 UTC 2018: Setting lastTestMethodIndex: 36252
Tue May 15 14:58:03 UTC 2018: Starting linking
Tue May 15 14:58:03 UTC 2018: No link for: eu.stratosphere.pact.common.type.base.NormalizableKeyTest-testPactString
Tue May 15 14:58:03 UTC 2018: No link for: eu.stratosphere.pact.common.type.base.NormalizableKeyTest-testPactNull
Tue May 15 14:58:03 UTC 2018: No link for: eu.stratosphere.pact.common.type.base.NormalizableKeyTest-testPactLong
Tue May 15 14:58:03 UTC 2018: No link for: eu.stratosphere.pact.common.type.base.NormalizableKeyTest-testPactInteger
Tue May 15 14:58:03 UTC 2018: Linking done for dimalabs__stratosphere-iterations test class eu.stratosphere.pact.common.type.base.NormalizableKeyTest
Tue May 15 14:58:04 UTC 2018: Found element on the queue
Tue May 15 14:58:04 UTC 2018: Updating status
Tue May 15 14:58:04 UTC 2018: Working
Tue May 15 14:58:06 UTC 2018: Start dimalabs__stratosphere-iterations test class eu.stratosphere.pact.common.type.base.PrimitiveDataTypeTest
Tue May 15 14:58:06 UTC 2018: Setting lastTestMethodIndex: 36253
Tue May 15 14:58:06 UTC 2018: Starting linking
Tue May 15 14:58:06 UTC 2018: No link for: eu.stratosphere.pact.common.type.base.PrimitiveDataTypeTest-testPactInteger
Tue May 15 14:58:06 UTC 2018: No link for: eu.stratosphere.pact.common.type.base.PrimitiveDataTypeTest-testPactString
Tue May 15 14:58:06 UTC 2018: No link for: eu.stratosphere.pact.common.type.base.PrimitiveDataTypeTest-testPactDouble
Tue May 15 14:58:06 UTC 2018: No link for: eu.stratosphere.pact.common.type.base.PrimitiveDataTypeTest-testPactNull
Tue May 15 14:58:06 UTC 2018: Linking done for dimalabs__stratosphere-iterations test class eu.stratosphere.pact.common.type.base.PrimitiveDataTypeTest
Tue May 15 14:58:07 UTC 2018: Found element on the queue
Tue May 15 14:58:07 UTC 2018: Updating status
Tue May 15 14:58:07 UTC 2018: Working
Tue May 15 14:58:09 UTC 2018: Start dimalabs__stratosphere-iterations test class eu.stratosphere.pact.common.type.base.KeyValuePairTest
Tue May 15 14:58:09 UTC 2018: Setting lastTestMethodIndex: 36254
Tue May 15 14:58:09 UTC 2018: Starting linking
Tue May 15 14:58:09 UTC 2018: No link for: eu.stratosphere.pact.common.type.base.KeyValuePairTest-testKeyValuePair
Tue May 15 14:58:09 UTC 2018: Linking done for dimalabs__stratosphere-iterations test class eu.stratosphere.pact.common.type.base.KeyValuePairTest
Tue May 15 14:58:10 UTC 2018: Found element on the queue
Tue May 15 14:58:10 UTC 2018: Updating status
Tue May 15 14:58:10 UTC 2018: Working
Tue May 15 14:58:12 UTC 2018: Start dimalabs__stratosphere-iterations test class eu.stratosphere.pact.common.type.base.CollectionsDataTypeTest
Tue May 15 14:58:12 UTC 2018: Setting lastTestMethodIndex: 36255
Tue May 15 14:58:12 UTC 2018: Starting linking
Tue May 15 14:58:12 UTC 2018: No link for: eu.stratosphere.pact.common.type.base.CollectionsDataTypeTest-testPactPair
Tue May 15 14:58:12 UTC 2018: No link for: eu.stratosphere.pact.common.type.base.CollectionsDataTypeTest-testPactMap
Tue May 15 14:58:12 UTC 2018: No link for: eu.stratosphere.pact.common.type.base.CollectionsDataTypeTest-testPactList
Tue May 15 14:58:12 UTC 2018: Linking done for dimalabs__stratosphere-iterations test class eu.stratosphere.pact.common.type.base.CollectionsDataTypeTest
Tue May 15 14:58:13 UTC 2018: Found element on the queue
Tue May 15 14:58:13 UTC 2018: Updating status
Tue May 15 14:58:13 UTC 2018: Working
Tue May 15 14:58:15 UTC 2018: Start dimalabs__stratosphere-iterations test class eu.stratosphere.pact.common.io.ExternalProcessInputFormatTest
Tue May 15 14:58:15 UTC 2018: Setting lastTestMethodIndex: 36256
Tue May 15 14:58:15 UTC 2018: Starting linking
Tue May 15 14:58:15 UTC 2018: Code found eu.stratosphere.pact.common.io.ExternalProcessInputFormat-open with eu.stratosphere.pact.common.io.ExternalProcessInputFormatTest-testOpen
Tue May 15 14:58:15 UTC 2018: No link for: eu.stratosphere.pact.common.io.ExternalProcessInputFormatTest-testUserCodeTermination
Tue May 15 14:58:15 UTC 2018: No link for: eu.stratosphere.pact.common.io.ExternalProcessInputFormatTest-testCheckExitCode
Tue May 15 14:58:15 UTC 2018: No link for: eu.stratosphere.pact.common.io.ExternalProcessInputFormatTest-testReadStream
Tue May 15 14:58:15 UTC 2018: Linking done for dimalabs__stratosphere-iterations test class eu.stratosphere.pact.common.io.ExternalProcessInputFormatTest
Tue May 15 14:58:16 UTC 2018: Found element on the queue
Tue May 15 14:58:16 UTC 2018: Updating status
Tue May 15 14:58:16 UTC 2018: Working
Tue May 15 14:58:18 UTC 2018: Start dimalabs__stratosphere-iterations test class eu.stratosphere.pact.common.io.type.base.parser.FixedLengthStringParserTest
Tue May 15 14:58:18 UTC 2018: Setting lastTestMethodIndex: 36257
Tue May 15 14:58:18 UTC 2018: Starting linking
Tue May 15 14:58:18 UTC 2018: Code found eu.stratosphere.pact.common.type.base.parser.FixedLengthStringParser-configure with eu.stratosphere.pact.common.io.type.base.parser.FixedLengthStringParserTest-testConfigure
Tue May 15 14:58:18 UTC 2018: Code found eu.stratosphere.pact.common.type.base.parser.FixedLengthStringParser-getValue with eu.stratosphere.pact.common.io.type.base.parser.FixedLengthStringParserTest-testGetValue
Tue May 15 14:58:18 UTC 2018: Code found eu.stratosphere.pact.common.type.base.parser.FixedLengthStringParser-parseField with eu.stratosphere.pact.common.io.type.base.parser.FixedLengthStringParserTest-testParseField
Tue May 15 14:58:18 UTC 2018: Linking done for dimalabs__stratosphere-iterations test class eu.stratosphere.pact.common.io.type.base.parser.FixedLengthStringParserTest
Tue May 15 14:58:19 UTC 2018: Found element on the queue
Tue May 15 14:58:19 UTC 2018: Updating status
Tue May 15 14:58:19 UTC 2018: Working
Tue May 15 14:58:21 UTC 2018: Start dimalabs__stratosphere-iterations test class eu.stratosphere.pact.common.io.type.base.parser.VarLengthStringParserTest
Tue May 15 14:58:21 UTC 2018: Setting lastTestMethodIndex: 36258
Tue May 15 14:58:21 UTC 2018: Starting linking
Tue May 15 14:58:21 UTC 2018: Code found eu.stratosphere.pact.common.type.base.parser.VarLengthStringParser-parseField with eu.stratosphere.pact.common.io.type.base.parser.VarLengthStringParserTest-testParseField
Tue May 15 14:58:21 UTC 2018: Code found eu.stratosphere.pact.common.type.base.parser.VarLengthStringParser-getValue with eu.stratosphere.pact.common.io.type.base.parser.VarLengthStringParserTest-testGetValue
Tue May 15 14:58:21 UTC 2018: Match not added in database because it already exists
Tue May 15 14:58:21 UTC 2018: Code found eu.stratosphere.pact.common.type.base.parser.VarLengthStringParser-configure with eu.stratosphere.pact.common.io.type.base.parser.VarLengthStringParserTest-testConfigure
Tue May 15 14:58:21 UTC 2018: Linking done for dimalabs__stratosphere-iterations test class eu.stratosphere.pact.common.io.type.base.parser.VarLengthStringParserTest
Tue May 15 14:58:22 UTC 2018: Found element on the queue
Tue May 15 14:58:22 UTC 2018: Updating status
Tue May 15 14:58:22 UTC 2018: Working
Tue May 15 14:58:24 UTC 2018: Start dimalabs__stratosphere-iterations test class eu.stratosphere.pact.common.io.type.base.parser.DecimalTextLongParserTest
Tue May 15 14:58:24 UTC 2018: Setting lastTestMethodIndex: 36259
Tue May 15 14:58:24 UTC 2018: Starting linking
Tue May 15 14:58:24 UTC 2018: Code found eu.stratosphere.pact.common.type.base.parser.DecimalTextLongParser-parseField with eu.stratosphere.pact.common.io.type.base.parser.DecimalTextLongParserTest-testParseField
Tue May 15 14:58:24 UTC 2018: Code found eu.stratosphere.pact.common.type.base.parser.DecimalTextLongParser-getValue with eu.stratosphere.pact.common.io.type.base.parser.DecimalTextLongParserTest-testGetValue
Tue May 15 14:58:24 UTC 2018: Linking done for dimalabs__stratosphere-iterations test class eu.stratosphere.pact.common.io.type.base.parser.DecimalTextLongParserTest
Tue May 15 14:58:24 UTC 2018: Found element on the queue
Tue May 15 14:58:24 UTC 2018: Updating status
Tue May 15 14:58:24 UTC 2018: Working
Tue May 15 14:58:26 UTC 2018: Start dimalabs__stratosphere-iterations test class eu.stratosphere.pact.common.io.type.base.parser.DecimalTextDoubleParserTest
Tue May 15 14:58:26 UTC 2018: Setting lastTestMethodIndex: 36260
Tue May 15 14:58:26 UTC 2018: Starting linking
Tue May 15 14:58:26 UTC 2018: Code found eu.stratosphere.pact.common.type.base.parser.DecimalTextDoubleParser-parseField with eu.stratosphere.pact.common.io.type.base.parser.DecimalTextDoubleParserTest-testParseFieldWithScientificNotation
Tue May 15 14:58:27 UTC 2018: Code found eu.stratosphere.pact.common.type.base.parser.DecimalTextDoubleParser-parseField with eu.stratosphere.pact.common.io.type.base.parser.DecimalTextDoubleParserTest-testParseFieldWithoutScientificNotation
Tue May 15 14:58:27 UTC 2018: Code found eu.stratosphere.pact.common.type.base.parser.DecimalTextDoubleParser-getValue with eu.stratosphere.pact.common.io.type.base.parser.DecimalTextDoubleParserTest-testGetValue
Tue May 15 14:58:27 UTC 2018: Linking done for dimalabs__stratosphere-iterations test class eu.stratosphere.pact.common.io.type.base.parser.DecimalTextDoubleParserTest
Tue May 15 14:58:27 UTC 2018: Found element on the queue
Tue May 15 14:58:27 UTC 2018: Updating status
Tue May 15 14:58:27 UTC 2018: Working
Tue May 15 14:58:29 UTC 2018: Start dimalabs__stratosphere-iterations test class eu.stratosphere.pact.common.io.type.base.parser.DecimalTextIntParserTest
Tue May 15 14:58:29 UTC 2018: Setting lastTestMethodIndex: 36261
Tue May 15 14:58:29 UTC 2018: Starting linking
Tue May 15 14:58:29 UTC 2018: Code found eu.stratosphere.pact.common.type.base.parser.DecimalTextIntParser-getValue with eu.stratosphere.pact.common.io.type.base.parser.DecimalTextIntParserTest-testGetValue
Tue May 15 14:58:29 UTC 2018: Code found eu.stratosphere.pact.common.type.base.parser.DecimalTextIntParser-parseField with eu.stratosphere.pact.common.io.type.base.parser.DecimalTextIntParserTest-testParseField
Tue May 15 14:58:30 UTC 2018: Linking done for dimalabs__stratosphere-iterations test class eu.stratosphere.pact.common.io.type.base.parser.DecimalTextIntParserTest
Tue May 15 14:58:30 UTC 2018: Found element on the queue
Tue May 15 14:58:30 UTC 2018: Updating status
Tue May 15 14:58:30 UTC 2018: Working
Tue May 15 14:58:32 UTC 2018: Start dimalabs__stratosphere-iterations test class eu.stratosphere.pact.common.io.RecordOutputFormatTest
Tue May 15 14:58:32 UTC 2018: Setting lastTestMethodIndex: 36262
Tue May 15 14:58:32 UTC 2018: Starting linking
Tue May 15 14:58:32 UTC 2018: Code found eu.stratosphere.pact.common.io.RecordOutputFormat-configure with eu.stratosphere.pact.common.io.RecordOutputFormatTest-testConfigure
Tue May 15 14:58:32 UTC 2018: No link for: eu.stratosphere.pact.common.io.RecordOutputFormatTest-testWriteRecPosNoLenientFail
Tue May 15 14:58:32 UTC 2018: No link for: eu.stratosphere.pact.common.io.RecordOutputFormatTest-testWriteNoRecPosNoLenient
Tue May 15 14:58:32 UTC 2018: No link for: eu.stratosphere.pact.common.io.RecordOutputFormatTest-testWriteRecPosLenient
Tue May 15 14:58:32 UTC 2018: No link for: eu.stratosphere.pact.common.io.RecordOutputFormatTest-testWriteNoRecPosLenient
Tue May 15 14:58:32 UTC 2018: No link for: eu.stratosphere.pact.common.io.RecordOutputFormatTest-testWriteNoRecPosNoLenientFail
Tue May 15 14:58:32 UTC 2018: No link for: eu.stratosphere.pact.common.io.RecordOutputFormatTest-testWriteRecPosNoLenient
Tue May 15 14:58:33 UTC 2018: Linking done for dimalabs__stratosphere-iterations test class eu.stratosphere.pact.common.io.RecordOutputFormatTest
Tue May 15 14:58:33 UTC 2018: Found element on the queue
Tue May 15 14:58:33 UTC 2018: Updating status
Tue May 15 14:58:33 UTC 2018: Working
Tue May 15 14:58:35 UTC 2018: Start dimalabs__stratosphere-iterations test class eu.stratosphere.pact.common.io.FixedLenghtInputFormatTest
Tue May 15 14:58:35 UTC 2018: Setting lastTestMethodIndex: 36263
Tue May 15 14:58:35 UTC 2018: Starting linking
Tue May 15 14:58:35 UTC 2018: Code found eu.stratosphere.pact.common.io.FixedLengthInputFormat-open with eu.stratosphere.pact.common.io.FixedLenghtInputFormatTest-testOpen
Tue May 15 14:58:35 UTC 2018: No link for: eu.stratosphere.pact.common.io.FixedLenghtInputFormatTest-testReadFail
Tue May 15 14:58:35 UTC 2018: No link for: eu.stratosphere.pact.common.io.FixedLenghtInputFormatTest-testRead
Tue May 15 14:58:35 UTC 2018: Linking done for dimalabs__stratosphere-iterations test class eu.stratosphere.pact.common.io.FixedLenghtInputFormatTest
Tue May 15 14:58:36 UTC 2018: Found element on the queue
Tue May 15 14:58:36 UTC 2018: Updating status
Tue May 15 14:58:36 UTC 2018: Working
Tue May 15 14:58:38 UTC 2018: Start dimalabs__stratosphere-iterations test class eu.stratosphere.pact.common.io.RecordInputFormatTest
Tue May 15 14:58:38 UTC 2018: Setting lastTestMethodIndex: 36264
Tue May 15 14:58:38 UTC 2018: Starting linking
Tue May 15 14:58:38 UTC 2018: Code found eu.stratosphere.pact.common.io.RecordInputFormat-configure with eu.stratosphere.pact.common.io.RecordInputFormatTest-testConfigure
Tue May 15 14:58:38 UTC 2018: Code found eu.stratosphere.pact.common.io.RecordInputFormat-getOutputSchema with eu.stratosphere.pact.common.io.RecordInputFormatTest-testGetOutputSchema
Tue May 15 14:58:38 UTC 2018: No link for: eu.stratosphere.pact.common.io.RecordInputFormatTest-testReadTextPos
Tue May 15 14:58:39 UTC 2018: No link for: eu.stratosphere.pact.common.io.RecordInputFormatTest-testReadTooShortInput
Tue May 15 14:58:39 UTC 2018: No link for: eu.stratosphere.pact.common.io.RecordInputFormatTest-testReadTextPosRecPos
Tue May 15 14:58:39 UTC 2018: No link for: eu.stratosphere.pact.common.io.RecordInputFormatTest-testReadNoPosAll
Tue May 15 14:58:39 UTC 2018: No link for: eu.stratosphere.pact.common.io.RecordInputFormatTest-testReadNoPosFirstN
Tue May 15 14:58:39 UTC 2018: No link for: eu.stratosphere.pact.common.io.RecordInputFormatTest-testReadRecPos
Tue May 15 14:58:39 UTC 2018: Linking done for dimalabs__stratosphere-iterations test class eu.stratosphere.pact.common.io.RecordInputFormatTest
Tue May 15 14:58:39 UTC 2018: Found element on the queue
Tue May 15 14:58:39 UTC 2018: Updating status
Tue May 15 14:58:39 UTC 2018: Working
Tue May 15 14:58:42 UTC 2018: Start dimalabs__stratosphere-iterations test class eu.stratosphere.pact.common.io.ExternalProcessFixedLengthInputFormatTest
Tue May 15 14:58:42 UTC 2018: Setting lastTestMethodIndex: 36265
Tue May 15 14:58:42 UTC 2018: Starting linking
Tue May 15 14:58:42 UTC 2018: Code found eu.stratosphere.pact.common.io.ExternalProcessFixedLengthInputFormat-open with eu.stratosphere.pact.common.io.ExternalProcessFixedLengthInputFormatTest-testOpen
Tue May 15 14:58:42 UTC 2018: No link for: eu.stratosphere.pact.common.io.ExternalProcessFixedLengthInputFormatTest-testUserCodeTermination
Tue May 15 14:58:42 UTC 2018: No link for: eu.stratosphere.pact.common.io.ExternalProcessFixedLengthInputFormatTest-testReadInvalidStream
Tue May 15 14:58:42 UTC 2018: No link for: eu.stratosphere.pact.common.io.ExternalProcessFixedLengthInputFormatTest-testReadStream
Tue May 15 14:58:42 UTC 2018: No link for: eu.stratosphere.pact.common.io.ExternalProcessFixedLengthInputFormatTest-testCheckExitCode
Tue May 15 14:58:42 UTC 2018: Linking done for dimalabs__stratosphere-iterations test class eu.stratosphere.pact.common.io.ExternalProcessFixedLengthInputFormatTest
Tue May 15 14:58:43 UTC 2018: Found element on the queue
Tue May 15 14:58:43 UTC 2018: Updating status
Tue May 15 14:58:43 UTC 2018: Working
Tue May 15 14:58:45 UTC 2018: Start dimalabs__stratosphere-iterations test class eu.stratosphere.pact.common.io.SequentialFormatTest
Tue May 15 14:58:45 UTC 2018: Setting lastTestMethodIndex: 36266
Tue May 15 14:58:45 UTC 2018: Starting linking
Tue May 15 14:58:45 UTC 2018: Linking done for dimalabs__stratosphere-iterations test class eu.stratosphere.pact.common.io.SequentialFormatTest
Tue May 15 14:58:45 UTC 2018: Found element on the queue
Tue May 15 14:58:45 UTC 2018: Updating status
Tue May 15 14:58:45 UTC 2018: Working
Tue May 15 14:58:45 UTC 2018: Create project parser
Tue May 15 14:58:51 UTC 2018: Start dimalabs__stratosphere-iterations test class eu.stratosphere.pact.runtime.task.util.OutputEmitterTest
Tue May 15 14:58:51 UTC 2018: Setting lastTestMethodIndex: 36267
Tue May 15 14:58:51 UTC 2018: Starting linking
Tue May 15 14:58:51 UTC 2018: No link for: eu.stratosphere.pact.runtime.task.util.OutputEmitterTest-testForward
Tue May 15 14:58:51 UTC 2018: No link for: eu.stratosphere.pact.runtime.task.util.OutputEmitterTest-testMultiKeys
Tue May 15 14:58:51 UTC 2018: No link for: eu.stratosphere.pact.runtime.task.util.OutputEmitterTest-testMissingKey
Tue May 15 14:58:51 UTC 2018: No link for: eu.stratosphere.pact.runtime.task.util.OutputEmitterTest-testWrongKeyClass
Tue May 15 14:58:51 UTC 2018: No link for: eu.stratosphere.pact.runtime.task.util.OutputEmitterTest-testPartitionHash
Tue May 15 14:58:51 UTC 2018: No link for: eu.stratosphere.pact.runtime.task.util.OutputEmitterTest-testBroadcast
Tue May 15 14:58:51 UTC 2018: No link for: eu.stratosphere.pact.runtime.task.util.OutputEmitterTest-testNullKey
Tue May 15 14:58:52 UTC 2018: Linking done for dimalabs__stratosphere-iterations test class eu.stratosphere.pact.runtime.task.util.OutputEmitterTest
Tue May 15 14:58:52 UTC 2018: Found element on the queue
Tue May 15 14:58:52 UTC 2018: Updating status
Tue May 15 14:58:52 UTC 2018: Working
Tue May 15 14:58:54 UTC 2018: Start dimalabs__stratosphere-iterations test class eu.stratosphere.pact.runtime.io.SpillingBufferTest
Tue May 15 14:58:54 UTC 2018: Setting lastTestMethodIndex: 36268
Tue May 15 14:58:54 UTC 2018: Starting linking
Tue May 15 14:58:54 UTC 2018: No link for: eu.stratosphere.pact.runtime.io.SpillingBufferTest-testWriteReadInMemory
Tue May 15 14:58:54 UTC 2018: No link for: eu.stratosphere.pact.runtime.io.SpillingBufferTest-testWriteReadExternal
Tue May 15 14:58:54 UTC 2018: No link for: eu.stratosphere.pact.runtime.io.SpillingBufferTest-testWriteReadTooMuchInMemory
Tue May 15 14:58:54 UTC 2018: No link for: eu.stratosphere.pact.runtime.io.SpillingBufferTest-testWriteReadTooMuchExternal
Tue May 15 14:58:54 UTC 2018: Linking done for dimalabs__stratosphere-iterations test class eu.stratosphere.pact.runtime.io.SpillingBufferTest
Tue May 15 14:58:55 UTC 2018: Found element on the queue
Tue May 15 14:58:55 UTC 2018: Updating status
Tue May 15 14:58:55 UTC 2018: Working
Tue May 15 14:58:57 UTC 2018: Start dimalabs__stratosphere-iterations test class eu.stratosphere.pact.runtime.io.ChannelViewsTest
Tue May 15 14:58:57 UTC 2018: Setting lastTestMethodIndex: 36269
Tue May 15 14:58:57 UTC 2018: Starting linking
Tue May 15 14:58:57 UTC 2018: No link for: eu.stratosphere.pact.runtime.io.ChannelViewsTest-testReadWithoutKnownBlockCount
Tue May 15 14:58:57 UTC 2018: No link for: eu.stratosphere.pact.runtime.io.ChannelViewsTest-testWriteReadOneBufferOnly
Tue May 15 14:58:57 UTC 2018: No link for: eu.stratosphere.pact.runtime.io.ChannelViewsTest-testWriteAndReadLongRecords
Tue May 15 14:58:57 UTC 2018: No link for: eu.stratosphere.pact.runtime.io.ChannelViewsTest-testReadTooMany
Tue May 15 14:58:57 UTC 2018: No link for: eu.stratosphere.pact.runtime.io.ChannelViewsTest-testWriteReadSmallRecords
Tue May 15 14:58:58 UTC 2018: No link for: eu.stratosphere.pact.runtime.io.ChannelViewsTest-testWriteReadNotAll
Tue May 15 14:58:58 UTC 2018: Linking done for dimalabs__stratosphere-iterations test class eu.stratosphere.pact.runtime.io.ChannelViewsTest
Tue May 15 14:58:58 UTC 2018: Found element on the queue
Tue May 15 14:58:58 UTC 2018: Updating status
Tue May 15 14:58:58 UTC 2018: Working
Tue May 15 14:59:00 UTC 2018: Start dimalabs__stratosphere-iterations test class eu.stratosphere.pact.runtime.resettable.SpillingResettableMutableObjectIteratorTest
Tue May 15 14:59:00 UTC 2018: Setting lastTestMethodIndex: 36270
Tue May 15 14:59:00 UTC 2018: Starting linking
Tue May 15 14:59:00 UTC 2018: Code found eu.stratosphere.pact.runtime.resettable.SpillingResettableMutableObjectIterator-reset with eu.stratosphere.pact.runtime.resettable.SpillingResettableMutableObjectIteratorTest-testResettableIterator
Tue May 15 14:59:00 UTC 2018: Code found eu.stratosphere.pact.runtime.resettable.SpillingResettableMutableObjectIterator-reset with eu.stratosphere.pact.runtime.resettable.SpillingResettableMutableObjectIteratorTest-testResettableIteratorInMemory
Tue May 15 14:59:01 UTC 2018: Linking done for dimalabs__stratosphere-iterations test class eu.stratosphere.pact.runtime.resettable.SpillingResettableMutableObjectIteratorTest
Tue May 15 14:59:01 UTC 2018: Found element on the queue
Tue May 15 14:59:01 UTC 2018: Updating status
Tue May 15 14:59:01 UTC 2018: Working
Tue May 15 14:59:03 UTC 2018: Start dimalabs__stratosphere-iterations test class eu.stratosphere.pact.runtime.resettable.SpillingResettableIteratorTest
Tue May 15 14:59:03 UTC 2018: Setting lastTestMethodIndex: 36271
Tue May 15 14:59:03 UTC 2018: Starting linking
Tue May 15 14:59:03 UTC 2018: Code found eu.stratosphere.pact.runtime.resettable.SpillingResettableIterator-reset with eu.stratosphere.pact.runtime.resettable.SpillingResettableIteratorTest-testResettableIteratorInMemory
Tue May 15 14:59:03 UTC 2018: Code found eu.stratosphere.pact.runtime.resettable.SpillingResettableIterator-next with eu.stratosphere.pact.runtime.resettable.SpillingResettableIteratorTest-testNext
Tue May 15 14:59:03 UTC 2018: Code found eu.stratosphere.pact.runtime.resettable.SpillingResettableIterator-hasNext with eu.stratosphere.pact.runtime.resettable.SpillingResettableIteratorTest-testHasNext
Tue May 15 14:59:04 UTC 2018: Code found eu.stratosphere.pact.runtime.resettable.SpillingResettableIterator-reset with eu.stratosphere.pact.runtime.resettable.SpillingResettableIteratorTest-testResettableIterator
Tue May 15 14:59:04 UTC 2018: Linking done for dimalabs__stratosphere-iterations test class eu.stratosphere.pact.runtime.resettable.SpillingResettableIteratorTest
Tue May 15 14:59:04 UTC 2018: Found element on the queue
Tue May 15 14:59:04 UTC 2018: Updating status
Tue May 15 14:59:04 UTC 2018: Working
Tue May 15 14:59:06 UTC 2018: Start dimalabs__stratosphere-iterations test class eu.stratosphere.pact.runtime.resettable.BlockResettableMutableObjectIteratorTest
Tue May 15 14:59:06 UTC 2018: Setting lastTestMethodIndex: 36272
Tue May 15 14:59:06 UTC 2018: Starting linking
Tue May 15 14:59:06 UTC 2018: Code found eu.stratosphere.pact.runtime.resettable.BlockResettableMutableObjectIterator-reset with eu.stratosphere.pact.runtime.resettable.BlockResettableMutableObjectIteratorTest-testSerialBlockResettableIterator
Tue May 15 14:59:06 UTC 2018: Code found eu.stratosphere.pact.runtime.resettable.BlockResettableMutableObjectIterator-reset with eu.stratosphere.pact.runtime.resettable.BlockResettableMutableObjectIteratorTest-testTwelveFoldBufferedBlockResettableIterator
Tue May 15 14:59:06 UTC 2018: Code found eu.stratosphere.pact.runtime.resettable.BlockResettableMutableObjectIterator-reset with eu.stratosphere.pact.runtime.resettable.BlockResettableMutableObjectIteratorTest-testDoubleBufferedBlockResettableIterator
Tue May 15 14:59:07 UTC 2018: Linking done for dimalabs__stratosphere-iterations test class eu.stratosphere.pact.runtime.resettable.BlockResettableMutableObjectIteratorTest
Tue May 15 14:59:07 UTC 2018: Found element on the queue
Tue May 15 14:59:07 UTC 2018: Updating status
Tue May 15 14:59:07 UTC 2018: Working
Tue May 15 14:59:09 UTC 2018: Start dimalabs__stratosphere-iterations test class eu.stratosphere.pact.runtime.resettable.BlockResettableIteratorTest
Tue May 15 14:59:09 UTC 2018: Setting lastTestMethodIndex: 36273
Tue May 15 14:59:09 UTC 2018: Starting linking
Tue May 15 14:59:09 UTC 2018: Code found eu.stratosphere.pact.runtime.resettable.BlockResettableIterator-reset with eu.stratosphere.pact.runtime.resettable.BlockResettableIteratorTest-testDoubleBufferedBlockResettableIterator
Tue May 15 14:59:09 UTC 2018: Code found eu.stratosphere.pact.runtime.resettable.BlockResettableIterator-reset with eu.stratosphere.pact.runtime.resettable.BlockResettableIteratorTest-testSerialBlockResettableIterator
Tue May 15 14:59:09 UTC 2018: Code found eu.stratosphere.pact.runtime.resettable.BlockResettableIterator-reset with eu.stratosphere.pact.runtime.resettable.BlockResettableIteratorTest-testTwelveFoldBufferedBlockResettableIterator
Tue May 15 14:59:10 UTC 2018: Linking done for dimalabs__stratosphere-iterations test class eu.stratosphere.pact.runtime.resettable.BlockResettableIteratorTest
Tue May 15 14:59:10 UTC 2018: Found element on the queue
Tue May 15 14:59:10 UTC 2018: Updating status
Tue May 15 14:59:10 UTC 2018: Working
Tue May 15 14:59:12 UTC 2018: Start dimalabs__stratosphere-iterations test class eu.stratosphere.pact.runtime.sort.MergeIteratorTest
Tue May 15 14:59:12 UTC 2018: Setting lastTestMethodIndex: 36274
Tue May 15 14:59:12 UTC 2018: Starting linking
Tue May 15 14:59:12 UTC 2018: No link for: eu.stratosphere.pact.runtime.sort.MergeIteratorTest-testMergeOfTwoStreams
Tue May 15 14:59:12 UTC 2018: No link for: eu.stratosphere.pact.runtime.sort.MergeIteratorTest-testMergeOfTenStreams
Tue May 15 14:59:12 UTC 2018: No link for: eu.stratosphere.pact.runtime.sort.MergeIteratorTest-testInvalidMerge
Tue May 15 14:59:12 UTC 2018: Linking done for dimalabs__stratosphere-iterations test class eu.stratosphere.pact.runtime.sort.MergeIteratorTest
Tue May 15 14:59:13 UTC 2018: Found element on the queue
Tue May 15 14:59:13 UTC 2018: Updating status
Tue May 15 14:59:13 UTC 2018: Working
Tue May 15 14:59:15 UTC 2018: Start dimalabs__stratosphere-iterations test class eu.stratosphere.pact.runtime.sort.NormalizedKeySorterTest
Tue May 15 14:59:15 UTC 2018: Setting lastTestMethodIndex: 36275
Tue May 15 14:59:15 UTC 2018: Starting linking
Tue May 15 14:59:15 UTC 2018: Code found eu.stratosphere.pact.runtime.sort.NormalizedKeySorter-write with eu.stratosphere.pact.runtime.sort.NormalizedKeySorterTest-testWriteAndIterator
Tue May 15 14:59:15 UTC 2018: Code found eu.stratosphere.pact.runtime.sort.NormalizedKeySorter-write with eu.stratosphere.pact.runtime.sort.NormalizedKeySorterTest-testWriteAndRead
Tue May 15 14:59:15 UTC 2018: Code found eu.stratosphere.pact.runtime.sort.NormalizedKeySorter-swap with eu.stratosphere.pact.runtime.sort.NormalizedKeySorterTest-testSwap
Tue May 15 14:59:15 UTC 2018: Code found eu.stratosphere.pact.runtime.sort.NormalizedKeySorter-reset with eu.stratosphere.pact.runtime.sort.NormalizedKeySorterTest-testReset
Tue May 15 14:59:15 UTC 2018: Code found eu.stratosphere.pact.runtime.sort.NormalizedKeySorter-compare with eu.stratosphere.pact.runtime.sort.NormalizedKeySorterTest-testCompare
Tue May 15 14:59:16 UTC 2018: No link for: eu.stratosphere.pact.runtime.sort.NormalizedKeySorterTest-testSortLongStringKeys
Tue May 15 14:59:16 UTC 2018: No link for: eu.stratosphere.pact.runtime.sort.NormalizedKeySorterTest-testSortShortStringKeys
Tue May 15 14:59:16 UTC 2018: No link for: eu.stratosphere.pact.runtime.sort.NormalizedKeySorterTest-testSort
Tue May 15 14:59:16 UTC 2018: Linking done for dimalabs__stratosphere-iterations test class eu.stratosphere.pact.runtime.sort.NormalizedKeySorterTest
Tue May 15 14:59:16 UTC 2018: Found element on the queue
Tue May 15 14:59:16 UTC 2018: Updating status
Tue May 15 14:59:16 UTC 2018: Working
Tue May 15 14:59:19 UTC 2018: Start dimalabs__stratosphere-iterations test class eu.stratosphere.pact.runtime.util.MathUtilTest
Tue May 15 14:59:19 UTC 2018: Setting lastTestMethodIndex: 36276
Tue May 15 14:59:19 UTC 2018: Starting linking
Tue May 15 14:59:19 UTC 2018: Code found eu.stratosphere.pact.runtime.util.MathUtils-roundDownToPowerOf2 with eu.stratosphere.pact.runtime.util.MathUtilTest-testRoundDownToPowerOf2
Tue May 15 14:59:19 UTC 2018: No link for: eu.stratosphere.pact.runtime.util.MathUtilTest-testLog2Computation
Tue May 15 14:59:19 UTC 2018: Linking done for dimalabs__stratosphere-iterations test class eu.stratosphere.pact.runtime.util.MathUtilTest
Tue May 15 14:59:19 UTC 2018: Found element on the queue
Tue May 15 14:59:19 UTC 2018: Updating status
Tue May 15 14:59:19 UTC 2018: Working
Tue May 15 14:59:21 UTC 2018: Start dimalabs__stratosphere-iterations test class eu.stratosphere.pact.runtime.util.KeyGroupedIteratorTest
Tue May 15 14:59:21 UTC 2018: Setting lastTestMethodIndex: 36277
Tue May 15 14:59:21 UTC 2018: Starting linking
Tue May 15 14:59:21 UTC 2018: Code found eu.stratosphere.pact.runtime.util.KeyGroupedIterator-nextKey with eu.stratosphere.pact.runtime.util.KeyGroupedIteratorTest-testNextKeyOnly
Tue May 15 14:59:21 UTC 2018: No link for: eu.stratosphere.pact.runtime.util.KeyGroupedIteratorTest-testMixedProgress
Tue May 15 14:59:22 UTC 2018: No link for: eu.stratosphere.pact.runtime.util.KeyGroupedIteratorTest-testFullIterationThroughAllValues
Tue May 15 14:59:22 UTC 2018: No link for: eu.stratosphere.pact.runtime.util.KeyGroupedIteratorTest-testHasNextDoesNotOverweiteCurrentRecord
Tue May 15 14:59:22 UTC 2018: Linking done for dimalabs__stratosphere-iterations test class eu.stratosphere.pact.runtime.util.KeyGroupedIteratorTest
