Tue May 15 13:35:32 UTC 2018: Database:jdbc:mysql://localhost:3306/unittests
Tue May 15 13:35:33 UTC 2018: Starting
Tue May 15 13:35:34 UTC 2018: Found element on the queue
Tue May 15 13:35:34 UTC 2018: Updating status
Tue May 15 13:35:34 UTC 2018: Working
Tue May 15 13:35:34 UTC 2018: Create project parser
Tue May 15 13:35:41 UTC 2018: Create slicer
Tue May 15 13:35:47 UTC 2018: Create call graph
Tue May 15 13:35:50 UTC 2018: Create point analysis
Tue May 15 13:35:50 UTC 2018: Create call graph done
Tue May 15 13:35:50 UTC 2018: Start commaweed__unit-test-sample test class tjjenk2.model.UserTest
Tue May 15 13:35:50 UTC 2018: Setting lastTestMethodIndex: 34086
Tue May 15 13:35:50 UTC 2018: Starting linking
Tue May 15 13:35:50 UTC 2018: No link for: tjjenk2.model.UserTest-testSuccessfulUserCreation
Tue May 15 13:35:50 UTC 2018: No link for: tjjenk2.model.UserTest-testWhereValidationFails
Tue May 15 13:35:50 UTC 2018: Linking done for commaweed__unit-test-sample test class tjjenk2.model.UserTest
Tue May 15 13:35:51 UTC 2018: Found element on the queue
Tue May 15 13:35:51 UTC 2018: Updating status
Tue May 15 13:35:51 UTC 2018: Working
Tue May 15 13:35:55 UTC 2018: Start commaweed__unit-test-sample test class tjjenk2.model.EnvironmentTypeTest
Tue May 15 13:35:55 UTC 2018: Setting lastTestMethodIndex: 34088
Tue May 15 13:35:55 UTC 2018: Starting linking
Tue May 15 13:35:55 UTC 2018: No link for: tjjenk2.model.EnvironmentTypeTest-testDetermineValueNullValue
Tue May 15 13:35:55 UTC 2018: No link for: tjjenk2.model.EnvironmentTypeTest-testDetermineValueBogusValue
Tue May 15 13:35:55 UTC 2018: No link for: tjjenk2.model.EnvironmentTypeTest-testDetermineValueSuccess
Tue May 15 13:35:55 UTC 2018: Linking done for commaweed__unit-test-sample test class tjjenk2.model.EnvironmentTypeTest
