Wed May 16 06:56:05 UTC 2018: Database:jdbc:mysql://localhost:3306/unittests
Wed May 16 06:56:05 UTC 2018: Starting
Wed May 16 06:56:05 UTC 2018: Found element on the queue
Wed May 16 06:56:05 UTC 2018: Updating status
Wed May 16 06:56:05 UTC 2018: Working
Wed May 16 06:56:05 UTC 2018: Create project parser
Wed May 16 06:56:10 UTC 2018: Create slicer
Wed May 16 06:56:12 UTC 2018: Create call graph
Wed May 16 06:56:12 UTC 2018: Create point analysis
Wed May 16 06:56:12 UTC 2018: Create call graph done
Wed May 16 06:56:12 UTC 2018: Start muralibala68__neela test class org.bala.neela.fs.PeerTest
Wed May 16 06:56:13 UTC 2018: Setting lastTestMethodIndex: 65868
Wed May 16 06:56:13 UTC 2018: Starting linking
Wed May 16 06:56:13 UTC 2018: Code found org.bala.neela.fs.Peer-listenForLocalUserCommands with org.bala.neela.fs.PeerTest-whenListenForLocalUserCommandsIsCalled
Wed May 16 06:56:13 UTC 2018: Code found org.bala.neela.fs.Peer-listenForRemotePeers with org.bala.neela.fs.PeerTest-whenListenForRemotePeersIsCalled
Wed May 16 06:56:14 UTC 2018: No link for: org.bala.neela.fs.PeerTest-whenBootStrapperIsNullConstructorToThrow
Wed May 16 06:56:14 UTC 2018: No link for: org.bala.neela.fs.PeerTest-whenP2PServerIsNullConstructorToThrow
Wed May 16 06:56:15 UTC 2018: No link for: org.bala.neela.fs.PeerTest-whenAllArgumentsAreNullConstructorToThrow
Wed May 16 06:56:15 UTC 2018: No link for: org.bala.neela.fs.PeerTest-whenUserCommandProcesserIsNullConstructorToThrow
Wed May 16 06:56:15 UTC 2018: Linking done for muralibala68__neela test class org.bala.neela.fs.PeerTest
Wed May 16 06:56:16 UTC 2018: Found element on the queue
Wed May 16 06:56:16 UTC 2018: Updating status
Wed May 16 06:56:16 UTC 2018: Working
Wed May 16 06:56:19 UTC 2018: Start muralibala68__neela test class org.bala.neela.ui.UserCommandProcessorTest
Wed May 16 06:56:19 UTC 2018: Setting lastTestMethodIndex: 65872
Wed May 16 06:56:19 UTC 2018: Starting linking
Wed May 16 06:56:19 UTC 2018: No link for: org.bala.neela.ui.UserCommandProcessorTest-whenBrowserIsNullConstructorToThrow
Wed May 16 06:56:19 UTC 2018: No link for: org.bala.neela.ui.UserCommandProcessorTest-whenDownloaderIsNullConstructorToThrow
Wed May 16 06:56:20 UTC 2018: No link for: org.bala.neela.ui.UserCommandProcessorTest-whenBootStrapperIsNullConstructorToThrow
Wed May 16 06:56:20 UTC 2018: No link for: org.bala.neela.ui.UserCommandProcessorTest-whenSearchEngineIsNullConstructorToThrow
Wed May 16 06:56:20 UTC 2018: No link for: org.bala.neela.ui.UserCommandProcessorTest-whenAllArgumentsAreNullConstructorToThrow
Wed May 16 06:56:21 UTC 2018: Linking done for muralibala68__neela test class org.bala.neela.ui.UserCommandProcessorTest
