Tue May 15 18:23:14 UTC 2018: Database:jdbc:mysql://localhost:3306/unittests
Tue May 15 18:23:15 UTC 2018: Starting
Tue May 15 18:23:17 UTC 2018: Found element on the queue
Tue May 15 18:23:17 UTC 2018: Updating status
Tue May 15 18:23:17 UTC 2018: Working
Tue May 15 18:23:17 UTC 2018: Create project parser
Tue May 15 18:23:26 UTC 2018: Create slicer
Tue May 15 18:24:19 UTC 2018: Create call graph
Tue May 15 18:24:53 UTC 2018: Create point analysis
Tue May 15 18:24:53 UTC 2018: Create call graph done
Tue May 15 18:24:53 UTC 2018: Start gautammadaan__EmergencySNRes test class edu.cmu.sv.ws.ssnoc.rest.test.MessagesServiceTest
Tue May 15 18:24:53 UTC 2018: Setting lastTestMethodIndex: 41628
Tue May 15 18:24:53 UTC 2018: Starting linking
Tue May 15 18:24:53 UTC 2018: Code found edu.cmu.sv.ws.ssnoc.rest.MessagesService-loadMessages with edu.cmu.sv.ws.ssnoc.rest.test.MessagesServiceTest-canLoadMessagesBetweenUsers
Tue May 15 18:24:54 UTC 2018: No link for: edu.cmu.sv.ws.ssnoc.rest.test.MessagesServiceTest-canLoadStatusMessagesInWall
Tue May 15 18:24:54 UTC 2018: No link for: edu.cmu.sv.ws.ssnoc.rest.test.MessagesServiceTest-canLoadPublicMessagesInWall
Tue May 15 18:24:54 UTC 2018: Linking done for gautammadaan__EmergencySNRes test class edu.cmu.sv.ws.ssnoc.rest.test.MessagesServiceTest
Tue May 15 18:24:55 UTC 2018: Found element on the queue
Tue May 15 18:24:55 UTC 2018: Updating status
Tue May 15 18:24:55 UTC 2018: Working
Tue May 15 18:24:59 UTC 2018: Start gautammadaan__EmergencySNRes test class edu.cmu.sv.ws.ssnoc.rest.test.MessageServiceTest
Tue May 15 18:24:59 UTC 2018: Setting lastTestMethodIndex: 41631
Tue May 15 18:24:59 UTC 2018: Starting linking
Tue May 15 18:24:59 UTC 2018: Code found edu.cmu.sv.ws.ssnoc.rest.MessageService-addPublicMessage with edu.cmu.sv.ws.ssnoc.rest.test.MessageServiceTest-canAddPublicMessage
Tue May 15 18:25:00 UTC 2018: Code found edu.cmu.sv.ws.ssnoc.rest.MessageService-sendChatMessage with edu.cmu.sv.ws.ssnoc.rest.test.MessageServiceTest-canSendChatMessage
Tue May 15 18:25:00 UTC 2018: Code found edu.cmu.sv.ws.ssnoc.rest.MessageService-findMessage with edu.cmu.sv.ws.ssnoc.rest.test.MessageServiceTest-canFindMessageByMessageId
Tue May 15 18:25:00 UTC 2018: Linking done for gautammadaan__EmergencySNRes test class edu.cmu.sv.ws.ssnoc.rest.test.MessageServiceTest
Tue May 15 18:25:01 UTC 2018: Found element on the queue
Tue May 15 18:25:01 UTC 2018: Updating status
Tue May 15 18:25:01 UTC 2018: Working
Tue May 15 18:25:05 UTC 2018: Start gautammadaan__EmergencySNRes test class edu.cmu.sv.ws.ssnoc.rest.test.ASNTest
Tue May 15 18:25:05 UTC 2018: Setting lastTestMethodIndex: 41634
Tue May 15 18:25:05 UTC 2018: Starting linking
Tue May 15 18:25:06 UTC 2018: Code found edu.cmu.sv.ws.ssnoc.rest.SystemAnalysis-analyzeSocialNetwork with edu.cmu.sv.ws.ssnoc.rest.test.ASNTest-canAnalyzeSocialNetworkEveryoneChatWithEachOther
Tue May 15 18:25:06 UTC 2018: Code found edu.cmu.sv.ws.ssnoc.rest.SystemAnalysis-analyzeSocialNetwork with edu.cmu.sv.ws.ssnoc.rest.test.ASNTest-canAnalyzeSocialNetworkUsersChatWithEachOther
Tue May 15 18:25:06 UTC 2018: Code found edu.cmu.sv.ws.ssnoc.rest.SystemAnalysis-analyzeSocialNetwork with edu.cmu.sv.ws.ssnoc.rest.test.ASNTest-canAnalyzeSocialNetwork
Tue May 15 18:25:06 UTC 2018: Code found edu.cmu.sv.ws.ssnoc.rest.SystemAnalysis-analyzeSocialNetwork with edu.cmu.sv.ws.ssnoc.rest.test.ASNTest-canAnalyzeSocialNetworkWithOnlyOneUser
Tue May 15 18:25:06 UTC 2018: Code found edu.cmu.sv.ws.ssnoc.rest.SystemAnalysis-analyzeSocialNetwork with edu.cmu.sv.ws.ssnoc.rest.test.ASNTest-canAnalyzeSocialNetworkWithNoPrivateChat
Tue May 15 18:25:07 UTC 2018: Linking done for gautammadaan__EmergencySNRes test class edu.cmu.sv.ws.ssnoc.rest.test.ASNTest
Tue May 15 18:25:08 UTC 2018: Found element on the queue
Tue May 15 18:25:08 UTC 2018: Updating status
Tue May 15 18:25:08 UTC 2018: Working
Tue May 15 18:25:12 UTC 2018: Start gautammadaan__EmergencySNRes test class edu.cmu.sv.ws.ssnoc.data.dao.test.LoadChatUsersTest
Tue May 15 18:25:12 UTC 2018: Setting lastTestMethodIndex: 41637
Tue May 15 18:25:12 UTC 2018: Starting linking
Tue May 15 18:25:12 UTC 2018: Code found edu.cmu.sv.ws.ssnoc.data.dao.MessageDetailDAOImpl-loadChatUsers with edu.cmu.sv.ws.ssnoc.data.dao.test.LoadChatUsersTest-canLoadChatUsers
Tue May 15 18:25:12 UTC 2018: Linking done for gautammadaan__EmergencySNRes test class edu.cmu.sv.ws.ssnoc.data.dao.test.LoadChatUsersTest
Tue May 15 18:25:13 UTC 2018: Found element on the queue
Tue May 15 18:25:13 UTC 2018: Updating status
Tue May 15 18:25:13 UTC 2018: Working
Tue May 15 18:25:16 UTC 2018: Start gautammadaan__EmergencySNRes test class edu.cmu.sv.ws.ssnoc.data.dao.test.GetUserClusterTest
Tue May 15 18:25:16 UTC 2018: Setting lastTestMethodIndex: 41641
Tue May 15 18:25:16 UTC 2018: Starting linking
Tue May 15 18:25:16 UTC 2018: No link for: edu.cmu.sv.ws.ssnoc.data.dao.test.GetUserClusterTest-canGetUserClusterWhenThereIsAPrivateChat
Tue May 15 18:25:16 UTC 2018: No link for: edu.cmu.sv.ws.ssnoc.data.dao.test.GetUserClusterTest-canGetAllPrivateChatPast
Tue May 15 18:25:16 UTC 2018: No link for: edu.cmu.sv.ws.ssnoc.data.dao.test.GetUserClusterTest-canGetPrivateChatPastByDuration
Tue May 15 18:25:16 UTC 2018: No link for: edu.cmu.sv.ws.ssnoc.data.dao.test.GetUserClusterTest-canGetUserClusterWhenThereIsNoPrivateChat
Tue May 15 18:25:16 UTC 2018: No link for: edu.cmu.sv.ws.ssnoc.data.dao.test.GetUserClusterTest-canGetUserClusterWhenEveryOneChatWithEachother
Tue May 15 18:25:17 UTC 2018: Linking done for gautammadaan__EmergencySNRes test class edu.cmu.sv.ws.ssnoc.data.dao.test.GetUserClusterTest
Tue May 15 18:25:17 UTC 2018: Found element on the queue
Tue May 15 18:25:17 UTC 2018: Updating status
Tue May 15 18:25:17 UTC 2018: Working
Tue May 15 18:25:20 UTC 2018: Start gautammadaan__EmergencySNRes test class edu.cmu.sv.ws.ssnoc.data.dao.test.MessageDtailDAOImplTest
Tue May 15 18:25:20 UTC 2018: Setting lastTestMethodIndex: 41646
Tue May 15 18:25:20 UTC 2018: Starting linking
Tue May 15 18:25:20 UTC 2018: Code found edu.cmu.sv.ws.ssnoc.data.dao.MessageDetailDAOImpl-save with edu.cmu.sv.ws.ssnoc.data.dao.test.MessageDtailDAOImplTest-cannotSaveNullMessage
Tue May 15 18:25:20 UTC 2018: Code found edu.cmu.sv.ws.ssnoc.data.dao.MessageDetailDAOImpl-loadChatMessages with edu.cmu.sv.ws.ssnoc.data.dao.test.MessageDtailDAOImplTest-canLoadChatMessages
Tue May 15 18:25:20 UTC 2018: Code found edu.cmu.sv.ws.ssnoc.data.dao.MessageDetailDAOImpl-save with edu.cmu.sv.ws.ssnoc.data.dao.test.MessageDtailDAOImplTest-canSaveMessage
Tue May 15 18:25:21 UTC 2018: Code found edu.cmu.sv.ws.ssnoc.data.dao.MessageDetailDAOImpl-deleteAllMessage with edu.cmu.sv.ws.ssnoc.data.dao.test.MessageDtailDAOImplTest-canDeleteAllMessage
Tue May 15 18:25:21 UTC 2018: No link for: edu.cmu.sv.ws.ssnoc.data.dao.test.MessageDtailDAOImplTest-canFindStatusMessageByUserId
Tue May 15 18:25:21 UTC 2018: No link for: edu.cmu.sv.ws.ssnoc.data.dao.test.MessageDtailDAOImplTest-canloadStatus
Tue May 15 18:25:22 UTC 2018: No link for: edu.cmu.sv.ws.ssnoc.data.dao.test.MessageDtailDAOImplTest-canFindMessageByMessageId
Tue May 15 18:25:22 UTC 2018: No link for: edu.cmu.sv.ws.ssnoc.data.dao.test.MessageDtailDAOImplTest-canLoadPublicMessages
Tue May 15 18:25:22 UTC 2018: Linking done for gautammadaan__EmergencySNRes test class edu.cmu.sv.ws.ssnoc.data.dao.test.MessageDtailDAOImplTest
