Tue May 15 13:43:02 UTC 2018: Database:jdbc:mysql://localhost:3306/unittests
Tue May 15 13:43:03 UTC 2018: Starting
Tue May 15 13:43:04 UTC 2018: Found element on the queue
Tue May 15 13:43:04 UTC 2018: Updating status
Tue May 15 13:43:04 UTC 2018: Working
Tue May 15 13:43:04 UTC 2018: Create project parser
Tue May 15 13:43:19 UTC 2018: Create slicer
Tue May 15 13:43:24 UTC 2018: Create call graph
Tue May 15 13:43:33 UTC 2018: Create point analysis
Tue May 15 13:43:33 UTC 2018: Create call graph done
Tue May 15 13:43:33 UTC 2018: Start cralcubo__pimped-radio test class bo.roman.radio.utilities.PhraseCalculatorTest
Tue May 15 13:43:33 UTC 2018: Setting lastTestMethodIndex: 34272
Tue May 15 13:43:33 UTC 2018: Starting linking
Tue May 15 13:43:33 UTC 2018: Code found bo.roman.radio.utilities.PhraseCalculator-atLeastContains with bo.roman.radio.utilities.PhraseCalculatorTest-testAtLeastContains_2
Tue May 15 13:43:33 UTC 2018: Code found bo.roman.radio.utilities.PhraseCalculator-atLeastContains with bo.roman.radio.utilities.PhraseCalculatorTest-testAtLeastContains_1
Tue May 15 13:43:33 UTC 2018: Code found bo.roman.radio.utilities.PhraseCalculator-isCloseTo with bo.roman.radio.utilities.PhraseCalculatorTest-testIsCloseTo_Similar
Tue May 15 13:43:33 UTC 2018: Code found bo.roman.radio.utilities.PhraseCalculator-atLeastContains with bo.roman.radio.utilities.PhraseCalculatorTest-testAtLeastContains
Tue May 15 13:43:33 UTC 2018: Code found bo.roman.radio.utilities.PhraseCalculator-isCloseTo with bo.roman.radio.utilities.PhraseCalculatorTest-testIsCloseTo_Exact
Tue May 15 13:43:33 UTC 2018: Code found bo.roman.radio.utilities.PhraseCalculator-isCloseTo with bo.roman.radio.utilities.PhraseCalculatorTest-testIsCloseTo_SameBegin
Tue May 15 13:43:33 UTC 2018: No link for: bo.roman.radio.utilities.PhraseCalculatorTest-testSimilarMatch_cleaningUnionSeparationCharacters
Tue May 15 13:43:33 UTC 2018: No link for: bo.roman.radio.utilities.PhraseCalculatorTest-testExactMatch
Tue May 15 13:43:33 UTC 2018: No link for: bo.roman.radio.utilities.PhraseCalculatorTest-testSimilarMatch_cleaningUnionSeparationCharacters9
Tue May 15 13:43:33 UTC 2018: No link for: bo.roman.radio.utilities.PhraseCalculatorTest-testSimilarMatch_cleaningUnionSeparationCharacters8
Tue May 15 13:43:33 UTC 2018: No link for: bo.roman.radio.utilities.PhraseCalculatorTest-testDifferent
Tue May 15 13:43:33 UTC 2018: No link for: bo.roman.radio.utilities.PhraseCalculatorTest-testSimilarMatch_cleaningAposthrofes3
Tue May 15 13:43:33 UTC 2018: No link for: bo.roman.radio.utilities.PhraseCalculatorTest-testSimilarMatch_cleaningAposthrofes2
Tue May 15 13:43:33 UTC 2018: No link for: bo.roman.radio.utilities.PhraseCalculatorTest-testSimilarMatch_reverted
Tue May 15 13:43:33 UTC 2018: No link for: bo.roman.radio.utilities.PhraseCalculatorTest-testSameBegin
Tue May 15 13:43:33 UTC 2018: No link for: bo.roman.radio.utilities.PhraseCalculatorTest-testSameBegin6
Tue May 15 13:43:34 UTC 2018: No link for: bo.roman.radio.utilities.PhraseCalculatorTest-testSimilarMatch_extraChars2
Tue May 15 13:43:34 UTC 2018: No link for: bo.roman.radio.utilities.PhraseCalculatorTest-testSameBegin7
Tue May 15 13:43:34 UTC 2018: No link for: bo.roman.radio.utilities.PhraseCalculatorTest-testSimilarMatch_extraChars3
Tue May 15 13:43:34 UTC 2018: No link for: bo.roman.radio.utilities.PhraseCalculatorTest-testSameBegin8
Tue May 15 13:43:34 UTC 2018: No link for: bo.roman.radio.utilities.PhraseCalculatorTest-testSameBegin9
Tue May 15 13:43:34 UTC 2018: No link for: bo.roman.radio.utilities.PhraseCalculatorTest-testSameBegin2
Tue May 15 13:43:34 UTC 2018: No link for: bo.roman.radio.utilities.PhraseCalculatorTest-testSameBegin3
Tue May 15 13:43:34 UTC 2018: No link for: bo.roman.radio.utilities.PhraseCalculatorTest-testSameBegin5
Tue May 15 13:43:34 UTC 2018: No link for: bo.roman.radio.utilities.PhraseCalculatorTest-testIsDifferent
Tue May 15 13:43:34 UTC 2018: No link for: bo.roman.radio.utilities.PhraseCalculatorTest-testContains
Tue May 15 13:43:34 UTC 2018: No link for: bo.roman.radio.utilities.PhraseCalculatorTest-testSimilarMatch_cleaningUnionSeparationCharacters7
Tue May 15 13:43:34 UTC 2018: No link for: bo.roman.radio.utilities.PhraseCalculatorTest-testSimilarMatch_cleaningUnionSeparationCharacters6
Tue May 15 13:43:34 UTC 2018: No link for: bo.roman.radio.utilities.PhraseCalculatorTest-testSimilarMatch_cleaningUnionSeparationCharacters5
Tue May 15 13:43:34 UTC 2018: No link for: bo.roman.radio.utilities.PhraseCalculatorTest-testSimilarMatch_cleaningUnionSeparationCharacters4
Tue May 15 13:43:34 UTC 2018: No link for: bo.roman.radio.utilities.PhraseCalculatorTest-testSimilarMatch_cleaningUnionSeparationCharacters3
Tue May 15 13:43:34 UTC 2018: No link for: bo.roman.radio.utilities.PhraseCalculatorTest-testSimilarMatch_cleaningUnionSeparationCharacters10
Tue May 15 13:43:34 UTC 2018: No link for: bo.roman.radio.utilities.PhraseCalculatorTest-testSimilarMatch_cleaningUnionSeparationCharacters2
Tue May 15 13:43:34 UTC 2018: No link for: bo.roman.radio.utilities.PhraseCalculatorTest-testIsExact
Tue May 15 13:43:34 UTC 2018: No link for: bo.roman.radio.utilities.PhraseCalculatorTest-testDifferentMatch_empty
Tue May 15 13:43:34 UTC 2018: No link for: bo.roman.radio.utilities.PhraseCalculatorTest-testSimilarMatch_extraChars
Tue May 15 13:43:34 UTC 2018: No link for: bo.roman.radio.utilities.PhraseCalculatorTest-testExactMatch2
Tue May 15 13:43:34 UTC 2018: No link for: bo.roman.radio.utilities.PhraseCalculatorTest-testSimilarMatch_cleaningAposthrofes
Tue May 15 13:43:34 UTC 2018: No link for: bo.roman.radio.utilities.PhraseCalculatorTest-testContains2
Tue May 15 13:43:34 UTC 2018: No link for: bo.roman.radio.utilities.PhraseCalculatorTest-testContains3
Tue May 15 13:43:34 UTC 2018: No link for: bo.roman.radio.utilities.PhraseCalculatorTest-testDifferentMatch_extraChars
Tue May 15 13:43:34 UTC 2018: Linking done for cralcubo__pimped-radio test class bo.roman.radio.utilities.PhraseCalculatorTest
Tue May 15 13:43:36 UTC 2018: Found element on the queue
Tue May 15 13:43:36 UTC 2018: Updating status
Tue May 15 13:43:36 UTC 2018: Working
Tue May 15 13:43:40 UTC 2018: Start cralcubo__pimped-radio test class bo.roman.radio.utilities.StringUtilsTest
Tue May 15 13:43:40 UTC 2018: Setting lastTestMethodIndex: 34275
Tue May 15 13:43:40 UTC 2018: Starting linking
Tue May 15 13:43:40 UTC 2018: No link for: bo.roman.radio.utilities.StringUtilsTest-testReplaceHtmlEncoded
Tue May 15 13:43:40 UTC 2018: No link for: bo.roman.radio.utilities.StringUtilsTest-testReplaceUrlEncoded
Tue May 15 13:43:40 UTC 2018: No link for: bo.roman.radio.utilities.StringUtilsTest-testReplaceAccents
Tue May 15 13:43:40 UTC 2018: No link for: bo.roman.radio.utilities.StringUtilsTest-testRemoveExtraInfo
Tue May 15 13:43:40 UTC 2018: No link for: bo.roman.radio.utilities.StringUtilsTest-testRemoveExtraInfo6
Tue May 15 13:43:40 UTC 2018: No link for: bo.roman.radio.utilities.StringUtilsTest-testPercentage
Tue May 15 13:43:40 UTC 2018: No link for: bo.roman.radio.utilities.StringUtilsTest-testRemoveFeaturing5
Tue May 15 13:43:40 UTC 2018: No link for: bo.roman.radio.utilities.StringUtilsTest-testRemoveExtraInfo4
Tue May 15 13:43:40 UTC 2018: No link for: bo.roman.radio.utilities.StringUtilsTest-testRemoveFeaturing6
Tue May 15 13:43:40 UTC 2018: No link for: bo.roman.radio.utilities.StringUtilsTest-testRemoveExtraInfo5
Tue May 15 13:43:40 UTC 2018: No link for: bo.roman.radio.utilities.StringUtilsTest-testReplaceNewLines
Tue May 15 13:43:40 UTC 2018: No link for: bo.roman.radio.utilities.StringUtilsTest-testRemoveExtraInfo2
Tue May 15 13:43:40 UTC 2018: No link for: bo.roman.radio.utilities.StringUtilsTest-testRemoveExtraInfo3
Tue May 15 13:43:40 UTC 2018: No link for: bo.roman.radio.utilities.StringUtilsTest-testReplaceCombinedCases
Tue May 15 13:43:40 UTC 2018: No link for: bo.roman.radio.utilities.StringUtilsTest-testRemoveExtraInfo1
Tue May 15 13:43:40 UTC 2018: No link for: bo.roman.radio.utilities.StringUtilsTest-testRemoveFeaturing3
Tue May 15 13:43:40 UTC 2018: No link for: bo.roman.radio.utilities.StringUtilsTest-testRemoveFeaturing4
Tue May 15 13:43:40 UTC 2018: No link for: bo.roman.radio.utilities.StringUtilsTest-testRemoveFeaturing1
Tue May 15 13:43:40 UTC 2018: No link for: bo.roman.radio.utilities.StringUtilsTest-testRemoveFeaturing2
Tue May 15 13:43:40 UTC 2018: No link for: bo.roman.radio.utilities.StringUtilsTest-testRemoveExtraInfoMultipleBraces
Tue May 15 13:43:41 UTC 2018: Linking done for cralcubo__pimped-radio test class bo.roman.radio.utilities.StringUtilsTest
Tue May 15 13:43:42 UTC 2018: Found element on the queue
Tue May 15 13:43:42 UTC 2018: Updating status
Tue May 15 13:43:42 UTC 2018: Working
Tue May 15 13:43:47 UTC 2018: Start cralcubo__pimped-radio test class bo.roman.radio.cover.album.AmazonConnectionUtilTest
Tue May 15 13:43:47 UTC 2018: Setting lastTestMethodIndex: 34279
Tue May 15 13:43:47 UTC 2018: Starting linking
Tue May 15 13:43:47 UTC 2018: No link for: bo.roman.radio.cover.album.AmazonConnectionUtilTest-testNoAccessKeys_searchAll
Tue May 15 13:43:47 UTC 2018: No link for: bo.roman.radio.cover.album.AmazonConnectionUtilTest-testGenerateSearchAlbumRequestUrl
Tue May 15 13:43:47 UTC 2018: No link for: bo.roman.radio.cover.album.AmazonConnectionUtilTest-testNoAccessKeys_searchAlbum
Tue May 15 13:43:47 UTC 2018: No link for: bo.roman.radio.cover.album.AmazonConnectionUtilTest-testGenereateSearchAllRequest
Tue May 15 13:43:47 UTC 2018: Linking done for cralcubo__pimped-radio test class bo.roman.radio.cover.album.AmazonConnectionUtilTest
Tue May 15 13:43:48 UTC 2018: Found element on the queue
Tue May 15 13:43:48 UTC 2018: Updating status
Tue May 15 13:43:48 UTC 2018: Working
Tue May 15 13:43:52 UTC 2018: Start cralcubo__pimped-radio test class bo.roman.radio.cover.album.AlbumComparatorTest
Tue May 15 13:43:52 UTC 2018: Setting lastTestMethodIndex: 34283
Tue May 15 13:43:52 UTC 2018: Starting linking
Tue May 15 13:43:52 UTC 2018: No link for: bo.roman.radio.cover.album.AlbumComparatorTest-testSort_bestSongFirst
Tue May 15 13:43:52 UTC 2018: No link for: bo.roman.radio.cover.album.AlbumComparatorTest-testSort_bestArtistFirst
Tue May 15 13:43:52 UTC 2018: No link for: bo.roman.radio.cover.album.AlbumComparatorTest-testSort_bestSongArtistFirst
Tue May 15 13:43:52 UTC 2018: No link for: bo.roman.radio.cover.album.AlbumComparatorTest-testSort_bestAlbumFirst
Tue May 15 13:43:52 UTC 2018: Linking done for cralcubo__pimped-radio test class bo.roman.radio.cover.album.AlbumComparatorTest
Tue May 15 13:43:54 UTC 2018: Found element on the queue
Tue May 15 13:43:54 UTC 2018: Updating status
Tue May 15 13:43:54 UTC 2018: Working
Tue May 15 13:43:58 UTC 2018: Start cralcubo__pimped-radio test class bo.roman.radio.cover.album.AmazonAlbumFinderTest
Tue May 15 13:43:58 UTC 2018: Setting lastTestMethodIndex: 34286
Tue May 15 13:43:58 UTC 2018: Starting linking
Tue May 15 13:43:58 UTC 2018: No link for: bo.roman.radio.cover.album.AmazonAlbumFinderTest-testFindAlbums_AlbumSwapedInfo
Tue May 15 13:43:58 UTC 2018: No link for: bo.roman.radio.cover.album.AmazonAlbumFinderTest-testFindAlbums_closeKeyword
Tue May 15 13:43:58 UTC 2018: No link for: bo.roman.radio.cover.album.AmazonAlbumFinderTest-testFindAlbums_WhitesnakeSwapped
Tue May 15 13:43:59 UTC 2018: No link for: bo.roman.radio.cover.album.AmazonAlbumFinderTest-testFindAlbums_Album
Tue May 15 13:43:59 UTC 2018: No link for: bo.roman.radio.cover.album.AmazonAlbumFinderTest-testFindAlbums_Cesarea
Tue May 15 13:43:59 UTC 2018: No link for: bo.roman.radio.cover.album.AmazonAlbumFinderTest-testFindAlbum_RihannaSwapped
Tue May 15 13:43:59 UTC 2018: No link for: bo.roman.radio.cover.album.AmazonAlbumFinderTest-testFindAlbums_noBigImages
Tue May 15 13:43:59 UTC 2018: No link for: bo.roman.radio.cover.album.AmazonAlbumFinderTest-testFindAlbum_TrackAsRelatedItem
Tue May 15 13:43:59 UTC 2018: No link for: bo.roman.radio.cover.album.AmazonAlbumFinderTest-testFindAlbum_NoArtist
Tue May 15 13:43:59 UTC 2018: No link for: bo.roman.radio.cover.album.AmazonAlbumFinderTest-testFindAlbum_Rihanna
Tue May 15 13:43:59 UTC 2018: No link for: bo.roman.radio.cover.album.AmazonAlbumFinderTest-testFindAlbum_PinkFloyd
Tue May 15 13:43:59 UTC 2018: No link for: bo.roman.radio.cover.album.AmazonAlbumFinderTest-testFindAlbums_noAlbums
Tue May 15 13:43:59 UTC 2018: No link for: bo.roman.radio.cover.album.AmazonAlbumFinderTest-testFindAlbums_Whitesnake
Tue May 15 13:43:59 UTC 2018: No link for: bo.roman.radio.cover.album.AmazonAlbumFinderTest-testFindAlbum_SongInTracks
Tue May 15 13:43:59 UTC 2018: No link for: bo.roman.radio.cover.album.AmazonAlbumFinderTest-testFindAlbums_noItems
Tue May 15 13:43:59 UTC 2018: No link for: bo.roman.radio.cover.album.AmazonAlbumFinderTest-testFindAlbum_Kaskade
Tue May 15 13:43:59 UTC 2018: No link for: bo.roman.radio.cover.album.AmazonAlbumFinderTest-testFindAlbums_Track
Tue May 15 13:43:59 UTC 2018: Linking done for cralcubo__pimped-radio test class bo.roman.radio.cover.album.AmazonAlbumFinderTest
Tue May 15 13:44:00 UTC 2018: Found element on the queue
Tue May 15 13:44:00 UTC 2018: Updating status
Tue May 15 13:44:00 UTC 2018: Working
Tue May 15 13:44:04 UTC 2018: Start cralcubo__pimped-radio test class bo.roman.radio.cover.album.AmazonUtilTest
Tue May 15 13:44:04 UTC 2018: Setting lastTestMethodIndex: 34288
Tue May 15 13:44:04 UTC 2018: Starting linking
Tue May 15 13:44:04 UTC 2018: Code found bo.roman.radio.cover.album.AmazonUtil-itemToAlbum with bo.roman.radio.cover.album.AmazonUtilTest-testItemToAlbum_RelatedItemTracks
Tue May 15 13:44:04 UTC 2018: Code found bo.roman.radio.cover.album.AmazonUtil-itemToAlbum with bo.roman.radio.cover.album.AmazonUtilTest-testItemToAlbum_TrackNoRelatedItems
Tue May 15 13:44:04 UTC 2018: Code found bo.roman.radio.cover.album.AmazonUtil-itemToAlbum with bo.roman.radio.cover.album.AmazonUtilTest-testItemToAlbum_AlbumWithRelatedItems
Tue May 15 13:44:04 UTC 2018: Code found bo.roman.radio.cover.album.AmazonUtil-itemToAlbum with bo.roman.radio.cover.album.AmazonUtilTest-testItemToAlbum_MultipleTracksNoMatchSong
Tue May 15 13:44:04 UTC 2018: Code found bo.roman.radio.cover.album.AmazonUtil-itemToAlbum with bo.roman.radio.cover.album.AmazonUtilTest-testItemToAlbum_Track
Tue May 15 13:44:04 UTC 2018: Code found bo.roman.radio.cover.album.AmazonUtil-itemToAlbum with bo.roman.radio.cover.album.AmazonUtilTest-testItemToAlbum_NoTracks
Tue May 15 13:44:05 UTC 2018: Code found bo.roman.radio.cover.album.AmazonUtil-itemToAlbum with bo.roman.radio.cover.album.AmazonUtilTest-testItemToAlbum_NoItemAttributes
Tue May 15 13:44:05 UTC 2018: Code found bo.roman.radio.cover.album.AmazonUtil-itemToAlbum with bo.roman.radio.cover.album.AmazonUtilTest-testItemToAlbum_MultipleTracksCloseMatchSong
Tue May 15 13:44:05 UTC 2018: Code found bo.roman.radio.cover.album.AmazonUtil-itemToAlbum with bo.roman.radio.cover.album.AmazonUtilTest-testItemToAlbum_Album
Tue May 15 13:44:05 UTC 2018: Code found bo.roman.radio.cover.album.AmazonUtil-itemToAlbum with bo.roman.radio.cover.album.AmazonUtilTest-testItemToAlbum_MultipleTracks
Tue May 15 13:44:05 UTC 2018: Linking done for cralcubo__pimped-radio test class bo.roman.radio.cover.album.AmazonUtilTest
