Tue May 15 17:03:23 UTC 2018: Database:jdbc:mysql://localhost:3306/unittests
Tue May 15 17:03:24 UTC 2018: Starting
Tue May 15 17:03:24 UTC 2018: Found element on the queue
Tue May 15 17:03:24 UTC 2018: Updating status
Tue May 15 17:03:24 UTC 2018: Working
Tue May 15 17:03:24 UTC 2018: Create project parser
Tue May 15 17:03:30 UTC 2018: Create slicer
Tue May 15 17:03:32 UTC 2018: Create call graph
Tue May 15 17:03:34 UTC 2018: Create point analysis
Tue May 15 17:03:34 UTC 2018: Create call graph done
Tue May 15 17:03:34 UTC 2018: Start fchavescebar__google-sites-liberation test class com.google.sites.liberation.imprt.EntryUploaderImplTest
Tue May 15 17:03:34 UTC 2018: Setting lastTestMethodIndex: 39363
Tue May 15 17:03:34 UTC 2018: Starting linking
Tue May 15 17:03:34 UTC 2018: No link for: com.google.sites.liberation.imprt.EntryUploaderImplTest-testUpdateById
Tue May 15 17:03:34 UTC 2018: None match not added in database because it already exists
Tue May 15 17:03:34 UTC 2018: No link for: com.google.sites.liberation.imprt.EntryUploaderImplTest-testUpdateByPath
Tue May 15 17:03:34 UTC 2018: None match not added in database because it already exists
Tue May 15 17:03:34 UTC 2018: No link for: com.google.sites.liberation.imprt.EntryUploaderImplTest-testInsert
Tue May 15 17:03:34 UTC 2018: None match not added in database because it already exists
Tue May 15 17:03:34 UTC 2018: Linking done for fchavescebar__google-sites-liberation test class com.google.sites.liberation.imprt.EntryUploaderImplTest
Tue May 15 17:03:35 UTC 2018: Found element on the queue
Tue May 15 17:03:35 UTC 2018: Updating status
Tue May 15 17:03:35 UTC 2018: Working
Tue May 15 17:03:37 UTC 2018: Start fchavescebar__google-sites-liberation test class com.google.sites.liberation.export.InMemoryEntryStoreTest
Tue May 15 17:03:37 UTC 2018: Setting lastTestMethodIndex: 39366
Tue May 15 17:03:37 UTC 2018: Starting linking
Tue May 15 17:03:37 UTC 2018: Code found com.google.sites.liberation.export.InMemoryEntryStore-getEntry with com.google.sites.liberation.export.InMemoryEntryStoreTest-testGetEntry
Tue May 15 17:03:38 UTC 2018: Match not added in database because it already exists
Tue May 15 17:03:38 UTC 2018: Code found com.google.sites.liberation.export.InMemoryEntryStore-getChildren with com.google.sites.liberation.export.InMemoryEntryStoreTest-testGetChildren
Tue May 15 17:03:38 UTC 2018: Match not added in database because it already exists
Tue May 15 17:03:38 UTC 2018: Linking done for fchavescebar__google-sites-liberation test class com.google.sites.liberation.export.InMemoryEntryStoreTest
Tue May 15 17:03:38 UTC 2018: Found element on the queue
Tue May 15 17:03:38 UTC 2018: Updating status
Tue May 15 17:03:38 UTC 2018: Working
Tue May 15 17:03:41 UTC 2018: Start fchavescebar__google-sites-liberation test class com.google.sites.liberation.export.PageExporterImplTest
Tue May 15 17:03:41 UTC 2018: Setting lastTestMethodIndex: 39368
Tue May 15 17:03:41 UTC 2018: Starting linking
Tue May 15 17:03:41 UTC 2018: No link for: com.google.sites.liberation.export.PageExporterImplTest-testListExport
Tue May 15 17:03:41 UTC 2018: None match not added in database because it already exists
Tue May 15 17:03:41 UTC 2018: No link for: com.google.sites.liberation.export.PageExporterImplTest-testAnnouncementsExport
Tue May 15 17:03:41 UTC 2018: None match not added in database because it already exists
Tue May 15 17:03:41 UTC 2018: No link for: com.google.sites.liberation.export.PageExporterImplTest-testNormalExport
Tue May 15 17:03:41 UTC 2018: None match not added in database because it already exists
Tue May 15 17:03:41 UTC 2018: No link for: com.google.sites.liberation.export.PageExporterImplTest-testFileCabinetExport
Tue May 15 17:03:41 UTC 2018: None match not added in database because it already exists
Tue May 15 17:03:41 UTC 2018: Linking done for fchavescebar__google-sites-liberation test class com.google.sites.liberation.export.PageExporterImplTest
Tue May 15 17:03:42 UTC 2018: Found element on the queue
Tue May 15 17:03:42 UTC 2018: Updating status
Tue May 15 17:03:42 UTC 2018: Working
Tue May 15 17:03:44 UTC 2018: Start fchavescebar__google-sites-liberation test class com.google.sites.liberation.export.RevisionExporterImplTest
Tue May 15 17:03:44 UTC 2018: Setting lastTestMethodIndex: 39370
Tue May 15 17:03:44 UTC 2018: Starting linking
Tue May 15 17:03:44 UTC 2018: No link for: com.google.sites.liberation.export.RevisionExporterImplTest-testListPageRevision
Tue May 15 17:03:45 UTC 2018: None match not added in database because it already exists
Tue May 15 17:03:45 UTC 2018: No link for: com.google.sites.liberation.export.RevisionExporterImplTest-testNormalRevision
Tue May 15 17:03:45 UTC 2018: None match not added in database because it already exists
Tue May 15 17:03:45 UTC 2018: Linking done for fchavescebar__google-sites-liberation test class com.google.sites.liberation.export.RevisionExporterImplTest
Tue May 15 17:03:45 UTC 2018: Found element on the queue
Tue May 15 17:03:45 UTC 2018: Updating status
Tue May 15 17:03:45 UTC 2018: Working
Tue May 15 17:03:48 UTC 2018: Start fchavescebar__google-sites-liberation test class com.google.sites.liberation.export.SiteExporterImplTest
Tue May 15 17:03:48 UTC 2018: Setting lastTestMethodIndex: 39372
Tue May 15 17:03:48 UTC 2018: Starting linking
Tue May 15 17:03:48 UTC 2018: No link for: com.google.sites.liberation.export.SiteExporterImplTest-testEmptyExport
Tue May 15 17:03:48 UTC 2018: None match not added in database because it already exists
Tue May 15 17:03:48 UTC 2018: No link for: com.google.sites.liberation.export.SiteExporterImplTest-testOnePageWithAttachment
Tue May 15 17:03:48 UTC 2018: None match not added in database because it already exists
Tue May 15 17:03:48 UTC 2018: No link for: com.google.sites.liberation.export.SiteExporterImplTest-testSeveralOfEach
Tue May 15 17:03:48 UTC 2018: None match not added in database because it already exists
Tue May 15 17:03:48 UTC 2018: No link for: com.google.sites.liberation.export.SiteExporterImplTest-testOnePage
Tue May 15 17:03:48 UTC 2018: None match not added in database because it already exists
Tue May 15 17:03:48 UTC 2018: Linking done for fchavescebar__google-sites-liberation test class com.google.sites.liberation.export.SiteExporterImplTest
Tue May 15 17:03:49 UTC 2018: Found element on the queue
Tue May 15 17:03:49 UTC 2018: Updating status
Tue May 15 17:03:49 UTC 2018: Working
Tue May 15 17:03:51 UTC 2018: Start fchavescebar__google-sites-liberation test class com.google.sites.liberation.parsers.TitleParserImplTest
Tue May 15 17:03:51 UTC 2018: Setting lastTestMethodIndex: 39374
Tue May 15 17:03:51 UTC 2018: Starting linking
Tue May 15 17:03:51 UTC 2018: No link for: com.google.sites.liberation.parsers.TitleParserImplTest-testNormalCase
Tue May 15 17:03:51 UTC 2018: None match not added in database because it already exists
Tue May 15 17:03:51 UTC 2018: No link for: com.google.sites.liberation.parsers.TitleParserImplTest-testComplicatedStructure
Tue May 15 17:03:52 UTC 2018: None match not added in database because it already exists
Tue May 15 17:03:52 UTC 2018: Linking done for fchavescebar__google-sites-liberation test class com.google.sites.liberation.parsers.TitleParserImplTest
Tue May 15 17:03:52 UTC 2018: Found element on the queue
Tue May 15 17:03:52 UTC 2018: Updating status
Tue May 15 17:03:52 UTC 2018: Working
Tue May 15 17:03:54 UTC 2018: Start fchavescebar__google-sites-liberation test class com.google.sites.liberation.parsers.AuthorParserImplTest
Tue May 15 17:03:54 UTC 2018: Setting lastTestMethodIndex: 39376
Tue May 15 17:03:54 UTC 2018: Starting linking
Tue May 15 17:03:54 UTC 2018: No link for: com.google.sites.liberation.parsers.AuthorParserImplTest-testN
Tue May 15 17:03:55 UTC 2018: None match not added in database because it already exists
Tue May 15 17:03:55 UTC 2018: No link for: com.google.sites.liberation.parsers.AuthorParserImplTest-testNAndEmail
Tue May 15 17:03:55 UTC 2018: None match not added in database because it already exists
Tue May 15 17:03:55 UTC 2018: No link for: com.google.sites.liberation.parsers.AuthorParserImplTest-testFn
Tue May 15 17:03:55 UTC 2018: None match not added in database because it already exists
Tue May 15 17:03:55 UTC 2018: No link for: com.google.sites.liberation.parsers.AuthorParserImplTest-testEmail
Tue May 15 17:03:55 UTC 2018: None match not added in database because it already exists
Tue May 15 17:03:55 UTC 2018: Linking done for fchavescebar__google-sites-liberation test class com.google.sites.liberation.parsers.AuthorParserImplTest
Tue May 15 17:03:56 UTC 2018: Found element on the queue
Tue May 15 17:03:56 UTC 2018: Updating status
Tue May 15 17:03:56 UTC 2018: Working
Tue May 15 17:03:58 UTC 2018: Start fchavescebar__google-sites-liberation test class com.google.sites.liberation.parsers.UpdatedParserImplTest
Tue May 15 17:03:58 UTC 2018: Setting lastTestMethodIndex: 39378
Tue May 15 17:03:58 UTC 2018: Starting linking
Tue May 15 17:03:58 UTC 2018: No link for: com.google.sites.liberation.parsers.UpdatedParserImplTest-testInvalidDate
Tue May 15 17:03:58 UTC 2018: None match not added in database because it already exists
Tue May 15 17:03:58 UTC 2018: No link for: com.google.sites.liberation.parsers.UpdatedParserImplTest-testValidDate
Tue May 15 17:03:59 UTC 2018: None match not added in database because it already exists
Tue May 15 17:03:59 UTC 2018: Linking done for fchavescebar__google-sites-liberation test class com.google.sites.liberation.parsers.UpdatedParserImplTest
Tue May 15 17:03:59 UTC 2018: Found element on the queue
Tue May 15 17:03:59 UTC 2018: Updating status
Tue May 15 17:03:59 UTC 2018: Working
Tue May 15 17:04:02 UTC 2018: Start fchavescebar__google-sites-liberation test class com.google.sites.liberation.parsers.FieldParserImplTest
Tue May 15 17:04:02 UTC 2018: Setting lastTestMethodIndex: 39381
Tue May 15 17:04:02 UTC 2018: Starting linking
Tue May 15 17:04:02 UTC 2018: No link for: com.google.sites.liberation.parsers.FieldParserImplTest-testNormalCase
Tue May 15 17:04:02 UTC 2018: None match not added in database because it already exists
Tue May 15 17:04:02 UTC 2018: No link for: com.google.sites.liberation.parsers.FieldParserImplTest-testComplicatedStructure
Tue May 15 17:04:02 UTC 2018: None match not added in database because it already exists
Tue May 15 17:04:02 UTC 2018: Linking done for fchavescebar__google-sites-liberation test class com.google.sites.liberation.parsers.FieldParserImplTest
Tue May 15 17:04:02 UTC 2018: Found element on the queue
Tue May 15 17:04:02 UTC 2018: Updating status
Tue May 15 17:04:02 UTC 2018: Working
Tue May 15 17:04:05 UTC 2018: Start fchavescebar__google-sites-liberation test class com.google.sites.liberation.parsers.SummaryParserImplTest
Tue May 15 17:04:05 UTC 2018: Setting lastTestMethodIndex: 39383
Tue May 15 17:04:05 UTC 2018: Starting linking
Tue May 15 17:04:05 UTC 2018: No link for: com.google.sites.liberation.parsers.SummaryParserImplTest-testNormalCase
Tue May 15 17:04:05 UTC 2018: None match not added in database because it already exists
Tue May 15 17:04:05 UTC 2018: No link for: com.google.sites.liberation.parsers.SummaryParserImplTest-testComplicatedStructure
Tue May 15 17:04:05 UTC 2018: None match not added in database because it already exists
Tue May 15 17:04:05 UTC 2018: Linking done for fchavescebar__google-sites-liberation test class com.google.sites.liberation.parsers.SummaryParserImplTest
Tue May 15 17:04:06 UTC 2018: Found element on the queue
Tue May 15 17:04:06 UTC 2018: Updating status
Tue May 15 17:04:06 UTC 2018: Working
Tue May 15 17:04:09 UTC 2018: Start fchavescebar__google-sites-liberation test class com.google.sites.liberation.parsers.EntryParserImplTest
Tue May 15 17:04:09 UTC 2018: Setting lastTestMethodIndex: 39385
Tue May 15 17:04:09 UTC 2018: Starting linking
Tue May 15 17:04:09 UTC 2018: No link for: com.google.sites.liberation.parsers.EntryParserImplTest-testNormalPage
Tue May 15 17:04:09 UTC 2018: None match not added in database because it already exists
Tue May 15 17:04:09 UTC 2018: No link for: com.google.sites.liberation.parsers.EntryParserImplTest-testFieldParsing
Tue May 15 17:04:09 UTC 2018: None match not added in database because it already exists
Tue May 15 17:04:09 UTC 2018: No link for: com.google.sites.liberation.parsers.EntryParserImplTest-testUnusualStructure
Tue May 15 17:04:09 UTC 2018: None match not added in database because it already exists
Tue May 15 17:04:09 UTC 2018: No link for: com.google.sites.liberation.parsers.EntryParserImplTest-testDataParsing
Tue May 15 17:04:09 UTC 2018: None match not added in database because it already exists
Tue May 15 17:04:09 UTC 2018: No link for: com.google.sites.liberation.parsers.EntryParserImplTest-testWithChildren
Tue May 15 17:04:09 UTC 2018: None match not added in database because it already exists
Tue May 15 17:04:09 UTC 2018: Linking done for fchavescebar__google-sites-liberation test class com.google.sites.liberation.parsers.EntryParserImplTest
Tue May 15 17:04:10 UTC 2018: Found element on the queue
Tue May 15 17:04:10 UTC 2018: Updating status
Tue May 15 17:04:10 UTC 2018: Working
Tue May 15 17:04:12 UTC 2018: Start fchavescebar__google-sites-liberation test class com.google.sites.liberation.parsers.ContentParserImplTest
Tue May 15 17:04:12 UTC 2018: Setting lastTestMethodIndex: 39387
Tue May 15 17:04:12 UTC 2018: Starting linking
Tue May 15 17:04:12 UTC 2018: No link for: com.google.sites.liberation.parsers.ContentParserImplTest-testEmptyXhtmlContent
Tue May 15 17:04:13 UTC 2018: None match not added in database because it already exists
Tue May 15 17:04:13 UTC 2018: No link for: com.google.sites.liberation.parsers.ContentParserImplTest-testJustTextXhtmlContent
Tue May 15 17:04:13 UTC 2018: None match not added in database because it already exists
Tue May 15 17:04:13 UTC 2018: No link for: com.google.sites.liberation.parsers.ContentParserImplTest-testNormalXhtmlContent
Tue May 15 17:04:13 UTC 2018: None match not added in database because it already exists
Tue May 15 17:04:13 UTC 2018: Linking done for fchavescebar__google-sites-liberation test class com.google.sites.liberation.parsers.ContentParserImplTest
Tue May 15 17:04:13 UTC 2018: Found element on the queue
Tue May 15 17:04:13 UTC 2018: Updating status
Tue May 15 17:04:13 UTC 2018: Working
Tue May 15 17:04:16 UTC 2018: Start fchavescebar__google-sites-liberation test class com.google.sites.liberation.parsers.DataParserImplTest
Tue May 15 17:04:16 UTC 2018: Setting lastTestMethodIndex: 39389
Tue May 15 17:04:16 UTC 2018: Starting linking
Tue May 15 17:04:16 UTC 2018: No link for: com.google.sites.liberation.parsers.DataParserImplTest-testComplicatedStructure
Tue May 15 17:04:16 UTC 2018: None match not added in database because it already exists
Tue May 15 17:04:16 UTC 2018: No link for: com.google.sites.liberation.parsers.DataParserImplTest-testNormalData
Tue May 15 17:04:16 UTC 2018: None match not added in database because it already exists
Tue May 15 17:04:16 UTC 2018: Linking done for fchavescebar__google-sites-liberation test class com.google.sites.liberation.parsers.DataParserImplTest
Tue May 15 17:04:17 UTC 2018: Found element on the queue
Tue May 15 17:04:17 UTC 2018: Updating status
Tue May 15 17:04:17 UTC 2018: Working
Tue May 15 17:04:19 UTC 2018: Start fchavescebar__google-sites-liberation test class com.google.sites.liberation.util.EntryTypeTest
Tue May 15 17:04:19 UTC 2018: Setting lastTestMethodIndex: 39391
Tue May 15 17:04:19 UTC 2018: Starting linking
Tue May 15 17:04:19 UTC 2018: No link for: com.google.sites.liberation.util.EntryTypeTest-testGetType
Tue May 15 17:04:19 UTC 2018: None match not added in database because it already exists
Tue May 15 17:04:19 UTC 2018: No link for: com.google.sites.liberation.util.EntryTypeTest-testIsPage
Tue May 15 17:04:19 UTC 2018: None match not added in database because it already exists
Tue May 15 17:04:19 UTC 2018: Linking done for fchavescebar__google-sites-liberation test class com.google.sites.liberation.util.EntryTypeTest
Tue May 15 17:04:20 UTC 2018: Found element on the queue
Tue May 15 17:04:20 UTC 2018: Updating status
Tue May 15 17:04:20 UTC 2018: Working
Tue May 15 17:04:22 UTC 2018: Start fchavescebar__google-sites-liberation test class com.google.sites.liberation.util.XmlElementTest
Tue May 15 17:04:22 UTC 2018: Setting lastTestMethodIndex: 39393
Tue May 15 17:04:22 UTC 2018: Starting linking
Tue May 15 17:04:22 UTC 2018: Code found com.google.sites.liberation.util.XmlElement-addXml with com.google.sites.liberation.util.XmlElementTest-testAddXml
Tue May 15 17:04:22 UTC 2018: Match not added in database because it already exists
Tue May 15 17:04:22 UTC 2018: Code found com.google.sites.liberation.util.XmlElement-setAttribute with com.google.sites.liberation.util.XmlElementTest-testSetAttribute
Tue May 15 17:04:22 UTC 2018: Match not added in database because it already exists
Tue May 15 17:04:22 UTC 2018: Code found com.google.sites.liberation.util.XmlElement-addText with com.google.sites.liberation.util.XmlElementTest-testAddText
Tue May 15 17:04:23 UTC 2018: Match not added in database because it already exists
Tue May 15 17:04:23 UTC 2018: No link for: com.google.sites.liberation.util.XmlElementTest-testConstructor
Tue May 15 17:04:23 UTC 2018: None match not added in database because it already exists
Tue May 15 17:04:23 UTC 2018: No link for: com.google.sites.liberation.util.XmlElementTest-testAddChild
Tue May 15 17:04:23 UTC 2018: None match not added in database because it already exists
Tue May 15 17:04:23 UTC 2018: Linking done for fchavescebar__google-sites-liberation test class com.google.sites.liberation.util.XmlElementTest
Tue May 15 17:04:23 UTC 2018: Found element on the queue
Tue May 15 17:04:23 UTC 2018: Updating status
Tue May 15 17:04:23 UTC 2018: Working
Tue May 15 17:04:26 UTC 2018: Start fchavescebar__google-sites-liberation test class com.google.sites.liberation.util.UrlUtilsTest
Tue May 15 17:04:26 UTC 2018: Setting lastTestMethodIndex: 39396
Tue May 15 17:04:26 UTC 2018: Starting linking
Tue May 15 17:04:26 UTC 2018: Code found com.google.sites.liberation.util.UrlUtils-getFeedUrl with com.google.sites.liberation.util.UrlUtilsTest-testGetFeedUrl
Tue May 15 17:04:26 UTC 2018: Match not added in database because it already exists
Tue May 15 17:04:26 UTC 2018: Code found com.google.sites.liberation.util.UrlUtils-getSiteUrl with com.google.sites.liberation.util.UrlUtilsTest-testGetSiteUrl
Tue May 15 17:04:26 UTC 2018: Match not added in database because it already exists
Tue May 15 17:04:26 UTC 2018: Linking done for fchavescebar__google-sites-liberation test class com.google.sites.liberation.util.UrlUtilsTest
Tue May 15 17:04:27 UTC 2018: Found element on the queue
Tue May 15 17:04:27 UTC 2018: Updating status
Tue May 15 17:04:27 UTC 2018: Working
Tue May 15 17:04:29 UTC 2018: Start fchavescebar__google-sites-liberation test class com.google.sites.liberation.util.GuiProgressListenerTest
Tue May 15 17:04:29 UTC 2018: Setting lastTestMethodIndex: 39398
Tue May 15 17:04:29 UTC 2018: Starting linking
Tue May 15 17:04:29 UTC 2018: Code found com.google.sites.liberation.util.GuiProgressListener-setProgress with com.google.sites.liberation.util.GuiProgressListenerTest-testSetProgress
Tue May 15 17:04:29 UTC 2018: Match not added in database because it already exists
Tue May 15 17:04:29 UTC 2018: Code found com.google.sites.liberation.util.GuiProgressListener-setStatus with com.google.sites.liberation.util.GuiProgressListenerTest-testSetStatus
Tue May 15 17:04:29 UTC 2018: Match not added in database because it already exists
Tue May 15 17:04:29 UTC 2018: Linking done for fchavescebar__google-sites-liberation test class com.google.sites.liberation.util.GuiProgressListenerTest
