Wed May 16 03:48:16 UTC 2018: Database:jdbc:mysql://localhost:3306/unittests
Wed May 16 03:48:16 UTC 2018: Starting
Wed May 16 03:48:16 UTC 2018: Found element on the queue
Wed May 16 03:48:16 UTC 2018: Updating status
Wed May 16 03:48:16 UTC 2018: Working
Wed May 16 03:48:16 UTC 2018: Create project parser
Wed May 16 03:48:21 UTC 2018: Create slicer
Wed May 16 03:48:23 UTC 2018: Create call graph
Wed May 16 03:48:26 UTC 2018: Create point analysis
Wed May 16 03:48:26 UTC 2018: Create call graph done
Wed May 16 03:48:26 UTC 2018: Start lexicalscope__jewelcl test class com.lexicalscope.jewel.cli.TestCliSpecification
Wed May 16 03:48:26 UTC 2018: Setting lastTestMethodIndex: 60165
Wed May 16 03:48:26 UTC 2018: Starting linking
Wed May 16 03:48:26 UTC 2018: Linking done for lexicalscope__jewelcl test class com.lexicalscope.jewel.cli.TestCliSpecification
Wed May 16 03:48:26 UTC 2018: Found element on the queue
Wed May 16 03:48:26 UTC 2018: Updating status
Wed May 16 03:48:26 UTC 2018: Working
Wed May 16 03:48:28 UTC 2018: Start lexicalscope__jewelcl test class com.lexicalscope.jewel.cli.TestOptionGenericTypes
Wed May 16 03:48:28 UTC 2018: Setting lastTestMethodIndex: 60167
Wed May 16 03:48:28 UTC 2018: Starting linking
Wed May 16 03:48:28 UTC 2018: Linking done for lexicalscope__jewelcl test class com.lexicalscope.jewel.cli.TestOptionGenericTypes
Wed May 16 03:48:29 UTC 2018: Found element on the queue
Wed May 16 03:48:29 UTC 2018: Updating status
Wed May 16 03:48:29 UTC 2018: Working
Wed May 16 03:48:31 UTC 2018: Start lexicalscope__jewelcl test class com.lexicalscope.jewel.cli.TestObjectMethods
Wed May 16 03:48:31 UTC 2018: Setting lastTestMethodIndex: 60169
Wed May 16 03:48:31 UTC 2018: Starting linking
Wed May 16 03:48:31 UTC 2018: Linking done for lexicalscope__jewelcl test class com.lexicalscope.jewel.cli.TestObjectMethods
Wed May 16 03:48:31 UTC 2018: Found element on the queue
Wed May 16 03:48:31 UTC 2018: Updating status
Wed May 16 03:48:31 UTC 2018: Working
Wed May 16 03:48:33 UTC 2018: Start lexicalscope__jewelcl test class com.lexicalscope.jewel.cli.parser.TestArgumentParserImpl
Wed May 16 03:48:33 UTC 2018: Setting lastTestMethodIndex: 60170
Wed May 16 03:48:33 UTC 2018: Starting linking
Wed May 16 03:48:33 UTC 2018: No link for: com.lexicalscope.jewel.cli.parser.TestArgumentParserImpl-testParseArgumentsOnlyUnparsed
Wed May 16 03:48:34 UTC 2018: No link for: com.lexicalscope.jewel.cli.parser.TestArgumentParserImpl-testParseArgumentsNotUparsed
Wed May 16 03:48:34 UTC 2018: No link for: com.lexicalscope.jewel.cli.parser.TestArgumentParserImpl-testParseAssignedValue
Wed May 16 03:48:35 UTC 2018: No link for: com.lexicalscope.jewel.cli.parser.TestArgumentParserImpl-testParseArgumentsOnlyUnparsedSeperator
Wed May 16 03:48:35 UTC 2018: No link for: com.lexicalscope.jewel.cli.parser.TestArgumentParserImpl-testParseArgumentsUnparsed
Wed May 16 03:48:35 UTC 2018: No link for: com.lexicalscope.jewel.cli.parser.TestArgumentParserImpl-testParseArguments
Wed May 16 03:48:36 UTC 2018: No link for: com.lexicalscope.jewel.cli.parser.TestArgumentParserImpl-testParseShortArguments
Wed May 16 03:48:36 UTC 2018: Linking done for lexicalscope__jewelcl test class com.lexicalscope.jewel.cli.parser.TestArgumentParserImpl
Wed May 16 03:48:36 UTC 2018: Found element on the queue
Wed May 16 03:48:36 UTC 2018: Updating status
Wed May 16 03:48:36 UTC 2018: Working
Wed May 16 03:48:39 UTC 2018: Start lexicalscope__jewelcl test class com.lexicalscope.jewel.cli.TestCliImpl
Wed May 16 03:48:39 UTC 2018: Setting lastTestMethodIndex: 60174
Wed May 16 03:48:39 UTC 2018: Starting linking
Wed May 16 03:48:39 UTC 2018: Linking done for lexicalscope__jewelcl test class com.lexicalscope.jewel.cli.TestCliImpl
Wed May 16 03:48:39 UTC 2018: Found element on the queue
Wed May 16 03:48:39 UTC 2018: Updating status
Wed May 16 03:48:39 UTC 2018: Working
Wed May 16 03:48:42 UTC 2018: Start lexicalscope__jewelcl test class com.lexicalscope.jewel.cli.TestOptionSpecificationImpl
Wed May 16 03:48:42 UTC 2018: Setting lastTestMethodIndex: 60176
Wed May 16 03:48:42 UTC 2018: Starting linking
Wed May 16 03:48:42 UTC 2018: Linking done for lexicalscope__jewelcl test class com.lexicalscope.jewel.cli.TestOptionSpecificationImpl
Wed May 16 03:48:42 UTC 2018: Found element on the queue
Wed May 16 03:48:42 UTC 2018: Updating status
Wed May 16 03:48:42 UTC 2018: Working
Wed May 16 03:48:45 UTC 2018: Start lexicalscope__jewelcl test class com.lexicalscope.jewel.cli.TestArgumentValidationException
Wed May 16 03:48:45 UTC 2018: Setting lastTestMethodIndex: 60179
Wed May 16 03:48:45 UTC 2018: Starting linking
Wed May 16 03:48:45 UTC 2018: Linking done for lexicalscope__jewelcl test class com.lexicalscope.jewel.cli.TestArgumentValidationException
Wed May 16 03:48:45 UTC 2018: Found element on the queue
Wed May 16 03:48:45 UTC 2018: Updating status
Wed May 16 03:48:45 UTC 2018: Working
Wed May 16 03:48:47 UTC 2018: Start lexicalscope__jewelcl test class com.lexicalscope.jewel.cli.TestArgumentCollectionBuilder
Wed May 16 03:48:47 UTC 2018: Setting lastTestMethodIndex: 60182
Wed May 16 03:48:47 UTC 2018: Starting linking
Wed May 16 03:48:47 UTC 2018: No link for: com.lexicalscope.jewel.cli.TestArgumentCollectionBuilder-testParseArgumentsNotUparsed
Wed May 16 03:48:48 UTC 2018: No link for: com.lexicalscope.jewel.cli.TestArgumentCollectionBuilder-testParseArguments
Wed May 16 03:48:48 UTC 2018: No link for: com.lexicalscope.jewel.cli.TestArgumentCollectionBuilder-testParseArgumentsMisplacedValue
Wed May 16 03:48:49 UTC 2018: No link for: com.lexicalscope.jewel.cli.TestArgumentCollectionBuilder-testParseArgumentsOnlyUnparsedSeperator
Wed May 16 03:48:49 UTC 2018: No link for: com.lexicalscope.jewel.cli.TestArgumentCollectionBuilder-noOptionsProducesUnparsed
Wed May 16 03:48:50 UTC 2018: No link for: com.lexicalscope.jewel.cli.TestArgumentCollectionBuilder-testParseArgumentsUnparsed
Wed May 16 03:48:50 UTC 2018: Linking done for lexicalscope__jewelcl test class com.lexicalscope.jewel.cli.TestArgumentCollectionBuilder
Wed May 16 03:48:50 UTC 2018: Found element on the queue
Wed May 16 03:48:50 UTC 2018: Updating status
Wed May 16 03:48:50 UTC 2018: Working
Wed May 16 03:48:53 UTC 2018: Start lexicalscope__jewelcl test class com.lexicalscope.jewel.cli.examples.TestSimpleExample
Wed May 16 03:48:53 UTC 2018: Setting lastTestMethodIndex: 60186
Wed May 16 03:48:53 UTC 2018: Starting linking
Wed May 16 03:48:53 UTC 2018: No link for: com.lexicalscope.jewel.cli.examples.TestSimpleExample-testSimpleExample
Wed May 16 03:48:53 UTC 2018: Linking done for lexicalscope__jewelcl test class com.lexicalscope.jewel.cli.examples.TestSimpleExample
Wed May 16 03:48:54 UTC 2018: Found element on the queue
Wed May 16 03:48:54 UTC 2018: Updating status
Wed May 16 03:48:54 UTC 2018: Working
Wed May 16 03:48:56 UTC 2018: Start lexicalscope__jewelcl test class com.lexicalscope.jewel.cli.examples.TestHelpMessageOrder
Wed May 16 03:48:56 UTC 2018: Setting lastTestMethodIndex: 60189
Wed May 16 03:48:56 UTC 2018: Starting linking
Wed May 16 03:48:56 UTC 2018: Linking done for lexicalscope__jewelcl test class com.lexicalscope.jewel.cli.examples.TestHelpMessageOrder
Wed May 16 03:48:57 UTC 2018: Found element on the queue
Wed May 16 03:48:57 UTC 2018: Updating status
Wed May 16 03:48:57 UTC 2018: Working
Wed May 16 03:48:59 UTC 2018: Start lexicalscope__jewelcl test class com.lexicalscope.jewel.cli.examples.TestPatternExample
Wed May 16 03:48:59 UTC 2018: Setting lastTestMethodIndex: 60192
Wed May 16 03:48:59 UTC 2018: Starting linking
Wed May 16 03:48:59 UTC 2018: No link for: com.lexicalscope.jewel.cli.examples.TestPatternExample-testPatternExample
Wed May 16 03:48:59 UTC 2018: Linking done for lexicalscope__jewelcl test class com.lexicalscope.jewel.cli.examples.TestPatternExample
Wed May 16 03:49:00 UTC 2018: Found element on the queue
Wed May 16 03:49:00 UTC 2018: Updating status
Wed May 16 03:49:00 UTC 2018: Working
Wed May 16 03:49:02 UTC 2018: Start lexicalscope__jewelcl test class com.lexicalscope.jewel.cli.examples.TestClassOptionalOption
Wed May 16 03:49:02 UTC 2018: Setting lastTestMethodIndex: 60194
Wed May 16 03:49:02 UTC 2018: Starting linking
Wed May 16 03:49:02 UTC 2018: No link for: com.lexicalscope.jewel.cli.examples.TestClassOptionalOption-testOptionalOptionPresent
Wed May 16 03:49:03 UTC 2018: No link for: com.lexicalscope.jewel.cli.examples.TestClassOptionalOption-testMandatoryOptionMissing
Wed May 16 03:49:03 UTC 2018: No link for: com.lexicalscope.jewel.cli.examples.TestClassOptionalOption-testOptionalOptionMissing
Wed May 16 03:49:03 UTC 2018: Linking done for lexicalscope__jewelcl test class com.lexicalscope.jewel.cli.examples.TestClassOptionalOption
Wed May 16 03:49:04 UTC 2018: Found element on the queue
Wed May 16 03:49:04 UTC 2018: Updating status
Wed May 16 03:49:04 UTC 2018: Working
Wed May 16 03:49:06 UTC 2018: Start lexicalscope__jewelcl test class com.lexicalscope.jewel.cli.examples.TestDefaultExample
Wed May 16 03:49:06 UTC 2018: Setting lastTestMethodIndex: 60197
Wed May 16 03:49:06 UTC 2018: Starting linking
Wed May 16 03:49:06 UTC 2018: No link for: com.lexicalscope.jewel.cli.examples.TestDefaultExample-testDefaultExample
Wed May 16 03:49:07 UTC 2018: No link for: com.lexicalscope.jewel.cli.examples.TestDefaultExample-testDefaultExampleSpecified
Wed May 16 03:49:07 UTC 2018: Linking done for lexicalscope__jewelcl test class com.lexicalscope.jewel.cli.examples.TestDefaultExample
Wed May 16 03:49:08 UTC 2018: Found element on the queue
Wed May 16 03:49:08 UTC 2018: Updating status
Wed May 16 03:49:08 UTC 2018: Working
Wed May 16 03:49:10 UTC 2018: Start lexicalscope__jewelcl test class com.lexicalscope.jewel.cli.examples.TestRmClassExample
Wed May 16 03:49:10 UTC 2018: Setting lastTestMethodIndex: 60200
Wed May 16 03:49:10 UTC 2018: Starting linking
Wed May 16 03:49:10 UTC 2018: No link for: com.lexicalscope.jewel.cli.examples.TestRmClassExample-testRmExampleHelp
Wed May 16 03:49:10 UTC 2018: No link for: com.lexicalscope.jewel.cli.examples.TestRmClassExample-testRmExample
Wed May 16 03:49:11 UTC 2018: Linking done for lexicalscope__jewelcl test class com.lexicalscope.jewel.cli.examples.TestRmClassExample
Wed May 16 03:49:11 UTC 2018: Found element on the queue
Wed May 16 03:49:11 UTC 2018: Updating status
Wed May 16 03:49:11 UTC 2018: Working
Wed May 16 03:49:13 UTC 2018: Start lexicalscope__jewelcl test class com.lexicalscope.jewel.cli.examples.TestPrimitiveExample
Wed May 16 03:49:13 UTC 2018: Setting lastTestMethodIndex: 60204
Wed May 16 03:49:13 UTC 2018: Starting linking
Wed May 16 03:49:13 UTC 2018: No link for: com.lexicalscope.jewel.cli.examples.TestPrimitiveExample-testPrimitiveExample
Wed May 16 03:49:14 UTC 2018: Linking done for lexicalscope__jewelcl test class com.lexicalscope.jewel.cli.examples.TestPrimitiveExample
Wed May 16 03:49:14 UTC 2018: Found element on the queue
Wed May 16 03:49:14 UTC 2018: Updating status
Wed May 16 03:49:14 UTC 2018: Working
Wed May 16 03:49:17 UTC 2018: Start lexicalscope__jewelcl test class com.lexicalscope.jewel.cli.examples.TestRmExample
Wed May 16 03:49:17 UTC 2018: Setting lastTestMethodIndex: 60207
Wed May 16 03:49:17 UTC 2018: Starting linking
Wed May 16 03:49:17 UTC 2018: No link for: com.lexicalscope.jewel.cli.examples.TestRmExample-testRmExample
Wed May 16 03:49:17 UTC 2018: No link for: com.lexicalscope.jewel.cli.examples.TestRmExample-testRmExampleHelp
Wed May 16 03:49:17 UTC 2018: Linking done for lexicalscope__jewelcl test class com.lexicalscope.jewel.cli.examples.TestRmExample
Wed May 16 03:49:18 UTC 2018: Found element on the queue
Wed May 16 03:49:18 UTC 2018: Updating status
Wed May 16 03:49:18 UTC 2018: Working
Wed May 16 03:49:20 UTC 2018: Start lexicalscope__jewelcl test class com.lexicalscope.jewel.cli.examples.TestFileExample
Wed May 16 03:49:20 UTC 2018: Setting lastTestMethodIndex: 60209
Wed May 16 03:49:20 UTC 2018: Starting linking
Wed May 16 03:49:20 UTC 2018: No link for: com.lexicalscope.jewel.cli.examples.TestFileExample-testFileExample
Wed May 16 03:49:21 UTC 2018: Linking done for lexicalscope__jewelcl test class com.lexicalscope.jewel.cli.examples.TestFileExample
Wed May 16 03:49:21 UTC 2018: Found element on the queue
Wed May 16 03:49:21 UTC 2018: Updating status
Wed May 16 03:49:21 UTC 2018: Working
Wed May 16 03:49:24 UTC 2018: Start lexicalscope__jewelcl test class com.lexicalscope.jewel.cli.examples.TestClassOptionalUnparsedOption
Wed May 16 03:49:24 UTC 2018: Setting lastTestMethodIndex: 60212
Wed May 16 03:49:24 UTC 2018: Starting linking
Wed May 16 03:49:24 UTC 2018: No link for: com.lexicalscope.jewel.cli.examples.TestClassOptionalUnparsedOption-testOptionalUnparsedOptionPresent
Wed May 16 03:49:24 UTC 2018: No link for: com.lexicalscope.jewel.cli.examples.TestClassOptionalUnparsedOption-testOptionalUnparsedOptionMissing
Wed May 16 03:49:25 UTC 2018: Linking done for lexicalscope__jewelcl test class com.lexicalscope.jewel.cli.examples.TestClassOptionalUnparsedOption
Wed May 16 03:49:25 UTC 2018: Found element on the queue
Wed May 16 03:49:25 UTC 2018: Updating status
Wed May 16 03:49:25 UTC 2018: Working
Wed May 16 03:49:27 UTC 2018: Start lexicalscope__jewelcl test class com.lexicalscope.jewel.cli.examples.TestValidationFailure
Wed May 16 03:49:27 UTC 2018: Setting lastTestMethodIndex: 60216
Wed May 16 03:49:27 UTC 2018: Starting linking
Wed May 16 03:49:27 UTC 2018: Linking done for lexicalscope__jewelcl test class com.lexicalscope.jewel.cli.examples.TestValidationFailure
Wed May 16 03:49:28 UTC 2018: Found element on the queue
Wed May 16 03:49:28 UTC 2018: Updating status
Wed May 16 03:49:28 UTC 2018: Working
Wed May 16 03:49:30 UTC 2018: Start lexicalscope__jewelcl test class com.lexicalscope.jewel.cli.examples.TestOptionalOption
Wed May 16 03:49:30 UTC 2018: Setting lastTestMethodIndex: 60217
Wed May 16 03:49:30 UTC 2018: Starting linking
Wed May 16 03:49:30 UTC 2018: No link for: com.lexicalscope.jewel.cli.examples.TestOptionalOption-testOptionalOption
Wed May 16 03:49:30 UTC 2018: Linking done for lexicalscope__jewelcl test class com.lexicalscope.jewel.cli.examples.TestOptionalOption
Wed May 16 03:49:30 UTC 2018: Found element on the queue
Wed May 16 03:49:30 UTC 2018: Updating status
Wed May 16 03:49:30 UTC 2018: Working
Wed May 16 03:49:33 UTC 2018: Start lexicalscope__jewelcl test class com.lexicalscope.jewel.cli.examples.TestEnumOptionExample
Wed May 16 03:49:33 UTC 2018: Setting lastTestMethodIndex: 60220
Wed May 16 03:49:33 UTC 2018: Starting linking
Wed May 16 03:49:33 UTC 2018: Linking done for lexicalscope__jewelcl test class com.lexicalscope.jewel.cli.examples.TestEnumOptionExample
Wed May 16 03:49:33 UTC 2018: Found element on the queue
Wed May 16 03:49:33 UTC 2018: Updating status
Wed May 16 03:49:33 UTC 2018: Working
Wed May 16 03:49:36 UTC 2018: Start lexicalscope__jewelcl test class com.lexicalscope.jewel.cli.examples.TestHelpMessages
Wed May 16 03:49:36 UTC 2018: Setting lastTestMethodIndex: 60223
Wed May 16 03:49:36 UTC 2018: Starting linking
Wed May 16 03:49:36 UTC 2018: Linking done for lexicalscope__jewelcl test class com.lexicalscope.jewel.cli.examples.TestHelpMessages
Wed May 16 03:49:36 UTC 2018: Found element on the queue
Wed May 16 03:49:36 UTC 2018: Updating status
Wed May 16 03:49:36 UTC 2018: Working
Wed May 16 03:49:39 UTC 2018: Start lexicalscope__jewelcl test class com.lexicalscope.jewel.cli.examples.TestOptionsWithoutGetPrefix
Wed May 16 03:49:39 UTC 2018: Setting lastTestMethodIndex: 60226
Wed May 16 03:49:39 UTC 2018: Starting linking
Wed May 16 03:49:39 UTC 2018: Linking done for lexicalscope__jewelcl test class com.lexicalscope.jewel.cli.examples.TestOptionsWithoutGetPrefix
Wed May 16 03:49:39 UTC 2018: Found element on the queue
Wed May 16 03:49:39 UTC 2018: Updating status
Wed May 16 03:49:39 UTC 2018: Working
Wed May 16 03:49:41 UTC 2018: Start lexicalscope__jewelcl test class com.lexicalscope.jewel.cli.examples.TestHelpExample
Wed May 16 03:49:41 UTC 2018: Setting lastTestMethodIndex: 60229
Wed May 16 03:49:41 UTC 2018: Starting linking
Wed May 16 03:49:41 UTC 2018: No link for: com.lexicalscope.jewel.cli.examples.TestHelpExample-testHelpExample
Wed May 16 03:49:42 UTC 2018: Linking done for lexicalscope__jewelcl test class com.lexicalscope.jewel.cli.examples.TestHelpExample
Wed May 16 03:49:42 UTC 2018: Found element on the queue
Wed May 16 03:49:42 UTC 2018: Updating status
Wed May 16 03:49:42 UTC 2018: Working
Wed May 16 03:49:45 UTC 2018: Start lexicalscope__jewelcl test class com.lexicalscope.jewel.cli.examples.TestListExample
Wed May 16 03:49:45 UTC 2018: Setting lastTestMethodIndex: 60231
Wed May 16 03:49:45 UTC 2018: Starting linking
Wed May 16 03:49:45 UTC 2018: No link for: com.lexicalscope.jewel.cli.examples.TestListExample-testListExample
Wed May 16 03:49:45 UTC 2018: Linking done for lexicalscope__jewelcl test class com.lexicalscope.jewel.cli.examples.TestListExample
Wed May 16 03:49:45 UTC 2018: Found element on the queue
Wed May 16 03:49:45 UTC 2018: Updating status
Wed May 16 03:49:45 UTC 2018: Working
Wed May 16 03:49:48 UTC 2018: Start lexicalscope__jewelcl test class com.lexicalscope.jewel.cli.examples.TestOptionalMultivaluedOptions
Wed May 16 03:49:48 UTC 2018: Setting lastTestMethodIndex: 60234
Wed May 16 03:49:48 UTC 2018: Starting linking
Wed May 16 03:49:48 UTC 2018: Linking done for lexicalscope__jewelcl test class com.lexicalscope.jewel.cli.examples.TestOptionalMultivaluedOptions
Wed May 16 03:49:48 UTC 2018: Found element on the queue
Wed May 16 03:49:48 UTC 2018: Updating status
Wed May 16 03:49:48 UTC 2018: Working
Wed May 16 03:49:51 UTC 2018: Start lexicalscope__jewelcl test class com.lexicalscope.jewel.cli.examples.TestMultipleOptionNames
Wed May 16 03:49:51 UTC 2018: Setting lastTestMethodIndex: 60237
Wed May 16 03:49:51 UTC 2018: Starting linking
Wed May 16 03:49:51 UTC 2018: No link for: com.lexicalscope.jewel.cli.examples.TestMultipleOptionNames-testMultipleOptionNames
Wed May 16 03:49:51 UTC 2018: Linking done for lexicalscope__jewelcl test class com.lexicalscope.jewel.cli.examples.TestMultipleOptionNames
Wed May 16 03:49:52 UTC 2018: Found element on the queue
Wed May 16 03:49:52 UTC 2018: Updating status
Wed May 16 03:49:52 UTC 2018: Working
Wed May 16 03:49:54 UTC 2018: Start lexicalscope__jewelcl test class com.lexicalscope.jewel.cli.examples.TestBooleanOptionExample
Wed May 16 03:49:54 UTC 2018: Setting lastTestMethodIndex: 60239
Wed May 16 03:49:54 UTC 2018: Starting linking
Wed May 16 03:49:54 UTC 2018: Linking done for lexicalscope__jewelcl test class com.lexicalscope.jewel.cli.examples.TestBooleanOptionExample
Wed May 16 03:49:54 UTC 2018: Found element on the queue
Wed May 16 03:49:54 UTC 2018: Updating status
Wed May 16 03:49:54 UTC 2018: Working
Wed May 16 03:49:57 UTC 2018: Start lexicalscope__jewelcl test class com.lexicalscope.jewel.cli.examples.TestOptionalOptionAlternative
Wed May 16 03:49:57 UTC 2018: Setting lastTestMethodIndex: 60241
Wed May 16 03:49:57 UTC 2018: Starting linking
Wed May 16 03:49:57 UTC 2018: No link for: com.lexicalscope.jewel.cli.examples.TestOptionalOptionAlternative-testOptionalOption
Wed May 16 03:49:57 UTC 2018: Linking done for lexicalscope__jewelcl test class com.lexicalscope.jewel.cli.examples.TestOptionalOptionAlternative
Wed May 16 03:49:58 UTC 2018: Found element on the queue
Wed May 16 03:49:58 UTC 2018: Updating status
Wed May 16 03:49:58 UTC 2018: Working
Wed May 16 03:50:00 UTC 2018: Start lexicalscope__jewelcl test class com.lexicalscope.jewel.cli.TestInvalidSpecificationErrorHandling
Wed May 16 03:50:00 UTC 2018: Setting lastTestMethodIndex: 60244
Wed May 16 03:50:00 UTC 2018: Starting linking
Wed May 16 03:50:00 UTC 2018: Linking done for lexicalscope__jewelcl test class com.lexicalscope.jewel.cli.TestInvalidSpecificationErrorHandling
Wed May 16 03:50:00 UTC 2018: Found element on the queue
Wed May 16 03:50:00 UTC 2018: Updating status
Wed May 16 03:50:00 UTC 2018: Working
Wed May 16 03:50:03 UTC 2018: Start lexicalscope__jewelcl test class com.lexicalscope.jewel.cli.TestUnparsedArguments
Wed May 16 03:50:03 UTC 2018: Setting lastTestMethodIndex: 60246
Wed May 16 03:50:03 UTC 2018: Starting linking
Wed May 16 03:50:03 UTC 2018: Linking done for lexicalscope__jewelcl test class com.lexicalscope.jewel.cli.TestUnparsedArguments
Wed May 16 03:50:03 UTC 2018: Found element on the queue
Wed May 16 03:50:03 UTC 2018: Updating status
Wed May 16 03:50:03 UTC 2018: Working
Wed May 16 03:50:06 UTC 2018: Start lexicalscope__jewelcl test class com.lexicalscope.jewel.cli.TestPattern
Wed May 16 03:50:06 UTC 2018: Setting lastTestMethodIndex: 60248
Wed May 16 03:50:06 UTC 2018: Starting linking
Wed May 16 03:50:06 UTC 2018: Linking done for lexicalscope__jewelcl test class com.lexicalscope.jewel.cli.TestPattern
Wed May 16 03:50:06 UTC 2018: Found element on the queue
Wed May 16 03:50:06 UTC 2018: Updating status
Wed May 16 03:50:06 UTC 2018: Working
Wed May 16 03:50:08 UTC 2018: Start lexicalscope__jewelcl test class com.lexicalscope.jewel.cli.validation.TestArgumentValidatorImpl2
Wed May 16 03:50:08 UTC 2018: Setting lastTestMethodIndex: 60251
Wed May 16 03:50:08 UTC 2018: Starting linking
Wed May 16 03:50:08 UTC 2018: Linking done for lexicalscope__jewelcl test class com.lexicalscope.jewel.cli.validation.TestArgumentValidatorImpl2
Wed May 16 03:50:09 UTC 2018: Found element on the queue
Wed May 16 03:50:09 UTC 2018: Updating status
Wed May 16 03:50:09 UTC 2018: Working
Wed May 16 03:50:12 UTC 2018: Start lexicalscope__jewelcl test class com.lexicalscope.jewel.cli.validation.TestArgumentValidatorImpl
Wed May 16 03:50:12 UTC 2018: Setting lastTestMethodIndex: 60253
Wed May 16 03:50:12 UTC 2018: Starting linking
Wed May 16 03:50:12 UTC 2018: Linking done for lexicalscope__jewelcl test class com.lexicalscope.jewel.cli.validation.TestArgumentValidatorImpl
Wed May 16 03:50:12 UTC 2018: Found element on the queue
Wed May 16 03:50:12 UTC 2018: Updating status
Wed May 16 03:50:12 UTC 2018: Working
Wed May 16 03:50:15 UTC 2018: Start lexicalscope__jewelcl test class com.lexicalscope.jewel.cli.TestInheritedOptions
Wed May 16 03:50:15 UTC 2018: Setting lastTestMethodIndex: 60256
Wed May 16 03:50:15 UTC 2018: Starting linking
Wed May 16 03:50:15 UTC 2018: Linking done for lexicalscope__jewelcl test class com.lexicalscope.jewel.cli.TestInheritedOptions
