Wed May 16 05:59:47 UTC 2018: Database:jdbc:mysql://localhost:3306/unittests
Wed May 16 05:59:48 UTC 2018: Starting
Wed May 16 05:59:48 UTC 2018: Found element on the queue
Wed May 16 05:59:48 UTC 2018: Updating status
Wed May 16 05:59:48 UTC 2018: Working
Wed May 16 05:59:48 UTC 2018: Create project parser
Wed May 16 05:59:53 UTC 2018: Create slicer
Wed May 16 05:59:54 UTC 2018: Create call graph
Wed May 16 05:59:56 UTC 2018: Create point analysis
Wed May 16 05:59:56 UTC 2018: Create call graph done
Wed May 16 05:59:56 UTC 2018: Start mikesir87__ETD-Scraper test class edu.vt.cs.irwin.etdscraper.service.XmlBasedNameFixerTest
Wed May 16 05:59:56 UTC 2018: Setting lastTestMethodIndex: 64160
Wed May 16 05:59:56 UTC 2018: Starting linking
Wed May 16 05:59:56 UTC 2018: No link for: edu.vt.cs.irwin.etdscraper.service.XmlBasedNameFixerTest-testNameResolution
Wed May 16 05:59:56 UTC 2018: Linking done for mikesir87__ETD-Scraper test class edu.vt.cs.irwin.etdscraper.service.XmlBasedNameFixerTest
Wed May 16 05:59:57 UTC 2018: Found element on the queue
Wed May 16 05:59:57 UTC 2018: Updating status
Wed May 16 05:59:57 UTC 2018: Working
Wed May 16 05:59:59 UTC 2018: Start mikesir87__ETD-Scraper test class edu.vt.cs.irwin.etdscraper.service.DefaultPersonFactoryTest
Wed May 16 05:59:59 UTC 2018: Setting lastTestMethodIndex: 64161
Wed May 16 05:59:59 UTC 2018: Starting linking
Wed May 16 05:59:59 UTC 2018: No link for: edu.vt.cs.irwin.etdscraper.service.DefaultPersonFactoryTest-testFirstNameFirst
Wed May 16 05:59:59 UTC 2018: No link for: edu.vt.cs.irwin.etdscraper.service.DefaultPersonFactoryTest-testOnlyLastName
Wed May 16 06:00:00 UTC 2018: No link for: edu.vt.cs.irwin.etdscraper.service.DefaultPersonFactoryTest-testConsecutiveLookupsForSameName
Wed May 16 06:00:00 UTC 2018: No link for: edu.vt.cs.irwin.etdscraper.service.DefaultPersonFactoryTest-testConsecutiveLookupForSameNameButDifferentFormat
Wed May 16 06:00:01 UTC 2018: No link for: edu.vt.cs.irwin.etdscraper.service.DefaultPersonFactoryTest-testLastNameFirst
Wed May 16 06:00:01 UTC 2018: No link for: edu.vt.cs.irwin.etdscraper.service.DefaultPersonFactoryTest-testFirstNameFirstWithInitial
Wed May 16 06:00:01 UTC 2018: No link for: edu.vt.cs.irwin.etdscraper.service.DefaultPersonFactoryTest-testLastNameFirstWithInitial
Wed May 16 06:00:02 UTC 2018: Linking done for mikesir87__ETD-Scraper test class edu.vt.cs.irwin.etdscraper.service.DefaultPersonFactoryTest
Wed May 16 06:00:02 UTC 2018: Found element on the queue
Wed May 16 06:00:02 UTC 2018: Updating status
Wed May 16 06:00:02 UTC 2018: Working
Wed May 16 06:00:05 UTC 2018: Start mikesir87__ETD-Scraper test class edu.vt.cs.irwin.etdscraper.service.DefaultKeywordFactoryTest
Wed May 16 06:00:05 UTC 2018: Setting lastTestMethodIndex: 64163
Wed May 16 06:00:05 UTC 2018: Starting linking
Wed May 16 06:00:05 UTC 2018: No link for: edu.vt.cs.irwin.etdscraper.service.DefaultKeywordFactoryTest-testKeywordCreation
Wed May 16 06:00:05 UTC 2018: No link for: edu.vt.cs.irwin.etdscraper.service.DefaultKeywordFactoryTest-testThatConsecutiveQueriesForSameKeyword
Wed May 16 06:00:06 UTC 2018: Linking done for mikesir87__ETD-Scraper test class edu.vt.cs.irwin.etdscraper.service.DefaultKeywordFactoryTest
Wed May 16 06:00:06 UTC 2018: Found element on the queue
Wed May 16 06:00:06 UTC 2018: Updating status
Wed May 16 06:00:06 UTC 2018: Working
Wed May 16 06:00:09 UTC 2018: Start mikesir87__ETD-Scraper test class edu.vt.cs.irwin.etdscraper.service.NonFixingNameFixerTest
Wed May 16 06:00:09 UTC 2018: Setting lastTestMethodIndex: 64165
Wed May 16 06:00:09 UTC 2018: Starting linking
Wed May 16 06:00:09 UTC 2018: No link for: edu.vt.cs.irwin.etdscraper.service.NonFixingNameFixerTest-testExecution
Wed May 16 06:00:09 UTC 2018: Linking done for mikesir87__ETD-Scraper test class edu.vt.cs.irwin.etdscraper.service.NonFixingNameFixerTest
