Wed May 16 02:34:21 UTC 2018: Database:jdbc:mysql://localhost:3306/unittests
Wed May 16 02:34:22 UTC 2018: Starting
Wed May 16 02:34:22 UTC 2018: Found element on the queue
Wed May 16 02:34:22 UTC 2018: Updating status
Wed May 16 02:34:22 UTC 2018: Working
Wed May 16 02:34:22 UTC 2018: Create project parser
Wed May 16 02:34:26 UTC 2018: Create slicer
Wed May 16 02:34:27 UTC 2018: Create call graph
Wed May 16 02:34:29 UTC 2018: Create point analysis
Wed May 16 02:34:29 UTC 2018: Create call graph done
Wed May 16 02:34:29 UTC 2018: Start kleben__jersey test class org.glassfish.jersey.tests.memleaks.maven.rule.PatternNotMatchedInFileRuleTest
Wed May 16 02:34:29 UTC 2018: Setting lastTestMethodIndex: 57536
Wed May 16 02:34:29 UTC 2018: Starting linking
Wed May 16 02:34:29 UTC 2018: No link for: org.glassfish.jersey.tests.memleaks.maven.rule.PatternNotMatchedInFileRuleTest-testNotMatchedPath
Wed May 16 02:34:29 UTC 2018: No link for: org.glassfish.jersey.tests.memleaks.maven.rule.PatternNotMatchedInFileRuleTest-testMatchedPath
Wed May 16 02:34:29 UTC 2018: Linking done for kleben__jersey test class org.glassfish.jersey.tests.memleaks.maven.rule.PatternNotMatchedInFileRuleTest
Wed May 16 02:34:30 UTC 2018: Found element on the queue
Wed May 16 02:34:30 UTC 2018: Updating status
Wed May 16 02:34:30 UTC 2018: Working
Wed May 16 02:34:32 UTC 2018: Start kleben__jersey test class org.glassfish.jersey.tests.memleaks.maven.rule.FilePatternDoesNotExistRuleTest
Wed May 16 02:34:32 UTC 2018: Setting lastTestMethodIndex: 57539
Wed May 16 02:34:32 UTC 2018: Starting linking
Wed May 16 02:34:32 UTC 2018: No link for: org.glassfish.jersey.tests.memleaks.maven.rule.FilePatternDoesNotExistRuleTest-testNotMatchedPath
Wed May 16 02:34:33 UTC 2018: No link for: org.glassfish.jersey.tests.memleaks.maven.rule.FilePatternDoesNotExistRuleTest-testMatchedPath
Wed May 16 02:34:33 UTC 2018: Linking done for kleben__jersey test class org.glassfish.jersey.tests.memleaks.maven.rule.FilePatternDoesNotExistRuleTest
