Tue May 15 14:22:46 UTC 2018: Database:jdbc:mysql://localhost:3306/unittests
Tue May 15 14:22:46 UTC 2018: Starting
Tue May 15 14:22:47 UTC 2018: Found element on the queue
Tue May 15 14:22:47 UTC 2018: Updating status
Tue May 15 14:22:47 UTC 2018: Working
Tue May 15 14:22:47 UTC 2018: Create project parser
Tue May 15 14:22:53 UTC 2018: Create slicer
Tue May 15 14:22:55 UTC 2018: Create call graph
Tue May 15 14:22:57 UTC 2018: Create point analysis
Tue May 15 14:22:57 UTC 2018: Create call graph done
Tue May 15 14:22:57 UTC 2018: Start ddraj__hbase-trunk-mttr test class org.apache.hadoop.hbase.TestKeyValue
Tue May 15 14:22:57 UTC 2018: Setting lastTestMethodIndex: 35310
Tue May 15 14:22:57 UTC 2018: Starting linking
Tue May 15 14:22:57 UTC 2018: Linking done for ddraj__hbase-trunk-mttr test class org.apache.hadoop.hbase.TestKeyValue
Tue May 15 14:22:58 UTC 2018: Found element on the queue
Tue May 15 14:22:58 UTC 2018: Updating status
Tue May 15 14:22:58 UTC 2018: Working
Tue May 15 14:23:00 UTC 2018: Start ddraj__hbase-trunk-mttr test class org.apache.hadoop.hbase.TestClassFinder
Tue May 15 14:23:00 UTC 2018: Setting lastTestMethodIndex: 35312
Tue May 15 14:23:00 UTC 2018: Starting linking
Tue May 15 14:23:00 UTC 2018: No link for: org.apache.hadoop.hbase.TestClassFinder-testClassFinderFiltersByPathInDirs
Tue May 15 14:23:00 UTC 2018: None match not added in database because it already exists
Tue May 15 14:23:00 UTC 2018: No link for: org.apache.hadoop.hbase.TestClassFinder-testClassFinderFiltersByClassInDirs
Tue May 15 14:23:00 UTC 2018: None match not added in database because it already exists
Tue May 15 14:23:00 UTC 2018: No link for: org.apache.hadoop.hbase.TestClassFinder-testClassFinderCanFindClassesInJars
Tue May 15 14:23:00 UTC 2018: None match not added in database because it already exists
Tue May 15 14:23:00 UTC 2018: No link for: org.apache.hadoop.hbase.TestClassFinder-testClassFinderCanFindClassesInDirs
Tue May 15 14:23:00 UTC 2018: None match not added in database because it already exists
Tue May 15 14:23:00 UTC 2018: No link for: org.apache.hadoop.hbase.TestClassFinder-testClassFinderHandlesNestedPackages
Tue May 15 14:23:00 UTC 2018: None match not added in database because it already exists
Tue May 15 14:23:00 UTC 2018: No link for: org.apache.hadoop.hbase.TestClassFinder-testClassFinderFiltersByPathInJar
Tue May 15 14:23:01 UTC 2018: None match not added in database because it already exists
Tue May 15 14:23:01 UTC 2018: No link for: org.apache.hadoop.hbase.TestClassFinder-testClassFinderFiltersByNameInJar
Tue May 15 14:23:01 UTC 2018: None match not added in database because it already exists
Tue May 15 14:23:01 UTC 2018: No link for: org.apache.hadoop.hbase.TestClassFinder-testClassFinderFiltersByClassInJar
Tue May 15 14:23:01 UTC 2018: None match not added in database because it already exists
Tue May 15 14:23:01 UTC 2018: No link for: org.apache.hadoop.hbase.TestClassFinder-testClassFinderDefaultsToOwnPackage
Tue May 15 14:23:01 UTC 2018: None match not added in database because it already exists
Tue May 15 14:23:01 UTC 2018: No link for: org.apache.hadoop.hbase.TestClassFinder-testClassFinderHandlesConflicts
Tue May 15 14:23:01 UTC 2018: None match not added in database because it already exists
Tue May 15 14:23:01 UTC 2018: No link for: org.apache.hadoop.hbase.TestClassFinder-testClassFinderFiltersByNameInDirs
Tue May 15 14:23:01 UTC 2018: None match not added in database because it already exists
Tue May 15 14:23:01 UTC 2018: Linking done for ddraj__hbase-trunk-mttr test class org.apache.hadoop.hbase.TestClassFinder
Tue May 15 14:23:01 UTC 2018: Found element on the queue
Tue May 15 14:23:01 UTC 2018: Updating status
Tue May 15 14:23:01 UTC 2018: Working
Tue May 15 14:23:04 UTC 2018: Start ddraj__hbase-trunk-mttr test class org.apache.hadoop.hbase.util.TestLoadTestKVGenerator
Tue May 15 14:23:04 UTC 2018: Setting lastTestMethodIndex: 35314
Tue May 15 14:23:04 UTC 2018: Starting linking
Tue May 15 14:23:04 UTC 2018: No link for: org.apache.hadoop.hbase.util.TestLoadTestKVGenerator-testVerification
Tue May 15 14:23:04 UTC 2018: None match not added in database because it already exists
Tue May 15 14:23:04 UTC 2018: No link for: org.apache.hadoop.hbase.util.TestLoadTestKVGenerator-testCorrectAndUniqueKeys
Tue May 15 14:23:04 UTC 2018: None match not added in database because it already exists
Tue May 15 14:23:04 UTC 2018: No link for: org.apache.hadoop.hbase.util.TestLoadTestKVGenerator-testValueLength
Tue May 15 14:23:04 UTC 2018: None match not added in database because it already exists
Tue May 15 14:23:04 UTC 2018: Linking done for ddraj__hbase-trunk-mttr test class org.apache.hadoop.hbase.util.TestLoadTestKVGenerator
Tue May 15 14:23:04 UTC 2018: Found element on the queue
Tue May 15 14:23:04 UTC 2018: Updating status
Tue May 15 14:23:04 UTC 2018: Working
Tue May 15 14:23:07 UTC 2018: Start ddraj__hbase-trunk-mttr test class org.apache.hadoop.hbase.util.TestThreads
Tue May 15 14:23:07 UTC 2018: Setting lastTestMethodIndex: 35315
Tue May 15 14:23:07 UTC 2018: Starting linking
Tue May 15 14:23:07 UTC 2018: Code found org.apache.hadoop.hbase.util.Threads-sleep with org.apache.hadoop.hbase.util.TestThreads-testSleepWithoutInterrupt
Tue May 15 14:23:07 UTC 2018: Match not added in database because it already exists
Tue May 15 14:23:07 UTC 2018: Linking done for ddraj__hbase-trunk-mttr test class org.apache.hadoop.hbase.util.TestThreads
Tue May 15 14:23:07 UTC 2018: Found element on the queue
Tue May 15 14:23:07 UTC 2018: Updating status
Tue May 15 14:23:07 UTC 2018: Working
Tue May 15 14:23:10 UTC 2018: Start ddraj__hbase-trunk-mttr test class org.apache.hadoop.hbase.util.TestBytes
Tue May 15 14:23:10 UTC 2018: Setting lastTestMethodIndex: 35317
Tue May 15 14:23:10 UTC 2018: Starting linking
Tue May 15 14:23:10 UTC 2018: Linking done for ddraj__hbase-trunk-mttr test class org.apache.hadoop.hbase.util.TestBytes
Tue May 15 14:23:10 UTC 2018: Found element on the queue
Tue May 15 14:23:10 UTC 2018: Updating status
Tue May 15 14:23:10 UTC 2018: Working
Tue May 15 14:23:13 UTC 2018: Start ddraj__hbase-trunk-mttr test class org.apache.hadoop.hbase.util.TestEnvironmentEdgeManager
Tue May 15 14:23:13 UTC 2018: Setting lastTestMethodIndex: 35319
Tue May 15 14:23:13 UTC 2018: Starting linking
Tue May 15 14:23:13 UTC 2018: No link for: org.apache.hadoop.hbase.util.TestEnvironmentEdgeManager-testCurrentTimeInMillis
Tue May 15 14:23:13 UTC 2018: None match not added in database because it already exists
Tue May 15 14:23:13 UTC 2018: No link for: org.apache.hadoop.hbase.util.TestEnvironmentEdgeManager-testManageSingleton
Tue May 15 14:23:13 UTC 2018: None match not added in database because it already exists
Tue May 15 14:23:13 UTC 2018: Linking done for ddraj__hbase-trunk-mttr test class org.apache.hadoop.hbase.util.TestEnvironmentEdgeManager
Tue May 15 14:23:13 UTC 2018: Found element on the queue
Tue May 15 14:23:13 UTC 2018: Updating status
Tue May 15 14:23:13 UTC 2018: Working
Tue May 15 14:23:16 UTC 2018: Start ddraj__hbase-trunk-mttr test class org.apache.hadoop.hbase.util.TestByteRange
Tue May 15 14:23:16 UTC 2018: Setting lastTestMethodIndex: 35320
Tue May 15 14:23:16 UTC 2018: Starting linking
Tue May 15 14:23:16 UTC 2018: Linking done for ddraj__hbase-trunk-mttr test class org.apache.hadoop.hbase.util.TestByteRange
Tue May 15 14:23:16 UTC 2018: Found element on the queue
Tue May 15 14:23:16 UTC 2018: Updating status
Tue May 15 14:23:16 UTC 2018: Working
Tue May 15 14:23:16 UTC 2018: Create project parser
Tue May 15 14:23:19 UTC 2018: Start ddraj__hbase-trunk-mttr test class org.apache.hadoop.hbase.rest.TestMetricsRESTSource
Tue May 15 14:23:19 UTC 2018: Setting lastTestMethodIndex: 35321
Tue May 15 14:23:19 UTC 2018: Starting linking
Tue May 15 14:23:19 UTC 2018: Code found org.apache.hadoop.hbase.CompatibilitySingletonFactory-getInstance with org.apache.hadoop.hbase.rest.TestMetricsRESTSource-testGetInstanceNoHadoopCompat
Tue May 15 14:23:19 UTC 2018: Match not added in database because it already exists
Tue May 15 14:23:19 UTC 2018: Linking done for ddraj__hbase-trunk-mttr test class org.apache.hadoop.hbase.rest.TestMetricsRESTSource
Tue May 15 14:23:20 UTC 2018: Found element on the queue
Tue May 15 14:23:20 UTC 2018: Updating status
Tue May 15 14:23:20 UTC 2018: Working
Tue May 15 14:23:22 UTC 2018: Start ddraj__hbase-trunk-mttr test class org.apache.hadoop.hbase.replication.regionserver.TestMetricsReplicationSourceFactory
Tue May 15 14:23:22 UTC 2018: Setting lastTestMethodIndex: 35322
Tue May 15 14:23:22 UTC 2018: Starting linking
Tue May 15 14:23:22 UTC 2018: Code found org.apache.hadoop.hbase.CompatibilitySingletonFactory-getInstance with org.apache.hadoop.hbase.replication.regionserver.TestMetricsReplicationSourceFactory-testGetInstanceNoHadoopCompat
Tue May 15 14:23:22 UTC 2018: Match not added in database because it already exists
Tue May 15 14:23:22 UTC 2018: Linking done for ddraj__hbase-trunk-mttr test class org.apache.hadoop.hbase.replication.regionserver.TestMetricsReplicationSourceFactory
Tue May 15 14:23:23 UTC 2018: Found element on the queue
Tue May 15 14:23:23 UTC 2018: Updating status
Tue May 15 14:23:23 UTC 2018: Working
Tue May 15 14:23:25 UTC 2018: Start ddraj__hbase-trunk-mttr test class org.apache.hadoop.hbase.regionserver.TestMetricsRegionServerSourceFactory
Tue May 15 14:23:25 UTC 2018: Setting lastTestMethodIndex: 35323
Tue May 15 14:23:25 UTC 2018: Starting linking
Tue May 15 14:23:25 UTC 2018: Code found org.apache.hadoop.hbase.CompatibilitySingletonFactory-getInstance with org.apache.hadoop.hbase.regionserver.TestMetricsRegionServerSourceFactory-testGetInstanceNoHadoopCompat
Tue May 15 14:23:25 UTC 2018: Match not added in database because it already exists
Tue May 15 14:23:25 UTC 2018: Linking done for ddraj__hbase-trunk-mttr test class org.apache.hadoop.hbase.regionserver.TestMetricsRegionServerSourceFactory
Tue May 15 14:23:26 UTC 2018: Found element on the queue
Tue May 15 14:23:26 UTC 2018: Updating status
Tue May 15 14:23:26 UTC 2018: Working
Tue May 15 14:23:28 UTC 2018: Start ddraj__hbase-trunk-mttr test class org.apache.hadoop.hbase.regionserver.wal.TestMetricsHLogSource
Tue May 15 14:23:28 UTC 2018: Setting lastTestMethodIndex: 35325
Tue May 15 14:23:28 UTC 2018: Starting linking
Tue May 15 14:23:28 UTC 2018: Code found org.apache.hadoop.hbase.CompatibilitySingletonFactory-getInstance with org.apache.hadoop.hbase.regionserver.wal.TestMetricsHLogSource-testGetInstanceNoHadoopCompat
Tue May 15 14:23:28 UTC 2018: Match not added in database because it already exists
Tue May 15 14:23:28 UTC 2018: Linking done for ddraj__hbase-trunk-mttr test class org.apache.hadoop.hbase.regionserver.wal.TestMetricsHLogSource
Tue May 15 14:23:28 UTC 2018: Found element on the queue
Tue May 15 14:23:28 UTC 2018: Updating status
Tue May 15 14:23:28 UTC 2018: Working
Tue May 15 14:23:31 UTC 2018: Start ddraj__hbase-trunk-mttr test class org.apache.hadoop.hbase.thrift.TestMetricsThriftServerSourceFactory
Tue May 15 14:23:31 UTC 2018: Setting lastTestMethodIndex: 35326
Tue May 15 14:23:31 UTC 2018: Starting linking
Tue May 15 14:23:31 UTC 2018: Code found org.apache.hadoop.hbase.CompatibilitySingletonFactory-getInstance with org.apache.hadoop.hbase.thrift.TestMetricsThriftServerSourceFactory-testGetInstanceNoHadoopCompat
Tue May 15 14:23:31 UTC 2018: Match not added in database because it already exists
Tue May 15 14:23:31 UTC 2018: Linking done for ddraj__hbase-trunk-mttr test class org.apache.hadoop.hbase.thrift.TestMetricsThriftServerSourceFactory
Tue May 15 14:23:31 UTC 2018: Found element on the queue
Tue May 15 14:23:31 UTC 2018: Updating status
Tue May 15 14:23:31 UTC 2018: Working
Tue May 15 14:23:34 UTC 2018: Start ddraj__hbase-trunk-mttr test class org.apache.hadoop.hbase.master.TestMetricsMasterSourceFactory
Tue May 15 14:23:34 UTC 2018: Setting lastTestMethodIndex: 35327
Tue May 15 14:23:34 UTC 2018: Starting linking
Tue May 15 14:23:34 UTC 2018: Code found org.apache.hadoop.hbase.CompatibilitySingletonFactory-getInstance with org.apache.hadoop.hbase.master.TestMetricsMasterSourceFactory-testGetInstanceNoHadoopCompat
Tue May 15 14:23:34 UTC 2018: Match not added in database because it already exists
Tue May 15 14:23:34 UTC 2018: Linking done for ddraj__hbase-trunk-mttr test class org.apache.hadoop.hbase.master.TestMetricsMasterSourceFactory
Tue May 15 14:23:34 UTC 2018: Found element on the queue
Tue May 15 14:23:34 UTC 2018: Updating status
Tue May 15 14:23:34 UTC 2018: Working
Tue May 15 14:23:34 UTC 2018: Create project parser
Tue May 15 14:23:37 UTC 2018: Start ddraj__hbase-trunk-mttr test class org.apache.hadoop.hbase.rest.TestRESTMetricsSourceImpl
Tue May 15 14:23:37 UTC 2018: Setting lastTestMethodIndex: 35330
Tue May 15 14:23:37 UTC 2018: Starting linking
Tue May 15 14:23:37 UTC 2018: No link for: org.apache.hadoop.hbase.rest.TestRESTMetricsSourceImpl-ensureCompatRegistered
Tue May 15 14:23:37 UTC 2018: None match not added in database because it already exists
Tue May 15 14:23:37 UTC 2018: Linking done for ddraj__hbase-trunk-mttr test class org.apache.hadoop.hbase.rest.TestRESTMetricsSourceImpl
Tue May 15 14:23:37 UTC 2018: Found element on the queue
Tue May 15 14:23:37 UTC 2018: Updating status
Tue May 15 14:23:37 UTC 2018: Working
Tue May 15 14:23:40 UTC 2018: Start ddraj__hbase-trunk-mttr test class org.apache.hadoop.hbase.replication.regionserver.TestReplicationMetricsSourceImpl
Tue May 15 14:23:40 UTC 2018: Setting lastTestMethodIndex: 35332
Tue May 15 14:23:40 UTC 2018: Starting linking
Tue May 15 14:23:40 UTC 2018: No link for: org.apache.hadoop.hbase.replication.regionserver.TestReplicationMetricsSourceImpl-testGetInstance
Tue May 15 14:23:40 UTC 2018: None match not added in database because it already exists
Tue May 15 14:23:40 UTC 2018: Linking done for ddraj__hbase-trunk-mttr test class org.apache.hadoop.hbase.replication.regionserver.TestReplicationMetricsSourceImpl
Tue May 15 14:23:40 UTC 2018: Found element on the queue
Tue May 15 14:23:40 UTC 2018: Updating status
Tue May 15 14:23:40 UTC 2018: Working
Tue May 15 14:23:42 UTC 2018: Start ddraj__hbase-trunk-mttr test class org.apache.hadoop.hbase.thrift.TestThriftServerMetricsSourceFactoryImpl
Tue May 15 14:23:42 UTC 2018: Setting lastTestMethodIndex: 35333
Tue May 15 14:23:42 UTC 2018: Starting linking
Tue May 15 14:23:42 UTC 2018: Code found org.apache.hadoop.hbase.thrift.MetricsThriftServerSourceFactoryImpl-createThriftOneSource with org.apache.hadoop.hbase.thrift.TestThriftServerMetricsSourceFactoryImpl-testCreateThriftOneSource
Tue May 15 14:23:42 UTC 2018: Match not added in database because it already exists
Tue May 15 14:23:42 UTC 2018: Code found org.apache.hadoop.hbase.thrift.MetricsThriftServerSourceFactoryImpl-createThriftTwoSource with org.apache.hadoop.hbase.thrift.TestThriftServerMetricsSourceFactoryImpl-testCreateThriftTwoSource
Tue May 15 14:23:42 UTC 2018: Match not added in database because it already exists
Tue May 15 14:23:42 UTC 2018: No link for: org.apache.hadoop.hbase.thrift.TestThriftServerMetricsSourceFactoryImpl-testCompatabilityRegistered
Tue May 15 14:23:42 UTC 2018: None match not added in database because it already exists
Tue May 15 14:23:42 UTC 2018: Linking done for ddraj__hbase-trunk-mttr test class org.apache.hadoop.hbase.thrift.TestThriftServerMetricsSourceFactoryImpl
Tue May 15 14:23:43 UTC 2018: Found element on the queue
Tue May 15 14:23:43 UTC 2018: Updating status
Tue May 15 14:23:43 UTC 2018: Working
Tue May 15 14:23:43 UTC 2018: Create project parser
Tue May 15 14:23:46 UTC 2018: Start ddraj__hbase-trunk-mttr test class org.apache.hadoop.hbase.rest.TestMetricsRESTSourceImpl
Tue May 15 14:23:46 UTC 2018: Setting lastTestMethodIndex: 35334
Tue May 15 14:23:46 UTC 2018: Starting linking
Tue May 15 14:23:46 UTC 2018: No link for: org.apache.hadoop.hbase.rest.TestMetricsRESTSourceImpl-ensureCompatRegistered
Tue May 15 14:23:46 UTC 2018: None match not added in database because it already exists
Tue May 15 14:23:46 UTC 2018: Linking done for ddraj__hbase-trunk-mttr test class org.apache.hadoop.hbase.rest.TestMetricsRESTSourceImpl
Tue May 15 14:23:46 UTC 2018: Found element on the queue
Tue May 15 14:23:46 UTC 2018: Updating status
Tue May 15 14:23:46 UTC 2018: Working
Tue May 15 14:23:49 UTC 2018: Start ddraj__hbase-trunk-mttr test class org.apache.hadoop.hbase.replication.regionserver.TestMetricsReplicationSourceImpl
Tue May 15 14:23:49 UTC 2018: Setting lastTestMethodIndex: 35335
Tue May 15 14:23:49 UTC 2018: Starting linking
Tue May 15 14:23:49 UTC 2018: No link for: org.apache.hadoop.hbase.replication.regionserver.TestMetricsReplicationSourceImpl-testGetInstance
Tue May 15 14:23:49 UTC 2018: None match not added in database because it already exists
Tue May 15 14:23:49 UTC 2018: Linking done for ddraj__hbase-trunk-mttr test class org.apache.hadoop.hbase.replication.regionserver.TestMetricsReplicationSourceImpl
Tue May 15 14:23:49 UTC 2018: Found element on the queue
Tue May 15 14:23:49 UTC 2018: Updating status
Tue May 15 14:23:49 UTC 2018: Working
Tue May 15 14:23:52 UTC 2018: Start ddraj__hbase-trunk-mttr test class org.apache.hadoop.hbase.thrift.TestMetricsThriftServerSourceFactoryImpl
Tue May 15 14:23:52 UTC 2018: Setting lastTestMethodIndex: 35336
Tue May 15 14:23:52 UTC 2018: Starting linking
Tue May 15 14:23:52 UTC 2018: Code found org.apache.hadoop.hbase.thrift.MetricsThriftServerSourceFactoryImpl-createThriftOneSource with org.apache.hadoop.hbase.thrift.TestMetricsThriftServerSourceFactoryImpl-testCreateThriftOneSource
Tue May 15 14:23:52 UTC 2018: Match not added in database because it already exists
Tue May 15 14:23:52 UTC 2018: Code found org.apache.hadoop.hbase.thrift.MetricsThriftServerSourceFactoryImpl-createThriftTwoSource with org.apache.hadoop.hbase.thrift.TestMetricsThriftServerSourceFactoryImpl-testCreateThriftTwoSource
Tue May 15 14:23:52 UTC 2018: Match not added in database because it already exists
Tue May 15 14:23:52 UTC 2018: No link for: org.apache.hadoop.hbase.thrift.TestMetricsThriftServerSourceFactoryImpl-testCompatabilityRegistered
Tue May 15 14:23:52 UTC 2018: None match not added in database because it already exists
Tue May 15 14:23:52 UTC 2018: Linking done for ddraj__hbase-trunk-mttr test class org.apache.hadoop.hbase.thrift.TestMetricsThriftServerSourceFactoryImpl
