Tue May 15 14:54:23 UTC 2018: Database:jdbc:mysql://localhost:3306/unittests
Tue May 15 14:54:23 UTC 2018: Starting
Tue May 15 14:54:23 UTC 2018: Found element on the queue
Tue May 15 14:54:23 UTC 2018: Updating status
Tue May 15 14:54:23 UTC 2018: Working
Tue May 15 14:54:23 UTC 2018: Create project parser
Tue May 15 14:54:27 UTC 2018: Create slicer
Tue May 15 14:54:29 UTC 2018: Create call graph
Tue May 15 14:54:30 UTC 2018: Create point analysis
Tue May 15 14:54:30 UTC 2018: Create call graph done
Tue May 15 14:54:30 UTC 2018: Start dhemery__victor test class com.dhemery.victor.frank.FranklyFrankAppExec
Tue May 15 14:54:30 UTC 2018: Setting lastTestMethodIndex: 36195
Tue May 15 14:54:30 UTC 2018: Starting linking
Tue May 15 14:54:30 UTC 2018: Code found com.dhemery.victor.frank.FranklyFrank-appExec with com.dhemery.victor.frank.FranklyFrankAppExec-appExecReturnsFirstResultIfRequestSucceeds
Tue May 15 14:54:30 UTC 2018: Code found com.dhemery.victor.frank.FranklyFrank-appExec with com.dhemery.victor.frank.FranklyFrankAppExec-appExecOperationIncludesArguments
Tue May 15 14:54:30 UTC 2018: Code found com.dhemery.victor.frank.FranklyFrank-appExec with com.dhemery.victor.frank.FranklyFrankAppExec-sendsAppExecOperationViaPut
Tue May 15 14:54:30 UTC 2018: Code found com.dhemery.victor.frank.FranklyFrank-appExec with com.dhemery.victor.frank.FranklyFrankAppExec-appExecOperationIncludesMethodName
Tue May 15 14:54:30 UTC 2018: Code found com.dhemery.victor.frank.FranklyFrank-appExec with com.dhemery.victor.frank.FranklyFrankAppExec-appExecThrowsIfRequestFails
Tue May 15 14:54:30 UTC 2018: No link for: com.dhemery.victor.frank.FranklyFrankAppExec-requestsMessageResponseReturnType
Tue May 15 14:54:30 UTC 2018: Linking done for dhemery__victor test class com.dhemery.victor.frank.FranklyFrankAppExec
Tue May 15 14:54:31 UTC 2018: Found element on the queue
Tue May 15 14:54:31 UTC 2018: Updating status
Tue May 15 14:54:31 UTC 2018: Working
Tue May 15 14:54:33 UTC 2018: Start dhemery__victor test class com.dhemery.victor.frank.FranklyFrankAccessibilityCheck
Tue May 15 14:54:33 UTC 2018: Setting lastTestMethodIndex: 36196
Tue May 15 14:54:33 UTC 2018: Starting linking
Tue May 15 14:54:33 UTC 2018: Code found com.dhemery.victor.frank.FranklyFrank-accessibilityCheck with com.dhemery.victor.frank.FranklyFrankAccessibilityCheck-sendsAccessibilityCheckRequestViaPut
Tue May 15 14:54:33 UTC 2018: Code found com.dhemery.victor.frank.FranklyFrank-accessibilityCheck with com.dhemery.victor.frank.FranklyFrankAccessibilityCheck-requestsAccessibilityCheckResponseType
Tue May 15 14:54:33 UTC 2018: Code found com.dhemery.victor.frank.FranklyFrank-accessibilityCheck with com.dhemery.victor.frank.FranklyFrankAccessibilityCheck-returnsTrueIfAccessibilityCheckResponseIsTrue
Tue May 15 14:54:33 UTC 2018: Code found com.dhemery.victor.frank.FranklyFrank-accessibilityCheck with com.dhemery.victor.frank.FranklyFrankAccessibilityCheck-returnsFalseIfAccessibilityCheckResponseIsFalse
Tue May 15 14:54:33 UTC 2018: Linking done for dhemery__victor test class com.dhemery.victor.frank.FranklyFrankAccessibilityCheck
Tue May 15 14:54:34 UTC 2018: Found element on the queue
Tue May 15 14:54:34 UTC 2018: Updating status
Tue May 15 14:54:34 UTC 2018: Working
Tue May 15 14:54:36 UTC 2018: Start dhemery__victor test class com.dhemery.victor.frank.FranklyFrankDump
Tue May 15 14:54:36 UTC 2018: Setting lastTestMethodIndex: 36197
Tue May 15 14:54:36 UTC 2018: Starting linking
Tue May 15 14:54:36 UTC 2018: Code found com.dhemery.victor.frank.FranklyFrank-dump with com.dhemery.victor.frank.FranklyFrankDump-sendsDumpRequestViaGet
Tue May 15 14:54:36 UTC 2018: No link for: com.dhemery.victor.frank.FranklyFrankDump-requestsStringResponseType
Tue May 15 14:54:36 UTC 2018: No link for: com.dhemery.victor.frank.FranklyFrankDump-returnsEndpointResponseBody
Tue May 15 14:54:36 UTC 2018: Linking done for dhemery__victor test class com.dhemery.victor.frank.FranklyFrankDump
Tue May 15 14:54:37 UTC 2018: Found element on the queue
Tue May 15 14:54:37 UTC 2018: Updating status
Tue May 15 14:54:37 UTC 2018: Working
Tue May 15 14:54:39 UTC 2018: Start dhemery__victor test class com.dhemery.victor.frank.FranklyFrankMap
Tue May 15 14:54:39 UTC 2018: Setting lastTestMethodIndex: 36198
Tue May 15 14:54:39 UTC 2018: Starting linking
Tue May 15 14:54:39 UTC 2018: Code found com.dhemery.victor.frank.FranklyFrank-map with com.dhemery.victor.frank.FranklyFrankMap-sendsMapOperationViaPut
Tue May 15 14:54:39 UTC 2018: Code found com.dhemery.victor.frank.FranklyFrank-map with com.dhemery.victor.frank.FranklyFrankMap-mapOperationIncludesArguments
Tue May 15 14:54:39 UTC 2018: Code found com.dhemery.victor.frank.FranklyFrank-map with com.dhemery.victor.frank.FranklyFrankMap-mapOperationIncludesEngineName
Tue May 15 14:54:39 UTC 2018: Code found com.dhemery.victor.frank.FranklyFrank-map with com.dhemery.victor.frank.FranklyFrankMap-mapReturnsResultsIfRequestSucceeds
Tue May 15 14:54:39 UTC 2018: Code found com.dhemery.victor.frank.FranklyFrank-map with com.dhemery.victor.frank.FranklyFrankMap-mapThrowsIfRequestFails
Tue May 15 14:54:39 UTC 2018: Code found com.dhemery.victor.frank.FranklyFrank-map with com.dhemery.victor.frank.FranklyFrankMap-mapOperationIncludesQuery
Tue May 15 14:54:39 UTC 2018: Code found com.dhemery.victor.frank.FranklyFrank-map with com.dhemery.victor.frank.FranklyFrankMap-mapOperationIncludesMethodName
Tue May 15 14:54:39 UTC 2018: No link for: com.dhemery.victor.frank.FranklyFrankMap-requestsMessageResponseReturnType
Tue May 15 14:54:39 UTC 2018: Linking done for dhemery__victor test class com.dhemery.victor.frank.FranklyFrankMap
Tue May 15 14:54:40 UTC 2018: Found element on the queue
Tue May 15 14:54:40 UTC 2018: Updating status
Tue May 15 14:54:40 UTC 2018: Working
Tue May 15 14:54:42 UTC 2018: Start dhemery__victor test class com.dhemery.victor.frank.FranklyFrankTypeIntoKeyboard
Tue May 15 14:54:42 UTC 2018: Setting lastTestMethodIndex: 36199
Tue May 15 14:54:42 UTC 2018: Starting linking
Tue May 15 14:54:42 UTC 2018: Code found com.dhemery.victor.frank.FranklyFrank-typeIntoKeyboard with com.dhemery.victor.frank.FranklyFrankTypeIntoKeyboard-sendsTypeIntoKeyboardRequestViaPut
Tue May 15 14:54:42 UTC 2018: No link for: com.dhemery.victor.frank.FranklyFrankTypeIntoKeyboard-requestsVoidReturnType
Tue May 15 14:54:42 UTC 2018: No link for: com.dhemery.victor.frank.FranklyFrankTypeIntoKeyboard-requestIncludesTextToType
Tue May 15 14:54:42 UTC 2018: Linking done for dhemery__victor test class com.dhemery.victor.frank.FranklyFrankTypeIntoKeyboard
Tue May 15 14:54:43 UTC 2018: Found element on the queue
Tue May 15 14:54:43 UTC 2018: Updating status
Tue May 15 14:54:43 UTC 2018: Working
Tue May 15 14:54:45 UTC 2018: Start dhemery__victor test class com.dhemery.victor.frank.FranklyFrankOrientation
Tue May 15 14:54:45 UTC 2018: Setting lastTestMethodIndex: 36200
Tue May 15 14:54:45 UTC 2018: Starting linking
Tue May 15 14:54:45 UTC 2018: Code found com.dhemery.victor.frank.FranklyFrank-orientation with com.dhemery.victor.frank.FranklyFrankOrientation-sendsOrientationRequestViaGet
Tue May 15 14:54:45 UTC 2018: Code found com.dhemery.victor.frank.FranklyFrank-orientation with com.dhemery.victor.frank.FranklyFrankOrientation-requestsOrientationResponseType
Tue May 15 14:54:45 UTC 2018: No link for: com.dhemery.victor.frank.FranklyFrankOrientation-reportsLandscapeResponse
Tue May 15 14:54:45 UTC 2018: No link for: com.dhemery.victor.frank.FranklyFrankOrientation-reportsPortraitResponse
Tue May 15 14:54:45 UTC 2018: Linking done for dhemery__victor test class com.dhemery.victor.frank.FranklyFrankOrientation
