Tue May 15 20:53:37 UTC 2018: Database:jdbc:mysql://localhost:3306/unittests
Tue May 15 20:53:38 UTC 2018: Starting
Tue May 15 20:53:39 UTC 2018: Found element on the queue
Tue May 15 20:53:39 UTC 2018: Updating status
Tue May 15 20:53:39 UTC 2018: Working
Tue May 15 20:53:39 UTC 2018: Create project parser
Tue May 15 20:53:53 UTC 2018: Create slicer
Tue May 15 20:53:58 UTC 2018: Create call graph
Tue May 15 20:54:00 UTC 2018: Create point analysis
Tue May 15 20:54:00 UTC 2018: Create call graph done
Tue May 15 20:54:00 UTC 2018: Start hms-dbmi__IRCT-API test class edu.harvard.hms.dbmi.bd2k.irct.IRCTApplicationTest
Tue May 15 20:54:00 UTC 2018: Setting lastTestMethodIndex: 47675
Tue May 15 20:54:00 UTC 2018: Starting linking
Tue May 15 20:54:01 UTC 2018: Code found edu.harvard.hms.dbmi.bd2k.irct.IRCTApplication-getVersion with edu.harvard.hms.dbmi.bd2k.irct.IRCTApplicationTest-testGetVersion
Tue May 15 20:54:01 UTC 2018: No link for: edu.harvard.hms.dbmi.bd2k.irct.IRCTApplicationTest-testGetSupportedJoinTypes
Tue May 15 20:54:01 UTC 2018: No link for: edu.harvard.hms.dbmi.bd2k.irct.IRCTApplicationTest-testInit
Tue May 15 20:54:01 UTC 2018: No link for: edu.harvard.hms.dbmi.bd2k.irct.IRCTApplicationTest-testGetResultDataConverters
Tue May 15 20:54:02 UTC 2018: No link for: edu.harvard.hms.dbmi.bd2k.irct.IRCTApplicationTest-testGetResources
Tue May 15 20:54:02 UTC 2018: No link for: edu.harvard.hms.dbmi.bd2k.irct.IRCTApplicationTest-testGetResultDataFolder
Tue May 15 20:54:02 UTC 2018: Linking done for hms-dbmi__IRCT-API test class edu.harvard.hms.dbmi.bd2k.irct.IRCTApplicationTest
