Tue May 15 21:20:49 UTC 2018: Database:jdbc:mysql://localhost:3306/unittests
Tue May 15 21:20:50 UTC 2018: Starting
Tue May 15 21:20:51 UTC 2018: Found element on the queue
Tue May 15 21:20:51 UTC 2018: Updating status
Tue May 15 21:20:51 UTC 2018: Working
Tue May 15 21:20:51 UTC 2018: Create project parser
Tue May 15 21:21:30 UTC 2018: Create slicer
Tue May 15 21:21:36 UTC 2018: Create call graph
Tue May 15 21:21:39 UTC 2018: Create point analysis
Tue May 15 21:21:39 UTC 2018: Create call graph done
Tue May 15 21:21:39 UTC 2018: Start huangcheng11676670__webmanger test class com.github.abel533.echarts.FromJsonTest
Tue May 15 21:21:39 UTC 2018: Setting lastTestMethodIndex: 48094
Tue May 15 21:21:39 UTC 2018: Starting linking
Tue May 15 21:21:39 UTC 2018: No link for: com.github.abel533.echarts.FromJsonTest-testFromJson
Tue May 15 21:21:40 UTC 2018: No link for: com.github.abel533.echarts.FromJsonTest-testAxisFromJson
Tue May 15 21:21:40 UTC 2018: Linking done for huangcheng11676670__webmanger test class com.github.abel533.echarts.FromJsonTest
Tue May 15 21:21:41 UTC 2018: Found element on the queue
Tue May 15 21:21:41 UTC 2018: Updating status
Tue May 15 21:21:41 UTC 2018: Working
Tue May 15 21:21:45 UTC 2018: Start huangcheng11676670__webmanger test class com.github.abel533.echarts.samples.other.AccessTest
Tue May 15 21:21:45 UTC 2018: Setting lastTestMethodIndex: 48095
Tue May 15 21:21:45 UTC 2018: Starting linking
Tue May 15 21:21:45 UTC 2018: No link for: com.github.abel533.echarts.samples.other.AccessTest-test
Tue May 15 21:21:45 UTC 2018: Linking done for huangcheng11676670__webmanger test class com.github.abel533.echarts.samples.other.AccessTest
Tue May 15 21:21:46 UTC 2018: Found element on the queue
Tue May 15 21:21:46 UTC 2018: Updating status
Tue May 15 21:21:46 UTC 2018: Working
Tue May 15 21:21:50 UTC 2018: Start huangcheng11676670__webmanger test class com.github.abel533.echarts.samples.line.LineTest
Tue May 15 21:21:50 UTC 2018: Setting lastTestMethodIndex: 48097
Tue May 15 21:21:50 UTC 2018: Starting linking
Tue May 15 21:21:50 UTC 2018: No link for: com.github.abel533.echarts.samples.line.LineTest-test
Tue May 15 21:21:50 UTC 2018: Linking done for huangcheng11676670__webmanger test class com.github.abel533.echarts.samples.line.LineTest
Tue May 15 21:21:51 UTC 2018: Found element on the queue
Tue May 15 21:21:51 UTC 2018: Updating status
Tue May 15 21:21:51 UTC 2018: Working
Tue May 15 21:21:54 UTC 2018: Start huangcheng11676670__webmanger test class com.github.abel533.echarts.samples.heatmap.HeatmapTest
Tue May 15 21:21:54 UTC 2018: Setting lastTestMethodIndex: 48099
Tue May 15 21:21:54 UTC 2018: Starting linking
Tue May 15 21:21:54 UTC 2018: No link for: com.github.abel533.echarts.samples.heatmap.HeatmapTest-test
Tue May 15 21:21:54 UTC 2018: Linking done for huangcheng11676670__webmanger test class com.github.abel533.echarts.samples.heatmap.HeatmapTest
Tue May 15 21:21:56 UTC 2018: Found element on the queue
Tue May 15 21:21:56 UTC 2018: Updating status
Tue May 15 21:21:56 UTC 2018: Working
Tue May 15 21:21:59 UTC 2018: Start huangcheng11676670__webmanger test class com.github.abel533.echarts.samples.map.MapTest
Tue May 15 21:21:59 UTC 2018: Setting lastTestMethodIndex: 48100
Tue May 15 21:21:59 UTC 2018: Starting linking
Tue May 15 21:21:59 UTC 2018: No link for: com.github.abel533.echarts.samples.map.MapTest-test
Tue May 15 21:22:00 UTC 2018: Linking done for huangcheng11676670__webmanger test class com.github.abel533.echarts.samples.map.MapTest
Tue May 15 21:22:01 UTC 2018: Found element on the queue
Tue May 15 21:22:01 UTC 2018: Updating status
Tue May 15 21:22:01 UTC 2018: Working
Tue May 15 21:22:05 UTC 2018: Start huangcheng11676670__webmanger test class com.github.abel533.echarts.samples.funnel.FunnelTest
Tue May 15 21:22:05 UTC 2018: Setting lastTestMethodIndex: 48102
Tue May 15 21:22:05 UTC 2018: Starting linking
Tue May 15 21:22:05 UTC 2018: No link for: com.github.abel533.echarts.samples.funnel.FunnelTest-test
Tue May 15 21:22:05 UTC 2018: Linking done for huangcheng11676670__webmanger test class com.github.abel533.echarts.samples.funnel.FunnelTest
Tue May 15 21:22:06 UTC 2018: Found element on the queue
Tue May 15 21:22:06 UTC 2018: Updating status
Tue May 15 21:22:06 UTC 2018: Working
Tue May 15 21:22:10 UTC 2018: Start huangcheng11676670__webmanger test class com.github.abel533.echarts.OptionTest
Tue May 15 21:22:10 UTC 2018: Setting lastTestMethodIndex: 48104
Tue May 15 21:22:10 UTC 2018: Starting linking
Tue May 15 21:22:10 UTC 2018: No link for: com.github.abel533.echarts.OptionTest-basicOption
Tue May 15 21:22:10 UTC 2018: Linking done for huangcheng11676670__webmanger test class com.github.abel533.echarts.OptionTest
