Tue May 15 16:56:48 UTC 2018: Database:jdbc:mysql://localhost:3306/unittests
Tue May 15 16:56:48 UTC 2018: Starting
Tue May 15 16:56:49 UTC 2018: Found element on the queue
Tue May 15 16:56:49 UTC 2018: Updating status
Tue May 15 16:56:49 UTC 2018: Working
Tue May 15 16:56:49 UTC 2018: Create project parser
Tue May 15 16:56:50 UTC 2018: Found element on the queue
Tue May 15 16:56:50 UTC 2018: Updating status
Tue May 15 16:56:50 UTC 2018: Working
Tue May 15 16:56:51 UTC 2018: Found element on the queue
Tue May 15 16:56:51 UTC 2018: Updating status
Tue May 15 16:56:51 UTC 2018: Working
Tue May 15 16:56:51 UTC 2018: Create project parser
Tue May 15 16:56:52 UTC 2018: Found element on the queue
Tue May 15 16:56:52 UTC 2018: Updating status
Tue May 15 16:56:52 UTC 2018: Working
Tue May 15 16:56:53 UTC 2018: Found element on the queue
Tue May 15 16:56:53 UTC 2018: Updating status
Tue May 15 16:56:53 UTC 2018: Working
Tue May 15 16:56:53 UTC 2018: Create project parser
Tue May 15 16:56:55 UTC 2018: Found element on the queue
Tue May 15 16:56:55 UTC 2018: Updating status
Tue May 15 16:56:55 UTC 2018: Working
Tue May 15 16:56:55 UTC 2018: Create project parser
Tue May 15 16:56:55 UTC 2018: Found element on the queue
Tue May 15 16:56:55 UTC 2018: Updating status
Tue May 15 16:56:55 UTC 2018: Working
Tue May 15 16:56:56 UTC 2018: Found element on the queue
Tue May 15 16:56:56 UTC 2018: Updating status
Tue May 15 16:56:56 UTC 2018: Working
Tue May 15 16:56:56 UTC 2018: Create project parser
Tue May 15 16:56:57 UTC 2018: Found element on the queue
Tue May 15 16:56:57 UTC 2018: Updating status
Tue May 15 16:56:57 UTC 2018: Working
Tue May 15 16:56:57 UTC 2018: Found element on the queue
Tue May 15 16:56:57 UTC 2018: Updating status
Tue May 15 16:56:57 UTC 2018: Working
Tue May 15 16:56:58 UTC 2018: Found element on the queue
Tue May 15 16:56:58 UTC 2018: Updating status
Tue May 15 16:56:58 UTC 2018: Working
Tue May 15 16:56:58 UTC 2018: Found element on the queue
Tue May 15 16:56:58 UTC 2018: Updating status
Tue May 15 16:56:58 UTC 2018: Working
Tue May 15 16:56:58 UTC 2018: Create project parser
Tue May 15 16:56:59 UTC 2018: Found element on the queue
Tue May 15 16:56:59 UTC 2018: Updating status
Tue May 15 16:56:59 UTC 2018: Working
