Tue May 15 14:24:32 UTC 2018: Database:jdbc:mysql://localhost:3306/unittests
Tue May 15 14:24:33 UTC 2018: Starting
Tue May 15 14:24:35 UTC 2018: Found element on the queue
Tue May 15 14:24:35 UTC 2018: Updating status
Tue May 15 14:24:35 UTC 2018: Working
Tue May 15 14:24:35 UTC 2018: Create project parser
Tue May 15 14:25:05 UTC 2018: Create slicer
Tue May 15 14:25:08 UTC 2018: Create call graph
Tue May 15 14:25:11 UTC 2018: Create point analysis
Tue May 15 14:25:11 UTC 2018: Create call graph done
Tue May 15 14:25:11 UTC 2018: Start devdeep__cloudstack test class streamer.ByteBufferTest
Tue May 15 14:25:12 UTC 2018: Setting lastTestMethodIndex: 35376
Tue May 15 14:25:12 UTC 2018: Starting linking
Tue May 15 14:25:12 UTC 2018: Code found streamer.ByteBuffer-readSignedVarInt with streamer.ByteBufferTest-testReadSignedVarIntWhenLenIs6
Tue May 15 14:25:12 UTC 2018: Match not added in database because it already exists
Tue May 15 14:25:12 UTC 2018: Code found streamer.ByteBuffer-readSignedVarInt with streamer.ByteBufferTest-testReadSignedVarIntWhenLenIs5
Tue May 15 14:25:12 UTC 2018: Match not added in database because it already exists
Tue May 15 14:25:12 UTC 2018: Code found streamer.ByteBuffer-addBytesToBuilder with streamer.ByteBufferTest-testAddBytesToBuilder
Tue May 15 14:25:12 UTC 2018: Match not added in database because it already exists
Tue May 15 14:25:12 UTC 2018: Code found streamer.ByteBuffer-readSignedVarInt with streamer.ByteBufferTest-testReadSignedVarIntWhenLenIs7
Tue May 15 14:25:12 UTC 2018: Match not added in database because it already exists
Tue May 15 14:25:12 UTC 2018: Code found streamer.ByteBuffer-readUnsignedVarInt with streamer.ByteBufferTest-testReadUnsignedVarIntWhenLenIs7
Tue May 15 14:25:12 UTC 2018: Match not added in database because it already exists
Tue May 15 14:25:12 UTC 2018: Code found streamer.ByteBuffer-readUnsignedVarInt with streamer.ByteBufferTest-testReadUnsignedVarIntWhenLenIs6
Tue May 15 14:25:12 UTC 2018: Match not added in database because it already exists
Tue May 15 14:25:12 UTC 2018: Code found streamer.ByteBuffer-readUnsignedVarInt with streamer.ByteBufferTest-testReadUnsignedVarIntWhenLenIs5
Tue May 15 14:25:12 UTC 2018: Match not added in database because it already exists
Tue May 15 14:25:12 UTC 2018: No link for: streamer.ByteBufferTest-testShiftByteBy32BitsDoesNothing
Tue May 15 14:25:12 UTC 2018: None match not added in database because it already exists
Tue May 15 14:25:12 UTC 2018: Linking done for devdeep__cloudstack test class streamer.ByteBufferTest
Tue May 15 14:25:13 UTC 2018: Found element on the queue
Tue May 15 14:25:13 UTC 2018: Updating status
Tue May 15 14:25:13 UTC 2018: Working
Tue May 15 14:25:16 UTC 2018: Start devdeep__cloudstack test class streamer.BaseElementTest
Tue May 15 14:25:16 UTC 2018: Setting lastTestMethodIndex: 35379
Tue May 15 14:25:16 UTC 2018: Starting linking
Tue May 15 14:25:16 UTC 2018: Code found streamer.BaseElement-poll with streamer.BaseElementTest-testPoll
Tue May 15 14:25:16 UTC 2018: Match not added in database because it already exists
Tue May 15 14:25:16 UTC 2018: Linking done for devdeep__cloudstack test class streamer.BaseElementTest
Tue May 15 14:25:17 UTC 2018: Found element on the queue
Tue May 15 14:25:17 UTC 2018: Updating status
Tue May 15 14:25:17 UTC 2018: Working
Tue May 15 14:25:21 UTC 2018: Start devdeep__cloudstack test class rdpclient.MockServerTest
Tue May 15 14:25:21 UTC 2018: Setting lastTestMethodIndex: 35382
Tue May 15 14:25:21 UTC 2018: Starting linking
Tue May 15 14:25:21 UTC 2018: No link for: rdpclient.MockServerTest-testIsMockServerCanRespond
Tue May 15 14:25:21 UTC 2018: None match not added in database because it already exists
Tue May 15 14:25:21 UTC 2018: No link for: rdpclient.MockServerTest-testIsMockServerCanUpgradeConnectionToSsl
Tue May 15 14:25:21 UTC 2018: None match not added in database because it already exists
Tue May 15 14:25:21 UTC 2018: Linking done for devdeep__cloudstack test class rdpclient.MockServerTest
Tue May 15 14:25:22 UTC 2018: Found element on the queue
Tue May 15 14:25:22 UTC 2018: Updating status
Tue May 15 14:25:22 UTC 2018: Working
Tue May 15 14:25:25 UTC 2018: Start devdeep__cloudstack test class common.ClientTest
Tue May 15 14:25:25 UTC 2018: Setting lastTestMethodIndex: 35385
Tue May 15 14:25:25 UTC 2018: Starting linking
Tue May 15 14:25:25 UTC 2018: Code found common.Client-assemblePipeline with common.ClientTest-testAssemblePipelineWhenMainElementIsNull
Tue May 15 14:25:25 UTC 2018: Match not added in database because it already exists
Tue May 15 14:25:25 UTC 2018: Linking done for devdeep__cloudstack test class common.ClientTest
