Tue May 15 18:31:42 UTC 2018: Database:jdbc:mysql://localhost:3306/unittests
Tue May 15 18:31:43 UTC 2018: Starting
Tue May 15 18:31:43 UTC 2018: Found element on the queue
Tue May 15 18:31:43 UTC 2018: Updating status
Tue May 15 18:31:44 UTC 2018: Working
Tue May 15 18:31:44 UTC 2018: Create project parser
Tue May 15 18:31:51 UTC 2018: Create slicer
Tue May 15 18:31:53 UTC 2018: Create call graph
Tue May 15 18:31:54 UTC 2018: Create point analysis
Tue May 15 18:31:54 UTC 2018: Create call graph done
Tue May 15 18:31:54 UTC 2018: Start geekydevjohn__webappdev test class com.trumpia.account.schema.DistributionListsTest
Tue May 15 18:31:54 UTC 2018: Setting lastTestMethodIndex: 41937
Tue May 15 18:31:54 UTC 2018: Starting linking
Tue May 15 18:31:54 UTC 2018: No link for: com.trumpia.account.schema.DistributionListsTest-test
Tue May 15 18:31:54 UTC 2018: Linking done for geekydevjohn__webappdev test class com.trumpia.account.schema.DistributionListsTest
Tue May 15 18:31:55 UTC 2018: Found element on the queue
Tue May 15 18:31:55 UTC 2018: Updating status
Tue May 15 18:31:55 UTC 2018: Working
Tue May 15 18:31:58 UTC 2018: Start geekydevjohn__webappdev test class com.trumpia.account.schema.CustomdataTest
Tue May 15 18:31:58 UTC 2018: Setting lastTestMethodIndex: 41940
Tue May 15 18:31:58 UTC 2018: Starting linking
Tue May 15 18:31:58 UTC 2018: No link for: com.trumpia.account.schema.CustomdataTest-testTextArea
Tue May 15 18:31:58 UTC 2018: No link for: com.trumpia.account.schema.CustomdataTest-testDropDownList
Tue May 15 18:31:58 UTC 2018: No link for: com.trumpia.account.schema.CustomdataTest-testNumber
Tue May 15 18:31:59 UTC 2018: No link for: com.trumpia.account.schema.CustomdataTest-testDateAndTime
Tue May 15 18:31:59 UTC 2018: No link for: com.trumpia.account.schema.CustomdataTest-testTextField
Tue May 15 18:31:59 UTC 2018: No link for: com.trumpia.account.schema.CustomdataTest-testRadioButton
Tue May 15 18:31:59 UTC 2018: Linking done for geekydevjohn__webappdev test class com.trumpia.account.schema.CustomdataTest
Tue May 15 18:32:00 UTC 2018: Found element on the queue
Tue May 15 18:32:00 UTC 2018: Updating status
Tue May 15 18:32:00 UTC 2018: Working
Tue May 15 18:32:04 UTC 2018: Start geekydevjohn__webappdev test class com.trumpia.account.schema.ContactSchemaTest
Tue May 15 18:32:04 UTC 2018: Setting lastTestMethodIndex: 41943
Tue May 15 18:32:04 UTC 2018: Starting linking
Tue May 15 18:32:04 UTC 2018: No link for: com.trumpia.account.schema.ContactSchemaTest-test
Tue May 15 18:32:04 UTC 2018: Linking done for geekydevjohn__webappdev test class com.trumpia.account.schema.ContactSchemaTest
