Wed May 16 02:12:08 UTC 2018: Database:jdbc:mysql://localhost:3306/unittests
Wed May 16 02:12:08 UTC 2018: Starting
Wed May 16 02:12:08 UTC 2018: Found element on the queue
Wed May 16 02:12:08 UTC 2018: Updating status
Wed May 16 02:12:08 UTC 2018: Working
Wed May 16 02:12:08 UTC 2018: Create project parser
Wed May 16 02:12:13 UTC 2018: Create slicer
Wed May 16 02:12:14 UTC 2018: Create call graph
Wed May 16 02:12:15 UTC 2018: Create point analysis
Wed May 16 02:12:15 UTC 2018: Create call graph done
Wed May 16 02:12:15 UTC 2018: Start kimbj07__lotto test class lotto.param.AppearanceCountParamTest
Wed May 16 02:12:15 UTC 2018: Setting lastTestMethodIndex: 56697
Wed May 16 02:12:15 UTC 2018: Starting linking
Wed May 16 02:12:15 UTC 2018: No link for: lotto.param.AppearanceCountParamTest-orderTest
Wed May 16 02:12:15 UTC 2018: No link for: lotto.param.AppearanceCountParamTest-sortByTest
Wed May 16 02:12:16 UTC 2018: Linking done for kimbj07__lotto test class lotto.param.AppearanceCountParamTest
Wed May 16 02:12:16 UTC 2018: Found element on the queue
Wed May 16 02:12:16 UTC 2018: Updating status
Wed May 16 02:12:16 UTC 2018: Working
Wed May 16 02:12:19 UTC 2018: Start kimbj07__lotto test class lotto.param.GameInfoInRangeParamTest
Wed May 16 02:12:19 UTC 2018: Setting lastTestMethodIndex: 56700
Wed May 16 02:12:19 UTC 2018: Starting linking
Wed May 16 02:12:19 UTC 2018: No link for: lotto.param.GameInfoInRangeParamTest-orderBy
Wed May 16 02:12:19 UTC 2018: Linking done for kimbj07__lotto test class lotto.param.GameInfoInRangeParamTest
Wed May 16 02:12:19 UTC 2018: Found element on the queue
Wed May 16 02:12:19 UTC 2018: Updating status
Wed May 16 02:12:19 UTC 2018: Working
Wed May 16 02:12:22 UTC 2018: Start kimbj07__lotto test class lotto.util.LottoRandomMachineTest
Wed May 16 02:12:22 UTC 2018: Setting lastTestMethodIndex: 56702
Wed May 16 02:12:22 UTC 2018: Starting linking
Wed May 16 02:12:22 UTC 2018: Code found lotto.util.LottoRandomMachine-removeIncludeExcludeNumbers with lotto.util.LottoRandomMachineTest-removeIncludeExcludeNumbersTest
Wed May 16 02:12:22 UTC 2018: Linking done for kimbj07__lotto test class lotto.util.LottoRandomMachineTest
Wed May 16 02:12:23 UTC 2018: Found element on the queue
Wed May 16 02:12:23 UTC 2018: Updating status
Wed May 16 02:12:23 UTC 2018: Working
Wed May 16 02:12:25 UTC 2018: Start kimbj07__lotto test class common.util.DateUtilTest
Wed May 16 02:12:25 UTC 2018: Setting lastTestMethodIndex: 56704
Wed May 16 02:12:25 UTC 2018: Starting linking
Wed May 16 02:12:25 UTC 2018: No link for: common.util.DateUtilTest-testYYYY_MM_DD_PATTENN
Wed May 16 02:12:26 UTC 2018: Linking done for kimbj07__lotto test class common.util.DateUtilTest
Wed May 16 02:12:26 UTC 2018: Found element on the queue
Wed May 16 02:12:26 UTC 2018: Updating status
Wed May 16 02:12:26 UTC 2018: Working
Wed May 16 02:12:29 UTC 2018: Start kimbj07__lotto test class instame2.controller.Instame2ControllerTest
Wed May 16 02:12:29 UTC 2018: Setting lastTestMethodIndex: 56706
Wed May 16 02:12:29 UTC 2018: Starting linking
Wed May 16 02:12:29 UTC 2018: No link for: instame2.controller.Instame2ControllerTest-testSubscriptions
Wed May 16 02:12:29 UTC 2018: Linking done for kimbj07__lotto test class instame2.controller.Instame2ControllerTest
Wed May 16 02:12:29 UTC 2018: Found element on the queue
Wed May 16 02:12:29 UTC 2018: Updating status
Wed May 16 02:12:29 UTC 2018: Working
Wed May 16 02:12:32 UTC 2018: Start kimbj07__lotto test class statistics.util.StatisticsUtilTest
Wed May 16 02:12:32 UTC 2018: Setting lastTestMethodIndex: 56708
Wed May 16 02:12:32 UTC 2018: Starting linking
Wed May 16 02:12:32 UTC 2018: No link for: statistics.util.StatisticsUtilTest-test
Wed May 16 02:12:32 UTC 2018: Linking done for kimbj07__lotto test class statistics.util.StatisticsUtilTest
