Tue May 15 16:35:35 UTC 2018: Database:jdbc:mysql://localhost:3306/unittests
Tue May 15 16:35:35 UTC 2018: Starting
Tue May 15 16:35:36 UTC 2018: Found element on the queue
Tue May 15 16:35:36 UTC 2018: Updating status
Tue May 15 16:35:36 UTC 2018: Working
Tue May 15 16:35:36 UTC 2018: Create project parser
Tue May 15 16:35:42 UTC 2018: Create slicer
Tue May 15 16:35:44 UTC 2018: Create call graph
Tue May 15 16:35:48 UTC 2018: Create point analysis
Tue May 15 16:35:48 UTC 2018: Create call graph done
Tue May 15 16:35:48 UTC 2018: Start eungju__tokyotyrant-java test class tokyotyrant.helper.BufferHelperTest
Tue May 15 16:35:48 UTC 2018: Setting lastTestMethodIndex: 38520
Tue May 15 16:35:48 UTC 2018: Starting linking
Tue May 15 16:35:48 UTC 2018: Code found tokyotyrant.helper.BufferHelper-prefixedDataAvailable with tokyotyrant.helper.BufferHelperTest-prefixedDataAvailable
Tue May 15 16:35:48 UTC 2018: Linking done for eungju__tokyotyrant-java test class tokyotyrant.helper.BufferHelperTest
Tue May 15 16:35:49 UTC 2018: Found element on the queue
Tue May 15 16:35:49 UTC 2018: Updating status
Tue May 15 16:35:49 UTC 2018: Working
Tue May 15 16:35:51 UTC 2018: Start eungju__tokyotyrant-java test class tokyotyrant.helper.ByteArrayUtilsTest
Tue May 15 16:35:51 UTC 2018: Setting lastTestMethodIndex: 38522
Tue May 15 16:35:51 UTC 2018: Starting linking
Tue May 15 16:35:51 UTC 2018: Code found tokyotyrant.helper.ByteArrayUtils-indexOf with tokyotyrant.helper.ByteArrayUtilsTest-indexOf
Tue May 15 16:35:51 UTC 2018: Code found tokyotyrant.helper.ByteArrayUtils-split with tokyotyrant.helper.ByteArrayUtilsTest-split
Tue May 15 16:35:51 UTC 2018: Linking done for eungju__tokyotyrant-java test class tokyotyrant.helper.ByteArrayUtilsTest
Tue May 15 16:35:52 UTC 2018: Found element on the queue
Tue May 15 16:35:52 UTC 2018: Updating status
Tue May 15 16:35:52 UTC 2018: Working
Tue May 15 16:35:54 UTC 2018: Start eungju__tokyotyrant-java test class tokyotyrant.RegressionTest
Tue May 15 16:35:54 UTC 2018: Setting lastTestMethodIndex: 38523
Tue May 15 16:35:54 UTC 2018: Starting linking
Tue May 15 16:35:54 UTC 2018: No link for: tokyotyrant.RegressionTest-shouldNotOmitRequestsWithoutException
Tue May 15 16:35:54 UTC 2018: Linking done for eungju__tokyotyrant-java test class tokyotyrant.RegressionTest
Tue May 15 16:35:55 UTC 2018: Found element on the queue
Tue May 15 16:35:55 UTC 2018: Updating status
Tue May 15 16:35:55 UTC 2018: Working
Tue May 15 16:35:57 UTC 2018: Start eungju__tokyotyrant-java test class tokyotyrant.protocol.RnumTest
Tue May 15 16:35:57 UTC 2018: Setting lastTestMethodIndex: 38526
Tue May 15 16:35:57 UTC 2018: Starting linking
Tue May 15 16:35:57 UTC 2018: No link for: tokyotyrant.protocol.RnumTest-mrdb
Tue May 15 16:35:57 UTC 2018: No link for: tokyotyrant.protocol.RnumTest-protocol
Tue May 15 16:35:57 UTC 2018: No link for: tokyotyrant.protocol.RnumTest-rdb
Tue May 15 16:35:57 UTC 2018: Linking done for eungju__tokyotyrant-java test class tokyotyrant.protocol.RnumTest
Tue May 15 16:35:58 UTC 2018: Found element on the queue
Tue May 15 16:35:58 UTC 2018: Updating status
Tue May 15 16:35:58 UTC 2018: Working
Tue May 15 16:36:00 UTC 2018: Start eungju__tokyotyrant-java test class tokyotyrant.protocol.GetTest
Tue May 15 16:36:00 UTC 2018: Setting lastTestMethodIndex: 38527
Tue May 15 16:36:00 UTC 2018: Starting linking
Tue May 15 16:36:00 UTC 2018: No link for: tokyotyrant.protocol.GetTest-protocol
Tue May 15 16:36:00 UTC 2018: No link for: tokyotyrant.protocol.GetTest-rdb
Tue May 15 16:36:01 UTC 2018: No link for: tokyotyrant.protocol.GetTest-mrdb
Tue May 15 16:36:01 UTC 2018: Linking done for eungju__tokyotyrant-java test class tokyotyrant.protocol.GetTest
Tue May 15 16:36:01 UTC 2018: Found element on the queue
Tue May 15 16:36:01 UTC 2018: Updating status
Tue May 15 16:36:01 UTC 2018: Working
Tue May 15 16:36:04 UTC 2018: Start eungju__tokyotyrant-java test class tokyotyrant.protocol.AdddoubleTest
Tue May 15 16:36:04 UTC 2018: Setting lastTestMethodIndex: 38529
Tue May 15 16:36:04 UTC 2018: Starting linking
Tue May 15 16:36:04 UTC 2018: No link for: tokyotyrant.protocol.AdddoubleTest-protocol
Tue May 15 16:36:04 UTC 2018: No link for: tokyotyrant.protocol.AdddoubleTest-rdb
Tue May 15 16:36:04 UTC 2018: No link for: tokyotyrant.protocol.AdddoubleTest-mrdb
Tue May 15 16:36:04 UTC 2018: Linking done for eungju__tokyotyrant-java test class tokyotyrant.protocol.AdddoubleTest
Tue May 15 16:36:05 UTC 2018: Found element on the queue
Tue May 15 16:36:05 UTC 2018: Updating status
Tue May 15 16:36:05 UTC 2018: Working
Tue May 15 16:36:07 UTC 2018: Start eungju__tokyotyrant-java test class tokyotyrant.protocol.IterinitTest
Tue May 15 16:36:07 UTC 2018: Setting lastTestMethodIndex: 38531
Tue May 15 16:36:07 UTC 2018: Starting linking
Tue May 15 16:36:07 UTC 2018: No link for: tokyotyrant.protocol.IterinitTest-protocol
Tue May 15 16:36:07 UTC 2018: No link for: tokyotyrant.protocol.IterinitTest-rdb
Tue May 15 16:36:08 UTC 2018: Linking done for eungju__tokyotyrant-java test class tokyotyrant.protocol.IterinitTest
Tue May 15 16:36:08 UTC 2018: Found element on the queue
Tue May 15 16:36:08 UTC 2018: Updating status
Tue May 15 16:36:08 UTC 2018: Working
Tue May 15 16:36:11 UTC 2018: Start eungju__tokyotyrant-java test class tokyotyrant.protocol.ExtTest
Tue May 15 16:36:11 UTC 2018: Setting lastTestMethodIndex: 38533
Tue May 15 16:36:11 UTC 2018: Starting linking
Tue May 15 16:36:11 UTC 2018: No link for: tokyotyrant.protocol.ExtTest-mrdb
Tue May 15 16:36:11 UTC 2018: No link for: tokyotyrant.protocol.ExtTest-protocol
Tue May 15 16:36:11 UTC 2018: No link for: tokyotyrant.protocol.ExtTest-rdb
Tue May 15 16:36:11 UTC 2018: Linking done for eungju__tokyotyrant-java test class tokyotyrant.protocol.ExtTest
Tue May 15 16:36:12 UTC 2018: Found element on the queue
Tue May 15 16:36:12 UTC 2018: Updating status
Tue May 15 16:36:12 UTC 2018: Working
Tue May 15 16:36:14 UTC 2018: Start eungju__tokyotyrant-java test class tokyotyrant.protocol.PacketFormatTest
Tue May 15 16:36:14 UTC 2018: Setting lastTestMethodIndex: 38535
Tue May 15 16:36:14 UTC 2018: Starting linking
Tue May 15 16:36:14 UTC 2018: Code found tokyotyrant.protocol.PacketFormat-encode with tokyotyrant.protocol.PacketFormatTest-shouldNotEncodeUnsupportedType
Tue May 15 16:36:14 UTC 2018: Code found tokyotyrant.protocol.PacketFormat-encode with tokyotyrant.protocol.PacketFormatTest-shouldEncodeVariableSizeField
Tue May 15 16:36:14 UTC 2018: Code found tokyotyrant.protocol.PacketFormat-encode with tokyotyrant.protocol.PacketFormatTest-shouldEncodeStaticSizeField
Tue May 15 16:36:14 UTC 2018: Code found tokyotyrant.protocol.PacketFormat-decode with tokyotyrant.protocol.PacketFormatTest-shouldNotStopDecodeAfterCodeWhenSuccess
Tue May 15 16:36:15 UTC 2018: Code found tokyotyrant.protocol.PacketFormat-decode with tokyotyrant.protocol.PacketFormatTest-shouldNotStopDecodeAfterCode
Tue May 15 16:36:15 UTC 2018: Code found tokyotyrant.protocol.PacketFormat-decode with tokyotyrant.protocol.PacketFormatTest-shouldDecodeStaticSizeField
Tue May 15 16:36:15 UTC 2018: Code found tokyotyrant.protocol.PacketFormat-decode with tokyotyrant.protocol.PacketFormatTest-encodeAndDecodeByteArrays
Tue May 15 16:36:15 UTC 2018: Code found tokyotyrant.protocol.PacketFormat-decode with tokyotyrant.protocol.PacketFormatTest-encodeAndDecodeInt64s
Tue May 15 16:36:15 UTC 2018: Code found tokyotyrant.protocol.PacketFormat-decode with tokyotyrant.protocol.PacketFormatTest-encodeAndDecodeInt32s
Tue May 15 16:36:15 UTC 2018: Code found tokyotyrant.protocol.PacketFormat-decode with tokyotyrant.protocol.PacketFormatTest-shouldStopToDecodeAfterCodeWhenError
Tue May 15 16:36:15 UTC 2018: Code found tokyotyrant.protocol.PacketFormat-decode with tokyotyrant.protocol.PacketFormatTest-encodeAndDecodeInt8s
Tue May 15 16:36:16 UTC 2018: Code found tokyotyrant.protocol.PacketFormat-decode with tokyotyrant.protocol.PacketFormatTest-shouldDecodeVariableSizeField
Tue May 15 16:36:16 UTC 2018: Code found tokyotyrant.protocol.PacketFormat-decode with tokyotyrant.protocol.PacketFormatTest-shouldNotDecodeUnsupportedType
Tue May 15 16:36:16 UTC 2018: Linking done for eungju__tokyotyrant-java test class tokyotyrant.protocol.PacketFormatTest
Tue May 15 16:36:16 UTC 2018: Found element on the queue
Tue May 15 16:36:16 UTC 2018: Updating status
Tue May 15 16:36:16 UTC 2018: Working
Tue May 15 16:36:19 UTC 2018: Start eungju__tokyotyrant-java test class tokyotyrant.protocol.OutTest
Tue May 15 16:36:19 UTC 2018: Setting lastTestMethodIndex: 38538
Tue May 15 16:36:19 UTC 2018: Starting linking
Tue May 15 16:36:19 UTC 2018: No link for: tokyotyrant.protocol.OutTest-mrdb
Tue May 15 16:36:19 UTC 2018: No link for: tokyotyrant.protocol.OutTest-protocol
Tue May 15 16:36:19 UTC 2018: No link for: tokyotyrant.protocol.OutTest-rdb
Tue May 15 16:36:19 UTC 2018: Linking done for eungju__tokyotyrant-java test class tokyotyrant.protocol.OutTest
Tue May 15 16:36:20 UTC 2018: Found element on the queue
Tue May 15 16:36:20 UTC 2018: Updating status
Tue May 15 16:36:20 UTC 2018: Working
Tue May 15 16:36:22 UTC 2018: Start eungju__tokyotyrant-java test class tokyotyrant.protocol.VanishTest
Tue May 15 16:36:22 UTC 2018: Setting lastTestMethodIndex: 38540
Tue May 15 16:36:22 UTC 2018: Starting linking
Tue May 15 16:36:22 UTC 2018: No link for: tokyotyrant.protocol.VanishTest-rdb
Tue May 15 16:36:22 UTC 2018: No link for: tokyotyrant.protocol.VanishTest-protocol
Tue May 15 16:36:23 UTC 2018: No link for: tokyotyrant.protocol.VanishTest-mrdb
Tue May 15 16:36:23 UTC 2018: Linking done for eungju__tokyotyrant-java test class tokyotyrant.protocol.VanishTest
Tue May 15 16:36:23 UTC 2018: Found element on the queue
Tue May 15 16:36:23 UTC 2018: Updating status
Tue May 15 16:36:23 UTC 2018: Working
Tue May 15 16:36:26 UTC 2018: Start eungju__tokyotyrant-java test class tokyotyrant.protocol.PutkeepTest
Tue May 15 16:36:26 UTC 2018: Setting lastTestMethodIndex: 38542
Tue May 15 16:36:26 UTC 2018: Starting linking
Tue May 15 16:36:26 UTC 2018: No link for: tokyotyrant.protocol.PutkeepTest-protocol
Tue May 15 16:36:26 UTC 2018: No link for: tokyotyrant.protocol.PutkeepTest-rdb
Tue May 15 16:36:26 UTC 2018: No link for: tokyotyrant.protocol.PutkeepTest-mrdb
Tue May 15 16:36:26 UTC 2018: Linking done for eungju__tokyotyrant-java test class tokyotyrant.protocol.PutkeepTest
Tue May 15 16:36:27 UTC 2018: Found element on the queue
Tue May 15 16:36:27 UTC 2018: Updating status
Tue May 15 16:36:27 UTC 2018: Working
Tue May 15 16:36:29 UTC 2018: Start eungju__tokyotyrant-java test class tokyotyrant.protocol.RestoreTest
Tue May 15 16:36:29 UTC 2018: Setting lastTestMethodIndex: 38544
Tue May 15 16:36:29 UTC 2018: Starting linking
Tue May 15 16:36:29 UTC 2018: No link for: tokyotyrant.protocol.RestoreTest-protocol
Tue May 15 16:36:29 UTC 2018: No link for: tokyotyrant.protocol.RestoreTest-rdb
Tue May 15 16:36:29 UTC 2018: Linking done for eungju__tokyotyrant-java test class tokyotyrant.protocol.RestoreTest
Tue May 15 16:36:30 UTC 2018: Found element on the queue
Tue May 15 16:36:30 UTC 2018: Updating status
Tue May 15 16:36:30 UTC 2018: Working
Tue May 15 16:36:32 UTC 2018: Start eungju__tokyotyrant-java test class tokyotyrant.protocol.BinaryCommandSupportTest
Tue May 15 16:36:32 UTC 2018: Setting lastTestMethodIndex: 38546
Tue May 15 16:36:32 UTC 2018: Starting linking
Tue May 15 16:36:32 UTC 2018: Code found tokyotyrant.protocol.PingCommand-encodingContext with tokyotyrant.protocol.BinaryCommandSupportTest-encodingContextShouldContainMagicByDefault
Tue May 15 16:36:32 UTC 2018: Code found tokyotyrant.protocol.PingCommand-encode with tokyotyrant.protocol.BinaryCommandSupportTest-packBeforeEncodeToPacket
Tue May 15 16:36:32 UTC 2018: No link for: tokyotyrant.protocol.BinaryCommandSupportTest-doNotUnpackWhenPacketDecodingIsNotCompleted
Tue May 15 16:36:32 UTC 2018: No link for: tokyotyrant.protocol.BinaryCommandSupportTest-unpackWhenPacketDecodingIsCompleted
Tue May 15 16:36:33 UTC 2018: Linking done for eungju__tokyotyrant-java test class tokyotyrant.protocol.BinaryCommandSupportTest
Tue May 15 16:36:33 UTC 2018: Found element on the queue
Tue May 15 16:36:33 UTC 2018: Updating status
Tue May 15 16:36:33 UTC 2018: Working
Tue May 15 16:36:35 UTC 2018: Start eungju__tokyotyrant-java test class tokyotyrant.protocol.PutCommandSupportTest
Tue May 15 16:36:35 UTC 2018: Setting lastTestMethodIndex: 38547
Tue May 15 16:36:35 UTC 2018: Starting linking
Tue May 15 16:36:35 UTC 2018: Code found tokyotyrant.protocol.PutCommandSupport-decode with tokyotyrant.protocol.PutCommandSupportTest-decodeShouldNotBeCompletedWhenCodeIsNotGiven
Tue May 15 16:36:35 UTC 2018: Code found tokyotyrant.protocol.PutCommandSupport-encode with tokyotyrant.protocol.PutCommandSupportTest-encodeShouldBeSuccefulAlways
Tue May 15 16:36:35 UTC 2018: Code found tokyotyrant.protocol.PutCommandSupport-decode with tokyotyrant.protocol.PutCommandSupportTest-decodeShouldBeCompletedWhenCodeIsGiven
Tue May 15 16:36:36 UTC 2018: No link for: tokyotyrant.protocol.PutCommandSupportTest-returnValueShouldBeFalseWhenCodeIsNotZero
Tue May 15 16:36:36 UTC 2018: No link for: tokyotyrant.protocol.PutCommandSupportTest-returnValueShouldBeTrueWhenCodeIsZero
Tue May 15 16:36:36 UTC 2018: Linking done for eungju__tokyotyrant-java test class tokyotyrant.protocol.PutCommandSupportTest
Tue May 15 16:36:36 UTC 2018: Found element on the queue
Tue May 15 16:36:36 UTC 2018: Updating status
Tue May 15 16:36:36 UTC 2018: Working
Tue May 15 16:36:39 UTC 2018: Start eungju__tokyotyrant-java test class tokyotyrant.protocol.MgetTest
Tue May 15 16:36:39 UTC 2018: Setting lastTestMethodIndex: 38550
Tue May 15 16:36:39 UTC 2018: Starting linking
Tue May 15 16:36:39 UTC 2018: No link for: tokyotyrant.protocol.MgetTest-protocol
Tue May 15 16:36:39 UTC 2018: No link for: tokyotyrant.protocol.MgetTest-rdb
Tue May 15 16:36:39 UTC 2018: No link for: tokyotyrant.protocol.MgetTest-mrdb
Tue May 15 16:36:39 UTC 2018: Linking done for eungju__tokyotyrant-java test class tokyotyrant.protocol.MgetTest
Tue May 15 16:36:40 UTC 2018: Found element on the queue
Tue May 15 16:36:40 UTC 2018: Updating status
Tue May 15 16:36:40 UTC 2018: Working
Tue May 15 16:36:42 UTC 2018: Start eungju__tokyotyrant-java test class tokyotyrant.protocol.SizeTest
Tue May 15 16:36:42 UTC 2018: Setting lastTestMethodIndex: 38552
Tue May 15 16:36:42 UTC 2018: Starting linking
Tue May 15 16:36:42 UTC 2018: No link for: tokyotyrant.protocol.SizeTest-protocol
Tue May 15 16:36:42 UTC 2018: No link for: tokyotyrant.protocol.SizeTest-rdb
Tue May 15 16:36:42 UTC 2018: No link for: tokyotyrant.protocol.SizeTest-mrdb
Tue May 15 16:36:43 UTC 2018: Linking done for eungju__tokyotyrant-java test class tokyotyrant.protocol.SizeTest
Tue May 15 16:36:43 UTC 2018: Found element on the queue
Tue May 15 16:36:43 UTC 2018: Updating status
Tue May 15 16:36:43 UTC 2018: Working
Tue May 15 16:36:46 UTC 2018: Start eungju__tokyotyrant-java test class tokyotyrant.protocol.PutcatTest
Tue May 15 16:36:46 UTC 2018: Setting lastTestMethodIndex: 38553
Tue May 15 16:36:46 UTC 2018: Starting linking
Tue May 15 16:36:46 UTC 2018: No link for: tokyotyrant.protocol.PutcatTest-rdb
Tue May 15 16:36:46 UTC 2018: No link for: tokyotyrant.protocol.PutcatTest-protocol
Tue May 15 16:36:46 UTC 2018: No link for: tokyotyrant.protocol.PutcatTest-mrdb
Tue May 15 16:36:46 UTC 2018: Linking done for eungju__tokyotyrant-java test class tokyotyrant.protocol.PutcatTest
Tue May 15 16:36:47 UTC 2018: Found element on the queue
Tue May 15 16:36:47 UTC 2018: Updating status
Tue May 15 16:36:47 UTC 2018: Working
Tue May 15 16:36:49 UTC 2018: Start eungju__tokyotyrant-java test class tokyotyrant.protocol.IternextTest
Tue May 15 16:36:49 UTC 2018: Setting lastTestMethodIndex: 38555
Tue May 15 16:36:49 UTC 2018: Starting linking
Tue May 15 16:36:49 UTC 2018: No link for: tokyotyrant.protocol.IternextTest-iternext
Tue May 15 16:36:49 UTC 2018: No link for: tokyotyrant.protocol.IternextTest-rdb
Tue May 15 16:36:49 UTC 2018: Linking done for eungju__tokyotyrant-java test class tokyotyrant.protocol.IternextTest
Tue May 15 16:36:50 UTC 2018: Found element on the queue
Tue May 15 16:36:50 UTC 2018: Updating status
Tue May 15 16:36:50 UTC 2018: Working
Tue May 15 16:36:52 UTC 2018: Start eungju__tokyotyrant-java test class tokyotyrant.protocol.FwmkeysTest
Tue May 15 16:36:52 UTC 2018: Setting lastTestMethodIndex: 38557
Tue May 15 16:36:52 UTC 2018: Starting linking
Tue May 15 16:36:52 UTC 2018: No link for: tokyotyrant.protocol.FwmkeysTest-protocol
Tue May 15 16:36:52 UTC 2018: No link for: tokyotyrant.protocol.FwmkeysTest-rdb
Tue May 15 16:36:52 UTC 2018: No link for: tokyotyrant.protocol.FwmkeysTest-mrdb
Tue May 15 16:36:52 UTC 2018: Linking done for eungju__tokyotyrant-java test class tokyotyrant.protocol.FwmkeysTest
Tue May 15 16:36:53 UTC 2018: Found element on the queue
Tue May 15 16:36:53 UTC 2018: Updating status
Tue May 15 16:36:53 UTC 2018: Working
Tue May 15 16:36:55 UTC 2018: Start eungju__tokyotyrant-java test class tokyotyrant.protocol.CopyTest
Tue May 15 16:36:55 UTC 2018: Setting lastTestMethodIndex: 38559
Tue May 15 16:36:55 UTC 2018: Starting linking
Tue May 15 16:36:55 UTC 2018: No link for: tokyotyrant.protocol.CopyTest-rdb
Tue May 15 16:36:55 UTC 2018: No link for: tokyotyrant.protocol.CopyTest-protocol
Tue May 15 16:36:55 UTC 2018: Linking done for eungju__tokyotyrant-java test class tokyotyrant.protocol.CopyTest
Tue May 15 16:36:56 UTC 2018: Found element on the queue
Tue May 15 16:36:56 UTC 2018: Updating status
Tue May 15 16:36:56 UTC 2018: Working
Tue May 15 16:36:59 UTC 2018: Start eungju__tokyotyrant-java test class tokyotyrant.protocol.PutshlTest
Tue May 15 16:36:59 UTC 2018: Setting lastTestMethodIndex: 38561
Tue May 15 16:36:59 UTC 2018: Starting linking
Tue May 15 16:36:59 UTC 2018: No link for: tokyotyrant.protocol.PutshlTest-mrdb
Tue May 15 16:36:59 UTC 2018: No link for: tokyotyrant.protocol.PutshlTest-protocol
Tue May 15 16:36:59 UTC 2018: No link for: tokyotyrant.protocol.PutshlTest-rdb
Tue May 15 16:36:59 UTC 2018: Linking done for eungju__tokyotyrant-java test class tokyotyrant.protocol.PutshlTest
Tue May 15 16:37:00 UTC 2018: Found element on the queue
Tue May 15 16:37:00 UTC 2018: Updating status
Tue May 15 16:37:00 UTC 2018: Working
Tue May 15 16:37:02 UTC 2018: Start eungju__tokyotyrant-java test class tokyotyrant.protocol.MiscTest
Tue May 15 16:37:02 UTC 2018: Setting lastTestMethodIndex: 38563
Tue May 15 16:37:02 UTC 2018: Starting linking
Tue May 15 16:37:02 UTC 2018: No link for: tokyotyrant.protocol.MiscTest-protocol
Tue May 15 16:37:02 UTC 2018: Linking done for eungju__tokyotyrant-java test class tokyotyrant.protocol.MiscTest
Tue May 15 16:37:03 UTC 2018: Found element on the queue
Tue May 15 16:37:03 UTC 2018: Updating status
Tue May 15 16:37:03 UTC 2018: Working
Tue May 15 16:37:05 UTC 2018: Start eungju__tokyotyrant-java test class tokyotyrant.protocol.CommandFutureTest
Tue May 15 16:37:05 UTC 2018: Setting lastTestMethodIndex: 38565
Tue May 15 16:37:05 UTC 2018: Starting linking
Tue May 15 16:37:05 UTC 2018: Code found tokyotyrant.protocol.PingCommand-error with tokyotyrant.protocol.CommandFutureTest-whenError
Tue May 15 16:37:05 UTC 2018: Code found tokyotyrant.protocol.PingCommand-complete with tokyotyrant.protocol.CommandFutureTest-whenComplete
Tue May 15 16:37:06 UTC 2018: No link for: tokyotyrant.protocol.CommandFutureTest-whenCancel
Tue May 15 16:37:06 UTC 2018: No link for: tokyotyrant.protocol.CommandFutureTest-getThrowsTimeoutExceptionWhenTimeoutExpired
Tue May 15 16:37:06 UTC 2018: Linking done for eungju__tokyotyrant-java test class tokyotyrant.protocol.CommandFutureTest
Tue May 15 16:37:06 UTC 2018: Found element on the queue
Tue May 15 16:37:06 UTC 2018: Updating status
Tue May 15 16:37:06 UTC 2018: Working
Tue May 15 16:37:09 UTC 2018: Start eungju__tokyotyrant-java test class tokyotyrant.protocol.SetmstTest
Tue May 15 16:37:09 UTC 2018: Setting lastTestMethodIndex: 38567
Tue May 15 16:37:09 UTC 2018: Starting linking
Tue May 15 16:37:09 UTC 2018: No link for: tokyotyrant.protocol.SetmstTest-rdb
Tue May 15 16:37:09 UTC 2018: No link for: tokyotyrant.protocol.SetmstTest-setmst
Tue May 15 16:37:09 UTC 2018: Linking done for eungju__tokyotyrant-java test class tokyotyrant.protocol.SetmstTest
Tue May 15 16:37:10 UTC 2018: Found element on the queue
Tue May 15 16:37:10 UTC 2018: Updating status
Tue May 15 16:37:10 UTC 2018: Working
Tue May 15 16:37:12 UTC 2018: Start eungju__tokyotyrant-java test class tokyotyrant.protocol.OptimizeTest
Tue May 15 16:37:12 UTC 2018: Setting lastTestMethodIndex: 38569
Tue May 15 16:37:12 UTC 2018: Starting linking
Tue May 15 16:37:12 UTC 2018: No link for: tokyotyrant.protocol.OptimizeTest-protocol
Tue May 15 16:37:12 UTC 2018: No link for: tokyotyrant.protocol.OptimizeTest-rdb
Tue May 15 16:37:12 UTC 2018: Linking done for eungju__tokyotyrant-java test class tokyotyrant.protocol.OptimizeTest
Tue May 15 16:37:13 UTC 2018: Found element on the queue
Tue May 15 16:37:13 UTC 2018: Updating status
Tue May 15 16:37:13 UTC 2018: Working
Tue May 15 16:37:15 UTC 2018: Start eungju__tokyotyrant-java test class tokyotyrant.protocol.AddintTest
Tue May 15 16:37:15 UTC 2018: Setting lastTestMethodIndex: 38570
Tue May 15 16:37:15 UTC 2018: Starting linking
Tue May 15 16:37:15 UTC 2018: No link for: tokyotyrant.protocol.AddintTest-mrdb
Tue May 15 16:37:16 UTC 2018: No link for: tokyotyrant.protocol.AddintTest-protocol
Tue May 15 16:37:16 UTC 2018: No link for: tokyotyrant.protocol.AddintTest-rdb
Tue May 15 16:37:16 UTC 2018: Linking done for eungju__tokyotyrant-java test class tokyotyrant.protocol.AddintTest
Tue May 15 16:37:16 UTC 2018: Found element on the queue
Tue May 15 16:37:16 UTC 2018: Updating status
Tue May 15 16:37:16 UTC 2018: Working
Tue May 15 16:37:19 UTC 2018: Start eungju__tokyotyrant-java test class tokyotyrant.protocol.PutnrTest
Tue May 15 16:37:19 UTC 2018: Setting lastTestMethodIndex: 38572
Tue May 15 16:37:19 UTC 2018: Starting linking
Tue May 15 16:37:19 UTC 2018: No link for: tokyotyrant.protocol.PutnrTest-mrdb
Tue May 15 16:37:19 UTC 2018: No link for: tokyotyrant.protocol.PutnrTest-rdb
Tue May 15 16:37:19 UTC 2018: No link for: tokyotyrant.protocol.PutnrTest-protocol
Tue May 15 16:37:19 UTC 2018: Linking done for eungju__tokyotyrant-java test class tokyotyrant.protocol.PutnrTest
Tue May 15 16:37:20 UTC 2018: Found element on the queue
Tue May 15 16:37:20 UTC 2018: Updating status
Tue May 15 16:37:20 UTC 2018: Working
Tue May 15 16:37:22 UTC 2018: Start eungju__tokyotyrant-java test class tokyotyrant.protocol.VsizTest
Tue May 15 16:37:22 UTC 2018: Setting lastTestMethodIndex: 38574
Tue May 15 16:37:22 UTC 2018: Starting linking
Tue May 15 16:37:22 UTC 2018: No link for: tokyotyrant.protocol.VsizTest-protocol
Tue May 15 16:37:22 UTC 2018: No link for: tokyotyrant.protocol.VsizTest-rdb
Tue May 15 16:37:22 UTC 2018: No link for: tokyotyrant.protocol.VsizTest-mrdb
Tue May 15 16:37:22 UTC 2018: Linking done for eungju__tokyotyrant-java test class tokyotyrant.protocol.VsizTest
Tue May 15 16:37:23 UTC 2018: Found element on the queue
Tue May 15 16:37:23 UTC 2018: Updating status
Tue May 15 16:37:23 UTC 2018: Working
Tue May 15 16:37:25 UTC 2018: Start eungju__tokyotyrant-java test class tokyotyrant.protocol.SyncTest
Tue May 15 16:37:25 UTC 2018: Setting lastTestMethodIndex: 38576
Tue May 15 16:37:25 UTC 2018: Starting linking
Tue May 15 16:37:25 UTC 2018: No link for: tokyotyrant.protocol.SyncTest-protocol
Tue May 15 16:37:25 UTC 2018: No link for: tokyotyrant.protocol.SyncTest-mrdb
Tue May 15 16:37:26 UTC 2018: No link for: tokyotyrant.protocol.SyncTest-rdb
Tue May 15 16:37:26 UTC 2018: Linking done for eungju__tokyotyrant-java test class tokyotyrant.protocol.SyncTest
Tue May 15 16:37:26 UTC 2018: Found element on the queue
Tue May 15 16:37:26 UTC 2018: Updating status
Tue May 15 16:37:26 UTC 2018: Working
Tue May 15 16:37:29 UTC 2018: Start eungju__tokyotyrant-java test class tokyotyrant.protocol.StatTest
Tue May 15 16:37:29 UTC 2018: Setting lastTestMethodIndex: 38579
Tue May 15 16:37:29 UTC 2018: Starting linking
Tue May 15 16:37:29 UTC 2018: No link for: tokyotyrant.protocol.StatTest-mrdb
Tue May 15 16:37:29 UTC 2018: No link for: tokyotyrant.protocol.StatTest-protocol
Tue May 15 16:37:29 UTC 2018: No link for: tokyotyrant.protocol.StatTest-rdb
Tue May 15 16:37:29 UTC 2018: Linking done for eungju__tokyotyrant-java test class tokyotyrant.protocol.StatTest
Tue May 15 16:37:29 UTC 2018: Found element on the queue
Tue May 15 16:37:29 UTC 2018: Updating status
Tue May 15 16:37:29 UTC 2018: Working
Tue May 15 16:37:32 UTC 2018: Start eungju__tokyotyrant-java test class tokyotyrant.protocol.PutTest
Tue May 15 16:37:32 UTC 2018: Setting lastTestMethodIndex: 38580
Tue May 15 16:37:32 UTC 2018: Starting linking
Tue May 15 16:37:32 UTC 2018: No link for: tokyotyrant.protocol.PutTest-rdb
Tue May 15 16:37:32 UTC 2018: No link for: tokyotyrant.protocol.PutTest-mrdb
Tue May 15 16:37:32 UTC 2018: No link for: tokyotyrant.protocol.PutTest-protocol
Tue May 15 16:37:32 UTC 2018: Linking done for eungju__tokyotyrant-java test class tokyotyrant.protocol.PutTest
Tue May 15 16:37:33 UTC 2018: Found element on the queue
Tue May 15 16:37:33 UTC 2018: Updating status
Tue May 15 16:37:33 UTC 2018: Working
Tue May 15 16:37:36 UTC 2018: Start eungju__tokyotyrant-java test class tokyotyrant.RDBTest
Tue May 15 16:37:36 UTC 2018: Setting lastTestMethodIndex: 38581
Tue May 15 16:37:36 UTC 2018: Starting linking
Tue May 15 16:37:36 UTC 2018: Code found tokyotyrant.RDB-execute with tokyotyrant.RDBTest-executesCommands
Tue May 15 16:37:36 UTC 2018: No link for: tokyotyrant.RDBTest-hasKeyTranscoderAndTheDefaultIsStringTranscoder
Tue May 15 16:37:36 UTC 2018: No link for: tokyotyrant.RDBTest-hasKeyTranscoderWhichIsChangeable
Tue May 15 16:37:36 UTC 2018: No link for: tokyotyrant.RDBTest-hasValueTranscoderAndTheDefaultIsStringTranscoder
Tue May 15 16:37:36 UTC 2018: No link for: tokyotyrant.RDBTest-hasValueTranscoderWhichIsChangeable
Tue May 15 16:37:37 UTC 2018: Linking done for eungju__tokyotyrant-java test class tokyotyrant.RDBTest
Tue May 15 16:37:37 UTC 2018: Found element on the queue
Tue May 15 16:37:37 UTC 2018: Updating status
Tue May 15 16:37:37 UTC 2018: Working
Tue May 15 16:37:40 UTC 2018: Start eungju__tokyotyrant-java test class tokyotyrant.transcoder.ByteArrayTranscoderTest
Tue May 15 16:37:40 UTC 2018: Setting lastTestMethodIndex: 38583
Tue May 15 16:37:40 UTC 2018: Starting linking
Tue May 15 16:37:40 UTC 2018: Code found tokyotyrant.transcoder.ByteArrayTranscoder-encode with tokyotyrant.transcoder.ByteArrayTranscoderTest-encode
Tue May 15 16:37:40 UTC 2018: Code found tokyotyrant.transcoder.ByteArrayTranscoder-decode with tokyotyrant.transcoder.ByteArrayTranscoderTest-decode
Tue May 15 16:37:40 UTC 2018: Linking done for eungju__tokyotyrant-java test class tokyotyrant.transcoder.ByteArrayTranscoderTest
Tue May 15 16:37:41 UTC 2018: Found element on the queue
Tue May 15 16:37:41 UTC 2018: Updating status
Tue May 15 16:37:41 UTC 2018: Working
Tue May 15 16:37:43 UTC 2018: Start eungju__tokyotyrant-java test class tokyotyrant.transcoder.FloatTranscoderTest
Tue May 15 16:37:43 UTC 2018: Setting lastTestMethodIndex: 38585
Tue May 15 16:37:43 UTC 2018: Starting linking
Tue May 15 16:37:43 UTC 2018: Code found tokyotyrant.transcoder.FloatTranscoder-decode with tokyotyrant.transcoder.FloatTranscoderTest-decode
Tue May 15 16:37:43 UTC 2018: Code found tokyotyrant.transcoder.FloatTranscoder-encode with tokyotyrant.transcoder.FloatTranscoderTest-encode
Tue May 15 16:37:43 UTC 2018: Code found tokyotyrant.transcoder.FloatTranscoder-decode with tokyotyrant.transcoder.FloatTranscoderTest-shouldNotDecodeInvalid
Tue May 15 16:37:43 UTC 2018: Linking done for eungju__tokyotyrant-java test class tokyotyrant.transcoder.FloatTranscoderTest
Tue May 15 16:37:44 UTC 2018: Found element on the queue
Tue May 15 16:37:44 UTC 2018: Updating status
Tue May 15 16:37:44 UTC 2018: Working
Tue May 15 16:37:46 UTC 2018: Start eungju__tokyotyrant-java test class tokyotyrant.transcoder.DoubleTranscoderTest
Tue May 15 16:37:46 UTC 2018: Setting lastTestMethodIndex: 38587
Tue May 15 16:37:46 UTC 2018: Starting linking
Tue May 15 16:37:46 UTC 2018: Code found tokyotyrant.transcoder.DoubleTranscoder-decode with tokyotyrant.transcoder.DoubleTranscoderTest-decode
Tue May 15 16:37:47 UTC 2018: Code found tokyotyrant.transcoder.DoubleTranscoder-encode with tokyotyrant.transcoder.DoubleTranscoderTest-encode
Tue May 15 16:37:47 UTC 2018: Code found tokyotyrant.transcoder.DoubleTranscoder-decode with tokyotyrant.transcoder.DoubleTranscoderTest-shouldNotDecodeInvalid
Tue May 15 16:37:47 UTC 2018: Linking done for eungju__tokyotyrant-java test class tokyotyrant.transcoder.DoubleTranscoderTest
Tue May 15 16:37:47 UTC 2018: Found element on the queue
Tue May 15 16:37:47 UTC 2018: Updating status
Tue May 15 16:37:47 UTC 2018: Working
Tue May 15 16:37:50 UTC 2018: Start eungju__tokyotyrant-java test class tokyotyrant.transcoder.ByteTranscoderTest
Tue May 15 16:37:50 UTC 2018: Setting lastTestMethodIndex: 38589
Tue May 15 16:37:50 UTC 2018: Starting linking
Tue May 15 16:37:50 UTC 2018: Code found tokyotyrant.transcoder.ByteTranscoder-encode with tokyotyrant.transcoder.ByteTranscoderTest-encode
Tue May 15 16:37:50 UTC 2018: Code found tokyotyrant.transcoder.ByteTranscoder-decode with tokyotyrant.transcoder.ByteTranscoderTest-shouldNotDecodeInvalid
Tue May 15 16:37:50 UTC 2018: Code found tokyotyrant.transcoder.ByteTranscoder-decode with tokyotyrant.transcoder.ByteTranscoderTest-decode
Tue May 15 16:37:50 UTC 2018: Linking done for eungju__tokyotyrant-java test class tokyotyrant.transcoder.ByteTranscoderTest
Tue May 15 16:37:51 UTC 2018: Found element on the queue
Tue May 15 16:37:51 UTC 2018: Updating status
Tue May 15 16:37:51 UTC 2018: Working
Tue May 15 16:37:53 UTC 2018: Start eungju__tokyotyrant-java test class tokyotyrant.transcoder.LongTranscoderTest
Tue May 15 16:37:53 UTC 2018: Setting lastTestMethodIndex: 38591
Tue May 15 16:37:53 UTC 2018: Starting linking
Tue May 15 16:37:53 UTC 2018: Code found tokyotyrant.transcoder.LongTranscoder-decode with tokyotyrant.transcoder.LongTranscoderTest-shouldNotDecodeInvalid
Tue May 15 16:37:53 UTC 2018: Code found tokyotyrant.transcoder.LongTranscoder-encode with tokyotyrant.transcoder.LongTranscoderTest-encode
Tue May 15 16:37:53 UTC 2018: Code found tokyotyrant.transcoder.LongTranscoder-decode with tokyotyrant.transcoder.LongTranscoderTest-decode
Tue May 15 16:37:53 UTC 2018: Linking done for eungju__tokyotyrant-java test class tokyotyrant.transcoder.LongTranscoderTest
Tue May 15 16:37:54 UTC 2018: Found element on the queue
Tue May 15 16:37:54 UTC 2018: Updating status
Tue May 15 16:37:54 UTC 2018: Working
Tue May 15 16:37:56 UTC 2018: Start eungju__tokyotyrant-java test class tokyotyrant.transcoder.SerializingTranscoderTest
Tue May 15 16:37:56 UTC 2018: Setting lastTestMethodIndex: 38593
Tue May 15 16:37:56 UTC 2018: Starting linking
Tue May 15 16:37:56 UTC 2018: No link for: tokyotyrant.transcoder.SerializingTranscoderTest-transcodeString
Tue May 15 16:37:56 UTC 2018: No link for: tokyotyrant.transcoder.SerializingTranscoderTest-transcodeDate
Tue May 15 16:37:57 UTC 2018: No link for: tokyotyrant.transcoder.SerializingTranscoderTest-transcodeByteArray
Tue May 15 16:37:57 UTC 2018: No link for: tokyotyrant.transcoder.SerializingTranscoderTest-transcodeBoolean
Tue May 15 16:37:57 UTC 2018: No link for: tokyotyrant.transcoder.SerializingTranscoderTest-shouldCompressionWhenExceedThreshold
Tue May 15 16:37:57 UTC 2018: No link for: tokyotyrant.transcoder.SerializingTranscoderTest-transcodeFloat
Tue May 15 16:37:57 UTC 2018: No link for: tokyotyrant.transcoder.SerializingTranscoderTest-transcodeSerializable
Tue May 15 16:37:57 UTC 2018: No link for: tokyotyrant.transcoder.SerializingTranscoderTest-transcodeLong
Tue May 15 16:37:58 UTC 2018: No link for: tokyotyrant.transcoder.SerializingTranscoderTest-shouldNotCompressWhenUnderThreshold
Tue May 15 16:37:58 UTC 2018: No link for: tokyotyrant.transcoder.SerializingTranscoderTest-transcodeInteger
Tue May 15 16:37:58 UTC 2018: No link for: tokyotyrant.transcoder.SerializingTranscoderTest-transcodeByte
Tue May 15 16:37:58 UTC 2018: No link for: tokyotyrant.transcoder.SerializingTranscoderTest-transcodeDouble
Tue May 15 16:37:58 UTC 2018: Linking done for eungju__tokyotyrant-java test class tokyotyrant.transcoder.SerializingTranscoderTest
Tue May 15 16:37:59 UTC 2018: Found element on the queue
Tue May 15 16:37:59 UTC 2018: Updating status
Tue May 15 16:37:59 UTC 2018: Working
Tue May 15 16:38:01 UTC 2018: Start eungju__tokyotyrant-java test class tokyotyrant.transcoder.StringTranscoderTest
Tue May 15 16:38:01 UTC 2018: Setting lastTestMethodIndex: 38595
Tue May 15 16:38:01 UTC 2018: Starting linking
Tue May 15 16:38:01 UTC 2018: Code found tokyotyrant.transcoder.StringTranscoder-encode with tokyotyrant.transcoder.StringTranscoderTest-encodeString
Tue May 15 16:38:01 UTC 2018: Code found tokyotyrant.transcoder.StringTranscoder-encode with tokyotyrant.transcoder.StringTranscoderTest-encodeInteger
Tue May 15 16:38:01 UTC 2018: Code found tokyotyrant.transcoder.StringTranscoder-decode with tokyotyrant.transcoder.StringTranscoderTest-decode
Tue May 15 16:38:01 UTC 2018: Linking done for eungju__tokyotyrant-java test class tokyotyrant.transcoder.StringTranscoderTest
Tue May 15 16:38:02 UTC 2018: Found element on the queue
Tue May 15 16:38:02 UTC 2018: Updating status
Tue May 15 16:38:02 UTC 2018: Working
Tue May 15 16:38:04 UTC 2018: Start eungju__tokyotyrant-java test class tokyotyrant.transcoder.IntegerTranscoderTest
Tue May 15 16:38:04 UTC 2018: Setting lastTestMethodIndex: 38596
Tue May 15 16:38:04 UTC 2018: Starting linking
Tue May 15 16:38:04 UTC 2018: Code found tokyotyrant.transcoder.IntegerTranscoder-decode with tokyotyrant.transcoder.IntegerTranscoderTest-shouldNotDecodeInvalid
Tue May 15 16:38:04 UTC 2018: Code found tokyotyrant.transcoder.IntegerTranscoder-decode with tokyotyrant.transcoder.IntegerTranscoderTest-decode
Tue May 15 16:38:05 UTC 2018: Code found tokyotyrant.transcoder.IntegerTranscoder-encode with tokyotyrant.transcoder.IntegerTranscoderTest-encode
Tue May 15 16:38:05 UTC 2018: Linking done for eungju__tokyotyrant-java test class tokyotyrant.transcoder.IntegerTranscoderTest
Tue May 15 16:38:05 UTC 2018: Found element on the queue
Tue May 15 16:38:05 UTC 2018: Updating status
Tue May 15 16:38:05 UTC 2018: Working
Tue May 15 16:38:07 UTC 2018: Start eungju__tokyotyrant-java test class tokyotyrant.transcoder.SerializableTranscoderTest
Tue May 15 16:38:07 UTC 2018: Setting lastTestMethodIndex: 38597
Tue May 15 16:38:07 UTC 2018: Starting linking
Tue May 15 16:38:08 UTC 2018: Code found tokyotyrant.transcoder.SerializableTranscoder-decode with tokyotyrant.transcoder.SerializableTranscoderTest-decode
Tue May 15 16:38:08 UTC 2018: Code found tokyotyrant.transcoder.SerializableTranscoder-encode with tokyotyrant.transcoder.SerializableTranscoderTest-encode
Tue May 15 16:38:08 UTC 2018: Linking done for eungju__tokyotyrant-java test class tokyotyrant.transcoder.SerializableTranscoderTest
Tue May 15 16:38:08 UTC 2018: Found element on the queue
Tue May 15 16:38:08 UTC 2018: Updating status
Tue May 15 16:38:08 UTC 2018: Working
Tue May 15 16:38:11 UTC 2018: Start eungju__tokyotyrant-java test class tokyotyrant.networking.ReconnectionMonitorTest
Tue May 15 16:38:11 UTC 2018: Setting lastTestMethodIndex: 38598
Tue May 15 16:38:11 UTC 2018: Starting linking
Tue May 15 16:38:11 UTC 2018: Code found tokyotyrant.networking.ReconnectionMonitor-reconnect with tokyotyrant.networking.ReconnectionMonitorTest-reconnect
Tue May 15 16:38:11 UTC 2018: Linking done for eungju__tokyotyrant-java test class tokyotyrant.networking.ReconnectionMonitorTest
Tue May 15 16:38:12 UTC 2018: Found element on the queue
Tue May 15 16:38:12 UTC 2018: Updating status
Tue May 15 16:38:12 UTC 2018: Working
Tue May 15 16:38:14 UTC 2018: Start eungju__tokyotyrant-java test class tokyotyrant.networking.ReconnectionsTest
Tue May 15 16:38:14 UTC 2018: Setting lastTestMethodIndex: 38600
Tue May 15 16:38:14 UTC 2018: Starting linking
Tue May 15 16:38:14 UTC 2018: Code found tokyotyrant.networking.Reconnections-backoff with tokyotyrant.networking.ReconnectionsTest-shouldBackoffExponentialy
Tue May 15 16:38:14 UTC 2018: Code found tokyotyrant.networking.Reconnections-reconnect with tokyotyrant.networking.ReconnectionsTest-reconnectFailedNodeAgain
Tue May 15 16:38:14 UTC 2018: Code found tokyotyrant.networking.Reconnections-reconnect with tokyotyrant.networking.ReconnectionsTest-reconnectShouldNotMissNode
Tue May 15 16:38:15 UTC 2018: Code found tokyotyrant.networking.Reconnections-backoff with tokyotyrant.networking.ReconnectionsTest-shouldNotBackoffLongerThanMaximum
Tue May 15 16:38:15 UTC 2018: Code found tokyotyrant.networking.Reconnections-reconnect with tokyotyrant.networking.ReconnectionsTest-reconnect
Tue May 15 16:38:15 UTC 2018: Code found tokyotyrant.networking.Reconnections-reconnectDelayed with tokyotyrant.networking.ReconnectionsTest-reconnectDelayedNodes
Tue May 15 16:38:15 UTC 2018: No link for: tokyotyrant.networking.ReconnectionsTest-delayIndefinitelyWhenEmpty
Tue May 15 16:38:15 UTC 2018: Linking done for eungju__tokyotyrant-java test class tokyotyrant.networking.ReconnectionsTest
Tue May 15 16:38:16 UTC 2018: Found element on the queue
Tue May 15 16:38:16 UTC 2018: Updating status
Tue May 15 16:38:16 UTC 2018: Working
Tue May 15 16:38:18 UTC 2018: Start eungju__tokyotyrant-java test class tokyotyrant.networking.AbstractNetworkingTest
Tue May 15 16:38:18 UTC 2018: Setting lastTestMethodIndex: 38602
Tue May 15 16:38:18 UTC 2018: Starting linking
Tue May 15 16:38:18 UTC 2018: Code found tokyotyrant.networking.AbstractNetworking-send with tokyotyrant.networking.AbstractNetworkingTest-sendCommandToSpecifiedNode
Tue May 15 16:38:18 UTC 2018: Code found tokyotyrant.networking.AbstractNetworking-disconnectAllNodes with tokyotyrant.networking.AbstractNetworkingTest-disconnectAllNodes
Tue May 15 16:38:19 UTC 2018: Code found tokyotyrant.networking.AbstractNetworking-connectAllNodes with tokyotyrant.networking.AbstractNetworkingTest-connectAllNodes
Tue May 15 16:38:19 UTC 2018: Code found tokyotyrant.networking.AbstractNetworking-send with tokyotyrant.networking.AbstractNetworkingTest-sendCommandToRecommendedNode
Tue May 15 16:38:19 UTC 2018: Code found tokyotyrant.networking.AbstractNetworking-connectAllNodes with tokyotyrant.networking.AbstractNetworkingTest-connectAllNodesAndReconnectFailedNodeLater
Tue May 15 16:38:19 UTC 2018: Linking done for eungju__tokyotyrant-java test class tokyotyrant.networking.AbstractNetworkingTest
Tue May 15 16:38:19 UTC 2018: Found element on the queue
Tue May 15 16:38:19 UTC 2018: Updating status
Tue May 15 16:38:19 UTC 2018: Working
Tue May 15 16:38:22 UTC 2018: Start eungju__tokyotyrant-java test class tokyotyrant.networking.RoundRobinNodeLocatorTest
Tue May 15 16:38:22 UTC 2018: Setting lastTestMethodIndex: 38604
Tue May 15 16:38:22 UTC 2018: Starting linking
Tue May 15 16:38:22 UTC 2018: Code found tokyotyrant.networking.RoundRobinNodeLocator-getSequence with tokyotyrant.networking.RoundRobinNodeLocatorTest-getSequence
Tue May 15 16:38:22 UTC 2018: No link for: tokyotyrant.networking.RoundRobinNodeLocatorTest-sequenceIsImmutable
Tue May 15 16:38:22 UTC 2018: Linking done for eungju__tokyotyrant-java test class tokyotyrant.networking.RoundRobinNodeLocatorTest
Tue May 15 16:38:22 UTC 2018: Found element on the queue
Tue May 15 16:38:22 UTC 2018: Updating status
Tue May 15 16:38:22 UTC 2018: Working
Tue May 15 16:38:25 UTC 2018: Start eungju__tokyotyrant-java test class tokyotyrant.networking.NodeSelectorTest
Tue May 15 16:38:25 UTC 2018: Setting lastTestMethodIndex: 38605
Tue May 15 16:38:25 UTC 2018: Starting linking
Tue May 15 16:38:25 UTC 2018: Code found tokyotyrant.networking.NodeSelector-select with tokyotyrant.networking.NodeSelectorTest-selectPrimaryIfAllBackupsAreNotActive
Tue May 15 16:38:25 UTC 2018: Code found tokyotyrant.networking.NodeSelector-select with tokyotyrant.networking.NodeSelectorTest-selectPrimaryIfItIsActive
Tue May 15 16:38:25 UTC 2018: Code found tokyotyrant.networking.NodeSelector-select with tokyotyrant.networking.NodeSelectorTest-selectBackupIfThePrimaryIsNotActive
Tue May 15 16:38:25 UTC 2018: Linking done for eungju__tokyotyrant-java test class tokyotyrant.networking.NodeSelectorTest
Tue May 15 16:38:26 UTC 2018: Found element on the queue
Tue May 15 16:38:26 UTC 2018: Updating status
Tue May 15 16:38:26 UTC 2018: Working
Tue May 15 16:38:28 UTC 2018: Start eungju__tokyotyrant-java test class tokyotyrant.networking.NodeAddressTest
Tue May 15 16:38:28 UTC 2018: Setting lastTestMethodIndex: 38607
Tue May 15 16:38:28 UTC 2018: Starting linking
Tue May 15 16:38:28 UTC 2018: Code found tokyotyrant.networking.NodeAddress-readOnly with tokyotyrant.networking.NodeAddressTest-readOnlyOption
Tue May 15 16:38:28 UTC 2018: Code found tokyotyrant.networking.NodeAddress-bufferCapacity with tokyotyrant.networking.NodeAddressTest-bufferCapacityOption
Tue May 15 16:38:28 UTC 2018: Code found tokyotyrant.networking.NodeAddress-socketAddress with tokyotyrant.networking.NodeAddressTest-socketAddress
Tue May 15 16:38:28 UTC 2018: Code found tokyotyrant.networking.NodeAddress-timeout with tokyotyrant.networking.NodeAddressTest-timeout
Tue May 15 16:38:29 UTC 2018: Code found tokyotyrant.networking.NodeAddress-parameters with tokyotyrant.networking.NodeAddressTest-parameters
Tue May 15 16:38:29 UTC 2018: No link for: tokyotyrant.networking.NodeAddressTest-singleNode
Tue May 15 16:38:29 UTC 2018: No link for: tokyotyrant.networking.NodeAddressTest-multipleNodes
Tue May 15 16:38:29 UTC 2018: Linking done for eungju__tokyotyrant-java test class tokyotyrant.networking.NodeAddressTest
Tue May 15 16:38:29 UTC 2018: Found element on the queue
Tue May 15 16:38:29 UTC 2018: Updating status
Tue May 15 16:38:29 UTC 2018: Working
Tue May 15 16:38:32 UTC 2018: Start eungju__tokyotyrant-java test class tokyotyrant.networking.ActiveStandbyNodeLocatorTest
Tue May 15 16:38:32 UTC 2018: Setting lastTestMethodIndex: 38610
Tue May 15 16:38:32 UTC 2018: Starting linking
Tue May 15 16:38:32 UTC 2018: Code found tokyotyrant.networking.ActiveStandbyNodeLocator-getSequence with tokyotyrant.networking.ActiveStandbyNodeLocatorTest-getSequence
Tue May 15 16:38:32 UTC 2018: Linking done for eungju__tokyotyrant-java test class tokyotyrant.networking.ActiveStandbyNodeLocatorTest
Tue May 15 16:38:32 UTC 2018: Found element on the queue
Tue May 15 16:38:32 UTC 2018: Updating status
Tue May 15 16:38:33 UTC 2018: Working
Tue May 15 16:38:35 UTC 2018: Start eungju__tokyotyrant-java test class tokyotyrant.networking.nio.NioNodeTest
Tue May 15 16:38:35 UTC 2018: Setting lastTestMethodIndex: 38612
Tue May 15 16:38:35 UTC 2018: Starting linking
Tue May 15 16:38:35 UTC 2018: Code found tokyotyrant.networking.nio.NioNode-handleWrite with tokyotyrant.networking.nio.NioNodeTest-handleWrite
Tue May 15 16:38:35 UTC 2018: Code found tokyotyrant.networking.nio.NioNode-handleConnect with tokyotyrant.networking.nio.NioNodeTest-handleConnect
Tue May 15 16:38:35 UTC 2018: Code found tokyotyrant.networking.nio.NioNode-handleRead with tokyotyrant.networking.nio.NioNodeTest-handleRead
Tue May 15 16:38:35 UTC 2018: Linking done for eungju__tokyotyrant-java test class tokyotyrant.networking.nio.NioNodeTest
Tue May 15 16:38:36 UTC 2018: Found element on the queue
Tue May 15 16:38:36 UTC 2018: Updating status
Tue May 15 16:38:36 UTC 2018: Working
Tue May 15 16:38:38 UTC 2018: Start eungju__tokyotyrant-java test class tokyotyrant.networking.nio.OutgoingTest
Tue May 15 16:38:38 UTC 2018: Setting lastTestMethodIndex: 38614
Tue May 15 16:38:38 UTC 2018: Starting linking
Tue May 15 16:38:38 UTC 2018: Code found tokyotyrant.networking.nio.Outgoing-forgetBuffered with tokyotyrant.networking.nio.OutgoingTest-forgetBuffered
Tue May 15 16:38:39 UTC 2018: Code found tokyotyrant.networking.nio.Outgoing-write with tokyotyrant.networking.nio.OutgoingTest-write
Tue May 15 16:38:39 UTC 2018: No link for: tokyotyrant.networking.nio.OutgoingTest-fillOutgoingBufferWithOneCommand
Tue May 15 16:38:39 UTC 2018: Linking done for eungju__tokyotyrant-java test class tokyotyrant.networking.nio.OutgoingTest
