Tue May 15 15:14:35 UTC 2018: Database:jdbc:mysql://localhost:3306/unittests
Tue May 15 15:14:35 UTC 2018: Starting
Tue May 15 15:14:36 UTC 2018: Found element on the queue
Tue May 15 15:14:36 UTC 2018: Updating status
Tue May 15 15:14:36 UTC 2018: Working
Tue May 15 15:14:36 UTC 2018: Create project parser
Tue May 15 15:14:41 UTC 2018: Create slicer
Tue May 15 15:14:43 UTC 2018: Create call graph
Tue May 15 15:14:45 UTC 2018: Create point analysis
Tue May 15 15:14:45 UTC 2018: Create call graph done
Tue May 15 15:14:45 UTC 2018: Start disassemble-io__asm-framework-full test class ParallelismTest
Tue May 15 15:14:45 UTC 2018: Setting lastTestMethodIndex: 36278
Tue May 15 15:14:45 UTC 2018: Starting linking
Tue May 15 15:14:45 UTC 2018: No link for: ParallelismTest-test
Tue May 15 15:14:45 UTC 2018: Linking done for disassemble-io__asm-framework-full test class ParallelismTest
Tue May 15 15:14:45 UTC 2018: Found element on the queue
Tue May 15 15:14:45 UTC 2018: Updating status
Tue May 15 15:14:45 UTC 2018: Working
Tue May 15 15:14:48 UTC 2018: Start disassemble-io__asm-framework-full test class NanoPatternTest
Tue May 15 15:14:48 UTC 2018: Setting lastTestMethodIndex: 36279
Tue May 15 15:14:48 UTC 2018: Starting linking
Tue May 15 15:14:48 UTC 2018: No link for: NanoPatternTest-test
Tue May 15 15:14:48 UTC 2018: Linking done for disassemble-io__asm-framework-full test class NanoPatternTest
