Wed May 16 04:28:31 UTC 2018: Database:jdbc:mysql://localhost:3306/unittests
Wed May 16 04:28:31 UTC 2018: Starting
Wed May 16 04:28:31 UTC 2018: Found element on the queue
Wed May 16 04:28:31 UTC 2018: Updating status
Wed May 16 04:28:31 UTC 2018: Working
Wed May 16 04:28:31 UTC 2018: Create project parser
Wed May 16 04:28:38 UTC 2018: Create slicer
Wed May 16 04:28:40 UTC 2018: Create call graph
Wed May 16 04:28:43 UTC 2018: Create point analysis
Wed May 16 04:28:43 UTC 2018: Create call graph done
Wed May 16 04:28:43 UTC 2018: Start logstash__logstash-logback-encoder test class net.logstash.logback.composite.loggingevent.ArgumentsJsonProviderTest
Wed May 16 04:28:43 UTC 2018: Setting lastTestMethodIndex: 61610
Wed May 16 04:28:43 UTC 2018: Starting linking
Wed May 16 04:28:43 UTC 2018: Linking done for logstash__logstash-logback-encoder test class net.logstash.logback.composite.loggingevent.ArgumentsJsonProviderTest
Wed May 16 04:28:43 UTC 2018: Found element on the queue
Wed May 16 04:28:43 UTC 2018: Updating status
Wed May 16 04:28:43 UTC 2018: Working
Wed May 16 04:28:46 UTC 2018: Start logstash__logstash-logback-encoder test class net.logstash.logback.composite.loggingevent.TagsJsonProviderTest
Wed May 16 04:28:46 UTC 2018: Setting lastTestMethodIndex: 61613
Wed May 16 04:28:46 UTC 2018: Starting linking
Wed May 16 04:28:46 UTC 2018: No link for: net.logstash.logback.composite.loggingevent.TagsJsonProviderTest-testFieldName
Wed May 16 04:28:46 UTC 2018: No link for: net.logstash.logback.composite.loggingevent.TagsJsonProviderTest-testDefaultName
Wed May 16 04:28:47 UTC 2018: No link for: net.logstash.logback.composite.loggingevent.TagsJsonProviderTest-testFieldNames
Wed May 16 04:28:47 UTC 2018: Linking done for logstash__logstash-logback-encoder test class net.logstash.logback.composite.loggingevent.TagsJsonProviderTest
Wed May 16 04:28:48 UTC 2018: Found element on the queue
Wed May 16 04:28:48 UTC 2018: Updating status
Wed May 16 04:28:48 UTC 2018: Working
Wed May 16 04:28:50 UTC 2018: Start logstash__logstash-logback-encoder test class net.logstash.logback.composite.loggingevent.ThrowableClassNameJsonProviderTest
Wed May 16 04:28:50 UTC 2018: Setting lastTestMethodIndex: 61616
Wed May 16 04:28:50 UTC 2018: Starting linking
Wed May 16 04:28:50 UTC 2018: No link for: net.logstash.logback.composite.loggingevent.ThrowableClassNameJsonProviderTest-testNoThrowable
Wed May 16 04:28:50 UTC 2018: No link for: net.logstash.logback.composite.loggingevent.ThrowableClassNameJsonProviderTest-testFieldName
Wed May 16 04:28:51 UTC 2018: No link for: net.logstash.logback.composite.loggingevent.ThrowableClassNameJsonProviderTest-testFieldNameWithNestedException
Wed May 16 04:28:51 UTC 2018: No link for: net.logstash.logback.composite.loggingevent.ThrowableClassNameJsonProviderTest-testUseFullClassName
Wed May 16 04:28:52 UTC 2018: Linking done for logstash__logstash-logback-encoder test class net.logstash.logback.composite.loggingevent.ThrowableClassNameJsonProviderTest
Wed May 16 04:28:52 UTC 2018: Found element on the queue
Wed May 16 04:28:52 UTC 2018: Updating status
Wed May 16 04:28:52 UTC 2018: Working
Wed May 16 04:28:54 UTC 2018: Start logstash__logstash-logback-encoder test class net.logstash.logback.composite.loggingevent.LogLevelJsonProviderTest
Wed May 16 04:28:54 UTC 2018: Setting lastTestMethodIndex: 61619
Wed May 16 04:28:54 UTC 2018: Starting linking
Wed May 16 04:28:54 UTC 2018: No link for: net.logstash.logback.composite.loggingevent.LogLevelJsonProviderTest-testDefaultName
Wed May 16 04:28:55 UTC 2018: No link for: net.logstash.logback.composite.loggingevent.LogLevelJsonProviderTest-testFieldNames
Wed May 16 04:28:55 UTC 2018: No link for: net.logstash.logback.composite.loggingevent.LogLevelJsonProviderTest-testFieldName
Wed May 16 04:28:56 UTC 2018: Linking done for logstash__logstash-logback-encoder test class net.logstash.logback.composite.loggingevent.LogLevelJsonProviderTest
Wed May 16 04:28:56 UTC 2018: Found element on the queue
Wed May 16 04:28:56 UTC 2018: Updating status
Wed May 16 04:28:56 UTC 2018: Working
Wed May 16 04:28:58 UTC 2018: Start logstash__logstash-logback-encoder test class net.logstash.logback.composite.loggingevent.LogLevelValueJsonProviderTest
Wed May 16 04:28:58 UTC 2018: Setting lastTestMethodIndex: 61623
Wed May 16 04:28:58 UTC 2018: Starting linking
Wed May 16 04:28:58 UTC 2018: No link for: net.logstash.logback.composite.loggingevent.LogLevelValueJsonProviderTest-testDefaultName
Wed May 16 04:28:59 UTC 2018: No link for: net.logstash.logback.composite.loggingevent.LogLevelValueJsonProviderTest-testFieldNames
Wed May 16 04:28:59 UTC 2018: No link for: net.logstash.logback.composite.loggingevent.LogLevelValueJsonProviderTest-testFieldName
Wed May 16 04:29:00 UTC 2018: Linking done for logstash__logstash-logback-encoder test class net.logstash.logback.composite.loggingevent.LogLevelValueJsonProviderTest
Wed May 16 04:29:00 UTC 2018: Found element on the queue
Wed May 16 04:29:00 UTC 2018: Updating status
Wed May 16 04:29:00 UTC 2018: Working
Wed May 16 04:29:02 UTC 2018: Start logstash__logstash-logback-encoder test class net.logstash.logback.composite.loggingevent.ThreadNameJsonProviderTest
Wed May 16 04:29:02 UTC 2018: Setting lastTestMethodIndex: 61625
Wed May 16 04:29:02 UTC 2018: Starting linking
Wed May 16 04:29:03 UTC 2018: No link for: net.logstash.logback.composite.loggingevent.ThreadNameJsonProviderTest-testFieldName
Wed May 16 04:29:03 UTC 2018: No link for: net.logstash.logback.composite.loggingevent.ThreadNameJsonProviderTest-testDefaultName
Wed May 16 04:29:03 UTC 2018: No link for: net.logstash.logback.composite.loggingevent.ThreadNameJsonProviderTest-testFieldNames
Wed May 16 04:29:04 UTC 2018: Linking done for logstash__logstash-logback-encoder test class net.logstash.logback.composite.loggingevent.ThreadNameJsonProviderTest
Wed May 16 04:29:04 UTC 2018: Found element on the queue
Wed May 16 04:29:04 UTC 2018: Updating status
Wed May 16 04:29:04 UTC 2018: Working
Wed May 16 04:29:07 UTC 2018: Start logstash__logstash-logback-encoder test class net.logstash.logback.composite.loggingevent.UuidProviderTest
Wed May 16 04:29:07 UTC 2018: Setting lastTestMethodIndex: 61628
Wed May 16 04:29:07 UTC 2018: Starting linking
Wed May 16 04:29:07 UTC 2018: No link for: net.logstash.logback.composite.loggingevent.UuidProviderTest-testStrategy
Wed May 16 04:29:07 UTC 2018: No link for: net.logstash.logback.composite.loggingevent.UuidProviderTest-testDefaultName
Wed May 16 04:29:07 UTC 2018: No link for: net.logstash.logback.composite.loggingevent.UuidProviderTest-testFieldName
Wed May 16 04:29:07 UTC 2018: No link for: net.logstash.logback.composite.loggingevent.UuidProviderTest-testEthernet
Wed May 16 04:29:08 UTC 2018: Linking done for logstash__logstash-logback-encoder test class net.logstash.logback.composite.loggingevent.UuidProviderTest
Wed May 16 04:29:08 UTC 2018: Found element on the queue
Wed May 16 04:29:08 UTC 2018: Updating status
Wed May 16 04:29:08 UTC 2018: Working
Wed May 16 04:29:11 UTC 2018: Start logstash__logstash-logback-encoder test class net.logstash.logback.composite.loggingevent.MessageJsonProviderTest
Wed May 16 04:29:11 UTC 2018: Setting lastTestMethodIndex: 61632
Wed May 16 04:29:11 UTC 2018: Starting linking
Wed May 16 04:29:11 UTC 2018: No link for: net.logstash.logback.composite.loggingevent.MessageJsonProviderTest-testFieldName
Wed May 16 04:29:11 UTC 2018: No link for: net.logstash.logback.composite.loggingevent.MessageJsonProviderTest-testDefaultName
Wed May 16 04:29:12 UTC 2018: No link for: net.logstash.logback.composite.loggingevent.MessageJsonProviderTest-testFieldNames
Wed May 16 04:29:12 UTC 2018: Linking done for logstash__logstash-logback-encoder test class net.logstash.logback.composite.loggingevent.MessageJsonProviderTest
Wed May 16 04:29:12 UTC 2018: Found element on the queue
Wed May 16 04:29:12 UTC 2018: Updating status
Wed May 16 04:29:12 UTC 2018: Working
Wed May 16 04:29:15 UTC 2018: Start logstash__logstash-logback-encoder test class net.logstash.logback.composite.loggingevent.LogstashMarkersJsonProviderTest
Wed May 16 04:29:15 UTC 2018: Setting lastTestMethodIndex: 61635
Wed May 16 04:29:15 UTC 2018: Starting linking
Wed May 16 04:29:15 UTC 2018: No link for: net.logstash.logback.composite.loggingevent.LogstashMarkersJsonProviderTest-test
Wed May 16 04:29:15 UTC 2018: Linking done for logstash__logstash-logback-encoder test class net.logstash.logback.composite.loggingevent.LogstashMarkersJsonProviderTest
Wed May 16 04:29:16 UTC 2018: Found element on the queue
Wed May 16 04:29:16 UTC 2018: Updating status
Wed May 16 04:29:16 UTC 2018: Working
Wed May 16 04:29:18 UTC 2018: Start logstash__logstash-logback-encoder test class net.logstash.logback.composite.loggingevent.ContextNameJsonProviderTest
Wed May 16 04:29:18 UTC 2018: Setting lastTestMethodIndex: 61638
Wed May 16 04:29:18 UTC 2018: Starting linking
Wed May 16 04:29:18 UTC 2018: No link for: net.logstash.logback.composite.loggingevent.ContextNameJsonProviderTest-testDefaultName
Wed May 16 04:29:19 UTC 2018: No link for: net.logstash.logback.composite.loggingevent.ContextNameJsonProviderTest-testFieldName
Wed May 16 04:29:19 UTC 2018: Linking done for logstash__logstash-logback-encoder test class net.logstash.logback.composite.loggingevent.ContextNameJsonProviderTest
Wed May 16 04:29:19 UTC 2018: Found element on the queue
Wed May 16 04:29:19 UTC 2018: Updating status
Wed May 16 04:29:19 UTC 2018: Working
Wed May 16 04:29:22 UTC 2018: Start logstash__logstash-logback-encoder test class net.logstash.logback.composite.GlobalCustomFieldsJsonProviderTest
Wed May 16 04:29:22 UTC 2018: Setting lastTestMethodIndex: 61641
Wed May 16 04:29:22 UTC 2018: Starting linking
Wed May 16 04:29:22 UTC 2018: No link for: net.logstash.logback.composite.GlobalCustomFieldsJsonProviderTest-test
Wed May 16 04:29:22 UTC 2018: Linking done for logstash__logstash-logback-encoder test class net.logstash.logback.composite.GlobalCustomFieldsJsonProviderTest
Wed May 16 04:29:23 UTC 2018: Found element on the queue
Wed May 16 04:29:23 UTC 2018: Updating status
Wed May 16 04:29:23 UTC 2018: Working
Wed May 16 04:29:25 UTC 2018: Start logstash__logstash-logback-encoder test class net.logstash.logback.composite.accessevent.AccessEventNestedJsonProviderTest
Wed May 16 04:29:25 UTC 2018: Setting lastTestMethodIndex: 61643
Wed May 16 04:29:25 UTC 2018: Starting linking
Wed May 16 04:29:25 UTC 2018: No link for: net.logstash.logback.composite.accessevent.AccessEventNestedJsonProviderTest-testWrite
Wed May 16 04:29:25 UTC 2018: Linking done for logstash__logstash-logback-encoder test class net.logstash.logback.composite.accessevent.AccessEventNestedJsonProviderTest
Wed May 16 04:29:26 UTC 2018: Found element on the queue
Wed May 16 04:29:26 UTC 2018: Updating status
Wed May 16 04:29:26 UTC 2018: Working
Wed May 16 04:29:28 UTC 2018: Start logstash__logstash-logback-encoder test class net.logstash.logback.composite.accessevent.ResponseHeadersJsonProviderTest
Wed May 16 04:29:28 UTC 2018: Setting lastTestMethodIndex: 61644
Wed May 16 04:29:28 UTC 2018: Starting linking
Wed May 16 04:29:28 UTC 2018: No link for: net.logstash.logback.composite.accessevent.ResponseHeadersJsonProviderTest-testNoFieldName
Wed May 16 04:29:29 UTC 2018: No link for: net.logstash.logback.composite.accessevent.ResponseHeadersJsonProviderTest-testFilter
Wed May 16 04:29:29 UTC 2018: No link for: net.logstash.logback.composite.accessevent.ResponseHeadersJsonProviderTest-testFieldNameWithLowerCase
Wed May 16 04:29:29 UTC 2018: No link for: net.logstash.logback.composite.accessevent.ResponseHeadersJsonProviderTest-testFieldName
Wed May 16 04:29:30 UTC 2018: Linking done for logstash__logstash-logback-encoder test class net.logstash.logback.composite.accessevent.ResponseHeadersJsonProviderTest
Wed May 16 04:29:30 UTC 2018: Found element on the queue
Wed May 16 04:29:30 UTC 2018: Updating status
Wed May 16 04:29:30 UTC 2018: Working
Wed May 16 04:29:33 UTC 2018: Start logstash__logstash-logback-encoder test class net.logstash.logback.composite.accessevent.RequestHeadersJsonProviderTest
Wed May 16 04:29:33 UTC 2018: Setting lastTestMethodIndex: 61646
Wed May 16 04:29:33 UTC 2018: Starting linking
Wed May 16 04:29:33 UTC 2018: No link for: net.logstash.logback.composite.accessevent.RequestHeadersJsonProviderTest-testFieldName
Wed May 16 04:29:33 UTC 2018: No link for: net.logstash.logback.composite.accessevent.RequestHeadersJsonProviderTest-testNoFieldName
Wed May 16 04:29:33 UTC 2018: No link for: net.logstash.logback.composite.accessevent.RequestHeadersJsonProviderTest-testFieldNameWithLowerCase
Wed May 16 04:29:34 UTC 2018: No link for: net.logstash.logback.composite.accessevent.RequestHeadersJsonProviderTest-testFilter
Wed May 16 04:29:34 UTC 2018: Linking done for logstash__logstash-logback-encoder test class net.logstash.logback.composite.accessevent.RequestHeadersJsonProviderTest
Wed May 16 04:29:34 UTC 2018: Found element on the queue
Wed May 16 04:29:34 UTC 2018: Updating status
Wed May 16 04:29:34 UTC 2018: Working
Wed May 16 04:29:37 UTC 2018: Start logstash__logstash-logback-encoder test class net.logstash.logback.composite.accessevent.IncludeExcludeHeaderFilterTest
Wed May 16 04:29:37 UTC 2018: Setting lastTestMethodIndex: 61648
Wed May 16 04:29:37 UTC 2018: Starting linking
Wed May 16 04:29:37 UTC 2018: No link for: net.logstash.logback.composite.accessevent.IncludeExcludeHeaderFilterTest-testEmpty
Wed May 16 04:29:37 UTC 2018: No link for: net.logstash.logback.composite.accessevent.IncludeExcludeHeaderFilterTest-testExcludeOnly
Wed May 16 04:29:38 UTC 2018: No link for: net.logstash.logback.composite.accessevent.IncludeExcludeHeaderFilterTest-testBoth
Wed May 16 04:29:38 UTC 2018: No link for: net.logstash.logback.composite.accessevent.IncludeExcludeHeaderFilterTest-testIncludeOnly
Wed May 16 04:29:38 UTC 2018: Linking done for logstash__logstash-logback-encoder test class net.logstash.logback.composite.accessevent.IncludeExcludeHeaderFilterTest
Wed May 16 04:29:39 UTC 2018: Found element on the queue
Wed May 16 04:29:39 UTC 2018: Updating status
Wed May 16 04:29:39 UTC 2018: Working
Wed May 16 04:29:41 UTC 2018: Start logstash__logstash-logback-encoder test class net.logstash.logback.composite.accessevent.AccessEventPatternJsonProviderTest
Wed May 16 04:29:41 UTC 2018: Setting lastTestMethodIndex: 61651
Wed May 16 04:29:41 UTC 2018: Starting linking
Wed May 16 04:29:41 UTC 2018: Linking done for logstash__logstash-logback-encoder test class net.logstash.logback.composite.accessevent.AccessEventPatternJsonProviderTest
Wed May 16 04:29:42 UTC 2018: Found element on the queue
Wed May 16 04:29:42 UTC 2018: Updating status
Wed May 16 04:29:42 UTC 2018: Working
Wed May 16 04:29:44 UTC 2018: Start logstash__logstash-logback-encoder test class net.logstash.logback.composite.LogstashVersionJsonProviderTest
Wed May 16 04:29:44 UTC 2018: Setting lastTestMethodIndex: 61654
Wed May 16 04:29:44 UTC 2018: Starting linking
Wed May 16 04:29:44 UTC 2018: No link for: net.logstash.logback.composite.LogstashVersionJsonProviderTest-testNonDefaultVersionAsString
Wed May 16 04:29:45 UTC 2018: No link for: net.logstash.logback.composite.LogstashVersionJsonProviderTest-testVersionAsNumeric
Wed May 16 04:29:45 UTC 2018: No link for: net.logstash.logback.composite.LogstashVersionJsonProviderTest-testNonDefaultVersionAsNumeric
Wed May 16 04:29:45 UTC 2018: No link for: net.logstash.logback.composite.LogstashVersionJsonProviderTest-testVersionAsString
Wed May 16 04:29:46 UTC 2018: No link for: net.logstash.logback.composite.LogstashVersionJsonProviderTest-testFieldNames
Wed May 16 04:29:46 UTC 2018: No link for: net.logstash.logback.composite.LogstashVersionJsonProviderTest-testFieldName
Wed May 16 04:29:46 UTC 2018: Linking done for logstash__logstash-logback-encoder test class net.logstash.logback.composite.LogstashVersionJsonProviderTest
Wed May 16 04:29:47 UTC 2018: Found element on the queue
Wed May 16 04:29:47 UTC 2018: Updating status
Wed May 16 04:29:47 UTC 2018: Working
Wed May 16 04:29:49 UTC 2018: Start logstash__logstash-logback-encoder test class net.logstash.logback.encoder.CompositeJsonEncoderTest
Wed May 16 04:29:49 UTC 2018: Setting lastTestMethodIndex: 61657
Wed May 16 04:29:49 UTC 2018: Starting linking
Wed May 16 04:29:49 UTC 2018: No link for: net.logstash.logback.encoder.CompositeJsonEncoderTest-testNoPrefixNoSuffix_logback11
Wed May 16 04:29:50 UTC 2018: No link for: net.logstash.logback.encoder.CompositeJsonEncoderTest-testPrefixAndSuffix_logback12OrLater
Wed May 16 04:29:50 UTC 2018: No link for: net.logstash.logback.encoder.CompositeJsonEncoderTest-testNoImmediateFlush_logback11
Wed May 16 04:29:50 UTC 2018: No link for: net.logstash.logback.encoder.CompositeJsonEncoderTest-testIOException_logback11
Wed May 16 04:29:50 UTC 2018: No link for: net.logstash.logback.encoder.CompositeJsonEncoderTest-testNoPrefixNoSuffix_logback12OrLater
Wed May 16 04:29:51 UTC 2018: No link for: net.logstash.logback.encoder.CompositeJsonEncoderTest-testLineEndings
Wed May 16 04:29:51 UTC 2018: No link for: net.logstash.logback.encoder.CompositeJsonEncoderTest-testIOException_logback12OrLater
Wed May 16 04:29:51 UTC 2018: No link for: net.logstash.logback.encoder.CompositeJsonEncoderTest-testPrefixAndSuffix_logback11
Wed May 16 04:29:52 UTC 2018: Linking done for logstash__logstash-logback-encoder test class net.logstash.logback.encoder.CompositeJsonEncoderTest
Wed May 16 04:29:52 UTC 2018: Found element on the queue
Wed May 16 04:29:52 UTC 2018: Updating status
Wed May 16 04:29:52 UTC 2018: Working
Wed May 16 04:29:55 UTC 2018: Start logstash__logstash-logback-encoder test class net.logstash.logback.pattern.AccessEventJsonPatternParserTest
Wed May 16 04:29:55 UTC 2018: Setting lastTestMethodIndex: 61660
Wed May 16 04:29:55 UTC 2018: Starting linking
Wed May 16 04:29:55 UTC 2018: No link for: net.logstash.logback.pattern.AccessEventJsonPatternParserTest-noNaOperationShouldNullifySingleDash
Wed May 16 04:29:55 UTC 2018: No link for: net.logstash.logback.pattern.AccessEventJsonPatternParserTest-shouldRunPatternLayoutConversions
Wed May 16 04:29:56 UTC 2018: Linking done for logstash__logstash-logback-encoder test class net.logstash.logback.pattern.AccessEventJsonPatternParserTest
Wed May 16 04:29:56 UTC 2018: Found element on the queue
Wed May 16 04:29:56 UTC 2018: Updating status
Wed May 16 04:29:56 UTC 2018: Working
Wed May 16 04:30:00 UTC 2018: Start logstash__logstash-logback-encoder test class net.logstash.logback.pattern.LoggingEventJsonPatternParserTest
Wed May 16 04:30:00 UTC 2018: Setting lastTestMethodIndex: 61663
Wed May 16 04:30:00 UTC 2018: Starting linking
Wed May 16 04:30:00 UTC 2018: No link for: net.logstash.logback.pattern.LoggingEventJsonPatternParserTest-shouldAllowIndividualMdcItemsToBeIncludedUsingConverter
Wed May 16 04:30:00 UTC 2018: No link for: net.logstash.logback.pattern.LoggingEventJsonPatternParserTest-shouldRunPatternLayoutConversions
Wed May 16 04:30:01 UTC 2018: Linking done for logstash__logstash-logback-encoder test class net.logstash.logback.pattern.LoggingEventJsonPatternParserTest
Wed May 16 04:30:01 UTC 2018: Found element on the queue
Wed May 16 04:30:01 UTC 2018: Updating status
Wed May 16 04:30:01 UTC 2018: Working
Wed May 16 04:30:04 UTC 2018: Start logstash__logstash-logback-encoder test class net.logstash.logback.marker.ObjectFieldsAppendingMarkerTest
Wed May 16 04:30:04 UTC 2018: Setting lastTestMethodIndex: 61665
Wed May 16 04:30:04 UTC 2018: Starting linking
Wed May 16 04:30:04 UTC 2018: Linking done for logstash__logstash-logback-encoder test class net.logstash.logback.marker.ObjectFieldsAppendingMarkerTest
Wed May 16 04:30:04 UTC 2018: Found element on the queue
Wed May 16 04:30:04 UTC 2018: Updating status
Wed May 16 04:30:04 UTC 2018: Working
Wed May 16 04:30:08 UTC 2018: Start logstash__logstash-logback-encoder test class net.logstash.logback.marker.RawJsonAppendingMarkerTest
Wed May 16 04:30:08 UTC 2018: Setting lastTestMethodIndex: 61668
Wed May 16 04:30:08 UTC 2018: Starting linking
Wed May 16 04:30:08 UTC 2018: Code found net.logstash.logback.marker.LogstashMarker-hashCode with net.logstash.logback.marker.RawJsonAppendingMarkerTest-testHashCode
Wed May 16 04:30:08 UTC 2018: No code found net.logstash.logback.marker.LogstashMarker-writeTo with net.logstash.logback.marker.RawJsonAppendingMarkerTest-testWriteTo
Wed May 16 04:30:09 UTC 2018: No link for: net.logstash.logback.marker.RawJsonAppendingMarkerTest-testEquals
Wed May 16 04:30:09 UTC 2018: Linking done for logstash__logstash-logback-encoder test class net.logstash.logback.marker.RawJsonAppendingMarkerTest
Wed May 16 04:30:10 UTC 2018: Found element on the queue
Wed May 16 04:30:10 UTC 2018: Updating status
Wed May 16 04:30:10 UTC 2018: Working
Wed May 16 04:30:12 UTC 2018: Start logstash__logstash-logback-encoder test class net.logstash.logback.marker.MapEntriesAppendingMarkerTest
Wed May 16 04:30:12 UTC 2018: Setting lastTestMethodIndex: 61671
Wed May 16 04:30:12 UTC 2018: Starting linking
Wed May 16 04:30:12 UTC 2018: Code found net.logstash.logback.marker.LogstashMarker-hashCode with net.logstash.logback.marker.MapEntriesAppendingMarkerTest-testHashCode
Wed May 16 04:30:13 UTC 2018: No code found net.logstash.logback.marker.LogstashMarker-writeTo with net.logstash.logback.marker.MapEntriesAppendingMarkerTest-testWriteTo
Wed May 16 04:30:13 UTC 2018: No link for: net.logstash.logback.marker.MapEntriesAppendingMarkerTest-testEquals
Wed May 16 04:30:13 UTC 2018: Linking done for logstash__logstash-logback-encoder test class net.logstash.logback.marker.MapEntriesAppendingMarkerTest
Wed May 16 04:30:14 UTC 2018: Found element on the queue
Wed May 16 04:30:14 UTC 2018: Updating status
Wed May 16 04:30:14 UTC 2018: Working
Wed May 16 04:30:16 UTC 2018: Start logstash__logstash-logback-encoder test class net.logstash.logback.marker.ObjectAppendingMarkerTest
Wed May 16 04:30:16 UTC 2018: Setting lastTestMethodIndex: 61674
Wed May 16 04:30:16 UTC 2018: Starting linking
Wed May 16 04:30:16 UTC 2018: Linking done for logstash__logstash-logback-encoder test class net.logstash.logback.marker.ObjectAppendingMarkerTest
Wed May 16 04:30:17 UTC 2018: Found element on the queue
Wed May 16 04:30:17 UTC 2018: Updating status
Wed May 16 04:30:17 UTC 2018: Working
Wed May 16 04:30:19 UTC 2018: Start logstash__logstash-logback-encoder test class net.logstash.logback.layout.CompositeJsonLayoutTest
Wed May 16 04:30:19 UTC 2018: Setting lastTestMethodIndex: 61675
Wed May 16 04:30:19 UTC 2018: Starting linking
Wed May 16 04:30:19 UTC 2018: Linking done for logstash__logstash-logback-encoder test class net.logstash.logback.layout.CompositeJsonLayoutTest
Wed May 16 04:30:20 UTC 2018: Found element on the queue
Wed May 16 04:30:20 UTC 2018: Updating status
Wed May 16 04:30:20 UTC 2018: Working
Wed May 16 04:30:22 UTC 2018: Start logstash__logstash-logback-encoder test class net.logstash.logback.stacktrace.StackHasherTest
Wed May 16 04:30:22 UTC 2018: Setting lastTestMethodIndex: 61678
Wed May 16 04:30:22 UTC 2018: Starting linking
Wed May 16 04:30:22 UTC 2018: Linking done for logstash__logstash-logback-encoder test class net.logstash.logback.stacktrace.StackHasherTest
Wed May 16 04:30:22 UTC 2018: Found element on the queue
Wed May 16 04:30:22 UTC 2018: Updating status
Wed May 16 04:30:22 UTC 2018: Working
Wed May 16 04:30:25 UTC 2018: Start logstash__logstash-logback-encoder test class net.logstash.logback.appender.DelegatingAsyncDisruptorAppenderTest
Wed May 16 04:30:25 UTC 2018: Setting lastTestMethodIndex: 61681
Wed May 16 04:30:25 UTC 2018: Starting linking
Wed May 16 04:30:25 UTC 2018: No link for: net.logstash.logback.appender.DelegatingAsyncDisruptorAppenderTest-testEventHandlerCalled
Wed May 16 04:30:26 UTC 2018: Linking done for logstash__logstash-logback-encoder test class net.logstash.logback.appender.DelegatingAsyncDisruptorAppenderTest
Wed May 16 04:30:26 UTC 2018: Found element on the queue
Wed May 16 04:30:26 UTC 2018: Updating status
Wed May 16 04:30:26 UTC 2018: Working
Wed May 16 04:30:29 UTC 2018: Start logstash__logstash-logback-encoder test class net.logstash.logback.appender.CachingAbbreviatorTest
Wed May 16 04:30:29 UTC 2018: Setting lastTestMethodIndex: 61683
Wed May 16 04:30:29 UTC 2018: Starting linking
Wed May 16 04:30:29 UTC 2018: No link for: net.logstash.logback.appender.CachingAbbreviatorTest-test
Wed May 16 04:30:29 UTC 2018: Linking done for logstash__logstash-logback-encoder test class net.logstash.logback.appender.CachingAbbreviatorTest
Wed May 16 04:30:30 UTC 2018: Found element on the queue
Wed May 16 04:30:30 UTC 2018: Updating status
Wed May 16 04:30:30 UTC 2018: Working
Wed May 16 04:30:32 UTC 2018: Start logstash__logstash-logback-encoder test class net.logstash.logback.appender.LogstashSocketAppenderTest
Wed May 16 04:30:32 UTC 2018: Setting lastTestMethodIndex: 61686
Wed May 16 04:30:32 UTC 2018: Starting linking
Wed May 16 04:30:32 UTC 2018: No link for: net.logstash.logback.appender.LogstashSocketAppenderTest-testNoNullPointerWithCustomFields
Wed May 16 04:30:32 UTC 2018: No link for: net.logstash.logback.appender.LogstashSocketAppenderTest-testNoNullPointerWithNoCustomFields
Wed May 16 04:30:33 UTC 2018: Linking done for logstash__logstash-logback-encoder test class net.logstash.logback.appender.LogstashSocketAppenderTest
Wed May 16 04:30:33 UTC 2018: Found element on the queue
Wed May 16 04:30:33 UTC 2018: Updating status
Wed May 16 04:30:33 UTC 2018: Working
Wed May 16 04:30:36 UTC 2018: Start logstash__logstash-logback-encoder test class net.logstash.logback.appender.WaitStrategyFactoryTest
Wed May 16 04:30:36 UTC 2018: Setting lastTestMethodIndex: 61688
Wed May 16 04:30:36 UTC 2018: Starting linking
Wed May 16 04:30:36 UTC 2018: No link for: net.logstash.logback.appender.WaitStrategyFactoryTest-testCreateTimeoutBlocking_unparsableParam
Wed May 16 04:30:36 UTC 2018: No link for: net.logstash.logback.appender.WaitStrategyFactoryTest-testCreateLiteBlocking
Wed May 16 04:30:37 UTC 2018: No link for: net.logstash.logback.appender.WaitStrategyFactoryTest-testCreatePhasedBackoff_unparsableParam
Wed May 16 04:30:37 UTC 2018: No link for: net.logstash.logback.appender.WaitStrategyFactoryTest-testCreateTimeoutBlocking_noParams
Wed May 16 04:30:37 UTC 2018: No link for: net.logstash.logback.appender.WaitStrategyFactoryTest-testCreatePhasedBackoff_noParams
Wed May 16 04:30:38 UTC 2018: No link for: net.logstash.logback.appender.WaitStrategyFactoryTest-testUnknown
Wed May 16 04:30:38 UTC 2018: No link for: net.logstash.logback.appender.WaitStrategyFactoryTest-testCreatePhasedBackoff_nested_invalidEnd
Wed May 16 04:30:38 UTC 2018: No link for: net.logstash.logback.appender.WaitStrategyFactoryTest-testCreateTimeoutBlocking
Wed May 16 04:30:39 UTC 2018: No link for: net.logstash.logback.appender.WaitStrategyFactoryTest-testCreatePhasedBackoff_notEnoughParams
Wed May 16 04:30:39 UTC 2018: No link for: net.logstash.logback.appender.WaitStrategyFactoryTest-testCreateBusySpin
Wed May 16 04:30:39 UTC 2018: No link for: net.logstash.logback.appender.WaitStrategyFactoryTest-testCreateTimeoutBlocking_notEnoughParams
Wed May 16 04:30:40 UTC 2018: No link for: net.logstash.logback.appender.WaitStrategyFactoryTest-testCreateEmpty
Wed May 16 04:30:40 UTC 2018: No link for: net.logstash.logback.appender.WaitStrategyFactoryTest-testCreateSleeping
Wed May 16 04:30:40 UTC 2018: No link for: net.logstash.logback.appender.WaitStrategyFactoryTest-testCreateYielding
Wed May 16 04:30:41 UTC 2018: No link for: net.logstash.logback.appender.WaitStrategyFactoryTest-testCreateTimeoutBlocking_noEndParamDelimiter
Wed May 16 04:30:41 UTC 2018: No link for: net.logstash.logback.appender.WaitStrategyFactoryTest-testCreatePhasedBackoff_nested_invalidStart
Wed May 16 04:30:41 UTC 2018: No link for: net.logstash.logback.appender.WaitStrategyFactoryTest-testCreatePhasedBackoff
Wed May 16 04:30:42 UTC 2018: No link for: net.logstash.logback.appender.WaitStrategyFactoryTest-testCreatePhasedBackoff_nested
Wed May 16 04:30:42 UTC 2018: No link for: net.logstash.logback.appender.WaitStrategyFactoryTest-testCreatePhasedBackoff_noEndParamDelimiter
Wed May 16 04:30:42 UTC 2018: No link for: net.logstash.logback.appender.WaitStrategyFactoryTest-testCreateBlocking
Wed May 16 04:30:43 UTC 2018: No link for: net.logstash.logback.appender.WaitStrategyFactoryTest-testCreateNull
Wed May 16 04:30:43 UTC 2018: Linking done for logstash__logstash-logback-encoder test class net.logstash.logback.appender.WaitStrategyFactoryTest
Wed May 16 04:30:43 UTC 2018: Found element on the queue
Wed May 16 04:30:43 UTC 2018: Updating status
Wed May 16 04:30:43 UTC 2018: Working
Wed May 16 04:30:46 UTC 2018: Start logstash__logstash-logback-encoder test class net.logstash.logback.appender.LogstashTcpSocketAppenderTest
Wed May 16 04:30:46 UTC 2018: Setting lastTestMethodIndex: 61694
Wed May 16 04:30:46 UTC 2018: Starting linking
Wed May 16 04:30:46 UTC 2018: Linking done for logstash__logstash-logback-encoder test class net.logstash.logback.appender.LogstashTcpSocketAppenderTest
Wed May 16 04:30:47 UTC 2018: Found element on the queue
Wed May 16 04:30:47 UTC 2018: Updating status
Wed May 16 04:30:47 UTC 2018: Working
Wed May 16 04:30:49 UTC 2018: Start logstash__logstash-logback-encoder test class net.logstash.logback.appender.destination.PreferPrimaryDestinationConnectionStrategyTest
Wed May 16 04:30:49 UTC 2018: Setting lastTestMethodIndex: 61696
Wed May 16 04:30:49 UTC 2018: Starting linking
Wed May 16 04:30:49 UTC 2018: No link for: net.logstash.logback.appender.destination.PreferPrimaryDestinationConnectionStrategyTest-testSecondaryConnectionTtl_failed
Wed May 16 04:30:49 UTC 2018: No link for: net.logstash.logback.appender.destination.PreferPrimaryDestinationConnectionStrategyTest-testNoSecondaryConnectionTtl_success
Wed May 16 04:30:50 UTC 2018: No link for: net.logstash.logback.appender.destination.PreferPrimaryDestinationConnectionStrategyTest-testNoSecondaryConnectionTtl_failed
Wed May 16 04:30:50 UTC 2018: No link for: net.logstash.logback.appender.destination.PreferPrimaryDestinationConnectionStrategyTest-testSecondaryConnectionTtl_success
Wed May 16 04:30:50 UTC 2018: Linking done for logstash__logstash-logback-encoder test class net.logstash.logback.appender.destination.PreferPrimaryDestinationConnectionStrategyTest
Wed May 16 04:30:51 UTC 2018: Found element on the queue
Wed May 16 04:30:51 UTC 2018: Updating status
Wed May 16 04:30:51 UTC 2018: Working
Wed May 16 04:30:53 UTC 2018: Start logstash__logstash-logback-encoder test class net.logstash.logback.appender.destination.RandomDestinationConnectionStrategyTest
Wed May 16 04:30:53 UTC 2018: Setting lastTestMethodIndex: 61698
Wed May 16 04:30:53 UTC 2018: Starting linking
Wed May 16 04:30:53 UTC 2018: No link for: net.logstash.logback.appender.destination.RandomDestinationConnectionStrategyTest-testNoConnectionTtl_failed
Wed May 16 04:30:54 UTC 2018: No link for: net.logstash.logback.appender.destination.RandomDestinationConnectionStrategyTest-testNoConnectionTtl_success
Wed May 16 04:30:54 UTC 2018: No link for: net.logstash.logback.appender.destination.RandomDestinationConnectionStrategyTest-testConnectionTtl_failed
Wed May 16 04:30:54 UTC 2018: No link for: net.logstash.logback.appender.destination.RandomDestinationConnectionStrategyTest-testConnectionTtl_success
Wed May 16 04:30:55 UTC 2018: Linking done for logstash__logstash-logback-encoder test class net.logstash.logback.appender.destination.RandomDestinationConnectionStrategyTest
Wed May 16 04:30:55 UTC 2018: Found element on the queue
Wed May 16 04:30:55 UTC 2018: Updating status
Wed May 16 04:30:55 UTC 2018: Working
Wed May 16 04:30:58 UTC 2018: Start logstash__logstash-logback-encoder test class net.logstash.logback.appender.destination.RoundRobinDestinationConnectionStrategyTest
Wed May 16 04:30:58 UTC 2018: Setting lastTestMethodIndex: 61701
Wed May 16 04:30:58 UTC 2018: Starting linking
Wed May 16 04:30:58 UTC 2018: No link for: net.logstash.logback.appender.destination.RoundRobinDestinationConnectionStrategyTest-testConnectionTtl_success
Wed May 16 04:30:58 UTC 2018: No link for: net.logstash.logback.appender.destination.RoundRobinDestinationConnectionStrategyTest-testConnectionTtl_failed
Wed May 16 04:30:58 UTC 2018: No link for: net.logstash.logback.appender.destination.RoundRobinDestinationConnectionStrategyTest-testNoConnectionTtl_failed
Wed May 16 04:30:59 UTC 2018: No link for: net.logstash.logback.appender.destination.RoundRobinDestinationConnectionStrategyTest-testNoConnectionTtl_success
Wed May 16 04:30:59 UTC 2018: Linking done for logstash__logstash-logback-encoder test class net.logstash.logback.appender.destination.RoundRobinDestinationConnectionStrategyTest
Wed May 16 04:31:00 UTC 2018: Found element on the queue
Wed May 16 04:31:00 UTC 2018: Updating status
Wed May 16 04:31:00 UTC 2018: Working
Wed May 16 04:31:02 UTC 2018: Start logstash__logstash-logback-encoder test class net.logstash.logback.appender.destination.DestinationParserTest
Wed May 16 04:31:02 UTC 2018: Setting lastTestMethodIndex: 61704
Wed May 16 04:31:02 UTC 2018: Starting linking
Wed May 16 04:31:02 UTC 2018: Code found net.logstash.logback.appender.destination.DestinationParser-parse with net.logstash.logback.appender.destination.DestinationParserTest-testParse_Single_UndefinedProperty
Wed May 16 04:31:02 UTC 2018: Code found net.logstash.logback.appender.destination.DestinationParser-parse with net.logstash.logback.appender.destination.DestinationParserTest-testParse_Single_NegativePort
Wed May 16 04:31:03 UTC 2018: Code found net.logstash.logback.appender.destination.DestinationParser-parse with net.logstash.logback.appender.destination.DestinationParserTest-testParse_Multiple
Wed May 16 04:31:03 UTC 2018: Code found net.logstash.logback.appender.destination.DestinationParser-parse with net.logstash.logback.appender.destination.DestinationParserTest-testParse_Single_WithPort
Wed May 16 04:31:03 UTC 2018: Code found net.logstash.logback.appender.destination.DestinationParser-parse with net.logstash.logback.appender.destination.DestinationParserTest-testParse_Multiple_Empty
Wed May 16 04:31:04 UTC 2018: Code found net.logstash.logback.appender.destination.DestinationParser-parse with net.logstash.logback.appender.destination.DestinationParserTest-testParse_Single_Unresolvable
Wed May 16 04:31:04 UTC 2018: Code found net.logstash.logback.appender.destination.DestinationParser-parse with net.logstash.logback.appender.destination.DestinationParserTest-testParse_Multiple_NegativePort
Wed May 16 04:31:05 UTC 2018: Code found net.logstash.logback.appender.destination.DestinationParser-parse with net.logstash.logback.appender.destination.DestinationParserTest-testParse_Multiple_AlphaPort
Wed May 16 04:31:05 UTC 2018: Code found net.logstash.logback.appender.destination.DestinationParser-parse with net.logstash.logback.appender.destination.DestinationParserTest-testParse_Single_AlphaPort
Wed May 16 04:31:05 UTC 2018: Code found net.logstash.logback.appender.destination.DestinationParser-parse with net.logstash.logback.appender.destination.DestinationParserTest-testParse_Single_DefaultPort
Wed May 16 04:31:06 UTC 2018: Linking done for logstash__logstash-logback-encoder test class net.logstash.logback.appender.destination.DestinationParserTest
Wed May 16 04:31:06 UTC 2018: Found element on the queue
Wed May 16 04:31:06 UTC 2018: Updating status
Wed May 16 04:31:06 UTC 2018: Working
Wed May 16 04:31:08 UTC 2018: Start logstash__logstash-logback-encoder test class net.logstash.logback.appender.AsyncDisruptorAppenderTest
Wed May 16 04:31:08 UTC 2018: Setting lastTestMethodIndex: 61707
Wed May 16 04:31:08 UTC 2018: Starting linking
Wed May 16 04:31:08 UTC 2018: No link for: net.logstash.logback.appender.AsyncDisruptorAppenderTest-testThreadName
Wed May 16 04:31:09 UTC 2018: No link for: net.logstash.logback.appender.AsyncDisruptorAppenderTest-testThreadDaemon
Wed May 16 04:31:09 UTC 2018: No link for: net.logstash.logback.appender.AsyncDisruptorAppenderTest-testEventDroppedWhenFull
Wed May 16 04:31:09 UTC 2018: No link for: net.logstash.logback.appender.AsyncDisruptorAppenderTest-testEventHandlerThrowsException
Wed May 16 04:31:10 UTC 2018: No link for: net.logstash.logback.appender.AsyncDisruptorAppenderTest-testEventHandlerCalled
Wed May 16 04:31:10 UTC 2018: Linking done for logstash__logstash-logback-encoder test class net.logstash.logback.appender.AsyncDisruptorAppenderTest
Wed May 16 04:31:11 UTC 2018: Found element on the queue
Wed May 16 04:31:11 UTC 2018: Updating status
Wed May 16 04:31:11 UTC 2018: Working
Wed May 16 04:31:13 UTC 2018: Start logstash__logstash-logback-encoder test class net.logstash.logback.composite.loggingevent.LoggerNameJsonProviderTest
Wed May 16 04:31:13 UTC 2018: Setting lastTestMethodIndex: 61710
Wed May 16 04:31:13 UTC 2018: Starting linking
Wed May 16 04:31:13 UTC 2018: No link for: net.logstash.logback.composite.loggingevent.LoggerNameJsonProviderTest-testFieldName
Wed May 16 04:31:13 UTC 2018: No link for: net.logstash.logback.composite.loggingevent.LoggerNameJsonProviderTest-testShortName
Wed May 16 04:31:14 UTC 2018: No link for: net.logstash.logback.composite.loggingevent.LoggerNameJsonProviderTest-testFieldNames
Wed May 16 04:31:14 UTC 2018: No link for: net.logstash.logback.composite.loggingevent.LoggerNameJsonProviderTest-testFullName
Wed May 16 04:31:14 UTC 2018: Linking done for logstash__logstash-logback-encoder test class net.logstash.logback.composite.loggingevent.LoggerNameJsonProviderTest
Wed May 16 04:31:15 UTC 2018: Found element on the queue
Wed May 16 04:31:15 UTC 2018: Updating status
Wed May 16 04:31:15 UTC 2018: Working
Wed May 16 04:31:17 UTC 2018: Start logstash__logstash-logback-encoder test class net.logstash.logback.composite.loggingevent.StackTraceJsonProviderTest
Wed May 16 04:31:17 UTC 2018: Setting lastTestMethodIndex: 61713
Wed May 16 04:31:17 UTC 2018: Starting linking
Wed May 16 04:31:17 UTC 2018: No link for: net.logstash.logback.composite.loggingevent.StackTraceJsonProviderTest-testFieldName
Wed May 16 04:31:18 UTC 2018: No link for: net.logstash.logback.composite.loggingevent.StackTraceJsonProviderTest-testFieldNames
Wed May 16 04:31:18 UTC 2018: No link for: net.logstash.logback.composite.loggingevent.StackTraceJsonProviderTest-testDefaultName
Wed May 16 04:31:18 UTC 2018: Linking done for logstash__logstash-logback-encoder test class net.logstash.logback.composite.loggingevent.StackTraceJsonProviderTest
Wed May 16 04:31:19 UTC 2018: Found element on the queue
Wed May 16 04:31:19 UTC 2018: Updating status
Wed May 16 04:31:19 UTC 2018: Working
Wed May 16 04:31:21 UTC 2018: Start logstash__logstash-logback-encoder test class net.logstash.logback.composite.loggingevent.LoggingEventPatternJsonProviderTest
Wed May 16 04:31:21 UTC 2018: Setting lastTestMethodIndex: 61716
Wed May 16 04:31:21 UTC 2018: Starting linking
Wed May 16 04:31:21 UTC 2018: Linking done for logstash__logstash-logback-encoder test class net.logstash.logback.composite.loggingevent.LoggingEventPatternJsonProviderTest
Wed May 16 04:31:22 UTC 2018: Found element on the queue
Wed May 16 04:31:22 UTC 2018: Updating status
Wed May 16 04:31:22 UTC 2018: Working
Wed May 16 04:31:24 UTC 2018: Start logstash__logstash-logback-encoder test class net.logstash.logback.composite.loggingevent.MdcJsonProviderTest
Wed May 16 04:31:24 UTC 2018: Setting lastTestMethodIndex: 61717
Wed May 16 04:31:24 UTC 2018: Starting linking
Wed May 16 04:31:24 UTC 2018: No link for: net.logstash.logback.composite.loggingevent.MdcJsonProviderTest-testWrapped
Wed May 16 04:31:24 UTC 2018: No link for: net.logstash.logback.composite.loggingevent.MdcJsonProviderTest-testUnwrapped
Wed May 16 04:31:25 UTC 2018: No link for: net.logstash.logback.composite.loggingevent.MdcJsonProviderTest-testInclude
Wed May 16 04:31:25 UTC 2018: No link for: net.logstash.logback.composite.loggingevent.MdcJsonProviderTest-testExclude
Wed May 16 04:31:25 UTC 2018: No link for: net.logstash.logback.composite.loggingevent.MdcJsonProviderTest-testWrappedUsingFieldNames
Wed May 16 04:31:26 UTC 2018: Linking done for logstash__logstash-logback-encoder test class net.logstash.logback.composite.loggingevent.MdcJsonProviderTest
Wed May 16 04:31:26 UTC 2018: Found element on the queue
Wed May 16 04:31:26 UTC 2018: Updating status
Wed May 16 04:31:26 UTC 2018: Working
Wed May 16 04:31:29 UTC 2018: Start logstash__logstash-logback-encoder test class net.logstash.logback.composite.loggingevent.LoggingEventNestedJsonProviderTest
Wed May 16 04:31:29 UTC 2018: Setting lastTestMethodIndex: 61720
Wed May 16 04:31:29 UTC 2018: Starting linking
Wed May 16 04:31:29 UTC 2018: No link for: net.logstash.logback.composite.loggingevent.LoggingEventNestedJsonProviderTest-testWrite
Wed May 16 04:31:29 UTC 2018: Linking done for logstash__logstash-logback-encoder test class net.logstash.logback.composite.loggingevent.LoggingEventNestedJsonProviderTest
Wed May 16 04:31:30 UTC 2018: Found element on the queue
Wed May 16 04:31:30 UTC 2018: Updating status
Wed May 16 04:31:30 UTC 2018: Working
Wed May 16 04:31:32 UTC 2018: Start logstash__logstash-logback-encoder test class net.logstash.logback.composite.loggingevent.LoggingEventCompositeJsonFormatterTest
Wed May 16 04:31:32 UTC 2018: Setting lastTestMethodIndex: 61723
Wed May 16 04:31:32 UTC 2018: Starting linking
Wed May 16 04:31:32 UTC 2018: Linking done for logstash__logstash-logback-encoder test class net.logstash.logback.composite.loggingevent.LoggingEventCompositeJsonFormatterTest
Wed May 16 04:31:33 UTC 2018: Found element on the queue
Wed May 16 04:31:33 UTC 2018: Updating status
Wed May 16 04:31:33 UTC 2018: Working
Wed May 16 04:31:35 UTC 2018: Start logstash__logstash-logback-encoder test class net.logstash.logback.composite.loggingevent.RawMessageJsonProviderTest
Wed May 16 04:31:35 UTC 2018: Setting lastTestMethodIndex: 61724
Wed May 16 04:31:35 UTC 2018: Starting linking
Wed May 16 04:31:35 UTC 2018: No link for: net.logstash.logback.composite.loggingevent.RawMessageJsonProviderTest-testDefaultName
Wed May 16 04:31:36 UTC 2018: No link for: net.logstash.logback.composite.loggingevent.RawMessageJsonProviderTest-testFieldName
Wed May 16 04:31:36 UTC 2018: Linking done for logstash__logstash-logback-encoder test class net.logstash.logback.composite.loggingevent.RawMessageJsonProviderTest
Wed May 16 04:31:36 UTC 2018: Found element on the queue
Wed May 16 04:31:36 UTC 2018: Updating status
Wed May 16 04:31:36 UTC 2018: Working
Wed May 16 04:31:39 UTC 2018: Start logstash__logstash-logback-encoder test class net.logstash.logback.composite.loggingevent.StackHashJsonProviderTest
Wed May 16 04:31:39 UTC 2018: Setting lastTestMethodIndex: 61727
Wed May 16 04:31:39 UTC 2018: Starting linking
Wed May 16 04:31:39 UTC 2018: No link for: net.logstash.logback.composite.loggingevent.StackHashJsonProviderTest-testDefaultName
Wed May 16 04:31:39 UTC 2018: No link for: net.logstash.logback.composite.loggingevent.StackHashJsonProviderTest-testFieldName
Wed May 16 04:31:40 UTC 2018: Linking done for logstash__logstash-logback-encoder test class net.logstash.logback.composite.loggingevent.StackHashJsonProviderTest
Wed May 16 04:31:40 UTC 2018: Found element on the queue
Wed May 16 04:31:40 UTC 2018: Updating status
Wed May 16 04:31:40 UTC 2018: Working
Wed May 16 04:31:43 UTC 2018: Start logstash__logstash-logback-encoder test class net.logstash.logback.composite.loggingevent.ThrowableRootCauseClassNameJsonProviderTest
Wed May 16 04:31:43 UTC 2018: Setting lastTestMethodIndex: 61730
Wed May 16 04:31:43 UTC 2018: Starting linking
Wed May 16 04:31:43 UTC 2018: No link for: net.logstash.logback.composite.loggingevent.ThrowableRootCauseClassNameJsonProviderTest-testNoThrowable
Wed May 16 04:31:43 UTC 2018: No link for: net.logstash.logback.composite.loggingevent.ThrowableRootCauseClassNameJsonProviderTest-testFieldName
Wed May 16 04:31:43 UTC 2018: No link for: net.logstash.logback.composite.loggingevent.ThrowableRootCauseClassNameJsonProviderTest-testFieldNameWithoutNestedException
Wed May 16 04:31:44 UTC 2018: No link for: net.logstash.logback.composite.loggingevent.ThrowableRootCauseClassNameJsonProviderTest-testCustomFieldName
Wed May 16 04:31:44 UTC 2018: Linking done for logstash__logstash-logback-encoder test class net.logstash.logback.composite.loggingevent.ThrowableRootCauseClassNameJsonProviderTest
