Tue May 15 18:36:15 UTC 2018 WARN: Establishing SSL connection without server's identity verification is not recommended. According to MySQL 5.5.45+, 5.6.26+ and 5.7.6+ requirements SSL connection must be established by default if explicit option isn't set. For compliance with existing applications not using SSL the verifyServerCertificate property is set to 'false'. You need either to explicitly disable SSL by setting useSSL=false, or set useSSL=true and provide truststore for server certificate verification.
Tue May 15 18:36:17 UTC 2018: Cannot parse: Lexical error at line 1, column 3.  Encountered: "#" (35), after : ""
Problem stacktrace : 
  com.github.javaparser.GeneratedJavaParserTokenManager.getNextToken(GeneratedJavaParserTokenManager.java:2798)
  com.github.javaparser.GeneratedJavaParser.getNextToken(GeneratedJavaParser.java:10161)
  com.github.javaparser.GeneratedJavaParserBase.recover(GeneratedJavaParserBase.java:174)
  com.github.javaparser.GeneratedJavaParser.CompilationUnit(GeneratedJavaParser.java:206)
  com.github.javaparser.JavaParser.parse(JavaParser.java:126)
  com.github.javaparser.JavaParser.simplifiedParse(JavaParser.java:325)
  com.github.javaparser.JavaParser.parse(JavaParser.java:159)
  com.github.javaparser.JavaParser.parse(JavaParser.java:172)
  parser.JavaSourceMapper.getCompilationUnit(JavaSourceMapper.java:76)
  parser.JavaSourceMapper.addJavaFile(JavaSourceMapper.java:44)
  java.util.stream.ForEachOps$ForEachOp$OfRef.accept(ForEachOps.java:184)
  java.util.stream.ReferencePipeline$3$1.accept(ReferencePipeline.java:193)
  java.util.stream.ReferencePipeline$2$1.accept(ReferencePipeline.java:175)
  java.util.Iterator.forEachRemaining(Iterator.java:116)
  java.util.Spliterators$IteratorSpliterator.forEachRemaining(Spliterators.java:1801)
  java.util.stream.AbstractPipeline.copyInto(AbstractPipeline.java:481)
  java.util.stream.AbstractPipeline.wrapAndCopyInto(AbstractPipeline.java:471)
  java.util.stream.ForEachOps$ForEachOp.evaluateSequential(ForEachOps.java:151)
  java.util.stream.ForEachOps$ForEachOp$OfRef.evaluateSequential(ForEachOps.java:174)
  java.util.stream.AbstractPipeline.evaluate(AbstractPipeline.java:234)
  java.util.stream.ReferencePipeline.forEach(ReferencePipeline.java:418)
  parser.JavaSourceMapper.<init>(JavaSourceMapper.java:39)
  cache.ParserCache.getParser(ParserCache.java:24)
  application.LinkBasedOnQueue.processTest(LinkBasedOnQueue.java:180)
  application.LinkBasedOnQueue.main(LinkBasedOnQueue.java:107)

Tue May 15 18:36:17 UTC 2018: Cannot parse: Lexical error at line 1, column 3.  Encountered: "#" (35), after : ""
Problem stacktrace : 
  com.github.javaparser.GeneratedJavaParserTokenManager.getNextToken(GeneratedJavaParserTokenManager.java:2798)
  com.github.javaparser.GeneratedJavaParser.getNextToken(GeneratedJavaParser.java:10161)
  com.github.javaparser.GeneratedJavaParserBase.recover(GeneratedJavaParserBase.java:174)
  com.github.javaparser.GeneratedJavaParser.CompilationUnit(GeneratedJavaParser.java:206)
  com.github.javaparser.JavaParser.parse(JavaParser.java:126)
  com.github.javaparser.JavaParser.simplifiedParse(JavaParser.java:325)
  com.github.javaparser.JavaParser.parse(JavaParser.java:159)
  com.github.javaparser.JavaParser.parse(JavaParser.java:172)
  parser.JavaSourceMapper.getCompilationUnit(JavaSourceMapper.java:76)
  parser.JavaSourceMapper.addJavaFile(JavaSourceMapper.java:44)
  java.util.stream.ForEachOps$ForEachOp$OfRef.accept(ForEachOps.java:184)
  java.util.stream.ReferencePipeline$3$1.accept(ReferencePipeline.java:193)
  java.util.stream.ReferencePipeline$2$1.accept(ReferencePipeline.java:175)
  java.util.Iterator.forEachRemaining(Iterator.java:116)
  java.util.Spliterators$IteratorSpliterator.forEachRemaining(Spliterators.java:1801)
  java.util.stream.AbstractPipeline.copyInto(AbstractPipeline.java:481)
  java.util.stream.AbstractPipeline.wrapAndCopyInto(AbstractPipeline.java:471)
  java.util.stream.ForEachOps$ForEachOp.evaluateSequential(ForEachOps.java:151)
  java.util.stream.ForEachOps$ForEachOp$OfRef.evaluateSequential(ForEachOps.java:174)
  java.util.stream.AbstractPipeline.evaluate(AbstractPipeline.java:234)
  java.util.stream.ReferencePipeline.forEach(ReferencePipeline.java:418)
  parser.JavaSourceMapper.<init>(JavaSourceMapper.java:39)
  cache.ParserCache.getParser(ParserCache.java:24)
  application.LinkBasedOnQueue.processTest(LinkBasedOnQueue.java:180)
  application.LinkBasedOnQueue.main(LinkBasedOnQueue.java:107)

Tue May 15 18:36:17 UTC 2018: Cannot parse: Parse error. Found  "classD" <IDENTIFIER>, expected one of  ";" "@" "\u001a" "abstract" "class" "default" "enum" "final" "import" "interface" "module" "native" "open" "private" "protected" "public" "static" "strictfp" "synchronized" "transient" "transitive" "volatile" <EOF>
Problem stacktrace : 
  com.github.javaparser.GeneratedJavaParser.generateParseException(GeneratedJavaParser.java:10271)
  com.github.javaparser.GeneratedJavaParser.jj_consume_token(GeneratedJavaParser.java:10130)
  com.github.javaparser.GeneratedJavaParser.CompilationUnit(GeneratedJavaParser.java:201)
  com.github.javaparser.JavaParser.parse(JavaParser.java:126)
  com.github.javaparser.JavaParser.simplifiedParse(JavaParser.java:325)
  com.github.javaparser.JavaParser.parse(JavaParser.java:159)
  com.github.javaparser.JavaParser.parse(JavaParser.java:172)
  parser.JavaSourceMapper.getCompilationUnit(JavaSourceMapper.java:76)
  parser.JavaSourceMapper.addJavaFile(JavaSourceMapper.java:44)
  java.util.stream.ForEachOps$ForEachOp$OfRef.accept(ForEachOps.java:184)
  java.util.stream.ReferencePipeline$3$1.accept(ReferencePipeline.java:193)
  java.util.stream.ReferencePipeline$2$1.accept(ReferencePipeline.java:175)
  java.util.Iterator.forEachRemaining(Iterator.java:116)
  java.util.Spliterators$IteratorSpliterator.forEachRemaining(Spliterators.java:1801)
  java.util.stream.AbstractPipeline.copyInto(AbstractPipeline.java:481)
  java.util.stream.AbstractPipeline.wrapAndCopyInto(AbstractPipeline.java:471)
  java.util.stream.ForEachOps$ForEachOp.evaluateSequential(ForEachOps.java:151)
  java.util.stream.ForEachOps$ForEachOp$OfRef.evaluateSequential(ForEachOps.java:174)
  java.util.stream.AbstractPipeline.evaluate(AbstractPipeline.java:234)
  java.util.stream.ReferencePipeline.forEach(ReferencePipeline.java:418)
  parser.JavaSourceMapper.<init>(JavaSourceMapper.java:39)
  cache.ParserCache.getParser(ParserCache.java:24)
  application.LinkBasedOnQueue.processTest(LinkBasedOnQueue.java:180)
  application.LinkBasedOnQueue.main(LinkBasedOnQueue.java:107)

Tue May 15 18:36:17 UTC 2018: Cannot parse: (line 16,col 9) Try with resources only supports variable declarations.
(line 20,col 9) Try with resources only supports variable declarations.
(line 20,col 9) Try with resources only supports variable declarations.

Tue May 15 18:36:17 UTC 2018: Cannot parse: Lexical error at line 1, column 3.  Encountered: "#" (35), after : ""
Problem stacktrace : 
  com.github.javaparser.GeneratedJavaParserTokenManager.getNextToken(GeneratedJavaParserTokenManager.java:2798)
  com.github.javaparser.GeneratedJavaParser.getNextToken(GeneratedJavaParser.java:10161)
  com.github.javaparser.GeneratedJavaParserBase.recover(GeneratedJavaParserBase.java:174)
  com.github.javaparser.GeneratedJavaParser.CompilationUnit(GeneratedJavaParser.java:206)
  com.github.javaparser.JavaParser.parse(JavaParser.java:126)
  com.github.javaparser.JavaParser.simplifiedParse(JavaParser.java:325)
  com.github.javaparser.JavaParser.parse(JavaParser.java:159)
  com.github.javaparser.JavaParser.parse(JavaParser.java:172)
  parser.JavaSourceMapper.getCompilationUnit(JavaSourceMapper.java:76)
  parser.JavaSourceMapper.addJavaFile(JavaSourceMapper.java:44)
  java.util.stream.ForEachOps$ForEachOp$OfRef.accept(ForEachOps.java:184)
  java.util.stream.ReferencePipeline$3$1.accept(ReferencePipeline.java:193)
  java.util.stream.ReferencePipeline$2$1.accept(ReferencePipeline.java:175)
  java.util.Iterator.forEachRemaining(Iterator.java:116)
  java.util.Spliterators$IteratorSpliterator.forEachRemaining(Spliterators.java:1801)
  java.util.stream.AbstractPipeline.copyInto(AbstractPipeline.java:481)
  java.util.stream.AbstractPipeline.wrapAndCopyInto(AbstractPipeline.java:471)
  java.util.stream.ForEachOps$ForEachOp.evaluateSequential(ForEachOps.java:151)
  java.util.stream.ForEachOps$ForEachOp$OfRef.evaluateSequential(ForEachOps.java:174)
  java.util.stream.AbstractPipeline.evaluate(AbstractPipeline.java:234)
  java.util.stream.ReferencePipeline.forEach(ReferencePipeline.java:418)
  parser.JavaSourceMapper.<init>(JavaSourceMapper.java:39)
  cache.ParserCache.getParser(ParserCache.java:24)
  application.LinkBasedOnQueue.processTest(LinkBasedOnQueue.java:180)
  application.LinkBasedOnQueue.main(LinkBasedOnQueue.java:107)

java.lang.NumberFormatException: For input string: "2.147_483_647E10"
	at sun.misc.FloatingDecimal.readJavaFormatString(FloatingDecimal.java:2043)
	at sun.misc.FloatingDecimal.parseDouble(FloatingDecimal.java:110)
	at java.lang.Double.parseDouble(Double.java:538)
	at com.github.javaparser.ast.expr.DoubleLiteralExpr.asDouble(DoubleLiteralExpr.java:91)
	at parser.StructureBasedTraversal.visit(StructureBasedTraversal.java:195)
	at parser.StructureBasedTraversal.visit(StructureBasedTraversal.java:17)
	at com.github.javaparser.ast.expr.DoubleLiteralExpr.accept(DoubleLiteralExpr.java:76)
	at parser.StructureBasedTraversal.printElements(StructureBasedTraversal.java:29)
	at parser.StructureBasedTraversal.visit(StructureBasedTraversal.java:305)
	at parser.StructureBasedTraversal.visit(StructureBasedTraversal.java:17)
	at com.github.javaparser.ast.expr.MethodCallExpr.accept(MethodCallExpr.java:115)
	at parser.StructureBasedTraversal.printElements(StructureBasedTraversal.java:46)
	at parser.StructureBasedTraversal.visit(StructureBasedTraversal.java:229)
	at parser.StructureBasedTraversal.visit(StructureBasedTraversal.java:17)
	at com.github.javaparser.ast.stmt.ExpressionStmt.accept(ExpressionStmt.java:77)
	at parser.StructureBasedTraversal.printElements(StructureBasedTraversal.java:29)
	at parser.StructureBasedTraversal.visit(StructureBasedTraversal.java:113)
	at parser.StructureBasedTraversal.visit(StructureBasedTraversal.java:17)
	at com.github.javaparser.ast.stmt.BlockStmt.accept(BlockStmt.java:78)
	at parser.StructureBasedTraversal.printElements(StructureBasedTraversal.java:39)
	at parser.StructureBasedTraversal.visit(StructureBasedTraversal.java:320)
	at parser.StructureBasedTraversal.visit(StructureBasedTraversal.java:17)
	at com.github.javaparser.ast.body.MethodDeclaration.accept(MethodDeclaration.java:120)
	at parser.MethodFetchVisitor.nodeToSBTRepresentation(MethodFetchVisitor.java:74)
	at parser.MethodFetchVisitor.storeResult(MethodFetchVisitor.java:68)
	at parser.MethodFetchVisitor.visit(MethodFetchVisitor.java:52)
	at parser.MethodFetchVisitor.visit(MethodFetchVisitor.java:18)
	at com.github.javaparser.ast.body.MethodDeclaration.accept(MethodDeclaration.java:120)
	at com.github.javaparser.ast.visitor.VoidVisitorAdapter.lambda$visit$29(VoidVisitorAdapter.java:170)
	at java.util.ArrayList.forEach(ArrayList.java:1257)
	at com.github.javaparser.ast.NodeList.forEach(NodeList.java:267)
	at com.github.javaparser.ast.visitor.VoidVisitorAdapter.visit(VoidVisitorAdapter.java:170)
	at parser.MethodFetchVisitor.visit(MethodFetchVisitor.java:61)
	at parser.MethodFetchVisitor.visit(MethodFetchVisitor.java:18)
	at com.github.javaparser.ast.body.ClassOrInterfaceDeclaration.accept(ClassOrInterfaceDeclaration.java:105)
	at com.github.javaparser.ast.visitor.VoidVisitorAdapter.lambda$visit$40(VoidVisitorAdapter.java:192)
	at java.util.ArrayList.forEach(ArrayList.java:1257)
	at com.github.javaparser.ast.NodeList.forEach(NodeList.java:267)
	at com.github.javaparser.ast.visitor.VoidVisitorAdapter.visit(VoidVisitorAdapter.java:192)
	at com.github.javaparser.ast.CompilationUnit.accept(CompilationUnit.java:131)
	at parser.JavaSourceMapper.addJavaFile(JavaSourceMapper.java:59)
	at java.util.stream.ForEachOps$ForEachOp$OfRef.accept(ForEachOps.java:184)
	at java.util.stream.ReferencePipeline$3$1.accept(ReferencePipeline.java:193)
	at java.util.stream.ReferencePipeline$2$1.accept(ReferencePipeline.java:175)
	at java.util.Iterator.forEachRemaining(Iterator.java:116)
	at java.util.Spliterators$IteratorSpliterator.forEachRemaining(Spliterators.java:1801)
	at java.util.stream.AbstractPipeline.copyInto(AbstractPipeline.java:481)
	at java.util.stream.AbstractPipeline.wrapAndCopyInto(AbstractPipeline.java:471)
	at java.util.stream.ForEachOps$ForEachOp.evaluateSequential(ForEachOps.java:151)
	at java.util.stream.ForEachOps$ForEachOp$OfRef.evaluateSequential(ForEachOps.java:174)
	at java.util.stream.AbstractPipeline.evaluate(AbstractPipeline.java:234)
	at java.util.stream.ReferencePipeline.forEach(ReferencePipeline.java:418)
	at parser.JavaSourceMapper.<init>(JavaSourceMapper.java:39)
	at cache.ParserCache.getParser(ParserCache.java:24)
	at application.LinkBasedOnQueue.processTest(LinkBasedOnQueue.java:180)
	at application.LinkBasedOnQueue.main(LinkBasedOnQueue.java:107)
Tue May 15 18:36:32 UTC 2018: Cannot parse: (line 5,col 64) Parse error. Found ")", expected one of  "boolean" "byte" "char" "double" "float" "int" "long" "short"
Problem stacktrace : 
  com.github.javaparser.GeneratedJavaParser.generateParseException(GeneratedJavaParser.java:10271)
  com.github.javaparser.GeneratedJavaParser.jj_consume_token(GeneratedJavaParser.java:10130)
  com.github.javaparser.GeneratedJavaParser.Type(GeneratedJavaParser.java:1690)
  com.github.javaparser.GeneratedJavaParser.Parameter(GeneratedJavaParser.java:1441)
  com.github.javaparser.GeneratedJavaParser.Parameters(GeneratedJavaParser.java:1378)
  com.github.javaparser.GeneratedJavaParser.MethodDeclaration(GeneratedJavaParser.java:1207)
  com.github.javaparser.GeneratedJavaParser.ClassOrInterfaceBodyDeclaration(GeneratedJavaParser.java:952)
  com.github.javaparser.GeneratedJavaParser.ClassOrInterfaceBody(GeneratedJavaParser.java:846)
  com.github.javaparser.GeneratedJavaParser.ClassOrInterfaceDeclaration(GeneratedJavaParser.java:408)
  com.github.javaparser.GeneratedJavaParser.CompilationUnit(GeneratedJavaParser.java:154)
  com.github.javaparser.JavaParser.parse(JavaParser.java:126)
  com.github.javaparser.JavaParser.simplifiedParse(JavaParser.java:325)
  com.github.javaparser.JavaParser.parse(JavaParser.java:297)
  parser.JavaSourceMapper.getCompilationUnit(JavaSourceMapper.java:80)
  parser.JavaSourceMapper.addJavaFile(JavaSourceMapper.java:44)
  java.util.stream.ForEachOps$ForEachOp$OfRef.accept(ForEachOps.java:184)
  java.util.stream.ReferencePipeline$3$1.accept(ReferencePipeline.java:193)
  java.util.stream.ReferencePipeline$2$1.accept(ReferencePipeline.java:175)
  java.util.Iterator.forEachRemaining(Iterator.java:116)
  java.util.Spliterators$IteratorSpliterator.forEachRemaining(Spliterators.java:1801)
  java.util.stream.AbstractPipeline.copyInto(AbstractPipeline.java:481)
  java.util.stream.AbstractPipeline.wrapAndCopyInto(AbstractPipeline.java:471)
  java.util.stream.ForEachOps$ForEachOp.evaluateSequential(ForEachOps.java:151)
  java.util.stream.ForEachOps$ForEachOp$OfRef.evaluateSequential(ForEachOps.java:174)
  java.util.stream.AbstractPipeline.evaluate(AbstractPipeline.java:234)
  java.util.stream.ReferencePipeline.forEach(ReferencePipeline.java:418)
  parser.JavaSourceMapper.<init>(JavaSourceMapper.java:39)
  cache.ParserCache.getParser(ParserCache.java:24)
  application.LinkBasedOnQueue.processTest(LinkBasedOnQueue.java:180)
  application.LinkBasedOnQueue.main(LinkBasedOnQueue.java:107)

Tue May 15 18:36:32 UTC 2018: Cannot parse: (line 5,col 53) Parse error. Found ")", expected one of  "boolean" "byte" "char" "double" "float" "int" "long" "short"
Problem stacktrace : 
  com.github.javaparser.GeneratedJavaParser.generateParseException(GeneratedJavaParser.java:10271)
  com.github.javaparser.GeneratedJavaParser.jj_consume_token(GeneratedJavaParser.java:10130)
  com.github.javaparser.GeneratedJavaParser.Type(GeneratedJavaParser.java:1690)
  com.github.javaparser.GeneratedJavaParser.Parameter(GeneratedJavaParser.java:1441)
  com.github.javaparser.GeneratedJavaParser.Parameters(GeneratedJavaParser.java:1378)
  com.github.javaparser.GeneratedJavaParser.MethodDeclaration(GeneratedJavaParser.java:1207)
  com.github.javaparser.GeneratedJavaParser.ClassOrInterfaceBodyDeclaration(GeneratedJavaParser.java:952)
  com.github.javaparser.GeneratedJavaParser.ClassOrInterfaceBody(GeneratedJavaParser.java:846)
  com.github.javaparser.GeneratedJavaParser.ClassOrInterfaceDeclaration(GeneratedJavaParser.java:408)
  com.github.javaparser.GeneratedJavaParser.CompilationUnit(GeneratedJavaParser.java:154)
  com.github.javaparser.JavaParser.parse(JavaParser.java:126)
  com.github.javaparser.JavaParser.simplifiedParse(JavaParser.java:325)
  com.github.javaparser.JavaParser.parse(JavaParser.java:297)
  parser.JavaSourceMapper.getCompilationUnit(JavaSourceMapper.java:80)
  parser.JavaSourceMapper.addJavaFile(JavaSourceMapper.java:44)
  java.util.stream.ForEachOps$ForEachOp$OfRef.accept(ForEachOps.java:184)
  java.util.stream.ReferencePipeline$3$1.accept(ReferencePipeline.java:193)
  java.util.stream.ReferencePipeline$2$1.accept(ReferencePipeline.java:175)
  java.util.Iterator.forEachRemaining(Iterator.java:116)
  java.util.Spliterators$IteratorSpliterator.forEachRemaining(Spliterators.java:1801)
  java.util.stream.AbstractPipeline.copyInto(AbstractPipeline.java:481)
  java.util.stream.AbstractPipeline.wrapAndCopyInto(AbstractPipeline.java:471)
  java.util.stream.ForEachOps$ForEachOp.evaluateSequential(ForEachOps.java:151)
  java.util.stream.ForEachOps$ForEachOp$OfRef.evaluateSequential(ForEachOps.java:174)
  java.util.stream.AbstractPipeline.evaluate(AbstractPipeline.java:234)
  java.util.stream.ReferencePipeline.forEach(ReferencePipeline.java:418)
  parser.JavaSourceMapper.<init>(JavaSourceMapper.java:39)
  cache.ParserCache.getParser(ParserCache.java:24)
  application.LinkBasedOnQueue.processTest(LinkBasedOnQueue.java:180)
  application.LinkBasedOnQueue.main(LinkBasedOnQueue.java:107)

Tue May 15 18:36:53 UTC 2018: Cannot parse: (line 5,col 55) Parse error. Found ")", expected one of  "boolean" "byte" "char" "double" "float" "int" "long" "short"
Problem stacktrace : 
  com.github.javaparser.GeneratedJavaParser.generateParseException(GeneratedJavaParser.java:10271)
  com.github.javaparser.GeneratedJavaParser.jj_consume_token(GeneratedJavaParser.java:10130)
  com.github.javaparser.GeneratedJavaParser.Type(GeneratedJavaParser.java:1690)
  com.github.javaparser.GeneratedJavaParser.Parameter(GeneratedJavaParser.java:1441)
  com.github.javaparser.GeneratedJavaParser.Parameters(GeneratedJavaParser.java:1378)
  com.github.javaparser.GeneratedJavaParser.MethodDeclaration(GeneratedJavaParser.java:1207)
  com.github.javaparser.GeneratedJavaParser.ClassOrInterfaceBodyDeclaration(GeneratedJavaParser.java:952)
  com.github.javaparser.GeneratedJavaParser.ClassOrInterfaceBody(GeneratedJavaParser.java:846)
  com.github.javaparser.GeneratedJavaParser.ClassOrInterfaceDeclaration(GeneratedJavaParser.java:408)
  com.github.javaparser.GeneratedJavaParser.CompilationUnit(GeneratedJavaParser.java:154)
  com.github.javaparser.JavaParser.parse(JavaParser.java:126)
  com.github.javaparser.JavaParser.simplifiedParse(JavaParser.java:325)
  com.github.javaparser.JavaParser.parse(JavaParser.java:297)
  parser.JavaSourceMapper.getCompilationUnit(JavaSourceMapper.java:80)
  parser.JavaSourceMapper.addJavaFile(JavaSourceMapper.java:44)
  java.util.stream.ForEachOps$ForEachOp$OfRef.accept(ForEachOps.java:184)
  java.util.stream.ReferencePipeline$3$1.accept(ReferencePipeline.java:193)
  java.util.stream.ReferencePipeline$2$1.accept(ReferencePipeline.java:175)
  java.util.Iterator.forEachRemaining(Iterator.java:116)
  java.util.Spliterators$IteratorSpliterator.forEachRemaining(Spliterators.java:1801)
  java.util.stream.AbstractPipeline.copyInto(AbstractPipeline.java:481)
  java.util.stream.AbstractPipeline.wrapAndCopyInto(AbstractPipeline.java:471)
  java.util.stream.ForEachOps$ForEachOp.evaluateSequential(ForEachOps.java:151)
  java.util.stream.ForEachOps$ForEachOp$OfRef.evaluateSequential(ForEachOps.java:174)
  java.util.stream.AbstractPipeline.evaluate(AbstractPipeline.java:234)
  java.util.stream.ReferencePipeline.forEach(ReferencePipeline.java:418)
  parser.JavaSourceMapper.<init>(JavaSourceMapper.java:39)
  cache.ParserCache.getParser(ParserCache.java:24)
  application.LinkBasedOnQueue.processTest(LinkBasedOnQueue.java:180)
  application.LinkBasedOnQueue.main(LinkBasedOnQueue.java:107)

java.lang.NumberFormatException: For input string: "1.500_0F"
	at sun.misc.FloatingDecimal.readJavaFormatString(FloatingDecimal.java:2043)
	at sun.misc.FloatingDecimal.parseDouble(FloatingDecimal.java:110)
	at java.lang.Double.parseDouble(Double.java:538)
	at com.github.javaparser.ast.expr.DoubleLiteralExpr.asDouble(DoubleLiteralExpr.java:91)
	at parser.StructureBasedTraversal.visit(StructureBasedTraversal.java:195)
	at parser.StructureBasedTraversal.visit(StructureBasedTraversal.java:17)
	at com.github.javaparser.ast.expr.DoubleLiteralExpr.accept(DoubleLiteralExpr.java:76)
	at parser.StructureBasedTraversal.printElements(StructureBasedTraversal.java:39)
	at parser.StructureBasedTraversal.visit(StructureBasedTraversal.java:467)
	at parser.StructureBasedTraversal.visit(StructureBasedTraversal.java:17)
	at com.github.javaparser.ast.body.VariableDeclarator.accept(VariableDeclarator.java:149)
	at parser.StructureBasedTraversal.printElements(StructureBasedTraversal.java:29)
	at parser.StructureBasedTraversal.visit(StructureBasedTraversal.java:461)
	at parser.StructureBasedTraversal.visit(StructureBasedTraversal.java:17)
	at com.github.javaparser.ast.expr.VariableDeclarationExpr.accept(VariableDeclarationExpr.java:124)
	at parser.StructureBasedTraversal.printElements(StructureBasedTraversal.java:46)
	at parser.StructureBasedTraversal.visit(StructureBasedTraversal.java:229)
	at parser.StructureBasedTraversal.visit(StructureBasedTraversal.java:17)
	at com.github.javaparser.ast.stmt.ExpressionStmt.accept(ExpressionStmt.java:77)
	at parser.StructureBasedTraversal.printElements(StructureBasedTraversal.java:29)
	at parser.StructureBasedTraversal.visit(StructureBasedTraversal.java:113)
	at parser.StructureBasedTraversal.visit(StructureBasedTraversal.java:17)
	at com.github.javaparser.ast.stmt.BlockStmt.accept(BlockStmt.java:78)
	at parser.StructureBasedTraversal.printElements(StructureBasedTraversal.java:39)
	at parser.StructureBasedTraversal.visit(StructureBasedTraversal.java:320)
	at parser.StructureBasedTraversal.visit(StructureBasedTraversal.java:17)
	at com.github.javaparser.ast.body.MethodDeclaration.accept(MethodDeclaration.java:120)
	at parser.MethodFetchVisitor.nodeToSBTRepresentation(MethodFetchVisitor.java:74)
	at parser.MethodFetchVisitor.storeResult(MethodFetchVisitor.java:68)
	at parser.MethodFetchVisitor.visit(MethodFetchVisitor.java:52)
	at parser.MethodFetchVisitor.visit(MethodFetchVisitor.java:18)
	at com.github.javaparser.ast.body.MethodDeclaration.accept(MethodDeclaration.java:120)
	at com.github.javaparser.ast.visitor.VoidVisitorAdapter.lambda$visit$29(VoidVisitorAdapter.java:170)
	at java.util.ArrayList.forEach(ArrayList.java:1257)
	at com.github.javaparser.ast.NodeList.forEach(NodeList.java:267)
	at com.github.javaparser.ast.visitor.VoidVisitorAdapter.visit(VoidVisitorAdapter.java:170)
	at parser.MethodFetchVisitor.visit(MethodFetchVisitor.java:61)
	at parser.MethodFetchVisitor.visit(MethodFetchVisitor.java:18)
	at com.github.javaparser.ast.body.ClassOrInterfaceDeclaration.accept(ClassOrInterfaceDeclaration.java:105)
	at com.github.javaparser.ast.visitor.VoidVisitorAdapter.lambda$visit$40(VoidVisitorAdapter.java:192)
	at java.util.ArrayList.forEach(ArrayList.java:1257)
	at com.github.javaparser.ast.NodeList.forEach(NodeList.java:267)
	at com.github.javaparser.ast.visitor.VoidVisitorAdapter.visit(VoidVisitorAdapter.java:192)
	at com.github.javaparser.ast.CompilationUnit.accept(CompilationUnit.java:131)
	at parser.JavaSourceMapper.addJavaFile(JavaSourceMapper.java:59)
	at java.util.stream.ForEachOps$ForEachOp$OfRef.accept(ForEachOps.java:184)
	at java.util.stream.ReferencePipeline$3$1.accept(ReferencePipeline.java:193)
	at java.util.stream.ReferencePipeline$2$1.accept(ReferencePipeline.java:175)
	at java.util.Iterator.forEachRemaining(Iterator.java:116)
	at java.util.Spliterators$IteratorSpliterator.forEachRemaining(Spliterators.java:1801)
	at java.util.stream.AbstractPipeline.copyInto(AbstractPipeline.java:481)
	at java.util.stream.AbstractPipeline.wrapAndCopyInto(AbstractPipeline.java:471)
	at java.util.stream.ForEachOps$ForEachOp.evaluateSequential(ForEachOps.java:151)
	at java.util.stream.ForEachOps$ForEachOp$OfRef.evaluateSequential(ForEachOps.java:174)
	at java.util.stream.AbstractPipeline.evaluate(AbstractPipeline.java:234)
	at java.util.stream.ReferencePipeline.forEach(ReferencePipeline.java:418)
	at parser.JavaSourceMapper.<init>(JavaSourceMapper.java:39)
	at cache.ParserCache.getParser(ParserCache.java:24)
	at application.LinkBasedOnQueue.processTest(LinkBasedOnQueue.java:180)
	at application.LinkBasedOnQueue.main(LinkBasedOnQueue.java:107)
Tue May 15 18:36:54 UTC 2018: Cannot parse: (line 5,col 59) Parse error. Found ")", expected one of  "boolean" "byte" "char" "double" "float" "int" "long" "short"
Problem stacktrace : 
  com.github.javaparser.GeneratedJavaParser.generateParseException(GeneratedJavaParser.java:10271)
  com.github.javaparser.GeneratedJavaParser.jj_consume_token(GeneratedJavaParser.java:10130)
  com.github.javaparser.GeneratedJavaParser.Type(GeneratedJavaParser.java:1690)
  com.github.javaparser.GeneratedJavaParser.Parameter(GeneratedJavaParser.java:1441)
  com.github.javaparser.GeneratedJavaParser.Parameters(GeneratedJavaParser.java:1378)
  com.github.javaparser.GeneratedJavaParser.MethodDeclaration(GeneratedJavaParser.java:1207)
  com.github.javaparser.GeneratedJavaParser.ClassOrInterfaceBodyDeclaration(GeneratedJavaParser.java:952)
  com.github.javaparser.GeneratedJavaParser.ClassOrInterfaceBody(GeneratedJavaParser.java:846)
  com.github.javaparser.GeneratedJavaParser.ClassOrInterfaceDeclaration(GeneratedJavaParser.java:408)
  com.github.javaparser.GeneratedJavaParser.CompilationUnit(GeneratedJavaParser.java:154)
  com.github.javaparser.JavaParser.parse(JavaParser.java:126)
  com.github.javaparser.JavaParser.simplifiedParse(JavaParser.java:325)
  com.github.javaparser.JavaParser.parse(JavaParser.java:297)
  parser.JavaSourceMapper.getCompilationUnit(JavaSourceMapper.java:80)
  parser.JavaSourceMapper.addJavaFile(JavaSourceMapper.java:44)
  java.util.stream.ForEachOps$ForEachOp$OfRef.accept(ForEachOps.java:184)
  java.util.stream.ReferencePipeline$3$1.accept(ReferencePipeline.java:193)
  java.util.stream.ReferencePipeline$2$1.accept(ReferencePipeline.java:175)
  java.util.Iterator.forEachRemaining(Iterator.java:116)
  java.util.Spliterators$IteratorSpliterator.forEachRemaining(Spliterators.java:1801)
  java.util.stream.AbstractPipeline.copyInto(AbstractPipeline.java:481)
  java.util.stream.AbstractPipeline.wrapAndCopyInto(AbstractPipeline.java:471)
  java.util.stream.ForEachOps$ForEachOp.evaluateSequential(ForEachOps.java:151)
  java.util.stream.ForEachOps$ForEachOp$OfRef.evaluateSequential(ForEachOps.java:174)
  java.util.stream.AbstractPipeline.evaluate(AbstractPipeline.java:234)
  java.util.stream.ReferencePipeline.forEach(ReferencePipeline.java:418)
  parser.JavaSourceMapper.<init>(JavaSourceMapper.java:39)
  cache.ParserCache.getParser(ParserCache.java:24)
  application.LinkBasedOnQueue.processTest(LinkBasedOnQueue.java:180)
  application.LinkBasedOnQueue.main(LinkBasedOnQueue.java:107)

Tue May 15 18:36:54 UTC 2018: Cannot parse: (line 5,col 51) Parse error. Found ")", expected one of  "boolean" "byte" "char" "double" "float" "int" "long" "short"
Problem stacktrace : 
  com.github.javaparser.GeneratedJavaParser.generateParseException(GeneratedJavaParser.java:10271)
  com.github.javaparser.GeneratedJavaParser.jj_consume_token(GeneratedJavaParser.java:10130)
  com.github.javaparser.GeneratedJavaParser.Type(GeneratedJavaParser.java:1690)
  com.github.javaparser.GeneratedJavaParser.Parameter(GeneratedJavaParser.java:1441)
  com.github.javaparser.GeneratedJavaParser.Parameters(GeneratedJavaParser.java:1378)
  com.github.javaparser.GeneratedJavaParser.MethodDeclaration(GeneratedJavaParser.java:1207)
  com.github.javaparser.GeneratedJavaParser.ClassOrInterfaceBodyDeclaration(GeneratedJavaParser.java:952)
  com.github.javaparser.GeneratedJavaParser.ClassOrInterfaceBody(GeneratedJavaParser.java:846)
  com.github.javaparser.GeneratedJavaParser.ClassOrInterfaceDeclaration(GeneratedJavaParser.java:408)
  com.github.javaparser.GeneratedJavaParser.CompilationUnit(GeneratedJavaParser.java:154)
  com.github.javaparser.JavaParser.parse(JavaParser.java:126)
  com.github.javaparser.JavaParser.simplifiedParse(JavaParser.java:325)
  com.github.javaparser.JavaParser.parse(JavaParser.java:297)
  parser.JavaSourceMapper.getCompilationUnit(JavaSourceMapper.java:80)
  parser.JavaSourceMapper.addJavaFile(JavaSourceMapper.java:44)
  java.util.stream.ForEachOps$ForEachOp$OfRef.accept(ForEachOps.java:184)
  java.util.stream.ReferencePipeline$3$1.accept(ReferencePipeline.java:193)
  java.util.stream.ReferencePipeline$2$1.accept(ReferencePipeline.java:175)
  java.util.Iterator.forEachRemaining(Iterator.java:116)
  java.util.Spliterators$IteratorSpliterator.forEachRemaining(Spliterators.java:1801)
  java.util.stream.AbstractPipeline.copyInto(AbstractPipeline.java:481)
  java.util.stream.AbstractPipeline.wrapAndCopyInto(AbstractPipeline.java:471)
  java.util.stream.ForEachOps$ForEachOp.evaluateSequential(ForEachOps.java:151)
  java.util.stream.ForEachOps$ForEachOp$OfRef.evaluateSequential(ForEachOps.java:174)
  java.util.stream.AbstractPipeline.evaluate(AbstractPipeline.java:234)
  java.util.stream.ReferencePipeline.forEach(ReferencePipeline.java:418)
  parser.JavaSourceMapper.<init>(JavaSourceMapper.java:39)
  cache.ParserCache.getParser(ParserCache.java:24)
  application.LinkBasedOnQueue.processTest(LinkBasedOnQueue.java:180)
  application.LinkBasedOnQueue.main(LinkBasedOnQueue.java:107)

Tue May 15 18:36:54 UTC 2018: Cannot parse: (line 5,col 51) Parse error. Found ")", expected one of  "boolean" "byte" "char" "double" "float" "int" "long" "short"
Problem stacktrace : 
  com.github.javaparser.GeneratedJavaParser.generateParseException(GeneratedJavaParser.java:10271)
  com.github.javaparser.GeneratedJavaParser.jj_consume_token(GeneratedJavaParser.java:10130)
  com.github.javaparser.GeneratedJavaParser.Type(GeneratedJavaParser.java:1690)
  com.github.javaparser.GeneratedJavaParser.Parameter(GeneratedJavaParser.java:1441)
  com.github.javaparser.GeneratedJavaParser.Parameters(GeneratedJavaParser.java:1378)
  com.github.javaparser.GeneratedJavaParser.MethodDeclaration(GeneratedJavaParser.java:1207)
  com.github.javaparser.GeneratedJavaParser.ClassOrInterfaceBodyDeclaration(GeneratedJavaParser.java:952)
  com.github.javaparser.GeneratedJavaParser.ClassOrInterfaceBody(GeneratedJavaParser.java:846)
  com.github.javaparser.GeneratedJavaParser.ClassOrInterfaceDeclaration(GeneratedJavaParser.java:408)
  com.github.javaparser.GeneratedJavaParser.CompilationUnit(GeneratedJavaParser.java:154)
  com.github.javaparser.JavaParser.parse(JavaParser.java:126)
  com.github.javaparser.JavaParser.simplifiedParse(JavaParser.java:325)
  com.github.javaparser.JavaParser.parse(JavaParser.java:297)
  parser.JavaSourceMapper.getCompilationUnit(JavaSourceMapper.java:80)
  parser.JavaSourceMapper.addJavaFile(JavaSourceMapper.java:44)
  java.util.stream.ForEachOps$ForEachOp$OfRef.accept(ForEachOps.java:184)
  java.util.stream.ReferencePipeline$3$1.accept(ReferencePipeline.java:193)
  java.util.stream.ReferencePipeline$2$1.accept(ReferencePipeline.java:175)
  java.util.Iterator.forEachRemaining(Iterator.java:116)
  java.util.Spliterators$IteratorSpliterator.forEachRemaining(Spliterators.java:1801)
  java.util.stream.AbstractPipeline.copyInto(AbstractPipeline.java:481)
  java.util.stream.AbstractPipeline.wrapAndCopyInto(AbstractPipeline.java:471)
  java.util.stream.ForEachOps$ForEachOp.evaluateSequential(ForEachOps.java:151)
  java.util.stream.ForEachOps$ForEachOp$OfRef.evaluateSequential(ForEachOps.java:174)
  java.util.stream.AbstractPipeline.evaluate(AbstractPipeline.java:234)
  java.util.stream.ReferencePipeline.forEach(ReferencePipeline.java:418)
  parser.JavaSourceMapper.<init>(JavaSourceMapper.java:39)
  cache.ParserCache.getParser(ParserCache.java:24)
  application.LinkBasedOnQueue.processTest(LinkBasedOnQueue.java:180)
  application.LinkBasedOnQueue.main(LinkBasedOnQueue.java:107)

Tue May 15 18:36:56 UTC 2018: Cannot parse: (line 49,col 51) Parse error. Found ")", expected one of  "boolean" "byte" "char" "double" "float" "int" "long" "short"
Problem stacktrace : 
  com.github.javaparser.GeneratedJavaParser.generateParseException(GeneratedJavaParser.java:10271)
  com.github.javaparser.GeneratedJavaParser.jj_consume_token(GeneratedJavaParser.java:10130)
  com.github.javaparser.GeneratedJavaParser.Type(GeneratedJavaParser.java:1690)
  com.github.javaparser.GeneratedJavaParser.Parameter(GeneratedJavaParser.java:1441)
  com.github.javaparser.GeneratedJavaParser.Parameters(GeneratedJavaParser.java:1378)
  com.github.javaparser.GeneratedJavaParser.MethodDeclaration(GeneratedJavaParser.java:1207)
  com.github.javaparser.GeneratedJavaParser.ClassOrInterfaceBodyDeclaration(GeneratedJavaParser.java:952)
  com.github.javaparser.GeneratedJavaParser.ClassOrInterfaceBody(GeneratedJavaParser.java:846)
  com.github.javaparser.GeneratedJavaParser.ClassOrInterfaceDeclaration(GeneratedJavaParser.java:408)
  com.github.javaparser.GeneratedJavaParser.CompilationUnit(GeneratedJavaParser.java:154)
  com.github.javaparser.JavaParser.parse(JavaParser.java:126)
  com.github.javaparser.JavaParser.simplifiedParse(JavaParser.java:325)
  com.github.javaparser.JavaParser.parse(JavaParser.java:297)
  parser.JavaSourceMapper.getCompilationUnit(JavaSourceMapper.java:80)
  parser.JavaSourceMapper.addJavaFile(JavaSourceMapper.java:44)
  java.util.stream.ForEachOps$ForEachOp$OfRef.accept(ForEachOps.java:184)
  java.util.stream.ReferencePipeline$3$1.accept(ReferencePipeline.java:193)
  java.util.stream.ReferencePipeline$2$1.accept(ReferencePipeline.java:175)
  java.util.Iterator.forEachRemaining(Iterator.java:116)
  java.util.Spliterators$IteratorSpliterator.forEachRemaining(Spliterators.java:1801)
  java.util.stream.AbstractPipeline.copyInto(AbstractPipeline.java:481)
  java.util.stream.AbstractPipeline.wrapAndCopyInto(AbstractPipeline.java:471)
  java.util.stream.ForEachOps$ForEachOp.evaluateSequential(ForEachOps.java:151)
  java.util.stream.ForEachOps$ForEachOp$OfRef.evaluateSequential(ForEachOps.java:174)
  java.util.stream.AbstractPipeline.evaluate(AbstractPipeline.java:234)
  java.util.stream.ReferencePipeline.forEach(ReferencePipeline.java:418)
  parser.JavaSourceMapper.<init>(JavaSourceMapper.java:39)
  cache.ParserCache.getParser(ParserCache.java:24)
  application.LinkBasedOnQueue.processTest(LinkBasedOnQueue.java:180)
  application.LinkBasedOnQueue.main(LinkBasedOnQueue.java:107)

Tue May 15 18:36:56 UTC 2018: Cannot parse: Lexical error at line 156, column 24.  Encountered: "\\" (92), after : "\'\\u005C"
Problem stacktrace : 
  com.github.javaparser.GeneratedJavaParserTokenManager.getNextToken(GeneratedJavaParserTokenManager.java:2798)
  com.github.javaparser.GeneratedJavaParser.jj_ntk_f(GeneratedJavaParser.java:10179)
  com.github.javaparser.GeneratedJavaParser.UnaryExpression(GeneratedJavaParser.java:2684)
  com.github.javaparser.GeneratedJavaParser.MultiplicativeExpression(GeneratedJavaParser.java:2640)
  com.github.javaparser.GeneratedJavaParser.AdditiveExpression(GeneratedJavaParser.java:2602)
  com.github.javaparser.GeneratedJavaParser.ShiftExpression(GeneratedJavaParser.java:2566)
  com.github.javaparser.GeneratedJavaParser.RelationalExpression(GeneratedJavaParser.java:2516)
  com.github.javaparser.GeneratedJavaParser.InstanceOfExpression(GeneratedJavaParser.java:2498)
  com.github.javaparser.GeneratedJavaParser.EqualityExpression(GeneratedJavaParser.java:2460)
  com.github.javaparser.GeneratedJavaParser.AndExpression(GeneratedJavaParser.java:2438)
  com.github.javaparser.GeneratedJavaParser.ExclusiveOrExpression(GeneratedJavaParser.java:2417)
  com.github.javaparser.GeneratedJavaParser.InclusiveOrExpression(GeneratedJavaParser.java:2396)
  com.github.javaparser.GeneratedJavaParser.ConditionalAndExpression(GeneratedJavaParser.java:2375)
  com.github.javaparser.GeneratedJavaParser.ConditionalOrExpression(GeneratedJavaParser.java:2354)
  com.github.javaparser.GeneratedJavaParser.ConditionalExpression(GeneratedJavaParser.java:2335)
  com.github.javaparser.GeneratedJavaParser.Expression(GeneratedJavaParser.java:2170)
  com.github.javaparser.GeneratedJavaParser.StatementExpression(GeneratedJavaParser.java:4093)
  com.github.javaparser.GeneratedJavaParser.Statement(GeneratedJavaParser.java:3722)
  com.github.javaparser.GeneratedJavaParser.BlockStatement(GeneratedJavaParser.java:3897)
  com.github.javaparser.GeneratedJavaParser.Statements(GeneratedJavaParser.java:1644)
  com.github.javaparser.GeneratedJavaParser.Block(GeneratedJavaParser.java:3817)
  com.github.javaparser.GeneratedJavaParser.MethodDeclaration(GeneratedJavaParser.java:1251)
  com.github.javaparser.GeneratedJavaParser.ClassOrInterfaceBodyDeclaration(GeneratedJavaParser.java:952)
  com.github.javaparser.GeneratedJavaParser.ClassOrInterfaceBody(GeneratedJavaParser.java:846)
  com.github.javaparser.GeneratedJavaParser.ClassOrInterfaceDeclaration(GeneratedJavaParser.java:408)
  com.github.javaparser.GeneratedJavaParser.CompilationUnit(GeneratedJavaParser.java:154)
  com.github.javaparser.JavaParser.parse(JavaParser.java:126)
  com.github.javaparser.JavaParser.simplifiedParse(JavaParser.java:325)
  com.github.javaparser.JavaParser.parse(JavaParser.java:159)
  com.github.javaparser.JavaParser.parse(JavaParser.java:172)
  parser.JavaSourceMapper.getCompilationUnit(JavaSourceMapper.java:76)
  parser.JavaSourceMapper.addJavaFile(JavaSourceMapper.java:44)
  java.util.stream.ForEachOps$ForEachOp$OfRef.accept(ForEachOps.java:184)
  java.util.stream.ReferencePipeline$3$1.accept(ReferencePipeline.java:193)
  java.util.stream.ReferencePipeline$2$1.accept(ReferencePipeline.java:175)
  java.util.Iterator.forEachRemaining(Iterator.java:116)
  java.util.Spliterators$IteratorSpliterator.forEachRemaining(Spliterators.java:1801)
  java.util.stream.AbstractPipeline.copyInto(AbstractPipeline.java:481)
  java.util.stream.AbstractPipeline.wrapAndCopyInto(AbstractPipeline.java:471)
  java.util.stream.ForEachOps$ForEachOp.evaluateSequential(ForEachOps.java:151)
  java.util.stream.ForEachOps$ForEachOp$OfRef.evaluateSequential(ForEachOps.java:174)
  java.util.stream.AbstractPipeline.evaluate(AbstractPipeline.java:234)
  java.util.stream.ReferencePipeline.forEach(ReferencePipeline.java:418)
  parser.JavaSourceMapper.<init>(JavaSourceMapper.java:39)
  cache.ParserCache.getParser(ParserCache.java:24)
  application.LinkBasedOnQueue.processTest(LinkBasedOnQueue.java:180)
  application.LinkBasedOnQueue.main(LinkBasedOnQueue.java:107)

Tue May 15 18:36:56 UTC 2018: Cannot parse: Lexical error at line 8, column 21.  Encountered: "r" (114), after : "\'\\u005c"
Problem stacktrace : 
  com.github.javaparser.GeneratedJavaParserTokenManager.getNextToken(GeneratedJavaParserTokenManager.java:2798)
  com.github.javaparser.GeneratedJavaParser.jj_ntk_f(GeneratedJavaParser.java:10179)
  com.github.javaparser.GeneratedJavaParser.VariableInitializer(GeneratedJavaParser.java:1044)
  com.github.javaparser.GeneratedJavaParser.VariableDeclarator(GeneratedJavaParser.java:1006)
  com.github.javaparser.GeneratedJavaParser.FieldDeclaration(GeneratedJavaParser.java:978)
  com.github.javaparser.GeneratedJavaParser.ClassOrInterfaceBodyDeclaration(GeneratedJavaParser.java:925)
  com.github.javaparser.GeneratedJavaParser.ClassOrInterfaceBody(GeneratedJavaParser.java:846)
  com.github.javaparser.GeneratedJavaParser.ClassOrInterfaceDeclaration(GeneratedJavaParser.java:408)
  com.github.javaparser.GeneratedJavaParser.CompilationUnit(GeneratedJavaParser.java:154)
  com.github.javaparser.JavaParser.parse(JavaParser.java:126)
  com.github.javaparser.JavaParser.simplifiedParse(JavaParser.java:325)
  com.github.javaparser.JavaParser.parse(JavaParser.java:159)
  com.github.javaparser.JavaParser.parse(JavaParser.java:172)
  parser.JavaSourceMapper.getCompilationUnit(JavaSourceMapper.java:76)
  parser.JavaSourceMapper.addJavaFile(JavaSourceMapper.java:44)
  java.util.stream.ForEachOps$ForEachOp$OfRef.accept(ForEachOps.java:184)
  java.util.stream.ReferencePipeline$3$1.accept(ReferencePipeline.java:193)
  java.util.stream.ReferencePipeline$2$1.accept(ReferencePipeline.java:175)
  java.util.Iterator.forEachRemaining(Iterator.java:116)
  java.util.Spliterators$IteratorSpliterator.forEachRemaining(Spliterators.java:1801)
  java.util.stream.AbstractPipeline.copyInto(AbstractPipeline.java:481)
  java.util.stream.AbstractPipeline.wrapAndCopyInto(AbstractPipeline.java:471)
  java.util.stream.ForEachOps$ForEachOp.evaluateSequential(ForEachOps.java:151)
  java.util.stream.ForEachOps$ForEachOp$OfRef.evaluateSequential(ForEachOps.java:174)
  java.util.stream.AbstractPipeline.evaluate(AbstractPipeline.java:234)
  java.util.stream.ReferencePipeline.forEach(ReferencePipeline.java:418)
  parser.JavaSourceMapper.<init>(JavaSourceMapper.java:39)
  cache.ParserCache.getParser(ParserCache.java:24)
  application.LinkBasedOnQueue.processTest(LinkBasedOnQueue.java:180)
  application.LinkBasedOnQueue.main(LinkBasedOnQueue.java:107)

Tue May 15 18:36:56 UTC 2018: Cannot parse: (line 5,col 47) Parse error. Found ")", expected one of  "boolean" "byte" "char" "double" "float" "int" "long" "short"
Problem stacktrace : 
  com.github.javaparser.GeneratedJavaParser.generateParseException(GeneratedJavaParser.java:10271)
  com.github.javaparser.GeneratedJavaParser.jj_consume_token(GeneratedJavaParser.java:10130)
  com.github.javaparser.GeneratedJavaParser.Type(GeneratedJavaParser.java:1690)
  com.github.javaparser.GeneratedJavaParser.Parameter(GeneratedJavaParser.java:1441)
  com.github.javaparser.GeneratedJavaParser.Parameters(GeneratedJavaParser.java:1378)
  com.github.javaparser.GeneratedJavaParser.MethodDeclaration(GeneratedJavaParser.java:1207)
  com.github.javaparser.GeneratedJavaParser.ClassOrInterfaceBodyDeclaration(GeneratedJavaParser.java:952)
  com.github.javaparser.GeneratedJavaParser.ClassOrInterfaceBody(GeneratedJavaParser.java:846)
  com.github.javaparser.GeneratedJavaParser.ClassOrInterfaceDeclaration(GeneratedJavaParser.java:408)
  com.github.javaparser.GeneratedJavaParser.CompilationUnit(GeneratedJavaParser.java:154)
  com.github.javaparser.JavaParser.parse(JavaParser.java:126)
  com.github.javaparser.JavaParser.simplifiedParse(JavaParser.java:325)
  com.github.javaparser.JavaParser.parse(JavaParser.java:297)
  parser.JavaSourceMapper.getCompilationUnit(JavaSourceMapper.java:80)
  parser.JavaSourceMapper.addJavaFile(JavaSourceMapper.java:44)
  java.util.stream.ForEachOps$ForEachOp$OfRef.accept(ForEachOps.java:184)
  java.util.stream.ReferencePipeline$3$1.accept(ReferencePipeline.java:193)
  java.util.stream.ReferencePipeline$2$1.accept(ReferencePipeline.java:175)
  java.util.Iterator.forEachRemaining(Iterator.java:116)
  java.util.Spliterators$IteratorSpliterator.forEachRemaining(Spliterators.java:1801)
  java.util.stream.AbstractPipeline.copyInto(AbstractPipeline.java:481)
  java.util.stream.AbstractPipeline.wrapAndCopyInto(AbstractPipeline.java:471)
  java.util.stream.ForEachOps$ForEachOp.evaluateSequential(ForEachOps.java:151)
  java.util.stream.ForEachOps$ForEachOp$OfRef.evaluateSequential(ForEachOps.java:174)
  java.util.stream.AbstractPipeline.evaluate(AbstractPipeline.java:234)
  java.util.stream.ReferencePipeline.forEach(ReferencePipeline.java:418)
  parser.JavaSourceMapper.<init>(JavaSourceMapper.java:39)
  cache.ParserCache.getParser(ParserCache.java:24)
  application.LinkBasedOnQueue.processTest(LinkBasedOnQueue.java:180)
  application.LinkBasedOnQueue.main(LinkBasedOnQueue.java:107)

Exception in thread "main" java.lang.NullPointerException
	at com.ibm.wala.ipa.summaries.LambdaSummaryClass.makeTrampoline(LambdaSummaryClass.java:274)
	at com.ibm.wala.ipa.summaries.LambdaSummaryClass.<init>(LambdaSummaryClass.java:71)
	at com.ibm.wala.ipa.summaries.LambdaSummaryClass.findOrCreate(LambdaSummaryClass.java:53)
	at com.ibm.wala.ipa.summaries.LambdaMethodTargetSelector.getCalleeTarget(LambdaMethodTargetSelector.java:65)
	at com.ibm.wala.ipa.summaries.BypassMethodTargetSelector.getCalleeTarget(BypassMethodTargetSelector.java:136)
	at com.ibm.wala.ipa.callgraph.propagation.PropagationCallGraphBuilder.getTargetForCall(PropagationCallGraphBuilder.java:717)
	at com.ibm.wala.ipa.callgraph.propagation.SSAPropagationCallGraphBuilder$1.apply(SSAPropagationCallGraphBuilder.java:2032)
	at com.ibm.wala.ipa.callgraph.propagation.SSAPropagationCallGraphBuilder$1.apply(SSAPropagationCallGraphBuilder.java:2025)
	at com.ibm.wala.ipa.callgraph.propagation.SSAPropagationCallGraphBuilder$CrossProductRec.rec(SSAPropagationCallGraphBuilder.java:533)
	at com.ibm.wala.ipa.callgraph.propagation.SSAPropagationCallGraphBuilder.iterateCrossProduct(SSAPropagationCallGraphBuilder.java:2013)
	at com.ibm.wala.ipa.callgraph.propagation.SSAPropagationCallGraphBuilder.getTargetsForCall(SSAPropagationCallGraphBuilder.java:2038)
	at com.ibm.wala.ipa.callgraph.propagation.SSAPropagationCallGraphBuilder$ConstraintVisitor.visitInvokeInternal(SSAPropagationCallGraphBuilder.java:1143)
	at com.ibm.wala.ipa.callgraph.propagation.SSAPropagationCallGraphBuilder$ConstraintVisitor.visitInvoke(SSAPropagationCallGraphBuilder.java:1113)
	at com.ibm.wala.ssa.SSAInvokeInstruction.visit(SSAInvokeInstruction.java:87)
	at com.ibm.wala.ipa.callgraph.propagation.SSAPropagationCallGraphBuilder.addBlockInstructionConstraints(SSAPropagationCallGraphBuilder.java:291)
	at com.ibm.wala.ipa.callgraph.propagation.SSAPropagationCallGraphBuilder.addNodeInstructionConstraints(SSAPropagationCallGraphBuilder.java:261)
	at com.ibm.wala.ipa.callgraph.propagation.SSAPropagationCallGraphBuilder.unconditionallyAddConstraintsFromNode(SSAPropagationCallGraphBuilder.java:233)
	at com.ibm.wala.ipa.callgraph.propagation.SSAPropagationCallGraphBuilder.addConstraintsFromNode(SSAPropagationCallGraphBuilder.java:199)
	at com.ibm.wala.ipa.callgraph.propagation.PropagationCallGraphBuilder.addConstraintsFromNewNodes(PropagationCallGraphBuilder.java:337)
	at com.ibm.wala.ipa.callgraph.propagation.StandardSolver.solve(StandardSolver.java:58)
	at com.ibm.wala.ipa.callgraph.propagation.PropagationCallGraphBuilder.makeCallGraph(PropagationCallGraphBuilder.java:270)
	at slicer.ClassAnalyzer.initialize(ClassAnalyzer.java:79)
	at slicer.ClassAnalyzer.<init>(ClassAnalyzer.java:39)
	at slicer.Slicer.<init>(Slicer.java:30)
	at linker.UnitTestLinker.getSlicer(UnitTestLinker.java:117)
	at linker.methods.BytecodeAnalysisWithLargestMatchingClass.initialize(BytecodeAnalysisWithLargestMatchingClass.java:31)
	at application.LinkBasedOnQueue.getUnitTestLinker(LinkBasedOnQueue.java:226)
	at application.LinkBasedOnQueue.processTest(LinkBasedOnQueue.java:191)
	at application.LinkBasedOnQueue.main(LinkBasedOnQueue.java:107)
