Tue May 15 18:42:44 UTC 2018: Database:jdbc:mysql://localhost:3306/unittests
Tue May 15 18:42:44 UTC 2018: Starting
Tue May 15 18:42:45 UTC 2018: Found element on the queue
Tue May 15 18:42:45 UTC 2018: Updating status
Tue May 15 18:42:45 UTC 2018: Working
Tue May 15 18:42:45 UTC 2018: Create project parser
Tue May 15 18:42:51 UTC 2018: Create slicer
Tue May 15 18:42:58 UTC 2018: Create call graph
Tue May 15 18:43:07 UTC 2018: Create point analysis
Tue May 15 18:43:08 UTC 2018: Create call graph done
Tue May 15 18:43:08 UTC 2018: Start goldchang__jenkins test class hudson.cli.PrivateKeyProviderTest
Tue May 15 18:43:08 UTC 2018: Setting lastTestMethodIndex: 42491
Tue May 15 18:43:08 UTC 2018: Starting linking
Tue May 15 18:43:08 UTC 2018: No link for: hudson.cli.PrivateKeyProviderTest-specifyKeysExplicitly
Tue May 15 18:43:08 UTC 2018: None match not added in database because it already exists
Tue May 15 18:43:08 UTC 2018: No link for: hudson.cli.PrivateKeyProviderTest-useDefaultKeyLocations
Tue May 15 18:43:08 UTC 2018: None match not added in database because it already exists
Tue May 15 18:43:08 UTC 2018: Linking done for goldchang__jenkins test class hudson.cli.PrivateKeyProviderTest
Tue May 15 18:43:09 UTC 2018: Found element on the queue
Tue May 15 18:43:09 UTC 2018: Updating status
Tue May 15 18:43:09 UTC 2018: Working
Tue May 15 18:43:13 UTC 2018: Start goldchang__jenkins test class hudson.cli.ConnectionTest
Tue May 15 18:43:13 UTC 2018: Setting lastTestMethodIndex: 42495
Tue May 15 18:43:13 UTC 2018: Starting linking
Tue May 15 18:43:13 UTC 2018: No link for: hudson.cli.ConnectionTest-testEncrypt
Tue May 15 18:43:13 UTC 2018: None match not added in database because it already exists
Tue May 15 18:43:13 UTC 2018: Linking done for goldchang__jenkins test class hudson.cli.ConnectionTest
Tue May 15 18:43:14 UTC 2018: Found element on the queue
Tue May 15 18:43:14 UTC 2018: Updating status
Tue May 15 18:43:14 UTC 2018: Working
Tue May 15 18:43:17 UTC 2018: Start goldchang__jenkins test class hudson.cli.ConnectionMockTest
Tue May 15 18:43:17 UTC 2018: Setting lastTestMethodIndex: 42499
Tue May 15 18:43:17 UTC 2018: Starting linking
Tue May 15 18:43:17 UTC 2018: No link for: hudson.cli.ConnectionMockTest-shouldTolerateEmptyByteArrayUponStreamZeroValue
Tue May 15 18:43:17 UTC 2018: None match not added in database because it already exists
Tue May 15 18:43:17 UTC 2018: Linking done for goldchang__jenkins test class hudson.cli.ConnectionMockTest
Tue May 15 18:43:18 UTC 2018: Found element on the queue
Tue May 15 18:43:18 UTC 2018: Updating status
Tue May 15 18:43:18 UTC 2018: Working
Tue May 15 18:43:18 UTC 2018: Create project parser
Tue May 15 18:43:39 UTC 2018: Start goldchang__jenkins test class jenkins.ResilientJsonObjectTest
Tue May 15 18:43:39 UTC 2018: Setting lastTestMethodIndex: 42513
Tue May 15 18:43:39 UTC 2018: Starting linking
Tue May 15 18:43:39 UTC 2018: Linking done for goldchang__jenkins test class jenkins.ResilientJsonObjectTest
Tue May 15 18:43:40 UTC 2018: Found element on the queue
Tue May 15 18:43:40 UTC 2018: Updating status
Tue May 15 18:43:40 UTC 2018: Working
Tue May 15 18:43:43 UTC 2018: Start goldchang__jenkins test class jenkins.model.RunIdMigratorTest
Tue May 15 18:43:43 UTC 2018: Setting lastTestMethodIndex: 42517
Tue May 15 18:43:43 UTC 2018: Starting linking
Tue May 15 18:43:43 UTC 2018: Code found jenkins.model.RunIdMigrator-move with jenkins.model.RunIdMigratorTest-move
Tue May 15 18:43:43 UTC 2018: Match not added in database because it already exists
Tue May 15 18:43:43 UTC 2018: No link for: jenkins.model.RunIdMigratorTest-newJob
Tue May 15 18:43:43 UTC 2018: None match not added in database because it already exists
Tue May 15 18:43:43 UTC 2018: No link for: jenkins.model.RunIdMigratorTest-legacy
Tue May 15 18:43:43 UTC 2018: None match not added in database because it already exists
Tue May 15 18:43:43 UTC 2018: No link for: jenkins.model.RunIdMigratorTest-reverseAfterNewBuilds
Tue May 15 18:43:43 UTC 2018: None match not added in database because it already exists
Tue May 15 18:43:43 UTC 2018: No link for: jenkins.model.RunIdMigratorTest-reRunMigration
Tue May 15 18:43:44 UTC 2018: None match not added in database because it already exists
Tue May 15 18:43:44 UTC 2018: No link for: jenkins.model.RunIdMigratorTest-reverseImmediately
Tue May 15 18:43:44 UTC 2018: None match not added in database because it already exists
Tue May 15 18:43:44 UTC 2018: Linking done for goldchang__jenkins test class jenkins.model.RunIdMigratorTest
Tue May 15 18:43:45 UTC 2018: Found element on the queue
Tue May 15 18:43:45 UTC 2018: Updating status
Tue May 15 18:43:45 UTC 2018: Working
Tue May 15 18:43:48 UTC 2018: Start goldchang__jenkins test class jenkins.model.JenkinsGetRootUrlTest
Tue May 15 18:43:48 UTC 2018: Setting lastTestMethodIndex: 42521
Tue May 15 18:43:48 UTC 2018: Starting linking
Tue May 15 18:43:48 UTC 2018: No link for: jenkins.model.JenkinsGetRootUrlTest-getConfiguredRootUrl
Tue May 15 18:43:48 UTC 2018: None match not added in database because it already exists
Tue May 15 18:43:48 UTC 2018: No link for: jenkins.model.JenkinsGetRootUrlTest-getAccessedRootUrl
Tue May 15 18:43:48 UTC 2018: None match not added in database because it already exists
Tue May 15 18:43:48 UTC 2018: No link for: jenkins.model.JenkinsGetRootUrlTest-doNotInheritProtocolWhenDispatchingRequest2
Tue May 15 18:43:48 UTC 2018: None match not added in database because it already exists
Tue May 15 18:43:48 UTC 2018: No link for: jenkins.model.JenkinsGetRootUrlTest-preferConfiguredOverAccessed
Tue May 15 18:43:48 UTC 2018: None match not added in database because it already exists
Tue May 15 18:43:48 UTC 2018: No link for: jenkins.model.JenkinsGetRootUrlTest-doNotInheritProtocolWhenDispatchingRequest
Tue May 15 18:43:49 UTC 2018: None match not added in database because it already exists
Tue May 15 18:43:49 UTC 2018: No link for: jenkins.model.JenkinsGetRootUrlTest-useForwardedProtoWhenPresent
Tue May 15 18:43:49 UTC 2018: None match not added in database because it already exists
Tue May 15 18:43:49 UTC 2018: Linking done for goldchang__jenkins test class jenkins.model.JenkinsGetRootUrlTest
Tue May 15 18:43:49 UTC 2018: Found element on the queue
Tue May 15 18:43:49 UTC 2018: Updating status
Tue May 15 18:43:49 UTC 2018: Working
Tue May 15 18:43:53 UTC 2018: Start goldchang__jenkins test class jenkins.model.lazy.SortedIntListTest
Tue May 15 18:43:53 UTC 2018: Setting lastTestMethodIndex: 42527
Tue May 15 18:43:53 UTC 2018: Starting linking
Tue May 15 18:43:53 UTC 2018: Code found jenkins.model.lazy.SortedIntList-ceil with jenkins.model.lazy.SortedIntListTest-ceil
Tue May 15 18:43:53 UTC 2018: Match not added in database because it already exists
Tue May 15 18:43:53 UTC 2018: Code found jenkins.model.lazy.SortedIntList-lower with jenkins.model.lazy.SortedIntListTest-testLower
Tue May 15 18:43:53 UTC 2018: Match not added in database because it already exists
Tue May 15 18:43:53 UTC 2018: Linking done for goldchang__jenkins test class jenkins.model.lazy.SortedIntListTest
Tue May 15 18:43:54 UTC 2018: Found element on the queue
Tue May 15 18:43:54 UTC 2018: Updating status
Tue May 15 18:43:54 UTC 2018: Working
Tue May 15 18:43:58 UTC 2018: Start goldchang__jenkins test class jenkins.model.lazy.SortedListTest
Tue May 15 18:43:58 UTC 2018: Setting lastTestMethodIndex: 42531
Tue May 15 18:43:58 UTC 2018: Starting linking
Tue May 15 18:43:58 UTC 2018: Code found jenkins.model.lazy.SortedList-floor with jenkins.model.lazy.SortedListTest-testFloor
Tue May 15 18:43:58 UTC 2018: Match not added in database because it already exists
Tue May 15 18:43:58 UTC 2018: Code found jenkins.model.lazy.SortedList-remove with jenkins.model.lazy.SortedListTest-remove
Tue May 15 18:43:58 UTC 2018: Match not added in database because it already exists
Tue May 15 18:43:58 UTC 2018: Code found jenkins.model.lazy.SortedList-ceil with jenkins.model.lazy.SortedListTest-testCeil
Tue May 15 18:43:58 UTC 2018: Match not added in database because it already exists
Tue May 15 18:43:58 UTC 2018: Code found jenkins.model.lazy.SortedList-higher with jenkins.model.lazy.SortedListTest-testHigher
Tue May 15 18:43:58 UTC 2018: Match not added in database because it already exists
Tue May 15 18:43:58 UTC 2018: Code found jenkins.model.lazy.SortedList-lower with jenkins.model.lazy.SortedListTest-testLower
Tue May 15 18:43:59 UTC 2018: Match not added in database because it already exists
Tue May 15 18:43:59 UTC 2018: No link for: jenkins.model.lazy.SortedListTest-testRange
Tue May 15 18:43:59 UTC 2018: None match not added in database because it already exists
Tue May 15 18:43:59 UTC 2018: No link for: jenkins.model.lazy.SortedListTest-testClone
Tue May 15 18:43:59 UTC 2018: None match not added in database because it already exists
Tue May 15 18:43:59 UTC 2018: Linking done for goldchang__jenkins test class jenkins.model.lazy.SortedListTest
Tue May 15 18:43:59 UTC 2018: Found element on the queue
Tue May 15 18:43:59 UTC 2018: Updating status
Tue May 15 18:43:59 UTC 2018: Working
Tue May 15 18:44:02 UTC 2018: Start goldchang__jenkins test class jenkins.model.PeepholePermalinkTest
Tue May 15 18:44:02 UTC 2018: Setting lastTestMethodIndex: 42535
Tue May 15 18:44:02 UTC 2018: Starting linking
Tue May 15 18:44:02 UTC 2018: No link for: jenkins.model.PeepholePermalinkTest-symlinks
Tue May 15 18:44:02 UTC 2018: None match not added in database because it already exists
Tue May 15 18:44:02 UTC 2018: Linking done for goldchang__jenkins test class jenkins.model.PeepholePermalinkTest
Tue May 15 18:44:04 UTC 2018: Found element on the queue
Tue May 15 18:44:04 UTC 2018: Updating status
Tue May 15 18:44:04 UTC 2018: Working
Tue May 15 18:44:07 UTC 2018: Start goldchang__jenkins test class jenkins.util.MarkFindingOutputStreamTest
Tue May 15 18:44:07 UTC 2018: Setting lastTestMethodIndex: 42539
Tue May 15 18:44:07 UTC 2018: Starting linking
Tue May 15 18:44:07 UTC 2018: No code found jenkins.util.MarkFindingOutputStreamTest$MarkCountingOutputStream-close with jenkins.util.MarkFindingOutputStreamTest-closeInTheMiddle
Tue May 15 18:44:07 UTC 2018: No link for: jenkins.util.MarkFindingOutputStreamTest-writeOneHoldOff
Tue May 15 18:44:08 UTC 2018: None match not added in database because it already exists
Tue May 15 18:44:08 UTC 2018: No link for: jenkins.util.MarkFindingOutputStreamTest-partialMatchTurnsOutToBeWrongIn2ndWrite
Tue May 15 18:44:08 UTC 2018: None match not added in database because it already exists
Tue May 15 18:44:08 UTC 2018: No link for: jenkins.util.MarkFindingOutputStreamTest-oneByOne
Tue May 15 18:44:08 UTC 2018: None match not added in database because it already exists
Tue May 15 18:44:08 UTC 2018: No link for: jenkins.util.MarkFindingOutputStreamTest-findTwice
Tue May 15 18:44:08 UTC 2018: None match not added in database because it already exists
Tue May 15 18:44:08 UTC 2018: Linking done for goldchang__jenkins test class jenkins.util.MarkFindingOutputStreamTest
Tue May 15 18:44:09 UTC 2018: Found element on the queue
Tue May 15 18:44:09 UTC 2018: Updating status
Tue May 15 18:44:09 UTC 2018: Working
Tue May 15 18:44:13 UTC 2018: Start goldchang__jenkins test class jenkins.util.xstream.XStreamDOMTest
Tue May 15 18:44:13 UTC 2018: Setting lastTestMethodIndex: 42543
Tue May 15 18:44:13 UTC 2018: Starting linking
Tue May 15 18:44:13 UTC 2018: Linking done for goldchang__jenkins test class jenkins.util.xstream.XStreamDOMTest
Tue May 15 18:44:13 UTC 2018: Found element on the queue
Tue May 15 18:44:13 UTC 2018: Updating status
Tue May 15 18:44:13 UTC 2018: Working
Tue May 15 18:44:16 UTC 2018: Start goldchang__jenkins test class jenkins.util.TreeStringBuilderTest
Tue May 15 18:44:16 UTC 2018: Setting lastTestMethodIndex: 42546
Tue May 15 18:44:16 UTC 2018: Starting linking
Tue May 15 18:44:17 UTC 2018: No link for: jenkins.util.TreeStringBuilderTest-testRandom
Tue May 15 18:44:17 UTC 2018: None match not added in database because it already exists
Tue May 15 18:44:17 UTC 2018: No link for: jenkins.util.TreeStringBuilderTest-test
Tue May 15 18:44:17 UTC 2018: None match not added in database because it already exists
Tue May 15 18:44:17 UTC 2018: Linking done for goldchang__jenkins test class jenkins.util.TreeStringBuilderTest
Tue May 15 18:44:18 UTC 2018: Found element on the queue
Tue May 15 18:44:18 UTC 2018: Updating status
Tue May 15 18:44:18 UTC 2018: Working
Tue May 15 18:44:21 UTC 2018: Start goldchang__jenkins test class hudson.UtilTest
Tue May 15 18:44:21 UTC 2018: Setting lastTestMethodIndex: 42550
Tue May 15 18:44:21 UTC 2018: Starting linking
Tue May 15 18:44:21 UTC 2018: Code found hudson.Util-rawEncode with hudson.UtilTest-testRawEncode
Tue May 15 18:44:21 UTC 2018: Match not added in database because it already exists
Tue May 15 18:44:21 UTC 2018: Code found hudson.Util-escape with hudson.UtilTest-testHtmlEscape
Tue May 15 18:44:21 UTC 2018: Match not added in database because it already exists
Tue May 15 18:44:21 UTC 2018: Code found hudson.Util-tryParseNumber with hudson.UtilTest-testTryParseNumber
Tue May 15 18:44:21 UTC 2018: Match not added in database because it already exists
Tue May 15 18:44:21 UTC 2018: Code found hudson.Util-loadProperties with hudson.UtilTest-loadProperties
Tue May 15 18:44:21 UTC 2018: Code found hudson.Util-deleteFile with hudson.UtilTest-deleteFile
Tue May 15 18:44:21 UTC 2018: Match not added in database because it already exists
Tue May 15 18:44:21 UTC 2018: Code found hudson.Util-encode with hudson.UtilTest-testEncodeSpaces
Tue May 15 18:44:22 UTC 2018: Match not added in database because it already exists
Tue May 15 18:44:22 UTC 2018: Code found hudson.Util-isSymlink with hudson.UtilTest-testIsSymlink
Tue May 15 18:44:22 UTC 2018: Match not added in database because it already exists
Tue May 15 18:44:22 UTC 2018: Code found hudson.Util-isAbsoluteUri with hudson.UtilTest-testIsAbsoluteUri
Tue May 15 18:44:22 UTC 2018: Code found hudson.Util-replaceMacro with hudson.UtilTest-testReplaceMacro
Tue May 15 18:44:22 UTC 2018: Match not added in database because it already exists
Tue May 15 18:44:22 UTC 2018: No link for: hudson.UtilTest-testDigestThreadSafety
Tue May 15 18:44:22 UTC 2018: None match not added in database because it already exists
Tue May 15 18:44:22 UTC 2018: No link for: hudson.UtilTest-testTimeSpanString
Tue May 15 18:44:22 UTC 2018: None match not added in database because it already exists
Tue May 15 18:44:22 UTC 2018: No link for: hudson.UtilTest-testSymlink
Tue May 15 18:44:22 UTC 2018: None match not added in database because it already exists
Tue May 15 18:44:22 UTC 2018: Linking done for goldchang__jenkins test class hudson.UtilTest
Tue May 15 18:44:23 UTC 2018: Found element on the queue
Tue May 15 18:44:23 UTC 2018: Updating status
Tue May 15 18:44:23 UTC 2018: Working
Tue May 15 18:44:26 UTC 2018: Start goldchang__jenkins test class hudson.slaves.ComputerLauncherTest
Tue May 15 18:44:26 UTC 2018: Setting lastTestMethodIndex: 42555
Tue May 15 18:44:26 UTC 2018: Starting linking
Tue May 15 18:44:26 UTC 2018: No link for: hudson.slaves.ComputerLauncherTest-j2sdk4
Tue May 15 18:44:26 UTC 2018: None match not added in database because it already exists
Tue May 15 18:44:26 UTC 2018: No link for: hudson.slaves.ComputerLauncherTest-jdk6
Tue May 15 18:44:27 UTC 2018: None match not added in database because it already exists
Tue May 15 18:44:27 UTC 2018: No link for: hudson.slaves.ComputerLauncherTest-jdk10
Tue May 15 18:44:27 UTC 2018: None match not added in database because it already exists
Tue May 15 18:44:27 UTC 2018: No link for: hudson.slaves.ComputerLauncherTest-jdk7
Tue May 15 18:44:27 UTC 2018: None match not added in database because it already exists
Tue May 15 18:44:27 UTC 2018: No link for: hudson.slaves.ComputerLauncherTest-openJDK7
Tue May 15 18:44:27 UTC 2018: None match not added in database because it already exists
Tue May 15 18:44:27 UTC 2018: No link for: hudson.slaves.ComputerLauncherTest-jdk5
Tue May 15 18:44:27 UTC 2018: None match not added in database because it already exists
Tue May 15 18:44:27 UTC 2018: Linking done for goldchang__jenkins test class hudson.slaves.ComputerLauncherTest
Tue May 15 18:44:28 UTC 2018: Found element on the queue
Tue May 15 18:44:28 UTC 2018: Updating status
Tue May 15 18:44:28 UTC 2018: Working
Tue May 15 18:44:31 UTC 2018: Start goldchang__jenkins test class hudson.tasks._maven.Maven3MojoNoteTest
Tue May 15 18:44:31 UTC 2018: Setting lastTestMethodIndex: 42560
Tue May 15 18:44:31 UTC 2018: Starting linking
Tue May 15 18:44:31 UTC 2018: No link for: hudson.tasks._maven.Maven3MojoNoteTest-testAnnotateMavenPlugin
Tue May 15 18:44:31 UTC 2018: None match not added in database because it already exists
Tue May 15 18:44:31 UTC 2018: No link for: hudson.tasks._maven.Maven3MojoNoteTest-testAnnotateOtherPlugin
Tue May 15 18:44:31 UTC 2018: None match not added in database because it already exists
Tue May 15 18:44:31 UTC 2018: No link for: hudson.tasks._maven.Maven3MojoNoteTest-testAnnotateCodehausPlugin
Tue May 15 18:44:31 UTC 2018: None match not added in database because it already exists
Tue May 15 18:44:31 UTC 2018: Linking done for goldchang__jenkins test class hudson.tasks._maven.Maven3MojoNoteTest
Tue May 15 18:44:32 UTC 2018: Found element on the queue
Tue May 15 18:44:32 UTC 2018: Updating status
Tue May 15 18:44:32 UTC 2018: Working
Tue May 15 18:44:36 UTC 2018: Start goldchang__jenkins test class hudson.MarkupTextTest
Tue May 15 18:44:36 UTC 2018: Setting lastTestMethodIndex: 42563
Tue May 15 18:44:36 UTC 2018: Starting linking
Tue May 15 18:44:36 UTC 2018: No code found hudson.MarkupText$SubText-findTokens with hudson.MarkupTextTest-findTokensOnSubText
Tue May 15 18:44:36 UTC 2018: Code found hudson.MarkupText$SubText-subText with hudson.MarkupTextTest-subTextSubText
Tue May 15 18:44:36 UTC 2018: Match not added in database because it already exists
Tue May 15 18:44:36 UTC 2018: No link for: hudson.MarkupTextTest-adjacent
Tue May 15 18:44:37 UTC 2018: None match not added in database because it already exists
Tue May 15 18:44:37 UTC 2018: No link for: hudson.MarkupTextTest-test1
Tue May 15 18:44:37 UTC 2018: None match not added in database because it already exists
Tue May 15 18:44:37 UTC 2018: No link for: hudson.MarkupTextTest-literalTextSurround
Tue May 15 18:44:37 UTC 2018: None match not added in database because it already exists
Tue May 15 18:44:37 UTC 2018: No link for: hudson.MarkupTextTest-escape
Tue May 15 18:44:37 UTC 2018: None match not added in database because it already exists
Tue May 15 18:44:37 UTC 2018: No link for: hudson.MarkupTextTest-preEscape
Tue May 15 18:44:37 UTC 2018: None match not added in database because it already exists
Tue May 15 18:44:37 UTC 2018: No link for: hudson.MarkupTextTest-boundary
Tue May 15 18:44:37 UTC 2018: None match not added in database because it already exists
Tue May 15 18:44:37 UTC 2018: Linking done for goldchang__jenkins test class hudson.MarkupTextTest
Tue May 15 18:44:38 UTC 2018: Found element on the queue
Tue May 15 18:44:38 UTC 2018: Updating status
Tue May 15 18:44:38 UTC 2018: Working
Tue May 15 18:44:42 UTC 2018: Start goldchang__jenkins test class hudson.slaves.NodeListTest
Tue May 15 18:44:42 UTC 2018: Setting lastTestMethodIndex: 42567
Tue May 15 18:44:42 UTC 2018: Starting linking
Tue May 15 18:44:42 UTC 2018: Linking done for goldchang__jenkins test class hudson.slaves.NodeListTest
Tue May 15 18:44:43 UTC 2018: Found element on the queue
Tue May 15 18:44:43 UTC 2018: Updating status
Tue May 15 18:44:43 UTC 2018: Working
Tue May 15 18:44:47 UTC 2018: Start goldchang__jenkins test class hudson.scheduler.CronTabEventualityTest
Tue May 15 18:44:47 UTC 2018: Setting lastTestMethodIndex: 42571
Tue May 15 18:44:47 UTC 2018: Starting linking
Tue May 15 18:44:47 UTC 2018: No link for: hudson.scheduler.CronTabEventualityTest-testHourlyWillBeEventuallyTriggeredWithinOneHour
Tue May 15 18:44:47 UTC 2018: None match not added in database because it already exists
Tue May 15 18:44:47 UTC 2018: No link for: hudson.scheduler.CronTabEventualityTest-testYearlyWillBeEventuallyTriggeredWithinOneYear
Tue May 15 18:44:47 UTC 2018: None match not added in database because it already exists
Tue May 15 18:44:47 UTC 2018: No link for: hudson.scheduler.CronTabEventualityTest-testWeeklyWillBeEventuallyTriggeredWithinOneWeek
Tue May 15 18:44:47 UTC 2018: None match not added in database because it already exists
Tue May 15 18:44:47 UTC 2018: No link for: hudson.scheduler.CronTabEventualityTest-testMonthlyWillBeEventuallyTriggeredWithinOneMonth
Tue May 15 18:44:47 UTC 2018: None match not added in database because it already exists
Tue May 15 18:44:47 UTC 2018: No link for: hudson.scheduler.CronTabEventualityTest-testFirstDayOfMonthWillBeEventuallyTriggeredWithinOneMonth
Tue May 15 18:44:47 UTC 2018: None match not added in database because it already exists
Tue May 15 18:44:47 UTC 2018: No link for: hudson.scheduler.CronTabEventualityTest-testDailyWillBeEventuallyTriggeredWithinOneDay
Tue May 15 18:44:47 UTC 2018: None match not added in database because it already exists
Tue May 15 18:44:47 UTC 2018: No link for: hudson.scheduler.CronTabEventualityTest-testMidnightWillBeEventuallyTriggeredWithinOneDay
Tue May 15 18:44:48 UTC 2018: None match not added in database because it already exists
Tue May 15 18:44:48 UTC 2018: No link for: hudson.scheduler.CronTabEventualityTest-testFirstSundayOfMonthWillBeEventuallyTriggeredWithinOneMonthAndOneWeek
Tue May 15 18:44:48 UTC 2018: None match not added in database because it already exists
Tue May 15 18:44:48 UTC 2018: No link for: hudson.scheduler.CronTabEventualityTest-testAnnuallyWillBeEventuallyTriggeredWithinOneYear
Tue May 15 18:44:48 UTC 2018: None match not added in database because it already exists
Tue May 15 18:44:48 UTC 2018: Linking done for goldchang__jenkins test class hudson.scheduler.CronTabEventualityTest
Tue May 15 18:44:49 UTC 2018: Found element on the queue
Tue May 15 18:44:49 UTC 2018: Updating status
Tue May 15 18:44:49 UTC 2018: Working
Tue May 15 18:44:52 UTC 2018: Start goldchang__jenkins test class hudson.scheduler.CronTabTest
Tue May 15 18:44:52 UTC 2018: Setting lastTestMethodIndex: 42575
Tue May 15 18:44:52 UTC 2018: Starting linking
Tue May 15 18:44:52 UTC 2018: No code found hudson.scheduler.CronTab-ceil with hudson.scheduler.CronTabTest-testCeil3_DoW7
Tue May 15 18:44:52 UTC 2018: No code found hudson.scheduler.CronTab-floor with hudson.scheduler.CronTabTest-testFloor1
Tue May 15 18:44:52 UTC 2018: No code found hudson.scheduler.CronTab-floor with hudson.scheduler.CronTabTest-testFloor3
Tue May 15 18:44:52 UTC 2018: No code found hudson.scheduler.CronTab-floor with hudson.scheduler.CronTabTest-testFloor2
Tue May 15 18:44:53 UTC 2018: No code found hudson.scheduler.CronTab-floor with hudson.scheduler.CronTabTest-testFloor4
Tue May 15 18:44:53 UTC 2018: No code found hudson.scheduler.CronTab-checkSanity with hudson.scheduler.CronTabTest-checkSanity
Tue May 15 18:44:53 UTC 2018: No code found hudson.scheduler.CronTab-ceil with hudson.scheduler.CronTabTest-testCeil5
Tue May 15 18:44:53 UTC 2018: No code found hudson.scheduler.CronTab-ceil with hudson.scheduler.CronTabTest-testCeil3
Tue May 15 18:44:53 UTC 2018: No code found hudson.scheduler.CronTab-ceil with hudson.scheduler.CronTabTest-testCeil4
Tue May 15 18:44:53 UTC 2018: No code found hudson.scheduler.CronTab-ceil with hudson.scheduler.CronTabTest-testCeil1
Tue May 15 18:44:53 UTC 2018: No code found hudson.scheduler.CronTab-ceil with hudson.scheduler.CronTabTest-testCeil2
Tue May 15 18:44:54 UTC 2018: No link for: hudson.scheduler.CronTabTest-testHash2
Tue May 15 18:44:54 UTC 2018: None match not added in database because it already exists
Tue May 15 18:44:54 UTC 2018: No link for: hudson.scheduler.CronTabTest-hashedMinute
Tue May 15 18:44:54 UTC 2018: None match not added in database because it already exists
Tue May 15 18:44:54 UTC 2018: No link for: hudson.scheduler.CronTabTest-rangeBoundsCheckOK
Tue May 15 18:44:54 UTC 2018: None match not added in database because it already exists
Tue May 15 18:44:54 UTC 2018: No link for: hudson.scheduler.CronTabTest-rangeBoundsCheckFailHour
Tue May 15 18:44:54 UTC 2018: None match not added in database because it already exists
Tue May 15 18:44:54 UTC 2018: No link for: hudson.scheduler.CronTabTest-test1
Tue May 15 18:44:54 UTC 2018: None match not added in database because it already exists
Tue May 15 18:44:54 UTC 2018: No link for: hudson.scheduler.CronTabTest-repeatedHash
Tue May 15 18:44:54 UTC 2018: None match not added in database because it already exists
Tue May 15 18:44:54 UTC 2018: No link for: hudson.scheduler.CronTabTest-hashSkips
Tue May 15 18:44:55 UTC 2018: None match not added in database because it already exists
Tue May 15 18:44:55 UTC 2018: No link for: hudson.scheduler.CronTabTest-testHash1
Tue May 15 18:44:55 UTC 2018: None match not added in database because it already exists
Tue May 15 18:44:55 UTC 2018: No link for: hudson.scheduler.CronTabTest-rangeBoundsCheckFailMinute
Tue May 15 18:44:55 UTC 2018: None match not added in database because it already exists
Tue May 15 18:44:55 UTC 2018: Linking done for goldchang__jenkins test class hudson.scheduler.CronTabTest
Tue May 15 18:44:56 UTC 2018: Found element on the queue
Tue May 15 18:44:56 UTC 2018: Updating status
Tue May 15 18:44:56 UTC 2018: Working
Tue May 15 18:44:59 UTC 2018: Start goldchang__jenkins test class hudson.scheduler.CronTabDayOfWeekLocaleTest
Tue May 15 18:44:59 UTC 2018: Setting lastTestMethodIndex: 42582
Tue May 15 18:44:59 UTC 2018: Starting linking
Tue May 15 18:44:59 UTC 2018: No link for: hudson.scheduler.CronTabDayOfWeekLocaleTest-isSundayAndNextRunIsMonday
Tue May 15 18:44:59 UTC 2018: None match not added in database because it already exists
Tue May 15 18:44:59 UTC 2018: No link for: hudson.scheduler.CronTabDayOfWeekLocaleTest-isSundayAndPreviousRunIsSaturday
Tue May 15 18:44:59 UTC 2018: None match not added in database because it already exists
Tue May 15 18:44:59 UTC 2018: No link for: hudson.scheduler.CronTabDayOfWeekLocaleTest-isSaturdayAndNextRunIsSundayAsterisk
Tue May 15 18:45:00 UTC 2018: None match not added in database because it already exists
Tue May 15 18:45:00 UTC 2018: No link for: hudson.scheduler.CronTabDayOfWeekLocaleTest-isSundayAndPreviousRunIsSaturdayAsterisk
Tue May 15 18:45:00 UTC 2018: None match not added in database because it already exists
Tue May 15 18:45:00 UTC 2018: No link for: hudson.scheduler.CronTabDayOfWeekLocaleTest-hudson8658
Tue May 15 18:45:00 UTC 2018: None match not added in database because it already exists
Tue May 15 18:45:00 UTC 2018: No link for: hudson.scheduler.CronTabDayOfWeekLocaleTest-isSundayAndNextRunIsThursday
Tue May 15 18:45:00 UTC 2018: None match not added in database because it already exists
Tue May 15 18:45:00 UTC 2018: No link for: hudson.scheduler.CronTabDayOfWeekLocaleTest-isSundayAndNextRunIsNextSunday
Tue May 15 18:45:00 UTC 2018: None match not added in database because it already exists
Tue May 15 18:45:00 UTC 2018: No link for: hudson.scheduler.CronTabDayOfWeekLocaleTest-isSundayAndNextRunIsWednesday
Tue May 15 18:45:00 UTC 2018: None match not added in database because it already exists
Tue May 15 18:45:00 UTC 2018: No link for: hudson.scheduler.CronTabDayOfWeekLocaleTest-isSundayAndPreviousRunIsFriday
Tue May 15 18:45:00 UTC 2018: None match not added in database because it already exists
Tue May 15 18:45:00 UTC 2018: No link for: hudson.scheduler.CronTabDayOfWeekLocaleTest-isSundayAndNextRunIsTuesday
Tue May 15 18:45:00 UTC 2018: None match not added in database because it already exists
Tue May 15 18:45:00 UTC 2018: No link for: hudson.scheduler.CronTabDayOfWeekLocaleTest-isSundayAndPreviousRunIsThursday
Tue May 15 18:45:01 UTC 2018: None match not added in database because it already exists
Tue May 15 18:45:01 UTC 2018: No link for: hudson.scheduler.CronTabDayOfWeekLocaleTest-isSundayAndNextRunIsFriday
Tue May 15 18:45:01 UTC 2018: None match not added in database because it already exists
Tue May 15 18:45:01 UTC 2018: No link for: hudson.scheduler.CronTabDayOfWeekLocaleTest-isSundayAndPreviousRunIsMonday
Tue May 15 18:45:01 UTC 2018: None match not added in database because it already exists
Tue May 15 18:45:01 UTC 2018: No link for: hudson.scheduler.CronTabDayOfWeekLocaleTest-isSundayAndPreviousRunIsPreviousSunday
Tue May 15 18:45:01 UTC 2018: None match not added in database because it already exists
Tue May 15 18:45:01 UTC 2018: No link for: hudson.scheduler.CronTabDayOfWeekLocaleTest-isSundayAndNextRunIsNextSunday7
Tue May 15 18:45:01 UTC 2018: None match not added in database because it already exists
Tue May 15 18:45:01 UTC 2018: No link for: hudson.scheduler.CronTabDayOfWeekLocaleTest-isSundayAndPreviousRunIsPreviousSunday7
Tue May 15 18:45:01 UTC 2018: None match not added in database because it already exists
Tue May 15 18:45:01 UTC 2018: No link for: hudson.scheduler.CronTabDayOfWeekLocaleTest-isSundayAndPreviousRunIsTuesday
Tue May 15 18:45:01 UTC 2018: None match not added in database because it already exists
Tue May 15 18:45:01 UTC 2018: No link for: hudson.scheduler.CronTabDayOfWeekLocaleTest-isSundayAndPreviousRunIsWednesday
Tue May 15 18:45:02 UTC 2018: None match not added in database because it already exists
Tue May 15 18:45:02 UTC 2018: No link for: hudson.scheduler.CronTabDayOfWeekLocaleTest-isSundayAndNextRunIsSaturday
Tue May 15 18:45:02 UTC 2018: None match not added in database because it already exists
Tue May 15 18:45:02 UTC 2018: Linking done for goldchang__jenkins test class hudson.scheduler.CronTabDayOfWeekLocaleTest
Tue May 15 18:45:02 UTC 2018: Found element on the queue
Tue May 15 18:45:02 UTC 2018: Updating status
Tue May 15 18:45:02 UTC 2018: Working
Tue May 15 18:45:06 UTC 2018: Start goldchang__jenkins test class hudson.model.BallColorTest
Tue May 15 18:45:06 UTC 2018: Setting lastTestMethodIndex: 42588
Tue May 15 18:45:06 UTC 2018: Starting linking
Tue May 15 18:45:06 UTC 2018: No link for: hudson.model.BallColorTest-iconClassName
Tue May 15 18:45:06 UTC 2018: None match not added in database because it already exists
Tue May 15 18:45:06 UTC 2018: No link for: hudson.model.BallColorTest-htmlColor
Tue May 15 18:45:06 UTC 2018: None match not added in database because it already exists
Tue May 15 18:45:06 UTC 2018: Linking done for goldchang__jenkins test class hudson.model.BallColorTest
Tue May 15 18:45:07 UTC 2018: Found element on the queue
Tue May 15 18:45:07 UTC 2018: Updating status
Tue May 15 18:45:07 UTC 2018: Working
Tue May 15 18:45:10 UTC 2018: Start goldchang__jenkins test class hudson.model.ActionableTest
Tue May 15 18:45:10 UTC 2018: Setting lastTestMethodIndex: 42591
Tue May 15 18:45:10 UTC 2018: Starting linking
Tue May 15 18:45:10 UTC 2018: Code found hudson.model.Actionable-replaceAction with hudson.model.ActionableTest-replaceAction
Tue May 15 18:45:11 UTC 2018: Match not added in database because it already exists
Tue May 15 18:45:11 UTC 2018: Linking done for goldchang__jenkins test class hudson.model.ActionableTest
Tue May 15 18:45:12 UTC 2018: Found element on the queue
Tue May 15 18:45:12 UTC 2018: Updating status
Tue May 15 18:45:12 UTC 2018: Working
Tue May 15 18:45:15 UTC 2018: Start goldchang__jenkins test class hudson.model.RunParameterValueTest
Tue May 15 18:45:15 UTC 2018: Setting lastTestMethodIndex: 42596
Tue May 15 18:45:15 UTC 2018: Starting linking
Tue May 15 18:45:15 UTC 2018: No link for: hudson.model.RunParameterValueTest-robustness
Tue May 15 18:45:15 UTC 2018: None match not added in database because it already exists
Tue May 15 18:45:15 UTC 2018: Linking done for goldchang__jenkins test class hudson.model.RunParameterValueTest
Tue May 15 18:45:16 UTC 2018: Found element on the queue
Tue May 15 18:45:16 UTC 2018: Updating status
Tue May 15 18:45:16 UTC 2018: Working
Tue May 15 18:45:19 UTC 2018: Start goldchang__jenkins test class hudson.model.ChoiceParameterDefinitionTest
Tue May 15 18:45:19 UTC 2018: Setting lastTestMethodIndex: 42601
Tue May 15 18:45:19 UTC 2018: Starting linking
Tue May 15 18:45:19 UTC 2018: No link for: hudson.model.ChoiceParameterDefinitionTest-testCheckChoices
Tue May 15 18:45:20 UTC 2018: None match not added in database because it already exists
Tue May 15 18:45:20 UTC 2018: No link for: hudson.model.ChoiceParameterDefinitionTest-shouldValidateChoices
Tue May 15 18:45:20 UTC 2018: None match not added in database because it already exists
Tue May 15 18:45:20 UTC 2018: Linking done for goldchang__jenkins test class hudson.model.ChoiceParameterDefinitionTest
Tue May 15 18:45:20 UTC 2018: Found element on the queue
Tue May 15 18:45:20 UTC 2018: Updating status
Tue May 15 18:45:20 UTC 2018: Working
Tue May 15 18:45:23 UTC 2018: Start goldchang__jenkins test class hudson.model.DisplayNameListenerTest
Tue May 15 18:45:23 UTC 2018: Setting lastTestMethodIndex: 42604
Tue May 15 18:45:23 UTC 2018: Starting linking
Tue May 15 18:45:23 UTC 2018: Code found hudson.model.DisplayNameListener-onRenamed with hudson.model.DisplayNameListenerTest-testOnRenamedOldNameNotEqualDisplayName
Tue May 15 18:45:24 UTC 2018: Match not added in database because it already exists
Tue May 15 18:45:24 UTC 2018: Code found hudson.model.DisplayNameListener-onCopied with hudson.model.DisplayNameListenerTest-testOnCopied
Tue May 15 18:45:24 UTC 2018: Match not added in database because it already exists
Tue May 15 18:45:24 UTC 2018: Code found hudson.model.DisplayNameListener-onRenamed with hudson.model.DisplayNameListenerTest-testOnRenamedOldNameEqualsDisplayName
Tue May 15 18:45:24 UTC 2018: Match not added in database because it already exists
Tue May 15 18:45:24 UTC 2018: Linking done for goldchang__jenkins test class hudson.model.DisplayNameListenerTest
Tue May 15 18:45:24 UTC 2018: Found element on the queue
Tue May 15 18:45:24 UTC 2018: Updating status
Tue May 15 18:45:24 UTC 2018: Working
Tue May 15 18:45:27 UTC 2018: Start goldchang__jenkins test class hudson.model.AbstractItemTest
Tue May 15 18:45:27 UTC 2018: Setting lastTestMethodIndex: 42609
Tue May 15 18:45:27 UTC 2018: Starting linking
Tue May 15 18:45:27 UTC 2018: Linking done for goldchang__jenkins test class hudson.model.AbstractItemTest
Tue May 15 18:45:28 UTC 2018: Found element on the queue
Tue May 15 18:45:28 UTC 2018: Updating status
Tue May 15 18:45:28 UTC 2018: Working
Tue May 15 18:45:32 UTC 2018: Start goldchang__jenkins test class hudson.model.FingerprintTest
Tue May 15 18:45:32 UTC 2018: Setting lastTestMethodIndex: 42613
Tue May 15 18:45:32 UTC 2018: Starting linking
Tue May 15 18:45:32 UTC 2018: Code found hudson.model.Fingerprint$RangeSet-retainAll with hudson.model.FingerprintTest-retainAll3
Tue May 15 18:45:32 UTC 2018: Match not added in database because it already exists
Tue May 15 18:45:32 UTC 2018: Code found hudson.model.Fingerprint$RangeSet-removeAll with hudson.model.FingerprintTest-removeAll3
Tue May 15 18:45:32 UTC 2018: Match not added in database because it already exists
Tue May 15 18:45:32 UTC 2018: Code found hudson.model.Fingerprint$RangeSet-removeAll with hudson.model.FingerprintTest-removeAll2
Tue May 15 18:45:32 UTC 2018: Match not added in database because it already exists
Tue May 15 18:45:32 UTC 2018: Code found hudson.model.Fingerprint$RangeSet-retainAll with hudson.model.FingerprintTest-retainAll1
Tue May 15 18:45:32 UTC 2018: Match not added in database because it already exists
Tue May 15 18:45:32 UTC 2018: Code found hudson.model.Fingerprint$RangeSet-retainAll with hudson.model.FingerprintTest-retainAll2
Tue May 15 18:45:33 UTC 2018: Match not added in database because it already exists
Tue May 15 18:45:33 UTC 2018: Code found hudson.model.Fingerprint$RangeSet-removeAll with hudson.model.FingerprintTest-removeAll1
Tue May 15 18:45:33 UTC 2018: Match not added in database because it already exists
Tue May 15 18:45:33 UTC 2018: No link for: hudson.model.FingerprintTest-merge
Tue May 15 18:45:33 UTC 2018: None match not added in database because it already exists
Tue May 15 18:45:33 UTC 2018: No link for: hudson.model.FingerprintTest-rangeSet
Tue May 15 18:45:33 UTC 2018: None match not added in database because it already exists
Tue May 15 18:45:33 UTC 2018: No link for: hudson.model.FingerprintTest-roundTrip
Tue May 15 18:45:33 UTC 2018: None match not added in database because it already exists
Tue May 15 18:45:33 UTC 2018: No link for: hudson.model.FingerprintTest-merge2
Tue May 15 18:45:33 UTC 2018: None match not added in database because it already exists
Tue May 15 18:45:33 UTC 2018: No link for: hudson.model.FingerprintTest-merge3
Tue May 15 18:45:33 UTC 2018: None match not added in database because it already exists
Tue May 15 18:45:33 UTC 2018: No link for: hudson.model.FingerprintTest-deserialize
Tue May 15 18:45:34 UTC 2018: None match not added in database because it already exists
Tue May 15 18:45:34 UTC 2018: Linking done for goldchang__jenkins test class hudson.model.FingerprintTest
Tue May 15 18:45:34 UTC 2018: Found element on the queue
Tue May 15 18:45:34 UTC 2018: Updating status
Tue May 15 18:45:34 UTC 2018: Working
Tue May 15 18:45:38 UTC 2018: Start goldchang__jenkins test class hudson.model.ComputerTest
Tue May 15 18:45:38 UTC 2018: Setting lastTestMethodIndex: 42618
Tue May 15 18:45:38 UTC 2018: Starting linking
Tue May 15 18:45:38 UTC 2018: No link for: hudson.model.ComputerTest-testRelocate
Tue May 15 18:45:38 UTC 2018: None match not added in database because it already exists
Tue May 15 18:45:38 UTC 2018: Linking done for goldchang__jenkins test class hudson.model.ComputerTest
Tue May 15 18:45:39 UTC 2018: Found element on the queue
Tue May 15 18:45:39 UTC 2018: Updating status
Tue May 15 18:45:39 UTC 2018: Working
Tue May 15 18:45:42 UTC 2018: Start goldchang__jenkins test class hudson.model.ResourceListTest
Tue May 15 18:45:42 UTC 2018: Setting lastTestMethodIndex: 42623
Tue May 15 18:45:42 UTC 2018: Starting linking
Tue May 15 18:45:42 UTC 2018: Code found hudson.model.ResourceList-r with hudson.model.ResourceListTest-simpleR
Tue May 15 18:45:42 UTC 2018: Match not added in database because it already exists
Tue May 15 18:45:42 UTC 2018: Code found hudson.model.ResourceList-r with hudson.model.ResourceListTest-multiReadN
Tue May 15 18:45:43 UTC 2018: Match not added in database because it already exists
Tue May 15 18:45:43 UTC 2018: Code found hudson.model.ResourceList-w with hudson.model.ResourceListTest-simpleRW
Tue May 15 18:45:43 UTC 2018: Match not added in database because it already exists
Tue May 15 18:45:43 UTC 2018: Code found hudson.model.ResourceList-w with hudson.model.ResourceListTest-multiWriteN
Tue May 15 18:45:43 UTC 2018: Match not added in database because it already exists
Tue May 15 18:45:43 UTC 2018: Code found hudson.model.ResourceList-w with hudson.model.ResourceListTest-parentChildW
Tue May 15 18:45:43 UTC 2018: Match not added in database because it already exists
Tue May 15 18:45:43 UTC 2018: Code found hudson.model.ResourceList-w with hudson.model.ResourceListTest-multiWrite1
Tue May 15 18:45:43 UTC 2018: Match not added in database because it already exists
Tue May 15 18:45:43 UTC 2018: Code found hudson.model.ResourceList-r with hudson.model.ResourceListTest-multiRead1
Tue May 15 18:45:43 UTC 2018: Match not added in database because it already exists
Tue May 15 18:45:43 UTC 2018: Code found hudson.model.ResourceList-w with hudson.model.ResourceListTest-simpleW
Tue May 15 18:45:44 UTC 2018: Match not added in database because it already exists
Tue May 15 18:45:44 UTC 2018: Code found hudson.model.ResourceList-r with hudson.model.ResourceListTest-parentChildR3
Tue May 15 18:45:44 UTC 2018: Match not added in database because it already exists
Tue May 15 18:45:44 UTC 2018: Code found hudson.model.ResourceList-w with hudson.model.ResourceListTest-parentChildW3
Tue May 15 18:45:44 UTC 2018: Match not added in database because it already exists
Tue May 15 18:45:44 UTC 2018: Code found hudson.model.ResourceList-r with hudson.model.ResourceListTest-parentChildR
Tue May 15 18:45:44 UTC 2018: Match not added in database because it already exists
Tue May 15 18:45:44 UTC 2018: No link for: hudson.model.ResourceListTest-emptyLists
Tue May 15 18:45:45 UTC 2018: None match not added in database because it already exists
Tue May 15 18:45:45 UTC 2018: Linking done for goldchang__jenkins test class hudson.model.ResourceListTest
Tue May 15 18:45:45 UTC 2018: Found element on the queue
Tue May 15 18:45:45 UTC 2018: Updating status
Tue May 15 18:45:45 UTC 2018: Working
Tue May 15 18:45:48 UTC 2018: Start goldchang__jenkins test class hudson.model.TimeSeriesTest
Tue May 15 18:45:48 UTC 2018: Setting lastTestMethodIndex: 42629
Tue May 15 18:45:48 UTC 2018: Starting linking
Tue May 15 18:45:48 UTC 2018: No link for: hudson.model.TimeSeriesTest-test1
Tue May 15 18:45:49 UTC 2018: None match not added in database because it already exists
Tue May 15 18:45:49 UTC 2018: Linking done for goldchang__jenkins test class hudson.model.TimeSeriesTest
Tue May 15 18:45:49 UTC 2018: Found element on the queue
Tue May 15 18:45:49 UTC 2018: Updating status
Tue May 15 18:45:49 UTC 2018: Working
Tue May 15 18:45:52 UTC 2018: Start goldchang__jenkins test class hudson.model.FileParameterValueTest
Tue May 15 18:45:52 UTC 2018: Setting lastTestMethodIndex: 42633
Tue May 15 18:45:52 UTC 2018: Starting linking
Tue May 15 18:45:52 UTC 2018: No link for: hudson.model.FileParameterValueTest-compareNullParams
Tue May 15 18:45:52 UTC 2018: None match not added in database because it already exists
Tue May 15 18:45:52 UTC 2018: No link for: hudson.model.FileParameterValueTest-compareParamsWithSameName
Tue May 15 18:45:52 UTC 2018: None match not added in database because it already exists
Tue May 15 18:45:52 UTC 2018: Linking done for goldchang__jenkins test class hudson.model.FileParameterValueTest
Tue May 15 18:45:53 UTC 2018: Found element on the queue
Tue May 15 18:45:53 UTC 2018: Updating status
Tue May 15 18:45:53 UTC 2018: Working
Tue May 15 18:45:57 UTC 2018: Start goldchang__jenkins test class hudson.model.AutoCompleteSeederTest
Tue May 15 18:45:57 UTC 2018: Setting lastTestMethodIndex: 42637
Tue May 15 18:45:57 UTC 2018: Starting linking
Tue May 15 18:45:57 UTC 2018: Linking done for goldchang__jenkins test class hudson.model.AutoCompleteSeederTest
Tue May 15 18:45:58 UTC 2018: Found element on the queue
Tue May 15 18:45:58 UTC 2018: Updating status
Tue May 15 18:45:58 UTC 2018: Working
Tue May 15 18:46:01 UTC 2018: Start goldchang__jenkins test class hudson.model.LoadStatisticsTest
Tue May 15 18:46:01 UTC 2018: Setting lastTestMethodIndex: 42640
Tue May 15 18:46:01 UTC 2018: Starting linking
Tue May 15 18:46:01 UTC 2018: No link for: hudson.model.LoadStatisticsTest-graph
Tue May 15 18:46:01 UTC 2018: Linking done for goldchang__jenkins test class hudson.model.LoadStatisticsTest
Tue May 15 18:46:02 UTC 2018: Found element on the queue
Tue May 15 18:46:02 UTC 2018: Updating status
Tue May 15 18:46:02 UTC 2018: Working
Tue May 15 18:46:06 UTC 2018: Start goldchang__jenkins test class hudson.model.ParametersActionTest
Tue May 15 18:46:06 UTC 2018: Setting lastTestMethodIndex: 42643
Tue May 15 18:46:06 UTC 2018: Starting linking
Tue May 15 18:46:06 UTC 2018: Code found hudson.model.ParametersAction-merge with hudson.model.ParametersActionTest-mergeShouldHandleNullOverrides
Tue May 15 18:46:07 UTC 2018: Match not added in database because it already exists
Tue May 15 18:46:07 UTC 2018: Code found hudson.model.ParametersAction-merge with hudson.model.ParametersActionTest-mergeShouldHandleEmptyOverrides
Tue May 15 18:46:07 UTC 2018: Match not added in database because it already exists
Tue May 15 18:46:07 UTC 2018: Code found hudson.model.ParametersAction-createUpdated with hudson.model.ParametersActionTest-createUpdatedShouldReturnNewInstanceWithNullOverride
Tue May 15 18:46:07 UTC 2018: Match not added in database because it already exists
Tue May 15 18:46:07 UTC 2018: Code found hudson.model.ParametersAction-merge with hudson.model.ParametersActionTest-mergeShouldReturnNewInstanceWithOverride
Tue May 15 18:46:07 UTC 2018: Match not added in database because it already exists
Tue May 15 18:46:07 UTC 2018: Code found hudson.model.ParametersAction-merge with hudson.model.ParametersActionTest-mergeShouldOverrideParameters
Tue May 15 18:46:07 UTC 2018: Match not added in database because it already exists
Tue May 15 18:46:07 UTC 2018: Code found hudson.model.ParametersAction-merge with hudson.model.ParametersActionTest-mergeShouldCombineDisparateParameters
Tue May 15 18:46:07 UTC 2018: Match not added in database because it already exists
Tue May 15 18:46:07 UTC 2018: No link for: hudson.model.ParametersActionTest-checkNullParamaterValues
Tue May 15 18:46:08 UTC 2018: None match not added in database because it already exists
Tue May 15 18:46:08 UTC 2018: Linking done for goldchang__jenkins test class hudson.model.ParametersActionTest
Tue May 15 18:46:08 UTC 2018: Found element on the queue
Tue May 15 18:46:08 UTC 2018: Updating status
Tue May 15 18:46:08 UTC 2018: Working
Tue May 15 18:46:11 UTC 2018: Start goldchang__jenkins test class hudson.model.BuildStatusSummaryTest
Tue May 15 18:46:11 UTC 2018: Setting lastTestMethodIndex: 42647
Tue May 15 18:46:11 UTC 2018: Starting linking
Tue May 15 18:46:11 UTC 2018: No link for: hudson.model.BuildStatusSummaryTest-testBecameUnstable
Tue May 15 18:46:12 UTC 2018: None match not added in database because it already exists
Tue May 15 18:46:12 UTC 2018: No link for: hudson.model.BuildStatusSummaryTest-testNonTestRelatedUnstable
Tue May 15 18:46:12 UTC 2018: None match not added in database because it already exists
Tue May 15 18:46:12 UTC 2018: No link for: hudson.model.BuildStatusSummaryTest-testSuccess
Tue May 15 18:46:12 UTC 2018: None match not added in database because it already exists
Tue May 15 18:46:12 UTC 2018: No link for: hudson.model.BuildStatusSummaryTest-testFailureSince
Tue May 15 18:46:12 UTC 2018: None match not added in database because it already exists
Tue May 15 18:46:12 UTC 2018: No link for: hudson.model.BuildStatusSummaryTest-testFixed
Tue May 15 18:46:12 UTC 2018: None match not added in database because it already exists
Tue May 15 18:46:12 UTC 2018: No link for: hudson.model.BuildStatusSummaryTest-testBecameFailure
Tue May 15 18:46:13 UTC 2018: None match not added in database because it already exists
Tue May 15 18:46:13 UTC 2018: No link for: hudson.model.BuildStatusSummaryTest-testUnstableAfterFailure
Tue May 15 18:46:13 UTC 2018: None match not added in database because it already exists
Tue May 15 18:46:13 UTC 2018: No link for: hudson.model.BuildStatusSummaryTest-testNotBuilt
Tue May 15 18:46:13 UTC 2018: None match not added in database because it already exists
Tue May 15 18:46:13 UTC 2018: No link for: hudson.model.BuildStatusSummaryTest-testAborted
Tue May 15 18:46:14 UTC 2018: None match not added in database because it already exists
Tue May 15 18:46:14 UTC 2018: No link for: hudson.model.BuildStatusSummaryTest-testNonTestRelatedBecameUnstable
Tue May 15 18:46:14 UTC 2018: None match not added in database because it already exists
Tue May 15 18:46:14 UTC 2018: No link for: hudson.model.BuildStatusSummaryTest-testStatusUnknownIfRunIsStillBuilding
Tue May 15 18:46:14 UTC 2018: None match not added in database because it already exists
Tue May 15 18:46:14 UTC 2018: No link for: hudson.model.BuildStatusSummaryTest-testFailure
Tue May 15 18:46:14 UTC 2018: None match not added in database because it already exists
Tue May 15 18:46:14 UTC 2018: Linking done for goldchang__jenkins test class hudson.model.BuildStatusSummaryTest
Tue May 15 18:46:15 UTC 2018: Found element on the queue
Tue May 15 18:46:15 UTC 2018: Updating status
Tue May 15 18:46:15 UTC 2018: Working
Tue May 15 18:46:18 UTC 2018: Start goldchang__jenkins test class hudson.model.TaskActionTest
Tue May 15 18:46:18 UTC 2018: Setting lastTestMethodIndex: 42653
Tue May 15 18:46:18 UTC 2018: Starting linking
Tue May 15 18:46:18 UTC 2018: Linking done for goldchang__jenkins test class hudson.model.TaskActionTest
Tue May 15 18:46:19 UTC 2018: Found element on the queue
Tue May 15 18:46:19 UTC 2018: Updating status
Tue May 15 18:46:19 UTC 2018: Working
Tue May 15 18:46:22 UTC 2018: Start goldchang__jenkins test class hudson.model.listeners.SCMListenerTest
Tue May 15 18:46:22 UTC 2018: Setting lastTestMethodIndex: 42657
Tue May 15 18:46:22 UTC 2018: Starting linking
Tue May 15 18:46:22 UTC 2018: Code found hudson.model.listeners.SCMListenerTest$L1-onChangeLogParsed with hudson.model.listeners.SCMListenerTest-onChangeLogParsed
Tue May 15 18:46:22 UTC 2018: Match not added in database because it already exists
Tue May 15 18:46:22 UTC 2018: Linking done for goldchang__jenkins test class hudson.model.listeners.SCMListenerTest
Tue May 15 18:46:22 UTC 2018: Found element on the queue
Tue May 15 18:46:22 UTC 2018: Updating status
Tue May 15 18:46:23 UTC 2018: Working
Tue May 15 18:46:26 UTC 2018: Start goldchang__jenkins test class hudson.logging.LogRecorderTest
Tue May 15 18:46:26 UTC 2018: Setting lastTestMethodIndex: 42661
Tue May 15 18:46:26 UTC 2018: Starting linking
Tue May 15 18:46:26 UTC 2018: No link for: hudson.logging.LogRecorderTest-targetIncludes
Tue May 15 18:46:26 UTC 2018: None match not added in database because it already exists
Tue May 15 18:46:26 UTC 2018: No link for: hudson.logging.LogRecorderTest-targetMatches
Tue May 15 18:46:26 UTC 2018: None match not added in database because it already exists
Tue May 15 18:46:26 UTC 2018: No link for: hudson.logging.LogRecorderTest-testSpecificExclusion
Tue May 15 18:46:26 UTC 2018: None match not added in database because it already exists
Tue May 15 18:46:26 UTC 2018: No link for: hudson.logging.LogRecorderTest-testClearing
Tue May 15 18:46:26 UTC 2018: None match not added in database because it already exists
Tue May 15 18:46:26 UTC 2018: Linking done for goldchang__jenkins test class hudson.logging.LogRecorderTest
Tue May 15 18:46:27 UTC 2018: Found element on the queue
Tue May 15 18:46:27 UTC 2018: Updating status
Tue May 15 18:46:27 UTC 2018: Working
Tue May 15 18:46:30 UTC 2018: Start goldchang__jenkins test class hudson.ProxyConfigurationTest
Tue May 15 18:46:30 UTC 2018: Setting lastTestMethodIndex: 42666
Tue May 15 18:46:30 UTC 2018: Starting linking
Tue May 15 18:46:30 UTC 2018: No link for: hudson.ProxyConfigurationTest-noProxyHost
Tue May 15 18:46:30 UTC 2018: None match not added in database because it already exists
Tue May 15 18:46:30 UTC 2018: Linking done for goldchang__jenkins test class hudson.ProxyConfigurationTest
Tue May 15 18:46:31 UTC 2018: Found element on the queue
Tue May 15 18:46:31 UTC 2018: Updating status
Tue May 15 18:46:31 UTC 2018: Working
Tue May 15 18:46:34 UTC 2018: Start goldchang__jenkins test class hudson.BulkChangeTest
Tue May 15 18:46:34 UTC 2018: Setting lastTestMethodIndex: 42670
Tue May 15 18:46:34 UTC 2018: Starting linking
Tue May 15 18:46:34 UTC 2018: Linking done for goldchang__jenkins test class hudson.BulkChangeTest
Tue May 15 18:46:35 UTC 2018: Found element on the queue
Tue May 15 18:46:35 UTC 2018: Updating status
Tue May 15 18:46:35 UTC 2018: Working
Tue May 15 18:46:38 UTC 2018: Start goldchang__jenkins test class hudson.util.RunListTest
Tue May 15 18:46:38 UTC 2018: Setting lastTestMethodIndex: 42675
Tue May 15 18:46:38 UTC 2018: Starting linking
Tue May 15 18:46:38 UTC 2018: Code found hudson.util.RunList-byTimestamp with hudson.util.RunListTest-byTimestampLastRun
Tue May 15 18:46:39 UTC 2018: Match not added in database because it already exists
Tue May 15 18:46:39 UTC 2018: Code found hudson.util.RunList-byTimestamp with hudson.util.RunListTest-byTimestampFirstRun
Tue May 15 18:46:39 UTC 2018: Match not added in database because it already exists
Tue May 15 18:46:39 UTC 2018: Code found hudson.util.RunList-byTimestamp with hudson.util.RunListTest-byTimestampAllRuns
Tue May 15 18:46:39 UTC 2018: Match not added in database because it already exists
Tue May 15 18:46:39 UTC 2018: Linking done for goldchang__jenkins test class hudson.util.RunListTest
Tue May 15 18:46:40 UTC 2018: Found element on the queue
Tue May 15 18:46:40 UTC 2018: Updating status
Tue May 15 18:46:40 UTC 2018: Working
Tue May 15 18:46:43 UTC 2018: Start goldchang__jenkins test class hudson.util.CopyOnWriteMapTest
Tue May 15 18:46:43 UTC 2018: Setting lastTestMethodIndex: 42680
Tue May 15 18:46:43 UTC 2018: Starting linking
Tue May 15 18:46:43 UTC 2018: Linking done for goldchang__jenkins test class hudson.util.CopyOnWriteMapTest
Tue May 15 18:46:44 UTC 2018: Found element on the queue
Tue May 15 18:46:44 UTC 2018: Updating status
Tue May 15 18:46:44 UTC 2018: Working
Tue May 15 18:46:47 UTC 2018: Start goldchang__jenkins test class hudson.util.CyclicGraphDetectorTest
Tue May 15 18:46:47 UTC 2018: Setting lastTestMethodIndex: 42684
Tue May 15 18:46:47 UTC 2018: Starting linking
Tue May 15 18:46:47 UTC 2018: Linking done for goldchang__jenkins test class hudson.util.CyclicGraphDetectorTest
Tue May 15 18:46:48 UTC 2018: Found element on the queue
Tue May 15 18:46:48 UTC 2018: Updating status
Tue May 15 18:46:48 UTC 2018: Working
Tue May 15 18:46:51 UTC 2018: Start goldchang__jenkins test class hudson.util.SubClassGeneratorTest
Tue May 15 18:46:51 UTC 2018: Setting lastTestMethodIndex: 42687
Tue May 15 18:46:51 UTC 2018: Starting linking
Tue May 15 18:46:51 UTC 2018: Linking done for goldchang__jenkins test class hudson.util.SubClassGeneratorTest
Tue May 15 18:46:52 UTC 2018: Found element on the queue
Tue May 15 18:46:52 UTC 2018: Updating status
Tue May 15 18:46:52 UTC 2018: Working
Tue May 15 18:46:55 UTC 2018: Start goldchang__jenkins test class hudson.util.FormValidationTest
Tue May 15 18:46:55 UTC 2018: Setting lastTestMethodIndex: 42691
Tue May 15 18:46:55 UTC 2018: Starting linking
Tue May 15 18:46:55 UTC 2018: No code found hudson.util.FormValidation-validateRequired with hudson.util.FormValidationTest-testValidateRequired_Null
Tue May 15 18:46:55 UTC 2018: No code found hudson.util.FormValidation-validateRequired with hudson.util.FormValidationTest-testValidateRequired_OK
Tue May 15 18:46:55 UTC 2018: No code found hudson.util.FormValidation-validateRequired with hudson.util.FormValidationTest-testValidateRequired_Empty
Tue May 15 18:46:55 UTC 2018: No link for: hudson.util.FormValidationTest-aggregateZeroValidations
Tue May 15 18:46:55 UTC 2018: None match not added in database because it already exists
Tue May 15 18:46:55 UTC 2018: No link for: hudson.util.FormValidationTest-aggregateSeveralValidations
Tue May 15 18:46:56 UTC 2018: None match not added in database because it already exists
Tue May 15 18:46:56 UTC 2018: No link for: hudson.util.FormValidationTest-aggregateSingleValidations
Tue May 15 18:46:56 UTC 2018: None match not added in database because it already exists
Tue May 15 18:46:56 UTC 2018: No link for: hudson.util.FormValidationTest-testMessage
Tue May 15 18:46:56 UTC 2018: None match not added in database because it already exists
Tue May 15 18:46:56 UTC 2018: Linking done for goldchang__jenkins test class hudson.util.FormValidationTest
Tue May 15 18:46:57 UTC 2018: Found element on the queue
Tue May 15 18:46:57 UTC 2018: Updating status
Tue May 15 18:46:57 UTC 2018: Working
Tue May 15 18:47:00 UTC 2018: Start goldchang__jenkins test class hudson.util.CopyOnWriteListTest
Tue May 15 18:47:00 UTC 2018: Setting lastTestMethodIndex: 42697
Tue May 15 18:47:00 UTC 2018: Starting linking
Tue May 15 18:47:00 UTC 2018: Linking done for goldchang__jenkins test class hudson.util.CopyOnWriteListTest
Tue May 15 18:47:01 UTC 2018: Found element on the queue
Tue May 15 18:47:01 UTC 2018: Updating status
Tue May 15 18:47:01 UTC 2018: Working
Tue May 15 18:47:04 UTC 2018: Start goldchang__jenkins test class hudson.util.QuotedStringTokenizerTest
Tue May 15 18:47:04 UTC 2018: Setting lastTestMethodIndex: 42700
Tue May 15 18:47:04 UTC 2018: Starting linking
Tue May 15 18:47:04 UTC 2018: No link for: hudson.util.QuotedStringTokenizerTest-test1
Tue May 15 18:47:04 UTC 2018: None match not added in database because it already exists
Tue May 15 18:47:04 UTC 2018: No link for: hudson.util.QuotedStringTokenizerTest-test3
Tue May 15 18:47:04 UTC 2018: None match not added in database because it already exists
Tue May 15 18:47:04 UTC 2018: No link for: hudson.util.QuotedStringTokenizerTest-test2
Tue May 15 18:47:04 UTC 2018: None match not added in database because it already exists
Tue May 15 18:47:04 UTC 2018: No link for: hudson.util.QuotedStringTokenizerTest-test5
Tue May 15 18:47:05 UTC 2018: None match not added in database because it already exists
Tue May 15 18:47:05 UTC 2018: No link for: hudson.util.QuotedStringTokenizerTest-test4
Tue May 15 18:47:05 UTC 2018: None match not added in database because it already exists
Tue May 15 18:47:05 UTC 2018: No link for: hudson.util.QuotedStringTokenizerTest-test7
Tue May 15 18:47:05 UTC 2018: None match not added in database because it already exists
Tue May 15 18:47:05 UTC 2018: No link for: hudson.util.QuotedStringTokenizerTest-test6
Tue May 15 18:47:05 UTC 2018: None match not added in database because it already exists
Tue May 15 18:47:05 UTC 2018: Linking done for goldchang__jenkins test class hudson.util.QuotedStringTokenizerTest
Tue May 15 18:47:06 UTC 2018: Found element on the queue
Tue May 15 18:47:06 UTC 2018: Updating status
Tue May 15 18:47:06 UTC 2018: Working
Tue May 15 18:47:08 UTC 2018: Start goldchang__jenkins test class hudson.util.io.TarArchiverTest
Tue May 15 18:47:08 UTC 2018: Setting lastTestMethodIndex: 42704
Tue May 15 18:47:08 UTC 2018: Starting linking
Tue May 15 18:47:09 UTC 2018: No link for: hudson.util.io.TarArchiverTest-brokenSymlinks
Tue May 15 18:47:09 UTC 2018: None match not added in database because it already exists
Tue May 15 18:47:09 UTC 2018: No link for: hudson.util.io.TarArchiverTest-permission
Tue May 15 18:47:09 UTC 2018: None match not added in database because it already exists
Tue May 15 18:47:09 UTC 2018: Linking done for goldchang__jenkins test class hudson.util.io.TarArchiverTest
Tue May 15 18:47:10 UTC 2018: Found element on the queue
Tue May 15 18:47:10 UTC 2018: Updating status
Tue May 15 18:47:10 UTC 2018: Working
Tue May 15 18:47:13 UTC 2018: Start goldchang__jenkins test class hudson.util.io.ReopenableRotatingFileOutputStreamTest
Tue May 15 18:47:13 UTC 2018: Setting lastTestMethodIndex: 42709
Tue May 15 18:47:13 UTC 2018: Starting linking
Tue May 15 18:47:13 UTC 2018: No link for: hudson.util.io.ReopenableRotatingFileOutputStreamTest-rotation
Tue May 15 18:47:13 UTC 2018: None match not added in database because it already exists
Tue May 15 18:47:13 UTC 2018: Linking done for goldchang__jenkins test class hudson.util.io.ReopenableRotatingFileOutputStreamTest
Tue May 15 18:47:14 UTC 2018: Found element on the queue
Tue May 15 18:47:14 UTC 2018: Updating status
Tue May 15 18:47:14 UTC 2018: Working
Tue May 15 18:47:17 UTC 2018: Start goldchang__jenkins test class hudson.util.XStream2EncodingTest
Tue May 15 18:47:17 UTC 2018: Setting lastTestMethodIndex: 42713
Tue May 15 18:47:17 UTC 2018: Starting linking
Tue May 15 18:47:17 UTC 2018: Code found hudson.util.XStream2-toXMLUTF8 with hudson.util.XStream2EncodingTest-toXMLUTF8
Tue May 15 18:47:17 UTC 2018: Match not added in database because it already exists
Tue May 15 18:47:17 UTC 2018: Code found hudson.util.XStream2-toXML with hudson.util.XStream2EncodingTest-toXMLUnspecifiedEncoding
Tue May 15 18:47:17 UTC 2018: Match not added in database because it already exists
Tue May 15 18:47:17 UTC 2018: Linking done for goldchang__jenkins test class hudson.util.XStream2EncodingTest
Tue May 15 18:47:18 UTC 2018: Found element on the queue
Tue May 15 18:47:18 UTC 2018: Updating status
Tue May 15 18:47:18 UTC 2018: Working
Tue May 15 18:47:21 UTC 2018: Start goldchang__jenkins test class hudson.util.IteratorsTest
Tue May 15 18:47:21 UTC 2018: Setting lastTestMethodIndex: 42718
Tue May 15 18:47:21 UTC 2018: Starting linking
Tue May 15 18:47:21 UTC 2018: No code found hudson.util.Iterators-reverseSequence with hudson.util.IteratorsTest-reverseSequence
Tue May 15 18:47:21 UTC 2018: No code found hudson.util.Iterators-wrap with hudson.util.IteratorsTest-wrap
Tue May 15 18:47:21 UTC 2018: No code found hudson.util.Iterators-sequence with hudson.util.IteratorsTest-sequence
Tue May 15 18:47:22 UTC 2018: No code found hudson.util.Iterators-limit with hudson.util.IteratorsTest-limit
Tue May 15 18:47:22 UTC 2018: Linking done for goldchang__jenkins test class hudson.util.IteratorsTest
Tue May 15 18:47:23 UTC 2018: Found element on the queue
Tue May 15 18:47:23 UTC 2018: Updating status
Tue May 15 18:47:23 UTC 2018: Working
Tue May 15 18:47:26 UTC 2018: Start goldchang__jenkins test class hudson.util.DirScannerTest
Tue May 15 18:47:26 UTC 2018: Setting lastTestMethodIndex: 42723
Tue May 15 18:47:26 UTC 2018: Starting linking
Tue May 15 18:47:26 UTC 2018: No link for: hudson.util.DirScannerTest-globShouldIgnoreDefaultExcludesByRequest
Tue May 15 18:47:26 UTC 2018: None match not added in database because it already exists
Tue May 15 18:47:26 UTC 2018: No link for: hudson.util.DirScannerTest-globShouldUseDefaultExcludes
Tue May 15 18:47:26 UTC 2018: None match not added in database because it already exists
Tue May 15 18:47:26 UTC 2018: Linking done for goldchang__jenkins test class hudson.util.DirScannerTest
Tue May 15 18:47:27 UTC 2018: Found element on the queue
Tue May 15 18:47:27 UTC 2018: Updating status
Tue May 15 18:47:27 UTC 2018: Working
Tue May 15 18:47:30 UTC 2018: Start goldchang__jenkins test class hudson.util.PackedMapTest
Tue May 15 18:47:30 UTC 2018: Setting lastTestMethodIndex: 42728
Tue May 15 18:47:30 UTC 2018: Starting linking
Tue May 15 18:47:30 UTC 2018: Linking done for goldchang__jenkins test class hudson.util.PackedMapTest
Tue May 15 18:47:31 UTC 2018: Found element on the queue
Tue May 15 18:47:31 UTC 2018: Updating status
Tue May 15 18:47:31 UTC 2018: Working
Tue May 15 18:47:34 UTC 2018: Start goldchang__jenkins test class hudson.util.LineEndNormalizingWriterTest
Tue May 15 18:47:34 UTC 2018: Setting lastTestMethodIndex: 42732
Tue May 15 18:47:34 UTC 2018: Starting linking
Tue May 15 18:47:34 UTC 2018: No link for: hudson.util.LineEndNormalizingWriterTest-test1
Tue May 15 18:47:35 UTC 2018: None match not added in database because it already exists
Tue May 15 18:47:35 UTC 2018: No link for: hudson.util.LineEndNormalizingWriterTest-test2
Tue May 15 18:47:35 UTC 2018: None match not added in database because it already exists
Tue May 15 18:47:35 UTC 2018: No link for: hudson.util.LineEndNormalizingWriterTest-test3
Tue May 15 18:47:35 UTC 2018: None match not added in database because it already exists
Tue May 15 18:47:35 UTC 2018: Linking done for goldchang__jenkins test class hudson.util.LineEndNormalizingWriterTest
Tue May 15 18:47:36 UTC 2018: Found element on the queue
Tue May 15 18:47:36 UTC 2018: Updating status
Tue May 15 18:47:36 UTC 2018: Working
Tue May 15 18:47:40 UTC 2018: Start goldchang__jenkins test class hudson.util.ConsistentHashTest
Tue May 15 18:47:40 UTC 2018: Setting lastTestMethodIndex: 42737
Tue May 15 18:47:40 UTC 2018: Starting linking
Tue May 15 18:47:40 UTC 2018: No link for: hudson.util.ConsistentHashTest-speed
Tue May 15 18:47:41 UTC 2018: None match not added in database because it already exists
Tue May 15 18:47:41 UTC 2018: No link for: hudson.util.ConsistentHashTest-emptyBehavior
Tue May 15 18:47:41 UTC 2018: None match not added in database because it already exists
Tue May 15 18:47:41 UTC 2018: No link for: hudson.util.ConsistentHashTest-removal
Tue May 15 18:47:41 UTC 2018: None match not added in database because it already exists
Tue May 15 18:47:41 UTC 2018: No link for: hudson.util.ConsistentHashTest-basic
Tue May 15 18:47:41 UTC 2018: None match not added in database because it already exists
Tue May 15 18:47:41 UTC 2018: No link for: hudson.util.ConsistentHashTest-unevenDistribution
Tue May 15 18:47:41 UTC 2018: None match not added in database because it already exists
Tue May 15 18:47:41 UTC 2018: Linking done for goldchang__jenkins test class hudson.util.ConsistentHashTest
Tue May 15 18:47:42 UTC 2018: Found element on the queue
Tue May 15 18:47:42 UTC 2018: Updating status
Tue May 15 18:47:42 UTC 2018: Working
Tue May 15 18:47:46 UTC 2018: Start goldchang__jenkins test class hudson.EnvVarsTest
Tue May 15 18:47:46 UTC 2018: Setting lastTestMethodIndex: 42742
Tue May 15 18:47:46 UTC 2018: Starting linking
Tue May 15 18:47:46 UTC 2018: No code found hudson.EnvVars-overrideExpandingAll with hudson.EnvVarsTest-overrideExpandingAll
Tue May 15 18:47:46 UTC 2018: No link for: hudson.EnvVarsTest-overrideOrderCalculatorCyclic
Tue May 15 18:47:46 UTC 2018: None match not added in database because it already exists
Tue May 15 18:47:46 UTC 2018: No link for: hudson.EnvVarsTest-caseInsensitive
Tue May 15 18:47:46 UTC 2018: None match not added in database because it already exists
Tue May 15 18:47:46 UTC 2018: No link for: hudson.EnvVarsTest-overrideOrderCalculatorSelfReference
Tue May 15 18:47:47 UTC 2018: None match not added in database because it already exists
Tue May 15 18:47:47 UTC 2018: No link for: hudson.EnvVarsTest-overrideOrderCalculatorMultiple
Tue May 15 18:47:47 UTC 2018: None match not added in database because it already exists
Tue May 15 18:47:47 UTC 2018: No link for: hudson.EnvVarsTest-overrideOrderCalculatorSimple
Tue May 15 18:47:47 UTC 2018: None match not added in database because it already exists
Tue May 15 18:47:47 UTC 2018: No link for: hudson.EnvVarsTest-overrideOrderCalculatorInOrder
Tue May 15 18:47:47 UTC 2018: None match not added in database because it already exists
Tue May 15 18:47:47 UTC 2018: Linking done for goldchang__jenkins test class hudson.EnvVarsTest
Tue May 15 18:47:48 UTC 2018: Found element on the queue
Tue May 15 18:47:48 UTC 2018: Updating status
Tue May 15 18:47:48 UTC 2018: Working
Tue May 15 18:47:51 UTC 2018: Start goldchang__jenkins test class hudson.util.io.ZipArchiverTest
Tue May 15 18:47:51 UTC 2018: Setting lastTestMethodIndex: 42747
Tue May 15 18:47:51 UTC 2018: Starting linking
Tue May 15 18:47:51 UTC 2018: No link for: hudson.util.io.ZipArchiverTest-backwardsSlashesOnWindows
Tue May 15 18:47:51 UTC 2018: None match not added in database because it already exists
Tue May 15 18:47:51 UTC 2018: Linking done for goldchang__jenkins test class hudson.util.io.ZipArchiverTest
Tue May 15 18:47:52 UTC 2018: Found element on the queue
Tue May 15 18:47:52 UTC 2018: Updating status
Tue May 15 18:47:52 UTC 2018: Working
Tue May 15 18:47:55 UTC 2018: Start goldchang__jenkins test class hudson.util.ProcessTreeTest
Tue May 15 18:47:55 UTC 2018: Setting lastTestMethodIndex: 42751
Tue May 15 18:47:55 UTC 2018: Starting linking
Tue May 15 18:47:55 UTC 2018: Linking done for goldchang__jenkins test class hudson.util.ProcessTreeTest
Tue May 15 18:47:56 UTC 2018: Found element on the queue
Tue May 15 18:47:56 UTC 2018: Updating status
Tue May 15 18:47:56 UTC 2018: Working
Tue May 15 18:47:59 UTC 2018: Start goldchang__jenkins test class hudson.cli.ListJobsCommandTest
Tue May 15 18:47:59 UTC 2018: Setting lastTestMethodIndex: 42754
Tue May 15 18:47:59 UTC 2018: Starting linking
Tue May 15 18:47:59 UTC 2018: No link for: hudson.cli.ListJobsCommandTest-failForNonexistingName
Tue May 15 18:47:59 UTC 2018: None match not added in database because it already exists
Tue May 15 18:47:59 UTC 2018: No link for: hudson.cli.ListJobsCommandTest-getAllJobsForEmptyName
Tue May 15 18:47:59 UTC 2018: No link for: hudson.cli.ListJobsCommandTest-getJobsFromView
Tue May 15 18:47:59 UTC 2018: No link for: hudson.cli.ListJobsCommandTest-getAllJobsFromFolders
Tue May 15 18:48:00 UTC 2018: None match not added in database because it already exists
Tue May 15 18:48:00 UTC 2018: No link for: hudson.cli.ListJobsCommandTest-getJobsRecursivelyFromViewGroup
Tue May 15 18:48:00 UTC 2018: Linking done for goldchang__jenkins test class hudson.cli.ListJobsCommandTest
Tue May 15 18:48:01 UTC 2018: Found element on the queue
Tue May 15 18:48:01 UTC 2018: Updating status
Tue May 15 18:48:01 UTC 2018: Working
Tue May 15 18:48:04 UTC 2018: Start goldchang__jenkins test class hudson.cli.handlers.ViewOptionHandlerTest
Tue May 15 18:48:04 UTC 2018: Setting lastTestMethodIndex: 42759
Tue May 15 18:48:04 UTC 2018: Starting linking
Tue May 15 18:48:04 UTC 2018: No link for: hudson.cli.handlers.ViewOptionHandlerTest-resolveOuterView
Tue May 15 18:48:05 UTC 2018: None match not added in database because it already exists
Tue May 15 18:48:05 UTC 2018: No link for: hudson.cli.handlers.ViewOptionHandlerTest-reportNonexistentNestedView
Tue May 15 18:48:05 UTC 2018: None match not added in database because it already exists
Tue May 15 18:48:05 UTC 2018: No link for: hudson.cli.handlers.ViewOptionHandlerTest-refuseToReadOuterView
Tue May 15 18:48:05 UTC 2018: None match not added in database because it already exists
Tue May 15 18:48:05 UTC 2018: No link for: hudson.cli.handlers.ViewOptionHandlerTest-reportNonexistentInnerView
Tue May 15 18:48:05 UTC 2018: None match not added in database because it already exists
Tue May 15 18:48:05 UTC 2018: No link for: hudson.cli.handlers.ViewOptionHandlerTest-refuseToReadNestedView
Tue May 15 18:48:05 UTC 2018: None match not added in database because it already exists
Tue May 15 18:48:05 UTC 2018: No link for: hudson.cli.handlers.ViewOptionHandlerTest-resolveNestedView
Tue May 15 18:48:05 UTC 2018: None match not added in database because it already exists
Tue May 15 18:48:05 UTC 2018: No link for: hudson.cli.handlers.ViewOptionHandlerTest-ignoreLeadingAndTrailingSlashes
Tue May 15 18:48:06 UTC 2018: None match not added in database because it already exists
Tue May 15 18:48:06 UTC 2018: No link for: hudson.cli.handlers.ViewOptionHandlerTest-reportNonexistentTopLevelView
Tue May 15 18:48:06 UTC 2018: None match not added in database because it already exists
Tue May 15 18:48:06 UTC 2018: No link for: hudson.cli.handlers.ViewOptionHandlerTest-refuseToReadInnerView
Tue May 15 18:48:06 UTC 2018: None match not added in database because it already exists
Tue May 15 18:48:06 UTC 2018: No link for: hudson.cli.handlers.ViewOptionHandlerTest-resolveTopLevelView
Tue May 15 18:48:06 UTC 2018: None match not added in database because it already exists
Tue May 15 18:48:06 UTC 2018: No link for: hudson.cli.handlers.ViewOptionHandlerTest-reportTraversingViewThatIsNotAViewGroup
Tue May 15 18:48:06 UTC 2018: None match not added in database because it already exists
Tue May 15 18:48:06 UTC 2018: Linking done for goldchang__jenkins test class hudson.cli.handlers.ViewOptionHandlerTest
Tue May 15 18:48:07 UTC 2018: Found element on the queue
Tue May 15 18:48:07 UTC 2018: Updating status
Tue May 15 18:48:07 UTC 2018: Working
Tue May 15 18:48:10 UTC 2018: Start goldchang__jenkins test class hudson.FunctionsTest
Tue May 15 18:48:10 UTC 2018: Setting lastTestMethodIndex: 42764
Tue May 15 18:48:10 UTC 2018: Starting linking
Tue May 15 18:48:10 UTC 2018: No code found hudson.Functions-getRelativeLinkTo with hudson.FunctionsTest-testGetRelativeLinkTo_JobContainedInView
Tue May 15 18:48:10 UTC 2018: No code found hudson.Functions-getActionUrl with hudson.FunctionsTest-testGetActionUrl_absolutePath
Tue May 15 18:48:10 UTC 2018: No code found hudson.Functions-getActionUrl with hudson.FunctionsTest-testGetActionUrl_absoluteUriWithoutAuthority
Tue May 15 18:48:10 UTC 2018: No code found hudson.Functions-printLogRecordHtml with hudson.FunctionsTest-printLogRecordHtml
Tue May 15 18:48:11 UTC 2018: No code found hudson.Functions-getRelativeLinkTo with hudson.FunctionsTest-getRelativeLinkTo_MavenModules
Tue May 15 18:48:11 UTC 2018: No code found hudson.Functions-getActionUrl with hudson.FunctionsTest-testGetActionUrl_relativePath
Tue May 15 18:48:11 UTC 2018: No code found hudson.Functions-getActionUrl with hudson.FunctionsTest-testGetActionUrl_absoluteUriWithAuthority
Tue May 15 18:48:11 UTC 2018: No code found hudson.Functions-getRelativeLinkTo with hudson.FunctionsTest-testGetRelativeLinkTo_JobFromComputer
Tue May 15 18:48:11 UTC 2018: No code found hudson.Functions-getRelativeLinkTo with hudson.FunctionsTest-testGetRelativeLinkTo_JobNotContainedInView
Tue May 15 18:48:11 UTC 2018: No code found hudson.Functions-getActionUrl with hudson.FunctionsTest-testGetActionUrl_unparsable
Tue May 15 18:48:12 UTC 2018: No code found hudson.Functions-getRelativeLinkTo with hudson.FunctionsTest-testGetRelativeLinkTo_JobContainedInViewWithinItemGroup
Tue May 15 18:48:12 UTC 2018: No code found hudson.Functions-breakableString with hudson.FunctionsTest-testBreakableString
Tue May 15 18:48:12 UTC 2018: No link for: hudson.FunctionsTest-testGetRelativeDisplayNameInsideItemGroup
Tue May 15 18:48:12 UTC 2018: No link for: hudson.FunctionsTest-testGetRelativeDisplayName
Tue May 15 18:48:12 UTC 2018: No link for: hudson.FunctionsTest-testHumanReadableFileSize
Tue May 15 18:48:13 UTC 2018: Linking done for goldchang__jenkins test class hudson.FunctionsTest
Tue May 15 18:48:13 UTC 2018: Found element on the queue
Tue May 15 18:48:13 UTC 2018: Updating status
Tue May 15 18:48:13 UTC 2018: Working
Tue May 15 18:48:17 UTC 2018: Start goldchang__jenkins test class hudson.FilePathTest
Tue May 15 18:48:17 UTC 2018: Setting lastTestMethodIndex: 42773
Tue May 15 18:48:17 UTC 2018: Starting linking
Tue May 15 18:48:17 UTC 2018: No code found hudson.FilePath-list with hudson.FilePathTest-listWithExcludes
Tue May 15 18:48:17 UTC 2018: Code found hudson.FilePath-isUnix with hudson.FilePathTest-isUnix
Tue May 15 18:48:17 UTC 2018: No code found hudson.FilePath-tar with hudson.FilePathTest-symlinkInTar
Tue May 15 18:48:17 UTC 2018: No code found hudson.FilePath-moveAllChildrenTo with hudson.FilePathTest-moveAllChildrenTo
Tue May 15 18:48:17 UTC 2018: No code found hudson.FilePath-list with hudson.FilePathTest-list
Tue May 15 18:48:18 UTC 2018: No code found hudson.FilePath-copyToWithPermission with hudson.FilePathTest-copyToWithPermission
Tue May 15 18:48:18 UTC 2018: No code found hudson.FilePath-validateAntFileMask with hudson.FilePathTest-validateAntFileMaskBounded
Tue May 15 18:48:18 UTC 2018: No code found hudson.FilePath-copyTo with hudson.FilePathTest-copyTo
Tue May 15 18:48:18 UTC 2018: No code found hudson.FilePath-copyTo with hudson.FilePathTest-noFileLeakInCopyTo
Tue May 15 18:48:18 UTC 2018: No code found hudson.FilePath-copyRecursiveTo with hudson.FilePathTest-repeatCopyRecursiveTo
Tue May 15 18:48:18 UTC 2018: No code found hudson.FilePath-getParent with hudson.FilePathTest-getParent
Tue May 15 18:48:19 UTC 2018: No code found hudson.FilePath-list with hudson.FilePathTest-listWithDefaultExcludes
Tue May 15 18:48:19 UTC 2018: No link for: hudson.FilePathTest-installIfNecessarySkipsDownloadWhenErroneous
Tue May 15 18:48:19 UTC 2018: No link for: hudson.FilePathTest-deleteLongPathOnWindows
Tue May 15 18:48:19 UTC 2018: No link for: hudson.FilePathTest-noRaceConditionInCopyTo
Tue May 15 18:48:19 UTC 2018: None match not added in database because it already exists
Tue May 15 18:48:19 UTC 2018: No link for: hudson.FilePathTest-installIfNecessaryAvoidsExcessiveDownloadsByUsingIfModifiedSince
Tue May 15 18:48:19 UTC 2018: No link for: hudson.FilePathTest-archiveBug
Tue May 15 18:48:19 UTC 2018: No link for: hudson.FilePathTest-errorMessageInRemoteCopyRecursive
Tue May 15 18:48:19 UTC 2018: No link for: hudson.FilePathTest-validateAntFileMask
Tue May 15 18:48:20 UTC 2018: No link for: hudson.FilePathTest-installIfNecessaryPerformsInstallation
Tue May 15 18:48:20 UTC 2018: No link for: hudson.FilePathTest-multiSegmentRelativePaths
Tue May 15 18:48:20 UTC 2018: No link for: hudson.FilePathTest-normalization
Tue May 15 18:48:20 UTC 2018: Linking done for goldchang__jenkins test class hudson.FilePathTest
