Wed May 16 01:03:09 UTC 2018: Database:jdbc:mysql://localhost:3306/unittests
Wed May 16 01:03:09 UTC 2018: Starting
Wed May 16 01:03:09 UTC 2018: Found element on the queue
Wed May 16 01:03:09 UTC 2018: Updating status
Wed May 16 01:03:09 UTC 2018: Working
Wed May 16 01:03:09 UTC 2018: Create project parser
Wed May 16 01:03:15 UTC 2018: Create slicer
Wed May 16 01:03:17 UTC 2018: Create call graph
Wed May 16 01:03:19 UTC 2018: Create point analysis
Wed May 16 01:03:19 UTC 2018: Create call graph done
Wed May 16 01:03:19 UTC 2018: Start JoshCode__SEM test class nl.joshuaslik.tudelft.SEM.control.gameObjects.pickup.LifeTest
Wed May 16 01:03:19 UTC 2018: Setting lastTestMethodIndex: 54296
Wed May 16 01:03:19 UTC 2018: Starting linking
Wed May 16 01:03:19 UTC 2018: Code found nl.joshuaslik.tudelft.SEM.control.gameObjects.pickup.Life-handlePlayerCollision with nl.joshuaslik.tudelft.SEM.control.gameObjects.pickup.LifeTest-testHandlePlayerCollision
Wed May 16 01:03:20 UTC 2018: Linking done for JoshCode__SEM test class nl.joshuaslik.tudelft.SEM.control.gameObjects.pickup.LifeTest
Wed May 16 01:03:20 UTC 2018: Found element on the queue
Wed May 16 01:03:20 UTC 2018: Updating status
Wed May 16 01:03:20 UTC 2018: Working
Wed May 16 01:03:22 UTC 2018: Start JoshCode__SEM test class nl.joshuaslik.tudelft.SEM.control.gameObjects.pickup.powerup.bubble.bubbleMods.BubbleSlowdownTest
Wed May 16 01:03:22 UTC 2018: Setting lastTestMethodIndex: 54299
Wed May 16 01:03:22 UTC 2018: Starting linking
Wed May 16 01:03:22 UTC 2018: Code found nl.joshuaslik.tudelft.SEM.control.gameObjects.pickup.powerup.bubble.bubbleMods.BubbleSlowdown-getBubbleSpeedMultiplier with nl.joshuaslik.tudelft.SEM.control.gameObjects.pickup.powerup.bubble.bubbleMods.BubbleSlowdownTest-testGetBubbleSpeedMultiplierMultipleSlowdowns
Wed May 16 01:03:23 UTC 2018: Code found nl.joshuaslik.tudelft.SEM.control.gameObjects.pickup.powerup.bubble.bubbleMods.BubbleSlowdown-getBubbleSpeedMultiplier with nl.joshuaslik.tudelft.SEM.control.gameObjects.pickup.powerup.bubble.bubbleMods.BubbleSlowdownTest-testGetBubbleSpeedMultiplierSingleInstance
Wed May 16 01:03:23 UTC 2018: Linking done for JoshCode__SEM test class nl.joshuaslik.tudelft.SEM.control.gameObjects.pickup.powerup.bubble.bubbleMods.BubbleSlowdownTest
Wed May 16 01:03:24 UTC 2018: Found element on the queue
Wed May 16 01:03:24 UTC 2018: Updating status
Wed May 16 01:03:24 UTC 2018: Working
Wed May 16 01:03:26 UTC 2018: Start JoshCode__SEM test class nl.joshuaslik.tudelft.SEM.control.gameObjects.pickup.powerup.bubble.BubbleBaseModifierTest
Wed May 16 01:03:26 UTC 2018: Setting lastTestMethodIndex: 54303
Wed May 16 01:03:26 UTC 2018: Starting linking
Wed May 16 01:03:26 UTC 2018: Code found nl.joshuaslik.tudelft.SEM.control.gameObjects.pickup.powerup.bubble.BubbleBaseModifier-getBubbleSpeedMultiplier with nl.joshuaslik.tudelft.SEM.control.gameObjects.pickup.powerup.bubble.BubbleBaseModifierTest-testGetBubbleSpeedMultiplier
Wed May 16 01:03:27 UTC 2018: Linking done for JoshCode__SEM test class nl.joshuaslik.tudelft.SEM.control.gameObjects.pickup.powerup.bubble.BubbleBaseModifierTest
Wed May 16 01:03:27 UTC 2018: Found element on the queue
Wed May 16 01:03:27 UTC 2018: Updating status
Wed May 16 01:03:27 UTC 2018: Working
Wed May 16 01:03:29 UTC 2018: Start JoshCode__SEM test class nl.joshuaslik.tudelft.SEM.control.gameObjects.pickup.powerup.player.playerMods.PlayerSpeedUpTest
Wed May 16 01:03:29 UTC 2018: Setting lastTestMethodIndex: 54306
Wed May 16 01:03:29 UTC 2018: Starting linking
Wed May 16 01:03:29 UTC 2018: Code found nl.joshuaslik.tudelft.SEM.control.gameObjects.pickup.powerup.player.playerMods.PlayerSpeedUp-getMoveSpeedMultiplier with nl.joshuaslik.tudelft.SEM.control.gameObjects.pickup.powerup.player.playerMods.PlayerSpeedUpTest-testGetMoveSpeedMultiplier
Wed May 16 01:03:30 UTC 2018: Code found nl.joshuaslik.tudelft.SEM.control.gameObjects.pickup.powerup.player.playerMods.PlayerSpeedUp-getProjectileSpikeDelay with nl.joshuaslik.tudelft.SEM.control.gameObjects.pickup.powerup.player.playerMods.PlayerSpeedUpTest-testGetProjectileSpikeDelay
Wed May 16 01:03:30 UTC 2018: Code found nl.joshuaslik.tudelft.SEM.control.gameObjects.pickup.powerup.player.playerMods.PlayerSpeedUp-getProjectileSpeedMultiplier with nl.joshuaslik.tudelft.SEM.control.gameObjects.pickup.powerup.player.playerMods.PlayerSpeedUpTest-testGetProjectileSpeedMultiplier
Wed May 16 01:03:30 UTC 2018: Linking done for JoshCode__SEM test class nl.joshuaslik.tudelft.SEM.control.gameObjects.pickup.powerup.player.playerMods.PlayerSpeedUpTest
Wed May 16 01:03:31 UTC 2018: Found element on the queue
Wed May 16 01:03:31 UTC 2018: Updating status
Wed May 16 01:03:31 UTC 2018: Working
Wed May 16 01:03:33 UTC 2018: Start JoshCode__SEM test class nl.joshuaslik.tudelft.SEM.control.gameObjects.pickup.powerup.player.playerMods.ProjectileSpikeDelayUpTest
Wed May 16 01:03:33 UTC 2018: Setting lastTestMethodIndex: 54309
Wed May 16 01:03:33 UTC 2018: Starting linking
Wed May 16 01:03:33 UTC 2018: Code found nl.joshuaslik.tudelft.SEM.control.gameObjects.pickup.powerup.player.playerMods.PlayerSpeedUp-getProjectileSpikeDelay with nl.joshuaslik.tudelft.SEM.control.gameObjects.pickup.powerup.player.playerMods.ProjectileSpikeDelayUpTest-testGetProjectileSpikeDelay
Wed May 16 01:03:34 UTC 2018: Code found nl.joshuaslik.tudelft.SEM.control.gameObjects.pickup.powerup.player.playerMods.PlayerSpeedUp-getProjectileSpeedMultiplier with nl.joshuaslik.tudelft.SEM.control.gameObjects.pickup.powerup.player.playerMods.ProjectileSpikeDelayUpTest-testGetProjectileSpeedMultiplier
Wed May 16 01:03:34 UTC 2018: Code found nl.joshuaslik.tudelft.SEM.control.gameObjects.pickup.powerup.player.playerMods.PlayerSpeedUp-getMoveSpeedMultiplier with nl.joshuaslik.tudelft.SEM.control.gameObjects.pickup.powerup.player.playerMods.ProjectileSpikeDelayUpTest-testGetMoveSpeedMultiplier
Wed May 16 01:03:34 UTC 2018: Linking done for JoshCode__SEM test class nl.joshuaslik.tudelft.SEM.control.gameObjects.pickup.powerup.player.playerMods.ProjectileSpikeDelayUpTest
Wed May 16 01:03:35 UTC 2018: Found element on the queue
Wed May 16 01:03:35 UTC 2018: Updating status
Wed May 16 01:03:35 UTC 2018: Working
Wed May 16 01:03:37 UTC 2018: Start JoshCode__SEM test class nl.joshuaslik.tudelft.SEM.control.gameObjects.pickup.powerup.player.playerMods.ProjectileSpeedUpTest
Wed May 16 01:03:37 UTC 2018: Setting lastTestMethodIndex: 54311
Wed May 16 01:03:37 UTC 2018: Starting linking
Wed May 16 01:03:37 UTC 2018: Code found nl.joshuaslik.tudelft.SEM.control.gameObjects.pickup.powerup.player.playerMods.PlayerSpeedUp-getProjectileSpeedMultiplier with nl.joshuaslik.tudelft.SEM.control.gameObjects.pickup.powerup.player.playerMods.ProjectileSpeedUpTest-testGetProjectileSpeedMultiplier
Wed May 16 01:03:37 UTC 2018: Code found nl.joshuaslik.tudelft.SEM.control.gameObjects.pickup.powerup.player.playerMods.PlayerSpeedUp-getProjectileSpikeDelay with nl.joshuaslik.tudelft.SEM.control.gameObjects.pickup.powerup.player.playerMods.ProjectileSpeedUpTest-testGetProjectileSpikeDelay
Wed May 16 01:03:38 UTC 2018: Code found nl.joshuaslik.tudelft.SEM.control.gameObjects.pickup.powerup.player.playerMods.PlayerSpeedUp-getMoveSpeedMultiplier with nl.joshuaslik.tudelft.SEM.control.gameObjects.pickup.powerup.player.playerMods.ProjectileSpeedUpTest-testGetMoveSpeedMultiplier
Wed May 16 01:03:38 UTC 2018: Linking done for JoshCode__SEM test class nl.joshuaslik.tudelft.SEM.control.gameObjects.pickup.powerup.player.playerMods.ProjectileSpeedUpTest
Wed May 16 01:03:39 UTC 2018: Found element on the queue
Wed May 16 01:03:39 UTC 2018: Updating status
Wed May 16 01:03:39 UTC 2018: Working
Wed May 16 01:03:41 UTC 2018: Start JoshCode__SEM test class nl.joshuaslik.tudelft.SEM.control.gameObjects.pickup.PickupGeneratorTest
Wed May 16 01:03:41 UTC 2018: Setting lastTestMethodIndex: 54313
Wed May 16 01:03:41 UTC 2018: Starting linking
Wed May 16 01:03:41 UTC 2018: No link for: nl.joshuaslik.tudelft.SEM.control.gameObjects.pickup.PickupGeneratorTest-testPowerup
Wed May 16 01:03:41 UTC 2018: No link for: nl.joshuaslik.tudelft.SEM.control.gameObjects.pickup.PickupGeneratorTest-testCoin
Wed May 16 01:03:42 UTC 2018: No link for: nl.joshuaslik.tudelft.SEM.control.gameObjects.pickup.PickupGeneratorTest-testOther
Wed May 16 01:03:42 UTC 2018: No link for: nl.joshuaslik.tudelft.SEM.control.gameObjects.pickup.PickupGeneratorTest-testLife
Wed May 16 01:03:42 UTC 2018: No link for: nl.joshuaslik.tudelft.SEM.control.gameObjects.pickup.PickupGeneratorTest-testNoPickup
Wed May 16 01:03:42 UTC 2018: Linking done for JoshCode__SEM test class nl.joshuaslik.tudelft.SEM.control.gameObjects.pickup.PickupGeneratorTest
Wed May 16 01:03:43 UTC 2018: Found element on the queue
Wed May 16 01:03:43 UTC 2018: Updating status
Wed May 16 01:03:43 UTC 2018: Working
Wed May 16 01:03:46 UTC 2018: Start JoshCode__SEM test class nl.joshuaslik.tudelft.SEM.control.gameObjects.BubbleTest
Wed May 16 01:03:46 UTC 2018: Setting lastTestMethodIndex: 54317
Wed May 16 01:03:46 UTC 2018: Starting linking
Wed May 16 01:03:46 UTC 2018: Code found nl.joshuaslik.tudelft.SEM.control.gameObjects.Bubble-splitBubble with nl.joshuaslik.tudelft.SEM.control.gameObjects.BubbleTest-testSplitBubble
Wed May 16 01:03:46 UTC 2018: Code found nl.joshuaslik.tudelft.SEM.control.gameObjects.Bubble-update with nl.joshuaslik.tudelft.SEM.control.gameObjects.BubbleTest-testUpdateDestroy
Wed May 16 01:03:46 UTC 2018: Code found nl.joshuaslik.tudelft.SEM.control.gameObjects.Bubble-collide with nl.joshuaslik.tudelft.SEM.control.gameObjects.BubbleTest-testCollide
Wed May 16 01:03:47 UTC 2018: Code found nl.joshuaslik.tudelft.SEM.control.gameObjects.Bubble-getCircleViewObject with nl.joshuaslik.tudelft.SEM.control.gameObjects.BubbleTest-testGetCircleViewObject
Wed May 16 01:03:47 UTC 2018: Code found nl.joshuaslik.tudelft.SEM.control.gameObjects.Bubble-splitBubble with nl.joshuaslik.tudelft.SEM.control.gameObjects.BubbleTest-testSplitBubble25
Wed May 16 01:03:47 UTC 2018: Code found nl.joshuaslik.tudelft.SEM.control.gameObjects.Bubble-addModifier with nl.joshuaslik.tudelft.SEM.control.gameObjects.BubbleTest-testAddModifier
Wed May 16 01:03:47 UTC 2018: Code found nl.joshuaslik.tudelft.SEM.control.gameObjects.Bubble-collide with nl.joshuaslik.tudelft.SEM.control.gameObjects.BubbleTest-testNoCollide
Wed May 16 01:03:48 UTC 2018: Code found nl.joshuaslik.tudelft.SEM.control.gameObjects.Bubble-update with nl.joshuaslik.tudelft.SEM.control.gameObjects.BubbleTest-testUpdate
Wed May 16 01:03:48 UTC 2018: Code found nl.joshuaslik.tudelft.SEM.control.gameObjects.Bubble-getRadius with nl.joshuaslik.tudelft.SEM.control.gameObjects.BubbleTest-testGetRadius
Wed May 16 01:03:48 UTC 2018: Code found nl.joshuaslik.tudelft.SEM.control.gameObjects.Bubble-update with nl.joshuaslik.tudelft.SEM.control.gameObjects.BubbleTest-testUpdateBounce
Wed May 16 01:03:49 UTC 2018: No link for: nl.joshuaslik.tudelft.SEM.control.gameObjects.BubbleTest-testBubbleCircle
Wed May 16 01:03:49 UTC 2018: No link for: nl.joshuaslik.tudelft.SEM.control.gameObjects.BubbleTest-testDestroySmallBubble
Wed May 16 01:03:49 UTC 2018: No link for: nl.joshuaslik.tudelft.SEM.control.gameObjects.BubbleTest-testCheckSuccesfulBubbleCollision
Wed May 16 01:03:49 UTC 2018: No link for: nl.joshuaslik.tudelft.SEM.control.gameObjects.BubbleTest-testBubbleVector
Wed May 16 01:03:50 UTC 2018: No link for: nl.joshuaslik.tudelft.SEM.control.gameObjects.BubbleTest-testClosestIntersection
Wed May 16 01:03:50 UTC 2018: Linking done for JoshCode__SEM test class nl.joshuaslik.tudelft.SEM.control.gameObjects.BubbleTest
Wed May 16 01:03:50 UTC 2018: Found element on the queue
Wed May 16 01:03:50 UTC 2018: Updating status
Wed May 16 01:03:50 UTC 2018: Working
Wed May 16 01:03:53 UTC 2018: Start JoshCode__SEM test class nl.joshuaslik.tudelft.SEM.control.gameObjects.GameObjectsTest
Wed May 16 01:03:53 UTC 2018: Setting lastTestMethodIndex: 54320
Wed May 16 01:03:53 UTC 2018: Starting linking
Wed May 16 01:03:53 UTC 2018: Code found nl.joshuaslik.tudelft.SEM.control.gameObjects.GameObjects-bubblesLeft with nl.joshuaslik.tudelft.SEM.control.gameObjects.GameObjectsTest-testBubblesLeft
Wed May 16 01:03:53 UTC 2018: Code found nl.joshuaslik.tudelft.SEM.control.gameObjects.GameObjects-makeLine with nl.joshuaslik.tudelft.SEM.control.gameObjects.GameObjectsTest-testMakeLine
Wed May 16 01:03:54 UTC 2018: Code found nl.joshuaslik.tudelft.SEM.control.gameObjects.GameObjects-addPoints with nl.joshuaslik.tudelft.SEM.control.gameObjects.GameObjectsTest-testAddPoints
Wed May 16 01:03:54 UTC 2018: Code found nl.joshuaslik.tudelft.SEM.control.gameObjects.GameObjects-update with nl.joshuaslik.tudelft.SEM.control.gameObjects.GameObjectsTest-testUpdate
Wed May 16 01:03:54 UTC 2018: Code found nl.joshuaslik.tudelft.SEM.control.gameObjects.GameObjects-makeImage with nl.joshuaslik.tudelft.SEM.control.gameObjects.GameObjectsTest-testMakeImage
Wed May 16 01:03:54 UTC 2018: Code found nl.joshuaslik.tudelft.SEM.control.gameObjects.GameObjects-playerDied with nl.joshuaslik.tudelft.SEM.control.gameObjects.GameObjectsTest-testPlayerDied
Wed May 16 01:03:55 UTC 2018: Code found nl.joshuaslik.tudelft.SEM.control.gameObjects.GameObjects-allBubblesDestroyed with nl.joshuaslik.tudelft.SEM.control.gameObjects.GameObjectsTest-testAllBubblesDestroyed
Wed May 16 01:03:55 UTC 2018: Code found nl.joshuaslik.tudelft.SEM.control.gameObjects.GameObjects-addLife with nl.joshuaslik.tudelft.SEM.control.gameObjects.GameObjectsTest-testAddLife
Wed May 16 01:03:55 UTC 2018: Code found nl.joshuaslik.tudelft.SEM.control.gameObjects.GameObjects-makeCircle with nl.joshuaslik.tudelft.SEM.control.gameObjects.GameObjectsTest-testMakeCircle
Wed May 16 01:03:55 UTC 2018: No link for: nl.joshuaslik.tudelft.SEM.control.gameObjects.GameObjectsTest-objectCorrectlyAddedAndRemoved
Wed May 16 01:03:56 UTC 2018: Linking done for JoshCode__SEM test class nl.joshuaslik.tudelft.SEM.control.gameObjects.GameObjectsTest
Wed May 16 01:03:56 UTC 2018: Found element on the queue
Wed May 16 01:03:56 UTC 2018: Updating status
Wed May 16 01:03:56 UTC 2018: Working
Wed May 16 01:03:59 UTC 2018: Start JoshCode__SEM test class nl.joshuaslik.tudelft.SEM.control.gameObjects.ProjectileTest
Wed May 16 01:03:59 UTC 2018: Setting lastTestMethodIndex: 54324
Wed May 16 01:03:59 UTC 2018: Starting linking
Wed May 16 01:03:59 UTC 2018: Code found nl.joshuaslik.tudelft.SEM.control.gameObjects.Projectile-collide with nl.joshuaslik.tudelft.SEM.control.gameObjects.ProjectileTest-testCollidePlayer
Wed May 16 01:03:59 UTC 2018: Code found nl.joshuaslik.tudelft.SEM.control.gameObjects.Projectile-getClosestIntersection with nl.joshuaslik.tudelft.SEM.control.gameObjects.ProjectileTest-testGetClosestIntersectionLargeY
Wed May 16 01:03:59 UTC 2018: Code found nl.joshuaslik.tudelft.SEM.control.gameObjects.Projectile-updateLinePoints with nl.joshuaslik.tudelft.SEM.control.gameObjects.ProjectileTest-testUpdateLinePoints
Wed May 16 01:04:00 UTC 2018: Code found nl.joshuaslik.tudelft.SEM.control.gameObjects.Projectile-getClosestIntersection with nl.joshuaslik.tudelft.SEM.control.gameObjects.ProjectileTest-testGetClosestIntersectionSmallY
Wed May 16 01:04:00 UTC 2018: No link for: nl.joshuaslik.tudelft.SEM.control.gameObjects.ProjectileTest-testPointsInitialized
Wed May 16 01:04:00 UTC 2018: No link for: nl.joshuaslik.tudelft.SEM.control.gameObjects.ProjectileTest-testVectorInitialized
Wed May 16 01:04:00 UTC 2018: No link for: nl.joshuaslik.tudelft.SEM.control.gameObjects.ProjectileTest-testVectorProperties
Wed May 16 01:04:01 UTC 2018: Linking done for JoshCode__SEM test class nl.joshuaslik.tudelft.SEM.control.gameObjects.ProjectileTest
Wed May 16 01:04:01 UTC 2018: Found element on the queue
Wed May 16 01:04:01 UTC 2018: Updating status
Wed May 16 01:04:01 UTC 2018: Working
Wed May 16 01:04:04 UTC 2018: Start JoshCode__SEM test class nl.joshuaslik.tudelft.SEM.control.gameObjects.GameObjectsConstructorTest
Wed May 16 01:04:04 UTC 2018: Setting lastTestMethodIndex: 54328
Wed May 16 01:04:04 UTC 2018: Starting linking
Wed May 16 01:04:04 UTC 2018: Code found nl.joshuaslik.tudelft.SEM.control.gameObjects.GameObjects-handleModifierCollision with nl.joshuaslik.tudelft.SEM.control.gameObjects.GameObjectsConstructorTest-testhandleModifierCollision
Wed May 16 01:04:04 UTC 2018: Code found nl.joshuaslik.tudelft.SEM.control.gameObjects.GameObjects-handleModifierCollision with nl.joshuaslik.tudelft.SEM.control.gameObjects.GameObjectsConstructorTest-testHandleModifierCollisionNone
Wed May 16 01:04:04 UTC 2018: Code found nl.joshuaslik.tudelft.SEM.control.gameObjects.GameObjects-handleModifierCollision with nl.joshuaslik.tudelft.SEM.control.gameObjects.GameObjectsConstructorTest-testHandleModifierCollisionBubble
Wed May 16 01:04:05 UTC 2018: No link for: nl.joshuaslik.tudelft.SEM.control.gameObjects.GameObjectsConstructorTest-testConstructor
Wed May 16 01:04:05 UTC 2018: No link for: nl.joshuaslik.tudelft.SEM.control.gameObjects.GameObjectsConstructorTest-testInitializeBorders
Wed May 16 01:04:05 UTC 2018: No link for: nl.joshuaslik.tudelft.SEM.control.gameObjects.GameObjectsConstructorTest-testInitializedPlayer
Wed May 16 01:04:05 UTC 2018: Linking done for JoshCode__SEM test class nl.joshuaslik.tudelft.SEM.control.gameObjects.GameObjectsConstructorTest
Wed May 16 01:04:06 UTC 2018: Found element on the queue
Wed May 16 01:04:06 UTC 2018: Updating status
Wed May 16 01:04:06 UTC 2018: Working
Wed May 16 01:04:08 UTC 2018: Start JoshCode__SEM test class nl.joshuaslik.tudelft.SEM.control.gameObjects.TimeDoorTest
Wed May 16 01:04:08 UTC 2018: Setting lastTestMethodIndex: 54331
Wed May 16 01:04:08 UTC 2018: Starting linking
Wed May 16 01:04:08 UTC 2018: Code found nl.joshuaslik.tudelft.SEM.control.gameObjects.AbstractDoor-update with nl.joshuaslik.tudelft.SEM.control.gameObjects.TimeDoorTest-testUpdateClosed
Wed May 16 01:04:09 UTC 2018: Code found nl.joshuaslik.tudelft.SEM.control.gameObjects.AbstractDoor-destroy with nl.joshuaslik.tudelft.SEM.control.gameObjects.TimeDoorTest-testDestroy
Wed May 16 01:04:09 UTC 2018: No code found nl.joshuaslik.tudelft.SEM.control.gameObjects.AbstractDoor-isOpen with nl.joshuaslik.tudelft.SEM.control.gameObjects.TimeDoorTest-testIsOpen
Wed May 16 01:04:09 UTC 2018: Code found nl.joshuaslik.tudelft.SEM.control.gameObjects.AbstractDoor-update with nl.joshuaslik.tudelft.SEM.control.gameObjects.TimeDoorTest-testUpdateOpen
Wed May 16 01:04:10 UTC 2018: No link for: nl.joshuaslik.tudelft.SEM.control.gameObjects.TimeDoorTest-testTimeDoor
Wed May 16 01:04:10 UTC 2018: Linking done for JoshCode__SEM test class nl.joshuaslik.tudelft.SEM.control.gameObjects.TimeDoorTest
Wed May 16 01:04:10 UTC 2018: Found element on the queue
Wed May 16 01:04:10 UTC 2018: Updating status
Wed May 16 01:04:10 UTC 2018: Working
Wed May 16 01:04:13 UTC 2018: Start JoshCode__SEM test class nl.joshuaslik.tudelft.SEM.model.container.IntersectionPointTest
Wed May 16 01:04:13 UTC 2018: Setting lastTestMethodIndex: 54335
Wed May 16 01:04:13 UTC 2018: Starting linking
Wed May 16 01:04:13 UTC 2018: Code found nl.joshuaslik.tudelft.SEM.model.container.IntersectionPoint-hasSpeedVec with nl.joshuaslik.tudelft.SEM.model.container.IntersectionPointTest-testHasSpeedVec
Wed May 16 01:04:13 UTC 2018: Code found nl.joshuaslik.tudelft.SEM.model.container.IntersectionPoint-getNormal with nl.joshuaslik.tudelft.SEM.model.container.IntersectionPointTest-testGetNormal
Wed May 16 01:04:14 UTC 2018: Code found nl.joshuaslik.tudelft.SEM.model.container.IntersectionPoint-getDistance with nl.joshuaslik.tudelft.SEM.model.container.IntersectionPointTest-testGetDistance
Wed May 16 01:04:14 UTC 2018: Code found nl.joshuaslik.tudelft.SEM.model.container.IntersectionPoint-getSpeedVec with nl.joshuaslik.tudelft.SEM.model.container.IntersectionPointTest-testGetSpeedVec
Wed May 16 01:04:14 UTC 2018: Code found nl.joshuaslik.tudelft.SEM.model.container.IntersectionPoint-setSpeedVec with nl.joshuaslik.tudelft.SEM.model.container.IntersectionPointTest-testSetSpeedVec
Wed May 16 01:04:14 UTC 2018: No link for: nl.joshuaslik.tudelft.SEM.model.container.IntersectionPointTest-testIntersectionPoint
Wed May 16 01:04:15 UTC 2018: Linking done for JoshCode__SEM test class nl.joshuaslik.tudelft.SEM.model.container.IntersectionPointTest
Wed May 16 01:04:15 UTC 2018: Found element on the queue
Wed May 16 01:04:15 UTC 2018: Updating status
Wed May 16 01:04:15 UTC 2018: Working
Wed May 16 01:04:18 UTC 2018: Start JoshCode__SEM test class nl.joshuaslik.tudelft.SEM.model.container.VectorTest
Wed May 16 01:04:18 UTC 2018: Setting lastTestMethodIndex: 54338
Wed May 16 01:04:18 UTC 2018: Starting linking
Wed May 16 01:04:18 UTC 2018: Code found nl.joshuaslik.tudelft.SEM.model.container.Vector-normal with nl.joshuaslik.tudelft.SEM.model.container.VectorTest-testNormal
Wed May 16 01:04:18 UTC 2018: Code found nl.joshuaslik.tudelft.SEM.model.container.Vector-getIntersectionPoint with nl.joshuaslik.tudelft.SEM.model.container.VectorTest-testGetIntersectionPoint
Wed May 16 01:04:18 UTC 2018: Code found nl.joshuaslik.tudelft.SEM.model.container.Vector-positiveDirection with nl.joshuaslik.tudelft.SEM.model.container.VectorTest-testPositiveDirection
Wed May 16 01:04:19 UTC 2018: Code found nl.joshuaslik.tudelft.SEM.model.container.Vector-getXdirection with nl.joshuaslik.tudelft.SEM.model.container.VectorTest-testGetXdirection
Wed May 16 01:04:19 UTC 2018: Code found nl.joshuaslik.tudelft.SEM.model.container.Vector-getX with nl.joshuaslik.tudelft.SEM.model.container.VectorTest-testGetX
Wed May 16 01:04:19 UTC 2018: Code found nl.joshuaslik.tudelft.SEM.model.container.Vector-getY with nl.joshuaslik.tudelft.SEM.model.container.VectorTest-testGetY
Wed May 16 01:04:19 UTC 2018: Code found nl.joshuaslik.tudelft.SEM.model.container.Vector-toString with nl.joshuaslik.tudelft.SEM.model.container.VectorTest-testToString
Wed May 16 01:04:20 UTC 2018: No link for: nl.joshuaslik.tudelft.SEM.model.container.VectorTest-testVector
Wed May 16 01:04:20 UTC 2018: Linking done for JoshCode__SEM test class nl.joshuaslik.tudelft.SEM.model.container.VectorTest
Wed May 16 01:04:20 UTC 2018: Found element on the queue
Wed May 16 01:04:20 UTC 2018: Updating status
Wed May 16 01:04:20 UTC 2018: Working
Wed May 16 01:04:23 UTC 2018: Start JoshCode__SEM test class nl.joshuaslik.tudelft.SEM.model.container.PointTest
Wed May 16 01:04:23 UTC 2018: Setting lastTestMethodIndex: 54340
Wed May 16 01:04:23 UTC 2018: Starting linking
Wed May 16 01:04:23 UTC 2018: Code found nl.joshuaslik.tudelft.SEM.model.container.Point-translate with nl.joshuaslik.tudelft.SEM.model.container.PointTest-testTranslatePoint
Wed May 16 01:04:23 UTC 2018: Code found nl.joshuaslik.tudelft.SEM.model.container.Point-distanceTo with nl.joshuaslik.tudelft.SEM.model.container.PointTest-testDistanceTo
Wed May 16 01:04:24 UTC 2018: Code found nl.joshuaslik.tudelft.SEM.model.container.Point-getxPos with nl.joshuaslik.tudelft.SEM.model.container.PointTest-testGetxPos
Wed May 16 01:04:24 UTC 2018: Code found nl.joshuaslik.tudelft.SEM.model.container.Point-getyPos with nl.joshuaslik.tudelft.SEM.model.container.PointTest-testGetyPos
Wed May 16 01:04:24 UTC 2018: Code found nl.joshuaslik.tudelft.SEM.model.container.Point-translate with nl.joshuaslik.tudelft.SEM.model.container.PointTest-testTranslateDoubleDouble
Wed May 16 01:04:24 UTC 2018: Code found nl.joshuaslik.tudelft.SEM.model.container.Point-toString with nl.joshuaslik.tudelft.SEM.model.container.PointTest-testToString
Wed May 16 01:04:25 UTC 2018: No link for: nl.joshuaslik.tudelft.SEM.model.container.PointTest-testPoint
Wed May 16 01:04:25 UTC 2018: Linking done for JoshCode__SEM test class nl.joshuaslik.tudelft.SEM.model.container.PointTest
Wed May 16 01:04:26 UTC 2018: Found element on the queue
Wed May 16 01:04:26 UTC 2018: Updating status
Wed May 16 01:04:26 UTC 2018: Working
Wed May 16 01:04:28 UTC 2018: Start JoshCode__SEM test class nl.joshuaslik.tudelft.SEM.model.container.LevelsTest
Wed May 16 01:04:28 UTC 2018: Setting lastTestMethodIndex: 54344
Wed May 16 01:04:28 UTC 2018: Starting linking
Wed May 16 01:04:28 UTC 2018: Code found nl.joshuaslik.tudelft.SEM.model.container.Levels-amountOfLevels with nl.joshuaslik.tudelft.SEM.model.container.LevelsTest-testAmountOfLevels
Wed May 16 01:04:28 UTC 2018: Code found nl.joshuaslik.tudelft.SEM.model.container.Levels-nextLevel with nl.joshuaslik.tudelft.SEM.model.container.LevelsTest-testNextLevel
Wed May 16 01:04:29 UTC 2018: No link for: nl.joshuaslik.tudelft.SEM.model.container.LevelsTest-testUnlockedLevel
Wed May 16 01:04:29 UTC 2018: No link for: nl.joshuaslik.tudelft.SEM.model.container.LevelsTest-testGetLevel0
Wed May 16 01:04:29 UTC 2018: No link for: nl.joshuaslik.tudelft.SEM.model.container.LevelsTest-testLastLevel
Wed May 16 01:04:30 UTC 2018: Linking done for JoshCode__SEM test class nl.joshuaslik.tudelft.SEM.model.container.LevelsTest
Wed May 16 01:04:30 UTC 2018: Found element on the queue
Wed May 16 01:04:30 UTC 2018: Updating status
Wed May 16 01:04:30 UTC 2018: Working
Wed May 16 01:04:33 UTC 2018: Start JoshCode__SEM test class nl.joshuaslik.tudelft.SEM.utility.GameLogTest
Wed May 16 01:04:33 UTC 2018: Setting lastTestMethodIndex: 54346
Wed May 16 01:04:33 UTC 2018: Starting linking
Wed May 16 01:04:33 UTC 2018: Code found nl.joshuaslik.tudelft.SEM.utility.GameLog-addDebugLog with nl.joshuaslik.tudelft.SEM.utility.GameLogTest-testAddDebugLog
Wed May 16 01:04:33 UTC 2018: Code found nl.joshuaslik.tudelft.SEM.utility.GameLog-addErrorLog with nl.joshuaslik.tudelft.SEM.utility.GameLogTest-testAddErrorLog
Wed May 16 01:04:33 UTC 2018: Code found nl.joshuaslik.tudelft.SEM.utility.GameLog-addTraceLog with nl.joshuaslik.tudelft.SEM.utility.GameLogTest-testAddTraceLog
Wed May 16 01:04:33 UTC 2018: Code found nl.joshuaslik.tudelft.SEM.utility.GameLog-addWarningLog with nl.joshuaslik.tudelft.SEM.utility.GameLogTest-testAddWarningLog
Wed May 16 01:04:34 UTC 2018: Code found nl.joshuaslik.tudelft.SEM.utility.GameLog-addInfoLog with nl.joshuaslik.tudelft.SEM.utility.GameLogTest-testAddInfoLog
Wed May 16 01:04:34 UTC 2018: Linking done for JoshCode__SEM test class nl.joshuaslik.tudelft.SEM.utility.GameLogTest
Wed May 16 01:04:35 UTC 2018: Found element on the queue
Wed May 16 01:04:35 UTC 2018: Updating status
Wed May 16 01:04:35 UTC 2018: Working
Wed May 16 01:04:37 UTC 2018: Start JoshCode__SEM test class nl.joshuaslik.tudelft.SEM.utility.GameLogConstructorTest
Wed May 16 01:04:37 UTC 2018: Setting lastTestMethodIndex: 54349
Wed May 16 01:04:37 UTC 2018: Starting linking
Wed May 16 01:04:37 UTC 2018: Code found nl.joshuaslik.tudelft.SEM.utility.GameLog-constructor with nl.joshuaslik.tudelft.SEM.utility.GameLogConstructorTest-testConstructor
Wed May 16 01:04:37 UTC 2018: Linking done for JoshCode__SEM test class nl.joshuaslik.tudelft.SEM.utility.GameLogConstructorTest
Wed May 16 01:04:38 UTC 2018: Found element on the queue
Wed May 16 01:04:38 UTC 2018: Updating status
Wed May 16 01:04:38 UTC 2018: Working
Wed May 16 01:04:41 UTC 2018: Start JoshCode__SEM test class nl.joshuaslik.tudelft.SEM.control.viewController.KeyboardTest
Wed May 16 01:04:41 UTC 2018: Setting lastTestMethodIndex: 54352
Wed May 16 01:04:41 UTC 2018: Starting linking
Wed May 16 01:04:41 UTC 2018: Code found nl.joshuaslik.tudelft.SEM.control.viewController.Keyboard-isMoveLeft with nl.joshuaslik.tudelft.SEM.control.viewController.KeyboardTest-testIsMoveLeft
Wed May 16 01:04:41 UTC 2018: Code found nl.joshuaslik.tudelft.SEM.control.viewController.Keyboard-isMoveRight with nl.joshuaslik.tudelft.SEM.control.viewController.KeyboardTest-testIsMoveRight
Wed May 16 01:04:41 UTC 2018: Code found nl.joshuaslik.tudelft.SEM.control.viewController.Keyboard-isShoot with nl.joshuaslik.tudelft.SEM.control.viewController.KeyboardTest-testIsShoot
Wed May 16 01:04:41 UTC 2018: No link for: nl.joshuaslik.tudelft.SEM.control.viewController.KeyboardTest-testKeyboard
Wed May 16 01:04:42 UTC 2018: Linking done for JoshCode__SEM test class nl.joshuaslik.tudelft.SEM.control.viewController.KeyboardTest
Wed May 16 01:04:42 UTC 2018: Found element on the queue
Wed May 16 01:04:42 UTC 2018: Updating status
Wed May 16 01:04:42 UTC 2018: Working
Wed May 16 01:04:45 UTC 2018: Start JoshCode__SEM test class nl.joshuaslik.tudelft.SEM.control.gameObjects.BubbleDoorTest
Wed May 16 01:04:45 UTC 2018: Setting lastTestMethodIndex: 54355
Wed May 16 01:04:45 UTC 2018: Starting linking
Wed May 16 01:04:45 UTC 2018: Code found nl.joshuaslik.tudelft.SEM.control.gameObjects.AbstractDoor-destroy with nl.joshuaslik.tudelft.SEM.control.gameObjects.BubbleDoorTest-testDestroy
Wed May 16 01:04:45 UTC 2018: Match not added in database because it already exists
Wed May 16 01:04:45 UTC 2018: Code found nl.joshuaslik.tudelft.SEM.control.gameObjects.AbstractDoor-update with nl.joshuaslik.tudelft.SEM.control.gameObjects.BubbleDoorTest-testUpdateClosed
Wed May 16 01:04:45 UTC 2018: No code found nl.joshuaslik.tudelft.SEM.control.gameObjects.AbstractDoor-isOpen with nl.joshuaslik.tudelft.SEM.control.gameObjects.BubbleDoorTest-testIsOpen
Wed May 16 01:04:46 UTC 2018: Code found nl.joshuaslik.tudelft.SEM.control.gameObjects.AbstractDoor-update with nl.joshuaslik.tudelft.SEM.control.gameObjects.BubbleDoorTest-testUpdateOpen
Wed May 16 01:04:46 UTC 2018: No link for: nl.joshuaslik.tudelft.SEM.control.gameObjects.BubbleDoorTest-testBubbleDoor
Wed May 16 01:04:46 UTC 2018: Linking done for JoshCode__SEM test class nl.joshuaslik.tudelft.SEM.control.gameObjects.BubbleDoorTest
Wed May 16 01:04:47 UTC 2018: Found element on the queue
Wed May 16 01:04:47 UTC 2018: Updating status
Wed May 16 01:04:47 UTC 2018: Working
Wed May 16 01:04:49 UTC 2018: Start JoshCode__SEM test class nl.joshuaslik.tudelft.SEM.control.gameObjects.PowerupTest
Wed May 16 01:04:49 UTC 2018: Setting lastTestMethodIndex: 54359
Wed May 16 01:04:49 UTC 2018: Starting linking
Wed May 16 01:04:49 UTC 2018: Code found nl.joshuaslik.tudelft.SEM.control.gameObjects.pickup.powerup.Powerup-handlePlayerCollision with nl.joshuaslik.tudelft.SEM.control.gameObjects.PowerupTest-testHandlePlayerCollision
Wed May 16 01:04:49 UTC 2018: Linking done for JoshCode__SEM test class nl.joshuaslik.tudelft.SEM.control.gameObjects.PowerupTest
Wed May 16 01:04:50 UTC 2018: Found element on the queue
Wed May 16 01:04:50 UTC 2018: Updating status
Wed May 16 01:04:50 UTC 2018: Working
Wed May 16 01:04:52 UTC 2018: Start JoshCode__SEM test class nl.joshuaslik.tudelft.SEM.control.gameObjects.LineTest
Wed May 16 01:04:52 UTC 2018: Setting lastTestMethodIndex: 54361
Wed May 16 01:04:52 UTC 2018: Starting linking
Wed May 16 01:04:52 UTC 2018: Code found nl.joshuaslik.tudelft.SEM.control.gameObjects.Line-getClosestIntersection with nl.joshuaslik.tudelft.SEM.control.gameObjects.LineTest-testGetClosestIntersectionExact
Wed May 16 01:04:53 UTC 2018: Code found nl.joshuaslik.tudelft.SEM.control.gameObjects.Line-getClosestIntersection with nl.joshuaslik.tudelft.SEM.control.gameObjects.LineTest-testGetClosestIntersectionNull
Wed May 16 01:04:53 UTC 2018: Code found nl.joshuaslik.tudelft.SEM.control.gameObjects.Line-getClosestIntersection with nl.joshuaslik.tudelft.SEM.control.gameObjects.LineTest-testGetClosestIntersectionSmallX
Wed May 16 01:04:53 UTC 2018: Code found nl.joshuaslik.tudelft.SEM.control.gameObjects.Line-getClosestIntersection with nl.joshuaslik.tudelft.SEM.control.gameObjects.LineTest-testGetClosestIntersectionLargeX
Wed May 16 01:04:53 UTC 2018: Code found nl.joshuaslik.tudelft.SEM.control.gameObjects.Line-destroy with nl.joshuaslik.tudelft.SEM.control.gameObjects.LineTest-testDestroyLine
Wed May 16 01:04:54 UTC 2018: No link for: nl.joshuaslik.tudelft.SEM.control.gameObjects.LineTest-testPoint1Set
Wed May 16 01:04:54 UTC 2018: No link for: nl.joshuaslik.tudelft.SEM.control.gameObjects.LineTest-testPoint2Set
Wed May 16 01:04:54 UTC 2018: No link for: nl.joshuaslik.tudelft.SEM.control.gameObjects.LineTest-testVectorSet
Wed May 16 01:04:54 UTC 2018: No link for: nl.joshuaslik.tudelft.SEM.control.gameObjects.LineTest-testSetStrokeWidth
Wed May 16 01:04:55 UTC 2018: Linking done for JoshCode__SEM test class nl.joshuaslik.tudelft.SEM.control.gameObjects.LineTest
Wed May 16 01:04:55 UTC 2018: Found element on the queue
Wed May 16 01:04:55 UTC 2018: Updating status
Wed May 16 01:04:55 UTC 2018: Working
Wed May 16 01:04:58 UTC 2018: Start JoshCode__SEM test class nl.joshuaslik.tudelft.SEM.control.gameObjects.pickup.AbstractPickupTest
Wed May 16 01:04:58 UTC 2018: Setting lastTestMethodIndex: 54363
Wed May 16 01:04:58 UTC 2018: Starting linking
Wed May 16 01:04:58 UTC 2018: Code found nl.joshuaslik.tudelft.SEM.control.gameObjects.pickup.AbstractPickup-destroy with nl.joshuaslik.tudelft.SEM.control.gameObjects.pickup.AbstractPickupTest-testDestroy
Wed May 16 01:04:58 UTC 2018: Code found nl.joshuaslik.tudelft.SEM.control.gameObjects.pickup.AbstractPickup-getPickupImage with nl.joshuaslik.tudelft.SEM.control.gameObjects.pickup.AbstractPickupTest-testGetPickupImage
Wed May 16 01:04:58 UTC 2018: Code found nl.joshuaslik.tudelft.SEM.control.gameObjects.pickup.AbstractPickup-update with nl.joshuaslik.tudelft.SEM.control.gameObjects.pickup.AbstractPickupTest-testUpdateIntersection
Wed May 16 01:04:58 UTC 2018: Code found nl.joshuaslik.tudelft.SEM.control.gameObjects.pickup.AbstractPickup-update with nl.joshuaslik.tudelft.SEM.control.gameObjects.pickup.AbstractPickupTest-testUpdate
Wed May 16 01:04:59 UTC 2018: No link for: nl.joshuaslik.tudelft.SEM.control.gameObjects.pickup.AbstractPickupTest-testHandlePlayerCollision
Wed May 16 01:04:59 UTC 2018: Linking done for JoshCode__SEM test class nl.joshuaslik.tudelft.SEM.control.gameObjects.pickup.AbstractPickupTest
Wed May 16 01:04:59 UTC 2018: Found element on the queue
Wed May 16 01:04:59 UTC 2018: Updating status
Wed May 16 01:04:59 UTC 2018: Working
Wed May 16 01:05:02 UTC 2018: Start JoshCode__SEM test class nl.joshuaslik.tudelft.SEM.control.gameObjects.pickup.CoinTest
Wed May 16 01:05:02 UTC 2018: Setting lastTestMethodIndex: 54365
Wed May 16 01:05:02 UTC 2018: Starting linking
Wed May 16 01:05:02 UTC 2018: Code found nl.joshuaslik.tudelft.SEM.control.gameObjects.pickup.Coin-handlePlayerCollision with nl.joshuaslik.tudelft.SEM.control.gameObjects.pickup.CoinTest-testHandlePlayerCollision
Wed May 16 01:05:02 UTC 2018: Linking done for JoshCode__SEM test class nl.joshuaslik.tudelft.SEM.control.gameObjects.pickup.CoinTest
