Tue May 15 21:41:52 UTC 2018: Database:jdbc:mysql://localhost:3306/unittests
Tue May 15 21:41:53 UTC 2018: Starting
Tue May 15 21:41:54 UTC 2018: Found element on the queue
Tue May 15 21:41:54 UTC 2018: Updating status
Tue May 15 21:41:54 UTC 2018: Working
Tue May 15 21:41:54 UTC 2018: Create project parser
Tue May 15 21:42:00 UTC 2018: Create slicer
Tue May 15 21:42:04 UTC 2018: Create call graph
Tue May 15 21:42:08 UTC 2018: Create point analysis
Tue May 15 21:42:08 UTC 2018: Create call graph done
Tue May 15 21:42:08 UTC 2018: Start ibeauvais__PlayWithJava8 test class fr.xebia.xke.java8.step1.DateUtilsTest
Tue May 15 21:42:08 UTC 2018: Setting lastTestMethodIndex: 48453
Tue May 15 21:42:08 UTC 2018: Starting linking
Tue May 15 21:42:08 UTC 2018: No link for: fr.xebia.xke.java8.step1.DateUtilsTest-should_add_duration
Tue May 15 21:42:09 UTC 2018: No link for: fr.xebia.xke.java8.step1.DateUtilsTest-should_convert_to_time_zone
Tue May 15 21:42:09 UTC 2018: No link for: fr.xebia.xke.java8.step1.DateUtilsTest-should_compute_day_with_time
Tue May 15 21:42:09 UTC 2018: No link for: fr.xebia.xke.java8.step1.DateUtilsTest-should_parse_date_time
Tue May 15 21:42:10 UTC 2018: No link for: fr.xebia.xke.java8.step1.DateUtilsTest-should_parse_date
Tue May 15 21:42:10 UTC 2018: No link for: fr.xebia.xke.java8.step1.DateUtilsTest-should_compute_age
Tue May 15 21:42:10 UTC 2018: No link for: fr.xebia.xke.java8.step1.DateUtilsTest-fake_test
Tue May 15 21:42:11 UTC 2018: No link for: fr.xebia.xke.java8.step1.DateUtilsTest-should_return_true_when_days_are_equals
Tue May 15 21:42:11 UTC 2018: Linking done for ibeauvais__PlayWithJava8 test class fr.xebia.xke.java8.step1.DateUtilsTest
