Wed May 16 07:09:52 UTC 2018: Database:jdbc:mysql://localhost:3306/unittests
Wed May 16 07:09:53 UTC 2018: Starting
Wed May 16 07:09:53 UTC 2018: Found element on the queue
Wed May 16 07:09:53 UTC 2018: Updating status
Wed May 16 07:09:54 UTC 2018: Working
Wed May 16 07:09:54 UTC 2018: Create project parser
Wed May 16 07:09:58 UTC 2018: Create slicer
Wed May 16 07:10:04 UTC 2018: Create call graph
Wed May 16 07:10:11 UTC 2018: Create point analysis
Wed May 16 07:10:11 UTC 2018: Create call graph done
Wed May 16 07:10:11 UTC 2018: Start nagireddygit__hudson-master test class hudson.cli.PrivateKeyProviderTest
Wed May 16 07:10:11 UTC 2018: Setting lastTestMethodIndex: 66122
Wed May 16 07:10:11 UTC 2018: Starting linking
Wed May 16 07:10:11 UTC 2018: No link for: hudson.cli.PrivateKeyProviderTest-specifyKeysExplicitly
Wed May 16 07:10:12 UTC 2018: None match not added in database because it already exists
Wed May 16 07:10:12 UTC 2018: No link for: hudson.cli.PrivateKeyProviderTest-useDefaultKeyLocations
Wed May 16 07:10:12 UTC 2018: None match not added in database because it already exists
Wed May 16 07:10:12 UTC 2018: Linking done for nagireddygit__hudson-master test class hudson.cli.PrivateKeyProviderTest
Wed May 16 07:10:13 UTC 2018: Found element on the queue
Wed May 16 07:10:13 UTC 2018: Updating status
Wed May 16 07:10:13 UTC 2018: Working
Wed May 16 07:10:15 UTC 2018: Start nagireddygit__hudson-master test class hudson.cli.ConnectionTest
Wed May 16 07:10:15 UTC 2018: Setting lastTestMethodIndex: 66123
Wed May 16 07:10:15 UTC 2018: Starting linking
Wed May 16 07:10:15 UTC 2018: No link for: hudson.cli.ConnectionTest-testSecurity218
Wed May 16 07:10:16 UTC 2018: None match not added in database because it already exists
Wed May 16 07:10:16 UTC 2018: No link for: hudson.cli.ConnectionTest-testEncrypt
Wed May 16 07:10:16 UTC 2018: None match not added in database because it already exists
Wed May 16 07:10:16 UTC 2018: Linking done for nagireddygit__hudson-master test class hudson.cli.ConnectionTest
Wed May 16 07:10:17 UTC 2018: Found element on the queue
Wed May 16 07:10:17 UTC 2018: Updating status
Wed May 16 07:10:17 UTC 2018: Working
Wed May 16 07:10:19 UTC 2018: Start nagireddygit__hudson-master test class hudson.cli.ConnectionMockTest
Wed May 16 07:10:19 UTC 2018: Setting lastTestMethodIndex: 66124
Wed May 16 07:10:19 UTC 2018: Starting linking
Wed May 16 07:10:19 UTC 2018: No link for: hudson.cli.ConnectionMockTest-shouldTolerateEmptyByteArrayUponStreamZeroValue
Wed May 16 07:10:19 UTC 2018: None match not added in database because it already exists
Wed May 16 07:10:19 UTC 2018: Linking done for nagireddygit__hudson-master test class hudson.cli.ConnectionMockTest
Wed May 16 07:10:20 UTC 2018: Found element on the queue
Wed May 16 07:10:20 UTC 2018: Updating status
Wed May 16 07:10:20 UTC 2018: Working
Wed May 16 07:10:20 UTC 2018: Create project parser
Wed May 16 07:11:25 UTC 2018: Start nagireddygit__hudson-master test class hudson.model.BallColorTest
Wed May 16 07:11:25 UTC 2018: Setting lastTestMethodIndex: 66138
Wed May 16 07:11:25 UTC 2018: Starting linking
Wed May 16 07:11:25 UTC 2018: No link for: hudson.model.BallColorTest-iconClassName
Wed May 16 07:11:26 UTC 2018: None match not added in database because it already exists
Wed May 16 07:11:26 UTC 2018: No link for: hudson.model.BallColorTest-htmlColor
Wed May 16 07:11:26 UTC 2018: None match not added in database because it already exists
Wed May 16 07:11:26 UTC 2018: Linking done for nagireddygit__hudson-master test class hudson.model.BallColorTest
Wed May 16 07:11:27 UTC 2018: Found element on the queue
Wed May 16 07:11:27 UTC 2018: Updating status
Wed May 16 07:11:27 UTC 2018: Working
Wed May 16 07:11:29 UTC 2018: Start nagireddygit__hudson-master test class hudson.model.ActionableTest
Wed May 16 07:11:29 UTC 2018: Setting lastTestMethodIndex: 66140
Wed May 16 07:11:29 UTC 2018: Starting linking
Wed May 16 07:11:29 UTC 2018: Code found hudson.model.Actionable-replaceAction with hudson.model.ActionableTest-replaceAction
Wed May 16 07:11:30 UTC 2018: Match not added in database because it already exists
Wed May 16 07:11:30 UTC 2018: Linking done for nagireddygit__hudson-master test class hudson.model.ActionableTest
Wed May 16 07:11:30 UTC 2018: Found element on the queue
Wed May 16 07:11:30 UTC 2018: Updating status
Wed May 16 07:11:30 UTC 2018: Working
Wed May 16 07:11:33 UTC 2018: Start nagireddygit__hudson-master test class jenkins.slaves.DefaultJnlpSlaveReceiverTest
Wed May 16 07:11:33 UTC 2018: Setting lastTestMethodIndex: 66141
Wed May 16 07:11:33 UTC 2018: Starting linking
Wed May 16 07:11:33 UTC 2018: Code found jenkins.slaves.DefaultJnlpSlaveReceiver-handle with jenkins.slaves.DefaultJnlpSlaveReceiverTest-testHandle
Wed May 16 07:11:34 UTC 2018: Match not added in database because it already exists
Wed May 16 07:11:34 UTC 2018: Code found jenkins.slaves.DefaultJnlpSlaveReceiver-handle with jenkins.slaves.DefaultJnlpSlaveReceiverTest-testHandleTakeoverFailedDisconnect
Wed May 16 07:11:34 UTC 2018: Match not added in database because it already exists
Wed May 16 07:11:34 UTC 2018: Code found jenkins.slaves.DefaultJnlpSlaveReceiver-handle with jenkins.slaves.DefaultJnlpSlaveReceiverTest-testHandleWithInvalidNode
Wed May 16 07:11:34 UTC 2018: Match not added in database because it already exists
Wed May 16 07:11:34 UTC 2018: Code found jenkins.slaves.DefaultJnlpSlaveReceiver-handle with jenkins.slaves.DefaultJnlpSlaveReceiverTest-testHandleTakeoverTimedOut
Wed May 16 07:11:35 UTC 2018: Match not added in database because it already exists
Wed May 16 07:11:35 UTC 2018: Code found jenkins.slaves.DefaultJnlpSlaveReceiver-handle with jenkins.slaves.DefaultJnlpSlaveReceiverTest-testHandleAttemptTakeoverWithNullCookie
Wed May 16 07:11:35 UTC 2018: Match not added in database because it already exists
Wed May 16 07:11:35 UTC 2018: Code found jenkins.slaves.DefaultJnlpSlaveReceiver-handle with jenkins.slaves.DefaultJnlpSlaveReceiverTest-testHandleAttemptTakeoverWithInvalidCookie
Wed May 16 07:11:36 UTC 2018: Match not added in database because it already exists
Wed May 16 07:11:36 UTC 2018: Code found jenkins.slaves.DefaultJnlpSlaveReceiver-handle with jenkins.slaves.DefaultJnlpSlaveReceiverTest-testHandleTakeover
Wed May 16 07:11:36 UTC 2018: Match not added in database because it already exists
Wed May 16 07:11:36 UTC 2018: Linking done for nagireddygit__hudson-master test class jenkins.slaves.DefaultJnlpSlaveReceiverTest
Wed May 16 07:11:37 UTC 2018: Found element on the queue
Wed May 16 07:11:37 UTC 2018: Updating status
Wed May 16 07:11:37 UTC 2018: Working
Wed May 16 07:11:39 UTC 2018: Start nagireddygit__hudson-master test class jenkins.model.CoreEnvironmentContributorTest
Wed May 16 07:11:39 UTC 2018: Setting lastTestMethodIndex: 66144
Wed May 16 07:11:39 UTC 2018: Starting linking
Wed May 16 07:11:39 UTC 2018: Code found jenkins.model.CoreEnvironmentContributor-buildEnvironmentFor with jenkins.model.CoreEnvironmentContributorTest-buildEnvironmentForJobShouldntUseCurrentComputer
Wed May 16 07:11:40 UTC 2018: Match not added in database because it already exists
Wed May 16 07:11:40 UTC 2018: Linking done for nagireddygit__hudson-master test class jenkins.model.CoreEnvironmentContributorTest
Wed May 16 07:11:41 UTC 2018: Found element on the queue
Wed May 16 07:11:41 UTC 2018: Updating status
Wed May 16 07:11:41 UTC 2018: Working
Wed May 16 07:11:43 UTC 2018: Start nagireddygit__hudson-master test class hudson.model.ChoiceParameterDefinitionTest
Wed May 16 07:11:43 UTC 2018: Setting lastTestMethodIndex: 66145
Wed May 16 07:11:43 UTC 2018: Starting linking
Wed May 16 07:11:43 UTC 2018: No link for: hudson.model.ChoiceParameterDefinitionTest-testCheckChoices
Wed May 16 07:11:44 UTC 2018: None match not added in database because it already exists
Wed May 16 07:11:44 UTC 2018: No link for: hudson.model.ChoiceParameterDefinitionTest-shouldValidateChoices
Wed May 16 07:11:44 UTC 2018: None match not added in database because it already exists
Wed May 16 07:11:44 UTC 2018: Linking done for nagireddygit__hudson-master test class hudson.model.ChoiceParameterDefinitionTest
Wed May 16 07:11:45 UTC 2018: Found element on the queue
Wed May 16 07:11:45 UTC 2018: Updating status
Wed May 16 07:11:45 UTC 2018: Working
Wed May 16 07:11:47 UTC 2018: Start nagireddygit__hudson-master test class hudson.model.DisplayNameListenerTest
Wed May 16 07:11:47 UTC 2018: Setting lastTestMethodIndex: 66147
Wed May 16 07:11:47 UTC 2018: Starting linking
Wed May 16 07:11:47 UTC 2018: Code found hudson.model.DisplayNameListener-onRenamed with hudson.model.DisplayNameListenerTest-testOnRenamedOldNameNotEqualDisplayName
Wed May 16 07:11:47 UTC 2018: Match not added in database because it already exists
Wed May 16 07:11:47 UTC 2018: Code found hudson.model.DisplayNameListener-onCopied with hudson.model.DisplayNameListenerTest-testOnCopied
Wed May 16 07:11:48 UTC 2018: Match not added in database because it already exists
Wed May 16 07:11:48 UTC 2018: Code found hudson.model.DisplayNameListener-onRenamed with hudson.model.DisplayNameListenerTest-testOnRenamedOldNameEqualsDisplayName
Wed May 16 07:11:48 UTC 2018: Match not added in database because it already exists
Wed May 16 07:11:48 UTC 2018: Linking done for nagireddygit__hudson-master test class hudson.model.DisplayNameListenerTest
Wed May 16 07:11:49 UTC 2018: Found element on the queue
Wed May 16 07:11:49 UTC 2018: Updating status
Wed May 16 07:11:49 UTC 2018: Working
Wed May 16 07:11:51 UTC 2018: Start nagireddygit__hudson-master test class hudson.model.AbstractItemTest
Wed May 16 07:11:51 UTC 2018: Setting lastTestMethodIndex: 66150
Wed May 16 07:11:51 UTC 2018: Starting linking
Wed May 16 07:11:51 UTC 2018: Linking done for nagireddygit__hudson-master test class hudson.model.AbstractItemTest
Wed May 16 07:11:52 UTC 2018: Found element on the queue
Wed May 16 07:11:52 UTC 2018: Updating status
Wed May 16 07:11:52 UTC 2018: Working
Wed May 16 07:11:54 UTC 2018: Start nagireddygit__hudson-master test class hudson.model.ResourceListTest
Wed May 16 07:11:54 UTC 2018: Setting lastTestMethodIndex: 66151
Wed May 16 07:11:54 UTC 2018: Starting linking
Wed May 16 07:11:54 UTC 2018: Code found hudson.model.ResourceList-r with hudson.model.ResourceListTest-simpleR
Wed May 16 07:11:55 UTC 2018: Match not added in database because it already exists
Wed May 16 07:11:55 UTC 2018: Code found hudson.model.ResourceList-r with hudson.model.ResourceListTest-multiReadN
Wed May 16 07:11:55 UTC 2018: Match not added in database because it already exists
Wed May 16 07:11:55 UTC 2018: Code found hudson.model.ResourceList-w with hudson.model.ResourceListTest-simpleRW
Wed May 16 07:11:55 UTC 2018: Match not added in database because it already exists
Wed May 16 07:11:55 UTC 2018: Code found hudson.model.ResourceList-w with hudson.model.ResourceListTest-multiWriteN
Wed May 16 07:11:56 UTC 2018: Match not added in database because it already exists
Wed May 16 07:11:56 UTC 2018: Code found hudson.model.ResourceList-w with hudson.model.ResourceListTest-parentChildW
Wed May 16 07:11:56 UTC 2018: Match not added in database because it already exists
Wed May 16 07:11:56 UTC 2018: Code found hudson.model.ResourceList-w with hudson.model.ResourceListTest-multiWrite1
Wed May 16 07:11:57 UTC 2018: Match not added in database because it already exists
Wed May 16 07:11:57 UTC 2018: Code found hudson.model.ResourceList-r with hudson.model.ResourceListTest-multiRead1
Wed May 16 07:11:57 UTC 2018: Match not added in database because it already exists
Wed May 16 07:11:57 UTC 2018: Code found hudson.model.ResourceList-w with hudson.model.ResourceListTest-simpleW
Wed May 16 07:11:58 UTC 2018: Match not added in database because it already exists
Wed May 16 07:11:58 UTC 2018: Code found hudson.model.ResourceList-r with hudson.model.ResourceListTest-parentChildR3
Wed May 16 07:11:58 UTC 2018: Match not added in database because it already exists
Wed May 16 07:11:58 UTC 2018: Code found hudson.model.ResourceList-w with hudson.model.ResourceListTest-parentChildW3
Wed May 16 07:11:58 UTC 2018: Match not added in database because it already exists
Wed May 16 07:11:58 UTC 2018: Code found hudson.model.ResourceList-r with hudson.model.ResourceListTest-parentChildR
Wed May 16 07:11:59 UTC 2018: Match not added in database because it already exists
Wed May 16 07:11:59 UTC 2018: No link for: hudson.model.ResourceListTest-emptyLists
Wed May 16 07:11:59 UTC 2018: None match not added in database because it already exists
Wed May 16 07:11:59 UTC 2018: Linking done for nagireddygit__hudson-master test class hudson.model.ResourceListTest
Wed May 16 07:12:00 UTC 2018: Found element on the queue
Wed May 16 07:12:00 UTC 2018: Updating status
Wed May 16 07:12:00 UTC 2018: Working
Wed May 16 07:12:02 UTC 2018: Start nagireddygit__hudson-master test class hudson.model.FileParameterValueTest
Wed May 16 07:12:02 UTC 2018: Setting lastTestMethodIndex: 66154
Wed May 16 07:12:02 UTC 2018: Starting linking
Wed May 16 07:12:02 UTC 2018: No link for: hudson.model.FileParameterValueTest-compareNullParams
Wed May 16 07:12:03 UTC 2018: None match not added in database because it already exists
Wed May 16 07:12:03 UTC 2018: No link for: hudson.model.FileParameterValueTest-compareParamsWithSameName
Wed May 16 07:12:03 UTC 2018: None match not added in database because it already exists
Wed May 16 07:12:03 UTC 2018: Linking done for nagireddygit__hudson-master test class hudson.model.FileParameterValueTest
Wed May 16 07:12:04 UTC 2018: Found element on the queue
Wed May 16 07:12:04 UTC 2018: Updating status
Wed May 16 07:12:04 UTC 2018: Working
Wed May 16 07:12:06 UTC 2018: Start nagireddygit__hudson-master test class hudson.model.TimeSeriesTest
Wed May 16 07:12:06 UTC 2018: Setting lastTestMethodIndex: 66156
Wed May 16 07:12:06 UTC 2018: Starting linking
Wed May 16 07:12:06 UTC 2018: No link for: hudson.model.TimeSeriesTest-test1
Wed May 16 07:12:07 UTC 2018: None match not added in database because it already exists
Wed May 16 07:12:07 UTC 2018: Linking done for nagireddygit__hudson-master test class hudson.model.TimeSeriesTest
Wed May 16 07:12:07 UTC 2018: Found element on the queue
Wed May 16 07:12:07 UTC 2018: Updating status
Wed May 16 07:12:07 UTC 2018: Working
Wed May 16 07:12:10 UTC 2018: Start nagireddygit__hudson-master test class hudson.model.LoadStatisticsTest
Wed May 16 07:12:10 UTC 2018: Setting lastTestMethodIndex: 66158
Wed May 16 07:12:10 UTC 2018: Starting linking
Wed May 16 07:12:10 UTC 2018: Code found hudson.model.LoadStatistics-isModern with hudson.model.LoadStatisticsTest-isModernWorks
Wed May 16 07:12:10 UTC 2018: Match not added in database because it already exists
Wed May 16 07:12:10 UTC 2018: No link for: hudson.model.LoadStatisticsTest-graph
Wed May 16 07:12:10 UTC 2018: None match not added in database because it already exists
Wed May 16 07:12:10 UTC 2018: Linking done for nagireddygit__hudson-master test class hudson.model.LoadStatisticsTest
Wed May 16 07:12:11 UTC 2018: Found element on the queue
Wed May 16 07:12:11 UTC 2018: Updating status
Wed May 16 07:12:11 UTC 2018: Working
Wed May 16 07:12:13 UTC 2018: Start nagireddygit__hudson-master test class hudson.model.BuildStatusSummaryTest
Wed May 16 07:12:13 UTC 2018: Setting lastTestMethodIndex: 66159
Wed May 16 07:12:13 UTC 2018: Starting linking
Wed May 16 07:12:13 UTC 2018: No link for: hudson.model.BuildStatusSummaryTest-testBecameUnstable
Wed May 16 07:12:14 UTC 2018: None match not added in database because it already exists
Wed May 16 07:12:14 UTC 2018: No link for: hudson.model.BuildStatusSummaryTest-testNonTestRelatedUnstable
Wed May 16 07:12:14 UTC 2018: None match not added in database because it already exists
Wed May 16 07:12:14 UTC 2018: No link for: hudson.model.BuildStatusSummaryTest-testSuccess
Wed May 16 07:12:15 UTC 2018: None match not added in database because it already exists
Wed May 16 07:12:15 UTC 2018: No link for: hudson.model.BuildStatusSummaryTest-testFailureSince
Wed May 16 07:12:15 UTC 2018: None match not added in database because it already exists
Wed May 16 07:12:15 UTC 2018: No link for: hudson.model.BuildStatusSummaryTest-testFixed
Wed May 16 07:12:16 UTC 2018: None match not added in database because it already exists
Wed May 16 07:12:16 UTC 2018: No link for: hudson.model.BuildStatusSummaryTest-testBecameFailure
Wed May 16 07:12:16 UTC 2018: None match not added in database because it already exists
Wed May 16 07:12:16 UTC 2018: No link for: hudson.model.BuildStatusSummaryTest-testUnstableAfterFailure
Wed May 16 07:12:16 UTC 2018: None match not added in database because it already exists
Wed May 16 07:12:16 UTC 2018: No link for: hudson.model.BuildStatusSummaryTest-testNotBuilt
Wed May 16 07:12:17 UTC 2018: None match not added in database because it already exists
Wed May 16 07:12:17 UTC 2018: No link for: hudson.model.BuildStatusSummaryTest-testAborted
Wed May 16 07:12:17 UTC 2018: None match not added in database because it already exists
Wed May 16 07:12:17 UTC 2018: No link for: hudson.model.BuildStatusSummaryTest-testNonTestRelatedBecameUnstable
Wed May 16 07:12:18 UTC 2018: None match not added in database because it already exists
Wed May 16 07:12:18 UTC 2018: No link for: hudson.model.BuildStatusSummaryTest-testStatusUnknownIfRunIsStillBuilding
Wed May 16 07:12:18 UTC 2018: None match not added in database because it already exists
Wed May 16 07:12:18 UTC 2018: No link for: hudson.model.BuildStatusSummaryTest-testFailure
Wed May 16 07:12:18 UTC 2018: None match not added in database because it already exists
Wed May 16 07:12:18 UTC 2018: Linking done for nagireddygit__hudson-master test class hudson.model.BuildStatusSummaryTest
Wed May 16 07:12:19 UTC 2018: Found element on the queue
Wed May 16 07:12:19 UTC 2018: Updating status
Wed May 16 07:12:19 UTC 2018: Working
Wed May 16 07:12:21 UTC 2018: Start nagireddygit__hudson-master test class hudson.model.TaskActionTest
Wed May 16 07:12:22 UTC 2018: Setting lastTestMethodIndex: 66161
Wed May 16 07:12:22 UTC 2018: Starting linking
Wed May 16 07:12:22 UTC 2018: Linking done for nagireddygit__hudson-master test class hudson.model.TaskActionTest
Wed May 16 07:12:22 UTC 2018: Found element on the queue
Wed May 16 07:12:22 UTC 2018: Updating status
Wed May 16 07:12:22 UTC 2018: Working
Wed May 16 07:12:24 UTC 2018: Start nagireddygit__hudson-master test class hudson.model.listeners.SCMListenerTest
Wed May 16 07:12:24 UTC 2018: Setting lastTestMethodIndex: 66163
Wed May 16 07:12:24 UTC 2018: Starting linking
Wed May 16 07:12:25 UTC 2018: Code found hudson.model.listeners.SCMListenerTest$L1-onChangeLogParsed with hudson.model.listeners.SCMListenerTest-onChangeLogParsed
Wed May 16 07:12:25 UTC 2018: Match not added in database because it already exists
Wed May 16 07:12:25 UTC 2018: Linking done for nagireddygit__hudson-master test class hudson.model.listeners.SCMListenerTest
Wed May 16 07:12:25 UTC 2018: Found element on the queue
Wed May 16 07:12:25 UTC 2018: Updating status
Wed May 16 07:12:25 UTC 2018: Working
Wed May 16 07:12:28 UTC 2018: Start nagireddygit__hudson-master test class hudson.logging.LogRecorderTest
Wed May 16 07:12:28 UTC 2018: Setting lastTestMethodIndex: 66164
Wed May 16 07:12:28 UTC 2018: Starting linking
Wed May 16 07:12:28 UTC 2018: No link for: hudson.logging.LogRecorderTest-targetIncludes
Wed May 16 07:12:28 UTC 2018: None match not added in database because it already exists
Wed May 16 07:12:28 UTC 2018: No link for: hudson.logging.LogRecorderTest-targetMatches
Wed May 16 07:12:29 UTC 2018: None match not added in database because it already exists
Wed May 16 07:12:29 UTC 2018: No link for: hudson.logging.LogRecorderTest-testSpecificExclusion
Wed May 16 07:12:29 UTC 2018: None match not added in database because it already exists
Wed May 16 07:12:29 UTC 2018: No link for: hudson.logging.LogRecorderTest-testClearing
Wed May 16 07:12:30 UTC 2018: None match not added in database because it already exists
Wed May 16 07:12:30 UTC 2018: Linking done for nagireddygit__hudson-master test class hudson.logging.LogRecorderTest
Wed May 16 07:12:30 UTC 2018: Found element on the queue
Wed May 16 07:12:30 UTC 2018: Updating status
Wed May 16 07:12:30 UTC 2018: Working
Wed May 16 07:12:33 UTC 2018: Start nagireddygit__hudson-master test class hudson.ProxyConfigurationTest
Wed May 16 07:12:33 UTC 2018: Setting lastTestMethodIndex: 66167
Wed May 16 07:12:33 UTC 2018: Starting linking
Wed May 16 07:12:33 UTC 2018: No link for: hudson.ProxyConfigurationTest-noProxyHost
Wed May 16 07:12:33 UTC 2018: None match not added in database because it already exists
Wed May 16 07:12:33 UTC 2018: Linking done for nagireddygit__hudson-master test class hudson.ProxyConfigurationTest
Wed May 16 07:12:34 UTC 2018: Found element on the queue
Wed May 16 07:12:34 UTC 2018: Updating status
Wed May 16 07:12:34 UTC 2018: Working
Wed May 16 07:12:36 UTC 2018: Start nagireddygit__hudson-master test class hudson.BulkChangeTest
Wed May 16 07:12:36 UTC 2018: Setting lastTestMethodIndex: 66169
Wed May 16 07:12:36 UTC 2018: Starting linking
Wed May 16 07:12:36 UTC 2018: Linking done for nagireddygit__hudson-master test class hudson.BulkChangeTest
Wed May 16 07:12:36 UTC 2018: Found element on the queue
Wed May 16 07:12:36 UTC 2018: Updating status
Wed May 16 07:12:36 UTC 2018: Working
Wed May 16 07:12:39 UTC 2018: Start nagireddygit__hudson-master test class hudson.util.RunListTest
Wed May 16 07:12:39 UTC 2018: Setting lastTestMethodIndex: 66170
Wed May 16 07:12:39 UTC 2018: Starting linking
Wed May 16 07:12:39 UTC 2018: Code found hudson.util.RunList-byTimestamp with hudson.util.RunListTest-byTimestampLastRun
Wed May 16 07:12:40 UTC 2018: Match not added in database because it already exists
Wed May 16 07:12:40 UTC 2018: Code found hudson.util.RunList-byTimestamp with hudson.util.RunListTest-byTimestampFirstRun
Wed May 16 07:12:40 UTC 2018: Match not added in database because it already exists
Wed May 16 07:12:40 UTC 2018: Code found hudson.util.RunList-byTimestamp with hudson.util.RunListTest-byTimestampAllRuns
Wed May 16 07:12:41 UTC 2018: Match not added in database because it already exists
Wed May 16 07:12:41 UTC 2018: Linking done for nagireddygit__hudson-master test class hudson.util.RunListTest
Wed May 16 07:12:41 UTC 2018: Found element on the queue
Wed May 16 07:12:41 UTC 2018: Updating status
Wed May 16 07:12:41 UTC 2018: Working
Wed May 16 07:12:44 UTC 2018: Start nagireddygit__hudson-master test class hudson.util.IsOverriddenTest
Wed May 16 07:12:44 UTC 2018: Setting lastTestMethodIndex: 66172
Wed May 16 07:12:44 UTC 2018: Starting linking
Wed May 16 07:12:44 UTC 2018: Code found hudson.Util-isOverridden with hudson.util.IsOverriddenTest-isOverriddenTest
Wed May 16 07:12:45 UTC 2018: Match not added in database because it already exists
Wed May 16 07:12:45 UTC 2018: Code found hudson.Util-isOverridden with hudson.util.IsOverriddenTest-isOverriddenNegativeTest
Wed May 16 07:12:45 UTC 2018: Match not added in database because it already exists
Wed May 16 07:12:45 UTC 2018: No link for: hudson.util.IsOverriddenTest-avoidPrivateMethodsInspection
Wed May 16 07:12:46 UTC 2018: None match not added in database because it already exists
Wed May 16 07:12:46 UTC 2018: Linking done for nagireddygit__hudson-master test class hudson.util.IsOverriddenTest
Wed May 16 07:12:46 UTC 2018: Found element on the queue
Wed May 16 07:12:46 UTC 2018: Updating status
Wed May 16 07:12:46 UTC 2018: Working
Wed May 16 07:12:49 UTC 2018: Start nagireddygit__hudson-master test class hudson.util.CopyOnWriteMapTest
Wed May 16 07:12:49 UTC 2018: Setting lastTestMethodIndex: 66174
Wed May 16 07:12:49 UTC 2018: Starting linking
Wed May 16 07:12:49 UTC 2018: Linking done for nagireddygit__hudson-master test class hudson.util.CopyOnWriteMapTest
Wed May 16 07:12:49 UTC 2018: Found element on the queue
Wed May 16 07:12:49 UTC 2018: Updating status
Wed May 16 07:12:49 UTC 2018: Working
Wed May 16 07:12:53 UTC 2018: Start nagireddygit__hudson-master test class hudson.util.CyclicGraphDetectorTest
Wed May 16 07:12:53 UTC 2018: Setting lastTestMethodIndex: 66175
Wed May 16 07:12:53 UTC 2018: Starting linking
Wed May 16 07:12:53 UTC 2018: Linking done for nagireddygit__hudson-master test class hudson.util.CyclicGraphDetectorTest
Wed May 16 07:12:53 UTC 2018: Found element on the queue
Wed May 16 07:12:53 UTC 2018: Updating status
Wed May 16 07:12:53 UTC 2018: Working
Wed May 16 07:12:56 UTC 2018: Start nagireddygit__hudson-master test class hudson.util.ArgumentListBuilderTest
Wed May 16 07:12:56 UTC 2018: Setting lastTestMethodIndex: 66176
Wed May 16 07:12:56 UTC 2018: Starting linking
Wed May 16 07:12:56 UTC 2018: Code found hudson.util.ArgumentListBuilder-clone with hudson.util.ArgumentListBuilderTest-assertMaskOnClone
Wed May 16 07:12:57 UTC 2018: Match not added in database because it already exists
Wed May 16 07:12:57 UTC 2018: Code found hudson.util.ArgumentListBuilder-toWindowsCommand with hudson.util.ArgumentListBuilderTest-testToWindowsCommand
Wed May 16 07:12:57 UTC 2018: Match not added in database because it already exists
Wed May 16 07:12:57 UTC 2018: Code found hudson.util.ArgumentListBuilder-prepend with hudson.util.ArgumentListBuilderTest-assertPrependBeforeAddingMasked
Wed May 16 07:12:57 UTC 2018: Match not added in database because it already exists
Wed May 16 07:12:57 UTC 2018: Code found hudson.util.ArgumentListBuilder-prepend with hudson.util.ArgumentListBuilderTest-assertPrependAfterAddingMasked
Wed May 16 07:12:58 UTC 2018: Match not added in database because it already exists
Wed May 16 07:12:58 UTC 2018: Code found hudson.util.ArgumentListBuilder-addKeyValuePairsFromPropertyString with hudson.util.ArgumentListBuilderTest-addKeyValuePairsFromPropertyString
Wed May 16 07:12:58 UTC 2018: Match not added in database because it already exists
Wed May 16 07:12:58 UTC 2018: Code found hudson.util.ArgumentListBuilder-toWindowsCommand with hudson.util.ArgumentListBuilderTest-testToWindowsCommandMasked
Wed May 16 07:12:59 UTC 2018: Match not added in database because it already exists
Wed May 16 07:12:59 UTC 2018: No link for: hudson.util.ArgumentListBuilderTest-assertKeyValuePairsWithMask
Wed May 16 07:12:59 UTC 2018: None match not added in database because it already exists
Wed May 16 07:12:59 UTC 2018: No link for: hudson.util.ArgumentListBuilderTest-assertLastArgumentIsMasked
Wed May 16 07:13:00 UTC 2018: None match not added in database because it already exists
Wed May 16 07:13:00 UTC 2018: No link for: hudson.util.ArgumentListBuilderTest-assertEmptyMask
Wed May 16 07:13:00 UTC 2018: None match not added in database because it already exists
Wed May 16 07:13:00 UTC 2018: No link for: hudson.util.ArgumentListBuilderTest-assertSeveralMaskedArguments
Wed May 16 07:13:01 UTC 2018: None match not added in database because it already exists
Wed May 16 07:13:01 UTC 2018: No link for: hudson.util.ArgumentListBuilderTest-assertKeyValuePairs
Wed May 16 07:13:01 UTC 2018: None match not added in database because it already exists
Wed May 16 07:13:01 UTC 2018: No link for: hudson.util.ArgumentListBuilderTest-numberOfBackslashesInPropertiesShouldBePreservedAfterMacroExpansion
Wed May 16 07:13:01 UTC 2018: None match not added in database because it already exists
Wed May 16 07:13:01 UTC 2018: Linking done for nagireddygit__hudson-master test class hudson.util.ArgumentListBuilderTest
Wed May 16 07:13:02 UTC 2018: Found element on the queue
Wed May 16 07:13:02 UTC 2018: Updating status
Wed May 16 07:13:02 UTC 2018: Working
Wed May 16 07:13:05 UTC 2018: Start nagireddygit__hudson-master test class hudson.util.SubClassGeneratorTest
Wed May 16 07:13:05 UTC 2018: Setting lastTestMethodIndex: 66179
Wed May 16 07:13:05 UTC 2018: Starting linking
Wed May 16 07:13:05 UTC 2018: Linking done for nagireddygit__hudson-master test class hudson.util.SubClassGeneratorTest
Wed May 16 07:13:05 UTC 2018: Found element on the queue
Wed May 16 07:13:05 UTC 2018: Updating status
Wed May 16 07:13:05 UTC 2018: Working
Wed May 16 07:13:07 UTC 2018: Start nagireddygit__hudson-master test class hudson.util.FormValidationTest
Wed May 16 07:13:07 UTC 2018: Setting lastTestMethodIndex: 66180
Wed May 16 07:13:07 UTC 2018: Starting linking
Wed May 16 07:13:07 UTC 2018: No code found hudson.util.FormValidation-validateRequired with hudson.util.FormValidationTest-testValidateRequired_Null
Wed May 16 07:13:08 UTC 2018: No code found hudson.util.FormValidation-validateRequired with hudson.util.FormValidationTest-testValidateRequired_OK
Wed May 16 07:13:08 UTC 2018: No code found hudson.util.FormValidation-validateRequired with hudson.util.FormValidationTest-testValidateRequired_Empty
Wed May 16 07:13:09 UTC 2018: No link for: hudson.util.FormValidationTest-aggregateZeroValidations
Wed May 16 07:13:09 UTC 2018: None match not added in database because it already exists
Wed May 16 07:13:09 UTC 2018: No link for: hudson.util.FormValidationTest-aggregateSeveralValidations
Wed May 16 07:13:10 UTC 2018: None match not added in database because it already exists
Wed May 16 07:13:10 UTC 2018: No link for: hudson.util.FormValidationTest-aggregateSingleValidations
Wed May 16 07:13:10 UTC 2018: None match not added in database because it already exists
Wed May 16 07:13:10 UTC 2018: No link for: hudson.util.FormValidationTest-formValidationException
Wed May 16 07:13:10 UTC 2018: None match not added in database because it already exists
Wed May 16 07:13:10 UTC 2018: No link for: hudson.util.FormValidationTest-testMessage
Wed May 16 07:13:11 UTC 2018: None match not added in database because it already exists
Wed May 16 07:13:11 UTC 2018: Linking done for nagireddygit__hudson-master test class hudson.util.FormValidationTest
Wed May 16 07:13:11 UTC 2018: Found element on the queue
Wed May 16 07:13:11 UTC 2018: Updating status
Wed May 16 07:13:11 UTC 2018: Working
Wed May 16 07:13:14 UTC 2018: Start nagireddygit__hudson-master test class hudson.util.MultipartFormDataParserTest
Wed May 16 07:13:14 UTC 2018: Setting lastTestMethodIndex: 66183
Wed May 16 07:13:14 UTC 2018: Starting linking
Wed May 16 07:13:14 UTC 2018: No link for: hudson.util.MultipartFormDataParserTest-testIsMultipart
Wed May 16 07:13:14 UTC 2018: None match not added in database because it already exists
Wed May 16 07:13:14 UTC 2018: Linking done for nagireddygit__hudson-master test class hudson.util.MultipartFormDataParserTest
Wed May 16 07:13:15 UTC 2018: Found element on the queue
Wed May 16 07:13:15 UTC 2018: Updating status
Wed May 16 07:13:15 UTC 2018: Working
Wed May 16 07:13:17 UTC 2018: Start nagireddygit__hudson-master test class hudson.util.CopyOnWriteListTest
Wed May 16 07:13:17 UTC 2018: Setting lastTestMethodIndex: 66184
Wed May 16 07:13:17 UTC 2018: Starting linking
Wed May 16 07:13:17 UTC 2018: Linking done for nagireddygit__hudson-master test class hudson.util.CopyOnWriteListTest
Wed May 16 07:13:18 UTC 2018: Found element on the queue
Wed May 16 07:13:18 UTC 2018: Updating status
Wed May 16 07:13:18 UTC 2018: Working
Wed May 16 07:13:20 UTC 2018: Start nagireddygit__hudson-master test class hudson.util.QuotedStringTokenizerTest
Wed May 16 07:13:20 UTC 2018: Setting lastTestMethodIndex: 66186
Wed May 16 07:13:20 UTC 2018: Starting linking
Wed May 16 07:13:20 UTC 2018: No link for: hudson.util.QuotedStringTokenizerTest-test1
Wed May 16 07:13:21 UTC 2018: None match not added in database because it already exists
Wed May 16 07:13:21 UTC 2018: No link for: hudson.util.QuotedStringTokenizerTest-test3
Wed May 16 07:13:21 UTC 2018: None match not added in database because it already exists
Wed May 16 07:13:21 UTC 2018: No link for: hudson.util.QuotedStringTokenizerTest-test2
Wed May 16 07:13:21 UTC 2018: None match not added in database because it already exists
Wed May 16 07:13:21 UTC 2018: No link for: hudson.util.QuotedStringTokenizerTest-test5
Wed May 16 07:13:22 UTC 2018: None match not added in database because it already exists
Wed May 16 07:13:22 UTC 2018: No link for: hudson.util.QuotedStringTokenizerTest-test4
Wed May 16 07:13:22 UTC 2018: None match not added in database because it already exists
Wed May 16 07:13:22 UTC 2018: No link for: hudson.util.QuotedStringTokenizerTest-test7
Wed May 16 07:13:22 UTC 2018: None match not added in database because it already exists
Wed May 16 07:13:22 UTC 2018: No link for: hudson.util.QuotedStringTokenizerTest-test6
Wed May 16 07:13:23 UTC 2018: None match not added in database because it already exists
Wed May 16 07:13:23 UTC 2018: Linking done for nagireddygit__hudson-master test class hudson.util.QuotedStringTokenizerTest
Wed May 16 07:13:23 UTC 2018: Found element on the queue
Wed May 16 07:13:23 UTC 2018: Updating status
Wed May 16 07:13:23 UTC 2018: Working
Wed May 16 07:13:26 UTC 2018: Start nagireddygit__hudson-master test class hudson.util.JSONObjectResponseTest
Wed May 16 07:13:26 UTC 2018: Setting lastTestMethodIndex: 66187
Wed May 16 07:13:26 UTC 2018: Starting linking
Wed May 16 07:13:26 UTC 2018: No link for: hudson.util.JSONObjectResponseTest-test
Wed May 16 07:13:26 UTC 2018: None match not added in database because it already exists
Wed May 16 07:13:26 UTC 2018: Linking done for nagireddygit__hudson-master test class hudson.util.JSONObjectResponseTest
Wed May 16 07:13:27 UTC 2018: Found element on the queue
Wed May 16 07:13:27 UTC 2018: Updating status
Wed May 16 07:13:27 UTC 2018: Working
Wed May 16 07:13:29 UTC 2018: Start nagireddygit__hudson-master test class hudson.util.io.ZipArchiverTest
Wed May 16 07:13:29 UTC 2018: Setting lastTestMethodIndex: 66188
Wed May 16 07:13:29 UTC 2018: Starting linking
Wed May 16 07:13:29 UTC 2018: No link for: hudson.util.io.ZipArchiverTest-backwardsSlashesOnWindows
Wed May 16 07:13:30 UTC 2018: None match not added in database because it already exists
Wed May 16 07:13:30 UTC 2018: Linking done for nagireddygit__hudson-master test class hudson.util.io.ZipArchiverTest
Wed May 16 07:13:30 UTC 2018: Found element on the queue
Wed May 16 07:13:30 UTC 2018: Updating status
Wed May 16 07:13:30 UTC 2018: Working
Wed May 16 07:13:33 UTC 2018: Start nagireddygit__hudson-master test class hudson.util.io.ReopenableRotatingFileOutputStreamTest
Wed May 16 07:13:33 UTC 2018: Setting lastTestMethodIndex: 66189
Wed May 16 07:13:33 UTC 2018: Starting linking
Wed May 16 07:13:33 UTC 2018: No link for: hudson.util.io.ReopenableRotatingFileOutputStreamTest-rotation
Wed May 16 07:13:34 UTC 2018: None match not added in database because it already exists
Wed May 16 07:13:34 UTC 2018: Linking done for nagireddygit__hudson-master test class hudson.util.io.ReopenableRotatingFileOutputStreamTest
Wed May 16 07:13:34 UTC 2018: Found element on the queue
Wed May 16 07:13:34 UTC 2018: Updating status
Wed May 16 07:13:34 UTC 2018: Working
Wed May 16 07:13:36 UTC 2018: Start nagireddygit__hudson-master test class hudson.util.XStream2EncodingTest
Wed May 16 07:13:36 UTC 2018: Setting lastTestMethodIndex: 66190
Wed May 16 07:13:36 UTC 2018: Starting linking
Wed May 16 07:13:36 UTC 2018: Code found hudson.util.XStream2-toXMLUTF8 with hudson.util.XStream2EncodingTest-toXMLUTF8
Wed May 16 07:13:37 UTC 2018: Match not added in database because it already exists
Wed May 16 07:13:37 UTC 2018: Code found hudson.util.XStream2-toXML with hudson.util.XStream2EncodingTest-toXMLUnspecifiedEncoding
Wed May 16 07:13:37 UTC 2018: Match not added in database because it already exists
Wed May 16 07:13:37 UTC 2018: Linking done for nagireddygit__hudson-master test class hudson.util.XStream2EncodingTest
Wed May 16 07:13:38 UTC 2018: Found element on the queue
Wed May 16 07:13:38 UTC 2018: Updating status
Wed May 16 07:13:38 UTC 2018: Working
Wed May 16 07:13:40 UTC 2018: Start nagireddygit__hudson-master test class hudson.util.IteratorsTest
Wed May 16 07:13:40 UTC 2018: Setting lastTestMethodIndex: 66191
Wed May 16 07:13:40 UTC 2018: Starting linking
Wed May 16 07:13:40 UTC 2018: No code found hudson.util.Iterators-reverseSequence with hudson.util.IteratorsTest-reverseSequence
Wed May 16 07:13:41 UTC 2018: No code found hudson.util.Iterators-wrap with hudson.util.IteratorsTest-wrap
Wed May 16 07:13:41 UTC 2018: No code found hudson.util.Iterators-sequence with hudson.util.IteratorsTest-sequence
Wed May 16 07:13:41 UTC 2018: No code found hudson.util.Iterators-limit with hudson.util.IteratorsTest-limit
Wed May 16 07:13:42 UTC 2018: Linking done for nagireddygit__hudson-master test class hudson.util.IteratorsTest
Wed May 16 07:13:42 UTC 2018: Found element on the queue
Wed May 16 07:13:42 UTC 2018: Updating status
Wed May 16 07:13:42 UTC 2018: Working
Wed May 16 07:13:45 UTC 2018: Start nagireddygit__hudson-master test class hudson.util.DirScannerTest
Wed May 16 07:13:45 UTC 2018: Setting lastTestMethodIndex: 66192
Wed May 16 07:13:45 UTC 2018: Starting linking
Wed May 16 07:13:45 UTC 2018: No link for: hudson.util.DirScannerTest-globShouldIgnoreDefaultExcludesByRequest
Wed May 16 07:13:45 UTC 2018: None match not added in database because it already exists
Wed May 16 07:13:45 UTC 2018: No link for: hudson.util.DirScannerTest-globShouldUseDefaultExcludes
Wed May 16 07:13:46 UTC 2018: None match not added in database because it already exists
Wed May 16 07:13:46 UTC 2018: Linking done for nagireddygit__hudson-master test class hudson.util.DirScannerTest
Wed May 16 07:13:46 UTC 2018: Found element on the queue
Wed May 16 07:13:46 UTC 2018: Updating status
Wed May 16 07:13:46 UTC 2018: Working
Wed May 16 07:13:49 UTC 2018: Start nagireddygit__hudson-master test class hudson.util.XStream2Test
Wed May 16 07:13:49 UTC 2018: Setting lastTestMethodIndex: 66193
Wed May 16 07:13:49 UTC 2018: Starting linking
Wed May 16 07:13:49 UTC 2018: Linking done for nagireddygit__hudson-master test class hudson.util.XStream2Test
Wed May 16 07:13:49 UTC 2018: Found element on the queue
Wed May 16 07:13:49 UTC 2018: Updating status
Wed May 16 07:13:49 UTC 2018: Working
Wed May 16 07:13:51 UTC 2018: Start nagireddygit__hudson-master test class hudson.util.LineEndNormalizingWriterTest
Wed May 16 07:13:51 UTC 2018: Setting lastTestMethodIndex: 66194
Wed May 16 07:13:51 UTC 2018: Starting linking
Wed May 16 07:13:51 UTC 2018: No link for: hudson.util.LineEndNormalizingWriterTest-test1
Wed May 16 07:13:52 UTC 2018: None match not added in database because it already exists
Wed May 16 07:13:52 UTC 2018: No link for: hudson.util.LineEndNormalizingWriterTest-test2
Wed May 16 07:13:52 UTC 2018: None match not added in database because it already exists
Wed May 16 07:13:52 UTC 2018: No link for: hudson.util.LineEndNormalizingWriterTest-test3
Wed May 16 07:13:53 UTC 2018: None match not added in database because it already exists
Wed May 16 07:13:53 UTC 2018: Linking done for nagireddygit__hudson-master test class hudson.util.LineEndNormalizingWriterTest
Wed May 16 07:13:53 UTC 2018: Found element on the queue
Wed May 16 07:13:53 UTC 2018: Updating status
Wed May 16 07:13:53 UTC 2018: Working
Wed May 16 07:13:56 UTC 2018: Start nagireddygit__hudson-master test class hudson.util.ProcessTreeTest
Wed May 16 07:13:56 UTC 2018: Setting lastTestMethodIndex: 66195
Wed May 16 07:13:56 UTC 2018: Starting linking
Wed May 16 07:13:56 UTC 2018: Linking done for nagireddygit__hudson-master test class hudson.util.ProcessTreeTest
Wed May 16 07:13:56 UTC 2018: Found element on the queue
Wed May 16 07:13:56 UTC 2018: Updating status
Wed May 16 07:13:56 UTC 2018: Working
Wed May 16 07:13:59 UTC 2018: Start nagireddygit__hudson-master test class hudson.EnvVarsTest
Wed May 16 07:13:59 UTC 2018: Setting lastTestMethodIndex: 66196
Wed May 16 07:13:59 UTC 2018: Starting linking
Wed May 16 07:13:59 UTC 2018: No code found hudson.EnvVars-overrideExpandingAll with hudson.EnvVarsTest-overrideExpandingAll
Wed May 16 07:13:59 UTC 2018: No link for: hudson.EnvVarsTest-overrideOrderCalculatorCyclic
Wed May 16 07:13:59 UTC 2018: None match not added in database because it already exists
Wed May 16 07:13:59 UTC 2018: No link for: hudson.EnvVarsTest-caseInsensitive
Wed May 16 07:14:00 UTC 2018: None match not added in database because it already exists
Wed May 16 07:14:00 UTC 2018: No link for: hudson.EnvVarsTest-overrideOrderCalculatorSelfReference
Wed May 16 07:14:00 UTC 2018: None match not added in database because it already exists
Wed May 16 07:14:00 UTC 2018: No link for: hudson.EnvVarsTest-overrideOrderCalculatorMultiple
Wed May 16 07:14:00 UTC 2018: None match not added in database because it already exists
Wed May 16 07:14:00 UTC 2018: No link for: hudson.EnvVarsTest-overrideOrderCalculatorSimple
Wed May 16 07:14:01 UTC 2018: None match not added in database because it already exists
Wed May 16 07:14:01 UTC 2018: No link for: hudson.EnvVarsTest-overrideOrderCalculatorInOrder
Wed May 16 07:14:01 UTC 2018: None match not added in database because it already exists
Wed May 16 07:14:01 UTC 2018: Linking done for nagireddygit__hudson-master test class hudson.EnvVarsTest
Wed May 16 07:14:02 UTC 2018: Found element on the queue
Wed May 16 07:14:02 UTC 2018: Updating status
Wed May 16 07:14:02 UTC 2018: Working
Wed May 16 07:14:04 UTC 2018: Start nagireddygit__hudson-master test class hudson.cli.ListJobsCommandTest
Wed May 16 07:14:04 UTC 2018: Setting lastTestMethodIndex: 66197
Wed May 16 07:14:04 UTC 2018: Starting linking
Wed May 16 07:14:04 UTC 2018: No link for: hudson.cli.ListJobsCommandTest-failForNonexistingName
Wed May 16 07:14:05 UTC 2018: None match not added in database because it already exists
Wed May 16 07:14:05 UTC 2018: No link for: hudson.cli.ListJobsCommandTest-getAllJobsForEmptyName
Wed May 16 07:14:05 UTC 2018: No link for: hudson.cli.ListJobsCommandTest-getJobsFromView
Wed May 16 07:14:06 UTC 2018: No link for: hudson.cli.ListJobsCommandTest-getAllJobsFromFolders
Wed May 16 07:14:06 UTC 2018: None match not added in database because it already exists
Wed May 16 07:14:06 UTC 2018: No link for: hudson.cli.ListJobsCommandTest-getJobsRecursivelyFromViewGroup
Wed May 16 07:14:06 UTC 2018: Linking done for nagireddygit__hudson-master test class hudson.cli.ListJobsCommandTest
Wed May 16 07:14:07 UTC 2018: Found element on the queue
Wed May 16 07:14:07 UTC 2018: Updating status
Wed May 16 07:14:07 UTC 2018: Working
Wed May 16 07:14:09 UTC 2018: Start nagireddygit__hudson-master test class hudson.util.ConsistentHashTest
Wed May 16 07:14:09 UTC 2018: Setting lastTestMethodIndex: 66198
Wed May 16 07:14:09 UTC 2018: Starting linking
Wed May 16 07:14:09 UTC 2018: No link for: hudson.util.ConsistentHashTest-countAllPoints
Wed May 16 07:14:10 UTC 2018: None match not added in database because it already exists
Wed May 16 07:14:10 UTC 2018: No link for: hudson.util.ConsistentHashTest-speed
Wed May 16 07:14:10 UTC 2018: None match not added in database because it already exists
Wed May 16 07:14:10 UTC 2018: No link for: hudson.util.ConsistentHashTest-emptyBehavior
Wed May 16 07:14:10 UTC 2018: None match not added in database because it already exists
Wed May 16 07:14:10 UTC 2018: No link for: hudson.util.ConsistentHashTest-defaultReplicationIsOneHundred
Wed May 16 07:14:11 UTC 2018: None match not added in database because it already exists
Wed May 16 07:14:11 UTC 2018: No link for: hudson.util.ConsistentHashTest-usesCustomHash
Wed May 16 07:14:11 UTC 2018: None match not added in database because it already exists
Wed May 16 07:14:11 UTC 2018: No link for: hudson.util.ConsistentHashTest-setCustomDefaultReplication
Wed May 16 07:14:12 UTC 2018: None match not added in database because it already exists
Wed May 16 07:14:12 UTC 2018: No link for: hudson.util.ConsistentHashTest-removal
Wed May 16 07:14:12 UTC 2018: None match not added in database because it already exists
Wed May 16 07:14:12 UTC 2018: No link for: hudson.util.ConsistentHashTest-basic
Wed May 16 07:14:13 UTC 2018: None match not added in database because it already exists
Wed May 16 07:14:13 UTC 2018: No link for: hudson.util.ConsistentHashTest-unevenDistribution
Wed May 16 07:14:13 UTC 2018: None match not added in database because it already exists
Wed May 16 07:14:13 UTC 2018: Linking done for nagireddygit__hudson-master test class hudson.util.ConsistentHashTest
Wed May 16 07:14:13 UTC 2018: Found element on the queue
Wed May 16 07:14:13 UTC 2018: Updating status
Wed May 16 07:14:13 UTC 2018: Working
Wed May 16 07:14:16 UTC 2018: Start nagireddygit__hudson-master test class hudson.cli.handlers.ViewOptionHandlerTest
Wed May 16 07:14:16 UTC 2018: Setting lastTestMethodIndex: 66199
Wed May 16 07:14:16 UTC 2018: Starting linking
Wed May 16 07:14:16 UTC 2018: No link for: hudson.cli.handlers.ViewOptionHandlerTest-reportNonexistentInnerView
Wed May 16 07:14:16 UTC 2018: None match not added in database because it already exists
Wed May 16 07:14:16 UTC 2018: No link for: hudson.cli.handlers.ViewOptionHandlerTest-refuseToReadNestedView
Wed May 16 07:14:17 UTC 2018: None match not added in database because it already exists
Wed May 16 07:14:17 UTC 2018: No link for: hudson.cli.handlers.ViewOptionHandlerTest-resolveNestedView
Wed May 16 07:14:17 UTC 2018: None match not added in database because it already exists
Wed May 16 07:14:17 UTC 2018: No link for: hudson.cli.handlers.ViewOptionHandlerTest-ignoreLeadingAndTrailingSlashes
Wed May 16 07:14:18 UTC 2018: None match not added in database because it already exists
Wed May 16 07:14:18 UTC 2018: No link for: hudson.cli.handlers.ViewOptionHandlerTest-reportViewSpaceNameRequestAsIAE
Wed May 16 07:14:18 UTC 2018: None match not added in database because it already exists
Wed May 16 07:14:18 UTC 2018: No link for: hudson.cli.handlers.ViewOptionHandlerTest-reportTraversingViewThatIsNotAViewGroup
Wed May 16 07:14:19 UTC 2018: None match not added in database because it already exists
Wed May 16 07:14:19 UTC 2018: No link for: hudson.cli.handlers.ViewOptionHandlerTest-reportNullViewAsNPE
Wed May 16 07:14:19 UTC 2018: None match not added in database because it already exists
Wed May 16 07:14:19 UTC 2018: No link for: hudson.cli.handlers.ViewOptionHandlerTest-resolveOuterView
Wed May 16 07:14:19 UTC 2018: None match not added in database because it already exists
Wed May 16 07:14:19 UTC 2018: No link for: hudson.cli.handlers.ViewOptionHandlerTest-reportNonexistentNestedView
Wed May 16 07:14:20 UTC 2018: None match not added in database because it already exists
Wed May 16 07:14:20 UTC 2018: No link for: hudson.cli.handlers.ViewOptionHandlerTest-refuseToReadOuterView
Wed May 16 07:14:20 UTC 2018: None match not added in database because it already exists
Wed May 16 07:14:20 UTC 2018: No link for: hudson.cli.handlers.ViewOptionHandlerTest-reportEmptyViewNameRequestAsNull
Wed May 16 07:14:21 UTC 2018: None match not added in database because it already exists
Wed May 16 07:14:21 UTC 2018: No link for: hudson.cli.handlers.ViewOptionHandlerTest-reportNonexistentTopLevelView
Wed May 16 07:14:21 UTC 2018: None match not added in database because it already exists
Wed May 16 07:14:21 UTC 2018: No link for: hudson.cli.handlers.ViewOptionHandlerTest-refuseToReadInnerView
Wed May 16 07:14:21 UTC 2018: None match not added in database because it already exists
Wed May 16 07:14:21 UTC 2018: No link for: hudson.cli.handlers.ViewOptionHandlerTest-resolveTopLevelView
Wed May 16 07:14:22 UTC 2018: None match not added in database because it already exists
Wed May 16 07:14:22 UTC 2018: Linking done for nagireddygit__hudson-master test class hudson.cli.handlers.ViewOptionHandlerTest
Wed May 16 07:14:22 UTC 2018: Found element on the queue
Wed May 16 07:14:22 UTC 2018: Updating status
Wed May 16 07:14:22 UTC 2018: Working
Wed May 16 07:14:24 UTC 2018: Start nagireddygit__hudson-master test class hudson.FunctionsTest
Wed May 16 07:14:24 UTC 2018: Setting lastTestMethodIndex: 66202
Wed May 16 07:14:24 UTC 2018: Starting linking
Wed May 16 07:14:24 UTC 2018: No code found hudson.Functions-getRelativeLinkTo with hudson.FunctionsTest-testGetRelativeLinkTo_JobContainedInView
Wed May 16 07:14:25 UTC 2018: No code found hudson.Functions-getActionUrl with hudson.FunctionsTest-testGetActionUrl_absolutePath
Wed May 16 07:14:25 UTC 2018: No code found hudson.Functions-getActionUrl with hudson.FunctionsTest-testGetActionUrl_absoluteUriWithoutAuthority
Wed May 16 07:14:26 UTC 2018: No code found hudson.Functions-printLogRecordHtml with hudson.FunctionsTest-printLogRecordHtml
Wed May 16 07:14:26 UTC 2018: No code found hudson.Functions-getRelativeLinkTo with hudson.FunctionsTest-getRelativeLinkTo_MavenModules
Wed May 16 07:14:26 UTC 2018: No code found hudson.Functions-getActionUrl with hudson.FunctionsTest-testGetActionUrl_relativePath
Wed May 16 07:14:27 UTC 2018: No code found hudson.Functions-getActionUrl with hudson.FunctionsTest-testGetActionUrl_absoluteUriWithAuthority
Wed May 16 07:14:27 UTC 2018: No code found hudson.Functions-getRelativeLinkTo with hudson.FunctionsTest-testGetRelativeLinkTo_JobFromComputer
Wed May 16 07:14:28 UTC 2018: No code found hudson.Functions-getRelativeLinkTo with hudson.FunctionsTest-testGetRelativeLinkTo_JobNotContainedInView
Wed May 16 07:14:28 UTC 2018: No code found hudson.Functions-getActionUrl with hudson.FunctionsTest-testGetActionUrl_unparsable
Wed May 16 07:14:29 UTC 2018: No code found hudson.Functions-getRelativeLinkTo with hudson.FunctionsTest-testGetRelativeLinkTo_JobContainedInViewWithinItemGroup
Wed May 16 07:14:29 UTC 2018: No code found hudson.Functions-breakableString with hudson.FunctionsTest-testBreakableString
Wed May 16 07:14:29 UTC 2018: No link for: hudson.FunctionsTest-testGetRelativeDisplayNameInsideItemGroup
Wed May 16 07:14:30 UTC 2018: No link for: hudson.FunctionsTest-testGetRelativeDisplayName
Wed May 16 07:14:30 UTC 2018: No link for: hudson.FunctionsTest-testHumanReadableFileSize
Wed May 16 07:14:31 UTC 2018: Linking done for nagireddygit__hudson-master test class hudson.FunctionsTest
Wed May 16 07:14:31 UTC 2018: Found element on the queue
Wed May 16 07:14:31 UTC 2018: Updating status
Wed May 16 07:14:31 UTC 2018: Working
Wed May 16 07:14:34 UTC 2018: Start nagireddygit__hudson-master test class jenkins.xml.XMLUtilsTest
Wed May 16 07:14:34 UTC 2018: Setting lastTestMethodIndex: 66205
Wed May 16 07:14:34 UTC 2018: Starting linking
Wed May 16 07:14:34 UTC 2018: Code found jenkins.util.xml.XMLUtils-safeTransform with jenkins.xml.XMLUtilsTest-testSafeTransformDoesNotProcessForeignResources
Wed May 16 07:14:34 UTC 2018: Match not added in database because it already exists
Wed May 16 07:14:34 UTC 2018: Code found jenkins.util.xml.XMLUtils-getValue with jenkins.xml.XMLUtilsTest-testGetValue
Wed May 16 07:14:35 UTC 2018: Match not added in database because it already exists
Wed May 16 07:14:35 UTC 2018: Code found jenkins.util.xml.XMLUtils-parse with jenkins.xml.XMLUtilsTest-testParse_with_XXE
Wed May 16 07:14:35 UTC 2018: Match not added in database because it already exists
Wed May 16 07:14:35 UTC 2018: No link for: jenkins.xml.XMLUtilsTest-testUpdateByXmlIDoesNotFail
Wed May 16 07:14:35 UTC 2018: None match not added in database because it already exists
Wed May 16 07:14:35 UTC 2018: Linking done for nagireddygit__hudson-master test class jenkins.xml.XMLUtilsTest
Wed May 16 07:14:36 UTC 2018: Found element on the queue
Wed May 16 07:14:36 UTC 2018: Updating status
Wed May 16 07:14:36 UTC 2018: Working
Wed May 16 07:14:39 UTC 2018: Start nagireddygit__hudson-master test class jenkins.ResilientJsonObjectTest
Wed May 16 07:14:39 UTC 2018: Setting lastTestMethodIndex: 66207
Wed May 16 07:14:39 UTC 2018: Starting linking
Wed May 16 07:14:39 UTC 2018: Linking done for nagireddygit__hudson-master test class jenkins.ResilientJsonObjectTest
Wed May 16 07:14:39 UTC 2018: Found element on the queue
Wed May 16 07:14:39 UTC 2018: Updating status
Wed May 16 07:14:39 UTC 2018: Working
Wed May 16 07:14:42 UTC 2018: Start nagireddygit__hudson-master test class jenkins.triggers.SCMTriggerItemTest
Wed May 16 07:14:42 UTC 2018: Setting lastTestMethodIndex: 66209
Wed May 16 07:14:42 UTC 2018: Starting linking
Wed May 16 07:14:42 UTC 2018: No link for: jenkins.triggers.SCMTriggerItemTest-noVetoDelegatesPollingToAnSCMedItem
Wed May 16 07:14:42 UTC 2018: None match not added in database because it already exists
Wed May 16 07:14:42 UTC 2018: Linking done for nagireddygit__hudson-master test class jenkins.triggers.SCMTriggerItemTest
Wed May 16 07:14:43 UTC 2018: Found element on the queue
Wed May 16 07:14:43 UTC 2018: Updating status
Wed May 16 07:14:43 UTC 2018: Working
Wed May 16 07:14:45 UTC 2018: Start nagireddygit__hudson-master test class jenkins.model.RunIdMigratorTest
Wed May 16 07:14:45 UTC 2018: Setting lastTestMethodIndex: 66211
Wed May 16 07:14:45 UTC 2018: Starting linking
Wed May 16 07:14:45 UTC 2018: Code found jenkins.model.RunIdMigrator-move with jenkins.model.RunIdMigratorTest-move
Wed May 16 07:14:46 UTC 2018: Match not added in database because it already exists
Wed May 16 07:14:46 UTC 2018: No link for: jenkins.model.RunIdMigratorTest-newJob
Wed May 16 07:14:46 UTC 2018: None match not added in database because it already exists
Wed May 16 07:14:46 UTC 2018: No link for: jenkins.model.RunIdMigratorTest-legacy
Wed May 16 07:14:47 UTC 2018: None match not added in database because it already exists
Wed May 16 07:14:47 UTC 2018: No link for: jenkins.model.RunIdMigratorTest-reverseAfterNewBuilds
Wed May 16 07:14:47 UTC 2018: None match not added in database because it already exists
Wed May 16 07:14:47 UTC 2018: No link for: jenkins.model.RunIdMigratorTest-reRunMigration
Wed May 16 07:14:47 UTC 2018: None match not added in database because it already exists
Wed May 16 07:14:47 UTC 2018: No link for: jenkins.model.RunIdMigratorTest-reverseMavenAfterNewBuilds
Wed May 16 07:14:48 UTC 2018: None match not added in database because it already exists
Wed May 16 07:14:48 UTC 2018: No link for: jenkins.model.RunIdMigratorTest-reverseImmediately
Wed May 16 07:14:48 UTC 2018: None match not added in database because it already exists
Wed May 16 07:14:48 UTC 2018: No link for: jenkins.model.RunIdMigratorTest-reverseMatrixAfterNewBuilds
Wed May 16 07:14:49 UTC 2018: None match not added in database because it already exists
Wed May 16 07:14:49 UTC 2018: Linking done for nagireddygit__hudson-master test class jenkins.model.RunIdMigratorTest
Wed May 16 07:14:49 UTC 2018: Found element on the queue
Wed May 16 07:14:49 UTC 2018: Updating status
Wed May 16 07:14:49 UTC 2018: Working
Wed May 16 07:14:51 UTC 2018: Start nagireddygit__hudson-master test class jenkins.model.JenkinsDescriptorTest
Wed May 16 07:14:51 UTC 2018: Setting lastTestMethodIndex: 66214
Wed May 16 07:14:51 UTC 2018: Starting linking
Wed May 16 07:14:51 UTC 2018: No link for: jenkins.model.JenkinsDescriptorTest-testBuildDirValidation
Wed May 16 07:14:52 UTC 2018: None match not added in database because it already exists
Wed May 16 07:14:52 UTC 2018: Linking done for nagireddygit__hudson-master test class jenkins.model.JenkinsDescriptorTest
Wed May 16 07:14:52 UTC 2018: Found element on the queue
Wed May 16 07:14:52 UTC 2018: Updating status
Wed May 16 07:14:52 UTC 2018: Working
Wed May 16 07:14:55 UTC 2018: Start nagireddygit__hudson-master test class jenkins.model.JenkinsGetRootUrlTest
Wed May 16 07:14:55 UTC 2018: Setting lastTestMethodIndex: 66215
Wed May 16 07:14:55 UTC 2018: Starting linking
Wed May 16 07:14:55 UTC 2018: No link for: jenkins.model.JenkinsGetRootUrlTest-getConfiguredRootUrl
Wed May 16 07:14:55 UTC 2018: None match not added in database because it already exists
Wed May 16 07:14:55 UTC 2018: No link for: jenkins.model.JenkinsGetRootUrlTest-getAccessedRootUrl
Wed May 16 07:14:55 UTC 2018: None match not added in database because it already exists
Wed May 16 07:14:55 UTC 2018: No link for: jenkins.model.JenkinsGetRootUrlTest-doNotInheritProtocolWhenDispatchingRequest2
Wed May 16 07:14:56 UTC 2018: None match not added in database because it already exists
Wed May 16 07:14:56 UTC 2018: No link for: jenkins.model.JenkinsGetRootUrlTest-preferConfiguredOverAccessed
Wed May 16 07:14:56 UTC 2018: None match not added in database because it already exists
Wed May 16 07:14:56 UTC 2018: No link for: jenkins.model.JenkinsGetRootUrlTest-doNotInheritProtocolWhenDispatchingRequest
Wed May 16 07:14:57 UTC 2018: None match not added in database because it already exists
Wed May 16 07:14:57 UTC 2018: No link for: jenkins.model.JenkinsGetRootUrlTest-useForwardedProtoWhenPresent
Wed May 16 07:14:57 UTC 2018: None match not added in database because it already exists
Wed May 16 07:14:57 UTC 2018: Linking done for nagireddygit__hudson-master test class jenkins.model.JenkinsGetRootUrlTest
Wed May 16 07:14:58 UTC 2018: Found element on the queue
Wed May 16 07:14:58 UTC 2018: Updating status
Wed May 16 07:14:58 UTC 2018: Working
Wed May 16 07:15:00 UTC 2018: Start nagireddygit__hudson-master test class jenkins.model.lazy.SortedIntListTest
Wed May 16 07:15:00 UTC 2018: Setting lastTestMethodIndex: 66216
Wed May 16 07:15:00 UTC 2018: Starting linking
Wed May 16 07:15:00 UTC 2018: Code found jenkins.model.lazy.SortedIntList-ceil with jenkins.model.lazy.SortedIntListTest-ceil
Wed May 16 07:15:00 UTC 2018: Match not added in database because it already exists
Wed May 16 07:15:00 UTC 2018: Code found jenkins.model.lazy.SortedIntList-max with jenkins.model.lazy.SortedIntListTest-max
Wed May 16 07:15:01 UTC 2018: Match not added in database because it already exists
Wed May 16 07:15:01 UTC 2018: Code found jenkins.model.lazy.SortedIntList-lower with jenkins.model.lazy.SortedIntListTest-testLower
Wed May 16 07:15:01 UTC 2018: Match not added in database because it already exists
Wed May 16 07:15:01 UTC 2018: Linking done for nagireddygit__hudson-master test class jenkins.model.lazy.SortedIntListTest
Wed May 16 07:15:01 UTC 2018: Found element on the queue
Wed May 16 07:15:01 UTC 2018: Updating status
Wed May 16 07:15:01 UTC 2018: Working
Wed May 16 07:15:04 UTC 2018: Start nagireddygit__hudson-master test class jenkins.model.lazy.SortedListTest
Wed May 16 07:15:04 UTC 2018: Setting lastTestMethodIndex: 66217
Wed May 16 07:15:04 UTC 2018: Starting linking
Wed May 16 07:15:04 UTC 2018: Code found jenkins.model.lazy.SortedList-floor with jenkins.model.lazy.SortedListTest-testFloor
Wed May 16 07:15:04 UTC 2018: Match not added in database because it already exists
Wed May 16 07:15:04 UTC 2018: Code found jenkins.model.lazy.SortedList-remove with jenkins.model.lazy.SortedListTest-remove
Wed May 16 07:15:05 UTC 2018: Match not added in database because it already exists
Wed May 16 07:15:05 UTC 2018: Code found jenkins.model.lazy.SortedList-ceil with jenkins.model.lazy.SortedListTest-testCeil
Wed May 16 07:15:05 UTC 2018: Match not added in database because it already exists
Wed May 16 07:15:05 UTC 2018: Code found jenkins.model.lazy.SortedList-higher with jenkins.model.lazy.SortedListTest-testHigher
Wed May 16 07:15:06 UTC 2018: Match not added in database because it already exists
Wed May 16 07:15:06 UTC 2018: Code found jenkins.model.lazy.SortedList-lower with jenkins.model.lazy.SortedListTest-testLower
Wed May 16 07:15:06 UTC 2018: Match not added in database because it already exists
Wed May 16 07:15:06 UTC 2018: No link for: jenkins.model.lazy.SortedListTest-testRange
Wed May 16 07:15:06 UTC 2018: None match not added in database because it already exists
Wed May 16 07:15:06 UTC 2018: No link for: jenkins.model.lazy.SortedListTest-testClone
Wed May 16 07:15:07 UTC 2018: None match not added in database because it already exists
Wed May 16 07:15:07 UTC 2018: Linking done for nagireddygit__hudson-master test class jenkins.model.lazy.SortedListTest
Wed May 16 07:15:07 UTC 2018: Found element on the queue
Wed May 16 07:15:07 UTC 2018: Updating status
Wed May 16 07:15:07 UTC 2018: Working
Wed May 16 07:15:10 UTC 2018: Start nagireddygit__hudson-master test class jenkins.model.JDKNameTest
Wed May 16 07:15:10 UTC 2018: Setting lastTestMethodIndex: 66218
Wed May 16 07:15:10 UTC 2018: Starting linking
Wed May 16 07:15:10 UTC 2018: Code found hudson.model.JDK-isDefaultName with jenkins.model.JDKNameTest-nullIsDefaultName
Wed May 16 07:15:10 UTC 2018: Match not added in database because it already exists
Wed May 16 07:15:10 UTC 2018: No link for: jenkins.model.JDKNameTest-othernameNotDefault
Wed May 16 07:15:10 UTC 2018: None match not added in database because it already exists
Wed May 16 07:15:10 UTC 2018: No link for: jenkins.model.JDKNameTest-recognizeDefaultName
Wed May 16 07:15:11 UTC 2018: None match not added in database because it already exists
Wed May 16 07:15:11 UTC 2018: No link for: jenkins.model.JDKNameTest-recognizeOldDefaultName
Wed May 16 07:15:11 UTC 2018: None match not added in database because it already exists
Wed May 16 07:15:11 UTC 2018: Linking done for nagireddygit__hudson-master test class jenkins.model.JDKNameTest
Wed May 16 07:15:12 UTC 2018: Found element on the queue
Wed May 16 07:15:12 UTC 2018: Updating status
Wed May 16 07:15:12 UTC 2018: Working
Wed May 16 07:15:14 UTC 2018: Start nagireddygit__hudson-master test class jenkins.model.PeepholePermalinkTest
Wed May 16 07:15:14 UTC 2018: Setting lastTestMethodIndex: 66219
Wed May 16 07:15:14 UTC 2018: Starting linking
Wed May 16 07:15:14 UTC 2018: No link for: jenkins.model.PeepholePermalinkTest-symlinks
Wed May 16 07:15:15 UTC 2018: None match not added in database because it already exists
Wed May 16 07:15:15 UTC 2018: Linking done for nagireddygit__hudson-master test class jenkins.model.PeepholePermalinkTest
Wed May 16 07:15:15 UTC 2018: Found element on the queue
Wed May 16 07:15:15 UTC 2018: Updating status
Wed May 16 07:15:15 UTC 2018: Working
Wed May 16 07:15:18 UTC 2018: Start nagireddygit__hudson-master test class jenkins.util.MarkFindingOutputStreamTest
Wed May 16 07:15:18 UTC 2018: Setting lastTestMethodIndex: 66220
Wed May 16 07:15:18 UTC 2018: Starting linking
Wed May 16 07:15:18 UTC 2018: No code found jenkins.util.MarkFindingOutputStreamTest$MarkCountingOutputStream-close with jenkins.util.MarkFindingOutputStreamTest-closeInTheMiddle
Wed May 16 07:15:18 UTC 2018: No link for: jenkins.util.MarkFindingOutputStreamTest-writeOneHoldOff
Wed May 16 07:15:19 UTC 2018: None match not added in database because it already exists
Wed May 16 07:15:19 UTC 2018: No link for: jenkins.util.MarkFindingOutputStreamTest-partialMatchTurnsOutToBeWrongIn2ndWrite
Wed May 16 07:15:19 UTC 2018: None match not added in database because it already exists
Wed May 16 07:15:19 UTC 2018: No link for: jenkins.util.MarkFindingOutputStreamTest-oneByOne
Wed May 16 07:15:20 UTC 2018: None match not added in database because it already exists
Wed May 16 07:15:20 UTC 2018: No link for: jenkins.util.MarkFindingOutputStreamTest-findTwice
Wed May 16 07:15:20 UTC 2018: None match not added in database because it already exists
Wed May 16 07:15:20 UTC 2018: Linking done for nagireddygit__hudson-master test class jenkins.util.MarkFindingOutputStreamTest
Wed May 16 07:15:20 UTC 2018: Found element on the queue
Wed May 16 07:15:20 UTC 2018: Updating status
Wed May 16 07:15:20 UTC 2018: Working
Wed May 16 07:15:23 UTC 2018: Start nagireddygit__hudson-master test class jenkins.util.ResourceBundleUtilTest
Wed May 16 07:15:23 UTC 2018: Setting lastTestMethodIndex: 66223
Wed May 16 07:15:23 UTC 2018: Starting linking
Wed May 16 07:15:23 UTC 2018: No link for: jenkins.util.ResourceBundleUtilTest-test_unknown_bundle
Wed May 16 07:15:23 UTC 2018: None match not added in database because it already exists
Wed May 16 07:15:23 UTC 2018: No link for: jenkins.util.ResourceBundleUtilTest-test_unknown_locale
Wed May 16 07:15:24 UTC 2018: None match not added in database because it already exists
Wed May 16 07:15:24 UTC 2018: No link for: jenkins.util.ResourceBundleUtilTest-test_known_locale
Wed May 16 07:15:24 UTC 2018: None match not added in database because it already exists
Wed May 16 07:15:24 UTC 2018: Linking done for nagireddygit__hudson-master test class jenkins.util.ResourceBundleUtilTest
Wed May 16 07:15:25 UTC 2018: Found element on the queue
Wed May 16 07:15:25 UTC 2018: Updating status
Wed May 16 07:15:25 UTC 2018: Working
Wed May 16 07:15:27 UTC 2018: Start nagireddygit__hudson-master test class jenkins.util.TimerTest
Wed May 16 07:15:27 UTC 2018: Setting lastTestMethodIndex: 66224
Wed May 16 07:15:27 UTC 2018: Starting linking
Wed May 16 07:15:27 UTC 2018: No link for: jenkins.util.TimerTest-timersArentBlocked
Wed May 16 07:15:27 UTC 2018: None match not added in database because it already exists
Wed May 16 07:15:27 UTC 2018: Linking done for nagireddygit__hudson-master test class jenkins.util.TimerTest
Wed May 16 07:15:28 UTC 2018: Found element on the queue
Wed May 16 07:15:28 UTC 2018: Updating status
Wed May 16 07:15:28 UTC 2018: Working
Wed May 16 07:15:30 UTC 2018: Start nagireddygit__hudson-master test class jenkins.util.xstream.XStreamDOMTest
Wed May 16 07:15:30 UTC 2018: Setting lastTestMethodIndex: 66225
Wed May 16 07:15:30 UTC 2018: Starting linking
Wed May 16 07:15:30 UTC 2018: Linking done for nagireddygit__hudson-master test class jenkins.util.xstream.XStreamDOMTest
Wed May 16 07:15:31 UTC 2018: Found element on the queue
Wed May 16 07:15:31 UTC 2018: Updating status
Wed May 16 07:15:31 UTC 2018: Working
Wed May 16 07:15:33 UTC 2018: Start nagireddygit__hudson-master test class jenkins.util.JenkinsJVMTest
Wed May 16 07:15:33 UTC 2018: Setting lastTestMethodIndex: 66226
Wed May 16 07:15:33 UTC 2018: Starting linking
Wed May 16 07:15:33 UTC 2018: Code found jenkins.util.JenkinsJVM-checkNotJenkinsJVM with jenkins.util.JenkinsJVMTest-checkNotJenkinsJVM_WhenNotInAJenkinsJVM
Wed May 16 07:15:34 UTC 2018: Match not added in database because it already exists
Wed May 16 07:15:34 UTC 2018: Code found jenkins.util.JenkinsJVM-checkNotJenkinsJVM with jenkins.util.JenkinsJVMTest-checkNotJenkinsJVM_WhenInAJenkinsJVM
Wed May 16 07:15:34 UTC 2018: Match not added in database because it already exists
Wed May 16 07:15:34 UTC 2018: Code found jenkins.util.JenkinsJVM-checkJenkinsJVM with jenkins.util.JenkinsJVMTest-checkJenkinsJVM_WhenInAJenkinsJVM
Wed May 16 07:15:34 UTC 2018: Match not added in database because it already exists
Wed May 16 07:15:34 UTC 2018: Code found jenkins.util.JenkinsJVM-checkJenkinsJVM with jenkins.util.JenkinsJVMTest-checkJenkinsJVM_WhenNotInAJenkinsJVM
Wed May 16 07:15:35 UTC 2018: Match not added in database because it already exists
Wed May 16 07:15:35 UTC 2018: Linking done for nagireddygit__hudson-master test class jenkins.util.JenkinsJVMTest
Wed May 16 07:15:35 UTC 2018: Found element on the queue
Wed May 16 07:15:35 UTC 2018: Updating status
Wed May 16 07:15:35 UTC 2018: Working
Wed May 16 07:15:38 UTC 2018: Start nagireddygit__hudson-master test class jenkins.util.TreeStringBuilderTest
Wed May 16 07:15:38 UTC 2018: Setting lastTestMethodIndex: 66227
Wed May 16 07:15:38 UTC 2018: Starting linking
Wed May 16 07:15:38 UTC 2018: No link for: jenkins.util.TreeStringBuilderTest-testRandom
Wed May 16 07:15:38 UTC 2018: None match not added in database because it already exists
Wed May 16 07:15:38 UTC 2018: No link for: jenkins.util.TreeStringBuilderTest-test
Wed May 16 07:15:39 UTC 2018: None match not added in database because it already exists
Wed May 16 07:15:39 UTC 2018: Linking done for nagireddygit__hudson-master test class jenkins.util.TreeStringBuilderTest
Wed May 16 07:15:39 UTC 2018: Found element on the queue
Wed May 16 07:15:39 UTC 2018: Updating status
Wed May 16 07:15:39 UTC 2018: Working
Wed May 16 07:15:42 UTC 2018: Start nagireddygit__hudson-master test class jenkins.util.VirtualFileTest
Wed May 16 07:15:42 UTC 2018: Setting lastTestMethodIndex: 66228
Wed May 16 07:15:42 UTC 2018: Starting linking
Wed May 16 07:15:42 UTC 2018: No link for: jenkins.util.VirtualFileTest-outsideSymlinks
Wed May 16 07:15:42 UTC 2018: None match not added in database because it already exists
Wed May 16 07:15:42 UTC 2018: Linking done for nagireddygit__hudson-master test class jenkins.util.VirtualFileTest
Wed May 16 07:15:42 UTC 2018: Found element on the queue
Wed May 16 07:15:42 UTC 2018: Updating status
Wed May 16 07:15:42 UTC 2018: Working
Wed May 16 07:15:45 UTC 2018: Start nagireddygit__hudson-master test class hudson.UtilTest
Wed May 16 07:15:45 UTC 2018: Setting lastTestMethodIndex: 66229
Wed May 16 07:15:45 UTC 2018: Starting linking
Wed May 16 07:15:45 UTC 2018: Code found hudson.Util-rawEncode with hudson.UtilTest-testRawEncode
Wed May 16 07:15:45 UTC 2018: Match not added in database because it already exists
Wed May 16 07:15:45 UTC 2018: Code found hudson.Util-deleteContentsRecursive with hudson.UtilTest-testDeleteContentsRecursive_onWindows
Wed May 16 07:15:46 UTC 2018: Match not added in database because it already exists
Wed May 16 07:15:46 UTC 2018: Code found hudson.Util-escape with hudson.UtilTest-testHtmlEscape
Wed May 16 07:15:46 UTC 2018: Match not added in database because it already exists
Wed May 16 07:15:46 UTC 2018: Code found hudson.Util-loadProperties with hudson.UtilTest-loadProperties
Wed May 16 07:15:46 UTC 2018: Code found hudson.Util-deleteContentsRecursive with hudson.UtilTest-testDeleteContentsRecursive
Wed May 16 07:15:47 UTC 2018: Match not added in database because it already exists
Wed May 16 07:15:47 UTC 2018: Code found hudson.Util-deleteRecursive with hudson.UtilTest-testDeleteRecursive
Wed May 16 07:15:47 UTC 2018: Match not added in database because it already exists
Wed May 16 07:15:47 UTC 2018: Code found hudson.Util-isSafeToRedirectTo with hudson.UtilTest-testIsSafeToRedirectTo
Wed May 16 07:15:48 UTC 2018: Code found hudson.Util-isAbsoluteUri with hudson.UtilTest-testIsAbsoluteUri
Wed May 16 07:15:48 UTC 2018: Code found hudson.Util-tryParseNumber with hudson.UtilTest-testTryParseNumber
Wed May 16 07:15:48 UTC 2018: Match not added in database because it already exists
Wed May 16 07:15:48 UTC 2018: Code found hudson.Util-deleteFile with hudson.UtilTest-testDeleteFile_onWindows
Wed May 16 07:15:49 UTC 2018: Match not added in database because it already exists
Wed May 16 07:15:49 UTC 2018: Code found hudson.Util-encode with hudson.UtilTest-testEncodeSpaces
Wed May 16 07:15:49 UTC 2018: Match not added in database because it already exists
Wed May 16 07:15:49 UTC 2018: Code found hudson.Util-isSymlink with hudson.UtilTest-testIsSymlink
Wed May 16 07:15:50 UTC 2018: Match not added in database because it already exists
Wed May 16 07:15:50 UTC 2018: Code found hudson.Util-deleteRecursive with hudson.UtilTest-testDeleteRecursive_onWindows
Wed May 16 07:15:50 UTC 2018: Match not added in database because it already exists
Wed May 16 07:15:50 UTC 2018: Code found hudson.Util-deleteFile with hudson.UtilTest-testDeleteFile
Wed May 16 07:15:50 UTC 2018: Match not added in database because it already exists
Wed May 16 07:15:50 UTC 2018: Code found hudson.Util-replaceMacro with hudson.UtilTest-testReplaceMacro
Wed May 16 07:15:51 UTC 2018: Match not added in database because it already exists
Wed May 16 07:15:51 UTC 2018: No link for: hudson.UtilTest-isRelativePathWindows
Wed May 16 07:15:51 UTC 2018: No link for: hudson.UtilTest-testDigestThreadSafety
Wed May 16 07:15:51 UTC 2018: None match not added in database because it already exists
Wed May 16 07:15:51 UTC 2018: No link for: hudson.UtilTest-testTimeSpanString
Wed May 16 07:15:52 UTC 2018: None match not added in database because it already exists
Wed May 16 07:15:52 UTC 2018: No link for: hudson.UtilTest-testSymlink
Wed May 16 07:15:52 UTC 2018: None match not added in database because it already exists
Wed May 16 07:15:52 UTC 2018: No link for: hudson.UtilTest-isRelativePathUnix
Wed May 16 07:15:53 UTC 2018: Linking done for nagireddygit__hudson-master test class hudson.UtilTest
Wed May 16 07:15:53 UTC 2018: Found element on the queue
Wed May 16 07:15:53 UTC 2018: Updating status
Wed May 16 07:15:53 UTC 2018: Working
Wed May 16 07:15:56 UTC 2018: Start nagireddygit__hudson-master test class hudson.FilePathTest
Wed May 16 07:15:56 UTC 2018: Setting lastTestMethodIndex: 66230
Wed May 16 07:15:56 UTC 2018: Starting linking
Wed May 16 07:15:56 UTC 2018: Code found hudson.FilePath-isUnix with hudson.FilePathTest-isUnix
Wed May 16 07:15:56 UTC 2018: No code found hudson.FilePath-tar with hudson.FilePathTest-symlinkInTar
Wed May 16 07:15:57 UTC 2018: No code found hudson.FilePath-list with hudson.FilePathTest-list
Wed May 16 07:15:57 UTC 2018: No code found hudson.FilePath-copyToWithPermission with hudson.FilePathTest-copyToWithPermission
Wed May 16 07:15:57 UTC 2018: No code found hudson.FilePath-validateAntFileMask with hudson.FilePathTest-validateAntFileMaskBounded
Wed May 16 07:15:58 UTC 2018: No code found hudson.FilePath-copyTo with hudson.FilePathTest-copyTo
Wed May 16 07:15:58 UTC 2018: No code found hudson.FilePath-copyTo with hudson.FilePathTest-noFileLeakInCopyTo
Wed May 16 07:15:58 UTC 2018: No code found hudson.FilePath-copyRecursiveTo with hudson.FilePathTest-repeatCopyRecursiveTo
Wed May 16 07:15:59 UTC 2018: No code found hudson.FilePath-list with hudson.FilePathTest-listWithExcludes
Wed May 16 07:15:59 UTC 2018: No code found hudson.FilePath-moveAllChildrenTo with hudson.FilePathTest-moveAllChildrenTo
Wed May 16 07:16:00 UTC 2018: No code found hudson.FilePath-getParent with hudson.FilePathTest-getParent
Wed May 16 07:16:00 UTC 2018: No code found hudson.FilePath-list with hudson.FilePathTest-listWithDefaultExcludes
Wed May 16 07:16:00 UTC 2018: No link for: hudson.FilePathTest-installIfNecessarySkipsDownloadWhenErroneous
Wed May 16 07:16:01 UTC 2018: No link for: hudson.FilePathTest-archiveBigFile
Wed May 16 07:16:01 UTC 2018: No link for: hudson.FilePathTest-installIfNecessaryFollowsRedirects
Wed May 16 07:16:01 UTC 2018: No link for: hudson.FilePathTest-compressTarUntarRoundTrip
Wed May 16 07:16:02 UTC 2018: No link for: hudson.FilePathTest-errorMessageInRemoteCopyRecursive
Wed May 16 07:16:02 UTC 2018: No link for: hudson.FilePathTest-validateAntFileMask
Wed May 16 07:16:03 UTC 2018: No link for: hudson.FilePathTest-installIfNecessaryPerformsInstallation
Wed May 16 07:16:03 UTC 2018: No link for: hudson.FilePathTest-multiSegmentRelativePaths
Wed May 16 07:16:03 UTC 2018: No link for: hudson.FilePathTest-deleteLongPathOnWindows
Wed May 16 07:16:04 UTC 2018: No link for: hudson.FilePathTest-noRaceConditionInCopyTo
Wed May 16 07:16:04 UTC 2018: None match not added in database because it already exists
Wed May 16 07:16:04 UTC 2018: No link for: hudson.FilePathTest-installIfNecessaryAvoidsExcessiveDownloadsByUsingIfModifiedSince
Wed May 16 07:16:04 UTC 2018: No link for: hudson.FilePathTest-archiveBug
Wed May 16 07:16:05 UTC 2018: No link for: hudson.FilePathTest-testEOFbrokenFlush
Wed May 16 07:16:05 UTC 2018: No link for: hudson.FilePathTest-normalization
Wed May 16 07:16:06 UTC 2018: Linking done for nagireddygit__hudson-master test class hudson.FilePathTest
Wed May 16 07:16:06 UTC 2018: Found element on the queue
Wed May 16 07:16:06 UTC 2018: Updating status
Wed May 16 07:16:06 UTC 2018: Working
Wed May 16 07:16:08 UTC 2018: Start nagireddygit__hudson-master test class hudson.slaves.NodeListTest
Wed May 16 07:16:08 UTC 2018: Setting lastTestMethodIndex: 66231
Wed May 16 07:16:08 UTC 2018: Starting linking
Wed May 16 07:16:08 UTC 2018: Linking done for nagireddygit__hudson-master test class hudson.slaves.NodeListTest
Wed May 16 07:16:09 UTC 2018: Found element on the queue
Wed May 16 07:16:09 UTC 2018: Updating status
Wed May 16 07:16:09 UTC 2018: Working
Wed May 16 07:16:12 UTC 2018: Start nagireddygit__hudson-master test class hudson.slaves.ComputerLauncherTest
Wed May 16 07:16:12 UTC 2018: Setting lastTestMethodIndex: 66232
Wed May 16 07:16:12 UTC 2018: Starting linking
Wed May 16 07:16:12 UTC 2018: No link for: hudson.slaves.ComputerLauncherTest-j2sdk4
Wed May 16 07:16:12 UTC 2018: None match not added in database because it already exists
Wed May 16 07:16:12 UTC 2018: No link for: hudson.slaves.ComputerLauncherTest-jdk6
Wed May 16 07:16:12 UTC 2018: None match not added in database because it already exists
Wed May 16 07:16:12 UTC 2018: No link for: hudson.slaves.ComputerLauncherTest-jdk10
Wed May 16 07:16:13 UTC 2018: None match not added in database because it already exists
Wed May 16 07:16:13 UTC 2018: No link for: hudson.slaves.ComputerLauncherTest-jdk7
Wed May 16 07:16:13 UTC 2018: None match not added in database because it already exists
Wed May 16 07:16:13 UTC 2018: No link for: hudson.slaves.ComputerLauncherTest-openJDK7
Wed May 16 07:16:14 UTC 2018: None match not added in database because it already exists
Wed May 16 07:16:14 UTC 2018: No link for: hudson.slaves.ComputerLauncherTest-jdk5
Wed May 16 07:16:14 UTC 2018: None match not added in database because it already exists
Wed May 16 07:16:14 UTC 2018: Linking done for nagireddygit__hudson-master test class hudson.slaves.ComputerLauncherTest
Wed May 16 07:16:14 UTC 2018: Found element on the queue
Wed May 16 07:16:14 UTC 2018: Updating status
Wed May 16 07:16:14 UTC 2018: Working
Wed May 16 07:16:17 UTC 2018: Start nagireddygit__hudson-master test class hudson.tasks._maven.Maven3MojoNoteTest
Wed May 16 07:16:17 UTC 2018: Setting lastTestMethodIndex: 66234
Wed May 16 07:16:17 UTC 2018: Starting linking
Wed May 16 07:16:17 UTC 2018: No link for: hudson.tasks._maven.Maven3MojoNoteTest-testAnnotateMavenPlugin
Wed May 16 07:16:18 UTC 2018: None match not added in database because it already exists
Wed May 16 07:16:18 UTC 2018: No link for: hudson.tasks._maven.Maven3MojoNoteTest-testAnnotateOtherPlugin
Wed May 16 07:16:18 UTC 2018: None match not added in database because it already exists
Wed May 16 07:16:18 UTC 2018: No link for: hudson.tasks._maven.Maven3MojoNoteTest-testAnnotateCodehausPlugin
Wed May 16 07:16:18 UTC 2018: None match not added in database because it already exists
Wed May 16 07:16:18 UTC 2018: Linking done for nagireddygit__hudson-master test class hudson.tasks._maven.Maven3MojoNoteTest
Wed May 16 07:16:19 UTC 2018: Found element on the queue
Wed May 16 07:16:19 UTC 2018: Updating status
Wed May 16 07:16:19 UTC 2018: Working
Wed May 16 07:16:21 UTC 2018: Start nagireddygit__hudson-master test class hudson.MarkupTextTest
Wed May 16 07:16:21 UTC 2018: Setting lastTestMethodIndex: 66236
Wed May 16 07:16:21 UTC 2018: Starting linking
Wed May 16 07:16:21 UTC 2018: No code found hudson.MarkupText$SubText-findTokens with hudson.MarkupTextTest-findTokensOnSubText
Wed May 16 07:16:22 UTC 2018: Code found hudson.MarkupText$SubText-subText with hudson.MarkupTextTest-subTextSubText
Wed May 16 07:16:22 UTC 2018: Match not added in database because it already exists
Wed May 16 07:16:22 UTC 2018: No link for: hudson.MarkupTextTest-adjacent
Wed May 16 07:16:22 UTC 2018: None match not added in database because it already exists
Wed May 16 07:16:22 UTC 2018: No link for: hudson.MarkupTextTest-test1
Wed May 16 07:16:23 UTC 2018: None match not added in database because it already exists
Wed May 16 07:16:23 UTC 2018: No link for: hudson.MarkupTextTest-literalTextSurround
Wed May 16 07:16:23 UTC 2018: None match not added in database because it already exists
Wed May 16 07:16:23 UTC 2018: No link for: hudson.MarkupTextTest-escape
Wed May 16 07:16:24 UTC 2018: None match not added in database because it already exists
Wed May 16 07:16:24 UTC 2018: No link for: hudson.MarkupTextTest-preEscape
Wed May 16 07:16:24 UTC 2018: None match not added in database because it already exists
Wed May 16 07:16:24 UTC 2018: No link for: hudson.MarkupTextTest-boundary
Wed May 16 07:16:24 UTC 2018: None match not added in database because it already exists
Wed May 16 07:16:24 UTC 2018: Linking done for nagireddygit__hudson-master test class hudson.MarkupTextTest
Wed May 16 07:16:25 UTC 2018: Found element on the queue
Wed May 16 07:16:25 UTC 2018: Updating status
Wed May 16 07:16:25 UTC 2018: Working
Wed May 16 07:16:27 UTC 2018: Start nagireddygit__hudson-master test class hudson.triggers.TimerTriggerTest
Wed May 16 07:16:27 UTC 2018: Setting lastTestMethodIndex: 66239
Wed May 16 07:16:27 UTC 2018: Starting linking
Wed May 16 07:16:27 UTC 2018: No link for: hudson.triggers.TimerTriggerTest-testNoNPE
Wed May 16 07:16:28 UTC 2018: None match not added in database because it already exists
Wed May 16 07:16:28 UTC 2018: Linking done for nagireddygit__hudson-master test class hudson.triggers.TimerTriggerTest
Wed May 16 07:16:28 UTC 2018: Found element on the queue
Wed May 16 07:16:28 UTC 2018: Updating status
Wed May 16 07:16:28 UTC 2018: Working
Wed May 16 07:16:31 UTC 2018: Start nagireddygit__hudson-master test class hudson.scheduler.CronTabEventualityTest
Wed May 16 07:16:31 UTC 2018: Setting lastTestMethodIndex: 66241
Wed May 16 07:16:31 UTC 2018: Starting linking
Wed May 16 07:16:31 UTC 2018: No link for: hudson.scheduler.CronTabEventualityTest-testHourlyWillBeEventuallyTriggeredWithinOneHour
Wed May 16 07:16:31 UTC 2018: None match not added in database because it already exists
Wed May 16 07:16:31 UTC 2018: No link for: hudson.scheduler.CronTabEventualityTest-testYearlyWillBeEventuallyTriggeredWithinOneYear
Wed May 16 07:16:32 UTC 2018: None match not added in database because it already exists
Wed May 16 07:16:32 UTC 2018: No link for: hudson.scheduler.CronTabEventualityTest-testWeeklyWillBeEventuallyTriggeredWithinOneWeek
Wed May 16 07:16:32 UTC 2018: None match not added in database because it already exists
Wed May 16 07:16:32 UTC 2018: No link for: hudson.scheduler.CronTabEventualityTest-testMonthlyWillBeEventuallyTriggeredWithinOneMonth
Wed May 16 07:16:32 UTC 2018: None match not added in database because it already exists
Wed May 16 07:16:32 UTC 2018: No link for: hudson.scheduler.CronTabEventualityTest-testFirstDayOfMonthWillBeEventuallyTriggeredWithinOneMonth
Wed May 16 07:16:33 UTC 2018: None match not added in database because it already exists
Wed May 16 07:16:33 UTC 2018: No link for: hudson.scheduler.CronTabEventualityTest-testDailyWillBeEventuallyTriggeredWithinOneDay
Wed May 16 07:16:33 UTC 2018: None match not added in database because it already exists
Wed May 16 07:16:33 UTC 2018: No link for: hudson.scheduler.CronTabEventualityTest-testMidnightWillBeEventuallyTriggeredWithinOneDay
Wed May 16 07:16:34 UTC 2018: None match not added in database because it already exists
Wed May 16 07:16:34 UTC 2018: No link for: hudson.scheduler.CronTabEventualityTest-testFirstSundayOfMonthWillBeEventuallyTriggeredWithinOneMonthAndOneWeek
Wed May 16 07:16:34 UTC 2018: None match not added in database because it already exists
Wed May 16 07:16:34 UTC 2018: No link for: hudson.scheduler.CronTabEventualityTest-testAnnuallyWillBeEventuallyTriggeredWithinOneYear
Wed May 16 07:16:34 UTC 2018: None match not added in database because it already exists
Wed May 16 07:16:34 UTC 2018: Linking done for nagireddygit__hudson-master test class hudson.scheduler.CronTabEventualityTest
Wed May 16 07:16:35 UTC 2018: Found element on the queue
Wed May 16 07:16:35 UTC 2018: Updating status
Wed May 16 07:16:35 UTC 2018: Working
Wed May 16 07:16:37 UTC 2018: Start nagireddygit__hudson-master test class hudson.scheduler.CronTabTest
Wed May 16 07:16:37 UTC 2018: Setting lastTestMethodIndex: 66242
Wed May 16 07:16:37 UTC 2018: Starting linking
Wed May 16 07:16:37 UTC 2018: No code found hudson.scheduler.CronTab-ceil with hudson.scheduler.CronTabTest-testCeil3_DoW7
Wed May 16 07:16:38 UTC 2018: No code found hudson.scheduler.CronTab-floor with hudson.scheduler.CronTabTest-testFloor1
Wed May 16 07:16:38 UTC 2018: No code found hudson.scheduler.CronTab-floor with hudson.scheduler.CronTabTest-testFloor3
Wed May 16 07:16:39 UTC 2018: No code found hudson.scheduler.CronTab-floor with hudson.scheduler.CronTabTest-testFloor2
Wed May 16 07:16:39 UTC 2018: No code found hudson.scheduler.CronTab-floor with hudson.scheduler.CronTabTest-testFloor4
Wed May 16 07:16:40 UTC 2018: No code found hudson.scheduler.CronTab-checkSanity with hudson.scheduler.CronTabTest-checkSanity
Wed May 16 07:16:40 UTC 2018: No code found hudson.scheduler.CronTab-ceil with hudson.scheduler.CronTabTest-testCeil5
Wed May 16 07:16:40 UTC 2018: No code found hudson.scheduler.CronTab-ceil with hudson.scheduler.CronTabTest-testCeil3
Wed May 16 07:16:41 UTC 2018: No code found hudson.scheduler.CronTab-ceil with hudson.scheduler.CronTabTest-testCeil4
Wed May 16 07:16:41 UTC 2018: No code found hudson.scheduler.CronTab-ceil with hudson.scheduler.CronTabTest-testCeil1
Wed May 16 07:16:42 UTC 2018: No code found hudson.scheduler.CronTab-ceil with hudson.scheduler.CronTabTest-testCeil2
Wed May 16 07:16:42 UTC 2018: No link for: hudson.scheduler.CronTabTest-testHash2
Wed May 16 07:16:42 UTC 2018: None match not added in database because it already exists
Wed May 16 07:16:42 UTC 2018: No link for: hudson.scheduler.CronTabTest-testTimezone
Wed May 16 07:16:43 UTC 2018: None match not added in database because it already exists
Wed May 16 07:16:43 UTC 2018: No link for: hudson.scheduler.CronTabTest-hashedMinute
Wed May 16 07:16:43 UTC 2018: None match not added in database because it already exists
Wed May 16 07:16:43 UTC 2018: No link for: hudson.scheduler.CronTabTest-rangeBoundsCheckOK
Wed May 16 07:16:44 UTC 2018: None match not added in database because it already exists
Wed May 16 07:16:44 UTC 2018: No link for: hudson.scheduler.CronTabTest-rangeBoundsCheckFailHour
Wed May 16 07:16:44 UTC 2018: None match not added in database because it already exists
Wed May 16 07:16:44 UTC 2018: No link for: hudson.scheduler.CronTabTest-test1
Wed May 16 07:16:45 UTC 2018: None match not added in database because it already exists
Wed May 16 07:16:45 UTC 2018: No link for: hudson.scheduler.CronTabTest-repeatedHash
Wed May 16 07:16:45 UTC 2018: None match not added in database because it already exists
Wed May 16 07:16:45 UTC 2018: No link for: hudson.scheduler.CronTabTest-hashSkips
Wed May 16 07:16:45 UTC 2018: None match not added in database because it already exists
Wed May 16 07:16:45 UTC 2018: No link for: hudson.scheduler.CronTabTest-testHash1
Wed May 16 07:16:46 UTC 2018: None match not added in database because it already exists
Wed May 16 07:16:46 UTC 2018: No link for: hudson.scheduler.CronTabTest-rangeBoundsCheckFailMinute
Wed May 16 07:16:46 UTC 2018: None match not added in database because it already exists
Wed May 16 07:16:46 UTC 2018: Linking done for nagireddygit__hudson-master test class hudson.scheduler.CronTabTest
Wed May 16 07:16:47 UTC 2018: Found element on the queue
Wed May 16 07:16:47 UTC 2018: Updating status
Wed May 16 07:16:47 UTC 2018: Working
Wed May 16 07:16:49 UTC 2018: Start nagireddygit__hudson-master test class hudson.scheduler.CronTabDayOfWeekLocaleTest
Wed May 16 07:16:49 UTC 2018: Setting lastTestMethodIndex: 66244
Wed May 16 07:16:49 UTC 2018: Starting linking
Wed May 16 07:16:49 UTC 2018: No link for: hudson.scheduler.CronTabDayOfWeekLocaleTest-isSundayAndNextRunIsMonday
Wed May 16 07:16:50 UTC 2018: None match not added in database because it already exists
Wed May 16 07:16:50 UTC 2018: No link for: hudson.scheduler.CronTabDayOfWeekLocaleTest-isSundayAndPreviousRunIsSaturday
Wed May 16 07:16:50 UTC 2018: None match not added in database because it already exists
Wed May 16 07:16:50 UTC 2018: No link for: hudson.scheduler.CronTabDayOfWeekLocaleTest-isSaturdayAndNextRunIsSundayAsterisk
Wed May 16 07:16:51 UTC 2018: None match not added in database because it already exists
Wed May 16 07:16:51 UTC 2018: No link for: hudson.scheduler.CronTabDayOfWeekLocaleTest-isSundayAndPreviousRunIsSaturdayAsterisk
Wed May 16 07:16:51 UTC 2018: None match not added in database because it already exists
Wed May 16 07:16:51 UTC 2018: No link for: hudson.scheduler.CronTabDayOfWeekLocaleTest-hudson8658
Wed May 16 07:16:51 UTC 2018: None match not added in database because it already exists
Wed May 16 07:16:51 UTC 2018: No link for: hudson.scheduler.CronTabDayOfWeekLocaleTest-isSundayAndNextRunIsThursday
Wed May 16 07:16:52 UTC 2018: None match not added in database because it already exists
Wed May 16 07:16:52 UTC 2018: No link for: hudson.scheduler.CronTabDayOfWeekLocaleTest-isSundayAndNextRunIsNextSunday
Wed May 16 07:16:52 UTC 2018: None match not added in database because it already exists
Wed May 16 07:16:52 UTC 2018: No link for: hudson.scheduler.CronTabDayOfWeekLocaleTest-isSundayAndNextRunIsWednesday
Wed May 16 07:16:53 UTC 2018: None match not added in database because it already exists
Wed May 16 07:16:53 UTC 2018: No link for: hudson.scheduler.CronTabDayOfWeekLocaleTest-isSundayAndPreviousRunIsFriday
Wed May 16 07:16:53 UTC 2018: None match not added in database because it already exists
Wed May 16 07:16:53 UTC 2018: No link for: hudson.scheduler.CronTabDayOfWeekLocaleTest-isSundayAndNextRunIsTuesday
Wed May 16 07:16:53 UTC 2018: None match not added in database because it already exists
Wed May 16 07:16:53 UTC 2018: No link for: hudson.scheduler.CronTabDayOfWeekLocaleTest-isSundayAndPreviousRunIsThursday
Wed May 16 07:16:54 UTC 2018: None match not added in database because it already exists
Wed May 16 07:16:54 UTC 2018: No link for: hudson.scheduler.CronTabDayOfWeekLocaleTest-isSundayAndNextRunIsFriday
Wed May 16 07:16:54 UTC 2018: None match not added in database because it already exists
Wed May 16 07:16:54 UTC 2018: No link for: hudson.scheduler.CronTabDayOfWeekLocaleTest-isSundayAndPreviousRunIsMonday
Wed May 16 07:16:54 UTC 2018: None match not added in database because it already exists
Wed May 16 07:16:54 UTC 2018: No link for: hudson.scheduler.CronTabDayOfWeekLocaleTest-isSundayAndPreviousRunIsPreviousSunday
Wed May 16 07:16:55 UTC 2018: None match not added in database because it already exists
Wed May 16 07:16:55 UTC 2018: No link for: hudson.scheduler.CronTabDayOfWeekLocaleTest-isSundayAndNextRunIsNextSunday7
Wed May 16 07:16:55 UTC 2018: None match not added in database because it already exists
Wed May 16 07:16:55 UTC 2018: No link for: hudson.scheduler.CronTabDayOfWeekLocaleTest-isSundayAndPreviousRunIsPreviousSunday7
Wed May 16 07:16:56 UTC 2018: None match not added in database because it already exists
Wed May 16 07:16:56 UTC 2018: No link for: hudson.scheduler.CronTabDayOfWeekLocaleTest-isSundayAndPreviousRunIsTuesday
Wed May 16 07:16:56 UTC 2018: None match not added in database because it already exists
Wed May 16 07:16:56 UTC 2018: No link for: hudson.scheduler.CronTabDayOfWeekLocaleTest-isSundayAndPreviousRunIsWednesday
Wed May 16 07:16:57 UTC 2018: None match not added in database because it already exists
Wed May 16 07:16:57 UTC 2018: No link for: hudson.scheduler.CronTabDayOfWeekLocaleTest-isSundayAndNextRunIsSaturday
Wed May 16 07:16:57 UTC 2018: None match not added in database because it already exists
Wed May 16 07:16:57 UTC 2018: Linking done for nagireddygit__hudson-master test class hudson.scheduler.CronTabDayOfWeekLocaleTest
