Tue May 15 18:34:15 UTC 2018: Database:jdbc:mysql://localhost:3306/unittests
Tue May 15 18:34:16 UTC 2018: Starting
Tue May 15 18:34:16 UTC 2018: Found element on the queue
Tue May 15 18:34:16 UTC 2018: Updating status
Tue May 15 18:34:16 UTC 2018: Working
Tue May 15 18:34:16 UTC 2018: Create project parser
Tue May 15 18:34:23 UTC 2018: Create slicer
Tue May 15 18:34:25 UTC 2018: Create call graph
Tue May 15 18:34:29 UTC 2018: Create point analysis
Tue May 15 18:34:29 UTC 2018: Create call graph done
Tue May 15 18:34:29 UTC 2018: Start ghukill__google-sites-liberation test class com.google.sites.liberation.imprt.EntryUploaderImplTest
Tue May 15 18:34:29 UTC 2018: Setting lastTestMethodIndex: 42056
Tue May 15 18:34:29 UTC 2018: Starting linking
Tue May 15 18:34:29 UTC 2018: No link for: com.google.sites.liberation.imprt.EntryUploaderImplTest-testUpdateById
Tue May 15 18:34:29 UTC 2018: None match not added in database because it already exists
Tue May 15 18:34:29 UTC 2018: No link for: com.google.sites.liberation.imprt.EntryUploaderImplTest-testUpdateByPath
Tue May 15 18:34:29 UTC 2018: None match not added in database because it already exists
Tue May 15 18:34:29 UTC 2018: No link for: com.google.sites.liberation.imprt.EntryUploaderImplTest-testInsert
Tue May 15 18:34:29 UTC 2018: None match not added in database because it already exists
Tue May 15 18:34:29 UTC 2018: Linking done for ghukill__google-sites-liberation test class com.google.sites.liberation.imprt.EntryUploaderImplTest
Tue May 15 18:34:30 UTC 2018: Found element on the queue
Tue May 15 18:34:30 UTC 2018: Updating status
Tue May 15 18:34:30 UTC 2018: Working
Tue May 15 18:34:33 UTC 2018: Start ghukill__google-sites-liberation test class com.google.sites.liberation.export.InMemoryEntryStoreTest
Tue May 15 18:34:33 UTC 2018: Setting lastTestMethodIndex: 42059
Tue May 15 18:34:33 UTC 2018: Starting linking
Tue May 15 18:34:33 UTC 2018: Code found com.google.sites.liberation.export.InMemoryEntryStore-getEntry with com.google.sites.liberation.export.InMemoryEntryStoreTest-testGetEntry
Tue May 15 18:34:33 UTC 2018: Match not added in database because it already exists
Tue May 15 18:34:33 UTC 2018: Code found com.google.sites.liberation.export.InMemoryEntryStore-getChildren with com.google.sites.liberation.export.InMemoryEntryStoreTest-testGetChildren
Tue May 15 18:34:33 UTC 2018: Match not added in database because it already exists
Tue May 15 18:34:33 UTC 2018: Linking done for ghukill__google-sites-liberation test class com.google.sites.liberation.export.InMemoryEntryStoreTest
Tue May 15 18:34:34 UTC 2018: Found element on the queue
Tue May 15 18:34:34 UTC 2018: Updating status
Tue May 15 18:34:34 UTC 2018: Working
Tue May 15 18:34:36 UTC 2018: Start ghukill__google-sites-liberation test class com.google.sites.liberation.export.PageExporterImplTest
Tue May 15 18:34:36 UTC 2018: Setting lastTestMethodIndex: 42061
Tue May 15 18:34:36 UTC 2018: Starting linking
Tue May 15 18:34:36 UTC 2018: No link for: com.google.sites.liberation.export.PageExporterImplTest-testListExport
Tue May 15 18:34:36 UTC 2018: None match not added in database because it already exists
Tue May 15 18:34:36 UTC 2018: No link for: com.google.sites.liberation.export.PageExporterImplTest-testAnnouncementsExport
Tue May 15 18:34:37 UTC 2018: None match not added in database because it already exists
Tue May 15 18:34:37 UTC 2018: No link for: com.google.sites.liberation.export.PageExporterImplTest-testNormalExport
Tue May 15 18:34:37 UTC 2018: None match not added in database because it already exists
Tue May 15 18:34:37 UTC 2018: No link for: com.google.sites.liberation.export.PageExporterImplTest-testFileCabinetExport
Tue May 15 18:34:37 UTC 2018: None match not added in database because it already exists
Tue May 15 18:34:37 UTC 2018: Linking done for ghukill__google-sites-liberation test class com.google.sites.liberation.export.PageExporterImplTest
Tue May 15 18:34:38 UTC 2018: Found element on the queue
Tue May 15 18:34:38 UTC 2018: Updating status
Tue May 15 18:34:38 UTC 2018: Working
Tue May 15 18:34:41 UTC 2018: Start ghukill__google-sites-liberation test class com.google.sites.liberation.export.RevisionExporterImplTest
Tue May 15 18:34:41 UTC 2018: Setting lastTestMethodIndex: 42066
Tue May 15 18:34:41 UTC 2018: Starting linking
Tue May 15 18:34:41 UTC 2018: No link for: com.google.sites.liberation.export.RevisionExporterImplTest-testListPageRevision
Tue May 15 18:34:41 UTC 2018: None match not added in database because it already exists
Tue May 15 18:34:41 UTC 2018: No link for: com.google.sites.liberation.export.RevisionExporterImplTest-testNormalRevision
Tue May 15 18:34:41 UTC 2018: None match not added in database because it already exists
Tue May 15 18:34:41 UTC 2018: Linking done for ghukill__google-sites-liberation test class com.google.sites.liberation.export.RevisionExporterImplTest
Tue May 15 18:34:42 UTC 2018: Found element on the queue
Tue May 15 18:34:42 UTC 2018: Updating status
Tue May 15 18:34:42 UTC 2018: Working
Tue May 15 18:34:45 UTC 2018: Start ghukill__google-sites-liberation test class com.google.sites.liberation.export.SiteExporterImplTest
Tue May 15 18:34:45 UTC 2018: Setting lastTestMethodIndex: 42069
Tue May 15 18:34:45 UTC 2018: Starting linking
Tue May 15 18:34:45 UTC 2018: No link for: com.google.sites.liberation.export.SiteExporterImplTest-testEmptyExport
Tue May 15 18:34:46 UTC 2018: None match not added in database because it already exists
Tue May 15 18:34:46 UTC 2018: No link for: com.google.sites.liberation.export.SiteExporterImplTest-testOnePageWithAttachment
Tue May 15 18:34:46 UTC 2018: None match not added in database because it already exists
Tue May 15 18:34:46 UTC 2018: No link for: com.google.sites.liberation.export.SiteExporterImplTest-testSeveralOfEach
Tue May 15 18:34:46 UTC 2018: None match not added in database because it already exists
Tue May 15 18:34:46 UTC 2018: No link for: com.google.sites.liberation.export.SiteExporterImplTest-testOnePage
Tue May 15 18:34:46 UTC 2018: None match not added in database because it already exists
Tue May 15 18:34:46 UTC 2018: Linking done for ghukill__google-sites-liberation test class com.google.sites.liberation.export.SiteExporterImplTest
Tue May 15 18:34:47 UTC 2018: Found element on the queue
Tue May 15 18:34:47 UTC 2018: Updating status
Tue May 15 18:34:47 UTC 2018: Working
Tue May 15 18:34:50 UTC 2018: Start ghukill__google-sites-liberation test class com.google.sites.liberation.parsers.TitleParserImplTest
Tue May 15 18:34:50 UTC 2018: Setting lastTestMethodIndex: 42074
Tue May 15 18:34:50 UTC 2018: Starting linking
Tue May 15 18:34:50 UTC 2018: No link for: com.google.sites.liberation.parsers.TitleParserImplTest-testNormalCase
Tue May 15 18:34:50 UTC 2018: None match not added in database because it already exists
Tue May 15 18:34:50 UTC 2018: No link for: com.google.sites.liberation.parsers.TitleParserImplTest-testComplicatedStructure
Tue May 15 18:34:50 UTC 2018: None match not added in database because it already exists
Tue May 15 18:34:50 UTC 2018: Linking done for ghukill__google-sites-liberation test class com.google.sites.liberation.parsers.TitleParserImplTest
Tue May 15 18:34:51 UTC 2018: Found element on the queue
Tue May 15 18:34:51 UTC 2018: Updating status
Tue May 15 18:34:51 UTC 2018: Working
Tue May 15 18:34:54 UTC 2018: Start ghukill__google-sites-liberation test class com.google.sites.liberation.parsers.AuthorParserImplTest
Tue May 15 18:34:54 UTC 2018: Setting lastTestMethodIndex: 42077
Tue May 15 18:34:54 UTC 2018: Starting linking
Tue May 15 18:34:54 UTC 2018: No link for: com.google.sites.liberation.parsers.AuthorParserImplTest-testN
Tue May 15 18:34:54 UTC 2018: None match not added in database because it already exists
Tue May 15 18:34:54 UTC 2018: No link for: com.google.sites.liberation.parsers.AuthorParserImplTest-testNAndEmail
Tue May 15 18:34:55 UTC 2018: None match not added in database because it already exists
Tue May 15 18:34:55 UTC 2018: No link for: com.google.sites.liberation.parsers.AuthorParserImplTest-testFn
Tue May 15 18:34:55 UTC 2018: None match not added in database because it already exists
Tue May 15 18:34:55 UTC 2018: No link for: com.google.sites.liberation.parsers.AuthorParserImplTest-testEmail
Tue May 15 18:34:55 UTC 2018: None match not added in database because it already exists
Tue May 15 18:34:55 UTC 2018: Linking done for ghukill__google-sites-liberation test class com.google.sites.liberation.parsers.AuthorParserImplTest
Tue May 15 18:34:56 UTC 2018: Found element on the queue
Tue May 15 18:34:56 UTC 2018: Updating status
Tue May 15 18:34:56 UTC 2018: Working
Tue May 15 18:34:59 UTC 2018: Start ghukill__google-sites-liberation test class com.google.sites.liberation.parsers.UpdatedParserImplTest
Tue May 15 18:34:59 UTC 2018: Setting lastTestMethodIndex: 42080
Tue May 15 18:34:59 UTC 2018: Starting linking
Tue May 15 18:34:59 UTC 2018: No link for: com.google.sites.liberation.parsers.UpdatedParserImplTest-testInvalidDate
Tue May 15 18:34:59 UTC 2018: None match not added in database because it already exists
Tue May 15 18:34:59 UTC 2018: No link for: com.google.sites.liberation.parsers.UpdatedParserImplTest-testValidDate
Tue May 15 18:34:59 UTC 2018: None match not added in database because it already exists
Tue May 15 18:34:59 UTC 2018: Linking done for ghukill__google-sites-liberation test class com.google.sites.liberation.parsers.UpdatedParserImplTest
Tue May 15 18:35:00 UTC 2018: Found element on the queue
Tue May 15 18:35:00 UTC 2018: Updating status
Tue May 15 18:35:00 UTC 2018: Working
Tue May 15 18:35:03 UTC 2018: Start ghukill__google-sites-liberation test class com.google.sites.liberation.parsers.FieldParserImplTest
Tue May 15 18:35:03 UTC 2018: Setting lastTestMethodIndex: 42083
Tue May 15 18:35:03 UTC 2018: Starting linking
Tue May 15 18:35:03 UTC 2018: No link for: com.google.sites.liberation.parsers.FieldParserImplTest-testNormalCase
Tue May 15 18:35:03 UTC 2018: None match not added in database because it already exists
Tue May 15 18:35:03 UTC 2018: No link for: com.google.sites.liberation.parsers.FieldParserImplTest-testComplicatedStructure
Tue May 15 18:35:04 UTC 2018: None match not added in database because it already exists
Tue May 15 18:35:04 UTC 2018: Linking done for ghukill__google-sites-liberation test class com.google.sites.liberation.parsers.FieldParserImplTest
Tue May 15 18:35:04 UTC 2018: Found element on the queue
Tue May 15 18:35:04 UTC 2018: Updating status
Tue May 15 18:35:04 UTC 2018: Working
Tue May 15 18:35:08 UTC 2018: Start ghukill__google-sites-liberation test class com.google.sites.liberation.parsers.SummaryParserImplTest
Tue May 15 18:35:08 UTC 2018: Setting lastTestMethodIndex: 42086
Tue May 15 18:35:08 UTC 2018: Starting linking
Tue May 15 18:35:08 UTC 2018: No link for: com.google.sites.liberation.parsers.SummaryParserImplTest-testNormalCase
Tue May 15 18:35:08 UTC 2018: None match not added in database because it already exists
Tue May 15 18:35:08 UTC 2018: No link for: com.google.sites.liberation.parsers.SummaryParserImplTest-testComplicatedStructure
Tue May 15 18:35:09 UTC 2018: None match not added in database because it already exists
Tue May 15 18:35:09 UTC 2018: Linking done for ghukill__google-sites-liberation test class com.google.sites.liberation.parsers.SummaryParserImplTest
Tue May 15 18:35:10 UTC 2018: Found element on the queue
Tue May 15 18:35:10 UTC 2018: Updating status
Tue May 15 18:35:10 UTC 2018: Working
Tue May 15 18:35:13 UTC 2018: Start ghukill__google-sites-liberation test class com.google.sites.liberation.parsers.EntryParserImplTest
Tue May 15 18:35:13 UTC 2018: Setting lastTestMethodIndex: 42089
Tue May 15 18:35:13 UTC 2018: Starting linking
Tue May 15 18:35:13 UTC 2018: No link for: com.google.sites.liberation.parsers.EntryParserImplTest-testNormalPage
Tue May 15 18:35:14 UTC 2018: None match not added in database because it already exists
Tue May 15 18:35:14 UTC 2018: No link for: com.google.sites.liberation.parsers.EntryParserImplTest-testFieldParsing
Tue May 15 18:35:14 UTC 2018: None match not added in database because it already exists
Tue May 15 18:35:14 UTC 2018: No link for: com.google.sites.liberation.parsers.EntryParserImplTest-testUnusualStructure
Tue May 15 18:35:14 UTC 2018: None match not added in database because it already exists
Tue May 15 18:35:14 UTC 2018: No link for: com.google.sites.liberation.parsers.EntryParserImplTest-testDataParsing
Tue May 15 18:35:15 UTC 2018: None match not added in database because it already exists
Tue May 15 18:35:15 UTC 2018: No link for: com.google.sites.liberation.parsers.EntryParserImplTest-testWithChildren
Tue May 15 18:35:15 UTC 2018: None match not added in database because it already exists
Tue May 15 18:35:15 UTC 2018: Linking done for ghukill__google-sites-liberation test class com.google.sites.liberation.parsers.EntryParserImplTest
Tue May 15 18:35:16 UTC 2018: Found element on the queue
Tue May 15 18:35:16 UTC 2018: Updating status
Tue May 15 18:35:16 UTC 2018: Working
Tue May 15 18:35:19 UTC 2018: Start ghukill__google-sites-liberation test class com.google.sites.liberation.parsers.ContentParserImplTest
Tue May 15 18:35:19 UTC 2018: Setting lastTestMethodIndex: 42095
Tue May 15 18:35:19 UTC 2018: Starting linking
Tue May 15 18:35:19 UTC 2018: No link for: com.google.sites.liberation.parsers.ContentParserImplTest-testEmptyXhtmlContent
Tue May 15 18:35:19 UTC 2018: None match not added in database because it already exists
Tue May 15 18:35:19 UTC 2018: No link for: com.google.sites.liberation.parsers.ContentParserImplTest-testJustTextXhtmlContent
Tue May 15 18:35:19 UTC 2018: None match not added in database because it already exists
Tue May 15 18:35:19 UTC 2018: No link for: com.google.sites.liberation.parsers.ContentParserImplTest-testNormalXhtmlContent
Tue May 15 18:35:20 UTC 2018: None match not added in database because it already exists
Tue May 15 18:35:20 UTC 2018: Linking done for ghukill__google-sites-liberation test class com.google.sites.liberation.parsers.ContentParserImplTest
Tue May 15 18:35:20 UTC 2018: Found element on the queue
Tue May 15 18:35:20 UTC 2018: Updating status
Tue May 15 18:35:21 UTC 2018: Working
Tue May 15 18:35:24 UTC 2018: Start ghukill__google-sites-liberation test class com.google.sites.liberation.parsers.DataParserImplTest
Tue May 15 18:35:24 UTC 2018: Setting lastTestMethodIndex: 42099
Tue May 15 18:35:24 UTC 2018: Starting linking
Tue May 15 18:35:24 UTC 2018: No link for: com.google.sites.liberation.parsers.DataParserImplTest-testComplicatedStructure
Tue May 15 18:35:25 UTC 2018: None match not added in database because it already exists
Tue May 15 18:35:25 UTC 2018: No link for: com.google.sites.liberation.parsers.DataParserImplTest-testNormalData
Tue May 15 18:35:25 UTC 2018: None match not added in database because it already exists
Tue May 15 18:35:25 UTC 2018: Linking done for ghukill__google-sites-liberation test class com.google.sites.liberation.parsers.DataParserImplTest
Tue May 15 18:35:26 UTC 2018: Found element on the queue
Tue May 15 18:35:26 UTC 2018: Updating status
Tue May 15 18:35:26 UTC 2018: Working
Tue May 15 18:35:29 UTC 2018: Start ghukill__google-sites-liberation test class com.google.sites.liberation.util.EntryTypeTest
Tue May 15 18:35:29 UTC 2018: Setting lastTestMethodIndex: 42103
Tue May 15 18:35:29 UTC 2018: Starting linking
Tue May 15 18:35:29 UTC 2018: No link for: com.google.sites.liberation.util.EntryTypeTest-testGetType
Tue May 15 18:35:30 UTC 2018: None match not added in database because it already exists
Tue May 15 18:35:30 UTC 2018: No link for: com.google.sites.liberation.util.EntryTypeTest-testIsPage
Tue May 15 18:35:30 UTC 2018: None match not added in database because it already exists
Tue May 15 18:35:30 UTC 2018: Linking done for ghukill__google-sites-liberation test class com.google.sites.liberation.util.EntryTypeTest
Tue May 15 18:35:31 UTC 2018: Found element on the queue
Tue May 15 18:35:31 UTC 2018: Updating status
Tue May 15 18:35:31 UTC 2018: Working
Tue May 15 18:35:34 UTC 2018: Start ghukill__google-sites-liberation test class com.google.sites.liberation.util.XmlElementTest
Tue May 15 18:35:34 UTC 2018: Setting lastTestMethodIndex: 42107
Tue May 15 18:35:34 UTC 2018: Starting linking
Tue May 15 18:35:34 UTC 2018: Code found com.google.sites.liberation.util.XmlElement-addXml with com.google.sites.liberation.util.XmlElementTest-testAddXml
Tue May 15 18:35:34 UTC 2018: Match not added in database because it already exists
Tue May 15 18:35:34 UTC 2018: Code found com.google.sites.liberation.util.XmlElement-setAttribute with com.google.sites.liberation.util.XmlElementTest-testSetAttribute
Tue May 15 18:35:34 UTC 2018: Match not added in database because it already exists
Tue May 15 18:35:34 UTC 2018: Code found com.google.sites.liberation.util.XmlElement-addText with com.google.sites.liberation.util.XmlElementTest-testAddText
Tue May 15 18:35:34 UTC 2018: Match not added in database because it already exists
Tue May 15 18:35:34 UTC 2018: No link for: com.google.sites.liberation.util.XmlElementTest-testConstructor
Tue May 15 18:35:35 UTC 2018: None match not added in database because it already exists
Tue May 15 18:35:35 UTC 2018: No link for: com.google.sites.liberation.util.XmlElementTest-testAddChild
Tue May 15 18:35:35 UTC 2018: None match not added in database because it already exists
Tue May 15 18:35:35 UTC 2018: Linking done for ghukill__google-sites-liberation test class com.google.sites.liberation.util.XmlElementTest
Tue May 15 18:35:36 UTC 2018: Found element on the queue
Tue May 15 18:35:36 UTC 2018: Updating status
Tue May 15 18:35:36 UTC 2018: Working
Tue May 15 18:35:40 UTC 2018: Start ghukill__google-sites-liberation test class com.google.sites.liberation.util.UrlUtilsTest
Tue May 15 18:35:40 UTC 2018: Setting lastTestMethodIndex: 42110
Tue May 15 18:35:40 UTC 2018: Starting linking
Tue May 15 18:35:40 UTC 2018: Code found com.google.sites.liberation.util.UrlUtils-getFeedUrl with com.google.sites.liberation.util.UrlUtilsTest-testGetFeedUrl
Tue May 15 18:35:40 UTC 2018: Match not added in database because it already exists
Tue May 15 18:35:40 UTC 2018: Code found com.google.sites.liberation.util.UrlUtils-getSiteUrl with com.google.sites.liberation.util.UrlUtilsTest-testGetSiteUrl
Tue May 15 18:35:40 UTC 2018: Match not added in database because it already exists
Tue May 15 18:35:40 UTC 2018: Linking done for ghukill__google-sites-liberation test class com.google.sites.liberation.util.UrlUtilsTest
Tue May 15 18:35:41 UTC 2018: Found element on the queue
Tue May 15 18:35:41 UTC 2018: Updating status
Tue May 15 18:35:41 UTC 2018: Working
Tue May 15 18:35:45 UTC 2018: Start ghukill__google-sites-liberation test class com.google.sites.liberation.util.GuiProgressListenerTest
Tue May 15 18:35:45 UTC 2018: Setting lastTestMethodIndex: 42114
Tue May 15 18:35:45 UTC 2018: Starting linking
Tue May 15 18:35:45 UTC 2018: Code found com.google.sites.liberation.util.GuiProgressListener-setProgress with com.google.sites.liberation.util.GuiProgressListenerTest-testSetProgress
Tue May 15 18:35:45 UTC 2018: Match not added in database because it already exists
Tue May 15 18:35:45 UTC 2018: Code found com.google.sites.liberation.util.GuiProgressListener-setStatus with com.google.sites.liberation.util.GuiProgressListenerTest-testSetStatus
Tue May 15 18:35:45 UTC 2018: Match not added in database because it already exists
Tue May 15 18:35:45 UTC 2018: Linking done for ghukill__google-sites-liberation test class com.google.sites.liberation.util.GuiProgressListenerTest
