Tue May 15 18:31:28 UTC 2018: Database:jdbc:mysql://localhost:3306/unittests
Tue May 15 18:31:29 UTC 2018: Starting
Tue May 15 18:31:29 UTC 2018: Found element on the queue
Tue May 15 18:31:29 UTC 2018: Updating status
Tue May 15 18:31:29 UTC 2018: Working
Tue May 15 18:31:29 UTC 2018: Create project parser
Tue May 15 18:31:34 UTC 2018: Create slicer
Tue May 15 18:31:36 UTC 2018: Create call graph
Tue May 15 18:31:37 UTC 2018: Create point analysis
Tue May 15 18:31:37 UTC 2018: Create call graph done
Tue May 15 18:31:37 UTC 2018: Start Geek-Union__java-learn test class org.laidu.learn.spring.boot.app.SpringBootAppApplicationTests
Tue May 15 18:31:37 UTC 2018: Setting lastTestMethodIndex: 41922
Tue May 15 18:31:37 UTC 2018: Starting linking
Tue May 15 18:31:37 UTC 2018: No link for: org.laidu.learn.spring.boot.app.SpringBootAppApplicationTests-contextLoads
Tue May 15 18:31:37 UTC 2018: Linking done for Geek-Union__java-learn test class org.laidu.learn.spring.boot.app.SpringBootAppApplicationTests
Tue May 15 18:31:38 UTC 2018: Found element on the queue
Tue May 15 18:31:38 UTC 2018: Updating status
Tue May 15 18:31:38 UTC 2018: Working
Tue May 15 18:31:38 UTC 2018: Create project parser
Tue May 15 18:31:41 UTC 2018: Start Geek-Union__java-learn test class org.laidu.learn.spring.cloud.consumer.CustomerHelloApplicationTests
Tue May 15 18:31:41 UTC 2018: Setting lastTestMethodIndex: 41926
Tue May 15 18:31:41 UTC 2018: Starting linking
Tue May 15 18:31:41 UTC 2018: No link for: org.laidu.learn.spring.cloud.consumer.CustomerHelloApplicationTests-contextLoads
Tue May 15 18:31:41 UTC 2018: Linking done for Geek-Union__java-learn test class org.laidu.learn.spring.cloud.consumer.CustomerHelloApplicationTests
Tue May 15 18:31:42 UTC 2018: Found element on the queue
Tue May 15 18:31:42 UTC 2018: Updating status
Tue May 15 18:31:42 UTC 2018: Working
Tue May 15 18:31:42 UTC 2018: Create project parser
Tue May 15 18:31:46 UTC 2018: Start Geek-Union__java-learn test class org.laidu.learn.spring.cloud.eureka.server.EurekaServerApplicationTests
Tue May 15 18:31:46 UTC 2018: Setting lastTestMethodIndex: 41929
Tue May 15 18:31:46 UTC 2018: Starting linking
Tue May 15 18:31:46 UTC 2018: No link for: org.laidu.learn.spring.cloud.eureka.server.EurekaServerApplicationTests-contextLoads
Tue May 15 18:31:46 UTC 2018: Linking done for Geek-Union__java-learn test class org.laidu.learn.spring.cloud.eureka.server.EurekaServerApplicationTests
Tue May 15 18:31:47 UTC 2018: Found element on the queue
Tue May 15 18:31:47 UTC 2018: Updating status
Tue May 15 18:31:47 UTC 2018: Working
Tue May 15 18:31:47 UTC 2018: Create project parser
Tue May 15 18:31:50 UTC 2018: Start Geek-Union__java-learn test class org.laidu.learn.spring.cloud.service.hello.ServiceHelloApplicationTests
Tue May 15 18:31:50 UTC 2018: Setting lastTestMethodIndex: 41932
Tue May 15 18:31:50 UTC 2018: Starting linking
Tue May 15 18:31:50 UTC 2018: No link for: org.laidu.learn.spring.cloud.service.hello.ServiceHelloApplicationTests-contextLoads
Tue May 15 18:31:50 UTC 2018: Linking done for Geek-Union__java-learn test class org.laidu.learn.spring.cloud.service.hello.ServiceHelloApplicationTests
Tue May 15 18:31:51 UTC 2018: Found element on the queue
Tue May 15 18:31:51 UTC 2018: Updating status
Tue May 15 18:31:51 UTC 2018: Working
Tue May 15 18:31:51 UTC 2018: Create project parser
Tue May 15 18:31:54 UTC 2018: Start Geek-Union__java-learn test class org.laidu.learn.swagger.demo.SwaggerApplicationTests
Tue May 15 18:31:54 UTC 2018: Setting lastTestMethodIndex: 41936
Tue May 15 18:31:54 UTC 2018: Starting linking
Tue May 15 18:31:54 UTC 2018: No link for: org.laidu.learn.swagger.demo.SwaggerApplicationTests-contextLoads
Tue May 15 18:31:54 UTC 2018: Linking done for Geek-Union__java-learn test class org.laidu.learn.swagger.demo.SwaggerApplicationTests
