Tue May 15 15:30:06 UTC 2018: Database:jdbc:mysql://localhost:3306/unittests
Tue May 15 15:30:06 UTC 2018: Starting
Tue May 15 15:30:06 UTC 2018: Found element on the queue
Tue May 15 15:30:06 UTC 2018: Updating status
Tue May 15 15:30:06 UTC 2018: Working
Tue May 15 15:30:06 UTC 2018: Create project parser
Tue May 15 15:30:15 UTC 2018: Create slicer
Tue May 15 15:30:18 UTC 2018: Create call graph
Tue May 15 15:30:22 UTC 2018: Create point analysis
Tue May 15 15:30:22 UTC 2018: Create call graph done
Tue May 15 15:30:22 UTC 2018: Start DongPoSu__Shiro test class org.apache.shiro.test.ExampleShiroUnitTest
Tue May 15 15:30:22 UTC 2018: Setting lastTestMethodIndex: 36551
Tue May 15 15:30:22 UTC 2018: Starting linking
Tue May 15 15:30:22 UTC 2018: No link for: org.apache.shiro.test.ExampleShiroUnitTest-testSimple
Tue May 15 15:30:22 UTC 2018: Linking done for DongPoSu__Shiro test class org.apache.shiro.test.ExampleShiroUnitTest
Tue May 15 15:30:22 UTC 2018: Found element on the queue
Tue May 15 15:30:22 UTC 2018: Updating status
Tue May 15 15:30:22 UTC 2018: Working
Tue May 15 15:30:25 UTC 2018: Start DongPoSu__Shiro test class org.apache.shiro.authc.credential.AllowAllCredentialsMatcherTest
Tue May 15 15:30:25 UTC 2018: Setting lastTestMethodIndex: 36553
Tue May 15 15:30:25 UTC 2018: Starting linking
Tue May 15 15:30:25 UTC 2018: No link for: org.apache.shiro.authc.credential.AllowAllCredentialsMatcherTest-testBasic
Tue May 15 15:30:25 UTC 2018: Linking done for DongPoSu__Shiro test class org.apache.shiro.authc.credential.AllowAllCredentialsMatcherTest
Tue May 15 15:30:26 UTC 2018: Found element on the queue
Tue May 15 15:30:26 UTC 2018: Updating status
Tue May 15 15:30:26 UTC 2018: Working
Tue May 15 15:30:28 UTC 2018: Start DongPoSu__Shiro test class org.apache.shiro.authc.pam.AllSuccessfulStrategyTest
Tue May 15 15:30:28 UTC 2018: Setting lastTestMethodIndex: 36555
Tue May 15 15:30:28 UTC 2018: Starting linking
Tue May 15 15:30:28 UTC 2018: Code found org.apache.shiro.authc.pam.AllSuccessfulStrategy-beforeAttempt with org.apache.shiro.authc.pam.AllSuccessfulStrategyTest-beforeAttemptRealmDoesntSupportToken
Tue May 15 15:30:28 UTC 2018: Code found org.apache.shiro.authc.pam.AllSuccessfulStrategy-beforeAllAttempts with org.apache.shiro.authc.pam.AllSuccessfulStrategyTest-beforeAllAttempts
Tue May 15 15:30:28 UTC 2018: No link for: org.apache.shiro.authc.pam.AllSuccessfulStrategyTest-beforeAttemptSupportingToken
Tue May 15 15:30:28 UTC 2018: Linking done for DongPoSu__Shiro test class org.apache.shiro.authc.pam.AllSuccessfulStrategyTest
Tue May 15 15:30:29 UTC 2018: Found element on the queue
Tue May 15 15:30:29 UTC 2018: Updating status
Tue May 15 15:30:29 UTC 2018: Working
Tue May 15 15:30:31 UTC 2018: Start DongPoSu__Shiro test class org.apache.shiro.authc.ConcurrentAccessExceptionTest
Tue May 15 15:30:31 UTC 2018: Setting lastTestMethodIndex: 36557
Tue May 15 15:30:31 UTC 2018: Starting linking
Tue May 15 15:30:31 UTC 2018: Linking done for DongPoSu__Shiro test class org.apache.shiro.authc.ConcurrentAccessExceptionTest
Tue May 15 15:30:32 UTC 2018: Found element on the queue
Tue May 15 15:30:32 UTC 2018: Updating status
Tue May 15 15:30:32 UTC 2018: Working
Tue May 15 15:30:34 UTC 2018: Start DongPoSu__Shiro test class org.apache.shiro.authc.ExcessiveAttemptsExceptionTest
Tue May 15 15:30:34 UTC 2018: Setting lastTestMethodIndex: 36559
Tue May 15 15:30:34 UTC 2018: Starting linking
Tue May 15 15:30:34 UTC 2018: Linking done for DongPoSu__Shiro test class org.apache.shiro.authc.ExcessiveAttemptsExceptionTest
Tue May 15 15:30:35 UTC 2018: Found element on the queue
Tue May 15 15:30:35 UTC 2018: Updating status
Tue May 15 15:30:35 UTC 2018: Working
Tue May 15 15:30:38 UTC 2018: Start DongPoSu__Shiro test class org.apache.shiro.authc.LockedAccountExceptionTest
Tue May 15 15:30:38 UTC 2018: Setting lastTestMethodIndex: 36561
Tue May 15 15:30:38 UTC 2018: Starting linking
Tue May 15 15:30:38 UTC 2018: Linking done for DongPoSu__Shiro test class org.apache.shiro.authc.LockedAccountExceptionTest
Tue May 15 15:30:38 UTC 2018: Found element on the queue
Tue May 15 15:30:38 UTC 2018: Updating status
Tue May 15 15:30:38 UTC 2018: Working
Tue May 15 15:30:41 UTC 2018: Start DongPoSu__Shiro test class org.apache.shiro.authc.UnknownAccountExceptionTest
Tue May 15 15:30:41 UTC 2018: Setting lastTestMethodIndex: 36563
Tue May 15 15:30:41 UTC 2018: Starting linking
Tue May 15 15:30:41 UTC 2018: Linking done for DongPoSu__Shiro test class org.apache.shiro.authc.UnknownAccountExceptionTest
Tue May 15 15:30:41 UTC 2018: Found element on the queue
Tue May 15 15:30:41 UTC 2018: Updating status
Tue May 15 15:30:41 UTC 2018: Working
Tue May 15 15:30:44 UTC 2018: Start DongPoSu__Shiro test class org.apache.shiro.authc.IncorrectCredentialsExceptionTest
Tue May 15 15:30:44 UTC 2018: Setting lastTestMethodIndex: 36565
Tue May 15 15:30:44 UTC 2018: Starting linking
Tue May 15 15:30:44 UTC 2018: Linking done for DongPoSu__Shiro test class org.apache.shiro.authc.IncorrectCredentialsExceptionTest
Tue May 15 15:30:44 UTC 2018: Found element on the queue
Tue May 15 15:30:44 UTC 2018: Updating status
Tue May 15 15:30:44 UTC 2018: Working
Tue May 15 15:30:46 UTC 2018: Start DongPoSu__Shiro test class org.apache.shiro.authc.ExpiredCredentialsExceptionTest
Tue May 15 15:30:46 UTC 2018: Setting lastTestMethodIndex: 36567
Tue May 15 15:30:46 UTC 2018: Starting linking
Tue May 15 15:30:46 UTC 2018: Linking done for DongPoSu__Shiro test class org.apache.shiro.authc.ExpiredCredentialsExceptionTest
Tue May 15 15:30:47 UTC 2018: Found element on the queue
Tue May 15 15:30:47 UTC 2018: Updating status
Tue May 15 15:30:47 UTC 2018: Working
Tue May 15 15:30:50 UTC 2018: Start DongPoSu__Shiro test class org.apache.shiro.authc.SimpleAuthenticationInfoTest
Tue May 15 15:30:50 UTC 2018: Setting lastTestMethodIndex: 36568
Tue May 15 15:30:50 UTC 2018: Starting linking
Tue May 15 15:30:50 UTC 2018: Code found org.apache.shiro.authc.SimpleAuthenticationInfo-merge with org.apache.shiro.authc.SimpleAuthenticationInfoTest-testMergeWithEmptyInstances
Tue May 15 15:30:50 UTC 2018: Code found org.apache.shiro.authc.SimpleAuthenticationInfo-merge with org.apache.shiro.authc.SimpleAuthenticationInfoTest-testMergeWithAggregateNullCredentials
Tue May 15 15:30:50 UTC 2018: Code found org.apache.shiro.authc.SimpleAuthenticationInfo-merge with org.apache.shiro.authc.SimpleAuthenticationInfoTest-testMergeWithImmutablePrincipalCollection
Tue May 15 15:30:50 UTC 2018: Linking done for DongPoSu__Shiro test class org.apache.shiro.authc.SimpleAuthenticationInfoTest
Tue May 15 15:30:50 UTC 2018: Found element on the queue
Tue May 15 15:30:50 UTC 2018: Updating status
Tue May 15 15:30:50 UTC 2018: Working
Tue May 15 15:30:53 UTC 2018: Start DongPoSu__Shiro test class org.apache.shiro.mgt.AbstractRememberMeManagerTest
Tue May 15 15:30:53 UTC 2018: Setting lastTestMethodIndex: 36570
Tue May 15 15:30:53 UTC 2018: Starting linking
Tue May 15 15:30:53 UTC 2018: Code found org.apache.shiro.mgt.AbstractRememberMeManager-getRememberedPrincipals with org.apache.shiro.mgt.AbstractRememberMeManagerTest-testGetRememberedPrincipalsWithEmptySerializedBytes
Tue May 15 15:30:53 UTC 2018: Linking done for DongPoSu__Shiro test class org.apache.shiro.mgt.AbstractRememberMeManagerTest
Tue May 15 15:30:54 UTC 2018: Found element on the queue
Tue May 15 15:30:54 UTC 2018: Updating status
Tue May 15 15:30:54 UTC 2018: Working
Tue May 15 15:30:56 UTC 2018: Start DongPoSu__Shiro test class org.apache.shiro.session.mgt.SimpleSessionTest
Tue May 15 15:30:56 UTC 2018: Setting lastTestMethodIndex: 36572
Tue May 15 15:30:56 UTC 2018: Starting linking
Tue May 15 15:30:56 UTC 2018: No link for: org.apache.shiro.session.mgt.SimpleSessionTest-testDefaultSerialization
Tue May 15 15:30:56 UTC 2018: No link for: org.apache.shiro.session.mgt.SimpleSessionTest-serializeHost
Tue May 15 15:30:56 UTC 2018: No link for: org.apache.shiro.session.mgt.SimpleSessionTest-serializeExpired
Tue May 15 15:30:56 UTC 2018: Linking done for DongPoSu__Shiro test class org.apache.shiro.session.mgt.SimpleSessionTest
Tue May 15 15:30:57 UTC 2018: Found element on the queue
Tue May 15 15:30:57 UTC 2018: Updating status
Tue May 15 15:30:57 UTC 2018: Working
Tue May 15 15:31:00 UTC 2018: Start DongPoSu__Shiro test class org.apache.shiro.authz.AuthorizationExceptionTest
Tue May 15 15:31:00 UTC 2018: Setting lastTestMethodIndex: 36574
Tue May 15 15:31:00 UTC 2018: Starting linking
Tue May 15 15:31:00 UTC 2018: Linking done for DongPoSu__Shiro test class org.apache.shiro.authz.AuthorizationExceptionTest
Tue May 15 15:31:00 UTC 2018: Found element on the queue
Tue May 15 15:31:00 UTC 2018: Updating status
Tue May 15 15:31:00 UTC 2018: Working
Tue May 15 15:31:02 UTC 2018: Start DongPoSu__Shiro test class org.apache.shiro.authz.ModularRealmAuthorizerTest
Tue May 15 15:31:02 UTC 2018: Setting lastTestMethodIndex: 36576
Tue May 15 15:31:02 UTC 2018: Starting linking
Tue May 15 15:31:02 UTC 2018: No link for: org.apache.shiro.authz.ModularRealmAuthorizerTest-testSettingOfRolePermissionResolver
Tue May 15 15:31:03 UTC 2018: Linking done for DongPoSu__Shiro test class org.apache.shiro.authz.ModularRealmAuthorizerTest
Tue May 15 15:31:03 UTC 2018: Found element on the queue
Tue May 15 15:31:03 UTC 2018: Updating status
Tue May 15 15:31:03 UTC 2018: Working
Tue May 15 15:31:05 UTC 2018: Start DongPoSu__Shiro test class org.apache.shiro.authz.HostUnauthorizedExceptionTest
Tue May 15 15:31:05 UTC 2018: Setting lastTestMethodIndex: 36578
Tue May 15 15:31:05 UTC 2018: Starting linking
Tue May 15 15:31:05 UTC 2018: Linking done for DongPoSu__Shiro test class org.apache.shiro.authz.HostUnauthorizedExceptionTest
Tue May 15 15:31:06 UTC 2018: Found element on the queue
Tue May 15 15:31:06 UTC 2018: Updating status
Tue May 15 15:31:06 UTC 2018: Working
Tue May 15 15:31:08 UTC 2018: Start DongPoSu__Shiro test class org.apache.shiro.authz.UnauthenticatedExceptionTest
Tue May 15 15:31:08 UTC 2018: Setting lastTestMethodIndex: 36580
Tue May 15 15:31:08 UTC 2018: Starting linking
Tue May 15 15:31:08 UTC 2018: Linking done for DongPoSu__Shiro test class org.apache.shiro.authz.UnauthenticatedExceptionTest
Tue May 15 15:31:09 UTC 2018: Found element on the queue
Tue May 15 15:31:09 UTC 2018: Updating status
Tue May 15 15:31:09 UTC 2018: Working
Tue May 15 15:31:11 UTC 2018: Start DongPoSu__Shiro test class org.apache.shiro.authz.UnauthorizedExceptionTest
Tue May 15 15:31:11 UTC 2018: Setting lastTestMethodIndex: 36581
Tue May 15 15:31:11 UTC 2018: Starting linking
Tue May 15 15:31:11 UTC 2018: Linking done for DongPoSu__Shiro test class org.apache.shiro.authz.UnauthorizedExceptionTest
Tue May 15 15:31:12 UTC 2018: Found element on the queue
Tue May 15 15:31:12 UTC 2018: Updating status
Tue May 15 15:31:12 UTC 2018: Working
Tue May 15 15:31:14 UTC 2018: Start DongPoSu__Shiro test class org.apache.shiro.authz.permission.WildcardPermissionTest
Tue May 15 15:31:14 UTC 2018: Setting lastTestMethodIndex: 36583
Tue May 15 15:31:14 UTC 2018: Starting linking
Tue May 15 15:31:14 UTC 2018: No link for: org.apache.shiro.authz.permission.WildcardPermissionTest-testLists
Tue May 15 15:31:14 UTC 2018: No link for: org.apache.shiro.authz.permission.WildcardPermissionTest-testNull
Tue May 15 15:31:15 UTC 2018: No link for: org.apache.shiro.authz.permission.WildcardPermissionTest-testBlank
Tue May 15 15:31:15 UTC 2018: No link for: org.apache.shiro.authz.permission.WildcardPermissionTest-testNamed
Tue May 15 15:31:15 UTC 2018: No link for: org.apache.shiro.authz.permission.WildcardPermissionTest-testEmpty
Tue May 15 15:31:15 UTC 2018: No link for: org.apache.shiro.authz.permission.WildcardPermissionTest-testOnlyDelimiters
Tue May 15 15:31:15 UTC 2018: No link for: org.apache.shiro.authz.permission.WildcardPermissionTest-testWildcards
Tue May 15 15:31:15 UTC 2018: Linking done for DongPoSu__Shiro test class org.apache.shiro.authz.permission.WildcardPermissionTest
Tue May 15 15:31:16 UTC 2018: Found element on the queue
Tue May 15 15:31:16 UTC 2018: Updating status
Tue May 15 15:31:16 UTC 2018: Working
Tue May 15 15:31:18 UTC 2018: Start DongPoSu__Shiro test class org.apache.shiro.authz.permission.AllPermissionTest
Tue May 15 15:31:18 UTC 2018: Setting lastTestMethodIndex: 36585
Tue May 15 15:31:18 UTC 2018: Starting linking
Tue May 15 15:31:18 UTC 2018: No link for: org.apache.shiro.authz.permission.AllPermissionTest-testNullArgument
Tue May 15 15:31:18 UTC 2018: No link for: org.apache.shiro.authz.permission.AllPermissionTest-testNonNullArgument
Tue May 15 15:31:18 UTC 2018: Linking done for DongPoSu__Shiro test class org.apache.shiro.authz.permission.AllPermissionTest
Tue May 15 15:31:19 UTC 2018: Found element on the queue
Tue May 15 15:31:19 UTC 2018: Updating status
Tue May 15 15:31:19 UTC 2018: Working
Tue May 15 15:31:21 UTC 2018: Start DongPoSu__Shiro test class org.apache.shiro.authz.permission.DomainPermissionTest
Tue May 15 15:31:21 UTC 2018: Setting lastTestMethodIndex: 36586
Tue May 15 15:31:21 UTC 2018: Starting linking
Tue May 15 15:31:21 UTC 2018: No link for: org.apache.shiro.authz.permission.DomainPermissionTest-testActionsConstructorWithSingleAction
Tue May 15 15:31:21 UTC 2018: No link for: org.apache.shiro.authz.permission.DomainPermissionTest-testDefaultConstructor
Tue May 15 15:31:21 UTC 2018: No link for: org.apache.shiro.authz.permission.DomainPermissionTest-testActionsConstructorWithMultipleActions
Tue May 15 15:31:21 UTC 2018: No link for: org.apache.shiro.authz.permission.DomainPermissionTest-testActionsTargetsConstructorWithSingleActionAndTarget
Tue May 15 15:31:21 UTC 2018: No link for: org.apache.shiro.authz.permission.DomainPermissionTest-testActionsTargetsConstructorWithMultipleActionsAndTargets
Tue May 15 15:31:21 UTC 2018: Linking done for DongPoSu__Shiro test class org.apache.shiro.authz.permission.DomainPermissionTest
Tue May 15 15:31:22 UTC 2018: Found element on the queue
Tue May 15 15:31:22 UTC 2018: Updating status
Tue May 15 15:31:22 UTC 2018: Working
Tue May 15 15:31:25 UTC 2018: Start DongPoSu__Shiro test class org.apache.shiro.io.SerializationExceptionTest
Tue May 15 15:31:25 UTC 2018: Setting lastTestMethodIndex: 36589
Tue May 15 15:31:25 UTC 2018: Starting linking
Tue May 15 15:31:25 UTC 2018: Linking done for DongPoSu__Shiro test class org.apache.shiro.io.SerializationExceptionTest
Tue May 15 15:31:25 UTC 2018: Found element on the queue
Tue May 15 15:31:25 UTC 2018: Updating status
Tue May 15 15:31:25 UTC 2018: Working
Tue May 15 15:31:28 UTC 2018: Start DongPoSu__Shiro test class org.apache.shiro.aop.AnnotationResolverTest
Tue May 15 15:31:28 UTC 2018: Setting lastTestMethodIndex: 36590
Tue May 15 15:31:28 UTC 2018: Starting linking
Tue May 15 15:31:28 UTC 2018: Linking done for DongPoSu__Shiro test class org.apache.shiro.aop.AnnotationResolverTest
Tue May 15 15:31:28 UTC 2018: Found element on the queue
Tue May 15 15:31:28 UTC 2018: Updating status
Tue May 15 15:31:29 UTC 2018: Working
Tue May 15 15:31:31 UTC 2018: Start DongPoSu__Shiro test class org.apache.shiro.util.RegExPatternMatcherTest
Tue May 15 15:31:31 UTC 2018: Setting lastTestMethodIndex: 36592
Tue May 15 15:31:31 UTC 2018: Starting linking
Tue May 15 15:31:31 UTC 2018: No link for: org.apache.shiro.util.RegExPatternMatcherTest-testSimplePattern
Tue May 15 15:31:31 UTC 2018: Linking done for DongPoSu__Shiro test class org.apache.shiro.util.RegExPatternMatcherTest
Tue May 15 15:31:32 UTC 2018: Found element on the queue
Tue May 15 15:31:32 UTC 2018: Updating status
Tue May 15 15:31:32 UTC 2018: Working
Tue May 15 15:31:34 UTC 2018: Start DongPoSu__Shiro test class org.apache.shiro.util.StringUtilsTest
Tue May 15 15:31:34 UTC 2018: Setting lastTestMethodIndex: 36594
Tue May 15 15:31:34 UTC 2018: Starting linking
Tue May 15 15:31:34 UTC 2018: No link for: org.apache.shiro.util.StringUtilsTest-splitWithQuotedCommasAndSpaces
Tue May 15 15:31:34 UTC 2018: No link for: org.apache.shiro.util.StringUtilsTest-splitTestWithQuotedCommas
Tue May 15 15:31:34 UTC 2018: No link for: org.apache.shiro.util.StringUtilsTest-splitWithQuotedCommasAndSpacesAndEscapedQuotes
Tue May 15 15:31:34 UTC 2018: No link for: org.apache.shiro.util.StringUtilsTest-splitWithQuotedCommasAndSpacesAndDifferentQuoteChars
Tue May 15 15:31:35 UTC 2018: No link for: org.apache.shiro.util.StringUtilsTest-splitWithQuotedCommasAndSpacesAndDifferentQuoteCharsWhileRetainingQuotes
Tue May 15 15:31:35 UTC 2018: No link for: org.apache.shiro.util.StringUtilsTest-splitWithNullInput
Tue May 15 15:31:35 UTC 2018: No link for: org.apache.shiro.util.StringUtilsTest-splitWithCommas
Tue May 15 15:31:35 UTC 2018: No link for: org.apache.shiro.util.StringUtilsTest-splitWithCommasAndSpaces
Tue May 15 15:31:35 UTC 2018: Linking done for DongPoSu__Shiro test class org.apache.shiro.util.StringUtilsTest
Tue May 15 15:31:35 UTC 2018: Found element on the queue
Tue May 15 15:31:35 UTC 2018: Updating status
Tue May 15 15:31:35 UTC 2018: Working
Tue May 15 15:31:38 UTC 2018: Start DongPoSu__Shiro test class org.apache.shiro.jndi.JndiObjectFactoryTest
Tue May 15 15:31:38 UTC 2018: Setting lastTestMethodIndex: 36596
Tue May 15 15:31:38 UTC 2018: Starting linking
Tue May 15 15:31:38 UTC 2018: Code found org.apache.shiro.jndi.JndiObjectFactory-getInstance with org.apache.shiro.jndi.JndiObjectFactoryTest-testGetInstanceNoType
Tue May 15 15:31:38 UTC 2018: Code found org.apache.shiro.jndi.JndiObjectFactory-getInstance with org.apache.shiro.jndi.JndiObjectFactoryTest-testGetInstanceWithType
Tue May 15 15:31:38 UTC 2018: No link for: org.apache.shiro.jndi.JndiObjectFactoryTest-testJndiLookupFailsNoType
Tue May 15 15:31:38 UTC 2018: No link for: org.apache.shiro.jndi.JndiObjectFactoryTest-testJndiLookupFailsWithType
Tue May 15 15:31:39 UTC 2018: Linking done for DongPoSu__Shiro test class org.apache.shiro.jndi.JndiObjectFactoryTest
Tue May 15 15:31:39 UTC 2018: Found element on the queue
Tue May 15 15:31:39 UTC 2018: Updating status
Tue May 15 15:31:39 UTC 2018: Working
Tue May 15 15:31:39 UTC 2018: Create project parser
Tue May 15 15:31:43 UTC 2018: Start DongPoSu__Shiro test class org.apache.shiro.guice.GuiceEnvironmentTest
Tue May 15 15:31:43 UTC 2018: Setting lastTestMethodIndex: 36598
Tue May 15 15:31:43 UTC 2018: Starting linking
Tue May 15 15:31:43 UTC 2018: Code found org.apache.shiro.guice.GuiceEnvironment-getSecurityManager with org.apache.shiro.guice.GuiceEnvironmentTest-testGetSecurityManager
Tue May 15 15:31:43 UTC 2018: No link for: org.apache.shiro.guice.GuiceEnvironmentTest-ensureInjectable
Tue May 15 15:31:43 UTC 2018: Linking done for DongPoSu__Shiro test class org.apache.shiro.guice.GuiceEnvironmentTest
Tue May 15 15:31:43 UTC 2018: Found element on the queue
Tue May 15 15:31:43 UTC 2018: Updating status
Tue May 15 15:31:43 UTC 2018: Working
Tue May 15 15:31:46 UTC 2018: Start DongPoSu__Shiro test class org.apache.shiro.guice.ShiroMatchersTest
Tue May 15 15:31:46 UTC 2018: Setting lastTestMethodIndex: 36600
Tue May 15 15:31:46 UTC 2018: Starting linking
Tue May 15 15:31:46 UTC 2018: Code found org.apache.shiro.guice.ShiroMatchers-typeLiteral with org.apache.shiro.guice.ShiroMatchersTest-testTypeLiteral
Tue May 15 15:31:46 UTC 2018: Linking done for DongPoSu__Shiro test class org.apache.shiro.guice.ShiroMatchersTest
Tue May 15 15:31:46 UTC 2018: Found element on the queue
Tue May 15 15:31:46 UTC 2018: Updating status
Tue May 15 15:31:46 UTC 2018: Working
Tue May 15 15:31:49 UTC 2018: Start DongPoSu__Shiro test class org.apache.shiro.guice.InitializableInjectionListenerTest
Tue May 15 15:31:49 UTC 2018: Setting lastTestMethodIndex: 36602
Tue May 15 15:31:49 UTC 2018: Starting linking
Tue May 15 15:31:49 UTC 2018: Code found org.apache.shiro.guice.InitializableInjectionListener-afterInjection with org.apache.shiro.guice.InitializableInjectionListenerTest-testAfterInjection
Tue May 15 15:31:49 UTC 2018: Linking done for DongPoSu__Shiro test class org.apache.shiro.guice.InitializableInjectionListenerTest
Tue May 15 15:31:50 UTC 2018: Found element on the queue
Tue May 15 15:31:50 UTC 2018: Updating status
Tue May 15 15:31:50 UTC 2018: Working
Tue May 15 15:31:52 UTC 2018: Start DongPoSu__Shiro test class org.apache.shiro.guice.DestroyableInjectionListenerTest
Tue May 15 15:31:52 UTC 2018: Setting lastTestMethodIndex: 36604
Tue May 15 15:31:52 UTC 2018: Starting linking
Tue May 15 15:31:52 UTC 2018: Code found org.apache.shiro.guice.DestroyableInjectionListener-afterInjection with org.apache.shiro.guice.DestroyableInjectionListenerTest-testAfterInjection
Tue May 15 15:31:52 UTC 2018: Linking done for DongPoSu__Shiro test class org.apache.shiro.guice.DestroyableInjectionListenerTest
Tue May 15 15:31:53 UTC 2018: Found element on the queue
Tue May 15 15:31:53 UTC 2018: Updating status
Tue May 15 15:31:53 UTC 2018: Working
Tue May 15 15:31:58 UTC 2018: Start DongPoSu__Shiro test class org.apache.shiro.guice.BeanTypeListenerTest
Tue May 15 15:31:58 UTC 2018: Setting lastTestMethodIndex: 36605
Tue May 15 15:31:58 UTC 2018: Starting linking
Tue May 15 15:31:58 UTC 2018: No link for: org.apache.shiro.guice.BeanTypeListenerTest-testUnmatchedPackage
Tue May 15 15:31:58 UTC 2018: No link for: org.apache.shiro.guice.BeanTypeListenerTest-testPropertySetting
Tue May 15 15:31:58 UTC 2018: No link for: org.apache.shiro.guice.BeanTypeListenerTest-testMatchedPackage
Tue May 15 15:31:58 UTC 2018: Linking done for DongPoSu__Shiro test class org.apache.shiro.guice.BeanTypeListenerTest
Tue May 15 15:31:58 UTC 2018: Found element on the queue
Tue May 15 15:31:58 UTC 2018: Updating status
Tue May 15 15:31:59 UTC 2018: Working
Tue May 15 15:32:01 UTC 2018: Start DongPoSu__Shiro test class org.apache.shiro.guice.LifecycleTypeListenerTest
Tue May 15 15:32:01 UTC 2018: Setting lastTestMethodIndex: 36608
Tue May 15 15:32:01 UTC 2018: Starting linking
Tue May 15 15:32:01 UTC 2018: Code found org.apache.shiro.guice.LifecycleTypeListener-hear with org.apache.shiro.guice.LifecycleTypeListenerTest-testHearDestroyable
Tue May 15 15:32:01 UTC 2018: Code found org.apache.shiro.guice.LifecycleTypeListener-hear with org.apache.shiro.guice.LifecycleTypeListenerTest-testHearInitializable
Tue May 15 15:32:01 UTC 2018: Linking done for DongPoSu__Shiro test class org.apache.shiro.guice.LifecycleTypeListenerTest
Tue May 15 15:32:02 UTC 2018: Found element on the queue
Tue May 15 15:32:02 UTC 2018: Updating status
Tue May 15 15:32:02 UTC 2018: Working
Tue May 15 15:32:04 UTC 2018: Start DongPoSu__Shiro test class org.apache.shiro.guice.aop.AopAllianceMethodInterceptorAdapterTest
Tue May 15 15:32:04 UTC 2018: Setting lastTestMethodIndex: 36609
Tue May 15 15:32:04 UTC 2018: Starting linking
Tue May 15 15:32:04 UTC 2018: Code found org.apache.shiro.guice.aop.AopAllianceMethodInterceptorAdapter-invoke with org.apache.shiro.guice.aop.AopAllianceMethodInterceptorAdapterTest-testInvoke
Tue May 15 15:32:04 UTC 2018: Linking done for DongPoSu__Shiro test class org.apache.shiro.guice.aop.AopAllianceMethodInterceptorAdapterTest
Tue May 15 15:32:05 UTC 2018: Found element on the queue
Tue May 15 15:32:05 UTC 2018: Updating status
Tue May 15 15:32:05 UTC 2018: Working
Tue May 15 15:32:07 UTC 2018: Start DongPoSu__Shiro test class org.apache.shiro.guice.aop.AopAllianceMethodInvocationAdapterTest
Tue May 15 15:32:07 UTC 2018: Setting lastTestMethodIndex: 36611
Tue May 15 15:32:07 UTC 2018: Starting linking
Tue May 15 15:32:07 UTC 2018: Code found org.apache.shiro.guice.aop.AopAllianceMethodInvocationAdapter-getMethod with org.apache.shiro.guice.aop.AopAllianceMethodInvocationAdapterTest-testGetMethod
Tue May 15 15:32:07 UTC 2018: Code found org.apache.shiro.guice.aop.AopAllianceMethodInvocationAdapter-getThis with org.apache.shiro.guice.aop.AopAllianceMethodInvocationAdapterTest-testGetThis
Tue May 15 15:32:07 UTC 2018: Code found org.apache.shiro.guice.aop.AopAllianceMethodInvocationAdapter-getArguments with org.apache.shiro.guice.aop.AopAllianceMethodInvocationAdapterTest-testGetArguments
Tue May 15 15:32:07 UTC 2018: Code found org.apache.shiro.guice.aop.AopAllianceMethodInvocationAdapter-proceed with org.apache.shiro.guice.aop.AopAllianceMethodInvocationAdapterTest-testProceed
Tue May 15 15:32:07 UTC 2018: Linking done for DongPoSu__Shiro test class org.apache.shiro.guice.aop.AopAllianceMethodInvocationAdapterTest
Tue May 15 15:32:08 UTC 2018: Found element on the queue
Tue May 15 15:32:08 UTC 2018: Updating status
Tue May 15 15:32:08 UTC 2018: Working
Tue May 15 15:32:10 UTC 2018: Start DongPoSu__Shiro test class org.apache.shiro.guice.aop.ShiroAopModuleTest
Tue May 15 15:32:11 UTC 2018: Setting lastTestMethodIndex: 36614
Tue May 15 15:32:11 UTC 2018: Starting linking
Tue May 15 15:32:11 UTC 2018: No link for: org.apache.shiro.guice.aop.ShiroAopModuleTest-testBindShiroInterceptor
Tue May 15 15:32:11 UTC 2018: No link for: org.apache.shiro.guice.aop.ShiroAopModuleTest-testGetAnnotationResolver
Tue May 15 15:32:11 UTC 2018: Linking done for DongPoSu__Shiro test class org.apache.shiro.guice.aop.ShiroAopModuleTest
Tue May 15 15:32:11 UTC 2018: Found element on the queue
Tue May 15 15:32:11 UTC 2018: Updating status
Tue May 15 15:32:11 UTC 2018: Working
Tue May 15 15:32:13 UTC 2018: Start DongPoSu__Shiro test class org.apache.shiro.guice.web.ShiroWebModuleTest
Tue May 15 15:32:13 UTC 2018: Setting lastTestMethodIndex: 36615
Tue May 15 15:32:13 UTC 2018: Starting linking
Tue May 15 15:32:13 UTC 2018: No link for: org.apache.shiro.guice.web.ShiroWebModuleTest-basicInstantiation
Tue May 15 15:32:14 UTC 2018: No link for: org.apache.shiro.guice.web.ShiroWebModuleTest-testBindWebEnvironment
Tue May 15 15:32:14 UTC 2018: No link for: org.apache.shiro.guice.web.ShiroWebModuleTest-testBindGuiceFilter
Tue May 15 15:32:14 UTC 2018: No link for: org.apache.shiro.guice.web.ShiroWebModuleTest-testBindWebSecurityManager
Tue May 15 15:32:14 UTC 2018: Linking done for DongPoSu__Shiro test class org.apache.shiro.guice.web.ShiroWebModuleTest
Tue May 15 15:32:14 UTC 2018: Found element on the queue
Tue May 15 15:32:14 UTC 2018: Updating status
Tue May 15 15:32:14 UTC 2018: Working
Tue May 15 15:32:17 UTC 2018: Start DongPoSu__Shiro test class org.apache.shiro.guice.web.WebGuiceEnvironmentTest
Tue May 15 15:32:17 UTC 2018: Setting lastTestMethodIndex: 36618
Tue May 15 15:32:17 UTC 2018: Starting linking
Tue May 15 15:32:17 UTC 2018: No link for: org.apache.shiro.guice.web.WebGuiceEnvironmentTest-testConstructor
Tue May 15 15:32:17 UTC 2018: No link for: org.apache.shiro.guice.web.WebGuiceEnvironmentTest-ensureInjectable
Tue May 15 15:32:17 UTC 2018: Linking done for DongPoSu__Shiro test class org.apache.shiro.guice.web.WebGuiceEnvironmentTest
Tue May 15 15:32:18 UTC 2018: Found element on the queue
Tue May 15 15:32:18 UTC 2018: Updating status
Tue May 15 15:32:18 UTC 2018: Working
Tue May 15 15:32:20 UTC 2018: Start DongPoSu__Shiro test class org.apache.shiro.guice.web.PathMatchingFilterProviderTest
Tue May 15 15:32:20 UTC 2018: Setting lastTestMethodIndex: 36619
Tue May 15 15:32:20 UTC 2018: Starting linking
Tue May 15 15:32:20 UTC 2018: Code found org.apache.shiro.guice.web.PathMatchingFilterProvider-postProcess with org.apache.shiro.guice.web.PathMatchingFilterProviderTest-testPostProcess
Tue May 15 15:32:20 UTC 2018: Linking done for DongPoSu__Shiro test class org.apache.shiro.guice.web.PathMatchingFilterProviderTest
Tue May 15 15:32:21 UTC 2018: Found element on the queue
Tue May 15 15:32:21 UTC 2018: Updating status
Tue May 15 15:32:21 UTC 2018: Working
Tue May 15 15:32:23 UTC 2018: Start DongPoSu__Shiro test class org.apache.shiro.guice.web.SimpleFilterChainResolverTest
Tue May 15 15:32:23 UTC 2018: Setting lastTestMethodIndex: 36621
Tue May 15 15:32:23 UTC 2018: Starting linking
Tue May 15 15:32:23 UTC 2018: Code found org.apache.shiro.guice.web.SimpleFilterChainResolver-getChain with org.apache.shiro.guice.web.SimpleFilterChainResolverTest-testGetChain
Tue May 15 15:32:23 UTC 2018: Linking done for DongPoSu__Shiro test class org.apache.shiro.guice.web.SimpleFilterChainResolverTest
Tue May 15 15:32:24 UTC 2018: Found element on the queue
Tue May 15 15:32:24 UTC 2018: Updating status
Tue May 15 15:32:24 UTC 2018: Working
Tue May 15 15:32:26 UTC 2018: Start DongPoSu__Shiro test class org.apache.shiro.guice.web.SimpleFilterChainTest
Tue May 15 15:32:26 UTC 2018: Setting lastTestMethodIndex: 36623
Tue May 15 15:32:26 UTC 2018: Starting linking
Tue May 15 15:32:26 UTC 2018: Code found org.apache.shiro.guice.web.SimpleFilterChain-doFilter with org.apache.shiro.guice.web.SimpleFilterChainTest-testDoFilter
Tue May 15 15:32:26 UTC 2018: Linking done for DongPoSu__Shiro test class org.apache.shiro.guice.web.SimpleFilterChainTest
Tue May 15 15:32:27 UTC 2018: Found element on the queue
Tue May 15 15:32:27 UTC 2018: Updating status
Tue May 15 15:32:27 UTC 2018: Working
Tue May 15 15:32:30 UTC 2018: Start DongPoSu__Shiro test class org.apache.shiro.guice.web.GuiceShiroFilterTest
Tue May 15 15:32:30 UTC 2018: Setting lastTestMethodIndex: 36625
Tue May 15 15:32:30 UTC 2018: Starting linking
Tue May 15 15:32:30 UTC 2018: No link for: org.apache.shiro.guice.web.GuiceShiroFilterTest-ensureInjectable
Tue May 15 15:32:30 UTC 2018: No link for: org.apache.shiro.guice.web.GuiceShiroFilterTest-testConstructor
Tue May 15 15:32:30 UTC 2018: Linking done for DongPoSu__Shiro test class org.apache.shiro.guice.web.GuiceShiroFilterTest
Tue May 15 15:32:30 UTC 2018: Found element on the queue
Tue May 15 15:32:30 UTC 2018: Updating status
Tue May 15 15:32:30 UTC 2018: Working
Tue May 15 15:32:33 UTC 2018: Start DongPoSu__Shiro test class org.apache.shiro.guice.web.AbstractInjectionProviderTest
Tue May 15 15:32:33 UTC 2018: Setting lastTestMethodIndex: 36627
Tue May 15 15:32:33 UTC 2018: Starting linking
Tue May 15 15:32:33 UTC 2018: Code found org.apache.shiro.guice.web.AbstractInjectionProvider-get with org.apache.shiro.guice.web.AbstractInjectionProviderTest-testGet
Tue May 15 15:32:33 UTC 2018: Code found org.apache.shiro.guice.web.AbstractInjectionProvider-getDependencies with org.apache.shiro.guice.web.AbstractInjectionProviderTest-testGetDependencies
Tue May 15 15:32:33 UTC 2018: Linking done for DongPoSu__Shiro test class org.apache.shiro.guice.web.AbstractInjectionProviderTest
Tue May 15 15:32:33 UTC 2018: Found element on the queue
Tue May 15 15:32:33 UTC 2018: Updating status
Tue May 15 15:32:33 UTC 2018: Working
Tue May 15 15:32:36 UTC 2018: Start DongPoSu__Shiro test class org.apache.shiro.guice.web.FilterChainResolverProviderTest
Tue May 15 15:32:36 UTC 2018: Setting lastTestMethodIndex: 36628
Tue May 15 15:32:36 UTC 2018: Starting linking
Tue May 15 15:32:36 UTC 2018: Code found org.apache.shiro.guice.web.FilterChainResolverProvider-getDependencies with org.apache.shiro.guice.web.FilterChainResolverProviderTest-testGetDependencies
Tue May 15 15:32:36 UTC 2018: Code found org.apache.shiro.guice.web.FilterChainResolverProvider-get with org.apache.shiro.guice.web.FilterChainResolverProviderTest-testGet
Tue May 15 15:32:36 UTC 2018: Linking done for DongPoSu__Shiro test class org.apache.shiro.guice.web.FilterChainResolverProviderTest
Tue May 15 15:32:37 UTC 2018: Found element on the queue
Tue May 15 15:32:37 UTC 2018: Updating status
Tue May 15 15:32:37 UTC 2018: Working
Tue May 15 15:32:39 UTC 2018: Start DongPoSu__Shiro test class org.apache.shiro.guice.web.DefaultFiltersTest
Tue May 15 15:32:39 UTC 2018: Setting lastTestMethodIndex: 36630
Tue May 15 15:32:39 UTC 2018: Starting linking
Tue May 15 15:32:39 UTC 2018: No link for: org.apache.shiro.guice.web.DefaultFiltersTest-checkDefaultFilters
Tue May 15 15:32:40 UTC 2018: Linking done for DongPoSu__Shiro test class org.apache.shiro.guice.web.DefaultFiltersTest
Tue May 15 15:32:40 UTC 2018: Found element on the queue
Tue May 15 15:32:40 UTC 2018: Updating status
Tue May 15 15:32:40 UTC 2018: Working
Tue May 15 15:32:43 UTC 2018: Start DongPoSu__Shiro test class org.apache.shiro.guice.web.FilterConfigTest
Tue May 15 15:32:43 UTC 2018: Setting lastTestMethodIndex: 36632
Tue May 15 15:32:43 UTC 2018: Starting linking
Tue May 15 15:32:43 UTC 2018: No link for: org.apache.shiro.guice.web.FilterConfigTest-testWithConfig
Tue May 15 15:32:43 UTC 2018: No link for: org.apache.shiro.guice.web.FilterConfigTest-testSimple
Tue May 15 15:32:43 UTC 2018: Linking done for DongPoSu__Shiro test class org.apache.shiro.guice.web.FilterConfigTest
Tue May 15 15:32:43 UTC 2018: Found element on the queue
Tue May 15 15:32:43 UTC 2018: Updating status
Tue May 15 15:32:43 UTC 2018: Working
Tue May 15 15:32:43 UTC 2018: Create project parser
Tue May 15 15:32:46 UTC 2018: Start DongPoSu__Shiro test class org.apache.shiro.spring.remoting.SecureRemoteInvocationFactoryTest
Tue May 15 15:32:46 UTC 2018: Setting lastTestMethodIndex: 36633
Tue May 15 15:32:46 UTC 2018: Starting linking
Tue May 15 15:32:46 UTC 2018: No link for: org.apache.shiro.spring.remoting.SecureRemoteInvocationFactoryTest-testSessionManagerProxyNonStartRemoteInvocation
Tue May 15 15:32:46 UTC 2018: No link for: org.apache.shiro.spring.remoting.SecureRemoteInvocationFactoryTest-testSessionManagerProxyStartRemoteInvocation
Tue May 15 15:32:46 UTC 2018: Linking done for DongPoSu__Shiro test class org.apache.shiro.spring.remoting.SecureRemoteInvocationFactoryTest
Tue May 15 15:32:47 UTC 2018: Found element on the queue
Tue May 15 15:32:47 UTC 2018: Updating status
Tue May 15 15:32:47 UTC 2018: Working
Tue May 15 15:32:47 UTC 2018: Create project parser
Tue May 15 15:32:50 UTC 2018: Start DongPoSu__Shiro test class org.apache.shiro.web.filter.authc.AnonymousFilterTest
Tue May 15 15:32:50 UTC 2018: Setting lastTestMethodIndex: 36635
Tue May 15 15:32:50 UTC 2018: Starting linking
Tue May 15 15:32:50 UTC 2018: No link for: org.apache.shiro.web.filter.authc.AnonymousFilterTest-test
Tue May 15 15:32:50 UTC 2018: Linking done for DongPoSu__Shiro test class org.apache.shiro.web.filter.authc.AnonymousFilterTest
Tue May 15 15:32:51 UTC 2018: Found element on the queue
Tue May 15 15:32:51 UTC 2018: Updating status
Tue May 15 15:32:51 UTC 2018: Working
Tue May 15 15:32:53 UTC 2018: Start DongPoSu__Shiro test class org.apache.shiro.web.filter.mgt.SimpleNamedFilterListTest
Tue May 15 15:32:53 UTC 2018: Setting lastTestMethodIndex: 36637
Tue May 15 15:32:53 UTC 2018: Starting linking
Tue May 15 15:32:53 UTC 2018: No link for: org.apache.shiro.web.filter.mgt.SimpleNamedFilterListTest-testNewInstanceNameless
Tue May 15 15:32:53 UTC 2018: No link for: org.apache.shiro.web.filter.mgt.SimpleNamedFilterListTest-testNewInstanceBackingList
Tue May 15 15:32:53 UTC 2018: No link for: org.apache.shiro.web.filter.mgt.SimpleNamedFilterListTest-testNewInstance
Tue May 15 15:32:53 UTC 2018: No link for: org.apache.shiro.web.filter.mgt.SimpleNamedFilterListTest-testListMethods
Tue May 15 15:32:53 UTC 2018: No link for: org.apache.shiro.web.filter.mgt.SimpleNamedFilterListTest-testNewInstanceNullBackingList
Tue May 15 15:32:54 UTC 2018: Linking done for DongPoSu__Shiro test class org.apache.shiro.web.filter.mgt.SimpleNamedFilterListTest
Tue May 15 15:32:54 UTC 2018: Found element on the queue
Tue May 15 15:32:54 UTC 2018: Updating status
Tue May 15 15:32:54 UTC 2018: Working
Tue May 15 15:32:57 UTC 2018: Start DongPoSu__Shiro test class org.apache.shiro.web.filter.authz.HostFilterTest
Tue May 15 15:32:57 UTC 2018: Setting lastTestMethodIndex: 36639
Tue May 15 15:32:57 UTC 2018: Starting linking
Tue May 15 15:32:57 UTC 2018: No link for: org.apache.shiro.web.filter.authz.HostFilterTest-testPrivateClassC
Tue May 15 15:32:57 UTC 2018: No link for: org.apache.shiro.web.filter.authz.HostFilterTest-testPrivateClassB
Tue May 15 15:32:57 UTC 2018: Linking done for DongPoSu__Shiro test class org.apache.shiro.web.filter.authz.HostFilterTest
Tue May 15 15:32:57 UTC 2018: Found element on the queue
Tue May 15 15:32:57 UTC 2018: Updating status
Tue May 15 15:32:57 UTC 2018: Working
Tue May 15 15:33:00 UTC 2018: Start DongPoSu__Shiro test class org.apache.shiro.web.filter.authz.PortFilterTest
Tue May 15 15:33:00 UTC 2018: Setting lastTestMethodIndex: 36641
Tue May 15 15:33:00 UTC 2018: Starting linking
Tue May 15 15:33:00 UTC 2018: No link for: org.apache.shiro.web.filter.authz.PortFilterTest-testConfiguredPort
Tue May 15 15:33:00 UTC 2018: No link for: org.apache.shiro.web.filter.authz.PortFilterTest-testDefault
Tue May 15 15:33:00 UTC 2018: Linking done for DongPoSu__Shiro test class org.apache.shiro.web.filter.authz.PortFilterTest
