Tue May 15 14:05:06 UTC 2018: Database:jdbc:mysql://localhost:3306/unittests
Tue May 15 14:05:06 UTC 2018: Starting
Tue May 15 14:05:06 UTC 2018: Found element on the queue
Tue May 15 14:05:06 UTC 2018: Updating status
Tue May 15 14:05:06 UTC 2018: Working
Tue May 15 14:05:06 UTC 2018: Create project parser
Tue May 15 14:05:13 UTC 2018: Create slicer
Tue May 15 14:05:16 UTC 2018: Create call graph
Tue May 15 14:05:18 UTC 2018: Create point analysis
Tue May 15 14:05:18 UTC 2018: Create call graph done
Tue May 15 14:05:18 UTC 2018: Start daidong__DominoHBase test class org.apache.hadoop.hbase.TestKeyValue
Tue May 15 14:05:18 UTC 2018: Setting lastTestMethodIndex: 34818
Tue May 15 14:05:18 UTC 2018: Starting linking
Tue May 15 14:05:18 UTC 2018: Linking done for daidong__DominoHBase test class org.apache.hadoop.hbase.TestKeyValue
Tue May 15 14:05:18 UTC 2018: Found element on the queue
Tue May 15 14:05:18 UTC 2018: Updating status
Tue May 15 14:05:18 UTC 2018: Working
Tue May 15 14:05:21 UTC 2018: Start daidong__DominoHBase test class org.apache.hadoop.hbase.TestClassFinder
Tue May 15 14:05:21 UTC 2018: Setting lastTestMethodIndex: 34820
Tue May 15 14:05:21 UTC 2018: Starting linking
Tue May 15 14:05:21 UTC 2018: No link for: org.apache.hadoop.hbase.TestClassFinder-testClassFinderFiltersByPathInDirs
Tue May 15 14:05:21 UTC 2018: None match not added in database because it already exists
Tue May 15 14:05:21 UTC 2018: No link for: org.apache.hadoop.hbase.TestClassFinder-testClassFinderFiltersByClassInDirs
Tue May 15 14:05:21 UTC 2018: No link for: org.apache.hadoop.hbase.TestClassFinder-testClassFinderCanFindClassesInJars
Tue May 15 14:05:21 UTC 2018: None match not added in database because it already exists
Tue May 15 14:05:21 UTC 2018: No link for: org.apache.hadoop.hbase.TestClassFinder-testClassFinderCanFindClassesInDirs
Tue May 15 14:05:21 UTC 2018: No link for: org.apache.hadoop.hbase.TestClassFinder-testClassFinderHandlesNestedPackages
Tue May 15 14:05:21 UTC 2018: No link for: org.apache.hadoop.hbase.TestClassFinder-testClassFinderFiltersByPathInJar
Tue May 15 14:05:21 UTC 2018: No link for: org.apache.hadoop.hbase.TestClassFinder-testClassFinderFiltersByNameInJar
Tue May 15 14:05:21 UTC 2018: No link for: org.apache.hadoop.hbase.TestClassFinder-testClassFinderFiltersByClassInJar
Tue May 15 14:05:21 UTC 2018: No link for: org.apache.hadoop.hbase.TestClassFinder-testClassFinderDefaultsToOwnPackage
Tue May 15 14:05:21 UTC 2018: None match not added in database because it already exists
Tue May 15 14:05:21 UTC 2018: No link for: org.apache.hadoop.hbase.TestClassFinder-testClassFinderHandlesConflicts
Tue May 15 14:05:21 UTC 2018: None match not added in database because it already exists
Tue May 15 14:05:21 UTC 2018: No link for: org.apache.hadoop.hbase.TestClassFinder-testClassFinderFiltersByNameInDirs
Tue May 15 14:05:21 UTC 2018: Linking done for daidong__DominoHBase test class org.apache.hadoop.hbase.TestClassFinder
Tue May 15 14:05:22 UTC 2018: Found element on the queue
Tue May 15 14:05:22 UTC 2018: Updating status
Tue May 15 14:05:22 UTC 2018: Working
Tue May 15 14:05:24 UTC 2018: Start daidong__DominoHBase test class org.apache.hadoop.hbase.util.TestLoadTestKVGenerator
Tue May 15 14:05:24 UTC 2018: Setting lastTestMethodIndex: 34821
Tue May 15 14:05:24 UTC 2018: Starting linking
Tue May 15 14:05:24 UTC 2018: No link for: org.apache.hadoop.hbase.util.TestLoadTestKVGenerator-testVerification
Tue May 15 14:05:24 UTC 2018: None match not added in database because it already exists
Tue May 15 14:05:24 UTC 2018: No link for: org.apache.hadoop.hbase.util.TestLoadTestKVGenerator-testCorrectAndUniqueKeys
Tue May 15 14:05:24 UTC 2018: No link for: org.apache.hadoop.hbase.util.TestLoadTestKVGenerator-testValueLength
Tue May 15 14:05:24 UTC 2018: None match not added in database because it already exists
Tue May 15 14:05:24 UTC 2018: Linking done for daidong__DominoHBase test class org.apache.hadoop.hbase.util.TestLoadTestKVGenerator
Tue May 15 14:05:25 UTC 2018: Found element on the queue
Tue May 15 14:05:25 UTC 2018: Updating status
Tue May 15 14:05:25 UTC 2018: Working
Tue May 15 14:05:27 UTC 2018: Start daidong__DominoHBase test class org.apache.hadoop.hbase.util.TestThreads
Tue May 15 14:05:27 UTC 2018: Setting lastTestMethodIndex: 34823
Tue May 15 14:05:27 UTC 2018: Starting linking
Tue May 15 14:05:27 UTC 2018: Code found org.apache.hadoop.hbase.util.Threads-sleep with org.apache.hadoop.hbase.util.TestThreads-testSleepWithoutInterrupt
Tue May 15 14:05:27 UTC 2018: Linking done for daidong__DominoHBase test class org.apache.hadoop.hbase.util.TestThreads
Tue May 15 14:05:27 UTC 2018: Found element on the queue
Tue May 15 14:05:27 UTC 2018: Updating status
Tue May 15 14:05:27 UTC 2018: Working
Tue May 15 14:05:30 UTC 2018: Start daidong__DominoHBase test class org.apache.hadoop.hbase.util.TestBytes
Tue May 15 14:05:30 UTC 2018: Setting lastTestMethodIndex: 34825
Tue May 15 14:05:30 UTC 2018: Starting linking
Tue May 15 14:05:30 UTC 2018: Linking done for daidong__DominoHBase test class org.apache.hadoop.hbase.util.TestBytes
Tue May 15 14:05:30 UTC 2018: Found element on the queue
Tue May 15 14:05:30 UTC 2018: Updating status
Tue May 15 14:05:30 UTC 2018: Working
Tue May 15 14:05:33 UTC 2018: Start daidong__DominoHBase test class org.apache.hadoop.hbase.util.TestEnvironmentEdgeManager
Tue May 15 14:05:33 UTC 2018: Setting lastTestMethodIndex: 34827
Tue May 15 14:05:33 UTC 2018: Starting linking
Tue May 15 14:05:33 UTC 2018: No link for: org.apache.hadoop.hbase.util.TestEnvironmentEdgeManager-testCurrentTimeInMillis
Tue May 15 14:05:33 UTC 2018: No link for: org.apache.hadoop.hbase.util.TestEnvironmentEdgeManager-testManageSingleton
Tue May 15 14:05:33 UTC 2018: Linking done for daidong__DominoHBase test class org.apache.hadoop.hbase.util.TestEnvironmentEdgeManager
Tue May 15 14:05:33 UTC 2018: Found element on the queue
Tue May 15 14:05:33 UTC 2018: Updating status
Tue May 15 14:05:33 UTC 2018: Working
Tue May 15 14:05:36 UTC 2018: Start daidong__DominoHBase test class org.apache.hadoop.hbase.util.TestByteRange
Tue May 15 14:05:36 UTC 2018: Setting lastTestMethodIndex: 34829
Tue May 15 14:05:36 UTC 2018: Starting linking
Tue May 15 14:05:36 UTC 2018: Linking done for daidong__DominoHBase test class org.apache.hadoop.hbase.util.TestByteRange
Tue May 15 14:05:37 UTC 2018: Found element on the queue
Tue May 15 14:05:37 UTC 2018: Updating status
Tue May 15 14:05:37 UTC 2018: Working
Tue May 15 14:05:37 UTC 2018: Create project parser
Tue May 15 14:05:39 UTC 2018: Start daidong__DominoHBase test class org.apache.hadoop.hbase.rest.TestMetricsRESTSource
Tue May 15 14:05:39 UTC 2018: Setting lastTestMethodIndex: 34831
Tue May 15 14:05:39 UTC 2018: Starting linking
Tue May 15 14:05:39 UTC 2018: Code found org.apache.hadoop.hbase.CompatibilitySingletonFactory-getInstance with org.apache.hadoop.hbase.rest.TestMetricsRESTSource-testGetInstanceNoHadoopCompat
Tue May 15 14:05:39 UTC 2018: Linking done for daidong__DominoHBase test class org.apache.hadoop.hbase.rest.TestMetricsRESTSource
Tue May 15 14:05:40 UTC 2018: Found element on the queue
Tue May 15 14:05:40 UTC 2018: Updating status
Tue May 15 14:05:40 UTC 2018: Working
Tue May 15 14:05:42 UTC 2018: Start daidong__DominoHBase test class org.apache.hadoop.hbase.replication.regionserver.TestMetricsReplicationSourceFactory
Tue May 15 14:05:42 UTC 2018: Setting lastTestMethodIndex: 34832
Tue May 15 14:05:42 UTC 2018: Starting linking
Tue May 15 14:05:42 UTC 2018: Code found org.apache.hadoop.hbase.CompatibilitySingletonFactory-getInstance with org.apache.hadoop.hbase.replication.regionserver.TestMetricsReplicationSourceFactory-testGetInstanceNoHadoopCompat
Tue May 15 14:05:42 UTC 2018: Linking done for daidong__DominoHBase test class org.apache.hadoop.hbase.replication.regionserver.TestMetricsReplicationSourceFactory
Tue May 15 14:05:43 UTC 2018: Found element on the queue
Tue May 15 14:05:43 UTC 2018: Updating status
Tue May 15 14:05:43 UTC 2018: Working
Tue May 15 14:05:45 UTC 2018: Start daidong__DominoHBase test class org.apache.hadoop.hbase.regionserver.TestMetricsRegionServerSourceFactory
Tue May 15 14:05:45 UTC 2018: Setting lastTestMethodIndex: 34834
Tue May 15 14:05:45 UTC 2018: Starting linking
Tue May 15 14:05:45 UTC 2018: Code found org.apache.hadoop.hbase.CompatibilitySingletonFactory-getInstance with org.apache.hadoop.hbase.regionserver.TestMetricsRegionServerSourceFactory-testGetInstanceNoHadoopCompat
Tue May 15 14:05:45 UTC 2018: Linking done for daidong__DominoHBase test class org.apache.hadoop.hbase.regionserver.TestMetricsRegionServerSourceFactory
Tue May 15 14:05:46 UTC 2018: Found element on the queue
Tue May 15 14:05:46 UTC 2018: Updating status
Tue May 15 14:05:46 UTC 2018: Working
Tue May 15 14:05:48 UTC 2018: Start daidong__DominoHBase test class org.apache.hadoop.hbase.regionserver.wal.TestMetricsHLogSource
Tue May 15 14:05:48 UTC 2018: Setting lastTestMethodIndex: 34836
Tue May 15 14:05:48 UTC 2018: Starting linking
Tue May 15 14:05:48 UTC 2018: Code found org.apache.hadoop.hbase.CompatibilitySingletonFactory-getInstance with org.apache.hadoop.hbase.regionserver.wal.TestMetricsHLogSource-testGetInstanceNoHadoopCompat
Tue May 15 14:05:48 UTC 2018: Linking done for daidong__DominoHBase test class org.apache.hadoop.hbase.regionserver.wal.TestMetricsHLogSource
Tue May 15 14:05:49 UTC 2018: Found element on the queue
Tue May 15 14:05:49 UTC 2018: Updating status
Tue May 15 14:05:49 UTC 2018: Working
Tue May 15 14:05:51 UTC 2018: Start daidong__DominoHBase test class org.apache.hadoop.hbase.thrift.TestMetricsThriftServerSourceFactory
Tue May 15 14:05:51 UTC 2018: Setting lastTestMethodIndex: 34838
Tue May 15 14:05:51 UTC 2018: Starting linking
Tue May 15 14:05:51 UTC 2018: Code found org.apache.hadoop.hbase.CompatibilitySingletonFactory-getInstance with org.apache.hadoop.hbase.thrift.TestMetricsThriftServerSourceFactory-testGetInstanceNoHadoopCompat
Tue May 15 14:05:51 UTC 2018: Linking done for daidong__DominoHBase test class org.apache.hadoop.hbase.thrift.TestMetricsThriftServerSourceFactory
Tue May 15 14:05:52 UTC 2018: Found element on the queue
Tue May 15 14:05:52 UTC 2018: Updating status
Tue May 15 14:05:52 UTC 2018: Working
Tue May 15 14:05:54 UTC 2018: Start daidong__DominoHBase test class org.apache.hadoop.hbase.master.TestMetricsMasterSourceFactory
Tue May 15 14:05:54 UTC 2018: Setting lastTestMethodIndex: 34840
Tue May 15 14:05:54 UTC 2018: Starting linking
Tue May 15 14:05:54 UTC 2018: Code found org.apache.hadoop.hbase.CompatibilitySingletonFactory-getInstance with org.apache.hadoop.hbase.master.TestMetricsMasterSourceFactory-testGetInstanceNoHadoopCompat
Tue May 15 14:05:54 UTC 2018: Linking done for daidong__DominoHBase test class org.apache.hadoop.hbase.master.TestMetricsMasterSourceFactory
Tue May 15 14:05:55 UTC 2018: Found element on the queue
Tue May 15 14:05:55 UTC 2018: Updating status
Tue May 15 14:05:55 UTC 2018: Working
Tue May 15 14:05:55 UTC 2018: Create project parser
Tue May 15 14:05:58 UTC 2018: Start daidong__DominoHBase test class org.apache.hadoop.hbase.rest.TestRESTMetricsSourceImpl
Tue May 15 14:05:58 UTC 2018: Setting lastTestMethodIndex: 34842
Tue May 15 14:05:58 UTC 2018: Starting linking
Tue May 15 14:05:58 UTC 2018: No link for: org.apache.hadoop.hbase.rest.TestRESTMetricsSourceImpl-ensureCompatRegistered
Tue May 15 14:05:58 UTC 2018: Linking done for daidong__DominoHBase test class org.apache.hadoop.hbase.rest.TestRESTMetricsSourceImpl
Tue May 15 14:05:59 UTC 2018: Found element on the queue
Tue May 15 14:05:59 UTC 2018: Updating status
Tue May 15 14:05:59 UTC 2018: Working
Tue May 15 14:06:01 UTC 2018: Start daidong__DominoHBase test class org.apache.hadoop.hbase.replication.regionserver.TestReplicationMetricsSourceImpl
Tue May 15 14:06:01 UTC 2018: Setting lastTestMethodIndex: 34843
Tue May 15 14:06:01 UTC 2018: Starting linking
Tue May 15 14:06:01 UTC 2018: No link for: org.apache.hadoop.hbase.replication.regionserver.TestReplicationMetricsSourceImpl-testGetInstance
Tue May 15 14:06:01 UTC 2018: Linking done for daidong__DominoHBase test class org.apache.hadoop.hbase.replication.regionserver.TestReplicationMetricsSourceImpl
Tue May 15 14:06:02 UTC 2018: Found element on the queue
Tue May 15 14:06:02 UTC 2018: Updating status
Tue May 15 14:06:02 UTC 2018: Working
Tue May 15 14:06:04 UTC 2018: Start daidong__DominoHBase test class org.apache.hadoop.hbase.thrift.TestThriftServerMetricsSourceFactoryImpl
Tue May 15 14:06:04 UTC 2018: Setting lastTestMethodIndex: 34845
Tue May 15 14:06:04 UTC 2018: Starting linking
Tue May 15 14:06:04 UTC 2018: Code found org.apache.hadoop.hbase.thrift.MetricsThriftServerSourceFactoryImpl-createThriftOneSource with org.apache.hadoop.hbase.thrift.TestThriftServerMetricsSourceFactoryImpl-testCreateThriftOneSource
Tue May 15 14:06:04 UTC 2018: Code found org.apache.hadoop.hbase.thrift.MetricsThriftServerSourceFactoryImpl-createThriftTwoSource with org.apache.hadoop.hbase.thrift.TestThriftServerMetricsSourceFactoryImpl-testCreateThriftTwoSource
Tue May 15 14:06:04 UTC 2018: No link for: org.apache.hadoop.hbase.thrift.TestThriftServerMetricsSourceFactoryImpl-testCompatabilityRegistered
Tue May 15 14:06:04 UTC 2018: Linking done for daidong__DominoHBase test class org.apache.hadoop.hbase.thrift.TestThriftServerMetricsSourceFactoryImpl
Tue May 15 14:06:05 UTC 2018: Found element on the queue
Tue May 15 14:06:05 UTC 2018: Updating status
Tue May 15 14:06:05 UTC 2018: Working
Tue May 15 14:06:05 UTC 2018: Create project parser
Tue May 15 14:06:08 UTC 2018: Start daidong__DominoHBase test class org.apache.hadoop.hbase.rest.TestMetricsRESTSourceImpl
Tue May 15 14:06:08 UTC 2018: Setting lastTestMethodIndex: 34847
Tue May 15 14:06:08 UTC 2018: Starting linking
Tue May 15 14:06:08 UTC 2018: No link for: org.apache.hadoop.hbase.rest.TestMetricsRESTSourceImpl-ensureCompatRegistered
Tue May 15 14:06:08 UTC 2018: Linking done for daidong__DominoHBase test class org.apache.hadoop.hbase.rest.TestMetricsRESTSourceImpl
Tue May 15 14:06:08 UTC 2018: Found element on the queue
Tue May 15 14:06:08 UTC 2018: Updating status
Tue May 15 14:06:08 UTC 2018: Working
Tue May 15 14:06:11 UTC 2018: Start daidong__DominoHBase test class org.apache.hadoop.hbase.replication.regionserver.TestMetricsReplicationSourceImpl
Tue May 15 14:06:11 UTC 2018: Setting lastTestMethodIndex: 34849
Tue May 15 14:06:11 UTC 2018: Starting linking
Tue May 15 14:06:11 UTC 2018: No link for: org.apache.hadoop.hbase.replication.regionserver.TestMetricsReplicationSourceImpl-testGetInstance
Tue May 15 14:06:11 UTC 2018: Linking done for daidong__DominoHBase test class org.apache.hadoop.hbase.replication.regionserver.TestMetricsReplicationSourceImpl
Tue May 15 14:06:11 UTC 2018: Found element on the queue
Tue May 15 14:06:11 UTC 2018: Updating status
Tue May 15 14:06:11 UTC 2018: Working
Tue May 15 14:06:14 UTC 2018: Start daidong__DominoHBase test class org.apache.hadoop.hbase.thrift.TestMetricsThriftServerSourceFactoryImpl
Tue May 15 14:06:14 UTC 2018: Setting lastTestMethodIndex: 34851
Tue May 15 14:06:14 UTC 2018: Starting linking
Tue May 15 14:06:14 UTC 2018: Code found org.apache.hadoop.hbase.thrift.MetricsThriftServerSourceFactoryImpl-createThriftOneSource with org.apache.hadoop.hbase.thrift.TestMetricsThriftServerSourceFactoryImpl-testCreateThriftOneSource
Tue May 15 14:06:14 UTC 2018: Match not added in database because it already exists
Tue May 15 14:06:14 UTC 2018: Code found org.apache.hadoop.hbase.thrift.MetricsThriftServerSourceFactoryImpl-createThriftTwoSource with org.apache.hadoop.hbase.thrift.TestMetricsThriftServerSourceFactoryImpl-testCreateThriftTwoSource
Tue May 15 14:06:14 UTC 2018: Match not added in database because it already exists
Tue May 15 14:06:14 UTC 2018: No link for: org.apache.hadoop.hbase.thrift.TestMetricsThriftServerSourceFactoryImpl-testCompatabilityRegistered
Tue May 15 14:06:14 UTC 2018: Linking done for daidong__DominoHBase test class org.apache.hadoop.hbase.thrift.TestMetricsThriftServerSourceFactoryImpl
