Wed May 16 04:57:21 UTC 2018: Database:jdbc:mysql://localhost:3306/unittests
Wed May 16 04:57:21 UTC 2018: Starting
Wed May 16 04:57:22 UTC 2018: Found element on the queue
Wed May 16 04:57:22 UTC 2018: Updating status
Wed May 16 04:57:22 UTC 2018: Working
Wed May 16 04:57:22 UTC 2018: Create project parser
Wed May 16 04:57:26 UTC 2018: Create slicer
Wed May 16 04:57:32 UTC 2018: Create call graph
Wed May 16 04:57:37 UTC 2018: Create point analysis
Wed May 16 04:57:37 UTC 2018: Create call graph done
Wed May 16 04:57:37 UTC 2018: Start mahevpm__Mahendran_Jenkins test class hudson.cli.PrivateKeyProviderTest
Wed May 16 04:57:37 UTC 2018: Setting lastTestMethodIndex: 62439
Wed May 16 04:57:37 UTC 2018: Starting linking
Wed May 16 04:57:37 UTC 2018: No link for: hudson.cli.PrivateKeyProviderTest-specifyKeysExplicitly
Wed May 16 04:57:38 UTC 2018: None match not added in database because it already exists
Wed May 16 04:57:38 UTC 2018: No link for: hudson.cli.PrivateKeyProviderTest-useDefaultKeyLocations
Wed May 16 04:57:38 UTC 2018: None match not added in database because it already exists
Wed May 16 04:57:38 UTC 2018: Linking done for mahevpm__Mahendran_Jenkins test class hudson.cli.PrivateKeyProviderTest
Wed May 16 04:57:38 UTC 2018: Found element on the queue
Wed May 16 04:57:38 UTC 2018: Updating status
Wed May 16 04:57:38 UTC 2018: Working
Wed May 16 04:57:41 UTC 2018: Start mahevpm__Mahendran_Jenkins test class hudson.cli.ConnectionTest
Wed May 16 04:57:41 UTC 2018: Setting lastTestMethodIndex: 62441
Wed May 16 04:57:41 UTC 2018: Starting linking
Wed May 16 04:57:41 UTC 2018: No link for: hudson.cli.ConnectionTest-testSecurity218
Wed May 16 04:57:41 UTC 2018: None match not added in database because it already exists
Wed May 16 04:57:41 UTC 2018: No link for: hudson.cli.ConnectionTest-testEncrypt
Wed May 16 04:57:42 UTC 2018: None match not added in database because it already exists
Wed May 16 04:57:42 UTC 2018: Linking done for mahevpm__Mahendran_Jenkins test class hudson.cli.ConnectionTest
Wed May 16 04:57:42 UTC 2018: Found element on the queue
Wed May 16 04:57:42 UTC 2018: Updating status
Wed May 16 04:57:42 UTC 2018: Working
Wed May 16 04:57:44 UTC 2018: Start mahevpm__Mahendran_Jenkins test class hudson.cli.ConnectionMockTest
Wed May 16 04:57:44 UTC 2018: Setting lastTestMethodIndex: 62443
Wed May 16 04:57:44 UTC 2018: Starting linking
Wed May 16 04:57:45 UTC 2018: No link for: hudson.cli.ConnectionMockTest-shouldTolerateEmptyByteArrayUponStreamZeroValue
Wed May 16 04:57:45 UTC 2018: None match not added in database because it already exists
Wed May 16 04:57:45 UTC 2018: Linking done for mahevpm__Mahendran_Jenkins test class hudson.cli.ConnectionMockTest
Wed May 16 04:57:45 UTC 2018: Found element on the queue
Wed May 16 04:57:45 UTC 2018: Updating status
Wed May 16 04:57:45 UTC 2018: Working
Wed May 16 04:57:45 UTC 2018: Create project parser
Wed May 16 04:58:04 UTC 2018: Start mahevpm__Mahendran_Jenkins test class jenkins.xml.XMLUtilsTest
Wed May 16 04:58:04 UTC 2018: Setting lastTestMethodIndex: 62451
Wed May 16 04:58:04 UTC 2018: Starting linking
Wed May 16 04:58:04 UTC 2018: Code found jenkins.util.xml.XMLUtils-safeTransform with jenkins.xml.XMLUtilsTest-testSafeTransformDoesNotProcessForeignResources
Wed May 16 04:58:04 UTC 2018: Match not added in database because it already exists
Wed May 16 04:58:04 UTC 2018: No link for: jenkins.xml.XMLUtilsTest-testUpdateByXmlIDoesNotFail
Wed May 16 04:58:05 UTC 2018: None match not added in database because it already exists
Wed May 16 04:58:05 UTC 2018: Linking done for mahevpm__Mahendran_Jenkins test class jenkins.xml.XMLUtilsTest
Wed May 16 04:58:05 UTC 2018: Found element on the queue
Wed May 16 04:58:05 UTC 2018: Updating status
Wed May 16 04:58:05 UTC 2018: Working
Wed May 16 04:58:07 UTC 2018: Start mahevpm__Mahendran_Jenkins test class jenkins.ResilientJsonObjectTest
Wed May 16 04:58:07 UTC 2018: Setting lastTestMethodIndex: 62453
Wed May 16 04:58:07 UTC 2018: Starting linking
Wed May 16 04:58:07 UTC 2018: Linking done for mahevpm__Mahendran_Jenkins test class jenkins.ResilientJsonObjectTest
Wed May 16 04:58:08 UTC 2018: Found element on the queue
Wed May 16 04:58:08 UTC 2018: Updating status
Wed May 16 04:58:08 UTC 2018: Working
Wed May 16 04:58:10 UTC 2018: Start mahevpm__Mahendran_Jenkins test class jenkins.model.CoreEnvironmentContributorTest
Wed May 16 04:58:10 UTC 2018: Setting lastTestMethodIndex: 62455
Wed May 16 04:58:10 UTC 2018: Starting linking
Wed May 16 04:58:10 UTC 2018: Code found jenkins.model.CoreEnvironmentContributor-buildEnvironmentFor with jenkins.model.CoreEnvironmentContributorTest-buildEnvironmentForJobShouldntUseCurrentComputer
Wed May 16 04:58:11 UTC 2018: Match not added in database because it already exists
Wed May 16 04:58:11 UTC 2018: Linking done for mahevpm__Mahendran_Jenkins test class jenkins.model.CoreEnvironmentContributorTest
Wed May 16 04:58:11 UTC 2018: Found element on the queue
Wed May 16 04:58:11 UTC 2018: Updating status
Wed May 16 04:58:11 UTC 2018: Working
Wed May 16 04:58:13 UTC 2018: Start mahevpm__Mahendran_Jenkins test class jenkins.model.RunIdMigratorTest
Wed May 16 04:58:13 UTC 2018: Setting lastTestMethodIndex: 62457
Wed May 16 04:58:13 UTC 2018: Starting linking
Wed May 16 04:58:13 UTC 2018: Code found jenkins.model.RunIdMigrator-move with jenkins.model.RunIdMigratorTest-move
Wed May 16 04:58:14 UTC 2018: Match not added in database because it already exists
Wed May 16 04:58:14 UTC 2018: No link for: jenkins.model.RunIdMigratorTest-newJob
Wed May 16 04:58:14 UTC 2018: None match not added in database because it already exists
Wed May 16 04:58:14 UTC 2018: No link for: jenkins.model.RunIdMigratorTest-legacy
Wed May 16 04:58:15 UTC 2018: None match not added in database because it already exists
Wed May 16 04:58:15 UTC 2018: No link for: jenkins.model.RunIdMigratorTest-reverseAfterNewBuilds
Wed May 16 04:58:15 UTC 2018: None match not added in database because it already exists
Wed May 16 04:58:15 UTC 2018: No link for: jenkins.model.RunIdMigratorTest-reRunMigration
Wed May 16 04:58:15 UTC 2018: None match not added in database because it already exists
Wed May 16 04:58:15 UTC 2018: No link for: jenkins.model.RunIdMigratorTest-reverseMavenAfterNewBuilds
Wed May 16 04:58:16 UTC 2018: None match not added in database because it already exists
Wed May 16 04:58:16 UTC 2018: No link for: jenkins.model.RunIdMigratorTest-reverseImmediately
Wed May 16 04:58:16 UTC 2018: None match not added in database because it already exists
Wed May 16 04:58:16 UTC 2018: No link for: jenkins.model.RunIdMigratorTest-reverseMatrixAfterNewBuilds
Wed May 16 04:58:16 UTC 2018: None match not added in database because it already exists
Wed May 16 04:58:16 UTC 2018: Linking done for mahevpm__Mahendran_Jenkins test class jenkins.model.RunIdMigratorTest
Wed May 16 04:58:17 UTC 2018: Found element on the queue
Wed May 16 04:58:17 UTC 2018: Updating status
Wed May 16 04:58:17 UTC 2018: Working
Wed May 16 04:58:19 UTC 2018: Start mahevpm__Mahendran_Jenkins test class jenkins.model.JenkinsGetRootUrlTest
Wed May 16 04:58:19 UTC 2018: Setting lastTestMethodIndex: 62461
Wed May 16 04:58:19 UTC 2018: Starting linking
Wed May 16 04:58:19 UTC 2018: No link for: jenkins.model.JenkinsGetRootUrlTest-getConfiguredRootUrl
Wed May 16 04:58:20 UTC 2018: None match not added in database because it already exists
Wed May 16 04:58:20 UTC 2018: No link for: jenkins.model.JenkinsGetRootUrlTest-getAccessedRootUrl
Wed May 16 04:58:20 UTC 2018: None match not added in database because it already exists
Wed May 16 04:58:20 UTC 2018: No link for: jenkins.model.JenkinsGetRootUrlTest-doNotInheritProtocolWhenDispatchingRequest2
Wed May 16 04:58:20 UTC 2018: None match not added in database because it already exists
Wed May 16 04:58:20 UTC 2018: No link for: jenkins.model.JenkinsGetRootUrlTest-preferConfiguredOverAccessed
Wed May 16 04:58:21 UTC 2018: None match not added in database because it already exists
Wed May 16 04:58:21 UTC 2018: No link for: jenkins.model.JenkinsGetRootUrlTest-doNotInheritProtocolWhenDispatchingRequest
Wed May 16 04:58:21 UTC 2018: None match not added in database because it already exists
Wed May 16 04:58:21 UTC 2018: No link for: jenkins.model.JenkinsGetRootUrlTest-useForwardedProtoWhenPresent
Wed May 16 04:58:22 UTC 2018: None match not added in database because it already exists
Wed May 16 04:58:22 UTC 2018: Linking done for mahevpm__Mahendran_Jenkins test class jenkins.model.JenkinsGetRootUrlTest
Wed May 16 04:58:22 UTC 2018: Found element on the queue
Wed May 16 04:58:22 UTC 2018: Updating status
Wed May 16 04:58:22 UTC 2018: Working
Wed May 16 04:58:24 UTC 2018: Start mahevpm__Mahendran_Jenkins test class jenkins.model.lazy.SortedIntListTest
Wed May 16 04:58:24 UTC 2018: Setting lastTestMethodIndex: 62462
Wed May 16 04:58:24 UTC 2018: Starting linking
Wed May 16 04:58:24 UTC 2018: Code found jenkins.model.lazy.SortedIntList-ceil with jenkins.model.lazy.SortedIntListTest-ceil
Wed May 16 04:58:25 UTC 2018: Match not added in database because it already exists
Wed May 16 04:58:25 UTC 2018: Code found jenkins.model.lazy.SortedIntList-lower with jenkins.model.lazy.SortedIntListTest-testLower
Wed May 16 04:58:25 UTC 2018: Match not added in database because it already exists
Wed May 16 04:58:25 UTC 2018: Linking done for mahevpm__Mahendran_Jenkins test class jenkins.model.lazy.SortedIntListTest
Wed May 16 04:58:25 UTC 2018: Found element on the queue
Wed May 16 04:58:25 UTC 2018: Updating status
Wed May 16 04:58:25 UTC 2018: Working
Wed May 16 04:58:28 UTC 2018: Start mahevpm__Mahendran_Jenkins test class jenkins.model.lazy.SortedListTest
Wed May 16 04:58:28 UTC 2018: Setting lastTestMethodIndex: 62464
Wed May 16 04:58:28 UTC 2018: Starting linking
Wed May 16 04:58:28 UTC 2018: Code found jenkins.model.lazy.SortedList-floor with jenkins.model.lazy.SortedListTest-testFloor
Wed May 16 04:58:28 UTC 2018: Match not added in database because it already exists
Wed May 16 04:58:28 UTC 2018: Code found jenkins.model.lazy.SortedList-remove with jenkins.model.lazy.SortedListTest-remove
Wed May 16 04:58:29 UTC 2018: Match not added in database because it already exists
Wed May 16 04:58:29 UTC 2018: Code found jenkins.model.lazy.SortedList-ceil with jenkins.model.lazy.SortedListTest-testCeil
Wed May 16 04:58:29 UTC 2018: Match not added in database because it already exists
Wed May 16 04:58:29 UTC 2018: Code found jenkins.model.lazy.SortedList-higher with jenkins.model.lazy.SortedListTest-testHigher
Wed May 16 04:58:29 UTC 2018: Match not added in database because it already exists
Wed May 16 04:58:29 UTC 2018: Code found jenkins.model.lazy.SortedList-lower with jenkins.model.lazy.SortedListTest-testLower
Wed May 16 04:58:30 UTC 2018: Match not added in database because it already exists
Wed May 16 04:58:30 UTC 2018: No link for: jenkins.model.lazy.SortedListTest-testRange
Wed May 16 04:58:30 UTC 2018: None match not added in database because it already exists
Wed May 16 04:58:30 UTC 2018: No link for: jenkins.model.lazy.SortedListTest-testClone
Wed May 16 04:58:30 UTC 2018: None match not added in database because it already exists
Wed May 16 04:58:30 UTC 2018: Linking done for mahevpm__Mahendran_Jenkins test class jenkins.model.lazy.SortedListTest
Wed May 16 04:58:31 UTC 2018: Found element on the queue
Wed May 16 04:58:31 UTC 2018: Updating status
Wed May 16 04:58:31 UTC 2018: Working
Wed May 16 04:58:33 UTC 2018: Start mahevpm__Mahendran_Jenkins test class jenkins.model.JDKNameTest
Wed May 16 04:58:33 UTC 2018: Setting lastTestMethodIndex: 62466
Wed May 16 04:58:33 UTC 2018: Starting linking
Wed May 16 04:58:33 UTC 2018: Code found hudson.model.JDK-isDefaultName with jenkins.model.JDKNameTest-nullIsDefaultName
Wed May 16 04:58:33 UTC 2018: Match not added in database because it already exists
Wed May 16 04:58:33 UTC 2018: No link for: jenkins.model.JDKNameTest-othernameNotDefault
Wed May 16 04:58:34 UTC 2018: None match not added in database because it already exists
Wed May 16 04:58:34 UTC 2018: No link for: jenkins.model.JDKNameTest-recognizeDefaultName
Wed May 16 04:58:34 UTC 2018: None match not added in database because it already exists
Wed May 16 04:58:34 UTC 2018: No link for: jenkins.model.JDKNameTest-recognizeOldDefaultName
Wed May 16 04:58:35 UTC 2018: None match not added in database because it already exists
Wed May 16 04:58:35 UTC 2018: Linking done for mahevpm__Mahendran_Jenkins test class jenkins.model.JDKNameTest
Wed May 16 04:58:35 UTC 2018: Found element on the queue
Wed May 16 04:58:35 UTC 2018: Updating status
Wed May 16 04:58:35 UTC 2018: Working
Wed May 16 04:58:37 UTC 2018: Start mahevpm__Mahendran_Jenkins test class jenkins.model.PeepholePermalinkTest
Wed May 16 04:58:37 UTC 2018: Setting lastTestMethodIndex: 62467
Wed May 16 04:58:37 UTC 2018: Starting linking
Wed May 16 04:58:37 UTC 2018: No link for: jenkins.model.PeepholePermalinkTest-symlinks
Wed May 16 04:58:38 UTC 2018: None match not added in database because it already exists
Wed May 16 04:58:38 UTC 2018: Linking done for mahevpm__Mahendran_Jenkins test class jenkins.model.PeepholePermalinkTest
Wed May 16 04:58:38 UTC 2018: Found element on the queue
Wed May 16 04:58:38 UTC 2018: Updating status
Wed May 16 04:58:38 UTC 2018: Working
Wed May 16 04:58:40 UTC 2018: Start mahevpm__Mahendran_Jenkins test class jenkins.util.MarkFindingOutputStreamTest
Wed May 16 04:58:40 UTC 2018: Setting lastTestMethodIndex: 62468
Wed May 16 04:58:40 UTC 2018: Starting linking
Wed May 16 04:58:40 UTC 2018: No code found jenkins.util.MarkFindingOutputStreamTest$MarkCountingOutputStream-close with jenkins.util.MarkFindingOutputStreamTest-closeInTheMiddle
Wed May 16 04:58:41 UTC 2018: No link for: jenkins.util.MarkFindingOutputStreamTest-writeOneHoldOff
Wed May 16 04:58:41 UTC 2018: None match not added in database because it already exists
Wed May 16 04:58:41 UTC 2018: No link for: jenkins.util.MarkFindingOutputStreamTest-partialMatchTurnsOutToBeWrongIn2ndWrite
Wed May 16 04:58:41 UTC 2018: None match not added in database because it already exists
Wed May 16 04:58:41 UTC 2018: No link for: jenkins.util.MarkFindingOutputStreamTest-oneByOne
Wed May 16 04:58:42 UTC 2018: None match not added in database because it already exists
Wed May 16 04:58:42 UTC 2018: No link for: jenkins.util.MarkFindingOutputStreamTest-findTwice
Wed May 16 04:58:42 UTC 2018: None match not added in database because it already exists
Wed May 16 04:58:42 UTC 2018: Linking done for mahevpm__Mahendran_Jenkins test class jenkins.util.MarkFindingOutputStreamTest
Wed May 16 04:58:42 UTC 2018: Found element on the queue
Wed May 16 04:58:42 UTC 2018: Updating status
Wed May 16 04:58:42 UTC 2018: Working
Wed May 16 04:58:45 UTC 2018: Start mahevpm__Mahendran_Jenkins test class jenkins.util.TimerTest
Wed May 16 04:58:45 UTC 2018: Setting lastTestMethodIndex: 62469
Wed May 16 04:58:45 UTC 2018: Starting linking
Wed May 16 04:58:45 UTC 2018: No link for: jenkins.util.TimerTest-timersArentBlocked
Wed May 16 04:58:46 UTC 2018: None match not added in database because it already exists
Wed May 16 04:58:46 UTC 2018: Linking done for mahevpm__Mahendran_Jenkins test class jenkins.util.TimerTest
Wed May 16 04:58:46 UTC 2018: Found element on the queue
Wed May 16 04:58:46 UTC 2018: Updating status
Wed May 16 04:58:46 UTC 2018: Working
Wed May 16 04:58:48 UTC 2018: Start mahevpm__Mahendran_Jenkins test class jenkins.util.xstream.XStreamDOMTest
Wed May 16 04:58:48 UTC 2018: Setting lastTestMethodIndex: 62471
Wed May 16 04:58:48 UTC 2018: Starting linking
Wed May 16 04:58:48 UTC 2018: Linking done for mahevpm__Mahendran_Jenkins test class jenkins.util.xstream.XStreamDOMTest
Wed May 16 04:58:49 UTC 2018: Found element on the queue
Wed May 16 04:58:49 UTC 2018: Updating status
Wed May 16 04:58:49 UTC 2018: Working
Wed May 16 04:58:51 UTC 2018: Start mahevpm__Mahendran_Jenkins test class jenkins.util.TreeStringBuilderTest
Wed May 16 04:58:51 UTC 2018: Setting lastTestMethodIndex: 62472
Wed May 16 04:58:51 UTC 2018: Starting linking
Wed May 16 04:58:51 UTC 2018: No link for: jenkins.util.TreeStringBuilderTest-testRandom
Wed May 16 04:58:52 UTC 2018: None match not added in database because it already exists
Wed May 16 04:58:52 UTC 2018: No link for: jenkins.util.TreeStringBuilderTest-test
Wed May 16 04:58:52 UTC 2018: None match not added in database because it already exists
Wed May 16 04:58:52 UTC 2018: Linking done for mahevpm__Mahendran_Jenkins test class jenkins.util.TreeStringBuilderTest
Wed May 16 04:58:52 UTC 2018: Found element on the queue
Wed May 16 04:58:52 UTC 2018: Updating status
Wed May 16 04:58:52 UTC 2018: Working
Wed May 16 04:58:55 UTC 2018: Start mahevpm__Mahendran_Jenkins test class jenkins.util.VirtualFileTest
Wed May 16 04:58:55 UTC 2018: Setting lastTestMethodIndex: 62473
Wed May 16 04:58:55 UTC 2018: Starting linking
Wed May 16 04:58:55 UTC 2018: No link for: jenkins.util.VirtualFileTest-outsideSymlinks
Wed May 16 04:58:55 UTC 2018: None match not added in database because it already exists
Wed May 16 04:58:55 UTC 2018: Linking done for mahevpm__Mahendran_Jenkins test class jenkins.util.VirtualFileTest
Wed May 16 04:58:56 UTC 2018: Found element on the queue
Wed May 16 04:58:56 UTC 2018: Updating status
Wed May 16 04:58:56 UTC 2018: Working
Wed May 16 04:58:58 UTC 2018: Start mahevpm__Mahendran_Jenkins test class hudson.slaves.NodeListTest
Wed May 16 04:58:58 UTC 2018: Setting lastTestMethodIndex: 62474
Wed May 16 04:58:58 UTC 2018: Starting linking
Wed May 16 04:58:58 UTC 2018: Linking done for mahevpm__Mahendran_Jenkins test class hudson.slaves.NodeListTest
Wed May 16 04:58:59 UTC 2018: Found element on the queue
Wed May 16 04:58:59 UTC 2018: Updating status
Wed May 16 04:58:59 UTC 2018: Working
Wed May 16 04:59:01 UTC 2018: Start mahevpm__Mahendran_Jenkins test class hudson.slaves.ComputerLauncherTest
Wed May 16 04:59:01 UTC 2018: Setting lastTestMethodIndex: 62475
Wed May 16 04:59:01 UTC 2018: Starting linking
Wed May 16 04:59:01 UTC 2018: No link for: hudson.slaves.ComputerLauncherTest-j2sdk4
Wed May 16 04:59:02 UTC 2018: None match not added in database because it already exists
Wed May 16 04:59:02 UTC 2018: No link for: hudson.slaves.ComputerLauncherTest-jdk6
Wed May 16 04:59:02 UTC 2018: None match not added in database because it already exists
Wed May 16 04:59:02 UTC 2018: No link for: hudson.slaves.ComputerLauncherTest-jdk10
Wed May 16 04:59:02 UTC 2018: None match not added in database because it already exists
Wed May 16 04:59:02 UTC 2018: No link for: hudson.slaves.ComputerLauncherTest-jdk7
Wed May 16 04:59:03 UTC 2018: None match not added in database because it already exists
Wed May 16 04:59:03 UTC 2018: No link for: hudson.slaves.ComputerLauncherTest-openJDK7
Wed May 16 04:59:03 UTC 2018: None match not added in database because it already exists
Wed May 16 04:59:03 UTC 2018: No link for: hudson.slaves.ComputerLauncherTest-jdk5
Wed May 16 04:59:03 UTC 2018: None match not added in database because it already exists
Wed May 16 04:59:03 UTC 2018: Linking done for mahevpm__Mahendran_Jenkins test class hudson.slaves.ComputerLauncherTest
Wed May 16 04:59:04 UTC 2018: Found element on the queue
Wed May 16 04:59:04 UTC 2018: Updating status
Wed May 16 04:59:04 UTC 2018: Working
Wed May 16 04:59:06 UTC 2018: Start mahevpm__Mahendran_Jenkins test class hudson.tasks._maven.Maven3MojoNoteTest
Wed May 16 04:59:06 UTC 2018: Setting lastTestMethodIndex: 62476
Wed May 16 04:59:06 UTC 2018: Starting linking
Wed May 16 04:59:06 UTC 2018: No link for: hudson.tasks._maven.Maven3MojoNoteTest-testAnnotateMavenPlugin
Wed May 16 04:59:07 UTC 2018: None match not added in database because it already exists
Wed May 16 04:59:07 UTC 2018: No link for: hudson.tasks._maven.Maven3MojoNoteTest-testAnnotateOtherPlugin
Wed May 16 04:59:07 UTC 2018: None match not added in database because it already exists
Wed May 16 04:59:07 UTC 2018: No link for: hudson.tasks._maven.Maven3MojoNoteTest-testAnnotateCodehausPlugin
Wed May 16 04:59:07 UTC 2018: None match not added in database because it already exists
Wed May 16 04:59:07 UTC 2018: Linking done for mahevpm__Mahendran_Jenkins test class hudson.tasks._maven.Maven3MojoNoteTest
Wed May 16 04:59:08 UTC 2018: Found element on the queue
Wed May 16 04:59:08 UTC 2018: Updating status
Wed May 16 04:59:08 UTC 2018: Working
Wed May 16 04:59:10 UTC 2018: Start mahevpm__Mahendran_Jenkins test class hudson.MarkupTextTest
Wed May 16 04:59:10 UTC 2018: Setting lastTestMethodIndex: 62478
Wed May 16 04:59:10 UTC 2018: Starting linking
Wed May 16 04:59:10 UTC 2018: No code found hudson.MarkupText$SubText-findTokens with hudson.MarkupTextTest-findTokensOnSubText
Wed May 16 04:59:11 UTC 2018: Code found hudson.MarkupText$SubText-subText with hudson.MarkupTextTest-subTextSubText
Wed May 16 04:59:11 UTC 2018: Match not added in database because it already exists
Wed May 16 04:59:11 UTC 2018: No link for: hudson.MarkupTextTest-adjacent
Wed May 16 04:59:11 UTC 2018: None match not added in database because it already exists
Wed May 16 04:59:11 UTC 2018: No link for: hudson.MarkupTextTest-test1
Wed May 16 04:59:12 UTC 2018: None match not added in database because it already exists
Wed May 16 04:59:12 UTC 2018: No link for: hudson.MarkupTextTest-literalTextSurround
Wed May 16 04:59:12 UTC 2018: None match not added in database because it already exists
Wed May 16 04:59:12 UTC 2018: No link for: hudson.MarkupTextTest-escape
Wed May 16 04:59:12 UTC 2018: None match not added in database because it already exists
Wed May 16 04:59:12 UTC 2018: No link for: hudson.MarkupTextTest-preEscape
Wed May 16 04:59:13 UTC 2018: None match not added in database because it already exists
Wed May 16 04:59:13 UTC 2018: No link for: hudson.MarkupTextTest-boundary
Wed May 16 04:59:13 UTC 2018: None match not added in database because it already exists
Wed May 16 04:59:13 UTC 2018: Linking done for mahevpm__Mahendran_Jenkins test class hudson.MarkupTextTest
Wed May 16 04:59:14 UTC 2018: Found element on the queue
Wed May 16 04:59:14 UTC 2018: Updating status
Wed May 16 04:59:14 UTC 2018: Working
Wed May 16 04:59:16 UTC 2018: Start mahevpm__Mahendran_Jenkins test class hudson.triggers.TimerTriggerTest
Wed May 16 04:59:16 UTC 2018: Setting lastTestMethodIndex: 62480
Wed May 16 04:59:16 UTC 2018: Starting linking
Wed May 16 04:59:16 UTC 2018: No link for: hudson.triggers.TimerTriggerTest-testNoNPE
Wed May 16 04:59:16 UTC 2018: None match not added in database because it already exists
Wed May 16 04:59:16 UTC 2018: Linking done for mahevpm__Mahendran_Jenkins test class hudson.triggers.TimerTriggerTest
Wed May 16 04:59:17 UTC 2018: Found element on the queue
Wed May 16 04:59:17 UTC 2018: Updating status
Wed May 16 04:59:17 UTC 2018: Working
Wed May 16 04:59:19 UTC 2018: Start mahevpm__Mahendran_Jenkins test class hudson.FunctionsTest
Wed May 16 04:59:19 UTC 2018: Setting lastTestMethodIndex: 62482
Wed May 16 04:59:19 UTC 2018: Starting linking
Wed May 16 04:59:19 UTC 2018: No code found hudson.Functions-getRelativeLinkTo with hudson.FunctionsTest-testGetRelativeLinkTo_JobContainedInView
Wed May 16 04:59:19 UTC 2018: No code found hudson.Functions-getActionUrl with hudson.FunctionsTest-testGetActionUrl_absolutePath
Wed May 16 04:59:20 UTC 2018: No code found hudson.Functions-getActionUrl with hudson.FunctionsTest-testGetActionUrl_absoluteUriWithoutAuthority
Wed May 16 04:59:20 UTC 2018: No code found hudson.Functions-printLogRecordHtml with hudson.FunctionsTest-printLogRecordHtml
Wed May 16 04:59:21 UTC 2018: No code found hudson.Functions-getRelativeLinkTo with hudson.FunctionsTest-getRelativeLinkTo_MavenModules
Wed May 16 04:59:21 UTC 2018: No code found hudson.Functions-getActionUrl with hudson.FunctionsTest-testGetActionUrl_relativePath
Wed May 16 04:59:21 UTC 2018: No code found hudson.Functions-getActionUrl with hudson.FunctionsTest-testGetActionUrl_absoluteUriWithAuthority
Wed May 16 04:59:22 UTC 2018: No code found hudson.Functions-getRelativeLinkTo with hudson.FunctionsTest-testGetRelativeLinkTo_JobFromComputer
Wed May 16 04:59:22 UTC 2018: No code found hudson.Functions-getRelativeLinkTo with hudson.FunctionsTest-testGetRelativeLinkTo_JobNotContainedInView
Wed May 16 04:59:22 UTC 2018: No code found hudson.Functions-getActionUrl with hudson.FunctionsTest-testGetActionUrl_unparsable
Wed May 16 04:59:23 UTC 2018: No code found hudson.Functions-getRelativeLinkTo with hudson.FunctionsTest-testGetRelativeLinkTo_JobContainedInViewWithinItemGroup
Wed May 16 04:59:23 UTC 2018: No code found hudson.Functions-breakableString with hudson.FunctionsTest-testBreakableString
Wed May 16 04:59:23 UTC 2018: No link for: hudson.FunctionsTest-testGetRelativeDisplayNameInsideItemGroup
Wed May 16 04:59:24 UTC 2018: No link for: hudson.FunctionsTest-testGetRelativeDisplayName
Wed May 16 04:59:24 UTC 2018: No link for: hudson.FunctionsTest-testHumanReadableFileSize
Wed May 16 04:59:25 UTC 2018: Linking done for mahevpm__Mahendran_Jenkins test class hudson.FunctionsTest
Wed May 16 04:59:25 UTC 2018: Found element on the queue
Wed May 16 04:59:25 UTC 2018: Updating status
Wed May 16 04:59:25 UTC 2018: Working
Wed May 16 04:59:27 UTC 2018: Start mahevpm__Mahendran_Jenkins test class hudson.scheduler.CronTabEventualityTest
Wed May 16 04:59:27 UTC 2018: Setting lastTestMethodIndex: 62485
Wed May 16 04:59:27 UTC 2018: Starting linking
Wed May 16 04:59:27 UTC 2018: No link for: hudson.scheduler.CronTabEventualityTest-testHourlyWillBeEventuallyTriggeredWithinOneHour
Wed May 16 04:59:28 UTC 2018: None match not added in database because it already exists
Wed May 16 04:59:28 UTC 2018: No link for: hudson.scheduler.CronTabEventualityTest-testYearlyWillBeEventuallyTriggeredWithinOneYear
Wed May 16 04:59:28 UTC 2018: None match not added in database because it already exists
Wed May 16 04:59:28 UTC 2018: No link for: hudson.scheduler.CronTabEventualityTest-testWeeklyWillBeEventuallyTriggeredWithinOneWeek
Wed May 16 04:59:28 UTC 2018: None match not added in database because it already exists
Wed May 16 04:59:28 UTC 2018: No link for: hudson.scheduler.CronTabEventualityTest-testMonthlyWillBeEventuallyTriggeredWithinOneMonth
Wed May 16 04:59:29 UTC 2018: None match not added in database because it already exists
Wed May 16 04:59:29 UTC 2018: No link for: hudson.scheduler.CronTabEventualityTest-testFirstDayOfMonthWillBeEventuallyTriggeredWithinOneMonth
Wed May 16 04:59:29 UTC 2018: None match not added in database because it already exists
Wed May 16 04:59:29 UTC 2018: No link for: hudson.scheduler.CronTabEventualityTest-testDailyWillBeEventuallyTriggeredWithinOneDay
Wed May 16 04:59:30 UTC 2018: None match not added in database because it already exists
Wed May 16 04:59:30 UTC 2018: No link for: hudson.scheduler.CronTabEventualityTest-testMidnightWillBeEventuallyTriggeredWithinOneDay
Wed May 16 04:59:30 UTC 2018: None match not added in database because it already exists
Wed May 16 04:59:30 UTC 2018: No link for: hudson.scheduler.CronTabEventualityTest-testFirstSundayOfMonthWillBeEventuallyTriggeredWithinOneMonthAndOneWeek
Wed May 16 04:59:30 UTC 2018: None match not added in database because it already exists
Wed May 16 04:59:30 UTC 2018: No link for: hudson.scheduler.CronTabEventualityTest-testAnnuallyWillBeEventuallyTriggeredWithinOneYear
Wed May 16 04:59:30 UTC 2018: None match not added in database because it already exists
Wed May 16 04:59:30 UTC 2018: Linking done for mahevpm__Mahendran_Jenkins test class hudson.scheduler.CronTabEventualityTest
Wed May 16 04:59:31 UTC 2018: Found element on the queue
Wed May 16 04:59:31 UTC 2018: Updating status
Wed May 16 04:59:31 UTC 2018: Working
Wed May 16 04:59:34 UTC 2018: Start mahevpm__Mahendran_Jenkins test class hudson.scheduler.CronTabTest
Wed May 16 04:59:34 UTC 2018: Setting lastTestMethodIndex: 62487
Wed May 16 04:59:34 UTC 2018: Starting linking
Wed May 16 04:59:34 UTC 2018: No code found hudson.scheduler.CronTab-ceil with hudson.scheduler.CronTabTest-testCeil3_DoW7
Wed May 16 04:59:34 UTC 2018: No code found hudson.scheduler.CronTab-floor with hudson.scheduler.CronTabTest-testFloor1
Wed May 16 04:59:35 UTC 2018: No code found hudson.scheduler.CronTab-floor with hudson.scheduler.CronTabTest-testFloor3
Wed May 16 04:59:35 UTC 2018: No code found hudson.scheduler.CronTab-floor with hudson.scheduler.CronTabTest-testFloor2
Wed May 16 04:59:35 UTC 2018: No code found hudson.scheduler.CronTab-floor with hudson.scheduler.CronTabTest-testFloor4
Wed May 16 04:59:36 UTC 2018: No code found hudson.scheduler.CronTab-checkSanity with hudson.scheduler.CronTabTest-checkSanity
Wed May 16 04:59:36 UTC 2018: No code found hudson.scheduler.CronTab-ceil with hudson.scheduler.CronTabTest-testCeil5
Wed May 16 04:59:36 UTC 2018: No code found hudson.scheduler.CronTab-ceil with hudson.scheduler.CronTabTest-testCeil3
Wed May 16 04:59:37 UTC 2018: No code found hudson.scheduler.CronTab-ceil with hudson.scheduler.CronTabTest-testCeil4
Wed May 16 04:59:37 UTC 2018: No code found hudson.scheduler.CronTab-ceil with hudson.scheduler.CronTabTest-testCeil1
Wed May 16 04:59:37 UTC 2018: No code found hudson.scheduler.CronTab-ceil with hudson.scheduler.CronTabTest-testCeil2
Wed May 16 04:59:38 UTC 2018: No link for: hudson.scheduler.CronTabTest-testHash2
Wed May 16 04:59:38 UTC 2018: None match not added in database because it already exists
Wed May 16 04:59:38 UTC 2018: No link for: hudson.scheduler.CronTabTest-testTimezone
Wed May 16 04:59:38 UTC 2018: None match not added in database because it already exists
Wed May 16 04:59:38 UTC 2018: No link for: hudson.scheduler.CronTabTest-hashedMinute
Wed May 16 04:59:39 UTC 2018: None match not added in database because it already exists
Wed May 16 04:59:39 UTC 2018: No link for: hudson.scheduler.CronTabTest-rangeBoundsCheckOK
Wed May 16 04:59:39 UTC 2018: None match not added in database because it already exists
Wed May 16 04:59:39 UTC 2018: No link for: hudson.scheduler.CronTabTest-rangeBoundsCheckFailHour
Wed May 16 04:59:40 UTC 2018: None match not added in database because it already exists
Wed May 16 04:59:40 UTC 2018: No link for: hudson.scheduler.CronTabTest-test1
Wed May 16 04:59:40 UTC 2018: None match not added in database because it already exists
Wed May 16 04:59:40 UTC 2018: No link for: hudson.scheduler.CronTabTest-repeatedHash
Wed May 16 04:59:40 UTC 2018: None match not added in database because it already exists
Wed May 16 04:59:40 UTC 2018: No link for: hudson.scheduler.CronTabTest-hashSkips
Wed May 16 04:59:41 UTC 2018: None match not added in database because it already exists
Wed May 16 04:59:41 UTC 2018: No link for: hudson.scheduler.CronTabTest-testHash1
Wed May 16 04:59:41 UTC 2018: None match not added in database because it already exists
Wed May 16 04:59:41 UTC 2018: No link for: hudson.scheduler.CronTabTest-rangeBoundsCheckFailMinute
Wed May 16 04:59:41 UTC 2018: None match not added in database because it already exists
Wed May 16 04:59:41 UTC 2018: Linking done for mahevpm__Mahendran_Jenkins test class hudson.scheduler.CronTabTest
Wed May 16 04:59:42 UTC 2018: Found element on the queue
Wed May 16 04:59:42 UTC 2018: Updating status
Wed May 16 04:59:42 UTC 2018: Working
Wed May 16 04:59:44 UTC 2018: Start mahevpm__Mahendran_Jenkins test class hudson.model.BallColorTest
Wed May 16 04:59:44 UTC 2018: Setting lastTestMethodIndex: 62488
Wed May 16 04:59:44 UTC 2018: Starting linking
Wed May 16 04:59:44 UTC 2018: No link for: hudson.model.BallColorTest-iconClassName
Wed May 16 04:59:45 UTC 2018: None match not added in database because it already exists
Wed May 16 04:59:45 UTC 2018: No link for: hudson.model.BallColorTest-htmlColor
Wed May 16 04:59:45 UTC 2018: None match not added in database because it already exists
Wed May 16 04:59:45 UTC 2018: Linking done for mahevpm__Mahendran_Jenkins test class hudson.model.BallColorTest
Wed May 16 04:59:46 UTC 2018: Found element on the queue
Wed May 16 04:59:46 UTC 2018: Updating status
Wed May 16 04:59:46 UTC 2018: Working
Wed May 16 04:59:48 UTC 2018: Start mahevpm__Mahendran_Jenkins test class hudson.model.ActionableTest
Wed May 16 04:59:48 UTC 2018: Setting lastTestMethodIndex: 62489
Wed May 16 04:59:48 UTC 2018: Starting linking
Wed May 16 04:59:48 UTC 2018: Code found hudson.model.Actionable-replaceAction with hudson.model.ActionableTest-replaceAction
Wed May 16 04:59:48 UTC 2018: Match not added in database because it already exists
Wed May 16 04:59:48 UTC 2018: Linking done for mahevpm__Mahendran_Jenkins test class hudson.model.ActionableTest
Wed May 16 04:59:49 UTC 2018: Found element on the queue
Wed May 16 04:59:49 UTC 2018: Updating status
Wed May 16 04:59:49 UTC 2018: Working
Wed May 16 04:59:51 UTC 2018: Start mahevpm__Mahendran_Jenkins test class hudson.scheduler.CronTabDayOfWeekLocaleTest
Wed May 16 04:59:51 UTC 2018: Setting lastTestMethodIndex: 62490
Wed May 16 04:59:51 UTC 2018: Starting linking
Wed May 16 04:59:51 UTC 2018: No link for: hudson.scheduler.CronTabDayOfWeekLocaleTest-isSundayAndNextRunIsMonday
Wed May 16 04:59:51 UTC 2018: None match not added in database because it already exists
Wed May 16 04:59:51 UTC 2018: No link for: hudson.scheduler.CronTabDayOfWeekLocaleTest-isSundayAndPreviousRunIsSaturday
Wed May 16 04:59:52 UTC 2018: None match not added in database because it already exists
Wed May 16 04:59:52 UTC 2018: No link for: hudson.scheduler.CronTabDayOfWeekLocaleTest-isSaturdayAndNextRunIsSundayAsterisk
Wed May 16 04:59:52 UTC 2018: None match not added in database because it already exists
Wed May 16 04:59:52 UTC 2018: No link for: hudson.scheduler.CronTabDayOfWeekLocaleTest-isSundayAndPreviousRunIsSaturdayAsterisk
Wed May 16 04:59:52 UTC 2018: None match not added in database because it already exists
Wed May 16 04:59:52 UTC 2018: No link for: hudson.scheduler.CronTabDayOfWeekLocaleTest-hudson8658
Wed May 16 04:59:53 UTC 2018: None match not added in database because it already exists
Wed May 16 04:59:53 UTC 2018: No link for: hudson.scheduler.CronTabDayOfWeekLocaleTest-isSundayAndNextRunIsThursday
Wed May 16 04:59:53 UTC 2018: None match not added in database because it already exists
Wed May 16 04:59:53 UTC 2018: No link for: hudson.scheduler.CronTabDayOfWeekLocaleTest-isSundayAndNextRunIsNextSunday
Wed May 16 04:59:53 UTC 2018: None match not added in database because it already exists
Wed May 16 04:59:53 UTC 2018: No link for: hudson.scheduler.CronTabDayOfWeekLocaleTest-isSundayAndNextRunIsWednesday
Wed May 16 04:59:53 UTC 2018: None match not added in database because it already exists
Wed May 16 04:59:53 UTC 2018: No link for: hudson.scheduler.CronTabDayOfWeekLocaleTest-isSundayAndPreviousRunIsFriday
Wed May 16 04:59:54 UTC 2018: None match not added in database because it already exists
Wed May 16 04:59:54 UTC 2018: No link for: hudson.scheduler.CronTabDayOfWeekLocaleTest-isSundayAndNextRunIsTuesday
Wed May 16 04:59:54 UTC 2018: None match not added in database because it already exists
Wed May 16 04:59:54 UTC 2018: No link for: hudson.scheduler.CronTabDayOfWeekLocaleTest-isSundayAndPreviousRunIsThursday
Wed May 16 04:59:54 UTC 2018: None match not added in database because it already exists
Wed May 16 04:59:54 UTC 2018: No link for: hudson.scheduler.CronTabDayOfWeekLocaleTest-isSundayAndNextRunIsFriday
Wed May 16 04:59:55 UTC 2018: None match not added in database because it already exists
Wed May 16 04:59:55 UTC 2018: No link for: hudson.scheduler.CronTabDayOfWeekLocaleTest-isSundayAndPreviousRunIsMonday
Wed May 16 04:59:55 UTC 2018: None match not added in database because it already exists
Wed May 16 04:59:55 UTC 2018: No link for: hudson.scheduler.CronTabDayOfWeekLocaleTest-isSundayAndPreviousRunIsPreviousSunday
Wed May 16 04:59:55 UTC 2018: None match not added in database because it already exists
Wed May 16 04:59:55 UTC 2018: No link for: hudson.scheduler.CronTabDayOfWeekLocaleTest-isSundayAndNextRunIsNextSunday7
Wed May 16 04:59:55 UTC 2018: None match not added in database because it already exists
Wed May 16 04:59:55 UTC 2018: No link for: hudson.scheduler.CronTabDayOfWeekLocaleTest-isSundayAndPreviousRunIsPreviousSunday7
Wed May 16 04:59:56 UTC 2018: None match not added in database because it already exists
Wed May 16 04:59:56 UTC 2018: No link for: hudson.scheduler.CronTabDayOfWeekLocaleTest-isSundayAndPreviousRunIsTuesday
Wed May 16 04:59:56 UTC 2018: None match not added in database because it already exists
Wed May 16 04:59:56 UTC 2018: No link for: hudson.scheduler.CronTabDayOfWeekLocaleTest-isSundayAndPreviousRunIsWednesday
Wed May 16 04:59:56 UTC 2018: None match not added in database because it already exists
Wed May 16 04:59:56 UTC 2018: No link for: hudson.scheduler.CronTabDayOfWeekLocaleTest-isSundayAndNextRunIsSaturday
Wed May 16 04:59:57 UTC 2018: None match not added in database because it already exists
Wed May 16 04:59:57 UTC 2018: Linking done for mahevpm__Mahendran_Jenkins test class hudson.scheduler.CronTabDayOfWeekLocaleTest
Wed May 16 04:59:57 UTC 2018: Found element on the queue
Wed May 16 04:59:57 UTC 2018: Updating status
Wed May 16 04:59:57 UTC 2018: Working
Wed May 16 05:00:00 UTC 2018: Start mahevpm__Mahendran_Jenkins test class hudson.model.RunParameterValueTest
Wed May 16 05:00:00 UTC 2018: Setting lastTestMethodIndex: 62491
Wed May 16 05:00:00 UTC 2018: Starting linking
Wed May 16 05:00:00 UTC 2018: No link for: hudson.model.RunParameterValueTest-robustness
Wed May 16 05:00:00 UTC 2018: None match not added in database because it already exists
Wed May 16 05:00:00 UTC 2018: Linking done for mahevpm__Mahendran_Jenkins test class hudson.model.RunParameterValueTest
Wed May 16 05:00:00 UTC 2018: Found element on the queue
Wed May 16 05:00:00 UTC 2018: Updating status
Wed May 16 05:00:00 UTC 2018: Working
Wed May 16 05:00:03 UTC 2018: Start mahevpm__Mahendran_Jenkins test class hudson.model.ChoiceParameterDefinitionTest
Wed May 16 05:00:03 UTC 2018: Setting lastTestMethodIndex: 62492
Wed May 16 05:00:03 UTC 2018: Starting linking
Wed May 16 05:00:03 UTC 2018: No link for: hudson.model.ChoiceParameterDefinitionTest-testCheckChoices
Wed May 16 05:00:03 UTC 2018: None match not added in database because it already exists
Wed May 16 05:00:03 UTC 2018: No link for: hudson.model.ChoiceParameterDefinitionTest-shouldValidateChoices
Wed May 16 05:00:03 UTC 2018: None match not added in database because it already exists
Wed May 16 05:00:03 UTC 2018: Linking done for mahevpm__Mahendran_Jenkins test class hudson.model.ChoiceParameterDefinitionTest
Wed May 16 05:00:04 UTC 2018: Found element on the queue
Wed May 16 05:00:04 UTC 2018: Updating status
Wed May 16 05:00:04 UTC 2018: Working
Wed May 16 05:00:06 UTC 2018: Start mahevpm__Mahendran_Jenkins test class hudson.model.DisplayNameListenerTest
Wed May 16 05:00:06 UTC 2018: Setting lastTestMethodIndex: 62493
Wed May 16 05:00:06 UTC 2018: Starting linking
Wed May 16 05:00:06 UTC 2018: Code found hudson.model.DisplayNameListener-onRenamed with hudson.model.DisplayNameListenerTest-testOnRenamedOldNameNotEqualDisplayName
Wed May 16 05:00:07 UTC 2018: Match not added in database because it already exists
Wed May 16 05:00:07 UTC 2018: Code found hudson.model.DisplayNameListener-onCopied with hudson.model.DisplayNameListenerTest-testOnCopied
Wed May 16 05:00:07 UTC 2018: Match not added in database because it already exists
Wed May 16 05:00:07 UTC 2018: Code found hudson.model.DisplayNameListener-onRenamed with hudson.model.DisplayNameListenerTest-testOnRenamedOldNameEqualsDisplayName
Wed May 16 05:00:07 UTC 2018: Match not added in database because it already exists
Wed May 16 05:00:07 UTC 2018: Linking done for mahevpm__Mahendran_Jenkins test class hudson.model.DisplayNameListenerTest
Wed May 16 05:00:08 UTC 2018: Found element on the queue
Wed May 16 05:00:08 UTC 2018: Updating status
Wed May 16 05:00:08 UTC 2018: Working
Wed May 16 05:00:10 UTC 2018: Start mahevpm__Mahendran_Jenkins test class hudson.model.AbstractItemTest
Wed May 16 05:00:10 UTC 2018: Setting lastTestMethodIndex: 62494
Wed May 16 05:00:10 UTC 2018: Starting linking
Wed May 16 05:00:10 UTC 2018: Linking done for mahevpm__Mahendran_Jenkins test class hudson.model.AbstractItemTest
Wed May 16 05:00:10 UTC 2018: Found element on the queue
Wed May 16 05:00:10 UTC 2018: Updating status
Wed May 16 05:00:10 UTC 2018: Working
Wed May 16 05:00:13 UTC 2018: Start mahevpm__Mahendran_Jenkins test class hudson.model.ResourceListTest
Wed May 16 05:00:13 UTC 2018: Setting lastTestMethodIndex: 62495
Wed May 16 05:00:13 UTC 2018: Starting linking
Wed May 16 05:00:13 UTC 2018: Code found hudson.model.ResourceList-r with hudson.model.ResourceListTest-simpleR
Wed May 16 05:00:13 UTC 2018: Match not added in database because it already exists
Wed May 16 05:00:13 UTC 2018: Code found hudson.model.ResourceList-r with hudson.model.ResourceListTest-multiReadN
Wed May 16 05:00:13 UTC 2018: Match not added in database because it already exists
Wed May 16 05:00:13 UTC 2018: Code found hudson.model.ResourceList-w with hudson.model.ResourceListTest-simpleRW
Wed May 16 05:00:14 UTC 2018: Match not added in database because it already exists
Wed May 16 05:00:14 UTC 2018: Code found hudson.model.ResourceList-w with hudson.model.ResourceListTest-multiWriteN
Wed May 16 05:00:14 UTC 2018: Match not added in database because it already exists
Wed May 16 05:00:14 UTC 2018: Code found hudson.model.ResourceList-w with hudson.model.ResourceListTest-parentChildW
Wed May 16 05:00:14 UTC 2018: Match not added in database because it already exists
Wed May 16 05:00:14 UTC 2018: Code found hudson.model.ResourceList-w with hudson.model.ResourceListTest-multiWrite1
Wed May 16 05:00:15 UTC 2018: Match not added in database because it already exists
Wed May 16 05:00:15 UTC 2018: Code found hudson.model.ResourceList-r with hudson.model.ResourceListTest-multiRead1
Wed May 16 05:00:15 UTC 2018: Match not added in database because it already exists
Wed May 16 05:00:15 UTC 2018: Code found hudson.model.ResourceList-w with hudson.model.ResourceListTest-simpleW
Wed May 16 05:00:15 UTC 2018: Match not added in database because it already exists
Wed May 16 05:00:15 UTC 2018: Code found hudson.model.ResourceList-r with hudson.model.ResourceListTest-parentChildR3
Wed May 16 05:00:16 UTC 2018: Match not added in database because it already exists
Wed May 16 05:00:16 UTC 2018: Code found hudson.model.ResourceList-w with hudson.model.ResourceListTest-parentChildW3
Wed May 16 05:00:16 UTC 2018: Match not added in database because it already exists
Wed May 16 05:00:16 UTC 2018: Code found hudson.model.ResourceList-r with hudson.model.ResourceListTest-parentChildR
Wed May 16 05:00:16 UTC 2018: Match not added in database because it already exists
Wed May 16 05:00:16 UTC 2018: No link for: hudson.model.ResourceListTest-emptyLists
Wed May 16 05:00:16 UTC 2018: None match not added in database because it already exists
Wed May 16 05:00:16 UTC 2018: Linking done for mahevpm__Mahendran_Jenkins test class hudson.model.ResourceListTest
Wed May 16 05:00:17 UTC 2018: Found element on the queue
Wed May 16 05:00:17 UTC 2018: Updating status
Wed May 16 05:00:17 UTC 2018: Working
Wed May 16 05:00:19 UTC 2018: Start mahevpm__Mahendran_Jenkins test class hudson.model.TimeSeriesTest
Wed May 16 05:00:19 UTC 2018: Setting lastTestMethodIndex: 62496
Wed May 16 05:00:19 UTC 2018: Starting linking
Wed May 16 05:00:19 UTC 2018: No link for: hudson.model.TimeSeriesTest-test1
Wed May 16 05:00:20 UTC 2018: None match not added in database because it already exists
Wed May 16 05:00:20 UTC 2018: Linking done for mahevpm__Mahendran_Jenkins test class hudson.model.TimeSeriesTest
Wed May 16 05:00:20 UTC 2018: Found element on the queue
Wed May 16 05:00:20 UTC 2018: Updating status
Wed May 16 05:00:20 UTC 2018: Working
Wed May 16 05:00:23 UTC 2018: Start mahevpm__Mahendran_Jenkins test class hudson.model.FileParameterValueTest
Wed May 16 05:00:23 UTC 2018: Setting lastTestMethodIndex: 62497
Wed May 16 05:00:23 UTC 2018: Starting linking
Wed May 16 05:00:23 UTC 2018: No link for: hudson.model.FileParameterValueTest-compareNullParams
Wed May 16 05:00:23 UTC 2018: None match not added in database because it already exists
Wed May 16 05:00:23 UTC 2018: No link for: hudson.model.FileParameterValueTest-compareParamsWithSameName
Wed May 16 05:00:23 UTC 2018: None match not added in database because it already exists
Wed May 16 05:00:23 UTC 2018: Linking done for mahevpm__Mahendran_Jenkins test class hudson.model.FileParameterValueTest
Wed May 16 05:00:24 UTC 2018: Found element on the queue
Wed May 16 05:00:24 UTC 2018: Updating status
Wed May 16 05:00:24 UTC 2018: Working
Wed May 16 05:00:26 UTC 2018: Start mahevpm__Mahendran_Jenkins test class hudson.model.AutoCompleteSeederTest
Wed May 16 05:00:26 UTC 2018: Setting lastTestMethodIndex: 62498
Wed May 16 05:00:26 UTC 2018: Starting linking
Wed May 16 05:00:26 UTC 2018: Linking done for mahevpm__Mahendran_Jenkins test class hudson.model.AutoCompleteSeederTest
Wed May 16 05:00:26 UTC 2018: Found element on the queue
Wed May 16 05:00:26 UTC 2018: Updating status
Wed May 16 05:00:26 UTC 2018: Working
Wed May 16 05:00:29 UTC 2018: Start mahevpm__Mahendran_Jenkins test class hudson.model.LoadStatisticsTest
Wed May 16 05:00:29 UTC 2018: Setting lastTestMethodIndex: 62499
Wed May 16 05:00:29 UTC 2018: Starting linking
Wed May 16 05:00:29 UTC 2018: Code found hudson.model.LoadStatistics-isModern with hudson.model.LoadStatisticsTest-isModernWorks
Wed May 16 05:00:29 UTC 2018: Match not added in database because it already exists
Wed May 16 05:00:29 UTC 2018: No link for: hudson.model.LoadStatisticsTest-graph
Wed May 16 05:00:29 UTC 2018: None match not added in database because it already exists
Wed May 16 05:00:29 UTC 2018: Linking done for mahevpm__Mahendran_Jenkins test class hudson.model.LoadStatisticsTest
Wed May 16 05:00:30 UTC 2018: Found element on the queue
Wed May 16 05:00:30 UTC 2018: Updating status
Wed May 16 05:00:30 UTC 2018: Working
Wed May 16 05:00:32 UTC 2018: Start mahevpm__Mahendran_Jenkins test class hudson.model.ParametersActionTest
Wed May 16 05:00:32 UTC 2018: Setting lastTestMethodIndex: 62500
Wed May 16 05:00:32 UTC 2018: Starting linking
Wed May 16 05:00:32 UTC 2018: Code found hudson.model.ParametersAction-merge with hudson.model.ParametersActionTest-mergeShouldHandleNullOverrides
Wed May 16 05:00:33 UTC 2018: Match not added in database because it already exists
Wed May 16 05:00:33 UTC 2018: Code found hudson.model.ParametersAction-merge with hudson.model.ParametersActionTest-mergeShouldHandleEmptyOverrides
Wed May 16 05:00:33 UTC 2018: Match not added in database because it already exists
Wed May 16 05:00:33 UTC 2018: Code found hudson.model.ParametersAction-createUpdated with hudson.model.ParametersActionTest-createUpdatedShouldReturnNewInstanceWithNullOverride
Wed May 16 05:00:33 UTC 2018: Match not added in database because it already exists
Wed May 16 05:00:33 UTC 2018: Code found hudson.model.ParametersAction-merge with hudson.model.ParametersActionTest-mergeShouldReturnNewInstanceWithOverride
Wed May 16 05:00:34 UTC 2018: Match not added in database because it already exists
Wed May 16 05:00:34 UTC 2018: Code found hudson.model.ParametersAction-merge with hudson.model.ParametersActionTest-mergeShouldOverrideParameters
Wed May 16 05:00:34 UTC 2018: Match not added in database because it already exists
Wed May 16 05:00:34 UTC 2018: Code found hudson.model.ParametersAction-merge with hudson.model.ParametersActionTest-mergeShouldCombineDisparateParameters
Wed May 16 05:00:34 UTC 2018: Match not added in database because it already exists
Wed May 16 05:00:34 UTC 2018: No link for: hudson.model.ParametersActionTest-checkNullParameterValues
Wed May 16 05:00:34 UTC 2018: None match not added in database because it already exists
Wed May 16 05:00:34 UTC 2018: Linking done for mahevpm__Mahendran_Jenkins test class hudson.model.ParametersActionTest
Wed May 16 05:00:35 UTC 2018: Found element on the queue
Wed May 16 05:00:35 UTC 2018: Updating status
Wed May 16 05:00:35 UTC 2018: Working
Wed May 16 05:00:37 UTC 2018: Start mahevpm__Mahendran_Jenkins test class jenkins.slaves.DefaultJnlpSlaveReceiverTest
Wed May 16 05:00:37 UTC 2018: Setting lastTestMethodIndex: 62501
Wed May 16 05:00:37 UTC 2018: Starting linking
Wed May 16 05:00:37 UTC 2018: Code found jenkins.slaves.DefaultJnlpSlaveReceiver-handle with jenkins.slaves.DefaultJnlpSlaveReceiverTest-testHandle
Wed May 16 05:00:38 UTC 2018: Match not added in database because it already exists
Wed May 16 05:00:38 UTC 2018: Code found jenkins.slaves.DefaultJnlpSlaveReceiver-handle with jenkins.slaves.DefaultJnlpSlaveReceiverTest-testHandleTakeoverFailedDisconnect
Wed May 16 05:00:38 UTC 2018: Match not added in database because it already exists
Wed May 16 05:00:38 UTC 2018: Code found jenkins.slaves.DefaultJnlpSlaveReceiver-handle with jenkins.slaves.DefaultJnlpSlaveReceiverTest-testHandleWithInvalidNode
Wed May 16 05:00:38 UTC 2018: Match not added in database because it already exists
Wed May 16 05:00:38 UTC 2018: Code found jenkins.slaves.DefaultJnlpSlaveReceiver-handle with jenkins.slaves.DefaultJnlpSlaveReceiverTest-testHandleTakeoverTimedOut
Wed May 16 05:00:39 UTC 2018: Match not added in database because it already exists
Wed May 16 05:00:39 UTC 2018: Code found jenkins.slaves.DefaultJnlpSlaveReceiver-handle with jenkins.slaves.DefaultJnlpSlaveReceiverTest-testHandleAttemptTakeoverWithNullCookie
Wed May 16 05:00:39 UTC 2018: Match not added in database because it already exists
Wed May 16 05:00:39 UTC 2018: Code found jenkins.slaves.DefaultJnlpSlaveReceiver-handle with jenkins.slaves.DefaultJnlpSlaveReceiverTest-testHandleAttemptTakeoverWithInvalidCookie
Wed May 16 05:00:39 UTC 2018: Match not added in database because it already exists
Wed May 16 05:00:39 UTC 2018: Code found jenkins.slaves.DefaultJnlpSlaveReceiver-handle with jenkins.slaves.DefaultJnlpSlaveReceiverTest-testHandleTakeover
Wed May 16 05:00:40 UTC 2018: Match not added in database because it already exists
Wed May 16 05:00:40 UTC 2018: Linking done for mahevpm__Mahendran_Jenkins test class jenkins.slaves.DefaultJnlpSlaveReceiverTest
Wed May 16 05:00:40 UTC 2018: Found element on the queue
Wed May 16 05:00:40 UTC 2018: Updating status
Wed May 16 05:00:40 UTC 2018: Working
Wed May 16 05:00:42 UTC 2018: Start mahevpm__Mahendran_Jenkins test class hudson.model.TaskActionTest
Wed May 16 05:00:42 UTC 2018: Setting lastTestMethodIndex: 62502
Wed May 16 05:00:42 UTC 2018: Starting linking
Wed May 16 05:00:42 UTC 2018: Linking done for mahevpm__Mahendran_Jenkins test class hudson.model.TaskActionTest
Wed May 16 05:00:43 UTC 2018: Found element on the queue
Wed May 16 05:00:43 UTC 2018: Updating status
Wed May 16 05:00:43 UTC 2018: Working
Wed May 16 05:00:45 UTC 2018: Start mahevpm__Mahendran_Jenkins test class hudson.model.listeners.SCMListenerTest
Wed May 16 05:00:45 UTC 2018: Setting lastTestMethodIndex: 62503
Wed May 16 05:00:45 UTC 2018: Starting linking
Wed May 16 05:00:45 UTC 2018: Code found hudson.model.listeners.SCMListenerTest$L1-onChangeLogParsed with hudson.model.listeners.SCMListenerTest-onChangeLogParsed
Wed May 16 05:00:45 UTC 2018: Match not added in database because it already exists
Wed May 16 05:00:45 UTC 2018: Linking done for mahevpm__Mahendran_Jenkins test class hudson.model.listeners.SCMListenerTest
Wed May 16 05:00:46 UTC 2018: Found element on the queue
Wed May 16 05:00:46 UTC 2018: Updating status
Wed May 16 05:00:46 UTC 2018: Working
Wed May 16 05:00:48 UTC 2018: Start mahevpm__Mahendran_Jenkins test class hudson.logging.LogRecorderTest
Wed May 16 05:00:48 UTC 2018: Setting lastTestMethodIndex: 62504
Wed May 16 05:00:48 UTC 2018: Starting linking
Wed May 16 05:00:48 UTC 2018: No link for: hudson.logging.LogRecorderTest-targetIncludes
Wed May 16 05:00:49 UTC 2018: None match not added in database because it already exists
Wed May 16 05:00:49 UTC 2018: No link for: hudson.logging.LogRecorderTest-targetMatches
Wed May 16 05:00:49 UTC 2018: None match not added in database because it already exists
Wed May 16 05:00:49 UTC 2018: No link for: hudson.logging.LogRecorderTest-testSpecificExclusion
Wed May 16 05:00:49 UTC 2018: None match not added in database because it already exists
Wed May 16 05:00:49 UTC 2018: No link for: hudson.logging.LogRecorderTest-testClearing
Wed May 16 05:00:50 UTC 2018: None match not added in database because it already exists
Wed May 16 05:00:50 UTC 2018: Linking done for mahevpm__Mahendran_Jenkins test class hudson.logging.LogRecorderTest
Wed May 16 05:00:50 UTC 2018: Found element on the queue
Wed May 16 05:00:50 UTC 2018: Updating status
Wed May 16 05:00:50 UTC 2018: Working
Wed May 16 05:00:52 UTC 2018: Start mahevpm__Mahendran_Jenkins test class hudson.ProxyConfigurationTest
Wed May 16 05:00:52 UTC 2018: Setting lastTestMethodIndex: 62505
Wed May 16 05:00:52 UTC 2018: Starting linking
Wed May 16 05:00:52 UTC 2018: No link for: hudson.ProxyConfigurationTest-noProxyHost
Wed May 16 05:00:53 UTC 2018: None match not added in database because it already exists
Wed May 16 05:00:53 UTC 2018: Linking done for mahevpm__Mahendran_Jenkins test class hudson.ProxyConfigurationTest
Wed May 16 05:00:53 UTC 2018: Found element on the queue
Wed May 16 05:00:53 UTC 2018: Updating status
Wed May 16 05:00:53 UTC 2018: Working
Wed May 16 05:00:56 UTC 2018: Start mahevpm__Mahendran_Jenkins test class hudson.BulkChangeTest
Wed May 16 05:00:56 UTC 2018: Setting lastTestMethodIndex: 62506
Wed May 16 05:00:56 UTC 2018: Starting linking
Wed May 16 05:00:56 UTC 2018: Linking done for mahevpm__Mahendran_Jenkins test class hudson.BulkChangeTest
Wed May 16 05:00:56 UTC 2018: Found element on the queue
Wed May 16 05:00:56 UTC 2018: Updating status
Wed May 16 05:00:56 UTC 2018: Working
Wed May 16 05:00:58 UTC 2018: Start mahevpm__Mahendran_Jenkins test class hudson.util.RunListTest
Wed May 16 05:00:58 UTC 2018: Setting lastTestMethodIndex: 62508
Wed May 16 05:00:58 UTC 2018: Starting linking
Wed May 16 05:00:58 UTC 2018: Code found hudson.util.RunList-byTimestamp with hudson.util.RunListTest-byTimestampLastRun
Wed May 16 05:00:59 UTC 2018: Match not added in database because it already exists
Wed May 16 05:00:59 UTC 2018: Code found hudson.util.RunList-byTimestamp with hudson.util.RunListTest-byTimestampFirstRun
Wed May 16 05:00:59 UTC 2018: Match not added in database because it already exists
Wed May 16 05:00:59 UTC 2018: Code found hudson.util.RunList-byTimestamp with hudson.util.RunListTest-byTimestampAllRuns
Wed May 16 05:01:00 UTC 2018: Match not added in database because it already exists
Wed May 16 05:01:00 UTC 2018: Linking done for mahevpm__Mahendran_Jenkins test class hudson.util.RunListTest
Wed May 16 05:01:00 UTC 2018: Found element on the queue
Wed May 16 05:01:00 UTC 2018: Updating status
Wed May 16 05:01:00 UTC 2018: Working
Wed May 16 05:01:02 UTC 2018: Start mahevpm__Mahendran_Jenkins test class hudson.util.IsOverriddenTest
Wed May 16 05:01:02 UTC 2018: Setting lastTestMethodIndex: 62510
Wed May 16 05:01:02 UTC 2018: Starting linking
Wed May 16 05:01:02 UTC 2018: Code found hudson.Util-isOverridden with hudson.util.IsOverriddenTest-isOverriddenTest
Wed May 16 05:01:03 UTC 2018: Match not added in database because it already exists
Wed May 16 05:01:03 UTC 2018: Code found hudson.Util-isOverridden with hudson.util.IsOverriddenTest-isOverriddenNegativeTest
Wed May 16 05:01:03 UTC 2018: Match not added in database because it already exists
Wed May 16 05:01:03 UTC 2018: No link for: hudson.util.IsOverriddenTest-avoidPrivateMethodsInspection
Wed May 16 05:01:04 UTC 2018: None match not added in database because it already exists
Wed May 16 05:01:04 UTC 2018: Linking done for mahevpm__Mahendran_Jenkins test class hudson.util.IsOverriddenTest
Wed May 16 05:01:04 UTC 2018: Found element on the queue
Wed May 16 05:01:04 UTC 2018: Updating status
Wed May 16 05:01:04 UTC 2018: Working
Wed May 16 05:01:07 UTC 2018: Start mahevpm__Mahendran_Jenkins test class hudson.util.CopyOnWriteMapTest
Wed May 16 05:01:07 UTC 2018: Setting lastTestMethodIndex: 62512
Wed May 16 05:01:07 UTC 2018: Starting linking
Wed May 16 05:01:07 UTC 2018: Linking done for mahevpm__Mahendran_Jenkins test class hudson.util.CopyOnWriteMapTest
Wed May 16 05:01:08 UTC 2018: Found element on the queue
Wed May 16 05:01:08 UTC 2018: Updating status
Wed May 16 05:01:08 UTC 2018: Working
Wed May 16 05:01:11 UTC 2018: Start mahevpm__Mahendran_Jenkins test class hudson.util.CyclicGraphDetectorTest
Wed May 16 05:01:11 UTC 2018: Setting lastTestMethodIndex: 62514
Wed May 16 05:01:11 UTC 2018: Starting linking
Wed May 16 05:01:11 UTC 2018: Linking done for mahevpm__Mahendran_Jenkins test class hudson.util.CyclicGraphDetectorTest
Wed May 16 05:01:11 UTC 2018: Found element on the queue
Wed May 16 05:01:11 UTC 2018: Updating status
Wed May 16 05:01:11 UTC 2018: Working
Wed May 16 05:01:14 UTC 2018: Start mahevpm__Mahendran_Jenkins test class hudson.util.ArgumentListBuilderTest
Wed May 16 05:01:14 UTC 2018: Setting lastTestMethodIndex: 62515
Wed May 16 05:01:14 UTC 2018: Starting linking
Wed May 16 05:01:14 UTC 2018: Code found hudson.util.ArgumentListBuilder-clone with hudson.util.ArgumentListBuilderTest-assertMaskOnClone
Wed May 16 05:01:14 UTC 2018: Match not added in database because it already exists
Wed May 16 05:01:14 UTC 2018: Code found hudson.util.ArgumentListBuilder-toWindowsCommand with hudson.util.ArgumentListBuilderTest-testToWindowsCommand
Wed May 16 05:01:15 UTC 2018: Match not added in database because it already exists
Wed May 16 05:01:15 UTC 2018: Code found hudson.util.ArgumentListBuilder-prepend with hudson.util.ArgumentListBuilderTest-assertPrependBeforeAddingMasked
Wed May 16 05:01:15 UTC 2018: Match not added in database because it already exists
Wed May 16 05:01:15 UTC 2018: Code found hudson.util.ArgumentListBuilder-prepend with hudson.util.ArgumentListBuilderTest-assertPrependAfterAddingMasked
Wed May 16 05:01:15 UTC 2018: Match not added in database because it already exists
Wed May 16 05:01:15 UTC 2018: Code found hudson.util.ArgumentListBuilder-addKeyValuePairsFromPropertyString with hudson.util.ArgumentListBuilderTest-addKeyValuePairsFromPropertyString
Wed May 16 05:01:16 UTC 2018: Match not added in database because it already exists
Wed May 16 05:01:16 UTC 2018: No link for: hudson.util.ArgumentListBuilderTest-assertKeyValuePairsWithMask
Wed May 16 05:01:16 UTC 2018: None match not added in database because it already exists
Wed May 16 05:01:16 UTC 2018: No link for: hudson.util.ArgumentListBuilderTest-assertLastArgumentIsMasked
Wed May 16 05:01:16 UTC 2018: None match not added in database because it already exists
Wed May 16 05:01:16 UTC 2018: No link for: hudson.util.ArgumentListBuilderTest-assertEmptyMask
Wed May 16 05:01:17 UTC 2018: None match not added in database because it already exists
Wed May 16 05:01:17 UTC 2018: No link for: hudson.util.ArgumentListBuilderTest-assertSeveralMaskedArguments
Wed May 16 05:01:17 UTC 2018: None match not added in database because it already exists
Wed May 16 05:01:17 UTC 2018: No link for: hudson.util.ArgumentListBuilderTest-assertKeyValuePairs
Wed May 16 05:01:18 UTC 2018: None match not added in database because it already exists
Wed May 16 05:01:18 UTC 2018: No link for: hudson.util.ArgumentListBuilderTest-numberOfBackslashesInPropertiesShouldBePreservedAfterMacroExpansion
Wed May 16 05:01:18 UTC 2018: None match not added in database because it already exists
Wed May 16 05:01:18 UTC 2018: Linking done for mahevpm__Mahendran_Jenkins test class hudson.util.ArgumentListBuilderTest
Wed May 16 05:01:19 UTC 2018: Found element on the queue
Wed May 16 05:01:19 UTC 2018: Updating status
Wed May 16 05:01:19 UTC 2018: Working
Wed May 16 05:01:21 UTC 2018: Start mahevpm__Mahendran_Jenkins test class hudson.util.SubClassGeneratorTest
Wed May 16 05:01:21 UTC 2018: Setting lastTestMethodIndex: 62517
Wed May 16 05:01:21 UTC 2018: Starting linking
Wed May 16 05:01:21 UTC 2018: Linking done for mahevpm__Mahendran_Jenkins test class hudson.util.SubClassGeneratorTest
Wed May 16 05:01:22 UTC 2018: Found element on the queue
Wed May 16 05:01:22 UTC 2018: Updating status
Wed May 16 05:01:22 UTC 2018: Working
Wed May 16 05:01:24 UTC 2018: Start mahevpm__Mahendran_Jenkins test class hudson.util.FormValidationTest
Wed May 16 05:01:24 UTC 2018: Setting lastTestMethodIndex: 62519
Wed May 16 05:01:24 UTC 2018: Starting linking
Wed May 16 05:01:24 UTC 2018: No code found hudson.util.FormValidation-validateRequired with hudson.util.FormValidationTest-testValidateRequired_Null
Wed May 16 05:01:24 UTC 2018: No code found hudson.util.FormValidation-validateRequired with hudson.util.FormValidationTest-testValidateRequired_OK
Wed May 16 05:01:25 UTC 2018: No code found hudson.util.FormValidation-validateRequired with hudson.util.FormValidationTest-testValidateRequired_Empty
Wed May 16 05:01:25 UTC 2018: No link for: hudson.util.FormValidationTest-aggregateZeroValidations
Wed May 16 05:01:26 UTC 2018: None match not added in database because it already exists
Wed May 16 05:01:26 UTC 2018: No link for: hudson.util.FormValidationTest-aggregateSeveralValidations
Wed May 16 05:01:26 UTC 2018: None match not added in database because it already exists
Wed May 16 05:01:26 UTC 2018: No link for: hudson.util.FormValidationTest-aggregateSingleValidations
Wed May 16 05:01:26 UTC 2018: None match not added in database because it already exists
Wed May 16 05:01:26 UTC 2018: No link for: hudson.util.FormValidationTest-formValidationException
Wed May 16 05:01:27 UTC 2018: None match not added in database because it already exists
Wed May 16 05:01:27 UTC 2018: No link for: hudson.util.FormValidationTest-testMessage
Wed May 16 05:01:27 UTC 2018: None match not added in database because it already exists
Wed May 16 05:01:27 UTC 2018: Linking done for mahevpm__Mahendran_Jenkins test class hudson.util.FormValidationTest
Wed May 16 05:01:27 UTC 2018: Found element on the queue
Wed May 16 05:01:27 UTC 2018: Updating status
Wed May 16 05:01:27 UTC 2018: Working
Wed May 16 05:01:30 UTC 2018: Start mahevpm__Mahendran_Jenkins test class hudson.util.MultipartFormDataParserTest
Wed May 16 05:01:30 UTC 2018: Setting lastTestMethodIndex: 62521
Wed May 16 05:01:30 UTC 2018: Starting linking
Wed May 16 05:01:30 UTC 2018: No link for: hudson.util.MultipartFormDataParserTest-testIsMultipart
Wed May 16 05:01:30 UTC 2018: None match not added in database because it already exists
Wed May 16 05:01:30 UTC 2018: Linking done for mahevpm__Mahendran_Jenkins test class hudson.util.MultipartFormDataParserTest
Wed May 16 05:01:30 UTC 2018: Found element on the queue
Wed May 16 05:01:30 UTC 2018: Updating status
Wed May 16 05:01:30 UTC 2018: Working
Wed May 16 05:01:33 UTC 2018: Start mahevpm__Mahendran_Jenkins test class jenkins.model.JenkinsDescriptorTest
Wed May 16 05:01:33 UTC 2018: Setting lastTestMethodIndex: 62522
Wed May 16 05:01:33 UTC 2018: Starting linking
Wed May 16 05:01:33 UTC 2018: No link for: jenkins.model.JenkinsDescriptorTest-testBuildDirValidation
Wed May 16 05:01:33 UTC 2018: None match not added in database because it already exists
Wed May 16 05:01:33 UTC 2018: Linking done for mahevpm__Mahendran_Jenkins test class jenkins.model.JenkinsDescriptorTest
Wed May 16 05:01:34 UTC 2018: Found element on the queue
Wed May 16 05:01:34 UTC 2018: Updating status
Wed May 16 05:01:34 UTC 2018: Working
Wed May 16 05:01:36 UTC 2018: Start mahevpm__Mahendran_Jenkins test class hudson.util.QuotedStringTokenizerTest
Wed May 16 05:01:36 UTC 2018: Setting lastTestMethodIndex: 62524
Wed May 16 05:01:36 UTC 2018: Starting linking
Wed May 16 05:01:36 UTC 2018: No link for: hudson.util.QuotedStringTokenizerTest-test1
Wed May 16 05:01:36 UTC 2018: None match not added in database because it already exists
Wed May 16 05:01:36 UTC 2018: No link for: hudson.util.QuotedStringTokenizerTest-test3
Wed May 16 05:01:37 UTC 2018: None match not added in database because it already exists
Wed May 16 05:01:37 UTC 2018: No link for: hudson.util.QuotedStringTokenizerTest-test2
Wed May 16 05:01:37 UTC 2018: None match not added in database because it already exists
Wed May 16 05:01:37 UTC 2018: No link for: hudson.util.QuotedStringTokenizerTest-test5
Wed May 16 05:01:38 UTC 2018: None match not added in database because it already exists
Wed May 16 05:01:38 UTC 2018: No link for: hudson.util.QuotedStringTokenizerTest-test4
Wed May 16 05:01:38 UTC 2018: None match not added in database because it already exists
Wed May 16 05:01:38 UTC 2018: No link for: hudson.util.QuotedStringTokenizerTest-test7
Wed May 16 05:01:38 UTC 2018: None match not added in database because it already exists
Wed May 16 05:01:38 UTC 2018: No link for: hudson.util.QuotedStringTokenizerTest-test6
Wed May 16 05:01:39 UTC 2018: None match not added in database because it already exists
Wed May 16 05:01:39 UTC 2018: Linking done for mahevpm__Mahendran_Jenkins test class hudson.util.QuotedStringTokenizerTest
Wed May 16 05:01:39 UTC 2018: Found element on the queue
Wed May 16 05:01:39 UTC 2018: Updating status
Wed May 16 05:01:39 UTC 2018: Working
Wed May 16 05:01:41 UTC 2018: Start mahevpm__Mahendran_Jenkins test class hudson.util.io.ZipArchiverTest
Wed May 16 05:01:41 UTC 2018: Setting lastTestMethodIndex: 62526
Wed May 16 05:01:41 UTC 2018: Starting linking
Wed May 16 05:01:41 UTC 2018: No link for: hudson.util.io.ZipArchiverTest-backwardsSlashesOnWindows
Wed May 16 05:01:41 UTC 2018: None match not added in database because it already exists
Wed May 16 05:01:41 UTC 2018: Linking done for mahevpm__Mahendran_Jenkins test class hudson.util.io.ZipArchiverTest
Wed May 16 05:01:42 UTC 2018: Found element on the queue
Wed May 16 05:01:42 UTC 2018: Updating status
Wed May 16 05:01:42 UTC 2018: Working
Wed May 16 05:01:44 UTC 2018: Start mahevpm__Mahendran_Jenkins test class hudson.util.io.ReopenableRotatingFileOutputStreamTest
Wed May 16 05:01:44 UTC 2018: Setting lastTestMethodIndex: 62527
Wed May 16 05:01:44 UTC 2018: Starting linking
Wed May 16 05:01:44 UTC 2018: No link for: hudson.util.io.ReopenableRotatingFileOutputStreamTest-rotation
Wed May 16 05:01:45 UTC 2018: None match not added in database because it already exists
Wed May 16 05:01:45 UTC 2018: Linking done for mahevpm__Mahendran_Jenkins test class hudson.util.io.ReopenableRotatingFileOutputStreamTest
Wed May 16 05:01:45 UTC 2018: Found element on the queue
Wed May 16 05:01:45 UTC 2018: Updating status
Wed May 16 05:01:45 UTC 2018: Working
Wed May 16 05:01:48 UTC 2018: Start mahevpm__Mahendran_Jenkins test class hudson.util.XStream2EncodingTest
Wed May 16 05:01:48 UTC 2018: Setting lastTestMethodIndex: 62528
Wed May 16 05:01:48 UTC 2018: Starting linking
Wed May 16 05:01:48 UTC 2018: Code found hudson.util.XStream2-toXMLUTF8 with hudson.util.XStream2EncodingTest-toXMLUTF8
Wed May 16 05:01:48 UTC 2018: Match not added in database because it already exists
Wed May 16 05:01:48 UTC 2018: Code found hudson.util.XStream2-toXML with hudson.util.XStream2EncodingTest-toXMLUnspecifiedEncoding
Wed May 16 05:01:48 UTC 2018: Match not added in database because it already exists
Wed May 16 05:01:48 UTC 2018: Linking done for mahevpm__Mahendran_Jenkins test class hudson.util.XStream2EncodingTest
Wed May 16 05:01:49 UTC 2018: Found element on the queue
Wed May 16 05:01:49 UTC 2018: Updating status
Wed May 16 05:01:49 UTC 2018: Working
Wed May 16 05:01:51 UTC 2018: Start mahevpm__Mahendran_Jenkins test class hudson.util.IteratorsTest
Wed May 16 05:01:51 UTC 2018: Setting lastTestMethodIndex: 62529
Wed May 16 05:01:51 UTC 2018: Starting linking
Wed May 16 05:01:51 UTC 2018: No code found hudson.util.Iterators-reverseSequence with hudson.util.IteratorsTest-reverseSequence
Wed May 16 05:01:51 UTC 2018: No code found hudson.util.Iterators-wrap with hudson.util.IteratorsTest-wrap
Wed May 16 05:01:52 UTC 2018: No code found hudson.util.Iterators-sequence with hudson.util.IteratorsTest-sequence
Wed May 16 05:01:52 UTC 2018: No code found hudson.util.Iterators-limit with hudson.util.IteratorsTest-limit
Wed May 16 05:01:53 UTC 2018: Linking done for mahevpm__Mahendran_Jenkins test class hudson.util.IteratorsTest
Wed May 16 05:01:53 UTC 2018: Found element on the queue
Wed May 16 05:01:53 UTC 2018: Updating status
Wed May 16 05:01:53 UTC 2018: Working
Wed May 16 05:01:56 UTC 2018: Start mahevpm__Mahendran_Jenkins test class hudson.util.DirScannerTest
Wed May 16 05:01:56 UTC 2018: Setting lastTestMethodIndex: 62531
Wed May 16 05:01:56 UTC 2018: Starting linking
Wed May 16 05:01:56 UTC 2018: No link for: hudson.util.DirScannerTest-globShouldIgnoreDefaultExcludesByRequest
Wed May 16 05:01:57 UTC 2018: None match not added in database because it already exists
Wed May 16 05:01:57 UTC 2018: No link for: hudson.util.DirScannerTest-globShouldUseDefaultExcludes
Wed May 16 05:01:57 UTC 2018: None match not added in database because it already exists
Wed May 16 05:01:57 UTC 2018: Linking done for mahevpm__Mahendran_Jenkins test class hudson.util.DirScannerTest
Wed May 16 05:01:57 UTC 2018: Found element on the queue
Wed May 16 05:01:57 UTC 2018: Updating status
Wed May 16 05:01:57 UTC 2018: Working
Wed May 16 05:02:00 UTC 2018: Start mahevpm__Mahendran_Jenkins test class hudson.util.PackedMapTest
Wed May 16 05:02:00 UTC 2018: Setting lastTestMethodIndex: 62533
Wed May 16 05:02:00 UTC 2018: Starting linking
Wed May 16 05:02:00 UTC 2018: Linking done for mahevpm__Mahendran_Jenkins test class hudson.util.PackedMapTest
Wed May 16 05:02:01 UTC 2018: Found element on the queue
Wed May 16 05:02:01 UTC 2018: Updating status
Wed May 16 05:02:01 UTC 2018: Working
Wed May 16 05:02:03 UTC 2018: Start mahevpm__Mahendran_Jenkins test class hudson.util.XStream2Test
Wed May 16 05:02:03 UTC 2018: Setting lastTestMethodIndex: 62534
Wed May 16 05:02:03 UTC 2018: Starting linking
Wed May 16 05:02:03 UTC 2018: Linking done for mahevpm__Mahendran_Jenkins test class hudson.util.XStream2Test
Wed May 16 05:02:04 UTC 2018: Found element on the queue
Wed May 16 05:02:04 UTC 2018: Updating status
Wed May 16 05:02:04 UTC 2018: Working
Wed May 16 05:02:06 UTC 2018: Start mahevpm__Mahendran_Jenkins test class hudson.util.LineEndNormalizingWriterTest
Wed May 16 05:02:06 UTC 2018: Setting lastTestMethodIndex: 62536
Wed May 16 05:02:06 UTC 2018: Starting linking
Wed May 16 05:02:06 UTC 2018: No link for: hudson.util.LineEndNormalizingWriterTest-test1
Wed May 16 05:02:06 UTC 2018: None match not added in database because it already exists
Wed May 16 05:02:06 UTC 2018: No link for: hudson.util.LineEndNormalizingWriterTest-test2
Wed May 16 05:02:07 UTC 2018: None match not added in database because it already exists
Wed May 16 05:02:07 UTC 2018: No link for: hudson.util.LineEndNormalizingWriterTest-test3
Wed May 16 05:02:07 UTC 2018: None match not added in database because it already exists
Wed May 16 05:02:07 UTC 2018: Linking done for mahevpm__Mahendran_Jenkins test class hudson.util.LineEndNormalizingWriterTest
Wed May 16 05:02:08 UTC 2018: Found element on the queue
Wed May 16 05:02:08 UTC 2018: Updating status
Wed May 16 05:02:08 UTC 2018: Working
Wed May 16 05:02:10 UTC 2018: Start mahevpm__Mahendran_Jenkins test class hudson.EnvVarsTest
Wed May 16 05:02:10 UTC 2018: Setting lastTestMethodIndex: 62538
Wed May 16 05:02:10 UTC 2018: Starting linking
Wed May 16 05:02:10 UTC 2018: No code found hudson.EnvVars-overrideExpandingAll with hudson.EnvVarsTest-overrideExpandingAll
Wed May 16 05:02:10 UTC 2018: No link for: hudson.EnvVarsTest-overrideOrderCalculatorCyclic
Wed May 16 05:02:11 UTC 2018: None match not added in database because it already exists
Wed May 16 05:02:11 UTC 2018: No link for: hudson.EnvVarsTest-caseInsensitive
Wed May 16 05:02:11 UTC 2018: None match not added in database because it already exists
Wed May 16 05:02:11 UTC 2018: No link for: hudson.EnvVarsTest-overrideOrderCalculatorSelfReference
Wed May 16 05:02:12 UTC 2018: None match not added in database because it already exists
Wed May 16 05:02:12 UTC 2018: No link for: hudson.EnvVarsTest-overrideOrderCalculatorMultiple
Wed May 16 05:02:12 UTC 2018: None match not added in database because it already exists
Wed May 16 05:02:12 UTC 2018: No link for: hudson.EnvVarsTest-overrideOrderCalculatorSimple
Wed May 16 05:02:12 UTC 2018: None match not added in database because it already exists
Wed May 16 05:02:12 UTC 2018: No link for: hudson.EnvVarsTest-overrideOrderCalculatorInOrder
Wed May 16 05:02:13 UTC 2018: None match not added in database because it already exists
Wed May 16 05:02:13 UTC 2018: Linking done for mahevpm__Mahendran_Jenkins test class hudson.EnvVarsTest
Wed May 16 05:02:13 UTC 2018: Found element on the queue
Wed May 16 05:02:13 UTC 2018: Updating status
Wed May 16 05:02:13 UTC 2018: Working
Wed May 16 05:02:16 UTC 2018: Start mahevpm__Mahendran_Jenkins test class hudson.util.ConsistentHashTest
Wed May 16 05:02:16 UTC 2018: Setting lastTestMethodIndex: 62541
Wed May 16 05:02:16 UTC 2018: Starting linking
Wed May 16 05:02:16 UTC 2018: No link for: hudson.util.ConsistentHashTest-countAllPoints
Wed May 16 05:02:16 UTC 2018: None match not added in database because it already exists
Wed May 16 05:02:16 UTC 2018: No link for: hudson.util.ConsistentHashTest-speed
Wed May 16 05:02:16 UTC 2018: None match not added in database because it already exists
Wed May 16 05:02:16 UTC 2018: No link for: hudson.util.ConsistentHashTest-emptyBehavior
Wed May 16 05:02:17 UTC 2018: None match not added in database because it already exists
Wed May 16 05:02:17 UTC 2018: No link for: hudson.util.ConsistentHashTest-defaultReplicationIsOneHundred
Wed May 16 05:02:17 UTC 2018: None match not added in database because it already exists
Wed May 16 05:02:17 UTC 2018: No link for: hudson.util.ConsistentHashTest-usesCustomHash
Wed May 16 05:02:18 UTC 2018: None match not added in database because it already exists
Wed May 16 05:02:18 UTC 2018: No link for: hudson.util.ConsistentHashTest-setCustomDefaultReplication
Wed May 16 05:02:18 UTC 2018: None match not added in database because it already exists
Wed May 16 05:02:18 UTC 2018: No link for: hudson.util.ConsistentHashTest-removal
Wed May 16 05:02:18 UTC 2018: None match not added in database because it already exists
Wed May 16 05:02:18 UTC 2018: No link for: hudson.util.ConsistentHashTest-basic
Wed May 16 05:02:19 UTC 2018: None match not added in database because it already exists
Wed May 16 05:02:19 UTC 2018: No link for: hudson.util.ConsistentHashTest-unevenDistribution
Wed May 16 05:02:19 UTC 2018: None match not added in database because it already exists
Wed May 16 05:02:19 UTC 2018: Linking done for mahevpm__Mahendran_Jenkins test class hudson.util.ConsistentHashTest
Wed May 16 05:02:19 UTC 2018: Found element on the queue
Wed May 16 05:02:19 UTC 2018: Updating status
Wed May 16 05:02:19 UTC 2018: Working
Wed May 16 05:02:22 UTC 2018: Start mahevpm__Mahendran_Jenkins test class hudson.util.ProcessTreeTest
Wed May 16 05:02:22 UTC 2018: Setting lastTestMethodIndex: 62544
Wed May 16 05:02:22 UTC 2018: Starting linking
Wed May 16 05:02:22 UTC 2018: Linking done for mahevpm__Mahendran_Jenkins test class hudson.util.ProcessTreeTest
Wed May 16 05:02:23 UTC 2018: Found element on the queue
Wed May 16 05:02:23 UTC 2018: Updating status
Wed May 16 05:02:23 UTC 2018: Working
Wed May 16 05:02:25 UTC 2018: Start mahevpm__Mahendran_Jenkins test class hudson.cli.handlers.ViewOptionHandlerTest
Wed May 16 05:02:25 UTC 2018: Setting lastTestMethodIndex: 62546
Wed May 16 05:02:25 UTC 2018: Starting linking
Wed May 16 05:02:25 UTC 2018: No link for: hudson.cli.handlers.ViewOptionHandlerTest-reportNonexistentInnerView
Wed May 16 05:02:26 UTC 2018: None match not added in database because it already exists
Wed May 16 05:02:26 UTC 2018: No link for: hudson.cli.handlers.ViewOptionHandlerTest-refuseToReadNestedView
Wed May 16 05:02:26 UTC 2018: None match not added in database because it already exists
Wed May 16 05:02:26 UTC 2018: No link for: hudson.cli.handlers.ViewOptionHandlerTest-resolveNestedView
Wed May 16 05:02:26 UTC 2018: None match not added in database because it already exists
Wed May 16 05:02:26 UTC 2018: No link for: hudson.cli.handlers.ViewOptionHandlerTest-ignoreLeadingAndTrailingSlashes
Wed May 16 05:02:27 UTC 2018: None match not added in database because it already exists
Wed May 16 05:02:27 UTC 2018: No link for: hudson.cli.handlers.ViewOptionHandlerTest-reportViewSpaceNameRequestAsIAE
Wed May 16 05:02:27 UTC 2018: None match not added in database because it already exists
Wed May 16 05:02:27 UTC 2018: No link for: hudson.cli.handlers.ViewOptionHandlerTest-reportTraversingViewThatIsNotAViewGroup
Wed May 16 05:02:27 UTC 2018: None match not added in database because it already exists
Wed May 16 05:02:27 UTC 2018: No link for: hudson.cli.handlers.ViewOptionHandlerTest-reportNullViewAsNPE
Wed May 16 05:02:28 UTC 2018: None match not added in database because it already exists
Wed May 16 05:02:28 UTC 2018: No link for: hudson.cli.handlers.ViewOptionHandlerTest-resolveOuterView
Wed May 16 05:02:28 UTC 2018: None match not added in database because it already exists
Wed May 16 05:02:28 UTC 2018: No link for: hudson.cli.handlers.ViewOptionHandlerTest-reportNonexistentNestedView
Wed May 16 05:02:28 UTC 2018: None match not added in database because it already exists
Wed May 16 05:02:28 UTC 2018: No link for: hudson.cli.handlers.ViewOptionHandlerTest-refuseToReadOuterView
Wed May 16 05:02:29 UTC 2018: None match not added in database because it already exists
Wed May 16 05:02:29 UTC 2018: No link for: hudson.cli.handlers.ViewOptionHandlerTest-reportEmptyViewNameRequestAsNull
Wed May 16 05:02:29 UTC 2018: None match not added in database because it already exists
Wed May 16 05:02:29 UTC 2018: No link for: hudson.cli.handlers.ViewOptionHandlerTest-reportNonexistentTopLevelView
Wed May 16 05:02:29 UTC 2018: None match not added in database because it already exists
Wed May 16 05:02:29 UTC 2018: No link for: hudson.cli.handlers.ViewOptionHandlerTest-refuseToReadInnerView
Wed May 16 05:02:30 UTC 2018: None match not added in database because it already exists
Wed May 16 05:02:30 UTC 2018: No link for: hudson.cli.handlers.ViewOptionHandlerTest-resolveTopLevelView
Wed May 16 05:02:30 UTC 2018: None match not added in database because it already exists
Wed May 16 05:02:30 UTC 2018: Linking done for mahevpm__Mahendran_Jenkins test class hudson.cli.handlers.ViewOptionHandlerTest
Wed May 16 05:02:30 UTC 2018: Found element on the queue
Wed May 16 05:02:30 UTC 2018: Updating status
Wed May 16 05:02:30 UTC 2018: Working
Wed May 16 05:02:33 UTC 2018: Start mahevpm__Mahendran_Jenkins test class hudson.cli.ListJobsCommandTest
Wed May 16 05:02:33 UTC 2018: Setting lastTestMethodIndex: 62550
Wed May 16 05:02:33 UTC 2018: Starting linking
Wed May 16 05:02:33 UTC 2018: No link for: hudson.cli.ListJobsCommandTest-failForNonexistingName
Wed May 16 05:02:33 UTC 2018: None match not added in database because it already exists
Wed May 16 05:02:33 UTC 2018: No link for: hudson.cli.ListJobsCommandTest-getAllJobsForEmptyName
Wed May 16 05:02:34 UTC 2018: No link for: hudson.cli.ListJobsCommandTest-getJobsFromView
Wed May 16 05:02:34 UTC 2018: No link for: hudson.cli.ListJobsCommandTest-getAllJobsFromFolders
Wed May 16 05:02:34 UTC 2018: None match not added in database because it already exists
Wed May 16 05:02:34 UTC 2018: No link for: hudson.cli.ListJobsCommandTest-getJobsRecursivelyFromViewGroup
Wed May 16 05:02:35 UTC 2018: Linking done for mahevpm__Mahendran_Jenkins test class hudson.cli.ListJobsCommandTest
Wed May 16 05:02:35 UTC 2018: Found element on the queue
Wed May 16 05:02:35 UTC 2018: Updating status
Wed May 16 05:02:35 UTC 2018: Working
Wed May 16 05:02:38 UTC 2018: Start mahevpm__Mahendran_Jenkins test class hudson.FilePathTest
Wed May 16 05:02:38 UTC 2018: Setting lastTestMethodIndex: 62554
Wed May 16 05:02:38 UTC 2018: Starting linking
Wed May 16 05:02:38 UTC 2018: Code found hudson.FilePath-isUnix with hudson.FilePathTest-isUnix
Wed May 16 05:02:38 UTC 2018: No code found hudson.FilePath-tar with hudson.FilePathTest-symlinkInTar
Wed May 16 05:02:39 UTC 2018: No code found hudson.FilePath-list with hudson.FilePathTest-list
Wed May 16 05:02:39 UTC 2018: No code found hudson.FilePath-copyToWithPermission with hudson.FilePathTest-copyToWithPermission
Wed May 16 05:02:39 UTC 2018: No code found hudson.FilePath-validateAntFileMask with hudson.FilePathTest-validateAntFileMaskBounded
Wed May 16 05:02:40 UTC 2018: No code found hudson.FilePath-copyTo with hudson.FilePathTest-copyTo
Wed May 16 05:02:40 UTC 2018: No code found hudson.FilePath-copyTo with hudson.FilePathTest-noFileLeakInCopyTo
Wed May 16 05:02:41 UTC 2018: No code found hudson.FilePath-copyRecursiveTo with hudson.FilePathTest-repeatCopyRecursiveTo
Wed May 16 05:02:41 UTC 2018: No code found hudson.FilePath-list with hudson.FilePathTest-listWithExcludes
Wed May 16 05:02:41 UTC 2018: No code found hudson.FilePath-moveAllChildrenTo with hudson.FilePathTest-moveAllChildrenTo
Wed May 16 05:02:42 UTC 2018: No code found hudson.FilePath-getParent with hudson.FilePathTest-getParent
Wed May 16 05:02:42 UTC 2018: No code found hudson.FilePath-list with hudson.FilePathTest-listWithDefaultExcludes
Wed May 16 05:02:42 UTC 2018: No link for: hudson.FilePathTest-installIfNecessarySkipsDownloadWhenErroneous
Wed May 16 05:02:43 UTC 2018: No link for: hudson.FilePathTest-archiveBigFile
Wed May 16 05:02:43 UTC 2018: No link for: hudson.FilePathTest-compressTarUntarRoundTrip
Wed May 16 05:02:43 UTC 2018: No link for: hudson.FilePathTest-errorMessageInRemoteCopyRecursive
Wed May 16 05:02:44 UTC 2018: No link for: hudson.FilePathTest-validateAntFileMask
Wed May 16 05:02:44 UTC 2018: No link for: hudson.FilePathTest-installIfNecessaryPerformsInstallation
Wed May 16 05:02:45 UTC 2018: No link for: hudson.FilePathTest-multiSegmentRelativePaths
Wed May 16 05:02:45 UTC 2018: No link for: hudson.FilePathTest-deleteLongPathOnWindows
Wed May 16 05:02:45 UTC 2018: No link for: hudson.FilePathTest-noRaceConditionInCopyTo
Wed May 16 05:02:46 UTC 2018: None match not added in database because it already exists
Wed May 16 05:02:46 UTC 2018: No link for: hudson.FilePathTest-installIfNecessaryAvoidsExcessiveDownloadsByUsingIfModifiedSince
Wed May 16 05:02:46 UTC 2018: No link for: hudson.FilePathTest-archiveBug
Wed May 16 05:02:46 UTC 2018: No link for: hudson.FilePathTest-testEOFbrokenFlush
Wed May 16 05:02:47 UTC 2018: No link for: hudson.FilePathTest-normalization
Wed May 16 05:02:47 UTC 2018: Linking done for mahevpm__Mahendran_Jenkins test class hudson.FilePathTest
