Wed May 16 06:52:17 UTC 2018: Database:jdbc:mysql://localhost:3306/unittests
Wed May 16 06:52:18 UTC 2018: Starting
Wed May 16 06:52:18 UTC 2018: Found element on the queue
Wed May 16 06:52:18 UTC 2018: Updating status
Wed May 16 06:52:19 UTC 2018: Working
Wed May 16 06:52:19 UTC 2018: Create project parser
Wed May 16 06:52:26 UTC 2018: Create slicer
Wed May 16 06:52:27 UTC 2018: Create call graph
Wed May 16 06:52:30 UTC 2018: Create point analysis
Wed May 16 06:52:30 UTC 2018: Create call graph done
Wed May 16 06:52:30 UTC 2018: Start mtulio__google-sites-liberation test class com.google.sites.liberation.imprt.EntryUploaderImplTest
Wed May 16 06:52:30 UTC 2018: Setting lastTestMethodIndex: 65755
Wed May 16 06:52:30 UTC 2018: Starting linking
Wed May 16 06:52:30 UTC 2018: No link for: com.google.sites.liberation.imprt.EntryUploaderImplTest-testUpdateById
Wed May 16 06:52:31 UTC 2018: None match not added in database because it already exists
Wed May 16 06:52:31 UTC 2018: No link for: com.google.sites.liberation.imprt.EntryUploaderImplTest-testUpdateByPath
Wed May 16 06:52:31 UTC 2018: None match not added in database because it already exists
Wed May 16 06:52:31 UTC 2018: No link for: com.google.sites.liberation.imprt.EntryUploaderImplTest-testInsert
Wed May 16 06:52:31 UTC 2018: None match not added in database because it already exists
Wed May 16 06:52:31 UTC 2018: Linking done for mtulio__google-sites-liberation test class com.google.sites.liberation.imprt.EntryUploaderImplTest
Wed May 16 06:52:32 UTC 2018: Found element on the queue
Wed May 16 06:52:32 UTC 2018: Updating status
Wed May 16 06:52:32 UTC 2018: Working
Wed May 16 06:52:35 UTC 2018: Start mtulio__google-sites-liberation test class com.google.sites.liberation.export.InMemoryEntryStoreTest
Wed May 16 06:52:35 UTC 2018: Setting lastTestMethodIndex: 65759
Wed May 16 06:52:35 UTC 2018: Starting linking
Wed May 16 06:52:35 UTC 2018: Code found com.google.sites.liberation.export.InMemoryEntryStore-getEntry with com.google.sites.liberation.export.InMemoryEntryStoreTest-testGetEntry
Wed May 16 06:52:35 UTC 2018: Match not added in database because it already exists
Wed May 16 06:52:35 UTC 2018: Code found com.google.sites.liberation.export.InMemoryEntryStore-getChildren with com.google.sites.liberation.export.InMemoryEntryStoreTest-testGetChildren
Wed May 16 06:52:35 UTC 2018: Match not added in database because it already exists
Wed May 16 06:52:35 UTC 2018: Linking done for mtulio__google-sites-liberation test class com.google.sites.liberation.export.InMemoryEntryStoreTest
Wed May 16 06:52:36 UTC 2018: Found element on the queue
Wed May 16 06:52:36 UTC 2018: Updating status
Wed May 16 06:52:36 UTC 2018: Working
Wed May 16 06:52:39 UTC 2018: Start mtulio__google-sites-liberation test class com.google.sites.liberation.export.PageExporterImplTest
Wed May 16 06:52:39 UTC 2018: Setting lastTestMethodIndex: 65761
Wed May 16 06:52:39 UTC 2018: Starting linking
Wed May 16 06:52:39 UTC 2018: No link for: com.google.sites.liberation.export.PageExporterImplTest-testListExport
Wed May 16 06:52:39 UTC 2018: None match not added in database because it already exists
Wed May 16 06:52:39 UTC 2018: No link for: com.google.sites.liberation.export.PageExporterImplTest-testAnnouncementsExport
Wed May 16 06:52:40 UTC 2018: None match not added in database because it already exists
Wed May 16 06:52:40 UTC 2018: No link for: com.google.sites.liberation.export.PageExporterImplTest-testNormalExport
Wed May 16 06:52:40 UTC 2018: None match not added in database because it already exists
Wed May 16 06:52:40 UTC 2018: No link for: com.google.sites.liberation.export.PageExporterImplTest-testFileCabinetExport
Wed May 16 06:52:40 UTC 2018: None match not added in database because it already exists
Wed May 16 06:52:40 UTC 2018: Linking done for mtulio__google-sites-liberation test class com.google.sites.liberation.export.PageExporterImplTest
Wed May 16 06:52:41 UTC 2018: Found element on the queue
Wed May 16 06:52:41 UTC 2018: Updating status
Wed May 16 06:52:41 UTC 2018: Working
Wed May 16 06:52:44 UTC 2018: Start mtulio__google-sites-liberation test class com.google.sites.liberation.export.RevisionExporterImplTest
Wed May 16 06:52:44 UTC 2018: Setting lastTestMethodIndex: 65765
Wed May 16 06:52:44 UTC 2018: Starting linking
Wed May 16 06:52:44 UTC 2018: No link for: com.google.sites.liberation.export.RevisionExporterImplTest-testListPageRevision
Wed May 16 06:52:44 UTC 2018: None match not added in database because it already exists
Wed May 16 06:52:44 UTC 2018: No link for: com.google.sites.liberation.export.RevisionExporterImplTest-testNormalRevision
Wed May 16 06:52:45 UTC 2018: None match not added in database because it already exists
Wed May 16 06:52:45 UTC 2018: Linking done for mtulio__google-sites-liberation test class com.google.sites.liberation.export.RevisionExporterImplTest
Wed May 16 06:52:45 UTC 2018: Found element on the queue
Wed May 16 06:52:45 UTC 2018: Updating status
Wed May 16 06:52:45 UTC 2018: Working
Wed May 16 06:52:48 UTC 2018: Start mtulio__google-sites-liberation test class com.google.sites.liberation.export.SiteExporterImplTest
Wed May 16 06:52:48 UTC 2018: Setting lastTestMethodIndex: 65767
Wed May 16 06:52:48 UTC 2018: Starting linking
Wed May 16 06:52:48 UTC 2018: No link for: com.google.sites.liberation.export.SiteExporterImplTest-testEmptyExport
Wed May 16 06:52:48 UTC 2018: None match not added in database because it already exists
Wed May 16 06:52:48 UTC 2018: No link for: com.google.sites.liberation.export.SiteExporterImplTest-testOnePageWithAttachment
Wed May 16 06:52:49 UTC 2018: None match not added in database because it already exists
Wed May 16 06:52:49 UTC 2018: No link for: com.google.sites.liberation.export.SiteExporterImplTest-testSeveralOfEach
Wed May 16 06:52:49 UTC 2018: None match not added in database because it already exists
Wed May 16 06:52:49 UTC 2018: No link for: com.google.sites.liberation.export.SiteExporterImplTest-testOnePage
Wed May 16 06:52:49 UTC 2018: None match not added in database because it already exists
Wed May 16 06:52:49 UTC 2018: Linking done for mtulio__google-sites-liberation test class com.google.sites.liberation.export.SiteExporterImplTest
Wed May 16 06:52:50 UTC 2018: Found element on the queue
Wed May 16 06:52:50 UTC 2018: Updating status
Wed May 16 06:52:50 UTC 2018: Working
Wed May 16 06:52:53 UTC 2018: Start mtulio__google-sites-liberation test class com.google.sites.liberation.parsers.TitleParserImplTest
Wed May 16 06:52:53 UTC 2018: Setting lastTestMethodIndex: 65769
Wed May 16 06:52:53 UTC 2018: Starting linking
Wed May 16 06:52:53 UTC 2018: No link for: com.google.sites.liberation.parsers.TitleParserImplTest-testNormalCase
Wed May 16 06:52:53 UTC 2018: None match not added in database because it already exists
Wed May 16 06:52:53 UTC 2018: No link for: com.google.sites.liberation.parsers.TitleParserImplTest-testComplicatedStructure
Wed May 16 06:52:54 UTC 2018: None match not added in database because it already exists
Wed May 16 06:52:54 UTC 2018: Linking done for mtulio__google-sites-liberation test class com.google.sites.liberation.parsers.TitleParserImplTest
Wed May 16 06:52:54 UTC 2018: Found element on the queue
Wed May 16 06:52:54 UTC 2018: Updating status
Wed May 16 06:52:54 UTC 2018: Working
Wed May 16 06:52:57 UTC 2018: Start mtulio__google-sites-liberation test class com.google.sites.liberation.parsers.AuthorParserImplTest
Wed May 16 06:52:57 UTC 2018: Setting lastTestMethodIndex: 65772
Wed May 16 06:52:57 UTC 2018: Starting linking
Wed May 16 06:52:57 UTC 2018: No link for: com.google.sites.liberation.parsers.AuthorParserImplTest-testN
Wed May 16 06:52:57 UTC 2018: None match not added in database because it already exists
Wed May 16 06:52:57 UTC 2018: No link for: com.google.sites.liberation.parsers.AuthorParserImplTest-testNAndEmail
Wed May 16 06:52:58 UTC 2018: None match not added in database because it already exists
Wed May 16 06:52:58 UTC 2018: No link for: com.google.sites.liberation.parsers.AuthorParserImplTest-testFn
Wed May 16 06:52:58 UTC 2018: None match not added in database because it already exists
Wed May 16 06:52:58 UTC 2018: No link for: com.google.sites.liberation.parsers.AuthorParserImplTest-testEmail
Wed May 16 06:52:59 UTC 2018: None match not added in database because it already exists
Wed May 16 06:52:59 UTC 2018: Linking done for mtulio__google-sites-liberation test class com.google.sites.liberation.parsers.AuthorParserImplTest
Wed May 16 06:52:59 UTC 2018: Found element on the queue
Wed May 16 06:52:59 UTC 2018: Updating status
Wed May 16 06:52:59 UTC 2018: Working
Wed May 16 06:53:02 UTC 2018: Start mtulio__google-sites-liberation test class com.google.sites.liberation.parsers.UpdatedParserImplTest
Wed May 16 06:53:02 UTC 2018: Setting lastTestMethodIndex: 65776
Wed May 16 06:53:02 UTC 2018: Starting linking
Wed May 16 06:53:02 UTC 2018: No link for: com.google.sites.liberation.parsers.UpdatedParserImplTest-testInvalidDate
Wed May 16 06:53:02 UTC 2018: None match not added in database because it already exists
Wed May 16 06:53:02 UTC 2018: No link for: com.google.sites.liberation.parsers.UpdatedParserImplTest-testValidDate
Wed May 16 06:53:03 UTC 2018: None match not added in database because it already exists
Wed May 16 06:53:03 UTC 2018: Linking done for mtulio__google-sites-liberation test class com.google.sites.liberation.parsers.UpdatedParserImplTest
Wed May 16 06:53:03 UTC 2018: Found element on the queue
Wed May 16 06:53:03 UTC 2018: Updating status
Wed May 16 06:53:03 UTC 2018: Working
Wed May 16 06:53:06 UTC 2018: Start mtulio__google-sites-liberation test class com.google.sites.liberation.parsers.FieldParserImplTest
Wed May 16 06:53:06 UTC 2018: Setting lastTestMethodIndex: 65778
Wed May 16 06:53:06 UTC 2018: Starting linking
Wed May 16 06:53:06 UTC 2018: No link for: com.google.sites.liberation.parsers.FieldParserImplTest-testNormalCase
Wed May 16 06:53:06 UTC 2018: None match not added in database because it already exists
Wed May 16 06:53:06 UTC 2018: No link for: com.google.sites.liberation.parsers.FieldParserImplTest-testComplicatedStructure
Wed May 16 06:53:07 UTC 2018: None match not added in database because it already exists
Wed May 16 06:53:07 UTC 2018: Linking done for mtulio__google-sites-liberation test class com.google.sites.liberation.parsers.FieldParserImplTest
Wed May 16 06:53:07 UTC 2018: Found element on the queue
Wed May 16 06:53:07 UTC 2018: Updating status
Wed May 16 06:53:07 UTC 2018: Working
Wed May 16 06:53:09 UTC 2018: Start mtulio__google-sites-liberation test class com.google.sites.liberation.parsers.SummaryParserImplTest
Wed May 16 06:53:09 UTC 2018: Setting lastTestMethodIndex: 65779
Wed May 16 06:53:09 UTC 2018: Starting linking
Wed May 16 06:53:09 UTC 2018: No link for: com.google.sites.liberation.parsers.SummaryParserImplTest-testNormalCase
Wed May 16 06:53:10 UTC 2018: None match not added in database because it already exists
Wed May 16 06:53:10 UTC 2018: No link for: com.google.sites.liberation.parsers.SummaryParserImplTest-testComplicatedStructure
Wed May 16 06:53:10 UTC 2018: None match not added in database because it already exists
Wed May 16 06:53:10 UTC 2018: Linking done for mtulio__google-sites-liberation test class com.google.sites.liberation.parsers.SummaryParserImplTest
Wed May 16 06:53:11 UTC 2018: Found element on the queue
Wed May 16 06:53:11 UTC 2018: Updating status
Wed May 16 06:53:11 UTC 2018: Working
Wed May 16 06:53:14 UTC 2018: Start mtulio__google-sites-liberation test class com.google.sites.liberation.parsers.EntryParserImplTest
Wed May 16 06:53:14 UTC 2018: Setting lastTestMethodIndex: 65781
Wed May 16 06:53:14 UTC 2018: Starting linking
Wed May 16 06:53:14 UTC 2018: No link for: com.google.sites.liberation.parsers.EntryParserImplTest-testNormalPage
Wed May 16 06:53:14 UTC 2018: None match not added in database because it already exists
Wed May 16 06:53:14 UTC 2018: No link for: com.google.sites.liberation.parsers.EntryParserImplTest-testFieldParsing
Wed May 16 06:53:15 UTC 2018: None match not added in database because it already exists
Wed May 16 06:53:15 UTC 2018: No link for: com.google.sites.liberation.parsers.EntryParserImplTest-testUnusualStructure
Wed May 16 06:53:15 UTC 2018: None match not added in database because it already exists
Wed May 16 06:53:15 UTC 2018: No link for: com.google.sites.liberation.parsers.EntryParserImplTest-testDataParsing
Wed May 16 06:53:16 UTC 2018: None match not added in database because it already exists
Wed May 16 06:53:16 UTC 2018: No link for: com.google.sites.liberation.parsers.EntryParserImplTest-testWithChildren
Wed May 16 06:53:16 UTC 2018: None match not added in database because it already exists
Wed May 16 06:53:16 UTC 2018: Linking done for mtulio__google-sites-liberation test class com.google.sites.liberation.parsers.EntryParserImplTest
Wed May 16 06:53:16 UTC 2018: Found element on the queue
Wed May 16 06:53:16 UTC 2018: Updating status
Wed May 16 06:53:16 UTC 2018: Working
Wed May 16 06:53:19 UTC 2018: Start mtulio__google-sites-liberation test class com.google.sites.liberation.parsers.ContentParserImplTest
Wed May 16 06:53:19 UTC 2018: Setting lastTestMethodIndex: 65784
Wed May 16 06:53:19 UTC 2018: Starting linking
Wed May 16 06:53:19 UTC 2018: No link for: com.google.sites.liberation.parsers.ContentParserImplTest-testEmptyXhtmlContent
Wed May 16 06:53:20 UTC 2018: None match not added in database because it already exists
Wed May 16 06:53:20 UTC 2018: No link for: com.google.sites.liberation.parsers.ContentParserImplTest-testJustTextXhtmlContent
Wed May 16 06:53:20 UTC 2018: None match not added in database because it already exists
Wed May 16 06:53:20 UTC 2018: No link for: com.google.sites.liberation.parsers.ContentParserImplTest-testNormalXhtmlContent
Wed May 16 06:53:20 UTC 2018: None match not added in database because it already exists
Wed May 16 06:53:20 UTC 2018: Linking done for mtulio__google-sites-liberation test class com.google.sites.liberation.parsers.ContentParserImplTest
Wed May 16 06:53:21 UTC 2018: Found element on the queue
Wed May 16 06:53:21 UTC 2018: Updating status
Wed May 16 06:53:21 UTC 2018: Working
Wed May 16 06:53:23 UTC 2018: Start mtulio__google-sites-liberation test class com.google.sites.liberation.parsers.DataParserImplTest
Wed May 16 06:53:23 UTC 2018: Setting lastTestMethodIndex: 65787
Wed May 16 06:53:23 UTC 2018: Starting linking
Wed May 16 06:53:23 UTC 2018: No link for: com.google.sites.liberation.parsers.DataParserImplTest-testComplicatedStructure
Wed May 16 06:53:24 UTC 2018: None match not added in database because it already exists
Wed May 16 06:53:24 UTC 2018: No link for: com.google.sites.liberation.parsers.DataParserImplTest-testNormalData
Wed May 16 06:53:24 UTC 2018: None match not added in database because it already exists
Wed May 16 06:53:24 UTC 2018: Linking done for mtulio__google-sites-liberation test class com.google.sites.liberation.parsers.DataParserImplTest
Wed May 16 06:53:25 UTC 2018: Found element on the queue
Wed May 16 06:53:25 UTC 2018: Updating status
Wed May 16 06:53:25 UTC 2018: Working
Wed May 16 06:53:27 UTC 2018: Start mtulio__google-sites-liberation test class com.google.sites.liberation.util.EntryTypeTest
Wed May 16 06:53:27 UTC 2018: Setting lastTestMethodIndex: 65789
Wed May 16 06:53:27 UTC 2018: Starting linking
Wed May 16 06:53:27 UTC 2018: No link for: com.google.sites.liberation.util.EntryTypeTest-testGetType
Wed May 16 06:53:28 UTC 2018: None match not added in database because it already exists
Wed May 16 06:53:28 UTC 2018: No link for: com.google.sites.liberation.util.EntryTypeTest-testIsPage
Wed May 16 06:53:28 UTC 2018: None match not added in database because it already exists
Wed May 16 06:53:28 UTC 2018: Linking done for mtulio__google-sites-liberation test class com.google.sites.liberation.util.EntryTypeTest
Wed May 16 06:53:29 UTC 2018: Found element on the queue
Wed May 16 06:53:29 UTC 2018: Updating status
Wed May 16 06:53:29 UTC 2018: Working
Wed May 16 06:53:31 UTC 2018: Start mtulio__google-sites-liberation test class com.google.sites.liberation.util.XmlElementTest
Wed May 16 06:53:31 UTC 2018: Setting lastTestMethodIndex: 65791
Wed May 16 06:53:31 UTC 2018: Starting linking
Wed May 16 06:53:32 UTC 2018: Code found com.google.sites.liberation.util.XmlElement-addXml with com.google.sites.liberation.util.XmlElementTest-testAddXml
Wed May 16 06:53:32 UTC 2018: Match not added in database because it already exists
Wed May 16 06:53:32 UTC 2018: Code found com.google.sites.liberation.util.XmlElement-setAttribute with com.google.sites.liberation.util.XmlElementTest-testSetAttribute
Wed May 16 06:53:32 UTC 2018: Match not added in database because it already exists
Wed May 16 06:53:32 UTC 2018: Code found com.google.sites.liberation.util.XmlElement-addText with com.google.sites.liberation.util.XmlElementTest-testAddText
Wed May 16 06:53:33 UTC 2018: Match not added in database because it already exists
Wed May 16 06:53:33 UTC 2018: No link for: com.google.sites.liberation.util.XmlElementTest-testConstructor
Wed May 16 06:53:33 UTC 2018: None match not added in database because it already exists
Wed May 16 06:53:33 UTC 2018: No link for: com.google.sites.liberation.util.XmlElementTest-testAddChild
Wed May 16 06:53:34 UTC 2018: None match not added in database because it already exists
Wed May 16 06:53:34 UTC 2018: Linking done for mtulio__google-sites-liberation test class com.google.sites.liberation.util.XmlElementTest
Wed May 16 06:53:34 UTC 2018: Found element on the queue
Wed May 16 06:53:34 UTC 2018: Updating status
Wed May 16 06:53:34 UTC 2018: Working
Wed May 16 06:53:37 UTC 2018: Start mtulio__google-sites-liberation test class com.google.sites.liberation.util.UrlUtilsTest
Wed May 16 06:53:37 UTC 2018: Setting lastTestMethodIndex: 65795
Wed May 16 06:53:37 UTC 2018: Starting linking
Wed May 16 06:53:37 UTC 2018: Code found com.google.sites.liberation.util.UrlUtils-getFeedUrl with com.google.sites.liberation.util.UrlUtilsTest-testGetFeedUrl
Wed May 16 06:53:37 UTC 2018: Match not added in database because it already exists
Wed May 16 06:53:37 UTC 2018: Code found com.google.sites.liberation.util.UrlUtils-getSiteUrl with com.google.sites.liberation.util.UrlUtilsTest-testGetSiteUrl
Wed May 16 06:53:38 UTC 2018: Match not added in database because it already exists
Wed May 16 06:53:38 UTC 2018: Linking done for mtulio__google-sites-liberation test class com.google.sites.liberation.util.UrlUtilsTest
Wed May 16 06:53:38 UTC 2018: Found element on the queue
Wed May 16 06:53:38 UTC 2018: Updating status
Wed May 16 06:53:38 UTC 2018: Working
Wed May 16 06:53:41 UTC 2018: Start mtulio__google-sites-liberation test class com.google.sites.liberation.util.GuiProgressListenerTest
Wed May 16 06:53:41 UTC 2018: Setting lastTestMethodIndex: 65796
Wed May 16 06:53:41 UTC 2018: Starting linking
Wed May 16 06:53:41 UTC 2018: Code found com.google.sites.liberation.util.GuiProgressListener-setProgress with com.google.sites.liberation.util.GuiProgressListenerTest-testSetProgress
Wed May 16 06:53:41 UTC 2018: Match not added in database because it already exists
Wed May 16 06:53:41 UTC 2018: Code found com.google.sites.liberation.util.GuiProgressListener-setStatus with com.google.sites.liberation.util.GuiProgressListenerTest-testSetStatus
Wed May 16 06:53:42 UTC 2018: Match not added in database because it already exists
Wed May 16 06:53:42 UTC 2018: Linking done for mtulio__google-sites-liberation test class com.google.sites.liberation.util.GuiProgressListenerTest
