Tue May 15 17:18:56 UTC 2018: Database:jdbc:mysql://localhost:3306/unittests
Tue May 15 17:18:56 UTC 2018: Starting
Tue May 15 17:18:57 UTC 2018: Found element on the queue
Tue May 15 17:18:57 UTC 2018: Updating status
Tue May 15 17:18:57 UTC 2018: Working
Tue May 15 17:18:57 UTC 2018: Create project parser
Tue May 15 17:19:02 UTC 2018: Create slicer
Tue May 15 17:19:04 UTC 2018: Create call graph
Tue May 15 17:19:05 UTC 2018: Create point analysis
Tue May 15 17:19:05 UTC 2018: Create call graph done
Tue May 15 17:19:05 UTC 2018: Start fernaspiazu__recruiting-old-style test class it.f2informatica.test.services.domain.authentication.AuthenticationServiceTest
Tue May 15 17:19:05 UTC 2018: Setting lastTestMethodIndex: 39886
Tue May 15 17:19:05 UTC 2018: Starting linking
Tue May 15 17:19:05 UTC 2018: Code found it.f2informatica.core.services.AuthenticationServiceImpl-processLogin with it.f2informatica.test.services.domain.authentication.AuthenticationServiceTest-processLoginTest
Tue May 15 17:19:05 UTC 2018: Linking done for fernaspiazu__recruiting-old-style test class it.f2informatica.test.services.domain.authentication.AuthenticationServiceTest
Tue May 15 17:19:05 UTC 2018: Found element on the queue
Tue May 15 17:19:05 UTC 2018: Updating status
Tue May 15 17:19:05 UTC 2018: Working
Tue May 15 17:19:08 UTC 2018: Start fernaspiazu__recruiting-old-style test class it.f2informatica.test.services.domain.consultant.ConsultantServiceTest
Tue May 15 17:19:08 UTC 2018: Setting lastTestMethodIndex: 39888
Tue May 15 17:19:08 UTC 2018: Starting linking
Tue May 15 17:19:08 UTC 2018: Code found it.f2informatica.core.services.ConsultantServiceImpl-findConsultantById with it.f2informatica.test.services.domain.consultant.ConsultantServiceTest-findConsultantByIdTest
Tue May 15 17:19:08 UTC 2018: No link for: it.f2informatica.test.services.domain.consultant.ConsultantServiceTest-assertThatShowAllConsultantsMethodWorks
Tue May 15 17:19:08 UTC 2018: No link for: it.f2informatica.test.services.domain.consultant.ConsultantServiceTest-assertFirstStepOnSavingConsultant
Tue May 15 17:19:09 UTC 2018: No link for: it.f2informatica.test.services.domain.consultant.ConsultantServiceTest-testConsultantNumberFormat
Tue May 15 17:19:09 UTC 2018: No link for: it.f2informatica.test.services.domain.consultant.ConsultantServiceTest-verifyThatTwoNumbersAreNotEqualEachOtherAfterTenRounds
Tue May 15 17:19:09 UTC 2018: Linking done for fernaspiazu__recruiting-old-style test class it.f2informatica.test.services.domain.consultant.ConsultantServiceTest
Tue May 15 17:19:10 UTC 2018: Found element on the queue
Tue May 15 17:19:10 UTC 2018: Updating status
Tue May 15 17:19:10 UTC 2018: Working
Tue May 15 17:19:12 UTC 2018: Start fernaspiazu__recruiting-old-style test class it.f2informatica.test.services.gateway.mongodb.ConsultantRepositoryGatewayMongoDBTest
Tue May 15 17:19:12 UTC 2018: Setting lastTestMethodIndex: 39890
Tue May 15 17:19:12 UTC 2018: Starting linking
Tue May 15 17:19:12 UTC 2018: Code found it.f2informatica.core.gateway.mongodb.ConsultantRepositoryGatewayMongoDB-findAllConsultants with it.f2informatica.test.services.gateway.mongodb.ConsultantRepositoryGatewayMongoDBTest-findAllConsultantsTest
Tue May 15 17:19:12 UTC 2018: No link for: it.f2informatica.test.services.gateway.mongodb.ConsultantRepositoryGatewayMongoDBTest-assertThatNoCrashWhenSavingNewConsultant
Tue May 15 17:19:12 UTC 2018: No link for: it.f2informatica.test.services.gateway.mongodb.ConsultantRepositoryGatewayMongoDBTest-findConsultantByIdTest
Tue May 15 17:19:13 UTC 2018: Linking done for fernaspiazu__recruiting-old-style test class it.f2informatica.test.services.gateway.mongodb.ConsultantRepositoryGatewayMongoDBTest
Tue May 15 17:19:13 UTC 2018: Found element on the queue
Tue May 15 17:19:13 UTC 2018: Updating status
Tue May 15 17:19:13 UTC 2018: Working
Tue May 15 17:19:16 UTC 2018: Start fernaspiazu__recruiting-old-style test class it.f2informatica.test.services.gateway.mongodb.UserRepositoryGatewayMongoDBTest
Tue May 15 17:19:16 UTC 2018: Setting lastTestMethodIndex: 39893
Tue May 15 17:19:16 UTC 2018: Starting linking
Tue May 15 17:19:16 UTC 2018: Code found it.f2informatica.core.gateway.mongodb.UserRepositoryGatewayMongoDB-updateUser with it.f2informatica.test.services.gateway.mongodb.UserRepositoryGatewayMongoDBTest-updateUser
Tue May 15 17:19:16 UTC 2018: Code found it.f2informatica.core.gateway.mongodb.UserRepositoryGatewayMongoDB-loadRoles with it.f2informatica.test.services.gateway.mongodb.UserRepositoryGatewayMongoDBTest-loadRoles
Tue May 15 17:19:16 UTC 2018: Code found it.f2informatica.core.gateway.mongodb.UserRepositoryGatewayMongoDB-findRoleByName with it.f2informatica.test.services.gateway.mongodb.UserRepositoryGatewayMongoDBTest-findRoleByName
Tue May 15 17:19:16 UTC 2018: Code found it.f2informatica.core.gateway.mongodb.UserRepositoryGatewayMongoDB-findByUsernameAndPassword with it.f2informatica.test.services.gateway.mongodb.UserRepositoryGatewayMongoDBTest-findByUsernameAndPassword
Tue May 15 17:19:16 UTC 2018: Code found it.f2informatica.core.gateway.mongodb.UserRepositoryGatewayMongoDB-saveUser with it.f2informatica.test.services.gateway.mongodb.UserRepositoryGatewayMongoDBTest-saveUser
Tue May 15 17:19:16 UTC 2018: Code found it.f2informatica.core.gateway.mongodb.UserRepositoryGatewayMongoDB-findByUsername with it.f2informatica.test.services.gateway.mongodb.UserRepositoryGatewayMongoDBTest-findByUsername
Tue May 15 17:19:16 UTC 2018: Code found it.f2informatica.core.gateway.mongodb.UserRepositoryGatewayMongoDB-findUserById with it.f2informatica.test.services.gateway.mongodb.UserRepositoryGatewayMongoDBTest-findUserById
Tue May 15 17:19:17 UTC 2018: Linking done for fernaspiazu__recruiting-old-style test class it.f2informatica.test.services.gateway.mongodb.UserRepositoryGatewayMongoDBTest
Tue May 15 17:19:17 UTC 2018: Found element on the queue
Tue May 15 17:19:17 UTC 2018: Updating status
Tue May 15 17:19:17 UTC 2018: Working
Tue May 15 17:19:19 UTC 2018: Start fernaspiazu__recruiting-old-style test class it.f2informatica.test.services.context.ServicesAppCtxTest
Tue May 15 17:19:20 UTC 2018: Setting lastTestMethodIndex: 39895
Tue May 15 17:19:20 UTC 2018: Starting linking
Tue May 15 17:19:20 UTC 2018: No link for: it.f2informatica.test.services.context.ServicesAppCtxTest-test
Tue May 15 17:19:20 UTC 2018: Linking done for fernaspiazu__recruiting-old-style test class it.f2informatica.test.services.context.ServicesAppCtxTest
Tue May 15 17:19:20 UTC 2018: Found element on the queue
Tue May 15 17:19:20 UTC 2018: Updating status
Tue May 15 17:19:20 UTC 2018: Working
Tue May 15 17:19:23 UTC 2018: Start fernaspiazu__recruiting-old-style test class it.f2informatica.test.services.domain.user.PasswordUpdaterServiceTest
Tue May 15 17:19:23 UTC 2018: Setting lastTestMethodIndex: 39897
Tue May 15 17:19:23 UTC 2018: Starting linking
Tue May 15 17:19:23 UTC 2018: Code found it.f2informatica.core.services.PasswordUpdaterServiceImpl-updatePassword with it.f2informatica.test.services.domain.user.PasswordUpdaterServiceTest-updatePasswordTest
Tue May 15 17:19:23 UTC 2018: Linking done for fernaspiazu__recruiting-old-style test class it.f2informatica.test.services.domain.user.PasswordUpdaterServiceTest
Tue May 15 17:19:23 UTC 2018: Found element on the queue
Tue May 15 17:19:23 UTC 2018: Updating status
Tue May 15 17:19:23 UTC 2018: Working
Tue May 15 17:19:26 UTC 2018: Start fernaspiazu__recruiting-old-style test class it.f2informatica.test.services.domain.user.UserServiceTest
Tue May 15 17:19:26 UTC 2018: Setting lastTestMethodIndex: 39899
Tue May 15 17:19:26 UTC 2018: Starting linking
Tue May 15 17:19:26 UTC 2018: Code found it.f2informatica.core.services.UserServiceImpl-findByUsername with it.f2informatica.test.services.domain.user.UserServiceTest-findByUsername
Tue May 15 17:19:26 UTC 2018: Code found it.f2informatica.core.services.UserServiceImpl-findRoleByName with it.f2informatica.test.services.domain.user.UserServiceTest-findRoleByName
Tue May 15 17:19:26 UTC 2018: Code found it.f2informatica.core.services.UserServiceImpl-findUserById with it.f2informatica.test.services.domain.user.UserServiceTest-findUserById
Tue May 15 17:19:26 UTC 2018: Code found it.f2informatica.core.services.UserServiceImpl-deleteUser with it.f2informatica.test.services.domain.user.UserServiceTest-deleteUserByUserId
Tue May 15 17:19:27 UTC 2018: Code found it.f2informatica.core.services.UserServiceImpl-loadRoles with it.f2informatica.test.services.domain.user.UserServiceTest-loadRoles
Tue May 15 17:19:27 UTC 2018: Code found it.f2informatica.core.services.UserServiceImpl-findByUsernameAndPassword with it.f2informatica.test.services.domain.user.UserServiceTest-findByUsernameAndPassword
Tue May 15 17:19:27 UTC 2018: Code found it.f2informatica.core.services.UserServiceImpl-saveUser with it.f2informatica.test.services.domain.user.UserServiceTest-saveUser
Tue May 15 17:19:27 UTC 2018: No link for: it.f2informatica.test.services.domain.user.UserServiceTest-findAllWithPageable
Tue May 15 17:19:27 UTC 2018: Linking done for fernaspiazu__recruiting-old-style test class it.f2informatica.test.services.domain.user.UserServiceTest
Tue May 15 17:19:28 UTC 2018: Found element on the queue
Tue May 15 17:19:28 UTC 2018: Updating status
Tue May 15 17:19:28 UTC 2018: Working
Tue May 15 17:19:28 UTC 2018: Create project parser
Tue May 15 17:19:31 UTC 2018: Start fernaspiazu__recruiting-old-style test class it.f2informatica.webapp.test.security.SecurityAccessorTest
Tue May 15 17:19:31 UTC 2018: Setting lastTestMethodIndex: 39902
Tue May 15 17:19:31 UTC 2018: Starting linking
Tue May 15 17:19:31 UTC 2018: Code found it.f2informatica.webapp.security.SecurityAccessor-getCurrentUsername with it.f2informatica.webapp.test.security.SecurityAccessorTest-getCurrentUsername
Tue May 15 17:19:31 UTC 2018: Code found it.f2informatica.webapp.security.SecurityAccessor-isCurrentUserAdmin with it.f2informatica.webapp.test.security.SecurityAccessorTest-isCurrentUserAdmin
Tue May 15 17:19:31 UTC 2018: No link for: it.f2informatica.webapp.test.security.SecurityAccessorTest-isNotCurrentUserAdminBecauseItsAnotherKindOfUser
Tue May 15 17:19:31 UTC 2018: No link for: it.f2informatica.webapp.test.security.SecurityAccessorTest-isNotCurrentUserAdmin
Tue May 15 17:19:31 UTC 2018: No link for: it.f2informatica.webapp.test.security.SecurityAccessorTest-testSecurityContextHolder
Tue May 15 17:19:32 UTC 2018: No link for: it.f2informatica.webapp.test.security.SecurityAccessorTest-isNotCurrentUserAdminBecausePrincipalIsNull
Tue May 15 17:19:32 UTC 2018: Linking done for fernaspiazu__recruiting-old-style test class it.f2informatica.webapp.test.security.SecurityAccessorTest
Tue May 15 17:19:32 UTC 2018: Found element on the queue
Tue May 15 17:19:32 UTC 2018: Updating status
Tue May 15 17:19:32 UTC 2018: Working
Tue May 15 17:19:34 UTC 2018: Start fernaspiazu__recruiting-old-style test class it.f2informatica.webapp.test.security.AuthorityServiceTest
Tue May 15 17:19:34 UTC 2018: Setting lastTestMethodIndex: 39903
Tue May 15 17:19:34 UTC 2018: Starting linking
Tue May 15 17:19:34 UTC 2018: Code found it.f2informatica.webapp.security.BasicAuthorityService-createAuthorities with it.f2informatica.webapp.test.security.AuthorityServiceTest-createAuthorities_ADMIN
Tue May 15 17:19:35 UTC 2018: Code found it.f2informatica.webapp.security.BasicAuthorityService-createAuthorities with it.f2informatica.webapp.test.security.AuthorityServiceTest-createAuthorities_USER
Tue May 15 17:19:35 UTC 2018: No link for: it.f2informatica.webapp.test.security.AuthorityServiceTest-userRoleTypes
Tue May 15 17:19:35 UTC 2018: No link for: it.f2informatica.webapp.test.security.AuthorityServiceTest-adminRoleTypes
Tue May 15 17:19:35 UTC 2018: Linking done for fernaspiazu__recruiting-old-style test class it.f2informatica.webapp.test.security.AuthorityServiceTest
