Wed May 16 00:53:14 UTC 2018: Database:jdbc:mysql://localhost:3306/unittests
Wed May 16 00:53:14 UTC 2018: Starting
Wed May 16 00:53:15 UTC 2018: Found element on the queue
Wed May 16 00:53:15 UTC 2018: Updating status
Wed May 16 00:53:15 UTC 2018: Working
Wed May 16 00:53:15 UTC 2018: Create project parser
Wed May 16 00:53:27 UTC 2018: Create slicer
Wed May 16 00:53:28 UTC 2018: Wala does not support this class: com.ibm.wala.shrikeCT.InvalidClassFileException: Class file invalid at 10: bad magic number: 1347093252
Wed May 16 00:53:30 UTC 2018: Create call graph
Wed May 16 00:53:33 UTC 2018: Create point analysis
Wed May 16 00:53:33 UTC 2018: Create call graph done
Wed May 16 00:53:33 UTC 2018: Start joansmith__seqware test class net.sourceforge.seqware.common.dao.WorkflowRunAttributeDAOTest
Wed May 16 00:53:33 UTC 2018: Setting lastTestMethodIndex: 53968
Wed May 16 00:53:33 UTC 2018: Starting linking
Wed May 16 00:53:33 UTC 2018: No link for: net.sourceforge.seqware.common.dao.WorkflowRunAttributeDAOTest-test_add_missing_required_workflowRun_field_fails
Wed May 16 00:53:33 UTC 2018: None match not added in database because it already exists
Wed May 16 00:53:33 UTC 2018: No link for: net.sourceforge.seqware.common.dao.WorkflowRunAttributeDAOTest-test_add_with_all_required_fields_succeeds
Wed May 16 00:53:33 UTC 2018: None match not added in database because it already exists
Wed May 16 00:53:33 UTC 2018: No link for: net.sourceforge.seqware.common.dao.WorkflowRunAttributeDAOTest-test_add_missing_required_fields_fails
Wed May 16 00:53:34 UTC 2018: None match not added in database because it already exists
Wed May 16 00:53:34 UTC 2018: Linking done for joansmith__seqware test class net.sourceforge.seqware.common.dao.WorkflowRunAttributeDAOTest
Wed May 16 00:53:34 UTC 2018: Found element on the queue
Wed May 16 00:53:34 UTC 2018: Updating status
Wed May 16 00:53:34 UTC 2018: Working
Wed May 16 00:53:37 UTC 2018: Start joansmith__seqware test class net.sourceforge.seqware.common.dao.WorkflowAttributeDAOTest
Wed May 16 00:53:37 UTC 2018: Setting lastTestMethodIndex: 53971
Wed May 16 00:53:37 UTC 2018: Starting linking
Wed May 16 00:53:37 UTC 2018: No link for: net.sourceforge.seqware.common.dao.WorkflowAttributeDAOTest-test_add_missing_required_workflow_field_fails
Wed May 16 00:53:37 UTC 2018: None match not added in database because it already exists
Wed May 16 00:53:37 UTC 2018: No link for: net.sourceforge.seqware.common.dao.WorkflowAttributeDAOTest-test_add_missing_required_fields_fails
Wed May 16 00:53:37 UTC 2018: None match not added in database because it already exists
Wed May 16 00:53:37 UTC 2018: No link for: net.sourceforge.seqware.common.dao.WorkflowAttributeDAOTest-test_add_with_all_required_fields_succeeds
Wed May 16 00:53:37 UTC 2018: None match not added in database because it already exists
Wed May 16 00:53:37 UTC 2018: Linking done for joansmith__seqware test class net.sourceforge.seqware.common.dao.WorkflowAttributeDAOTest
Wed May 16 00:53:38 UTC 2018: Found element on the queue
Wed May 16 00:53:38 UTC 2018: Updating status
Wed May 16 00:53:38 UTC 2018: Working
Wed May 16 00:53:40 UTC 2018: Start joansmith__seqware test class net.sourceforge.seqware.common.util.MD5GeneratorTest
Wed May 16 00:53:40 UTC 2018: Setting lastTestMethodIndex: 53973
Wed May 16 00:53:40 UTC 2018: Starting linking
Wed May 16 00:53:40 UTC 2018: Code found net.sourceforge.seqware.common.util.MD5Generator-md5sum with net.sourceforge.seqware.common.util.MD5GeneratorTest-testMd5sum
Wed May 16 00:53:41 UTC 2018: Match not added in database because it already exists
Wed May 16 00:53:41 UTC 2018: Code found net.sourceforge.seqware.common.util.MD5Generator-md5sum with net.sourceforge.seqware.common.util.MD5GeneratorTest-testMd5sum_leadingZero
Wed May 16 00:53:41 UTC 2018: Match not added in database because it already exists
Wed May 16 00:53:41 UTC 2018: Linking done for joansmith__seqware test class net.sourceforge.seqware.common.util.MD5GeneratorTest
Wed May 16 00:53:41 UTC 2018: Found element on the queue
Wed May 16 00:53:41 UTC 2018: Updating status
Wed May 16 00:53:41 UTC 2018: Working
Wed May 16 00:53:44 UTC 2018: Start joansmith__seqware test class net.sourceforge.seqware.common.util.configtools.ConfigToolsTest
Wed May 16 00:53:44 UTC 2018: Setting lastTestMethodIndex: 53976
Wed May 16 00:53:44 UTC 2018: Starting linking
Wed May 16 00:53:44 UTC 2018: Code found net.sourceforge.seqware.common.util.configtools.ConfigTools-getSettings with net.sourceforge.seqware.common.util.configtools.ConfigToolsTest-testGetSettings
Wed May 16 00:53:44 UTC 2018: Match not added in database because it already exists
Wed May 16 00:53:44 UTC 2018: Linking done for joansmith__seqware test class net.sourceforge.seqware.common.util.configtools.ConfigToolsTest
Wed May 16 00:53:45 UTC 2018: Found element on the queue
Wed May 16 00:53:45 UTC 2018: Updating status
Wed May 16 00:53:45 UTC 2018: Working
Wed May 16 00:53:47 UTC 2018: Start joansmith__seqware test class net.sourceforge.seqware.common.util.xmltools.JaxbObjectTest
Wed May 16 00:53:47 UTC 2018: Setting lastTestMethodIndex: 53979
Wed May 16 00:53:47 UTC 2018: Starting linking
Wed May 16 00:53:47 UTC 2018: Code found net.sourceforge.seqware.common.util.xmltools.JaxbObject-unMarshal with net.sourceforge.seqware.common.util.xmltools.JaxbObjectTest-testUnMarshal
Wed May 16 00:53:48 UTC 2018: Match not added in database because it already exists
Wed May 16 00:53:48 UTC 2018: Code found net.sourceforge.seqware.common.util.xmltools.JaxbObject-marshal with net.sourceforge.seqware.common.util.xmltools.JaxbObjectTest-testMarshal
Wed May 16 00:53:48 UTC 2018: Match not added in database because it already exists
Wed May 16 00:53:48 UTC 2018: No link for: net.sourceforge.seqware.common.util.xmltools.JaxbObjectTest-testStudyJaxb
Wed May 16 00:53:48 UTC 2018: None match not added in database because it already exists
Wed May 16 00:53:48 UTC 2018: No link for: net.sourceforge.seqware.common.util.xmltools.JaxbObjectTest-testSampleJaxb
Wed May 16 00:53:48 UTC 2018: None match not added in database because it already exists
Wed May 16 00:53:48 UTC 2018: No link for: net.sourceforge.seqware.common.util.xmltools.JaxbObjectTest-testWorkflowListJaxb
Wed May 16 00:53:49 UTC 2018: None match not added in database because it already exists
Wed May 16 00:53:49 UTC 2018: No link for: net.sourceforge.seqware.common.util.xmltools.JaxbObjectTest-testWorkflowRunListJaxb
Wed May 16 00:53:49 UTC 2018: None match not added in database because it already exists
Wed May 16 00:53:49 UTC 2018: No link for: net.sourceforge.seqware.common.util.xmltools.JaxbObjectTest-testLaneJaxb
Wed May 16 00:53:49 UTC 2018: None match not added in database because it already exists
Wed May 16 00:53:49 UTC 2018: No link for: net.sourceforge.seqware.common.util.xmltools.JaxbObjectTest-testNullProcessingAttribute
Wed May 16 00:53:49 UTC 2018: None match not added in database because it already exists
Wed May 16 00:53:49 UTC 2018: No link for: net.sourceforge.seqware.common.util.xmltools.JaxbObjectTest-testProcessingJaxb
Wed May 16 00:53:50 UTC 2018: None match not added in database because it already exists
Wed May 16 00:53:50 UTC 2018: No link for: net.sourceforge.seqware.common.util.xmltools.JaxbObjectTest-testIUSJaxb
Wed May 16 00:53:50 UTC 2018: None match not added in database because it already exists
Wed May 16 00:53:50 UTC 2018: No link for: net.sourceforge.seqware.common.util.xmltools.JaxbObjectTest-testExperimentJaxb
Wed May 16 00:53:50 UTC 2018: None match not added in database because it already exists
Wed May 16 00:53:50 UTC 2018: No link for: net.sourceforge.seqware.common.util.xmltools.JaxbObjectTest-testSequencerRunJaxb
Wed May 16 00:53:50 UTC 2018: None match not added in database because it already exists
Wed May 16 00:53:50 UTC 2018: No link for: net.sourceforge.seqware.common.util.xmltools.JaxbObjectTest-testWorkflowRunJaxb
Wed May 16 00:53:51 UTC 2018: None match not added in database because it already exists
Wed May 16 00:53:51 UTC 2018: No link for: net.sourceforge.seqware.common.util.xmltools.JaxbObjectTest-testReturnValueJaxb
Wed May 16 00:53:51 UTC 2018: None match not added in database because it already exists
Wed May 16 00:53:51 UTC 2018: Linking done for joansmith__seqware test class net.sourceforge.seqware.common.util.xmltools.JaxbObjectTest
Wed May 16 00:53:52 UTC 2018: Found element on the queue
Wed May 16 00:53:52 UTC 2018: Updating status
Wed May 16 00:53:52 UTC 2018: Working
Wed May 16 00:53:54 UTC 2018: Start joansmith__seqware test class net.sourceforge.seqware.common.util.maptools.MapToolsTest
Wed May 16 00:53:54 UTC 2018: Setting lastTestMethodIndex: 53983
Wed May 16 00:53:54 UTC 2018: Starting linking
Wed May 16 00:53:54 UTC 2018: Code found net.sourceforge.seqware.common.util.maptools.MapTools-expandVariables with net.sourceforge.seqware.common.util.maptools.MapToolsTest-testExpandVariables
Wed May 16 00:53:54 UTC 2018: Match not added in database because it already exists
Wed May 16 00:53:54 UTC 2018: Code found net.sourceforge.seqware.common.util.maptools.MapTools-iniString2Map with net.sourceforge.seqware.common.util.maptools.MapToolsTest-testIniString2MapWithNovoalign
Wed May 16 00:53:55 UTC 2018: Match not added in database because it already exists
Wed May 16 00:53:55 UTC 2018: Code found net.sourceforge.seqware.common.util.maptools.MapTools-iniString2Map with net.sourceforge.seqware.common.util.maptools.MapToolsTest-testIniString2MapWithBlanks
Wed May 16 00:53:55 UTC 2018: Match not added in database because it already exists
Wed May 16 00:53:55 UTC 2018: No link for: net.sourceforge.seqware.common.util.maptools.MapToolsTest-testRichIni_valuesWithSpaces2
Wed May 16 00:53:55 UTC 2018: None match not added in database because it already exists
Wed May 16 00:53:55 UTC 2018: No link for: net.sourceforge.seqware.common.util.maptools.MapToolsTest-testNormalRichIni
Wed May 16 00:53:55 UTC 2018: None match not added in database because it already exists
Wed May 16 00:53:55 UTC 2018: No link for: net.sourceforge.seqware.common.util.maptools.MapToolsTest-testRichIni_novoalign
Wed May 16 00:53:56 UTC 2018: None match not added in database because it already exists
Wed May 16 00:53:56 UTC 2018: No link for: net.sourceforge.seqware.common.util.maptools.MapToolsTest-testRichIni_valuesWithSpaces
Wed May 16 00:53:56 UTC 2018: None match not added in database because it already exists
Wed May 16 00:53:56 UTC 2018: No link for: net.sourceforge.seqware.common.util.maptools.MapToolsTest-testRichIni_withBlanks
Wed May 16 00:53:56 UTC 2018: None match not added in database because it already exists
Wed May 16 00:53:56 UTC 2018: Linking done for joansmith__seqware test class net.sourceforge.seqware.common.util.maptools.MapToolsTest
Wed May 16 00:53:57 UTC 2018: Found element on the queue
Wed May 16 00:53:57 UTC 2018: Updating status
Wed May 16 00:53:57 UTC 2018: Working
Wed May 16 00:53:59 UTC 2018: Start joansmith__seqware test class net.sourceforge.seqware.common.util.filetools.FileToolsTest
Wed May 16 00:53:59 UTC 2018: Setting lastTestMethodIndex: 53986
Wed May 16 00:53:59 UTC 2018: Starting linking
Wed May 16 00:53:59 UTC 2018: Code found net.sourceforge.seqware.common.util.filetools.FileTools-isFileOwner with net.sourceforge.seqware.common.util.filetools.FileToolsTest-testIsFileOwner
Wed May 16 00:54:00 UTC 2018: Match not added in database because it already exists
Wed May 16 00:54:00 UTC 2018: Code found net.sourceforge.seqware.common.util.filetools.FileTools-whoAmI with net.sourceforge.seqware.common.util.filetools.FileToolsTest-testWhoAmI
Wed May 16 00:54:00 UTC 2018: Match not added in database because it already exists
Wed May 16 00:54:00 UTC 2018: Code found net.sourceforge.seqware.common.util.filetools.FileTools-getFilename with net.sourceforge.seqware.common.util.filetools.FileToolsTest-testGetFilename
Wed May 16 00:54:00 UTC 2018: Match not added in database because it already exists
Wed May 16 00:54:00 UTC 2018: No link for: net.sourceforge.seqware.common.util.filetools.FileToolsTest-testSEQWARE1410
Wed May 16 00:54:00 UTC 2018: None match not added in database because it already exists
Wed May 16 00:54:00 UTC 2018: Linking done for joansmith__seqware test class net.sourceforge.seqware.common.util.filetools.FileToolsTest
Wed May 16 00:54:01 UTC 2018: Found element on the queue
Wed May 16 00:54:01 UTC 2018: Updating status
Wed May 16 00:54:01 UTC 2018: Working
Wed May 16 00:54:03 UTC 2018: Start joansmith__seqware test class net.sourceforge.seqware.common.util.jsontools.JSONHelperTest
Wed May 16 00:54:04 UTC 2018: Setting lastTestMethodIndex: 53990
Wed May 16 00:54:04 UTC 2018: Starting linking
Wed May 16 00:54:04 UTC 2018: No link for: net.sourceforge.seqware.common.util.jsontools.JSONHelperTest-noTestConfig
Wed May 16 00:54:04 UTC 2018: None match not added in database because it already exists
Wed May 16 00:54:04 UTC 2018: No link for: net.sourceforge.seqware.common.util.jsontools.JSONHelperTest-badResourceNames
Wed May 16 00:54:04 UTC 2018: None match not added in database because it already exists
Wed May 16 00:54:04 UTC 2018: No link for: net.sourceforge.seqware.common.util.jsontools.JSONHelperTest-missingRequired
Wed May 16 00:54:04 UTC 2018: None match not added in database because it already exists
Wed May 16 00:54:04 UTC 2018: No link for: net.sourceforge.seqware.common.util.jsontools.JSONHelperTest-everythingIsPerfect
Wed May 16 00:54:05 UTC 2018: None match not added in database because it already exists
Wed May 16 00:54:05 UTC 2018: No link for: net.sourceforge.seqware.common.util.jsontools.JSONHelperTest-environmentDataMalformed
Wed May 16 00:54:05 UTC 2018: None match not added in database because it already exists
Wed May 16 00:54:05 UTC 2018: Linking done for joansmith__seqware test class net.sourceforge.seqware.common.util.jsontools.JSONHelperTest
Wed May 16 00:54:05 UTC 2018: Found element on the queue
Wed May 16 00:54:05 UTC 2018: Updating status
Wed May 16 00:54:05 UTC 2018: Working
Wed May 16 00:54:05 UTC 2018: Create project parser
Wed May 16 00:54:12 UTC 2018: Start joansmith__seqware test class io.seqware.cli.test.WorkflowRunTest
Wed May 16 00:54:12 UTC 2018: Setting lastTestMethodIndex: 53994
Wed May 16 00:54:12 UTC 2018: Starting linking
Wed May 16 00:54:12 UTC 2018: Linking done for joansmith__seqware test class io.seqware.cli.test.WorkflowRunTest
Wed May 16 00:54:12 UTC 2018: Found element on the queue
Wed May 16 00:54:12 UTC 2018: Updating status
Wed May 16 00:54:12 UTC 2018: Working
Wed May 16 00:54:15 UTC 2018: Start joansmith__seqware test class net.sourceforge.seqware.pipeline.plugins.DocumentationTest
Wed May 16 00:54:15 UTC 2018: Setting lastTestMethodIndex: 53995
Wed May 16 00:54:15 UTC 2018: Starting linking
Wed May 16 00:54:15 UTC 2018: No link for: net.sourceforge.seqware.pipeline.plugins.DocumentationTest-ensurePluginDescriptions
Wed May 16 00:54:15 UTC 2018: None match not added in database because it already exists
Wed May 16 00:54:15 UTC 2018: Linking done for joansmith__seqware test class net.sourceforge.seqware.pipeline.plugins.DocumentationTest
Wed May 16 00:54:16 UTC 2018: Found element on the queue
Wed May 16 00:54:16 UTC 2018: Updating status
Wed May 16 00:54:16 UTC 2018: Working
Wed May 16 00:54:18 UTC 2018: Start joansmith__seqware test class net.sourceforge.seqware.pipeline.plugins.WorkflowStatusCheckerTest
Wed May 16 00:54:18 UTC 2018: Setting lastTestMethodIndex: 53997
Wed May 16 00:54:18 UTC 2018: Starting linking
Wed May 16 00:54:18 UTC 2018: No link for: net.sourceforge.seqware.pipeline.plugins.WorkflowStatusCheckerTest-testShouldInjectMocks
Wed May 16 00:54:18 UTC 2018: None match not added in database because it already exists
Wed May 16 00:54:18 UTC 2018: No link for: net.sourceforge.seqware.pipeline.plugins.WorkflowStatusCheckerTest-testEmptyRun
Wed May 16 00:54:19 UTC 2018: None match not added in database because it already exists
Wed May 16 00:54:19 UTC 2018: No link for: net.sourceforge.seqware.pipeline.plugins.WorkflowStatusCheckerTest-testDoubleThreadedRun
Wed May 16 00:54:19 UTC 2018: None match not added in database because it already exists
Wed May 16 00:54:19 UTC 2018: No link for: net.sourceforge.seqware.pipeline.plugins.WorkflowStatusCheckerTest-testNormalRun
Wed May 16 00:54:19 UTC 2018: None match not added in database because it already exists
Wed May 16 00:54:19 UTC 2018: No link for: net.sourceforge.seqware.pipeline.plugins.WorkflowStatusCheckerTest-testManyThreadedRun
Wed May 16 00:54:19 UTC 2018: None match not added in database because it already exists
Wed May 16 00:54:19 UTC 2018: Linking done for joansmith__seqware test class net.sourceforge.seqware.pipeline.plugins.WorkflowStatusCheckerTest
Wed May 16 00:54:20 UTC 2018: Found element on the queue
Wed May 16 00:54:20 UTC 2018: Updating status
Wed May 16 00:54:20 UTC 2018: Working
Wed May 16 00:54:22 UTC 2018: Start joansmith__seqware test class net.sourceforge.seqware.pipeline.plugins.AttributeAnnotatorTest
Wed May 16 00:54:22 UTC 2018: Setting lastTestMethodIndex: 54000
Wed May 16 00:54:22 UTC 2018: Starting linking
Wed May 16 00:54:22 UTC 2018: No link for: net.sourceforge.seqware.pipeline.plugins.AttributeAnnotatorTest-testInvalidSyntax
Wed May 16 00:54:23 UTC 2018: None match not added in database because it already exists
Wed May 16 00:54:23 UTC 2018: No link for: net.sourceforge.seqware.pipeline.plugins.AttributeAnnotatorTest-testSequencerRun
Wed May 16 00:54:23 UTC 2018: None match not added in database because it already exists
Wed May 16 00:54:23 UTC 2018: No link for: net.sourceforge.seqware.pipeline.plugins.AttributeAnnotatorTest-testBulkInsert
Wed May 16 00:54:23 UTC 2018: None match not added in database because it already exists
Wed May 16 00:54:23 UTC 2018: No link for: net.sourceforge.seqware.pipeline.plugins.AttributeAnnotatorTest-testEveryX
Wed May 16 00:54:23 UTC 2018: None match not added in database because it already exists
Wed May 16 00:54:23 UTC 2018: Linking done for joansmith__seqware test class net.sourceforge.seqware.pipeline.plugins.AttributeAnnotatorTest
Wed May 16 00:54:24 UTC 2018: Found element on the queue
Wed May 16 00:54:24 UTC 2018: Updating status
Wed May 16 00:54:24 UTC 2018: Working
Wed May 16 00:54:27 UTC 2018: Start joansmith__seqware test class net.sourceforge.seqware.pipeline.plugins.WorkflowLauncherTest
Wed May 16 00:54:27 UTC 2018: Setting lastTestMethodIndex: 54003
Wed May 16 00:54:27 UTC 2018: Starting linking
Wed May 16 00:54:27 UTC 2018: No link for: net.sourceforge.seqware.pipeline.plugins.WorkflowLauncherTest-testEmptyLifeCycle
Wed May 16 00:54:27 UTC 2018: None match not added in database because it already exists
Wed May 16 00:54:27 UTC 2018: Linking done for joansmith__seqware test class net.sourceforge.seqware.pipeline.plugins.WorkflowLauncherTest
Wed May 16 00:54:28 UTC 2018: Found element on the queue
Wed May 16 00:54:28 UTC 2018: Updating status
Wed May 16 00:54:28 UTC 2018: Working
Wed May 16 00:54:30 UTC 2018: Start joansmith__seqware test class net.sourceforge.seqware.pipeline.plugins.filelinker.FileLinkerParserTest
Wed May 16 00:54:30 UTC 2018: Setting lastTestMethodIndex: 54006
Wed May 16 00:54:30 UTC 2018: Starting linking
Wed May 16 00:54:30 UTC 2018: No link for: net.sourceforge.seqware.pipeline.plugins.filelinker.FileLinkerParserTest-test_csv_to_entry_samples
Wed May 16 00:54:30 UTC 2018: None match not added in database because it already exists
Wed May 16 00:54:30 UTC 2018: No link for: net.sourceforge.seqware.pipeline.plugins.filelinker.FileLinkerParserTest-test_parse_csv_bad_integer
Wed May 16 00:54:30 UTC 2018: None match not added in database because it already exists
Wed May 16 00:54:30 UTC 2018: No link for: net.sourceforge.seqware.pipeline.plugins.filelinker.FileLinkerParserTest-test_parse_csv_full
Wed May 16 00:54:31 UTC 2018: None match not added in database because it already exists
Wed May 16 00:54:31 UTC 2018: No link for: net.sourceforge.seqware.pipeline.plugins.filelinker.FileLinkerParserTest-test_parse_csv_missing_required_fields
Wed May 16 00:54:31 UTC 2018: None match not added in database because it already exists
Wed May 16 00:54:31 UTC 2018: Linking done for joansmith__seqware test class net.sourceforge.seqware.pipeline.plugins.filelinker.FileLinkerParserTest
Wed May 16 00:54:32 UTC 2018: Found element on the queue
Wed May 16 00:54:32 UTC 2018: Updating status
Wed May 16 00:54:32 UTC 2018: Working
Wed May 16 00:54:34 UTC 2018: Start joansmith__seqware test class net.sourceforge.seqware.pipeline.runner.RunnerTest
Wed May 16 00:54:34 UTC 2018: Setting lastTestMethodIndex: 54008
Wed May 16 00:54:34 UTC 2018: Starting linking
Wed May 16 00:54:34 UTC 2018: Linking done for joansmith__seqware test class net.sourceforge.seqware.pipeline.runner.RunnerTest
Wed May 16 00:54:35 UTC 2018: Found element on the queue
Wed May 16 00:54:35 UTC 2018: Updating status
Wed May 16 00:54:35 UTC 2018: Working
Wed May 16 00:54:37 UTC 2018: Start joansmith__seqware test class net.sourceforge.seqware.pipeline.module.ModuleMethodTest
Wed May 16 00:54:37 UTC 2018: Setting lastTestMethodIndex: 54011
Wed May 16 00:54:37 UTC 2018: Starting linking
Wed May 16 00:54:37 UTC 2018: No link for: net.sourceforge.seqware.pipeline.module.ModuleMethodTest-testAnnotation
Wed May 16 00:54:37 UTC 2018: None match not added in database because it already exists
Wed May 16 00:54:37 UTC 2018: Linking done for joansmith__seqware test class net.sourceforge.seqware.pipeline.module.ModuleMethodTest
Wed May 16 00:54:38 UTC 2018: Found element on the queue
Wed May 16 00:54:38 UTC 2018: Updating status
Wed May 16 00:54:38 UTC 2018: Working
Wed May 16 00:54:40 UTC 2018: Start joansmith__seqware test class net.sourceforge.seqware.pipeline.deciders.BasicDeciderConditionsTest
Wed May 16 00:54:40 UTC 2018: Setting lastTestMethodIndex: 54014
Wed May 16 00:54:40 UTC 2018: Starting linking
Wed May 16 00:54:41 UTC 2018: No link for: net.sourceforge.seqware.pipeline.deciders.BasicDeciderConditionsTest-testNegativeRerunConditions
Wed May 16 00:54:41 UTC 2018: None match not added in database because it already exists
Wed May 16 00:54:41 UTC 2018: No link for: net.sourceforge.seqware.pipeline.deciders.BasicDeciderConditionsTest-testPositiveRerunConditions
Wed May 16 00:54:41 UTC 2018: None match not added in database because it already exists
Wed May 16 00:54:41 UTC 2018: Linking done for joansmith__seqware test class net.sourceforge.seqware.pipeline.deciders.BasicDeciderConditionsTest
Wed May 16 00:54:41 UTC 2018: Found element on the queue
Wed May 16 00:54:41 UTC 2018: Updating status
Wed May 16 00:54:42 UTC 2018: Working
Wed May 16 00:54:44 UTC 2018: Start joansmith__seqware test class net.sourceforge.seqware.pipeline.workflow.WorkflowTest
Wed May 16 00:54:44 UTC 2018: Setting lastTestMethodIndex: 54016
Wed May 16 00:54:44 UTC 2018: Starting linking
Wed May 16 00:54:44 UTC 2018: No link for: net.sourceforge.seqware.pipeline.workflow.WorkflowTest-testDuplicateFileNames
Wed May 16 00:54:44 UTC 2018: None match not added in database because it already exists
Wed May 16 00:54:44 UTC 2018: Linking done for joansmith__seqware test class net.sourceforge.seqware.pipeline.workflow.WorkflowTest
Wed May 16 00:54:45 UTC 2018: Found element on the queue
Wed May 16 00:54:45 UTC 2018: Updating status
Wed May 16 00:54:45 UTC 2018: Working
Wed May 16 00:54:47 UTC 2018: Start joansmith__seqware test class net.sourceforge.seqware.pipeline.tools.SetOperationsTest
Wed May 16 00:54:47 UTC 2018: Setting lastTestMethodIndex: 54019
Wed May 16 00:54:47 UTC 2018: Starting linking
Wed May 16 00:54:47 UTC 2018: No link for: net.sourceforge.seqware.pipeline.tools.SetOperationsTest-ExternalTest
Wed May 16 00:54:47 UTC 2018: None match not added in database because it already exists
Wed May 16 00:54:47 UTC 2018: Linking done for joansmith__seqware test class net.sourceforge.seqware.pipeline.tools.SetOperationsTest
