Wed May 16 05:11:21 UTC 2018: Database:jdbc:mysql://localhost:3306/unittests
Wed May 16 05:11:21 UTC 2018: Starting
Wed May 16 05:11:22 UTC 2018: Found element on the queue
Wed May 16 05:11:22 UTC 2018: Updating status
Wed May 16 05:11:22 UTC 2018: Working
Wed May 16 05:11:22 UTC 2018: Create project parser
Wed May 16 05:11:36 UTC 2018: Create slicer
Wed May 16 05:11:40 UTC 2018: Create call graph
Wed May 16 05:11:45 UTC 2018: Create point analysis
Wed May 16 05:11:45 UTC 2018: Create call graph done
Wed May 16 05:11:45 UTC 2018: Start marshalldewitt__activemq test class org.apache.activemq.JmsQueueTransactionTest
Wed May 16 05:11:45 UTC 2018: Setting lastTestMethodIndex: 62757
Wed May 16 05:11:45 UTC 2018: Starting linking
Wed May 16 05:11:45 UTC 2018: Linking done for marshalldewitt__activemq test class org.apache.activemq.JmsQueueTransactionTest
Wed May 16 05:11:46 UTC 2018: Found element on the queue
Wed May 16 05:11:46 UTC 2018: Updating status
Wed May 16 05:11:46 UTC 2018: Working
Wed May 16 05:11:48 UTC 2018: Start marshalldewitt__activemq test class org.apache.activemq.broker.LinkStealingTest
Wed May 16 05:11:48 UTC 2018: Setting lastTestMethodIndex: 62759
Wed May 16 05:11:48 UTC 2018: Starting linking
Wed May 16 05:11:48 UTC 2018: No link for: org.apache.activemq.broker.LinkStealingTest-testStealLinkFails
Wed May 16 05:11:48 UTC 2018: None match not added in database because it already exists
Wed May 16 05:11:48 UTC 2018: No link for: org.apache.activemq.broker.LinkStealingTest-testStealLinkSuccess
Wed May 16 05:11:49 UTC 2018: None match not added in database because it already exists
Wed May 16 05:11:49 UTC 2018: Linking done for marshalldewitt__activemq test class org.apache.activemq.broker.LinkStealingTest
Wed May 16 05:11:49 UTC 2018: Found element on the queue
Wed May 16 05:11:49 UTC 2018: Updating status
Wed May 16 05:11:49 UTC 2018: Working
Wed May 16 05:11:51 UTC 2018: Start marshalldewitt__activemq test class org.apache.activemq.broker.interceptor.MessageInterceptorTest
Wed May 16 05:11:51 UTC 2018: Setting lastTestMethodIndex: 62761
Wed May 16 05:11:51 UTC 2018: Starting linking
Wed May 16 05:11:51 UTC 2018: Linking done for marshalldewitt__activemq test class org.apache.activemq.broker.interceptor.MessageInterceptorTest
Wed May 16 05:11:52 UTC 2018: Found element on the queue
Wed May 16 05:11:52 UTC 2018: Updating status
Wed May 16 05:11:52 UTC 2018: Working
Wed May 16 05:11:54 UTC 2018: Start marshalldewitt__activemq test class org.apache.activemq.broker.view.BrokerDestinationViewTest
Wed May 16 05:11:54 UTC 2018: Setting lastTestMethodIndex: 62762
Wed May 16 05:11:54 UTC 2018: Starting linking
Wed May 16 05:11:54 UTC 2018: No link for: org.apache.activemq.broker.view.BrokerDestinationViewTest-testBrokerDestinationView
Wed May 16 05:11:55 UTC 2018: None match not added in database because it already exists
Wed May 16 05:11:55 UTC 2018: Linking done for marshalldewitt__activemq test class org.apache.activemq.broker.view.BrokerDestinationViewTest
Wed May 16 05:11:55 UTC 2018: Found element on the queue
Wed May 16 05:11:55 UTC 2018: Updating status
Wed May 16 05:11:55 UTC 2018: Working
Wed May 16 05:11:57 UTC 2018: Start marshalldewitt__activemq test class org.apache.activemq.plugin.SubQueueSelectorCacheBrokerWildcardTest
Wed May 16 05:11:57 UTC 2018: Setting lastTestMethodIndex: 62764
Wed May 16 05:11:57 UTC 2018: Starting linking
Wed May 16 05:11:57 UTC 2018: No link for: org.apache.activemq.plugin.SubQueueSelectorCacheBrokerWildcardTest-testApostrophes
Wed May 16 05:11:58 UTC 2018: None match not added in database because it already exists
Wed May 16 05:11:58 UTC 2018: No link for: org.apache.activemq.plugin.SubQueueSelectorCacheBrokerWildcardTest-testEscapedWildcardEvaluation
Wed May 16 05:11:58 UTC 2018: None match not added in database because it already exists
Wed May 16 05:11:58 UTC 2018: No link for: org.apache.activemq.plugin.SubQueueSelectorCacheBrokerWildcardTest-testSimpleWildcardEvaluation
Wed May 16 05:11:58 UTC 2018: None match not added in database because it already exists
Wed May 16 05:11:58 UTC 2018: No link for: org.apache.activemq.plugin.SubQueueSelectorCacheBrokerWildcardTest-testNonWildard
Wed May 16 05:11:59 UTC 2018: None match not added in database because it already exists
Wed May 16 05:11:59 UTC 2018: Linking done for marshalldewitt__activemq test class org.apache.activemq.plugin.SubQueueSelectorCacheBrokerWildcardTest
Wed May 16 05:11:59 UTC 2018: Found element on the queue
Wed May 16 05:11:59 UTC 2018: Updating status
Wed May 16 05:11:59 UTC 2018: Working
Wed May 16 05:12:02 UTC 2018: Start marshalldewitt__activemq test class org.apache.activemq.util.DefaultIOExceptionHandlerTest
Wed May 16 05:12:02 UTC 2018: Setting lastTestMethodIndex: 62765
Wed May 16 05:12:02 UTC 2018: Starting linking
Wed May 16 05:12:02 UTC 2018: No link for: org.apache.activemq.util.DefaultIOExceptionHandlerTest-testHandleWithShutdownOnExit
Wed May 16 05:12:02 UTC 2018: None match not added in database because it already exists
Wed May 16 05:12:02 UTC 2018: No link for: org.apache.activemq.util.DefaultIOExceptionHandlerTest-testHandleWithOutShutdownOnExit
Wed May 16 05:12:02 UTC 2018: None match not added in database because it already exists
Wed May 16 05:12:02 UTC 2018: Linking done for marshalldewitt__activemq test class org.apache.activemq.util.DefaultIOExceptionHandlerTest
Wed May 16 05:12:03 UTC 2018: Found element on the queue
Wed May 16 05:12:03 UTC 2018: Updating status
Wed May 16 05:12:03 UTC 2018: Working
Wed May 16 05:12:05 UTC 2018: Start marshalldewitt__activemq test class org.apache.activemq.util.LockFileTest
Wed May 16 05:12:05 UTC 2018: Setting lastTestMethodIndex: 62768
Wed May 16 05:12:05 UTC 2018: Starting linking
Wed May 16 05:12:05 UTC 2018: Code found org.apache.activemq.util.LockFile-unlock with org.apache.activemq.util.LockFileTest-testNoDeleteOnUnlockIfNotLocked
Wed May 16 05:12:05 UTC 2018: Match not added in database because it already exists
Wed May 16 05:12:05 UTC 2018: Code found org.apache.activemq.util.LockFile-unlock with org.apache.activemq.util.LockFileTest-testDeleteOnUnlockIfLocked
Wed May 16 05:12:06 UTC 2018: Match not added in database because it already exists
Wed May 16 05:12:06 UTC 2018: Linking done for marshalldewitt__activemq test class org.apache.activemq.util.LockFileTest
Wed May 16 05:12:06 UTC 2018: Found element on the queue
Wed May 16 05:12:06 UTC 2018: Updating status
Wed May 16 05:12:06 UTC 2018: Working
Wed May 16 05:12:06 UTC 2018: Create project parser
Wed May 16 05:12:18 UTC 2018: Start marshalldewitt__activemq test class org.apache.activemq.ActiveMQMessageAuditNotSyncTest
Wed May 16 05:12:18 UTC 2018: Setting lastTestMethodIndex: 62772
Wed May 16 05:12:18 UTC 2018: Starting linking
Wed May 16 05:12:18 UTC 2018: No link for: org.apache.activemq.ActiveMQMessageAuditNotSyncTest-testAuditDepth
Wed May 16 05:12:18 UTC 2018: None match not added in database because it already exists
Wed May 16 05:12:18 UTC 2018: Linking done for marshalldewitt__activemq test class org.apache.activemq.ActiveMQMessageAuditNotSyncTest
Wed May 16 05:12:19 UTC 2018: Found element on the queue
Wed May 16 05:12:19 UTC 2018: Updating status
Wed May 16 05:12:19 UTC 2018: Working
Wed May 16 05:12:21 UTC 2018: Start marshalldewitt__activemq test class org.apache.activemq.broker.scheduler.CronParserTest
Wed May 16 05:12:21 UTC 2018: Setting lastTestMethodIndex: 62774
Wed May 16 05:12:21 UTC 2018: Starting linking
Wed May 16 05:12:21 UTC 2018: Code found org.apache.activemq.broker.scheduler.CronParser-validate with org.apache.activemq.broker.scheduler.CronParserTest-testValidate
Wed May 16 05:12:22 UTC 2018: Match not added in database because it already exists
Wed May 16 05:12:22 UTC 2018: Code found org.apache.activemq.broker.scheduler.CronParser-getNext with org.apache.activemq.broker.scheduler.CronParserTest-testGetNextExact
Wed May 16 05:12:22 UTC 2018: Match not added in database because it already exists
Wed May 16 05:12:22 UTC 2018: Code found org.apache.activemq.broker.scheduler.CronParser-tokenize with org.apache.activemq.broker.scheduler.CronParserTest-testTokenize
Wed May 16 05:12:22 UTC 2018: Match not added in database because it already exists
Wed May 16 05:12:22 UTC 2018: Code found org.apache.activemq.broker.scheduler.CronParser-getNext with org.apache.activemq.broker.scheduler.CronParserTest-testGetNextRange
Wed May 16 05:12:23 UTC 2018: Match not added in database because it already exists
Wed May 16 05:12:23 UTC 2018: Code found org.apache.activemq.broker.scheduler.CronParser-getNext with org.apache.activemq.broker.scheduler.CronParserTest-testGetNextCommaSeparated
Wed May 16 05:12:23 UTC 2018: Match not added in database because it already exists
Wed May 16 05:12:23 UTC 2018: No link for: org.apache.activemq.broker.scheduler.CronParserTest-testgetNextTimeMonthVariant
Wed May 16 05:12:23 UTC 2018: None match not added in database because it already exists
Wed May 16 05:12:23 UTC 2018: No link for: org.apache.activemq.broker.scheduler.CronParserTest-testgetNextTimeDayOfWeek
Wed May 16 05:12:24 UTC 2018: None match not added in database because it already exists
Wed May 16 05:12:24 UTC 2018: No link for: org.apache.activemq.broker.scheduler.CronParserTest-testgetNextTimeMonth
Wed May 16 05:12:24 UTC 2018: None match not added in database because it already exists
Wed May 16 05:12:24 UTC 2018: No link for: org.apache.activemq.broker.scheduler.CronParserTest-testgetNextTimeDayOfWeekVariant
Wed May 16 05:12:24 UTC 2018: None match not added in database because it already exists
Wed May 16 05:12:24 UTC 2018: No link for: org.apache.activemq.broker.scheduler.CronParserTest-testgetNextTimeHours
Wed May 16 05:12:25 UTC 2018: None match not added in database because it already exists
Wed May 16 05:12:25 UTC 2018: No link for: org.apache.activemq.broker.scheduler.CronParserTest-testgetNextTimeHoursZeroMin
Wed May 16 05:12:25 UTC 2018: None match not added in database because it already exists
Wed May 16 05:12:25 UTC 2018: No link for: org.apache.activemq.broker.scheduler.CronParserTest-testgetNextTimeDays
Wed May 16 05:12:25 UTC 2018: None match not added in database because it already exists
Wed May 16 05:12:25 UTC 2018: No link for: org.apache.activemq.broker.scheduler.CronParserTest-testgetStartNextMonth
Wed May 16 05:12:26 UTC 2018: None match not added in database because it already exists
Wed May 16 05:12:26 UTC 2018: No link for: org.apache.activemq.broker.scheduler.CronParserTest-testgetNextStartCurrMonth
Wed May 16 05:12:26 UTC 2018: None match not added in database because it already exists
Wed May 16 05:12:26 UTC 2018: No link for: org.apache.activemq.broker.scheduler.CronParserTest-testgetNextTimeMinutes
Wed May 16 05:12:26 UTC 2018: None match not added in database because it already exists
Wed May 16 05:12:26 UTC 2018: Linking done for marshalldewitt__activemq test class org.apache.activemq.broker.scheduler.CronParserTest
Wed May 16 05:12:27 UTC 2018: Found element on the queue
Wed May 16 05:12:27 UTC 2018: Updating status
Wed May 16 05:12:27 UTC 2018: Working
Wed May 16 05:12:29 UTC 2018: Start marshalldewitt__activemq test class org.apache.activemq.state.ConnectionStateTrackerTest
Wed May 16 05:12:29 UTC 2018: Setting lastTestMethodIndex: 62777
Wed May 16 05:12:29 UTC 2018: Starting linking
Wed May 16 05:12:29 UTC 2018: No link for: org.apache.activemq.state.ConnectionStateTrackerTest-testCacheSizeWithMessagePulls
Wed May 16 05:12:29 UTC 2018: None match not added in database because it already exists
Wed May 16 05:12:29 UTC 2018: Linking done for marshalldewitt__activemq test class org.apache.activemq.state.ConnectionStateTrackerTest
Wed May 16 05:12:30 UTC 2018: Found element on the queue
Wed May 16 05:12:30 UTC 2018: Updating status
Wed May 16 05:12:30 UTC 2018: Working
Wed May 16 05:12:32 UTC 2018: Start marshalldewitt__activemq test class org.apache.activemq.thread.PooledTaskRunnerTest
Wed May 16 05:12:32 UTC 2018: Setting lastTestMethodIndex: 62778
Wed May 16 05:12:32 UTC 2018: Starting linking
Wed May 16 05:12:32 UTC 2018: No link for: org.apache.activemq.thread.PooledTaskRunnerTest-testWakeupResultsInThreadSafeCalls
Wed May 16 05:12:33 UTC 2018: None match not added in database because it already exists
Wed May 16 05:12:33 UTC 2018: No link for: org.apache.activemq.thread.PooledTaskRunnerTest-testNormalBehavior
Wed May 16 05:12:33 UTC 2018: None match not added in database because it already exists
Wed May 16 05:12:33 UTC 2018: No link for: org.apache.activemq.thread.PooledTaskRunnerTest-testShutsDownAfterRunnerFailure
Wed May 16 05:12:33 UTC 2018: None match not added in database because it already exists
Wed May 16 05:12:33 UTC 2018: Linking done for marshalldewitt__activemq test class org.apache.activemq.thread.PooledTaskRunnerTest
Wed May 16 05:12:34 UTC 2018: Found element on the queue
Wed May 16 05:12:34 UTC 2018: Updating status
Wed May 16 05:12:34 UTC 2018: Working
Wed May 16 05:12:36 UTC 2018: Start marshalldewitt__activemq test class org.apache.activemq.thread.TaskRunnerTest
Wed May 16 05:12:36 UTC 2018: Setting lastTestMethodIndex: 62780
Wed May 16 05:12:36 UTC 2018: Starting linking
Wed May 16 05:12:36 UTC 2018: No link for: org.apache.activemq.thread.TaskRunnerTest-testWakeupPooled
Wed May 16 05:12:37 UTC 2018: None match not added in database because it already exists
Wed May 16 05:12:37 UTC 2018: No link for: org.apache.activemq.thread.TaskRunnerTest-testWakeupDedicated
Wed May 16 05:12:37 UTC 2018: None match not added in database because it already exists
Wed May 16 05:12:37 UTC 2018: Linking done for marshalldewitt__activemq test class org.apache.activemq.thread.TaskRunnerTest
Wed May 16 05:12:37 UTC 2018: Found element on the queue
Wed May 16 05:12:37 UTC 2018: Updating status
Wed May 16 05:12:37 UTC 2018: Working
Wed May 16 05:12:40 UTC 2018: Start marshalldewitt__activemq test class org.apache.activemq.usage.MemoryUsageTest
Wed May 16 05:12:40 UTC 2018: Setting lastTestMethodIndex: 62782
Wed May 16 05:12:40 UTC 2018: Starting linking
Wed May 16 05:12:40 UTC 2018: Code found org.apache.activemq.usage.MemoryUsage-addUsageListener with org.apache.activemq.usage.MemoryUsageTest-testAddUsageListenerStartsThread
Wed May 16 05:12:40 UTC 2018: Match not added in database because it already exists
Wed May 16 05:12:40 UTC 2018: No link for: org.apache.activemq.usage.MemoryUsageTest-testPercentOfJvmHeap
Wed May 16 05:12:41 UTC 2018: None match not added in database because it already exists
Wed May 16 05:12:41 UTC 2018: No link for: org.apache.activemq.usage.MemoryUsageTest-testPercentUsageNeedsNoThread
Wed May 16 05:12:41 UTC 2018: None match not added in database because it already exists
Wed May 16 05:12:41 UTC 2018: No link for: org.apache.activemq.usage.MemoryUsageTest-testParentPortion
Wed May 16 05:12:41 UTC 2018: None match not added in database because it already exists
Wed May 16 05:12:41 UTC 2018: Linking done for marshalldewitt__activemq test class org.apache.activemq.usage.MemoryUsageTest
Wed May 16 05:12:42 UTC 2018: Found element on the queue
Wed May 16 05:12:42 UTC 2018: Updating status
Wed May 16 05:12:42 UTC 2018: Working
Wed May 16 05:12:44 UTC 2018: Start marshalldewitt__activemq test class org.apache.activemq.util.BitArrayBinTest
Wed May 16 05:12:44 UTC 2018: Setting lastTestMethodIndex: 62784
Wed May 16 05:12:44 UTC 2018: Starting linking
Wed May 16 05:12:44 UTC 2018: No link for: org.apache.activemq.util.BitArrayBinTest-testSetAroundLongSizeMultiplier
Wed May 16 05:12:44 UTC 2018: None match not added in database because it already exists
Wed May 16 05:12:44 UTC 2018: No link for: org.apache.activemq.util.BitArrayBinTest-testLargeGapInData
Wed May 16 05:12:45 UTC 2018: None match not added in database because it already exists
Wed May 16 05:12:45 UTC 2018: No link for: org.apache.activemq.util.BitArrayBinTest-testSetAroundWindow
Wed May 16 05:12:45 UTC 2018: None match not added in database because it already exists
Wed May 16 05:12:45 UTC 2018: No link for: org.apache.activemq.util.BitArrayBinTest-testSetUnsetAroundWindow
Wed May 16 05:12:45 UTC 2018: None match not added in database because it already exists
Wed May 16 05:12:45 UTC 2018: No link for: org.apache.activemq.util.BitArrayBinTest-testLargeNumber
Wed May 16 05:12:46 UTC 2018: None match not added in database because it already exists
Wed May 16 05:12:46 UTC 2018: No link for: org.apache.activemq.util.BitArrayBinTest-testLastSeq
Wed May 16 05:12:46 UTC 2018: None match not added in database because it already exists
Wed May 16 05:12:46 UTC 2018: No link for: org.apache.activemq.util.BitArrayBinTest-testSetHiLo
Wed May 16 05:12:46 UTC 2018: None match not added in database because it already exists
Wed May 16 05:12:46 UTC 2018: Linking done for marshalldewitt__activemq test class org.apache.activemq.util.BitArrayBinTest
Wed May 16 05:12:47 UTC 2018: Found element on the queue
Wed May 16 05:12:47 UTC 2018: Updating status
Wed May 16 05:12:47 UTC 2018: Working
Wed May 16 05:12:49 UTC 2018: Start marshalldewitt__activemq test class org.apache.activemq.util.DataByteArrayInputStreamTest
Wed May 16 05:12:49 UTC 2018: Setting lastTestMethodIndex: 62786
Wed May 16 05:12:49 UTC 2018: Starting linking
Wed May 16 05:12:49 UTC 2018: No link for: org.apache.activemq.util.DataByteArrayInputStreamTest-testNonAscii
Wed May 16 05:12:50 UTC 2018: None match not added in database because it already exists
Wed May 16 05:12:50 UTC 2018: Linking done for marshalldewitt__activemq test class org.apache.activemq.util.DataByteArrayInputStreamTest
Wed May 16 05:12:50 UTC 2018: Found element on the queue
Wed May 16 05:12:50 UTC 2018: Updating status
Wed May 16 05:12:50 UTC 2018: Working
Wed May 16 05:12:52 UTC 2018: Start marshalldewitt__activemq test class org.apache.activemq.util.DataByteArrayOutputStreamTest
Wed May 16 05:12:52 UTC 2018: Setting lastTestMethodIndex: 62788
Wed May 16 05:12:52 UTC 2018: Starting linking
Wed May 16 05:12:52 UTC 2018: No link for: org.apache.activemq.util.DataByteArrayOutputStreamTest-testResize
Wed May 16 05:12:53 UTC 2018: None match not added in database because it already exists
Wed May 16 05:12:53 UTC 2018: Linking done for marshalldewitt__activemq test class org.apache.activemq.util.DataByteArrayOutputStreamTest
Wed May 16 05:12:53 UTC 2018: Found element on the queue
Wed May 16 05:12:53 UTC 2018: Updating status
Wed May 16 05:12:53 UTC 2018: Working
Wed May 16 05:12:55 UTC 2018: Start marshalldewitt__activemq test class org.apache.activemq.util.IdGeneratorTest
Wed May 16 05:12:55 UTC 2018: Setting lastTestMethodIndex: 62790
Wed May 16 05:12:55 UTC 2018: Starting linking
Wed May 16 05:12:56 UTC 2018: Code found org.apache.activemq.util.IdGenerator-sanitizeHostName with org.apache.activemq.util.IdGeneratorTest-testSanitizeHostName
Wed May 16 05:12:56 UTC 2018: Match not added in database because it already exists
Wed May 16 05:12:56 UTC 2018: Linking done for marshalldewitt__activemq test class org.apache.activemq.util.IdGeneratorTest
Wed May 16 05:12:56 UTC 2018: Found element on the queue
Wed May 16 05:12:56 UTC 2018: Updating status
Wed May 16 05:12:56 UTC 2018: Working
Wed May 16 05:12:59 UTC 2018: Start marshalldewitt__activemq test class org.apache.activemq.util.IntrospectionSupportTest
Wed May 16 05:12:59 UTC 2018: Setting lastTestMethodIndex: 62791
Wed May 16 05:12:59 UTC 2018: Starting linking
Wed May 16 05:12:59 UTC 2018: Linking done for marshalldewitt__activemq test class org.apache.activemq.util.IntrospectionSupportTest
Wed May 16 05:12:59 UTC 2018: Found element on the queue
Wed May 16 05:12:59 UTC 2018: Updating status
Wed May 16 05:12:59 UTC 2018: Working
Wed May 16 05:13:01 UTC 2018: Start marshalldewitt__activemq test class org.apache.activemq.util.LRUCacheTest
Wed May 16 05:13:01 UTC 2018: Setting lastTestMethodIndex: 62792
Wed May 16 05:13:01 UTC 2018: Starting linking
Wed May 16 05:13:01 UTC 2018: No code found org.apache.activemq.util.LRUCache-size with org.apache.activemq.util.LRUCacheTest-testResize
Wed May 16 05:13:02 UTC 2018: Linking done for marshalldewitt__activemq test class org.apache.activemq.util.LRUCacheTest
Wed May 16 05:13:02 UTC 2018: Found element on the queue
Wed May 16 05:13:02 UTC 2018: Updating status
Wed May 16 05:13:02 UTC 2018: Working
Wed May 16 05:13:05 UTC 2018: Start marshalldewitt__activemq test class org.apache.activemq.util.MarshallingSupportTest
Wed May 16 05:13:05 UTC 2018: Setting lastTestMethodIndex: 62794
Wed May 16 05:13:05 UTC 2018: Starting linking
Wed May 16 05:13:05 UTC 2018: Code found org.apache.activemq.util.MarshallingSupport-propertiesToString with org.apache.activemq.util.MarshallingSupportTest-testPropertiesToString
Wed May 16 05:13:05 UTC 2018: Match not added in database because it already exists
Wed May 16 05:13:05 UTC 2018: Linking done for marshalldewitt__activemq test class org.apache.activemq.util.MarshallingSupportTest
Wed May 16 05:13:06 UTC 2018: Found element on the queue
Wed May 16 05:13:06 UTC 2018: Updating status
Wed May 16 05:13:06 UTC 2018: Working
Wed May 16 05:13:08 UTC 2018: Start marshalldewitt__activemq test class org.apache.activemq.util.StopWatchTest
Wed May 16 05:13:08 UTC 2018: Setting lastTestMethodIndex: 62796
Wed May 16 05:13:08 UTC 2018: Starting linking
Wed May 16 05:13:08 UTC 2018: Code found org.apache.activemq.util.StopWatch-stop with org.apache.activemq.util.StopWatchTest-testStopWatch
Wed May 16 05:13:08 UTC 2018: Match not added in database because it already exists
Wed May 16 05:13:08 UTC 2018: Code found org.apache.activemq.util.StopWatch-restart with org.apache.activemq.util.StopWatchTest-testStopWatchRestart
Wed May 16 05:13:09 UTC 2018: Match not added in database because it already exists
Wed May 16 05:13:09 UTC 2018: Code found org.apache.activemq.util.StopWatch-stop with org.apache.activemq.util.StopWatchTest-testStopWatchNotStarted
Wed May 16 05:13:09 UTC 2018: Match not added in database because it already exists
Wed May 16 05:13:09 UTC 2018: Code found org.apache.activemq.util.StopWatch-taken with org.apache.activemq.util.StopWatchTest-testStopWatchTaken
Wed May 16 05:13:09 UTC 2018: Match not added in database because it already exists
Wed May 16 05:13:09 UTC 2018: Linking done for marshalldewitt__activemq test class org.apache.activemq.util.StopWatchTest
Wed May 16 05:13:10 UTC 2018: Found element on the queue
Wed May 16 05:13:10 UTC 2018: Updating status
Wed May 16 05:13:10 UTC 2018: Working
Wed May 16 05:13:12 UTC 2018: Start marshalldewitt__activemq test class org.apache.activemq.util.StringArrayConverterTest
Wed May 16 05:13:12 UTC 2018: Setting lastTestMethodIndex: 62797
Wed May 16 05:13:12 UTC 2018: Starting linking
Wed May 16 05:13:12 UTC 2018: Code found org.apache.activemq.util.StringArrayConverter-convertToStringArray with org.apache.activemq.util.StringArrayConverterTest-testConvertToStringArray
Wed May 16 05:13:13 UTC 2018: Match not added in database because it already exists
Wed May 16 05:13:13 UTC 2018: Code found org.apache.activemq.util.StringArrayConverter-convertToString with org.apache.activemq.util.StringArrayConverterTest-testConvertToString
Wed May 16 05:13:13 UTC 2018: Match not added in database because it already exists
Wed May 16 05:13:13 UTC 2018: Linking done for marshalldewitt__activemq test class org.apache.activemq.util.StringArrayConverterTest
Wed May 16 05:13:13 UTC 2018: Found element on the queue
Wed May 16 05:13:13 UTC 2018: Updating status
Wed May 16 05:13:13 UTC 2018: Working
Wed May 16 05:13:16 UTC 2018: Start marshalldewitt__activemq test class org.apache.activemq.util.StringToListOfActiveMQDestinationConverterTest
Wed May 16 05:13:16 UTC 2018: Setting lastTestMethodIndex: 62798
Wed May 16 05:13:16 UTC 2018: Starting linking
Wed May 16 05:13:16 UTC 2018: Code found org.apache.activemq.util.StringToListOfActiveMQDestinationConverter-convertFromActiveMQDestination with org.apache.activemq.util.StringToListOfActiveMQDestinationConverterTest-testConvertFromActiveMQDestination
Wed May 16 05:13:16 UTC 2018: Match not added in database because it already exists
Wed May 16 05:13:16 UTC 2018: Code found org.apache.activemq.util.StringToListOfActiveMQDestinationConverter-convertToActiveMQDestination with org.apache.activemq.util.StringToListOfActiveMQDestinationConverterTest-testConvertToActiveMQDestination
Wed May 16 05:13:16 UTC 2018: Match not added in database because it already exists
Wed May 16 05:13:17 UTC 2018: Linking done for marshalldewitt__activemq test class org.apache.activemq.util.StringToListOfActiveMQDestinationConverterTest
Wed May 16 05:13:17 UTC 2018: Found element on the queue
Wed May 16 05:13:17 UTC 2018: Updating status
Wed May 16 05:13:17 UTC 2018: Working
Wed May 16 05:13:19 UTC 2018: Start marshalldewitt__activemq test class org.apache.activemq.util.URISupportTest
Wed May 16 05:13:19 UTC 2018: Setting lastTestMethodIndex: 62800
Wed May 16 05:13:19 UTC 2018: Starting linking
Wed May 16 05:13:19 UTC 2018: No link for: org.apache.activemq.util.URISupportTest-testCompositeWithComponentParam
Wed May 16 05:13:20 UTC 2018: None match not added in database because it already exists
Wed May 16 05:13:20 UTC 2018: No link for: org.apache.activemq.util.URISupportTest-testParsingURI
Wed May 16 05:13:20 UTC 2018: None match not added in database because it already exists
Wed May 16 05:13:20 UTC 2018: No link for: org.apache.activemq.util.URISupportTest-testCheckParenthesis
Wed May 16 05:13:20 UTC 2018: None match not added in database because it already exists
Wed May 16 05:13:20 UTC 2018: No link for: org.apache.activemq.util.URISupportTest-testIsCompositeURIWithQueryAndSlashes
Wed May 16 05:13:21 UTC 2018: None match not added in database because it already exists
Wed May 16 05:13:21 UTC 2018: No link for: org.apache.activemq.util.URISupportTest-testEmptyCompositeWithParenthesisInParam
Wed May 16 05:13:21 UTC 2018: None match not added in database because it already exists
Wed May 16 05:13:21 UTC 2018: No link for: org.apache.activemq.util.URISupportTest-testParsingParams
Wed May 16 05:13:21 UTC 2018: None match not added in database because it already exists
Wed May 16 05:13:21 UTC 2018: No link for: org.apache.activemq.util.URISupportTest-testIsCompositeURINoQueryNoSlashesNoParentheses
Wed May 16 05:13:22 UTC 2018: None match not added in database because it already exists
Wed May 16 05:13:22 UTC 2018: No link for: org.apache.activemq.util.URISupportTest-testCompositeWithParenthesisInParam
Wed May 16 05:13:22 UTC 2018: None match not added in database because it already exists
Wed May 16 05:13:22 UTC 2018: No link for: org.apache.activemq.util.URISupportTest-testCreateWithQuery
Wed May 16 05:13:22 UTC 2018: None match not added in database because it already exists
Wed May 16 05:13:22 UTC 2018: No link for: org.apache.activemq.util.URISupportTest-testIsCompositeURIWithQueryNoSlashes
Wed May 16 05:13:23 UTC 2018: None match not added in database because it already exists
Wed May 16 05:13:23 UTC 2018: No link for: org.apache.activemq.util.URISupportTest-testCompositeCreateURIWithQuery
Wed May 16 05:13:23 UTC 2018: None match not added in database because it already exists
Wed May 16 05:13:23 UTC 2018: No link for: org.apache.activemq.util.URISupportTest-testSimpleComposite
Wed May 16 05:13:24 UTC 2018: None match not added in database because it already exists
Wed May 16 05:13:24 UTC 2018: No link for: org.apache.activemq.util.URISupportTest-testIsCompositeURINoQueryWithSlashes
Wed May 16 05:13:24 UTC 2018: None match not added in database because it already exists
Wed May 16 05:13:24 UTC 2018: No link for: org.apache.activemq.util.URISupportTest-testEmptyCompositePath
Wed May 16 05:13:24 UTC 2018: None match not added in database because it already exists
Wed May 16 05:13:24 UTC 2018: No link for: org.apache.activemq.util.URISupportTest-testParsingCompositeURI
Wed May 16 05:13:25 UTC 2018: None match not added in database because it already exists
Wed May 16 05:13:25 UTC 2018: No link for: org.apache.activemq.util.URISupportTest-testIsCompositeURINoQueryNoSlashes
Wed May 16 05:13:25 UTC 2018: None match not added in database because it already exists
Wed May 16 05:13:25 UTC 2018: No link for: org.apache.activemq.util.URISupportTest-testCompositePath
Wed May 16 05:13:25 UTC 2018: None match not added in database because it already exists
Wed May 16 05:13:25 UTC 2018: No link for: org.apache.activemq.util.URISupportTest-testComposite
Wed May 16 05:13:26 UTC 2018: None match not added in database because it already exists
Wed May 16 05:13:26 UTC 2018: No link for: org.apache.activemq.util.URISupportTest-testApplyParameters
Wed May 16 05:13:26 UTC 2018: None match not added in database because it already exists
Wed May 16 05:13:26 UTC 2018: Linking done for marshalldewitt__activemq test class org.apache.activemq.util.URISupportTest
Wed May 16 05:13:26 UTC 2018: Found element on the queue
Wed May 16 05:13:26 UTC 2018: Updating status
Wed May 16 05:13:26 UTC 2018: Working
Wed May 16 05:13:29 UTC 2018: Start marshalldewitt__activemq test class org.apache.activemq.util.XASupportTest
Wed May 16 05:13:29 UTC 2018: Setting lastTestMethodIndex: 62803
Wed May 16 05:13:29 UTC 2018: Starting linking
Wed May 16 05:13:29 UTC 2018: No link for: org.apache.activemq.util.XASupportTest-test
Wed May 16 05:13:29 UTC 2018: None match not added in database because it already exists
Wed May 16 05:13:29 UTC 2018: Linking done for marshalldewitt__activemq test class org.apache.activemq.util.XASupportTest
Wed May 16 05:13:30 UTC 2018: Found element on the queue
Wed May 16 05:13:30 UTC 2018: Updating status
Wed May 16 05:13:30 UTC 2018: Working
Wed May 16 05:13:30 UTC 2018: Create project parser
Wed May 16 05:13:32 UTC 2018: Start marshalldewitt__activemq test class org.apache.activemq.jaas.UserPrincipalTest
Wed May 16 05:13:32 UTC 2018: Setting lastTestMethodIndex: 62804
Wed May 16 05:13:32 UTC 2018: Starting linking
Wed May 16 05:13:32 UTC 2018: Linking done for marshalldewitt__activemq test class org.apache.activemq.jaas.UserPrincipalTest
Wed May 16 05:13:33 UTC 2018: Found element on the queue
Wed May 16 05:13:33 UTC 2018: Updating status
Wed May 16 05:13:33 UTC 2018: Working
Wed May 16 05:13:36 UTC 2018: Start marshalldewitt__activemq test class org.apache.activemq.jaas.GroupPrincipalTest
Wed May 16 05:13:36 UTC 2018: Setting lastTestMethodIndex: 62805
Wed May 16 05:13:36 UTC 2018: Starting linking
Wed May 16 05:13:36 UTC 2018: Linking done for marshalldewitt__activemq test class org.apache.activemq.jaas.GroupPrincipalTest
Wed May 16 05:13:36 UTC 2018: Found element on the queue
Wed May 16 05:13:36 UTC 2018: Updating status
Wed May 16 05:13:36 UTC 2018: Working
Wed May 16 05:13:39 UTC 2018: Start marshalldewitt__activemq test class org.apache.activemq.jaas.LDAPModuleRoleExpansionTest
Wed May 16 05:13:39 UTC 2018: Setting lastTestMethodIndex: 62806
Wed May 16 05:13:39 UTC 2018: Starting linking
Wed May 16 05:13:39 UTC 2018: No link for: org.apache.activemq.jaas.LDAPModuleRoleExpansionTest-testRunning
Wed May 16 05:13:40 UTC 2018: None match not added in database because it already exists
Wed May 16 05:13:40 UTC 2018: No link for: org.apache.activemq.jaas.LDAPModuleRoleExpansionTest-testRoleExpansion
Wed May 16 05:13:40 UTC 2018: None match not added in database because it already exists
Wed May 16 05:13:40 UTC 2018: Linking done for marshalldewitt__activemq test class org.apache.activemq.jaas.LDAPModuleRoleExpansionTest
Wed May 16 05:13:40 UTC 2018: Found element on the queue
Wed May 16 05:13:40 UTC 2018: Updating status
Wed May 16 05:13:40 UTC 2018: Working
Wed May 16 05:13:43 UTC 2018: Start marshalldewitt__activemq test class org.apache.activemq.jaas.CertificateLoginModuleTest
Wed May 16 05:13:43 UTC 2018: Setting lastTestMethodIndex: 62807
Wed May 16 05:13:43 UTC 2018: Starting linking
Wed May 16 05:13:43 UTC 2018: Linking done for marshalldewitt__activemq test class org.apache.activemq.jaas.CertificateLoginModuleTest
Wed May 16 05:13:44 UTC 2018: Found element on the queue
Wed May 16 05:13:44 UTC 2018: Updating status
Wed May 16 05:13:44 UTC 2018: Working
Wed May 16 05:13:46 UTC 2018: Start marshalldewitt__activemq test class org.apache.activemq.jaas.GuestLoginModuleTest
Wed May 16 05:13:46 UTC 2018: Setting lastTestMethodIndex: 62808
Wed May 16 05:13:46 UTC 2018: Starting linking
Wed May 16 05:13:46 UTC 2018: Linking done for marshalldewitt__activemq test class org.apache.activemq.jaas.GuestLoginModuleTest
Wed May 16 05:13:47 UTC 2018: Found element on the queue
Wed May 16 05:13:47 UTC 2018: Updating status
Wed May 16 05:13:47 UTC 2018: Working
Wed May 16 05:13:49 UTC 2018: Start marshalldewitt__activemq test class org.apache.activemq.jaas.LDAPLoginModuleTest
Wed May 16 05:13:49 UTC 2018: Setting lastTestMethodIndex: 62809
Wed May 16 05:13:49 UTC 2018: Starting linking
Wed May 16 05:13:49 UTC 2018: No link for: org.apache.activemq.jaas.LDAPLoginModuleTest-testRunning
Wed May 16 05:13:49 UTC 2018: None match not added in database because it already exists
Wed May 16 05:13:49 UTC 2018: No link for: org.apache.activemq.jaas.LDAPLoginModuleTest-testEncryptedLogin
Wed May 16 05:13:50 UTC 2018: None match not added in database because it already exists
Wed May 16 05:13:50 UTC 2018: No link for: org.apache.activemq.jaas.LDAPLoginModuleTest-testUnauthenticated
Wed May 16 05:13:50 UTC 2018: None match not added in database because it already exists
Wed May 16 05:13:50 UTC 2018: No link for: org.apache.activemq.jaas.LDAPLoginModuleTest-testLogin
Wed May 16 05:13:51 UTC 2018: None match not added in database because it already exists
Wed May 16 05:13:51 UTC 2018: Linking done for marshalldewitt__activemq test class org.apache.activemq.jaas.LDAPLoginModuleTest
Wed May 16 05:13:51 UTC 2018: Found element on the queue
Wed May 16 05:13:51 UTC 2018: Updating status
Wed May 16 05:13:51 UTC 2018: Working
Wed May 16 05:13:54 UTC 2018: Start marshalldewitt__activemq test class org.apache.activemq.jaas.PropertiesLoginModuleRaceConditionTest
Wed May 16 05:13:54 UTC 2018: Setting lastTestMethodIndex: 62812
Wed May 16 05:13:54 UTC 2018: Starting linking
Wed May 16 05:13:54 UTC 2018: Linking done for marshalldewitt__activemq test class org.apache.activemq.jaas.PropertiesLoginModuleRaceConditionTest
Wed May 16 05:13:54 UTC 2018: Found element on the queue
Wed May 16 05:13:54 UTC 2018: Updating status
Wed May 16 05:13:54 UTC 2018: Working
Wed May 16 05:13:57 UTC 2018: Start marshalldewitt__activemq test class org.apache.activemq.jaas.PropertiesLoginModuleTest
Wed May 16 05:13:57 UTC 2018: Setting lastTestMethodIndex: 62814
Wed May 16 05:13:57 UTC 2018: Starting linking
Wed May 16 05:13:57 UTC 2018: Linking done for marshalldewitt__activemq test class org.apache.activemq.jaas.PropertiesLoginModuleTest
