Tue May 15 16:06:58 UTC 2018: Database:jdbc:mysql://localhost:3306/unittests
Tue May 15 16:06:59 UTC 2018: Starting
Tue May 15 16:06:59 UTC 2018: Found element on the queue
Tue May 15 16:06:59 UTC 2018: Updating status
Tue May 15 16:06:59 UTC 2018: Working
Tue May 15 16:06:59 UTC 2018: Create project parser
Tue May 15 16:07:35 UTC 2018: Create slicer
Tue May 15 16:07:42 UTC 2018: Create call graph
Tue May 15 16:07:49 UTC 2018: Create point analysis
Tue May 15 16:07:49 UTC 2018: Create call graph done
Tue May 15 16:07:49 UTC 2018: Start EngineHub__CommandHelper test class com.laytonsmith.core.PrefsTest
Tue May 15 16:07:49 UTC 2018: Setting lastTestMethodIndex: 37671
Tue May 15 16:07:49 UTC 2018: Starting linking
Tue May 15 16:07:50 UTC 2018: No link for: com.laytonsmith.core.PrefsTest-testPrefs
Tue May 15 16:07:50 UTC 2018: Linking done for EngineHub__CommandHelper test class com.laytonsmith.core.PrefsTest
Tue May 15 16:07:50 UTC 2018: Found element on the queue
Tue May 15 16:07:50 UTC 2018: Updating status
Tue May 15 16:07:50 UTC 2018: Working
Tue May 15 16:07:53 UTC 2018: Start EngineHub__CommandHelper test class com.laytonsmith.core.UpgradeLogTest
Tue May 15 16:07:53 UTC 2018: Setting lastTestMethodIndex: 37672
Tue May 15 16:07:53 UTC 2018: Starting linking
Tue May 15 16:07:53 UTC 2018: No link for: com.laytonsmith.core.UpgradeLogTest-testOldTasksArentRun
Tue May 15 16:07:53 UTC 2018: Linking done for EngineHub__CommandHelper test class com.laytonsmith.core.UpgradeLogTest
Tue May 15 16:07:53 UTC 2018: Found element on the queue
Tue May 15 16:07:53 UTC 2018: Updating status
Tue May 15 16:07:53 UTC 2018: Working
Tue May 15 16:07:56 UTC 2018: Start EngineHub__CommandHelper test class com.laytonsmith.core.functions.MinecraftTest
Tue May 15 16:07:56 UTC 2018: Setting lastTestMethodIndex: 37674
Tue May 15 16:07:56 UTC 2018: Starting linking
Tue May 15 16:07:56 UTC 2018: No link for: com.laytonsmith.core.functions.MinecraftTest-testGetMCVersion
Tue May 15 16:07:56 UTC 2018: No link for: com.laytonsmith.core.functions.MinecraftTest-testIsTameable
Tue May 15 16:07:56 UTC 2018: Linking done for EngineHub__CommandHelper test class com.laytonsmith.core.functions.MinecraftTest
Tue May 15 16:07:57 UTC 2018: Found element on the queue
Tue May 15 16:07:57 UTC 2018: Updating status
Tue May 15 16:07:57 UTC 2018: Working
Tue May 15 16:07:59 UTC 2018: Start EngineHub__CommandHelper test class com.laytonsmith.core.functions.ArrayHandlingTest
Tue May 15 16:07:59 UTC 2018: Setting lastTestMethodIndex: 37676
Tue May 15 16:07:59 UTC 2018: Starting linking
Tue May 15 16:07:59 UTC 2018: Code found com.laytonsmith.core.functions.ArrayHandling-docs with com.laytonsmith.core.functions.ArrayHandlingTest-testDocs
Tue May 15 16:07:59 UTC 2018: No link for: com.laytonsmith.core.functions.ArrayHandlingTest-testArrayUnique1
Tue May 15 16:07:59 UTC 2018: No link for: com.laytonsmith.core.functions.ArrayHandlingTest-testArrayUnique2
Tue May 15 16:08:00 UTC 2018: No link for: com.laytonsmith.core.functions.ArrayHandlingTest-testArrayUnique3
Tue May 15 16:08:00 UTC 2018: No link for: com.laytonsmith.core.functions.ArrayHandlingTest-testArrayReduceRight
Tue May 15 16:08:00 UTC 2018: No link for: com.laytonsmith.core.functions.ArrayHandlingTest-testArrayUnique4
Tue May 15 16:08:00 UTC 2018: No link for: com.laytonsmith.core.functions.ArrayHandlingTest-testArrayPush2
Tue May 15 16:08:00 UTC 2018: No link for: com.laytonsmith.core.functions.ArrayHandlingTest-testArrayReduce
Tue May 15 16:08:00 UTC 2018: No link for: com.laytonsmith.core.functions.ArrayHandlingTest-testArrayIterateAssociative
Tue May 15 16:08:00 UTC 2018: No link for: com.laytonsmith.core.functions.ArrayHandlingTest-testArrayEvery3
Tue May 15 16:08:01 UTC 2018: No link for: com.laytonsmith.core.functions.ArrayHandlingTest-testArrayEvery2
Tue May 15 16:08:01 UTC 2018: No link for: com.laytonsmith.core.functions.ArrayHandlingTest-testArrayEvery1
Tue May 15 16:08:01 UTC 2018: No link for: com.laytonsmith.core.functions.ArrayHandlingTest-testArrayReferenceBeingCorrectWithArrayGet
Tue May 15 16:08:01 UTC 2018: No link for: com.laytonsmith.core.functions.ArrayHandlingTest-testArrayIndexes
Tue May 15 16:08:01 UTC 2018: No link for: com.laytonsmith.core.functions.ArrayHandlingTest-testArrayGetEx
Tue May 15 16:08:01 UTC 2018: No link for: com.laytonsmith.core.functions.ArrayHandlingTest-testStringSlice2
Tue May 15 16:08:01 UTC 2018: No link for: com.laytonsmith.core.functions.ArrayHandlingTest-testArrayGetCloneRefCouples
Tue May 15 16:08:01 UTC 2018: No link for: com.laytonsmith.core.functions.ArrayHandlingTest-testStringSlice1
Tue May 15 16:08:02 UTC 2018: No link for: com.laytonsmith.core.functions.ArrayHandlingTest-testArrayGet
Tue May 15 16:08:02 UTC 2018: No link for: com.laytonsmith.core.functions.ArrayHandlingTest-testArrayIndexesMissing
Tue May 15 16:08:02 UTC 2018: No link for: com.laytonsmith.core.functions.ArrayHandlingTest-testStringSlice3
Tue May 15 16:08:02 UTC 2018: No link for: com.laytonsmith.core.functions.ArrayHandlingTest-testArrayResize
Tue May 15 16:08:02 UTC 2018: No link for: com.laytonsmith.core.functions.ArrayHandlingTest-testArrayContainsEx
Tue May 15 16:08:02 UTC 2018: No link for: com.laytonsmith.core.functions.ArrayHandlingTest-testArrayRemoveValues
Tue May 15 16:08:02 UTC 2018: No link for: com.laytonsmith.core.functions.ArrayHandlingTest-testArrayReverse
Tue May 15 16:08:02 UTC 2018: No link for: com.laytonsmith.core.functions.ArrayHandlingTest-testArrayIterate
Tue May 15 16:08:03 UTC 2018: No link for: com.laytonsmith.core.functions.ArrayHandlingTest-testArrayIndexMissing
Tue May 15 16:08:03 UTC 2018: No link for: com.laytonsmith.core.functions.ArrayHandlingTest-testArraySizeEx
Tue May 15 16:08:03 UTC 2018: No link for: com.laytonsmith.core.functions.ArrayHandlingTest-testArrayGetBad
Tue May 15 16:08:03 UTC 2018: No link for: com.laytonsmith.core.functions.ArrayHandlingTest-testArrayMergeAssociative
Tue May 15 16:08:03 UTC 2018: No link for: com.laytonsmith.core.functions.ArrayHandlingTest-testArrayGetClone
Tue May 15 16:08:03 UTC 2018: No link for: com.laytonsmith.core.functions.ArrayHandlingTest-testArrayDeepClone
Tue May 15 16:08:03 UTC 2018: No link for: com.laytonsmith.core.functions.ArrayHandlingTest-testArrayMap
Tue May 15 16:08:04 UTC 2018: No link for: com.laytonsmith.core.functions.ArrayHandlingTest-testArraySContains
Tue May 15 16:08:04 UTC 2018: No link for: com.laytonsmith.core.functions.ArrayHandlingTest-testArrayReferenceBeingCorrect
Tue May 15 16:08:04 UTC 2018: No link for: com.laytonsmith.core.functions.ArrayHandlingTest-testArraySize
Tue May 15 16:08:04 UTC 2018: No link for: com.laytonsmith.core.functions.ArrayHandlingTest-testArrayReduce2
Tue May 15 16:08:04 UTC 2018: No link for: com.laytonsmith.core.functions.ArrayHandlingTest-testArrayShallowClone
Tue May 15 16:08:04 UTC 2018: No link for: com.laytonsmith.core.functions.ArrayHandlingTest-testArrayPush
Tue May 15 16:08:04 UTC 2018: No link for: com.laytonsmith.core.functions.ArrayHandlingTest-testArrayGetCloneRecursiveArray
Tue May 15 16:08:04 UTC 2018: No link for: com.laytonsmith.core.functions.ArrayHandlingTest-testArrayReduceRight2
Tue May 15 16:08:05 UTC 2018: No link for: com.laytonsmith.core.functions.ArrayHandlingTest-testAssociativeArraySort
Tue May 15 16:08:05 UTC 2018: No link for: com.laytonsmith.core.functions.ArrayHandlingTest-testArrayContains
Tue May 15 16:08:05 UTC 2018: No link for: com.laytonsmith.core.functions.ArrayHandlingTest-testArrayPushEx
Tue May 15 16:08:05 UTC 2018: No link for: com.laytonsmith.core.functions.ArrayHandlingTest-testRange
Tue May 15 16:08:05 UTC 2018: No link for: com.laytonsmith.core.functions.ArrayHandlingTest-testArraySet2
Tue May 15 16:08:05 UTC 2018: No link for: com.laytonsmith.core.functions.ArrayHandlingTest-testArraySliceAndNegativeIndexes
Tue May 15 16:08:05 UTC 2018: No link for: com.laytonsmith.core.functions.ArrayHandlingTest-testArraySort1
Tue May 15 16:08:05 UTC 2018: No link for: com.laytonsmith.core.functions.ArrayHandlingTest-testArraySet1
Tue May 15 16:08:06 UTC 2018: No link for: com.laytonsmith.core.functions.ArrayHandlingTest-testArraySort2
Tue May 15 16:08:06 UTC 2018: No link for: com.laytonsmith.core.functions.ArrayHandlingTest-testArraySort3
Tue May 15 16:08:06 UTC 2018: No link for: com.laytonsmith.core.functions.ArrayHandlingTest-testStringGet2
Tue May 15 16:08:06 UTC 2018: No link for: com.laytonsmith.core.functions.ArrayHandlingTest-testArrayIndex
Tue May 15 16:08:06 UTC 2018: No link for: com.laytonsmith.core.functions.ArrayHandlingTest-testArraySome3
Tue May 15 16:08:06 UTC 2018: No link for: com.laytonsmith.core.functions.ArrayHandlingTest-testStringGet1
Tue May 15 16:08:06 UTC 2018: No link for: com.laytonsmith.core.functions.ArrayHandlingTest-testArraySome1
Tue May 15 16:08:06 UTC 2018: No link for: com.laytonsmith.core.functions.ArrayHandlingTest-testArrayRand
Tue May 15 16:08:06 UTC 2018: No link for: com.laytonsmith.core.functions.ArrayHandlingTest-testArraySome2
Tue May 15 16:08:06 UTC 2018: No link for: com.laytonsmith.core.functions.ArrayHandlingTest-testArrayRemove
Tue May 15 16:08:07 UTC 2018: No link for: com.laytonsmith.core.functions.ArrayHandlingTest-testArrayImplode1
Tue May 15 16:08:07 UTC 2018: No link for: com.laytonsmith.core.functions.ArrayHandlingTest-testArrayMergeNormal
Tue May 15 16:08:07 UTC 2018: Linking done for EngineHub__CommandHelper test class com.laytonsmith.core.functions.ArrayHandlingTest
Tue May 15 16:08:07 UTC 2018: Found element on the queue
Tue May 15 16:08:07 UTC 2018: Updating status
Tue May 15 16:08:07 UTC 2018: Working
Tue May 15 16:08:10 UTC 2018: Start EngineHub__CommandHelper test class com.laytonsmith.core.functions.MathTest
Tue May 15 16:08:10 UTC 2018: Setting lastTestMethodIndex: 37680
Tue May 15 16:08:10 UTC 2018: Starting linking
Tue May 15 16:08:10 UTC 2018: No link for: com.laytonsmith.core.functions.MathTest-testTanh
Tue May 15 16:08:10 UTC 2018: No link for: com.laytonsmith.core.functions.MathTest-testCosh
Tue May 15 16:08:10 UTC 2018: No link for: com.laytonsmith.core.functions.MathTest-testFloor
Tue May 15 16:08:10 UTC 2018: No link for: com.laytonsmith.core.functions.MathTest-testPow
Tue May 15 16:08:10 UTC 2018: No link for: com.laytonsmith.core.functions.MathTest-testRound
Tue May 15 16:08:10 UTC 2018: No link for: com.laytonsmith.core.functions.MathTest-testMax
Tue May 15 16:08:11 UTC 2018: No link for: com.laytonsmith.core.functions.MathTest-testDec
Tue May 15 16:08:11 UTC 2018: No link for: com.laytonsmith.core.functions.MathTest-testMod
Tue May 15 16:08:11 UTC 2018: No link for: com.laytonsmith.core.functions.MathTest-testSinh
Tue May 15 16:08:11 UTC 2018: No link for: com.laytonsmith.core.functions.MathTest-testAdd
Tue May 15 16:08:11 UTC 2018: No link for: com.laytonsmith.core.functions.MathTest-testMultiply
Tue May 15 16:08:11 UTC 2018: No link for: com.laytonsmith.core.functions.MathTest-testRand2
Tue May 15 16:08:11 UTC 2018: No link for: com.laytonsmith.core.functions.MathTest-testInc
Tue May 15 16:08:11 UTC 2018: No link for: com.laytonsmith.core.functions.MathTest-testRand1
Tue May 15 16:08:12 UTC 2018: No link for: com.laytonsmith.core.functions.MathTest-testClamp
Tue May 15 16:08:12 UTC 2018: No link for: com.laytonsmith.core.functions.MathTest-testSubtract
Tue May 15 16:08:12 UTC 2018: No link for: com.laytonsmith.core.functions.MathTest-testChained
Tue May 15 16:08:12 UTC 2018: No link for: com.laytonsmith.core.functions.MathTest-testAbs
Tue May 15 16:08:12 UTC 2018: No link for: com.laytonsmith.core.functions.MathTest-testSqrt
Tue May 15 16:08:12 UTC 2018: No link for: com.laytonsmith.core.functions.MathTest-testMin
Tue May 15 16:08:12 UTC 2018: No link for: com.laytonsmith.core.functions.MathTest-testCeil
Tue May 15 16:08:12 UTC 2018: No link for: com.laytonsmith.core.functions.MathTest-testDivide
Tue May 15 16:08:12 UTC 2018: Linking done for EngineHub__CommandHelper test class com.laytonsmith.core.functions.MathTest
Tue May 15 16:08:13 UTC 2018: Found element on the queue
Tue May 15 16:08:13 UTC 2018: Updating status
Tue May 15 16:08:13 UTC 2018: Working
Tue May 15 16:08:15 UTC 2018: Start EngineHub__CommandHelper test class com.laytonsmith.core.functions.StringHandlingTest
Tue May 15 16:08:15 UTC 2018: Setting lastTestMethodIndex: 37682
Tue May 15 16:08:15 UTC 2018: Starting linking
Tue May 15 16:08:15 UTC 2018: No link for: com.laytonsmith.core.functions.StringHandlingTest-testCharFromUnicodeToChar
Tue May 15 16:08:15 UTC 2018: No link for: com.laytonsmith.core.functions.StringHandlingTest-testToUpper
Tue May 15 16:08:16 UTC 2018: No link for: com.laytonsmith.core.functions.StringHandlingTest-testStringFormat
Tue May 15 16:08:16 UTC 2018: No link for: com.laytonsmith.core.functions.StringHandlingTest-testStringFormat2
Tue May 15 16:08:16 UTC 2018: No link for: com.laytonsmith.core.functions.StringHandlingTest-testSplitWithLimit
Tue May 15 16:08:16 UTC 2018: No link for: com.laytonsmith.core.functions.StringHandlingTest-testUnicodeFromChar
Tue May 15 16:08:16 UTC 2018: No link for: com.laytonsmith.core.functions.StringHandlingTest-testReplace
Tue May 15 16:08:16 UTC 2018: No link for: com.laytonsmith.core.functions.StringHandlingTest-testSconcat
Tue May 15 16:08:16 UTC 2018: No link for: com.laytonsmith.core.functions.StringHandlingTest-testSplitWithLimit2
Tue May 15 16:08:16 UTC 2018: No link for: com.laytonsmith.core.functions.StringHandlingTest-testSubstr
Tue May 15 16:08:16 UTC 2018: No link for: com.laytonsmith.core.functions.StringHandlingTest-testStringStartsWith
Tue May 15 16:08:16 UTC 2018: No link for: com.laytonsmith.core.functions.StringHandlingTest-testDoubleStringWithError
Tue May 15 16:08:17 UTC 2018: No link for: com.laytonsmith.core.functions.StringHandlingTest-testParseArgs
Tue May 15 16:08:17 UTC 2018: No link for: com.laytonsmith.core.functions.StringHandlingTest-testLength
Tue May 15 16:08:17 UTC 2018: No link for: com.laytonsmith.core.functions.StringHandlingTest-testRead
Tue May 15 16:08:17 UTC 2018: No link for: com.laytonsmith.core.functions.StringHandlingTest-testToLower
Tue May 15 16:08:17 UTC 2018: No link for: com.laytonsmith.core.functions.StringHandlingTest-testMulticharacterSplit
Tue May 15 16:08:17 UTC 2018: No link for: com.laytonsmith.core.functions.StringHandlingTest-testConcat
Tue May 15 16:08:17 UTC 2018: No link for: com.laytonsmith.core.functions.StringHandlingTest-testStringEndsWith
Tue May 15 16:08:17 UTC 2018: No link for: com.laytonsmith.core.functions.StringHandlingTest-testDoubleStringWithOnlyVariable
Tue May 15 16:08:17 UTC 2018: No link for: com.laytonsmith.core.functions.StringHandlingTest-testDoubleStringWithLiteral
Tue May 15 16:08:17 UTC 2018: No link for: com.laytonsmith.core.functions.StringHandlingTest-testDoubleStringSimpleUsingBraces
Tue May 15 16:08:17 UTC 2018: No link for: com.laytonsmith.core.functions.StringHandlingTest-testDoubleStringSimple
Tue May 15 16:08:17 UTC 2018: No link for: com.laytonsmith.core.functions.StringHandlingTest-testDoubleStringUnendedBrace
Tue May 15 16:08:17 UTC 2018: No link for: com.laytonsmith.core.functions.StringHandlingTest-testTrim
Tue May 15 16:08:17 UTC 2018: No link for: com.laytonsmith.core.functions.StringHandlingTest-testSplit2
Tue May 15 16:08:17 UTC 2018: No link for: com.laytonsmith.core.functions.StringHandlingTest-testDoubleStringWithNoControlCharacters
Tue May 15 16:08:17 UTC 2018: No link for: com.laytonsmith.core.functions.StringHandlingTest-testCharIsUppercase
Tue May 15 16:08:17 UTC 2018: No link for: com.laytonsmith.core.functions.StringHandlingTest-testSplit1
Tue May 15 16:08:17 UTC 2018: No link for: com.laytonsmith.core.functions.StringHandlingTest-testDoubleStringSimpleUsingBracesAndImmediateFollowingCharacters
Tue May 15 16:08:17 UTC 2018: No link for: com.laytonsmith.core.functions.StringHandlingTest-testCharFromUnicode
Tue May 15 16:08:17 UTC 2018: Linking done for EngineHub__CommandHelper test class com.laytonsmith.core.functions.StringHandlingTest
Tue May 15 16:08:18 UTC 2018: Found element on the queue
Tue May 15 16:08:18 UTC 2018: Updating status
Tue May 15 16:08:18 UTC 2018: Working
Tue May 15 16:08:20 UTC 2018: Start EngineHub__CommandHelper test class com.laytonsmith.core.functions.BasicLogicTest
Tue May 15 16:08:20 UTC 2018: Setting lastTestMethodIndex: 37684
Tue May 15 16:08:20 UTC 2018: Starting linking
Tue May 15 16:08:20 UTC 2018: Code found com.laytonsmith.core.functions.BasicLogic-docs with com.laytonsmith.core.functions.BasicLogicTest-testDocs
Tue May 15 16:08:20 UTC 2018: No link for: com.laytonsmith.core.functions.BasicLogicTest-testUrshift
Tue May 15 16:08:21 UTC 2018: No link for: com.laytonsmith.core.functions.BasicLogicTest-testLte
Tue May 15 16:08:21 UTC 2018: No link for: com.laytonsmith.core.functions.BasicLogicTest-testSequals
Tue May 15 16:08:21 UTC 2018: No link for: com.laytonsmith.core.functions.BasicLogicTest-testXor
Tue May 15 16:08:21 UTC 2018: No link for: com.laytonsmith.core.functions.BasicLogicTest-testNand
Tue May 15 16:08:21 UTC 2018: No link for: com.laytonsmith.core.functions.BasicLogicTest-testGte
Tue May 15 16:08:21 UTC 2018: No link for: com.laytonsmith.core.functions.BasicLogicTest-testNot
Tue May 15 16:08:21 UTC 2018: No link for: com.laytonsmith.core.functions.BasicLogicTest-testGt
Tue May 15 16:08:21 UTC 2018: No link for: com.laytonsmith.core.functions.BasicLogicTest-testNor
Tue May 15 16:08:21 UTC 2018: No link for: com.laytonsmith.core.functions.BasicLogicTest-testEquals
Tue May 15 16:08:21 UTC 2018: No link for: com.laytonsmith.core.functions.BasicLogicTest-testLt
Tue May 15 16:08:21 UTC 2018: No link for: com.laytonsmith.core.functions.BasicLogicTest-testXnor
Tue May 15 16:08:21 UTC 2018: No link for: com.laytonsmith.core.functions.BasicLogicTest-testBitXor
Tue May 15 16:08:21 UTC 2018: No link for: com.laytonsmith.core.functions.BasicLogicTest-testBitAnd
Tue May 15 16:08:21 UTC 2018: No link for: com.laytonsmith.core.functions.BasicLogicTest-testSEqualsic1
Tue May 15 16:08:21 UTC 2018: No link for: com.laytonsmith.core.functions.BasicLogicTest-testSwitch3
Tue May 15 16:08:21 UTC 2018: No link for: com.laytonsmith.core.functions.BasicLogicTest-testIfelse
Tue May 15 16:08:21 UTC 2018: No link for: com.laytonsmith.core.functions.BasicLogicTest-testSwitch2
Tue May 15 16:08:21 UTC 2018: No link for: com.laytonsmith.core.functions.BasicLogicTest-testSEqualsic3
Tue May 15 16:08:21 UTC 2018: No link for: com.laytonsmith.core.functions.BasicLogicTest-testSEqualsic2
Tue May 15 16:08:21 UTC 2018: No link for: com.laytonsmith.core.functions.BasicLogicTest-testBitOr
Tue May 15 16:08:21 UTC 2018: No link for: com.laytonsmith.core.functions.BasicLogicTest-testRefEquals1
Tue May 15 16:08:21 UTC 2018: No link for: com.laytonsmith.core.functions.BasicLogicTest-testLshift
Tue May 15 16:08:22 UTC 2018: No link for: com.laytonsmith.core.functions.BasicLogicTest-testRefEquals2
Tue May 15 16:08:22 UTC 2018: No link for: com.laytonsmith.core.functions.BasicLogicTest-testSwitchWithArray
Tue May 15 16:08:22 UTC 2018: No link for: com.laytonsmith.core.functions.BasicLogicTest-testRefEquals3
Tue May 15 16:08:22 UTC 2018: No link for: com.laytonsmith.core.functions.BasicLogicTest-testEqualsICMulti
Tue May 15 16:08:22 UTC 2018: No link for: com.laytonsmith.core.functions.BasicLogicTest-testAnd1
Tue May 15 16:08:22 UTC 2018: No link for: com.laytonsmith.core.functions.BasicLogicTest-testAnd2
Tue May 15 16:08:22 UTC 2018: No link for: com.laytonsmith.core.functions.BasicLogicTest-testBitNot
Tue May 15 16:08:22 UTC 2018: No link for: com.laytonsmith.core.functions.BasicLogicTest-testIf2
Tue May 15 16:08:22 UTC 2018: No link for: com.laytonsmith.core.functions.BasicLogicTest-testRefEquals4
Tue May 15 16:08:22 UTC 2018: No link for: com.laytonsmith.core.functions.BasicLogicTest-testRshift
Tue May 15 16:08:22 UTC 2018: No link for: com.laytonsmith.core.functions.BasicLogicTest-testRefEquals5
Tue May 15 16:08:23 UTC 2018: No link for: com.laytonsmith.core.functions.BasicLogicTest-testOr1
Tue May 15 16:08:23 UTC 2018: No link for: com.laytonsmith.core.functions.BasicLogicTest-testOr2
Tue May 15 16:08:23 UTC 2018: No link for: com.laytonsmith.core.functions.BasicLogicTest-testSwitchWithRange
Tue May 15 16:08:23 UTC 2018: No link for: com.laytonsmith.core.functions.BasicLogicTest-testSwitch
Tue May 15 16:08:23 UTC 2018: No link for: com.laytonsmith.core.functions.BasicLogicTest-testEqualsMulti
Tue May 15 16:08:23 UTC 2018: No link for: com.laytonsmith.core.functions.BasicLogicTest-testDor
Tue May 15 16:08:23 UTC 2018: No link for: com.laytonsmith.core.functions.BasicLogicTest-testSwitchWithNestedArrayAsDefaultReturn
Tue May 15 16:08:23 UTC 2018: No link for: com.laytonsmith.core.functions.BasicLogicTest-testDand
Tue May 15 16:08:23 UTC 2018: No link for: com.laytonsmith.core.functions.BasicLogicTest-testIf
Tue May 15 16:08:23 UTC 2018: Linking done for EngineHub__CommandHelper test class com.laytonsmith.core.functions.BasicLogicTest
Tue May 15 16:08:24 UTC 2018: Found element on the queue
Tue May 15 16:08:24 UTC 2018: Updating status
Tue May 15 16:08:24 UTC 2018: Working
Tue May 15 16:08:26 UTC 2018: Start EngineHub__CommandHelper test class com.laytonsmith.core.functions.DataTransformationsTest
Tue May 15 16:08:26 UTC 2018: Setting lastTestMethodIndex: 37687
Tue May 15 16:08:26 UTC 2018: Starting linking
Tue May 15 16:08:26 UTC 2018: No link for: com.laytonsmith.core.functions.DataTransformationsTest-testIniEncodeFailsIfGivenArray
Tue May 15 16:08:26 UTC 2018: No link for: com.laytonsmith.core.functions.DataTransformationsTest-testIniEncode
Tue May 15 16:08:26 UTC 2018: No link for: com.laytonsmith.core.functions.DataTransformationsTest-testIniEncodeWithNull
Tue May 15 16:08:27 UTC 2018: Linking done for EngineHub__CommandHelper test class com.laytonsmith.core.functions.DataTransformationsTest
Tue May 15 16:08:27 UTC 2018: Found element on the queue
Tue May 15 16:08:27 UTC 2018: Updating status
Tue May 15 16:08:27 UTC 2018: Working
Tue May 15 16:08:30 UTC 2018: Start EngineHub__CommandHelper test class com.laytonsmith.core.functions.EchoesTest
Tue May 15 16:08:30 UTC 2018: Setting lastTestMethodIndex: 37689
Tue May 15 16:08:30 UTC 2018: Starting linking
Tue May 15 16:08:30 UTC 2018: Code found com.laytonsmith.core.functions.Echoes-docs with com.laytonsmith.core.functions.EchoesTest-testDocs
Tue May 15 16:08:30 UTC 2018: No link for: com.laytonsmith.core.functions.EchoesTest-testChatas
Tue May 15 16:08:30 UTC 2018: No link for: com.laytonsmith.core.functions.EchoesTest-testColorize1
Tue May 15 16:08:30 UTC 2018: No link for: com.laytonsmith.core.functions.EchoesTest-testColor
Tue May 15 16:08:30 UTC 2018: No link for: com.laytonsmith.core.functions.EchoesTest-testChat
Tue May 15 16:08:30 UTC 2018: No link for: com.laytonsmith.core.functions.EchoesTest-testLongStringMsgd1
Tue May 15 16:08:30 UTC 2018: No link for: com.laytonsmith.core.functions.EchoesTest-testIndentation
Tue May 15 16:08:30 UTC 2018: No link for: com.laytonsmith.core.functions.EchoesTest-testColorize2
Tue May 15 16:08:30 UTC 2018: No link for: com.laytonsmith.core.functions.EchoesTest-testColorize3
Tue May 15 16:08:30 UTC 2018: No link for: com.laytonsmith.core.functions.EchoesTest-testColorize4
Tue May 15 16:08:30 UTC 2018: No link for: com.laytonsmith.core.functions.EchoesTest-testColorize5
Tue May 15 16:08:31 UTC 2018: No link for: com.laytonsmith.core.functions.EchoesTest-testColorize6
Tue May 15 16:08:31 UTC 2018: No link for: com.laytonsmith.core.functions.EchoesTest-testBroadcast
Tue May 15 16:08:31 UTC 2018: Linking done for EngineHub__CommandHelper test class com.laytonsmith.core.functions.EchoesTest
Tue May 15 16:08:31 UTC 2018: Found element on the queue
Tue May 15 16:08:31 UTC 2018: Updating status
Tue May 15 16:08:31 UTC 2018: Working
Tue May 15 16:08:34 UTC 2018: Start EngineHub__CommandHelper test class com.laytonsmith.core.functions.RegexTest
Tue May 15 16:08:34 UTC 2018: Setting lastTestMethodIndex: 37691
Tue May 15 16:08:34 UTC 2018: Starting linking
Tue May 15 16:08:34 UTC 2018: No link for: com.laytonsmith.core.functions.RegexTest-testRegReplace
Tue May 15 16:08:34 UTC 2018: No link for: com.laytonsmith.core.functions.RegexTest-testRegSplit
Tue May 15 16:08:34 UTC 2018: No link for: com.laytonsmith.core.functions.RegexTest-testRegFailureStatic
Tue May 15 16:08:34 UTC 2018: No link for: com.laytonsmith.core.functions.RegexTest-testNamedCaptures1
Tue May 15 16:08:34 UTC 2018: No link for: com.laytonsmith.core.functions.RegexTest-testRegCount
Tue May 15 16:08:34 UTC 2018: No link for: com.laytonsmith.core.functions.RegexTest-testNamedCaptures2
Tue May 15 16:08:34 UTC 2018: No link for: com.laytonsmith.core.functions.RegexTest-testNamedCaptures3
Tue May 15 16:08:34 UTC 2018: No link for: com.laytonsmith.core.functions.RegexTest-testNamedCaptures4
Tue May 15 16:08:34 UTC 2018: No link for: com.laytonsmith.core.functions.RegexTest-testInfiniteLoopInRegexCaptures
Tue May 15 16:08:34 UTC 2018: No link for: com.laytonsmith.core.functions.RegexTest-testRegFailureDynamic
Tue May 15 16:08:35 UTC 2018: No link for: com.laytonsmith.core.functions.RegexTest-testRegMatchAll
Tue May 15 16:08:35 UTC 2018: No link for: com.laytonsmith.core.functions.RegexTest-testRegSplitLimit1
Tue May 15 16:08:35 UTC 2018: No link for: com.laytonsmith.core.functions.RegexTest-testRegMatch
Tue May 15 16:08:35 UTC 2018: No link for: com.laytonsmith.core.functions.RegexTest-testRegSplitLimit0
Tue May 15 16:08:35 UTC 2018: No link for: com.laytonsmith.core.functions.RegexTest-testRegSplitLimit2
Tue May 15 16:08:35 UTC 2018: Linking done for EngineHub__CommandHelper test class com.laytonsmith.core.functions.RegexTest
Tue May 15 16:08:36 UTC 2018: Found element on the queue
Tue May 15 16:08:36 UTC 2018: Updating status
Tue May 15 16:08:36 UTC 2018: Working
Tue May 15 16:08:38 UTC 2018: Start EngineHub__CommandHelper test class com.laytonsmith.core.functions.EnchantmentsTest
Tue May 15 16:08:38 UTC 2018: Setting lastTestMethodIndex: 37693
Tue May 15 16:08:38 UTC 2018: Starting linking
Tue May 15 16:08:38 UTC 2018: No link for: com.laytonsmith.core.functions.EnchantmentsTest-testGetEnchants
Tue May 15 16:08:38 UTC 2018: Linking done for EngineHub__CommandHelper test class com.laytonsmith.core.functions.EnchantmentsTest
Tue May 15 16:08:39 UTC 2018: Found element on the queue
Tue May 15 16:08:39 UTC 2018: Updating status
Tue May 15 16:08:39 UTC 2018: Working
Tue May 15 16:08:41 UTC 2018: Start EngineHub__CommandHelper test class com.laytonsmith.core.functions.CryptoTest
Tue May 15 16:08:41 UTC 2018: Setting lastTestMethodIndex: 37695
Tue May 15 16:08:41 UTC 2018: Starting linking
Tue May 15 16:08:41 UTC 2018: No link for: com.laytonsmith.core.functions.CryptoTest-testRot13
Tue May 15 16:08:41 UTC 2018: No link for: com.laytonsmith.core.functions.CryptoTest-testHmacSha1
Tue May 15 16:08:41 UTC 2018: No link for: com.laytonsmith.core.functions.CryptoTest-testHmacSha256
Tue May 15 16:08:41 UTC 2018: No link for: com.laytonsmith.core.functions.CryptoTest-testSha1
Tue May 15 16:08:42 UTC 2018: No link for: com.laytonsmith.core.functions.CryptoTest-testHmacMd5
Tue May 15 16:08:42 UTC 2018: No link for: com.laytonsmith.core.functions.CryptoTest-testMd5
Tue May 15 16:08:42 UTC 2018: Linking done for EngineHub__CommandHelper test class com.laytonsmith.core.functions.CryptoTest
Tue May 15 16:08:42 UTC 2018: Found element on the queue
Tue May 15 16:08:42 UTC 2018: Updating status
Tue May 15 16:08:42 UTC 2018: Working
Tue May 15 16:08:45 UTC 2018: Start EngineHub__CommandHelper test class com.laytonsmith.core.functions.PlayerManangementTest
Tue May 15 16:08:45 UTC 2018: Setting lastTestMethodIndex: 37697
Tue May 15 16:08:45 UTC 2018: Starting linking
Tue May 15 16:08:45 UTC 2018: No link for: com.laytonsmith.core.functions.PlayerManangementTest-testPlayer3
Tue May 15 16:08:45 UTC 2018: No link for: com.laytonsmith.core.functions.PlayerManangementTest-testPlayerFromConsole
Tue May 15 16:08:45 UTC 2018: No link for: com.laytonsmith.core.functions.PlayerManangementTest-testKill
Tue May 15 16:08:45 UTC 2018: No link for: com.laytonsmith.core.functions.PlayerManangementTest-testPlayer
Tue May 15 16:08:45 UTC 2018: No link for: com.laytonsmith.core.functions.PlayerManangementTest-testPloc
Tue May 15 16:08:45 UTC 2018: No link for: com.laytonsmith.core.functions.PlayerManangementTest-testPcursor
Tue May 15 16:08:46 UTC 2018: No link for: com.laytonsmith.core.functions.PlayerManangementTest-testPlayer2
Tue May 15 16:08:46 UTC 2018: No link for: com.laytonsmith.core.functions.PlayerManangementTest-testPlayerNotProvided
Tue May 15 16:08:46 UTC 2018: Linking done for EngineHub__CommandHelper test class com.laytonsmith.core.functions.PlayerManangementTest
Tue May 15 16:08:46 UTC 2018: Found element on the queue
Tue May 15 16:08:46 UTC 2018: Updating status
Tue May 15 16:08:46 UTC 2018: Working
Tue May 15 16:08:49 UTC 2018: Start EngineHub__CommandHelper test class com.laytonsmith.core.constructs.TestCClassType
Tue May 15 16:08:49 UTC 2018: Setting lastTestMethodIndex: 37699
Tue May 15 16:08:49 UTC 2018: Starting linking
Tue May 15 16:08:49 UTC 2018: Code found com.laytonsmith.core.constructs.CClassType-equals with com.laytonsmith.core.constructs.TestCClassType-testEqualsWithTypeUnion
Tue May 15 16:08:49 UTC 2018: Code found com.laytonsmith.core.constructs.CClassType-equals with com.laytonsmith.core.constructs.TestCClassType-testEquals
Tue May 15 16:08:49 UTC 2018: Code found com.laytonsmith.core.constructs.CClassType-doesExtend with com.laytonsmith.core.constructs.TestCClassType-testDoesExtend
Tue May 15 16:08:49 UTC 2018: No link for: com.laytonsmith.core.constructs.TestCClassType-testInitial
Tue May 15 16:08:49 UTC 2018: No link for: com.laytonsmith.core.constructs.TestCClassType-testGetMostCommonSuperClass
Tue May 15 16:08:49 UTC 2018: No link for: com.laytonsmith.core.constructs.TestCClassType-testInterface
Tue May 15 16:08:49 UTC 2018: No link for: com.laytonsmith.core.constructs.TestCClassType-testThatNonImplementsReturnsEMPTY_CLASS_ARRAY
Tue May 15 16:08:49 UTC 2018: Linking done for EngineHub__CommandHelper test class com.laytonsmith.core.constructs.TestCClassType
Tue May 15 16:08:50 UTC 2018: Found element on the queue
Tue May 15 16:08:50 UTC 2018: Updating status
Tue May 15 16:08:50 UTC 2018: Working
Tue May 15 16:08:52 UTC 2018: Start EngineHub__CommandHelper test class com.laytonsmith.core.constructs.InstanceofUtilTest
Tue May 15 16:08:52 UTC 2018: Setting lastTestMethodIndex: 37701
Tue May 15 16:08:52 UTC 2018: Starting linking
Tue May 15 16:08:52 UTC 2018: No link for: com.laytonsmith.core.constructs.InstanceofUtilTest-testInstanceofUtil
Tue May 15 16:08:52 UTC 2018: Linking done for EngineHub__CommandHelper test class com.laytonsmith.core.constructs.InstanceofUtilTest
Tue May 15 16:08:53 UTC 2018: Found element on the queue
Tue May 15 16:08:53 UTC 2018: Updating status
Tue May 15 16:08:53 UTC 2018: Working
Tue May 15 16:08:55 UTC 2018: Start EngineHub__CommandHelper test class com.laytonsmith.core.constructs.ClassInfoTest
Tue May 15 16:08:55 UTC 2018: Setting lastTestMethodIndex: 37702
Tue May 15 16:08:55 UTC 2018: Starting linking
Tue May 15 16:08:55 UTC 2018: No link for: com.laytonsmith.core.constructs.ClassInfoTest-testOnlyContainedClassesHaveVariousModifiers
Tue May 15 16:08:55 UTC 2018: No link for: com.laytonsmith.core.constructs.ClassInfoTest-testAllInterfacesReturnNothingForGetInterfaces
Tue May 15 16:08:55 UTC 2018: Linking done for EngineHub__CommandHelper test class com.laytonsmith.core.constructs.ClassInfoTest
Tue May 15 16:08:56 UTC 2018: Found element on the queue
Tue May 15 16:08:56 UTC 2018: Updating status
Tue May 15 16:08:56 UTC 2018: Working
Tue May 15 16:08:58 UTC 2018: Start EngineHub__CommandHelper test class com.laytonsmith.core.constructs.CByteArrayTest
Tue May 15 16:08:58 UTC 2018: Setting lastTestMethodIndex: 37704
Tue May 15 16:08:58 UTC 2018: Starting linking
Tue May 15 16:08:58 UTC 2018: No link for: com.laytonsmith.core.constructs.CByteArrayTest-testBasicGet
Tue May 15 16:08:58 UTC 2018: No link for: com.laytonsmith.core.constructs.CByteArrayTest-testBytes1
Tue May 15 16:08:59 UTC 2018: No link for: com.laytonsmith.core.constructs.CByteArrayTest-testBasic3
Tue May 15 16:08:59 UTC 2018: No link for: com.laytonsmith.core.constructs.CByteArrayTest-testBasic1
Tue May 15 16:08:59 UTC 2018: No link for: com.laytonsmith.core.constructs.CByteArrayTest-testShort
Tue May 15 16:08:59 UTC 2018: No link for: com.laytonsmith.core.constructs.CByteArrayTest-testBasic2
Tue May 15 16:08:59 UTC 2018: No link for: com.laytonsmith.core.constructs.CByteArrayTest-testString1
Tue May 15 16:08:59 UTC 2018: No link for: com.laytonsmith.core.constructs.CByteArrayTest-testString2
Tue May 15 16:08:59 UTC 2018: No link for: com.laytonsmith.core.constructs.CByteArrayTest-testBasicWithPosition
Tue May 15 16:08:59 UTC 2018: Linking done for EngineHub__CommandHelper test class com.laytonsmith.core.constructs.CByteArrayTest
Tue May 15 16:09:00 UTC 2018: Found element on the queue
Tue May 15 16:09:00 UTC 2018: Updating status
Tue May 15 16:09:00 UTC 2018: Working
Tue May 15 16:09:02 UTC 2018: Start EngineHub__CommandHelper test class com.laytonsmith.core.events.PrefiltersTest
Tue May 15 16:09:02 UTC 2018: Setting lastTestMethodIndex: 37706
Tue May 15 16:09:02 UTC 2018: Starting linking
Tue May 15 16:09:02 UTC 2018: Code found com.laytonsmith.core.events.Prefilters-match with com.laytonsmith.core.events.PrefiltersTest-testStringMatch
Tue May 15 16:09:02 UTC 2018: Code found com.laytonsmith.core.events.Prefilters-match with com.laytonsmith.core.events.PrefiltersTest-testRegexMatch
Tue May 15 16:09:02 UTC 2018: Code found com.laytonsmith.core.events.Prefilters-match with com.laytonsmith.core.events.PrefiltersTest-testItemMatch
Tue May 15 16:09:02 UTC 2018: Code found com.laytonsmith.core.events.Prefilters-match with com.laytonsmith.core.events.PrefiltersTest-testMathMatch
Tue May 15 16:09:02 UTC 2018: Code found com.laytonsmith.core.events.Prefilters-match with com.laytonsmith.core.events.PrefiltersTest-testExpressionMatch
Tue May 15 16:09:02 UTC 2018: Linking done for EngineHub__CommandHelper test class com.laytonsmith.core.events.PrefiltersTest
Tue May 15 16:09:03 UTC 2018: Found element on the queue
Tue May 15 16:09:03 UTC 2018: Updating status
Tue May 15 16:09:03 UTC 2018: Working
Tue May 15 16:09:06 UTC 2018: Start EngineHub__CommandHelper test class com.laytonsmith.core.OptimizationTest
Tue May 15 16:09:06 UTC 2018: Setting lastTestMethodIndex: 37708
Tue May 15 16:09:06 UTC 2018: Starting linking
Tue May 15 16:09:06 UTC 2018: No link for: com.laytonsmith.core.OptimizationTest-testProcReturn
Tue May 15 16:09:06 UTC 2018: No link for: com.laytonsmith.core.OptimizationTest-testTestFramework
Tue May 15 16:09:06 UTC 2018: No link for: com.laytonsmith.core.OptimizationTest-testMultiAssign
Tue May 15 16:09:06 UTC 2018: No link for: com.laytonsmith.core.OptimizationTest-testInnerIfWithOtherStatements1
Tue May 15 16:09:06 UTC 2018: No link for: com.laytonsmith.core.OptimizationTest-testInnerIfWithOtherStatements2
Tue May 15 16:09:06 UTC 2018: No link for: com.laytonsmith.core.OptimizationTest-testTrivialAssignmentWithEqualsSymbol
Tue May 15 16:09:06 UTC 2018: No link for: com.laytonsmith.core.OptimizationTest-testAssignWithEqualsSymbol
Tue May 15 16:09:06 UTC 2018: No link for: com.laytonsmith.core.OptimizationTest-testRegReplaceOptimization1
Tue May 15 16:09:06 UTC 2018: No link for: com.laytonsmith.core.OptimizationTest-testIfBasic
Tue May 15 16:09:06 UTC 2018: No link for: com.laytonsmith.core.OptimizationTest-testIfElse
Tue May 15 16:09:07 UTC 2018: No link for: com.laytonsmith.core.OptimizationTest-testDand
Tue May 15 16:09:07 UTC 2018: No link for: com.laytonsmith.core.OptimizationTest-testIfElseWithDie
Tue May 15 16:09:07 UTC 2018: No link for: com.laytonsmith.core.OptimizationTest-testProcOptimization3
Tue May 15 16:09:07 UTC 2018: No link for: com.laytonsmith.core.OptimizationTest-testAssignWithOperators
Tue May 15 16:09:07 UTC 2018: No link for: com.laytonsmith.core.OptimizationTest-testUnreachableCodeWithBranchTypeFunction
Tue May 15 16:09:07 UTC 2018: No link for: com.laytonsmith.core.OptimizationTest-testUnreachableCode
Tue May 15 16:09:07 UTC 2018: No link for: com.laytonsmith.core.OptimizationTest-testInnerIfAnded
Tue May 15 16:09:07 UTC 2018: No link for: com.laytonsmith.core.OptimizationTest-testMultipleLinesInBraces
Tue May 15 16:09:07 UTC 2018: No link for: com.laytonsmith.core.OptimizationTest-testInnerIfWithExistingAnd
Tue May 15 16:09:07 UTC 2018: No link for: com.laytonsmith.core.OptimizationTest-testAssignmentMixedWithAddition1
Tue May 15 16:09:07 UTC 2018: No link for: com.laytonsmith.core.OptimizationTest-testMinusWithoutValueInFront
Tue May 15 16:09:07 UTC 2018: No link for: com.laytonsmith.core.OptimizationTest-testAssignmentMixedWithAddition2
Tue May 15 16:09:07 UTC 2018: No link for: com.laytonsmith.core.OptimizationTest-testAssignmentMixedWithAddition3
Tue May 15 16:09:07 UTC 2018: No link for: com.laytonsmith.core.OptimizationTest-testIfWithBraces
Tue May 15 16:09:08 UTC 2018: No link for: com.laytonsmith.core.OptimizationTest-testRegSplitOptimization2
Tue May 15 16:09:08 UTC 2018: No link for: com.laytonsmith.core.OptimizationTest-testNotinstanceofKeyword
Tue May 15 16:09:08 UTC 2018: No link for: com.laytonsmith.core.OptimizationTest-testRegSplitOptimization1
Tue May 15 16:09:08 UTC 2018: No link for: com.laytonsmith.core.OptimizationTest-testEmptySwitch
Tue May 15 16:09:08 UTC 2018: No link for: com.laytonsmith.core.OptimizationTest-testProcOptimizationRecursion
Tue May 15 16:09:08 UTC 2018: No link for: com.laytonsmith.core.OptimizationTest-testDor
Tue May 15 16:09:08 UTC 2018: No link for: com.laytonsmith.core.OptimizationTest-testCommentBlock
Tue May 15 16:09:08 UTC 2018: No link for: com.laytonsmith.core.OptimizationTest-testForWithPostfix
Tue May 15 16:09:08 UTC 2018: No link for: com.laytonsmith.core.OptimizationTest-testDandOptimization
Tue May 15 16:09:09 UTC 2018: No link for: com.laytonsmith.core.OptimizationTest-testAssignmentMixedWithAddition4
Tue May 15 16:09:09 UTC 2018: No link for: com.laytonsmith.core.OptimizationTest-testSwitch2
Tue May 15 16:09:09 UTC 2018: No link for: com.laytonsmith.core.OptimizationTest-testAssignmentMixedWithAddition5
Tue May 15 16:09:09 UTC 2018: No link for: com.laytonsmith.core.OptimizationTest-testAssignmentMixedWithAddition6
Tue May 15 16:09:09 UTC 2018: No link for: com.laytonsmith.core.OptimizationTest-testOrRemovesFalses
Tue May 15 16:09:09 UTC 2018: No link for: com.laytonsmith.core.OptimizationTest-testSwitch1
Tue May 15 16:09:09 UTC 2018: No link for: com.laytonsmith.core.OptimizationTest-testAndRemovesTrues
Tue May 15 16:09:10 UTC 2018: No link for: com.laytonsmith.core.OptimizationTest-testAndOrPullsUp
Tue May 15 16:09:10 UTC 2018: No link for: com.laytonsmith.core.OptimizationTest-testDorOptimization
Tue May 15 16:09:10 UTC 2018: Linking done for EngineHub__CommandHelper test class com.laytonsmith.core.OptimizationTest
Tue May 15 16:09:10 UTC 2018: Found element on the queue
Tue May 15 16:09:10 UTC 2018: Updating status
Tue May 15 16:09:10 UTC 2018: Working
Tue May 15 16:09:13 UTC 2018: Start EngineHub__CommandHelper test class com.laytonsmith.core.MethodScriptCompilerTest
Tue May 15 16:09:13 UTC 2018: Setting lastTestMethodIndex: 37711
Tue May 15 16:09:13 UTC 2018: Starting linking
Tue May 15 16:09:13 UTC 2018: Code found com.laytonsmith.core.MethodScriptCompiler-compile with com.laytonsmith.core.MethodScriptCompilerTest-testCompileErrorOfStaticConstructOptimization
Tue May 15 16:09:13 UTC 2018: Code found com.laytonsmith.core.MethodScriptCompiler-compile with com.laytonsmith.core.MethodScriptCompilerTest-testCompile13
Tue May 15 16:09:13 UTC 2018: Code found com.laytonsmith.core.MethodScriptCompiler-execute with com.laytonsmith.core.MethodScriptCompilerTest-testExecute11
Tue May 15 16:09:13 UTC 2018: Code found com.laytonsmith.core.MethodScriptCompiler-execute with com.laytonsmith.core.MethodScriptCompilerTest-testExecute10
Tue May 15 16:09:13 UTC 2018: Code found com.laytonsmith.core.MethodScriptCompiler-execute with com.laytonsmith.core.MethodScriptCompilerTest-testExecute13
Tue May 15 16:09:13 UTC 2018: Code found com.laytonsmith.core.MethodScriptCompiler-execute with com.laytonsmith.core.MethodScriptCompilerTest-testExecute12
Tue May 15 16:09:13 UTC 2018: Code found com.laytonsmith.core.MethodScriptCompiler-compile with com.laytonsmith.core.MethodScriptCompilerTest-testCompile14
Tue May 15 16:09:13 UTC 2018: Code found com.laytonsmith.core.MethodScriptCompiler-execute with com.laytonsmith.core.MethodScriptCompilerTest-testExecute15
Tue May 15 16:09:13 UTC 2018: Code found com.laytonsmith.core.MethodScriptCompiler-compile with com.laytonsmith.core.MethodScriptCompilerTest-testCompile
Tue May 15 16:09:14 UTC 2018: Code found com.laytonsmith.core.MethodScriptCompiler-execute with com.laytonsmith.core.MethodScriptCompilerTest-testExecute14
Tue May 15 16:09:14 UTC 2018: Code found com.laytonsmith.core.MethodScriptCompiler-execute with com.laytonsmith.core.MethodScriptCompilerTest-testExecute17
Tue May 15 16:09:14 UTC 2018: Code found com.laytonsmith.core.MethodScriptCompiler-execute with com.laytonsmith.core.MethodScriptCompilerTest-testExecute9
Tue May 15 16:09:14 UTC 2018: Code found com.laytonsmith.core.MethodScriptCompiler-execute with com.laytonsmith.core.MethodScriptCompilerTest-testExecute16
Tue May 15 16:09:14 UTC 2018: Code found com.laytonsmith.core.MethodScriptCompiler-execute with com.laytonsmith.core.MethodScriptCompilerTest-testExecute19
Tue May 15 16:09:14 UTC 2018: Code found com.laytonsmith.core.MethodScriptCompiler-execute with com.laytonsmith.core.MethodScriptCompilerTest-testExecute7
Tue May 15 16:09:14 UTC 2018: Code found com.laytonsmith.core.MethodScriptCompiler-execute with com.laytonsmith.core.MethodScriptCompilerTest-testExecute18
Tue May 15 16:09:14 UTC 2018: Code found com.laytonsmith.core.MethodScriptCompiler-execute with com.laytonsmith.core.MethodScriptCompilerTest-testExecute6
Tue May 15 16:09:14 UTC 2018: Code found com.laytonsmith.core.MethodScriptCompiler-execute with com.laytonsmith.core.MethodScriptCompilerTest-testExecute5
Tue May 15 16:09:14 UTC 2018: Code found com.laytonsmith.core.MethodScriptCompiler-execute with com.laytonsmith.core.MethodScriptCompilerTest-testExecute4
Tue May 15 16:09:14 UTC 2018: Code found com.laytonsmith.core.MethodScriptCompiler-execute with com.laytonsmith.core.MethodScriptCompilerTest-testExecute3
Tue May 15 16:09:14 UTC 2018: Code found com.laytonsmith.core.MethodScriptCompiler-execute with com.laytonsmith.core.MethodScriptCompilerTest-testExecute2
Tue May 15 16:09:15 UTC 2018: Code found com.laytonsmith.core.MethodScriptCompiler-execute with com.laytonsmith.core.MethodScriptCompilerTest-testExecute20
Tue May 15 16:09:15 UTC 2018: Code found com.laytonsmith.core.MethodScriptCompiler-lex with com.laytonsmith.core.MethodScriptCompilerTest-testLex
Tue May 15 16:09:15 UTC 2018: Code found com.laytonsmith.core.MethodScriptCompiler-execute with com.laytonsmith.core.MethodScriptCompilerTest-testExecute1
Tue May 15 16:09:15 UTC 2018: No link for: com.laytonsmith.core.MethodScriptCompilerTest-testInfixMath2
Tue May 15 16:09:15 UTC 2018: No link for: com.laytonsmith.core.MethodScriptCompilerTest-testInfixMath3
Tue May 15 16:09:15 UTC 2018: No link for: com.laytonsmith.core.MethodScriptCompilerTest-testBraceElseIfElse
Tue May 15 16:09:15 UTC 2018: No link for: com.laytonsmith.core.MethodScriptCompilerTest-testSmartCommentBeforeCommand
Tue May 15 16:09:15 UTC 2018: No link for: com.laytonsmith.core.MethodScriptCompilerTest-testInfixMath1
Tue May 15 16:09:15 UTC 2018: No link for: com.laytonsmith.core.MethodScriptCompilerTest-testLiteralBinary
Tue May 15 16:09:15 UTC 2018: No link for: com.laytonsmith.core.MethodScriptCompilerTest-testFailureOfBraces
Tue May 15 16:09:15 UTC 2018: No link for: com.laytonsmith.core.MethodScriptCompilerTest-testUnary
Tue May 15 16:09:15 UTC 2018: No link for: com.laytonsmith.core.MethodScriptCompilerTest-testLiteralDecimal
Tue May 15 16:09:15 UTC 2018: No link for: com.laytonsmith.core.MethodScriptCompilerTest-testPrefix
Tue May 15 16:09:16 UTC 2018: No link for: com.laytonsmith.core.MethodScriptCompilerTest-testBraceElseIfElseWithElseCondTrue
Tue May 15 16:09:16 UTC 2018: No link for: com.laytonsmith.core.MethodScriptCompilerTest-testInnerElseInElseIf
Tue May 15 16:09:16 UTC 2018: No link for: com.laytonsmith.core.MethodScriptCompilerTest-testPostfix
Tue May 15 16:09:16 UTC 2018: No link for: com.laytonsmith.core.MethodScriptCompilerTest-testAmbigousCommandRegistration
Tue May 15 16:09:16 UTC 2018: No link for: com.laytonsmith.core.MethodScriptCompilerTest-testComplexSymbols
Tue May 15 16:09:16 UTC 2018: No link for: com.laytonsmith.core.MethodScriptCompilerTest-testMultipleFunctionsWithBraces
Tue May 15 16:09:16 UTC 2018: No link for: com.laytonsmith.core.MethodScriptCompilerTest-testModulo
Tue May 15 16:09:16 UTC 2018: No link for: com.laytonsmith.core.MethodScriptCompilerTest-testWhitespaceAroundSymbol1
Tue May 15 16:09:16 UTC 2018: No link for: com.laytonsmith.core.MethodScriptCompilerTest-testLiteralBinary2
Tue May 15 16:09:16 UTC 2018: No link for: com.laytonsmith.core.MethodScriptCompilerTest-testSymbolCompileError
Tue May 15 16:09:16 UTC 2018: No link for: com.laytonsmith.core.MethodScriptCompilerTest-testLineNumberCorrectInException3
Tue May 15 16:09:16 UTC 2018: No link for: com.laytonsmith.core.MethodScriptCompilerTest-testWhitespaceInBetweenFunctionAndParen
Tue May 15 16:09:16 UTC 2018: No link for: com.laytonsmith.core.MethodScriptCompilerTest-testExtraParenthesis
Tue May 15 16:09:16 UTC 2018: No link for: com.laytonsmith.core.MethodScriptCompilerTest-testArrayBooleanType
Tue May 15 16:09:16 UTC 2018: No link for: com.laytonsmith.core.MethodScriptCompilerTest-TestOperationsWithFunction
Tue May 15 16:09:16 UTC 2018: No link for: com.laytonsmith.core.MethodScriptCompilerTest-testLineNumberCorrectInException2
Tue May 15 16:09:16 UTC 2018: No link for: com.laytonsmith.core.MethodScriptCompilerTest-testArrayGetCatchesInvalidParameter
Tue May 15 16:09:16 UTC 2018: No link for: com.laytonsmith.core.MethodScriptCompilerTest-testLabel
Tue May 15 16:09:16 UTC 2018: No link for: com.laytonsmith.core.MethodScriptCompilerTest-testDoubleQuotesInSingleQuotes
Tue May 15 16:09:16 UTC 2018: No link for: com.laytonsmith.core.MethodScriptCompilerTest-testBracketsOnForeach
Tue May 15 16:09:17 UTC 2018: No link for: com.laytonsmith.core.MethodScriptCompilerTest-testSpuriousSymbols
Tue May 15 16:09:17 UTC 2018: No link for: com.laytonsmith.core.MethodScriptCompilerTest-testSymbolicLogic2
Tue May 15 16:09:17 UTC 2018: No link for: com.laytonsmith.core.MethodScriptCompilerTest-testBracketsOnFor
Tue May 15 16:09:17 UTC 2018: No link for: com.laytonsmith.core.MethodScriptCompilerTest-testCompile12
Tue May 15 16:09:17 UTC 2018: No link for: com.laytonsmith.core.MethodScriptCompilerTest-testBraceIf
Tue May 15 16:09:17 UTC 2018: No link for: com.laytonsmith.core.MethodScriptCompilerTest-testCompile10
Tue May 15 16:09:17 UTC 2018: No link for: com.laytonsmith.core.MethodScriptCompilerTest-testSymbolicLogic1
Tue May 15 16:09:17 UTC 2018: No link for: com.laytonsmith.core.MethodScriptCompilerTest-testCommentsInStrings
Tue May 15 16:09:17 UTC 2018: No link for: com.laytonsmith.core.MethodScriptCompilerTest-testClosureToString1
Tue May 15 16:09:17 UTC 2018: No link for: com.laytonsmith.core.MethodScriptCompilerTest-testSymbolicConcat
Tue May 15 16:09:17 UTC 2018: No link for: com.laytonsmith.core.MethodScriptCompilerTest-testClosureToString2
Tue May 15 16:09:17 UTC 2018: No link for: com.laytonsmith.core.MethodScriptCompilerTest-testClosureToString3
Tue May 15 16:09:17 UTC 2018: No link for: com.laytonsmith.core.MethodScriptCompilerTest-testCompile15
Tue May 15 16:09:17 UTC 2018: No link for: com.laytonsmith.core.MethodScriptCompilerTest-testClosureToString4
Tue May 15 16:09:18 UTC 2018: No link for: com.laytonsmith.core.MethodScriptCompilerTest-testCompile6
Tue May 15 16:09:18 UTC 2018: No link for: com.laytonsmith.core.MethodScriptCompilerTest-testCompile5
Tue May 15 16:09:18 UTC 2018: No link for: com.laytonsmith.core.MethodScriptCompilerTest-testCompile7
Tue May 15 16:09:18 UTC 2018: No link for: com.laytonsmith.core.MethodScriptCompilerTest-testCSlices
Tue May 15 16:09:18 UTC 2018: No link for: com.laytonsmith.core.MethodScriptCompilerTest-testParenthesisAfterQuotedString
Tue May 15 16:09:18 UTC 2018: No link for: com.laytonsmith.core.MethodScriptCompilerTest-testPlusSignHandling
Tue May 15 16:09:18 UTC 2018: No link for: com.laytonsmith.core.MethodScriptCompilerTest-testComplexSymbolicLogic
Tue May 15 16:09:18 UTC 2018: No link for: com.laytonsmith.core.MethodScriptCompilerTest-testMinusSignHandling
Tue May 15 16:09:18 UTC 2018: No link for: com.laytonsmith.core.MethodScriptCompilerTest-testCompile2
Tue May 15 16:09:18 UTC 2018: No link for: com.laytonsmith.core.MethodScriptCompilerTest-testCompile1
Tue May 15 16:09:18 UTC 2018: No link for: com.laytonsmith.core.MethodScriptCompilerTest-testCompile4
Tue May 15 16:09:18 UTC 2018: No link for: com.laytonsmith.core.MethodScriptCompilerTest-testBlockComments1
Tue May 15 16:09:18 UTC 2018: No link for: com.laytonsmith.core.MethodScriptCompilerTest-testCommentsInStrings2
Tue May 15 16:09:18 UTC 2018: No link for: com.laytonsmith.core.MethodScriptCompilerTest-testUnicode
Tue May 15 16:09:18 UTC 2018: No link for: com.laytonsmith.core.MethodScriptCompilerTest-testExecute22
Tue May 15 16:09:18 UTC 2018: No link for: com.laytonsmith.core.MethodScriptCompilerTest-testExecute21
Tue May 15 16:09:19 UTC 2018: Linking done for EngineHub__CommandHelper test class com.laytonsmith.core.MethodScriptCompilerTest
Tue May 15 16:09:19 UTC 2018: Found element on the queue
Tue May 15 16:09:19 UTC 2018: Updating status
Tue May 15 16:09:19 UTC 2018: Working
Tue May 15 16:09:22 UTC 2018: Start EngineHub__CommandHelper test class com.laytonsmith.core.TestStatic
Tue May 15 16:09:22 UTC 2018: Setting lastTestMethodIndex: 37714
Tue May 15 16:09:22 UTC 2018: Starting linking
Tue May 15 16:09:22 UTC 2018: Code found com.laytonsmith.core.Static-getDouble with com.laytonsmith.core.TestStatic-testGetDouble
Tue May 15 16:09:22 UTC 2018: Code found com.laytonsmith.core.Static-getBoolean with com.laytonsmith.core.TestStatic-testGetBoolean
Tue May 15 16:09:22 UTC 2018: Code found com.laytonsmith.core.Static-getLogger with com.laytonsmith.core.TestStatic-testGetLogger
Tue May 15 16:09:22 UTC 2018: Code found com.laytonsmith.core.Static-resolveConstruct with com.laytonsmith.core.TestStatic-testResolveConstruct
Tue May 15 16:09:22 UTC 2018: Code found com.laytonsmith.core.Static-getInt with com.laytonsmith.core.TestStatic-testGetInt
Tue May 15 16:09:22 UTC 2018: Code found com.laytonsmith.core.Static-getNumber with com.laytonsmith.core.TestStatic-testGetNumber
Tue May 15 16:09:22 UTC 2018: Code found com.laytonsmith.core.Static-anyDoubles with com.laytonsmith.core.TestStatic-testAnyDoubles
Tue May 15 16:09:22 UTC 2018: Code found com.laytonsmith.core.Static-anyBooleans with com.laytonsmith.core.TestStatic-testAnyBooleans
Tue May 15 16:09:23 UTC 2018: Code found com.laytonsmith.core.Static-anyStrings with com.laytonsmith.core.TestStatic-testAnyStrings
Tue May 15 16:09:23 UTC 2018: Linking done for EngineHub__CommandHelper test class com.laytonsmith.core.TestStatic
Tue May 15 16:09:23 UTC 2018: Found element on the queue
Tue May 15 16:09:23 UTC 2018: Updating status
Tue May 15 16:09:23 UTC 2018: Working
Tue May 15 16:09:25 UTC 2018: Start EngineHub__CommandHelper test class com.laytonsmith.PureUtilities.ReflectionUtilsTest
Tue May 15 16:09:25 UTC 2018: Setting lastTestMethodIndex: 37716
Tue May 15 16:09:25 UTC 2018: Starting linking
Tue May 15 16:09:25 UTC 2018: Linking done for EngineHub__CommandHelper test class com.laytonsmith.PureUtilities.ReflectionUtilsTest
Tue May 15 16:09:26 UTC 2018: Found element on the queue
Tue May 15 16:09:26 UTC 2018: Updating status
Tue May 15 16:09:26 UTC 2018: Working
Tue May 15 16:09:29 UTC 2018: Start EngineHub__CommandHelper test class com.laytonsmith.PureUtilities.SimpleVersionTest
Tue May 15 16:09:29 UTC 2018: Setting lastTestMethodIndex: 37718
Tue May 15 16:09:29 UTC 2018: Starting linking
Tue May 15 16:09:29 UTC 2018: Code found com.laytonsmith.PureUtilities.SimpleVersion-lte with com.laytonsmith.PureUtilities.SimpleVersionTest-testLTE
Tue May 15 16:09:29 UTC 2018: Code found com.laytonsmith.PureUtilities.SimpleVersion-gt with com.laytonsmith.PureUtilities.SimpleVersionTest-testGT
Tue May 15 16:09:29 UTC 2018: Code found com.laytonsmith.PureUtilities.SimpleVersion-gte with com.laytonsmith.PureUtilities.SimpleVersionTest-testGTE
Tue May 15 16:09:29 UTC 2018: Code found com.laytonsmith.PureUtilities.SimpleVersion-lt with com.laytonsmith.PureUtilities.SimpleVersionTest-testLT
Tue May 15 16:09:29 UTC 2018: No link for: com.laytonsmith.PureUtilities.SimpleVersionTest-testParsing
Tue May 15 16:09:29 UTC 2018: Linking done for EngineHub__CommandHelper test class com.laytonsmith.PureUtilities.SimpleVersionTest
Tue May 15 16:09:30 UTC 2018: Found element on the queue
Tue May 15 16:09:30 UTC 2018: Updating status
Tue May 15 16:09:30 UTC 2018: Working
Tue May 15 16:09:32 UTC 2018: Start EngineHub__CommandHelper test class com.laytonsmith.PureUtilities.LogicUtilsTest
Tue May 15 16:09:32 UTC 2018: Setting lastTestMethodIndex: 37720
Tue May 15 16:09:32 UTC 2018: Starting linking
Tue May 15 16:09:32 UTC 2018: Code found com.laytonsmith.PureUtilities.Common.LogicUtils$Compare-equalsNone with com.laytonsmith.PureUtilities.LogicUtilsTest-testEqualsNone
Tue May 15 16:09:32 UTC 2018: Code found com.laytonsmith.PureUtilities.Common.LogicUtils$Compare-equalsAny with com.laytonsmith.PureUtilities.LogicUtilsTest-testEqualsAny
Tue May 15 16:09:32 UTC 2018: Linking done for EngineHub__CommandHelper test class com.laytonsmith.PureUtilities.LogicUtilsTest
Tue May 15 16:09:33 UTC 2018: Found element on the queue
Tue May 15 16:09:33 UTC 2018: Updating status
Tue May 15 16:09:33 UTC 2018: Working
Tue May 15 16:09:35 UTC 2018: Start EngineHub__CommandHelper test class com.laytonsmith.PureUtilities.SmartCommentTest
Tue May 15 16:09:35 UTC 2018: Setting lastTestMethodIndex: 37722
Tue May 15 16:09:35 UTC 2018: Starting linking
Tue May 15 16:09:35 UTC 2018: Code found com.laytonsmith.PureUtilities.SmartComment-getAnnotations with com.laytonsmith.PureUtilities.SmartCommentTest-testGetAnnotations
Tue May 15 16:09:36 UTC 2018: No link for: com.laytonsmith.PureUtilities.SmartCommentTest-testSimple
Tue May 15 16:09:36 UTC 2018: No link for: com.laytonsmith.PureUtilities.SmartCommentTest-testEmbeddedAnnotations
Tue May 15 16:09:36 UTC 2018: No link for: com.laytonsmith.PureUtilities.SmartCommentTest-testEmbeddedAnnotationsInAnnotations
Tue May 15 16:09:36 UTC 2018: No link for: com.laytonsmith.PureUtilities.SmartCommentTest-testSimpleFormatting
Tue May 15 16:09:36 UTC 2018: Linking done for EngineHub__CommandHelper test class com.laytonsmith.PureUtilities.SmartCommentTest
Tue May 15 16:09:36 UTC 2018: Found element on the queue
Tue May 15 16:09:36 UTC 2018: Updating status
Tue May 15 16:09:36 UTC 2018: Working
Tue May 15 16:09:39 UTC 2018: Start EngineHub__CommandHelper test class com.laytonsmith.PureUtilities.LinkedComparatorSetTest
Tue May 15 16:09:39 UTC 2018: Setting lastTestMethodIndex: 37724
Tue May 15 16:09:39 UTC 2018: Starting linking
Tue May 15 16:09:39 UTC 2018: No link for: com.laytonsmith.PureUtilities.LinkedComparatorSetTest-testInsertion
Tue May 15 16:09:39 UTC 2018: No link for: com.laytonsmith.PureUtilities.LinkedComparatorSetTest-testCreation
Tue May 15 16:09:39 UTC 2018: Linking done for EngineHub__CommandHelper test class com.laytonsmith.PureUtilities.LinkedComparatorSetTest
Tue May 15 16:09:40 UTC 2018: Found element on the queue
Tue May 15 16:09:40 UTC 2018: Updating status
Tue May 15 16:09:40 UTC 2018: Working
Tue May 15 16:09:42 UTC 2018: Start EngineHub__CommandHelper test class com.laytonsmith.PureUtilities.ArgumentParserTest
Tue May 15 16:09:42 UTC 2018: Setting lastTestMethodIndex: 37726
Tue May 15 16:09:42 UTC 2018: Starting linking
Tue May 15 16:09:42 UTC 2018: No link for: com.laytonsmith.PureUtilities.ArgumentParserTest-test4
Tue May 15 16:09:42 UTC 2018: No link for: com.laytonsmith.PureUtilities.ArgumentParserTest-test5
Tue May 15 16:09:43 UTC 2018: No link for: com.laytonsmith.PureUtilities.ArgumentParserTest-test2
Tue May 15 16:09:43 UTC 2018: No link for: com.laytonsmith.PureUtilities.ArgumentParserTest-test3
Tue May 15 16:09:43 UTC 2018: No link for: com.laytonsmith.PureUtilities.ArgumentParserTest-test13
Tue May 15 16:09:43 UTC 2018: No link for: com.laytonsmith.PureUtilities.ArgumentParserTest-test8
Tue May 15 16:09:43 UTC 2018: No link for: com.laytonsmith.PureUtilities.ArgumentParserTest-test12
Tue May 15 16:09:43 UTC 2018: No link for: com.laytonsmith.PureUtilities.ArgumentParserTest-test9
Tue May 15 16:09:43 UTC 2018: No link for: com.laytonsmith.PureUtilities.ArgumentParserTest-test11
Tue May 15 16:09:43 UTC 2018: No link for: com.laytonsmith.PureUtilities.ArgumentParserTest-test6
Tue May 15 16:09:43 UTC 2018: No link for: com.laytonsmith.PureUtilities.ArgumentParserTest-test10
Tue May 15 16:09:44 UTC 2018: No link for: com.laytonsmith.PureUtilities.ArgumentParserTest-test7
Tue May 15 16:09:44 UTC 2018: Linking done for EngineHub__CommandHelper test class com.laytonsmith.PureUtilities.ArgumentParserTest
Tue May 15 16:09:44 UTC 2018: Found element on the queue
Tue May 15 16:09:44 UTC 2018: Updating status
Tue May 15 16:09:44 UTC 2018: Working
Tue May 15 16:09:47 UTC 2018: Start EngineHub__CommandHelper test class com.laytonsmith.PureUtilities.VirtualFS.VirtualFSTest
Tue May 15 16:09:47 UTC 2018: Setting lastTestMethodIndex: 37729
Tue May 15 16:09:47 UTC 2018: Starting linking
Tue May 15 16:09:47 UTC 2018: Code found com.laytonsmith.PureUtilities.Common.FileUtil-read with com.laytonsmith.PureUtilities.VirtualFS.VirtualFSTest-testWriteReadWithNewFile
Tue May 15 16:09:47 UTC 2018: No link for: com.laytonsmith.PureUtilities.VirtualFS.VirtualFSTest-testMkDir
Tue May 15 16:09:47 UTC 2018: No link for: com.laytonsmith.PureUtilities.VirtualFS.VirtualFSTest-virtualFSSetup
Tue May 15 16:09:47 UTC 2018: No link for: com.laytonsmith.PureUtilities.VirtualFS.VirtualFSTest-testReadOnly
Tue May 15 16:09:47 UTC 2018: No link for: com.laytonsmith.PureUtilities.VirtualFS.VirtualFSTest-testIsFile
Tue May 15 16:09:47 UTC 2018: No link for: com.laytonsmith.PureUtilities.VirtualFS.VirtualFSTest-testList
Tue May 15 16:09:47 UTC 2018: No link for: com.laytonsmith.PureUtilities.VirtualFS.VirtualFSTest-testExists
Tue May 15 16:09:47 UTC 2018: No link for: com.laytonsmith.PureUtilities.VirtualFS.VirtualFSTest-testHiddenFileNotShowing
Tue May 15 16:09:47 UTC 2018: No link for: com.laytonsmith.PureUtilities.VirtualFS.VirtualFSTest-testMetaFileReadWriteFails
Tue May 15 16:09:47 UTC 2018: No link for: com.laytonsmith.PureUtilities.VirtualFS.VirtualFSTest-testIsDirectory
Tue May 15 16:09:47 UTC 2018: No link for: com.laytonsmith.PureUtilities.VirtualFS.VirtualFSTest-testSymlinkDown
Tue May 15 16:09:47 UTC 2018: No link for: com.laytonsmith.PureUtilities.VirtualFS.VirtualFSTest-testSSHSymlink
Tue May 15 16:09:47 UTC 2018: No link for: com.laytonsmith.PureUtilities.VirtualFS.VirtualFSTest-testReadWriteAboveFSFails
Tue May 15 16:09:48 UTC 2018: No link for: com.laytonsmith.PureUtilities.VirtualFS.VirtualFSTest-testFolderDepth
Tue May 15 16:09:48 UTC 2018: No link for: com.laytonsmith.PureUtilities.VirtualFS.VirtualFSTest-testGlobMatching
Tue May 15 16:09:48 UTC 2018: No link for: com.laytonsmith.PureUtilities.VirtualFS.VirtualFSTest-testSymlinkOther
Tue May 15 16:09:48 UTC 2018: No link for: com.laytonsmith.PureUtilities.VirtualFS.VirtualFSTest-testSymlink
Tue May 15 16:09:48 UTC 2018: No link for: com.laytonsmith.PureUtilities.VirtualFS.VirtualFSTest-testCreateEmptyFile
Tue May 15 16:09:48 UTC 2018: No link for: com.laytonsmith.PureUtilities.VirtualFS.VirtualFSTest-testBasicSymlink
Tue May 15 16:09:48 UTC 2018: No link for: com.laytonsmith.PureUtilities.VirtualFS.VirtualFSTest-testCordonedOffNewFileCreation
Tue May 15 16:09:48 UTC 2018: No link for: com.laytonsmith.PureUtilities.VirtualFS.VirtualFSTest-testIsAbsolute
Tue May 15 16:09:48 UTC 2018: No link for: com.laytonsmith.PureUtilities.VirtualFS.VirtualFSTest-testCordonedFileNotFound
Tue May 15 16:09:48 UTC 2018: No link for: com.laytonsmith.PureUtilities.VirtualFS.VirtualFSTest-testCordonedOffTryToWriteOverExternalFile
Tue May 15 16:09:49 UTC 2018: No link for: com.laytonsmith.PureUtilities.VirtualFS.VirtualFSTest-testCreateTmpFile
Tue May 15 16:09:49 UTC 2018: No link for: com.laytonsmith.PureUtilities.VirtualFS.VirtualFSTest-testMkDirs
Tue May 15 16:09:49 UTC 2018: No link for: com.laytonsmith.PureUtilities.VirtualFS.VirtualFSTest-testQuota
Tue May 15 16:09:49 UTC 2018: No link for: com.laytonsmith.PureUtilities.VirtualFS.VirtualFSTest-testDelete
Tue May 15 16:09:49 UTC 2018: Linking done for EngineHub__CommandHelper test class com.laytonsmith.PureUtilities.VirtualFS.VirtualFSTest
Tue May 15 16:09:49 UTC 2018: Found element on the queue
Tue May 15 16:09:49 UTC 2018: Updating status
Tue May 15 16:09:49 UTC 2018: Working
Tue May 15 16:09:52 UTC 2018: Start EngineHub__CommandHelper test class com.laytonsmith.PureUtilities.Common.GNUErrorMessageFormatTest
Tue May 15 16:09:52 UTC 2018: Setting lastTestMethodIndex: 37731
Tue May 15 16:09:52 UTC 2018: Starting linking
Tue May 15 16:09:52 UTC 2018: No link for: com.laytonsmith.PureUtilities.Common.GNUErrorMessageFormatTest-test5
Tue May 15 16:09:52 UTC 2018: No link for: com.laytonsmith.PureUtilities.Common.GNUErrorMessageFormatTest-test6
Tue May 15 16:09:52 UTC 2018: No link for: com.laytonsmith.PureUtilities.Common.GNUErrorMessageFormatTest-test3
Tue May 15 16:09:52 UTC 2018: No link for: com.laytonsmith.PureUtilities.Common.GNUErrorMessageFormatTest-test4
Tue May 15 16:09:52 UTC 2018: No link for: com.laytonsmith.PureUtilities.Common.GNUErrorMessageFormatTest-test1
Tue May 15 16:09:53 UTC 2018: No link for: com.laytonsmith.PureUtilities.Common.GNUErrorMessageFormatTest-test2
Tue May 15 16:09:53 UTC 2018: No link for: com.laytonsmith.PureUtilities.Common.GNUErrorMessageFormatTest-test13
Tue May 15 16:09:53 UTC 2018: No link for: com.laytonsmith.PureUtilities.Common.GNUErrorMessageFormatTest-test12
Tue May 15 16:09:53 UTC 2018: No link for: com.laytonsmith.PureUtilities.Common.GNUErrorMessageFormatTest-test11
Tue May 15 16:09:53 UTC 2018: No link for: com.laytonsmith.PureUtilities.Common.GNUErrorMessageFormatTest-test10
Tue May 15 16:09:53 UTC 2018: No link for: com.laytonsmith.PureUtilities.Common.GNUErrorMessageFormatTest-test14
Tue May 15 16:09:53 UTC 2018: No link for: com.laytonsmith.PureUtilities.Common.GNUErrorMessageFormatTest-test9
Tue May 15 16:09:53 UTC 2018: No link for: com.laytonsmith.PureUtilities.Common.GNUErrorMessageFormatTest-test7
Tue May 15 16:09:54 UTC 2018: No link for: com.laytonsmith.PureUtilities.Common.GNUErrorMessageFormatTest-test8
Tue May 15 16:09:54 UTC 2018: Linking done for EngineHub__CommandHelper test class com.laytonsmith.PureUtilities.Common.GNUErrorMessageFormatTest
Tue May 15 16:09:54 UTC 2018: Found element on the queue
Tue May 15 16:09:54 UTC 2018: Updating status
Tue May 15 16:09:54 UTC 2018: Working
Tue May 15 16:09:57 UTC 2018: Start EngineHub__CommandHelper test class com.laytonsmith.PureUtilities.Common.RangeTest
Tue May 15 16:09:57 UTC 2018: Setting lastTestMethodIndex: 37733
Tue May 15 16:09:57 UTC 2018: Starting linking
Tue May 15 16:09:57 UTC 2018: Code found com.laytonsmith.PureUtilities.Common.Range-contains with com.laytonsmith.PureUtilities.Common.RangeTest-testContains
Tue May 15 16:09:57 UTC 2018: No link for: com.laytonsmith.PureUtilities.Common.RangeTest-testRangeValuesAscending
Tue May 15 16:09:57 UTC 2018: No link for: com.laytonsmith.PureUtilities.Common.RangeTest-testRangeValuesDecending
Tue May 15 16:09:57 UTC 2018: No link for: com.laytonsmith.PureUtilities.Common.RangeTest-testMin
Tue May 15 16:09:57 UTC 2018: No link for: com.laytonsmith.PureUtilities.Common.RangeTest-testMax
Tue May 15 16:09:57 UTC 2018: No link for: com.laytonsmith.PureUtilities.Common.RangeTest-testRangeSize
Tue May 15 16:09:58 UTC 2018: Linking done for EngineHub__CommandHelper test class com.laytonsmith.PureUtilities.Common.RangeTest
Tue May 15 16:09:58 UTC 2018: Found element on the queue
Tue May 15 16:09:58 UTC 2018: Updating status
Tue May 15 16:09:58 UTC 2018: Working
Tue May 15 16:10:01 UTC 2018: Start EngineHub__CommandHelper test class com.laytonsmith.PureUtilities.ClassLoading.GeneralTest
Tue May 15 16:10:01 UTC 2018: Setting lastTestMethodIndex: 37735
Tue May 15 16:10:01 UTC 2018: Starting linking
Tue May 15 16:10:01 UTC 2018: Code found com.laytonsmith.PureUtilities.ClassLoading.ClassMirror.ClassMirror-hashCode with com.laytonsmith.PureUtilities.ClassLoading.GeneralTest-testHashCode
Tue May 15 16:10:01 UTC 2018: Code found com.laytonsmith.PureUtilities.ClassLoading.ClassMirror.ClassMirror-equals with com.laytonsmith.PureUtilities.ClassLoading.GeneralTest-testEquals
Tue May 15 16:10:01 UTC 2018: No link for: com.laytonsmith.PureUtilities.ClassLoading.GeneralTest-testInterfaceWithAnnotationIsReturned
Tue May 15 16:10:01 UTC 2018: No link for: com.laytonsmith.PureUtilities.ClassLoading.GeneralTest-testAnnotationValue
Tue May 15 16:10:01 UTC 2018: No link for: com.laytonsmith.PureUtilities.ClassLoading.GeneralTest-testClassReferenceAnnotation
Tue May 15 16:10:01 UTC 2018: No link for: com.laytonsmith.PureUtilities.ClassLoading.GeneralTest-testExtendsInterfacesWorks
Tue May 15 16:10:01 UTC 2018: No link for: com.laytonsmith.PureUtilities.ClassLoading.GeneralTest-testClassMethodReferences
Tue May 15 16:10:01 UTC 2018: No link for: com.laytonsmith.PureUtilities.ClassLoading.GeneralTest-testThatSuperclassesWithAnnotationAreReturned
Tue May 15 16:10:01 UTC 2018: No link for: com.laytonsmith.PureUtilities.ClassLoading.GeneralTest-testClassReferenceMirrorName
Tue May 15 16:10:01 UTC 2018: No link for: com.laytonsmith.PureUtilities.ClassLoading.GeneralTest-testClassFieldReferences
Tue May 15 16:10:01 UTC 2018: No link for: com.laytonsmith.PureUtilities.ClassLoading.GeneralTest-testPackageReferences
Tue May 15 16:10:02 UTC 2018: No link for: com.laytonsmith.PureUtilities.ClassLoading.GeneralTest-testThatSuperclassesWithoutAnnotationArentReturned
Tue May 15 16:10:02 UTC 2018: No link for: com.laytonsmith.PureUtilities.ClassLoading.GeneralTest-testClassThatImplementsInterfaceExtendsProperly
Tue May 15 16:10:02 UTC 2018: Linking done for EngineHub__CommandHelper test class com.laytonsmith.PureUtilities.ClassLoading.GeneralTest
Tue May 15 16:10:02 UTC 2018: Found element on the queue
Tue May 15 16:10:02 UTC 2018: Updating status
Tue May 15 16:10:02 UTC 2018: Working
Tue May 15 16:10:05 UTC 2018: Start EngineHub__CommandHelper test class com.laytonsmith.PureUtilities.XMLDocumentTest
Tue May 15 16:10:05 UTC 2018: Setting lastTestMethodIndex: 37738
Tue May 15 16:10:05 UTC 2018: Starting linking
Tue May 15 16:10:05 UTC 2018: Code found com.laytonsmith.PureUtilities.XMLDocument-getBoolean with com.laytonsmith.PureUtilities.XMLDocumentTest-testGetBoolean
Tue May 15 16:10:05 UTC 2018: Code found com.laytonsmith.PureUtilities.XMLDocument-getNode with com.laytonsmith.PureUtilities.XMLDocumentTest-testGetNode
Tue May 15 16:10:05 UTC 2018: Code found com.laytonsmith.PureUtilities.XMLDocument-getDouble with com.laytonsmith.PureUtilities.XMLDocumentTest-testGetDouble
Tue May 15 16:10:05 UTC 2018: Code found com.laytonsmith.PureUtilities.XMLDocument-setNode with com.laytonsmith.PureUtilities.XMLDocumentTest-testSetNode
Tue May 15 16:10:06 UTC 2018: Code found com.laytonsmith.PureUtilities.XMLDocument-getInt with com.laytonsmith.PureUtilities.XMLDocumentTest-testGetInt
Tue May 15 16:10:06 UTC 2018: Code found com.laytonsmith.PureUtilities.XMLDocument-getLong with com.laytonsmith.PureUtilities.XMLDocumentTest-testGetLong
Tue May 15 16:10:06 UTC 2018: Code found com.laytonsmith.PureUtilities.XMLDocument-getXML with com.laytonsmith.PureUtilities.XMLDocumentTest-testGetXML
Tue May 15 16:10:06 UTC 2018: Code found com.laytonsmith.PureUtilities.XMLDocument-nodeExists with com.laytonsmith.PureUtilities.XMLDocumentTest-testNodeExists
Tue May 15 16:10:06 UTC 2018: No link for: com.laytonsmith.PureUtilities.XMLDocumentTest-testWithNamespace
Tue May 15 16:10:06 UTC 2018: No link for: com.laytonsmith.PureUtilities.XMLDocumentTest-testPrettyPrint
Tue May 15 16:10:06 UTC 2018: No link for: com.laytonsmith.PureUtilities.XMLDocumentTest-testNewDocument
Tue May 15 16:10:06 UTC 2018: Linking done for EngineHub__CommandHelper test class com.laytonsmith.PureUtilities.XMLDocumentTest
Tue May 15 16:10:07 UTC 2018: Found element on the queue
Tue May 15 16:10:07 UTC 2018: Updating status
Tue May 15 16:10:07 UTC 2018: Working
Tue May 15 16:10:09 UTC 2018: Start EngineHub__CommandHelper test class com.laytonsmith.PureUtilities.StringUtilsTest
Tue May 15 16:10:09 UTC 2018: Setting lastTestMethodIndex: 37740
Tue May 15 16:10:09 UTC 2018: Starting linking
Tue May 15 16:10:09 UTC 2018: Code found com.laytonsmith.PureUtilities.Common.StringUtils-Join with com.laytonsmith.PureUtilities.StringUtilsTest-testJoin_Map
Tue May 15 16:10:09 UTC 2018: No code found com.laytonsmith.PureUtilities.Common.StringUtils-PluralHelper with com.laytonsmith.PureUtilities.StringUtilsTest-testPluralHelper2
Tue May 15 16:10:10 UTC 2018: No code found com.laytonsmith.PureUtilities.Common.StringUtils-PluralTemplateHelper with com.laytonsmith.PureUtilities.StringUtilsTest-testPluralTemplateHelper
Tue May 15 16:10:10 UTC 2018: No code found com.laytonsmith.PureUtilities.Common.StringUtils-ArgParser with com.laytonsmith.PureUtilities.StringUtilsTest-testArgParser
Tue May 15 16:10:10 UTC 2018: No code found com.laytonsmith.PureUtilities.Common.StringUtils-trimRight with com.laytonsmith.PureUtilities.StringUtilsTest-testTrimRight
Tue May 15 16:10:10 UTC 2018: No code found com.laytonsmith.PureUtilities.Common.StringUtils-LevenshteinDistance with com.laytonsmith.PureUtilities.StringUtilsTest-testLevenshteinDistance
Tue May 15 16:10:10 UTC 2018: Code found com.laytonsmith.PureUtilities.Common.StringUtils-Join with com.laytonsmith.PureUtilities.StringUtilsTest-testJoin_List
Tue May 15 16:10:10 UTC 2018: Code found com.laytonsmith.PureUtilities.Common.StringUtils-Join with com.laytonsmith.PureUtilities.StringUtilsTest-testJoin_Set
Tue May 15 16:10:10 UTC 2018: No code found com.laytonsmith.PureUtilities.Common.StringUtils-replaceLast with com.laytonsmith.PureUtilities.StringUtilsTest-testReplaceLast
Tue May 15 16:10:10 UTC 2018: Code found com.laytonsmith.PureUtilities.Common.StringUtils-Join with com.laytonsmith.PureUtilities.StringUtilsTest-testJoin_Array
Tue May 15 16:10:10 UTC 2018: No code found com.laytonsmith.PureUtilities.Common.StringUtils-trimLeft with com.laytonsmith.PureUtilities.StringUtilsTest-testTrimLeft
Tue May 15 16:10:10 UTC 2018: No code found com.laytonsmith.PureUtilities.Common.StringUtils-trimSplit with com.laytonsmith.PureUtilities.StringUtilsTest-testTrimSplit
Tue May 15 16:10:11 UTC 2018: No code found com.laytonsmith.PureUtilities.Common.StringUtils-PluralHelper with com.laytonsmith.PureUtilities.StringUtilsTest-testPluralHelper1
Tue May 15 16:10:11 UTC 2018: Linking done for EngineHub__CommandHelper test class com.laytonsmith.PureUtilities.StringUtilsTest
Tue May 15 16:10:11 UTC 2018: Found element on the queue
Tue May 15 16:10:11 UTC 2018: Updating status
Tue May 15 16:10:11 UTC 2018: Working
Tue May 15 16:10:14 UTC 2018: Start EngineHub__CommandHelper test class com.laytonsmith.PureUtilities.ConcurrentSingletonHashMapTest
Tue May 15 16:10:14 UTC 2018: Setting lastTestMethodIndex: 37742
Tue May 15 16:10:14 UTC 2018: Starting linking
Tue May 15 16:10:14 UTC 2018: No link for: com.laytonsmith.PureUtilities.ConcurrentSingletonHashMapTest-testSingletonFunctionality
Tue May 15 16:10:14 UTC 2018: Linking done for EngineHub__CommandHelper test class com.laytonsmith.PureUtilities.ConcurrentSingletonHashMapTest
Tue May 15 16:10:14 UTC 2018: Found element on the queue
Tue May 15 16:10:14 UTC 2018: Updating status
Tue May 15 16:10:14 UTC 2018: Working
Tue May 15 16:10:17 UTC 2018: Start EngineHub__CommandHelper test class com.laytonsmith.PureUtilities.SAXDocumentTest
Tue May 15 16:10:17 UTC 2018: Setting lastTestMethodIndex: 37744
Tue May 15 16:10:17 UTC 2018: Starting linking
Tue May 15 16:10:17 UTC 2018: No link for: com.laytonsmith.PureUtilities.SAXDocumentTest-testComplexContents
Tue May 15 16:10:17 UTC 2018: No link for: com.laytonsmith.PureUtilities.SAXDocumentTest-testSimpleContents
Tue May 15 16:10:17 UTC 2018: No link for: com.laytonsmith.PureUtilities.SAXDocumentTest-testAttributes
Tue May 15 16:10:17 UTC 2018: No link for: com.laytonsmith.PureUtilities.SAXDocumentTest-testIndexWorks
Tue May 15 16:10:17 UTC 2018: No link for: com.laytonsmith.PureUtilities.SAXDocumentTest-testBasic
Tue May 15 16:10:17 UTC 2018: Linking done for EngineHub__CommandHelper test class com.laytonsmith.PureUtilities.SAXDocumentTest
Tue May 15 16:10:18 UTC 2018: Found element on the queue
Tue May 15 16:10:18 UTC 2018: Updating status
Tue May 15 16:10:18 UTC 2018: Working
Tue May 15 16:10:20 UTC 2018: Start EngineHub__CommandHelper test class com.laytonsmith.PureUtilities.NonInheritImplementsTest
Tue May 15 16:10:20 UTC 2018: Setting lastTestMethodIndex: 37746
Tue May 15 16:10:20 UTC 2018: Starting linking
Tue May 15 16:10:20 UTC 2018: Linking done for EngineHub__CommandHelper test class com.laytonsmith.PureUtilities.NonInheritImplementsTest
Tue May 15 16:10:21 UTC 2018: Found element on the queue
Tue May 15 16:10:21 UTC 2018: Updating status
Tue May 15 16:10:21 UTC 2018: Working
Tue May 15 16:10:23 UTC 2018: Start EngineHub__CommandHelper test class com.laytonsmith.PureUtilities.ZipReaderTest
Tue May 15 16:10:23 UTC 2018: Setting lastTestMethodIndex: 37748
Tue May 15 16:10:23 UTC 2018: Starting linking
Tue May 15 16:10:23 UTC 2018: No link for: com.laytonsmith.PureUtilities.ZipReaderTest-testNestedFileNotFound
Tue May 15 16:10:23 UTC 2018: No link for: com.laytonsmith.PureUtilities.ZipReaderTest-testStringRead
Tue May 15 16:10:23 UTC 2018: No link for: com.laytonsmith.PureUtilities.ZipReaderTest-testTrivialRead
Tue May 15 16:10:24 UTC 2018: No link for: com.laytonsmith.PureUtilities.ZipReaderTest-testNestedNotAZip
Tue May 15 16:10:24 UTC 2018: Linking done for EngineHub__CommandHelper test class com.laytonsmith.PureUtilities.ZipReaderTest
Tue May 15 16:10:24 UTC 2018: Found element on the queue
Tue May 15 16:10:24 UTC 2018: Updating status
Tue May 15 16:10:24 UTC 2018: Working
Tue May 15 16:10:27 UTC 2018: Start EngineHub__CommandHelper test class com.laytonsmith.PureUtilities.RSAEncryptTest
Tue May 15 16:10:27 UTC 2018: Setting lastTestMethodIndex: 37750
Tue May 15 16:10:27 UTC 2018: Starting linking
Tue May 15 16:10:27 UTC 2018: No link for: com.laytonsmith.PureUtilities.RSAEncryptTest-testPrivToPub
Tue May 15 16:10:27 UTC 2018: No link for: com.laytonsmith.PureUtilities.RSAEncryptTest-testPubToPriv
Tue May 15 16:10:27 UTC 2018: Linking done for EngineHub__CommandHelper test class com.laytonsmith.PureUtilities.RSAEncryptTest
Tue May 15 16:10:27 UTC 2018: Found element on the queue
Tue May 15 16:10:27 UTC 2018: Updating status
Tue May 15 16:10:27 UTC 2018: Working
Tue May 15 16:10:30 UTC 2018: Start EngineHub__CommandHelper test class com.laytonsmith.testing.RandomTests
Tue May 15 16:10:30 UTC 2018: Setting lastTestMethodIndex: 37752
Tue May 15 16:10:30 UTC 2018: Starting linking
Tue May 15 16:10:30 UTC 2018: Code found com.laytonsmith.testing.C-String with com.laytonsmith.testing.RandomTests-testJSONEscapeString
Tue May 15 16:10:30 UTC 2018: Code found com.laytonsmith.testing.C-String with com.laytonsmith.testing.RandomTests-testJSONDecodeString
Tue May 15 16:10:30 UTC 2018: No link for: com.laytonsmith.testing.RandomTests-testVoidAndReturnedVoidAreTheExactSame
Tue May 15 16:10:30 UTC 2018: No link for: com.laytonsmith.testing.RandomTests-testAllBoilerplate
Tue May 15 16:10:30 UTC 2018: No link for: com.laytonsmith.testing.RandomTests-testReflectDocs
Tue May 15 16:10:31 UTC 2018: No link for: com.laytonsmith.testing.RandomTests-testReturnArrayFromProc
Tue May 15 16:10:31 UTC 2018: No link for: com.laytonsmith.testing.RandomTests-testConstuctToString
Tue May 15 16:10:31 UTC 2018: No link for: com.laytonsmith.testing.RandomTests-testClone
Tue May 15 16:10:31 UTC 2018: No link for: com.laytonsmith.testing.RandomTests-testGetValues
Tue May 15 16:10:31 UTC 2018: No link for: com.laytonsmith.testing.RandomTests-expressionTester
Tue May 15 16:10:31 UTC 2018: No link for: com.laytonsmith.testing.RandomTests-testCastFromBukkitMCPlayerToBukkitMCCommandSender
Tue May 15 16:10:31 UTC 2018: No link for: com.laytonsmith.testing.RandomTests-testFunctionsAreOnlyDefinedOnce
Tue May 15 16:10:31 UTC 2018: No link for: com.laytonsmith.testing.RandomTests-testVoidAndReturnedVoidAreSEqualsAndOthers
Tue May 15 16:10:31 UTC 2018: No link for: com.laytonsmith.testing.RandomTests-testProcScope
Tue May 15 16:10:32 UTC 2018: Linking done for EngineHub__CommandHelper test class com.laytonsmith.testing.RandomTests
Tue May 15 16:10:32 UTC 2018: Found element on the queue
Tue May 15 16:10:32 UTC 2018: Updating status
Tue May 15 16:10:32 UTC 2018: Working
Tue May 15 16:10:34 UTC 2018: Start EngineHub__CommandHelper test class com.laytonsmith.testing.ArrayTest
Tue May 15 16:10:34 UTC 2018: Setting lastTestMethodIndex: 37754
Tue May 15 16:10:34 UTC 2018: Starting linking
Tue May 15 16:10:34 UTC 2018: No link for: com.laytonsmith.testing.ArrayTest-testArrayNormalize
Tue May 15 16:10:35 UTC 2018: No link for: com.laytonsmith.testing.ArrayTest-testDirectSquareBracketUsage
Tue May 15 16:10:35 UTC 2018: No link for: com.laytonsmith.testing.ArrayTest-testArrayRecursionToString
Tue May 15 16:10:35 UTC 2018: No link for: com.laytonsmith.testing.ArrayTest-testArrayPreIncrement
Tue May 15 16:10:35 UTC 2018: No link for: com.laytonsmith.testing.ArrayTest-testArrayForeachWithConstructorInitialization
Tue May 15 16:10:35 UTC 2018: No link for: com.laytonsmith.testing.ArrayTest-testArrayGetWithAssociativeArray
Tue May 15 16:10:35 UTC 2018: No link for: com.laytonsmith.testing.ArrayTest-testArrayKeyNormalization
Tue May 15 16:10:35 UTC 2018: No link for: com.laytonsmith.testing.ArrayTest-testAssociativeCreation
Tue May 15 16:10:35 UTC 2018: No link for: com.laytonsmith.testing.ArrayTest-testDocumentationExample3
Tue May 15 16:10:35 UTC 2018: No link for: com.laytonsmith.testing.ArrayTest-testArrayKeys
Tue May 15 16:10:35 UTC 2018: No link for: com.laytonsmith.testing.ArrayTest-testDocumentationExample4
Tue May 15 16:10:36 UTC 2018: No link for: com.laytonsmith.testing.ArrayTest-testDocumentationExample5
Tue May 15 16:10:36 UTC 2018: No link for: com.laytonsmith.testing.ArrayTest-testDocumentationExample6
Tue May 15 16:10:36 UTC 2018: No link for: com.laytonsmith.testing.ArrayTest-testDocumentationExample1
Tue May 15 16:10:36 UTC 2018: No link for: com.laytonsmith.testing.ArrayTest-testDocumentationExample2
Tue May 15 16:10:36 UTC 2018: No link for: com.laytonsmith.testing.ArrayTest-testArrayPushOperator
Tue May 15 16:10:36 UTC 2018: No link for: com.laytonsmith.testing.ArrayTest-testArrayDirtyOrderToString
Tue May 15 16:10:36 UTC 2018: No link for: com.laytonsmith.testing.ArrayTest-testArraySetWithInternalVariable
Tue May 15 16:10:36 UTC 2018: No link for: com.laytonsmith.testing.ArrayTest-testArrayPreDecrement
Tue May 15 16:10:36 UTC 2018: No link for: com.laytonsmith.testing.ArrayTest-testAssociativeCopy
Tue May 15 16:10:36 UTC 2018: No link for: com.laytonsmith.testing.ArrayTest-testArrayKeysSortOrder
Tue May 15 16:10:37 UTC 2018: No link for: com.laytonsmith.testing.ArrayTest-testInnerArrayIsArray
Tue May 15 16:10:37 UTC 2018: No link for: com.laytonsmith.testing.ArrayTest-testComplexGetter
Tue May 15 16:10:37 UTC 2018: No link for: com.laytonsmith.testing.ArrayTest-testArrayUsageBeforeDefined
Tue May 15 16:10:37 UTC 2018: No link for: com.laytonsmith.testing.ArrayTest-testFunctionResultAsAssociativeValue
Tue May 15 16:10:37 UTC 2018: No link for: com.laytonsmith.testing.ArrayTest-testDocumentationExample7
Tue May 15 16:10:37 UTC 2018: No link for: com.laytonsmith.testing.ArrayTest-testPushingANegativeIndexOnArray
Tue May 15 16:10:37 UTC 2018: No link for: com.laytonsmith.testing.ArrayTest-testIsAssociative
Tue May 15 16:10:37 UTC 2018: No link for: com.laytonsmith.testing.ArrayTest-testArrayPostDecrement
Tue May 15 16:10:38 UTC 2018: No link for: com.laytonsmith.testing.ArrayTest-testArrayception1
Tue May 15 16:10:38 UTC 2018: No link for: com.laytonsmith.testing.ArrayTest-testArrayception2
Tue May 15 16:10:38 UTC 2018: No link for: com.laytonsmith.testing.ArrayTest-testAssociativeCreation2
Tue May 15 16:10:38 UTC 2018: No link for: com.laytonsmith.testing.ArrayTest-testArraysReturned
Tue May 15 16:10:38 UTC 2018: No link for: com.laytonsmith.testing.ArrayTest-testArraySets
Tue May 15 16:10:38 UTC 2018: No link for: com.laytonsmith.testing.ArrayTest-testArraySiblingsToString
Tue May 15 16:10:38 UTC 2018: No link for: com.laytonsmith.testing.ArrayTest-testArrayPushOnAssociativeArray
Tue May 15 16:10:38 UTC 2018: No link for: com.laytonsmith.testing.ArrayTest-testArrayMultiDimension
Tue May 15 16:10:38 UTC 2018: No link for: com.laytonsmith.testing.ArrayTest-testAssociativeArraySerialization
Tue May 15 16:10:38 UTC 2018: No link for: com.laytonsmith.testing.ArrayTest-testArrayNPE1
Tue May 15 16:10:38 UTC 2018: No link for: com.laytonsmith.testing.ArrayTest-testArraysReference1
Tue May 15 16:10:38 UTC 2018: No link for: com.laytonsmith.testing.ArrayTest-testArrayPostIncrement
Tue May 15 16:10:38 UTC 2018: No link for: com.laytonsmith.testing.ArrayTest-testArrayAssign1
Tue May 15 16:10:38 UTC 2018: No link for: com.laytonsmith.testing.ArrayTest-testArrayAssign2
Tue May 15 16:10:38 UTC 2018: No link for: com.laytonsmith.testing.ArrayTest-testArrayAssign7
Tue May 15 16:10:38 UTC 2018: No link for: com.laytonsmith.testing.ArrayTest-testArrayKeysSortOrderWithPersistence
Tue May 15 16:10:38 UTC 2018: No link for: com.laytonsmith.testing.ArrayTest-testArrayKeys1
Tue May 15 16:10:39 UTC 2018: No link for: com.laytonsmith.testing.ArrayTest-testArrayAssign3
Tue May 15 16:10:39 UTC 2018: No link for: com.laytonsmith.testing.ArrayTest-testAssociativeSlicing
Tue May 15 16:10:39 UTC 2018: No link for: com.laytonsmith.testing.ArrayTest-testArrayAssign4
Tue May 15 16:10:39 UTC 2018: No link for: com.laytonsmith.testing.ArrayTest-testArrayAssign5
Tue May 15 16:10:39 UTC 2018: No link for: com.laytonsmith.testing.ArrayTest-testArrayAssign6
Tue May 15 16:10:39 UTC 2018: Linking done for EngineHub__CommandHelper test class com.laytonsmith.testing.ArrayTest
Tue May 15 16:10:40 UTC 2018: Found element on the queue
Tue May 15 16:10:40 UTC 2018: Updating status
Tue May 15 16:10:40 UTC 2018: Working
Tue May 15 16:10:42 UTC 2018: Start EngineHub__CommandHelper test class com.laytonsmith.testing.ProcedureTest
Tue May 15 16:10:42 UTC 2018: Setting lastTestMethodIndex: 37758
Tue May 15 16:10:42 UTC 2018: Starting linking
Tue May 15 16:10:42 UTC 2018: No link for: com.laytonsmith.testing.ProcedureTest-ensureOutOfScopeDoesntInterfere
Tue May 15 16:10:42 UTC 2018: No link for: com.laytonsmith.testing.ProcedureTest-testProcCalledMultipleTimes
Tue May 15 16:10:42 UTC 2018: No link for: com.laytonsmith.testing.ProcedureTest-ensureOutOfScopeWorks
Tue May 15 16:10:42 UTC 2018: No link for: com.laytonsmith.testing.ProcedureTest-testSimpleProc
Tue May 15 16:10:42 UTC 2018: No link for: com.laytonsmith.testing.ProcedureTest-testProcWithArguments
Tue May 15 16:10:42 UTC 2018: No link for: com.laytonsmith.testing.ProcedureTest-testProcCalledMultipleTimesWithAssign
Tue May 15 16:10:42 UTC 2018: No link for: com.laytonsmith.testing.ProcedureTest-testProcWithParameters
Tue May 15 16:10:43 UTC 2018: Linking done for EngineHub__CommandHelper test class com.laytonsmith.testing.ProcedureTest
Tue May 15 16:10:43 UTC 2018: Found element on the queue
Tue May 15 16:10:43 UTC 2018: Updating status
Tue May 15 16:10:43 UTC 2018: Working
Tue May 15 16:10:46 UTC 2018: Start EngineHub__CommandHelper test class com.laytonsmith.persistence.TestPersistence
Tue May 15 16:10:46 UTC 2018: Setting lastTestMethodIndex: 37759
Tue May 15 16:10:46 UTC 2018: Starting linking
Tue May 15 16:10:46 UTC 2018: No link for: com.laytonsmith.persistence.TestPersistence-testMatch3
Tue May 15 16:10:46 UTC 2018: No link for: com.laytonsmith.persistence.TestPersistence-testNamespaceWithUnderscore
Tue May 15 16:10:46 UTC 2018: No link for: com.laytonsmith.persistence.TestPersistence-testMatch1
Tue May 15 16:10:46 UTC 2018: No link for: com.laytonsmith.persistence.TestPersistence-testMatch2
Tue May 15 16:10:46 UTC 2018: No link for: com.laytonsmith.persistence.TestPersistence-testTransient
Tue May 15 16:10:46 UTC 2018: No link for: com.laytonsmith.persistence.TestPersistence-testMultimatch2
Tue May 15 16:10:46 UTC 2018: No link for: com.laytonsmith.persistence.TestPersistence-testConflictingKeys
Tue May 15 16:10:46 UTC 2018: No link for: com.laytonsmith.persistence.TestPersistence-testMultimatch1
Tue May 15 16:10:47 UTC 2018: No link for: com.laytonsmith.persistence.TestPersistence-testGetValues
Tue May 15 16:10:47 UTC 2018: No link for: com.laytonsmith.persistence.TestPersistence-testNotTransient
Tue May 15 16:10:47 UTC 2018: No link for: com.laytonsmith.persistence.TestPersistence-testMemoryDataSource
Tue May 15 16:10:47 UTC 2018: No link for: com.laytonsmith.persistence.TestPersistence-testSer
Tue May 15 16:10:47 UTC 2018: No link for: com.laytonsmith.persistence.TestPersistence-testFilterExceptions
Tue May 15 16:10:47 UTC 2018: No link for: com.laytonsmith.persistence.TestPersistence-testHasValue
Tue May 15 16:10:47 UTC 2018: Linking done for EngineHub__CommandHelper test class com.laytonsmith.persistence.TestPersistence
Tue May 15 16:10:48 UTC 2018: Found element on the queue
Tue May 15 16:10:48 UTC 2018: Updating status
Tue May 15 16:10:48 UTC 2018: Working
Tue May 15 16:10:50 UTC 2018: Start EngineHub__CommandHelper test class com.laytonsmith.database.ProfilesTest
Tue May 15 16:10:50 UTC 2018: Setting lastTestMethodIndex: 37762
Tue May 15 16:10:50 UTC 2018: Starting linking
Tue May 15 16:10:50 UTC 2018: No link for: com.laytonsmith.database.ProfilesTest-testProfileSuccess
Tue May 15 16:10:50 UTC 2018: Linking done for EngineHub__CommandHelper test class com.laytonsmith.database.ProfilesTest
