Wed May 16 06:43:43 UTC 2018: Database:jdbc:mysql://localhost:3306/unittests
Wed May 16 06:43:43 UTC 2018: Starting
Wed May 16 06:43:43 UTC 2018: Found element on the queue
Wed May 16 06:43:43 UTC 2018: Updating status
Wed May 16 06:43:43 UTC 2018: Working
Wed May 16 06:43:43 UTC 2018: Create project parser
Wed May 16 06:44:32 UTC 2018: Create slicer
Wed May 16 06:44:34 UTC 2018: Wala does not support this class: com.ibm.wala.shrikeCT.InvalidClassFileException: Class file invalid at 10: bad magic number: 1347093252
Wed May 16 06:44:43 UTC 2018: Create call graph
Wed May 16 06:44:47 UTC 2018: Create point analysis
Wed May 16 06:44:47 UTC 2018: Create call graph done
Wed May 16 06:44:47 UTC 2018: Start MrPii2__atT_j1550 test class hudson.ProxyConfigurationTest
Wed May 16 06:44:47 UTC 2018: Setting lastTestMethodIndex: 65516
Wed May 16 06:44:47 UTC 2018: Starting linking
Wed May 16 06:44:47 UTC 2018: Linking done for MrPii2__atT_j1550 test class hudson.ProxyConfigurationTest
Wed May 16 06:44:47 UTC 2018: Found element on the queue
Wed May 16 06:44:47 UTC 2018: Updating status
Wed May 16 06:44:47 UTC 2018: Working
Wed May 16 06:44:50 UTC 2018: Start MrPii2__atT_j1550 test class hudson.slaves.NodeListTest
Wed May 16 06:44:50 UTC 2018: Setting lastTestMethodIndex: 65518
Wed May 16 06:44:50 UTC 2018: Starting linking
Wed May 16 06:44:50 UTC 2018: Linking done for MrPii2__atT_j1550 test class hudson.slaves.NodeListTest
Wed May 16 06:44:50 UTC 2018: Found element on the queue
Wed May 16 06:44:50 UTC 2018: Updating status
Wed May 16 06:44:50 UTC 2018: Working
Wed May 16 06:44:53 UTC 2018: Start MrPii2__atT_j1550 test class hudson.util.LineEndNormalizingWriterTest
Wed May 16 06:44:53 UTC 2018: Setting lastTestMethodIndex: 65519
Wed May 16 06:44:53 UTC 2018: Starting linking
Wed May 16 06:44:53 UTC 2018: Linking done for MrPii2__atT_j1550 test class hudson.util.LineEndNormalizingWriterTest
Wed May 16 06:44:53 UTC 2018: Found element on the queue
Wed May 16 06:44:53 UTC 2018: Updating status
Wed May 16 06:44:53 UTC 2018: Working
Wed May 16 06:44:56 UTC 2018: Start MrPii2__atT_j1550 test class hudson.slaves.ComputerLauncherTest
Wed May 16 06:44:56 UTC 2018: Setting lastTestMethodIndex: 65522
Wed May 16 06:44:56 UTC 2018: Starting linking
Wed May 16 06:44:56 UTC 2018: No link for: hudson.slaves.ComputerLauncherTest-j2sdk4
Wed May 16 06:44:57 UTC 2018: None match not added in database because it already exists
Wed May 16 06:44:57 UTC 2018: No link for: hudson.slaves.ComputerLauncherTest-jdk6
Wed May 16 06:44:57 UTC 2018: None match not added in database because it already exists
Wed May 16 06:44:57 UTC 2018: No link for: hudson.slaves.ComputerLauncherTest-jdk10
Wed May 16 06:44:58 UTC 2018: None match not added in database because it already exists
Wed May 16 06:44:58 UTC 2018: No link for: hudson.slaves.ComputerLauncherTest-jdk7
Wed May 16 06:44:58 UTC 2018: None match not added in database because it already exists
Wed May 16 06:44:58 UTC 2018: No link for: hudson.slaves.ComputerLauncherTest-openJDK7
Wed May 16 06:44:59 UTC 2018: None match not added in database because it already exists
Wed May 16 06:44:59 UTC 2018: No link for: hudson.slaves.ComputerLauncherTest-jdk5
Wed May 16 06:44:59 UTC 2018: None match not added in database because it already exists
Wed May 16 06:44:59 UTC 2018: Linking done for MrPii2__atT_j1550 test class hudson.slaves.ComputerLauncherTest
Wed May 16 06:44:59 UTC 2018: Found element on the queue
Wed May 16 06:44:59 UTC 2018: Updating status
Wed May 16 06:45:00 UTC 2018: Working
Wed May 16 06:45:02 UTC 2018: Start MrPii2__atT_j1550 test class hudson.EnvVarsTest
Wed May 16 06:45:02 UTC 2018: Setting lastTestMethodIndex: 65527
Wed May 16 06:45:02 UTC 2018: Starting linking
Wed May 16 06:45:02 UTC 2018: Linking done for MrPii2__atT_j1550 test class hudson.EnvVarsTest
Wed May 16 06:45:03 UTC 2018: Found element on the queue
Wed May 16 06:45:03 UTC 2018: Updating status
Wed May 16 06:45:03 UTC 2018: Working
Wed May 16 06:45:05 UTC 2018: Start MrPii2__atT_j1550 test class hudson.BulkChangeTest
Wed May 16 06:45:05 UTC 2018: Setting lastTestMethodIndex: 65529
Wed May 16 06:45:05 UTC 2018: Starting linking
Wed May 16 06:45:05 UTC 2018: Linking done for MrPii2__atT_j1550 test class hudson.BulkChangeTest
Wed May 16 06:45:06 UTC 2018: Found element on the queue
Wed May 16 06:45:06 UTC 2018: Updating status
Wed May 16 06:45:06 UTC 2018: Working
Wed May 16 06:45:09 UTC 2018: Start MrPii2__atT_j1550 test class hudson.util.ProcessTreeTest
Wed May 16 06:45:09 UTC 2018: Setting lastTestMethodIndex: 65532
Wed May 16 06:45:09 UTC 2018: Starting linking
Wed May 16 06:45:09 UTC 2018: Linking done for MrPii2__atT_j1550 test class hudson.util.ProcessTreeTest
Wed May 16 06:45:09 UTC 2018: Found element on the queue
Wed May 16 06:45:09 UTC 2018: Updating status
Wed May 16 06:45:09 UTC 2018: Working
Wed May 16 06:45:12 UTC 2018: Start MrPii2__atT_j1550 test class hudson.tasks.test.TestObjectTest
Wed May 16 06:45:12 UTC 2018: Setting lastTestMethodIndex: 65535
Wed May 16 06:45:12 UTC 2018: Starting linking
Wed May 16 06:45:12 UTC 2018: Code found hudson.tasks.test.TestObject-safe with hudson.tasks.test.TestObjectTest-testSafe
Wed May 16 06:45:13 UTC 2018: Match not added in database because it already exists
Wed May 16 06:45:13 UTC 2018: No link for: hudson.tasks.test.TestObjectTest-uniquifyName
Wed May 16 06:45:13 UTC 2018: None match not added in database because it already exists
Wed May 16 06:45:13 UTC 2018: Linking done for MrPii2__atT_j1550 test class hudson.tasks.test.TestObjectTest
Wed May 16 06:45:14 UTC 2018: Found element on the queue
Wed May 16 06:45:14 UTC 2018: Updating status
Wed May 16 06:45:14 UTC 2018: Working
Wed May 16 06:45:16 UTC 2018: Start MrPii2__atT_j1550 test class hudson.util.ConsistentHashTest
Wed May 16 06:45:16 UTC 2018: Setting lastTestMethodIndex: 65537
Wed May 16 06:45:16 UTC 2018: Starting linking
Wed May 16 06:45:16 UTC 2018: Linking done for MrPii2__atT_j1550 test class hudson.util.ConsistentHashTest
Wed May 16 06:45:17 UTC 2018: Found element on the queue
Wed May 16 06:45:17 UTC 2018: Updating status
Wed May 16 06:45:17 UTC 2018: Working
Wed May 16 06:45:19 UTC 2018: Start MrPii2__atT_j1550 test class hudson.tasks.junit.ClassResultTest
Wed May 16 06:45:19 UTC 2018: Setting lastTestMethodIndex: 65539
Wed May 16 06:45:19 UTC 2018: Starting linking
Wed May 16 06:45:19 UTC 2018: Linking done for MrPii2__atT_j1550 test class hudson.tasks.junit.ClassResultTest
Wed May 16 06:45:20 UTC 2018: Found element on the queue
Wed May 16 06:45:20 UTC 2018: Updating status
Wed May 16 06:45:20 UTC 2018: Working
Wed May 16 06:45:22 UTC 2018: Start MrPii2__atT_j1550 test class hudson.tasks._maven.Maven3MojoNoteTest
Wed May 16 06:45:23 UTC 2018: Setting lastTestMethodIndex: 65541
Wed May 16 06:45:23 UTC 2018: Starting linking
Wed May 16 06:45:23 UTC 2018: No link for: hudson.tasks._maven.Maven3MojoNoteTest-testAnnotateMavenPlugin
Wed May 16 06:45:23 UTC 2018: None match not added in database because it already exists
Wed May 16 06:45:23 UTC 2018: No link for: hudson.tasks._maven.Maven3MojoNoteTest-testAnnotateOtherPlugin
Wed May 16 06:45:23 UTC 2018: None match not added in database because it already exists
Wed May 16 06:45:23 UTC 2018: No link for: hudson.tasks._maven.Maven3MojoNoteTest-testAnnotateCodehausPlugin
Wed May 16 06:45:24 UTC 2018: None match not added in database because it already exists
Wed May 16 06:45:24 UTC 2018: Linking done for MrPii2__atT_j1550 test class hudson.tasks._maven.Maven3MojoNoteTest
Wed May 16 06:45:24 UTC 2018: Found element on the queue
Wed May 16 06:45:24 UTC 2018: Updating status
Wed May 16 06:45:24 UTC 2018: Working
Wed May 16 06:45:27 UTC 2018: Start MrPii2__atT_j1550 test class hudson.util.CopyOnWriteMapTest
Wed May 16 06:45:27 UTC 2018: Setting lastTestMethodIndex: 65542
Wed May 16 06:45:27 UTC 2018: Starting linking
Wed May 16 06:45:27 UTC 2018: Linking done for MrPii2__atT_j1550 test class hudson.util.CopyOnWriteMapTest
Wed May 16 06:45:27 UTC 2018: Found element on the queue
Wed May 16 06:45:27 UTC 2018: Updating status
Wed May 16 06:45:27 UTC 2018: Working
Wed May 16 06:45:30 UTC 2018: Start MrPii2__atT_j1550 test class hudson.cli.ListJobsCommandTest
Wed May 16 06:45:30 UTC 2018: Setting lastTestMethodIndex: 65544
Wed May 16 06:45:30 UTC 2018: Starting linking
Wed May 16 06:45:30 UTC 2018: No link for: hudson.cli.ListJobsCommandTest-failForNonexistingName
Wed May 16 06:45:31 UTC 2018: None match not added in database because it already exists
Wed May 16 06:45:31 UTC 2018: No link for: hudson.cli.ListJobsCommandTest-failForMatrixProject
Wed May 16 06:45:31 UTC 2018: No link for: hudson.cli.ListJobsCommandTest-getAllJobsForEmptyName
Wed May 16 06:45:32 UTC 2018: No link for: hudson.cli.ListJobsCommandTest-getJobsFromView
Wed May 16 06:45:32 UTC 2018: No link for: hudson.cli.ListJobsCommandTest-getAllJobsFromFolders
Wed May 16 06:45:33 UTC 2018: None match not added in database because it already exists
Wed May 16 06:45:33 UTC 2018: No link for: hudson.cli.ListJobsCommandTest-getJobsRecursivelyFromViewGroup
Wed May 16 06:45:33 UTC 2018: Linking done for MrPii2__atT_j1550 test class hudson.cli.ListJobsCommandTest
Wed May 16 06:45:33 UTC 2018: Found element on the queue
Wed May 16 06:45:33 UTC 2018: Updating status
Wed May 16 06:45:33 UTC 2018: Working
Wed May 16 06:45:36 UTC 2018: Start MrPii2__atT_j1550 test class hudson.FunctionsTest
Wed May 16 06:45:36 UTC 2018: Setting lastTestMethodIndex: 65548
Wed May 16 06:45:36 UTC 2018: Starting linking
Wed May 16 06:45:36 UTC 2018: No code found hudson.Functions-getRelativeLinkTo with hudson.FunctionsTest-testGetRelativeLinkTo_JobContainedInView
Wed May 16 06:45:37 UTC 2018: No code found hudson.Functions-getActionUrl with hudson.FunctionsTest-testGetActionUrl_absolutePath
Wed May 16 06:45:37 UTC 2018: No code found hudson.Functions-getActionUrl with hudson.FunctionsTest-testGetActionUrl_absoluteUriWithoutAuthority
Wed May 16 06:45:38 UTC 2018: No code found hudson.Functions-printLogRecordHtml with hudson.FunctionsTest-printLogRecordHtml
Wed May 16 06:45:38 UTC 2018: No code found hudson.Functions-getRelativeLinkTo with hudson.FunctionsTest-getRelativeLinkTo_MavenModules
Wed May 16 06:45:39 UTC 2018: No code found hudson.Functions-getActionUrl with hudson.FunctionsTest-testGetActionUrl_relativePath
Wed May 16 06:45:39 UTC 2018: No code found hudson.Functions-getActionUrl with hudson.FunctionsTest-testGetActionUrl_absoluteUriWithAuthority
Wed May 16 06:45:39 UTC 2018: No code found hudson.Functions-getRelativeLinkTo with hudson.FunctionsTest-testGetRelativeLinkTo_JobNotContainedInView
Wed May 16 06:45:40 UTC 2018: No code found hudson.Functions-getActionUrl with hudson.FunctionsTest-testGetActionUrl_unparsable
Wed May 16 06:45:40 UTC 2018: No code found hudson.Functions-getRelativeLinkTo with hudson.FunctionsTest-testGetRelativeLinkTo_JobContainedInViewWithinItemGroup
Wed May 16 06:45:41 UTC 2018: No link for: hudson.FunctionsTest-testGetRelativeDisplayNameInsideItemGroup
Wed May 16 06:45:41 UTC 2018: No link for: hudson.FunctionsTest-testGetRelativeDisplayName
Wed May 16 06:45:42 UTC 2018: No link for: hudson.FunctionsTest-testHumanReadableFileSize
Wed May 16 06:45:42 UTC 2018: No link for: hudson.FunctionsTest-testBreakableString
Wed May 16 06:45:42 UTC 2018: Linking done for MrPii2__atT_j1550 test class hudson.FunctionsTest
Wed May 16 06:45:43 UTC 2018: Found element on the queue
Wed May 16 06:45:43 UTC 2018: Updating status
Wed May 16 06:45:43 UTC 2018: Working
Wed May 16 06:45:46 UTC 2018: Start MrPii2__atT_j1550 test class hudson.model.LoadStatisticsTest
Wed May 16 06:45:46 UTC 2018: Setting lastTestMethodIndex: 65554
Wed May 16 06:45:46 UTC 2018: Starting linking
Wed May 16 06:45:46 UTC 2018: Linking done for MrPii2__atT_j1550 test class hudson.model.LoadStatisticsTest
Wed May 16 06:45:46 UTC 2018: Found element on the queue
Wed May 16 06:45:46 UTC 2018: Updating status
Wed May 16 06:45:46 UTC 2018: Working
Wed May 16 06:45:49 UTC 2018: Start MrPii2__atT_j1550 test class hudson.scheduler.CronTabTest
Wed May 16 06:45:49 UTC 2018: Setting lastTestMethodIndex: 65556
Wed May 16 06:45:49 UTC 2018: Starting linking
Wed May 16 06:45:49 UTC 2018: No code found hudson.scheduler.CronTab-ceil with hudson.scheduler.CronTabTest-testCeil3_DoW7
Wed May 16 06:45:49 UTC 2018: No code found hudson.scheduler.CronTab-floor with hudson.scheduler.CronTabTest-testFloor1
Wed May 16 06:45:50 UTC 2018: No code found hudson.scheduler.CronTab-floor with hudson.scheduler.CronTabTest-testFloor3
Wed May 16 06:45:50 UTC 2018: No code found hudson.scheduler.CronTab-floor with hudson.scheduler.CronTabTest-testFloor2
Wed May 16 06:45:51 UTC 2018: No code found hudson.scheduler.CronTab-floor with hudson.scheduler.CronTabTest-testFloor4
Wed May 16 06:45:51 UTC 2018: No code found hudson.scheduler.CronTab-checkSanity with hudson.scheduler.CronTabTest-checkSanity
Wed May 16 06:45:52 UTC 2018: No code found hudson.scheduler.CronTab-ceil with hudson.scheduler.CronTabTest-testCeil5
Wed May 16 06:45:54 UTC 2018: No code found hudson.scheduler.CronTab-ceil with hudson.scheduler.CronTabTest-testCeil3
Wed May 16 06:45:54 UTC 2018: No code found hudson.scheduler.CronTab-ceil with hudson.scheduler.CronTabTest-testCeil4
Wed May 16 06:45:54 UTC 2018: No code found hudson.scheduler.CronTab-ceil with hudson.scheduler.CronTabTest-testCeil1
Wed May 16 06:45:55 UTC 2018: No code found hudson.scheduler.CronTab-ceil with hudson.scheduler.CronTabTest-testCeil2
Wed May 16 06:45:56 UTC 2018: No link for: hudson.scheduler.CronTabTest-testHash2
Wed May 16 06:45:56 UTC 2018: None match not added in database because it already exists
Wed May 16 06:45:56 UTC 2018: No link for: hudson.scheduler.CronTabTest-hashedMinute
Wed May 16 06:45:57 UTC 2018: None match not added in database because it already exists
Wed May 16 06:45:57 UTC 2018: No link for: hudson.scheduler.CronTabTest-test1
Wed May 16 06:45:57 UTC 2018: None match not added in database because it already exists
Wed May 16 06:45:57 UTC 2018: No link for: hudson.scheduler.CronTabTest-repeatedHash
Wed May 16 06:45:57 UTC 2018: None match not added in database because it already exists
Wed May 16 06:45:57 UTC 2018: No link for: hudson.scheduler.CronTabTest-hashSkips
Wed May 16 06:45:58 UTC 2018: None match not added in database because it already exists
Wed May 16 06:45:58 UTC 2018: No link for: hudson.scheduler.CronTabTest-testHash1
Wed May 16 06:45:58 UTC 2018: None match not added in database because it already exists
Wed May 16 06:45:58 UTC 2018: Linking done for MrPii2__atT_j1550 test class hudson.scheduler.CronTabTest
Wed May 16 06:45:59 UTC 2018: Found element on the queue
Wed May 16 06:45:59 UTC 2018: Updating status
Wed May 16 06:45:59 UTC 2018: Working
Wed May 16 06:46:01 UTC 2018: Start MrPii2__atT_j1550 test class hudson.util.ArgumentListBuilderTest
Wed May 16 06:46:01 UTC 2018: Setting lastTestMethodIndex: 65562
Wed May 16 06:46:01 UTC 2018: Starting linking
Wed May 16 06:46:01 UTC 2018: No link for: hudson.util.ArgumentListBuilderTest-assertMaskOnClone
Wed May 16 06:46:02 UTC 2018: None match not added in database because it already exists
Wed May 16 06:46:02 UTC 2018: No link for: hudson.util.ArgumentListBuilderTest-assertKeyValuePairsWithMask
Wed May 16 06:46:02 UTC 2018: None match not added in database because it already exists
Wed May 16 06:46:02 UTC 2018: No link for: hudson.util.ArgumentListBuilderTest-testToWindowsCommand
Wed May 16 06:46:02 UTC 2018: None match not added in database because it already exists
Wed May 16 06:46:02 UTC 2018: No link for: hudson.util.ArgumentListBuilderTest-assertLastArgumentIsMasked
Wed May 16 06:46:03 UTC 2018: None match not added in database because it already exists
Wed May 16 06:46:03 UTC 2018: No link for: hudson.util.ArgumentListBuilderTest-assertEmptyMask
Wed May 16 06:46:03 UTC 2018: None match not added in database because it already exists
Wed May 16 06:46:03 UTC 2018: No link for: hudson.util.ArgumentListBuilderTest-assertPrependBeforeAddingMasked
Wed May 16 06:46:04 UTC 2018: None match not added in database because it already exists
Wed May 16 06:46:04 UTC 2018: No link for: hudson.util.ArgumentListBuilderTest-assertSeveralMaskedArguments
Wed May 16 06:46:04 UTC 2018: None match not added in database because it already exists
Wed May 16 06:46:04 UTC 2018: No link for: hudson.util.ArgumentListBuilderTest-assertPrependAfterAddingMasked
Wed May 16 06:46:04 UTC 2018: None match not added in database because it already exists
Wed May 16 06:46:04 UTC 2018: No link for: hudson.util.ArgumentListBuilderTest-addKeyValuePairsFromPropertyString
Wed May 16 06:46:05 UTC 2018: None match not added in database because it already exists
Wed May 16 06:46:05 UTC 2018: No link for: hudson.util.ArgumentListBuilderTest-assertKeyValuePairs
Wed May 16 06:46:05 UTC 2018: None match not added in database because it already exists
Wed May 16 06:46:05 UTC 2018: No link for: hudson.util.ArgumentListBuilderTest-numberOfBackslashesInPropertiesShouldBePreservedAfterMacroExpansion
Wed May 16 06:46:05 UTC 2018: None match not added in database because it already exists
Wed May 16 06:46:05 UTC 2018: Linking done for MrPii2__atT_j1550 test class hudson.util.ArgumentListBuilderTest
Wed May 16 06:46:06 UTC 2018: Found element on the queue
Wed May 16 06:46:06 UTC 2018: Updating status
Wed May 16 06:46:06 UTC 2018: Working
Wed May 16 06:46:09 UTC 2018: Start MrPii2__atT_j1550 test class hudson.scheduler.CronTabDayOfWeekLocaleTest
Wed May 16 06:46:09 UTC 2018: Setting lastTestMethodIndex: 65563
Wed May 16 06:46:09 UTC 2018: Starting linking
Wed May 16 06:46:09 UTC 2018: No link for: hudson.scheduler.CronTabDayOfWeekLocaleTest-isSundayAndNextRunIsMonday
Wed May 16 06:46:09 UTC 2018: None match not added in database because it already exists
Wed May 16 06:46:09 UTC 2018: No link for: hudson.scheduler.CronTabDayOfWeekLocaleTest-isSundayAndPreviousRunIsSaturday
Wed May 16 06:46:09 UTC 2018: None match not added in database because it already exists
Wed May 16 06:46:09 UTC 2018: No link for: hudson.scheduler.CronTabDayOfWeekLocaleTest-isSaturdayAndNextRunIsSundayAsterisk
Wed May 16 06:46:10 UTC 2018: None match not added in database because it already exists
Wed May 16 06:46:10 UTC 2018: No link for: hudson.scheduler.CronTabDayOfWeekLocaleTest-isSundayAndPreviousRunIsSaturdayAsterisk
Wed May 16 06:46:10 UTC 2018: None match not added in database because it already exists
Wed May 16 06:46:10 UTC 2018: No link for: hudson.scheduler.CronTabDayOfWeekLocaleTest-hudson8658
Wed May 16 06:46:11 UTC 2018: None match not added in database because it already exists
Wed May 16 06:46:11 UTC 2018: No link for: hudson.scheduler.CronTabDayOfWeekLocaleTest-isSundayAndNextRunIsThursday
Wed May 16 06:46:11 UTC 2018: None match not added in database because it already exists
Wed May 16 06:46:11 UTC 2018: No link for: hudson.scheduler.CronTabDayOfWeekLocaleTest-isSundayAndNextRunIsNextSunday
Wed May 16 06:46:12 UTC 2018: None match not added in database because it already exists
Wed May 16 06:46:12 UTC 2018: No link for: hudson.scheduler.CronTabDayOfWeekLocaleTest-isSundayAndNextRunIsWednesday
Wed May 16 06:46:12 UTC 2018: None match not added in database because it already exists
Wed May 16 06:46:12 UTC 2018: No link for: hudson.scheduler.CronTabDayOfWeekLocaleTest-isSundayAndPreviousRunIsFriday
Wed May 16 06:46:12 UTC 2018: None match not added in database because it already exists
Wed May 16 06:46:12 UTC 2018: No link for: hudson.scheduler.CronTabDayOfWeekLocaleTest-isSundayAndNextRunIsTuesday
Wed May 16 06:46:13 UTC 2018: None match not added in database because it already exists
Wed May 16 06:46:13 UTC 2018: No link for: hudson.scheduler.CronTabDayOfWeekLocaleTest-isSundayAndPreviousRunIsThursday
Wed May 16 06:46:13 UTC 2018: None match not added in database because it already exists
Wed May 16 06:46:13 UTC 2018: No link for: hudson.scheduler.CronTabDayOfWeekLocaleTest-isSundayAndNextRunIsFriday
Wed May 16 06:46:14 UTC 2018: None match not added in database because it already exists
Wed May 16 06:46:14 UTC 2018: No link for: hudson.scheduler.CronTabDayOfWeekLocaleTest-isSundayAndPreviousRunIsMonday
Wed May 16 06:46:14 UTC 2018: None match not added in database because it already exists
Wed May 16 06:46:14 UTC 2018: No link for: hudson.scheduler.CronTabDayOfWeekLocaleTest-isSundayAndPreviousRunIsPreviousSunday
Wed May 16 06:46:14 UTC 2018: None match not added in database because it already exists
Wed May 16 06:46:14 UTC 2018: No link for: hudson.scheduler.CronTabDayOfWeekLocaleTest-isSundayAndNextRunIsNextSunday7
Wed May 16 06:46:15 UTC 2018: None match not added in database because it already exists
Wed May 16 06:46:15 UTC 2018: No link for: hudson.scheduler.CronTabDayOfWeekLocaleTest-isSundayAndPreviousRunIsPreviousSunday7
Wed May 16 06:46:15 UTC 2018: None match not added in database because it already exists
Wed May 16 06:46:15 UTC 2018: No link for: hudson.scheduler.CronTabDayOfWeekLocaleTest-isSundayAndPreviousRunIsTuesday
Wed May 16 06:46:16 UTC 2018: None match not added in database because it already exists
Wed May 16 06:46:16 UTC 2018: No link for: hudson.scheduler.CronTabDayOfWeekLocaleTest-isSundayAndPreviousRunIsWednesday
Wed May 16 06:46:16 UTC 2018: None match not added in database because it already exists
Wed May 16 06:46:16 UTC 2018: No link for: hudson.scheduler.CronTabDayOfWeekLocaleTest-isSundayAndNextRunIsSaturday
Wed May 16 06:46:17 UTC 2018: None match not added in database because it already exists
Wed May 16 06:46:17 UTC 2018: Linking done for MrPii2__atT_j1550 test class hudson.scheduler.CronTabDayOfWeekLocaleTest
Wed May 16 06:46:17 UTC 2018: Found element on the queue
Wed May 16 06:46:17 UTC 2018: Updating status
Wed May 16 06:46:17 UTC 2018: Working
Wed May 16 06:46:20 UTC 2018: Start MrPii2__atT_j1550 test class hudson.util.SubClassGeneratorTest
Wed May 16 06:46:20 UTC 2018: Setting lastTestMethodIndex: 65569
Wed May 16 06:46:20 UTC 2018: Starting linking
Wed May 16 06:46:20 UTC 2018: Linking done for MrPii2__atT_j1550 test class hudson.util.SubClassGeneratorTest
Wed May 16 06:46:20 UTC 2018: Found element on the queue
Wed May 16 06:46:20 UTC 2018: Updating status
Wed May 16 06:46:20 UTC 2018: Working
Wed May 16 06:46:23 UTC 2018: Start MrPii2__atT_j1550 test class hudson.util.FormValidationTest
Wed May 16 06:46:23 UTC 2018: Setting lastTestMethodIndex: 65571
Wed May 16 06:46:23 UTC 2018: Starting linking
Wed May 16 06:46:23 UTC 2018: Linking done for MrPii2__atT_j1550 test class hudson.util.FormValidationTest
Wed May 16 06:46:24 UTC 2018: Found element on the queue
Wed May 16 06:46:24 UTC 2018: Updating status
Wed May 16 06:46:24 UTC 2018: Working
Wed May 16 06:46:27 UTC 2018: Start MrPii2__atT_j1550 test class hudson.util.CopyOnWriteListTest
Wed May 16 06:46:27 UTC 2018: Setting lastTestMethodIndex: 65573
Wed May 16 06:46:27 UTC 2018: Starting linking
Wed May 16 06:46:27 UTC 2018: Linking done for MrPii2__atT_j1550 test class hudson.util.CopyOnWriteListTest
Wed May 16 06:46:27 UTC 2018: Found element on the queue
Wed May 16 06:46:27 UTC 2018: Updating status
Wed May 16 06:46:27 UTC 2018: Working
Wed May 16 06:46:30 UTC 2018: Start MrPii2__atT_j1550 test class jenkins.model.lazy.AbstractLazyLoadRunMapTest
Wed May 16 06:46:30 UTC 2018: Setting lastTestMethodIndex: 65575
Wed May 16 06:46:30 UTC 2018: Starting linking
Wed May 16 06:46:30 UTC 2018: No link for: jenkins.model.lazy.AbstractLazyLoadRunMapTest-fastSubMap
Wed May 16 06:46:31 UTC 2018: None match not added in database because it already exists
Wed May 16 06:46:31 UTC 2018: No link for: jenkins.model.lazy.AbstractLazyLoadRunMapTest-search
Wed May 16 06:46:31 UTC 2018: None match not added in database because it already exists
Wed May 16 06:46:31 UTC 2018: No link for: jenkins.model.lazy.AbstractLazyLoadRunMapTest-eagerLoading
Wed May 16 06:46:31 UTC 2018: None match not added in database because it already exists
Wed May 16 06:46:31 UTC 2018: No link for: jenkins.model.lazy.AbstractLazyLoadRunMapTest-bogusCache2
Wed May 16 06:46:32 UTC 2018: None match not added in database because it already exists
Wed May 16 06:46:32 UTC 2018: No link for: jenkins.model.lazy.AbstractLazyLoadRunMapTest-fastLookup
Wed May 16 06:46:32 UTC 2018: None match not added in database because it already exists
Wed May 16 06:46:32 UTC 2018: No link for: jenkins.model.lazy.AbstractLazyLoadRunMapTest-bogusCache
Wed May 16 06:46:33 UTC 2018: None match not added in database because it already exists
Wed May 16 06:46:33 UTC 2018: No link for: jenkins.model.lazy.AbstractLazyLoadRunMapTest-searchExactWhenIndexedButSoftReferenceExpired
Wed May 16 06:46:33 UTC 2018: No link for: jenkins.model.lazy.AbstractLazyLoadRunMapTest-outOfOrder
Wed May 16 06:46:33 UTC 2018: No link for: jenkins.model.lazy.AbstractLazyLoadRunMapTest-lastKey
Wed May 16 06:46:34 UTC 2018: None match not added in database because it already exists
Wed May 16 06:46:34 UTC 2018: No link for: jenkins.model.lazy.AbstractLazyLoadRunMapTest-lookupWithBogusKeyType
Wed May 16 06:46:34 UTC 2018: None match not added in database because it already exists
Wed May 16 06:46:34 UTC 2018: No link for: jenkins.model.lazy.AbstractLazyLoadRunMapTest-lookup
Wed May 16 06:46:35 UTC 2018: None match not added in database because it already exists
Wed May 16 06:46:35 UTC 2018: No link for: jenkins.model.lazy.AbstractLazyLoadRunMapTest-fastSearch
Wed May 16 06:46:35 UTC 2018: None match not added in database because it already exists
Wed May 16 06:46:35 UTC 2018: No link for: jenkins.model.lazy.AbstractLazyLoadRunMapTest-indexOutOfBounds
Wed May 16 06:46:36 UTC 2018: None match not added in database because it already exists
Wed May 16 06:46:36 UTC 2018: No link for: jenkins.model.lazy.AbstractLazyLoadRunMapTest-all
Wed May 16 06:46:36 UTC 2018: No link for: jenkins.model.lazy.AbstractLazyLoadRunMapTest-lookup2
Wed May 16 06:46:36 UTC 2018: None match not added in database because it already exists
Wed May 16 06:46:36 UTC 2018: No link for: jenkins.model.lazy.AbstractLazyLoadRunMapTest-incompleteCache
Wed May 16 06:46:37 UTC 2018: None match not added in database because it already exists
Wed May 16 06:46:37 UTC 2018: No link for: jenkins.model.lazy.AbstractLazyLoadRunMapTest-identity
Wed May 16 06:46:37 UTC 2018: None match not added in database because it already exists
Wed May 16 06:46:37 UTC 2018: No link for: jenkins.model.lazy.AbstractLazyLoadRunMapTest-idempotentLookup
Wed May 16 06:46:38 UTC 2018: None match not added in database because it already exists
Wed May 16 06:46:38 UTC 2018: No link for: jenkins.model.lazy.AbstractLazyLoadRunMapTest-bogusCacheAndHiddenRealData
Wed May 16 06:46:38 UTC 2018: None match not added in database because it already exists
Wed May 16 06:46:38 UTC 2018: No link for: jenkins.model.lazy.AbstractLazyLoadRunMapTest-unloadableData
Wed May 16 06:46:39 UTC 2018: None match not added in database because it already exists
Wed May 16 06:46:39 UTC 2018: No link for: jenkins.model.lazy.AbstractLazyLoadRunMapTest-firstKey
Wed May 16 06:46:39 UTC 2018: None match not added in database because it already exists
Wed May 16 06:46:39 UTC 2018: Linking done for MrPii2__atT_j1550 test class jenkins.model.lazy.AbstractLazyLoadRunMapTest
Wed May 16 06:46:40 UTC 2018: Found element on the queue
Wed May 16 06:46:40 UTC 2018: Updating status
Wed May 16 06:46:40 UTC 2018: Working
Wed May 16 06:46:42 UTC 2018: Start MrPii2__atT_j1550 test class jenkins.model.lazy.SortedIntListTest
Wed May 16 06:46:42 UTC 2018: Setting lastTestMethodIndex: 65582
Wed May 16 06:46:42 UTC 2018: Starting linking
Wed May 16 06:46:42 UTC 2018: Code found jenkins.model.lazy.SortedIntList-lower with jenkins.model.lazy.SortedIntListTest-testLower
Wed May 16 06:46:43 UTC 2018: Match not added in database because it already exists
Wed May 16 06:46:43 UTC 2018: Linking done for MrPii2__atT_j1550 test class jenkins.model.lazy.SortedIntListTest
Wed May 16 06:46:43 UTC 2018: Found element on the queue
Wed May 16 06:46:43 UTC 2018: Updating status
Wed May 16 06:46:43 UTC 2018: Working
Wed May 16 06:46:46 UTC 2018: Start MrPii2__atT_j1550 test class hudson.model.BallColorTest
Wed May 16 06:46:46 UTC 2018: Setting lastTestMethodIndex: 65585
Wed May 16 06:46:46 UTC 2018: Starting linking
Wed May 16 06:46:46 UTC 2018: Linking done for MrPii2__atT_j1550 test class hudson.model.BallColorTest
Wed May 16 06:46:47 UTC 2018: Found element on the queue
Wed May 16 06:46:47 UTC 2018: Updating status
Wed May 16 06:46:47 UTC 2018: Working
Wed May 16 06:46:49 UTC 2018: Start MrPii2__atT_j1550 test class hudson.model.ActionableTest
Wed May 16 06:46:49 UTC 2018: Setting lastTestMethodIndex: 65587
Wed May 16 06:46:49 UTC 2018: Starting linking
Wed May 16 06:46:49 UTC 2018: Code found hudson.model.Actionable-replaceAction with hudson.model.ActionableTest-replaceAction
Wed May 16 06:46:50 UTC 2018: Match not added in database because it already exists
Wed May 16 06:46:50 UTC 2018: Linking done for MrPii2__atT_j1550 test class hudson.model.ActionableTest
Wed May 16 06:46:50 UTC 2018: Found element on the queue
Wed May 16 06:46:50 UTC 2018: Updating status
Wed May 16 06:46:50 UTC 2018: Working
Wed May 16 06:46:53 UTC 2018: Start MrPii2__atT_j1550 test class jenkins.model.lazy.SortedListTest
Wed May 16 06:46:53 UTC 2018: Setting lastTestMethodIndex: 65590
Wed May 16 06:46:53 UTC 2018: Starting linking
Wed May 16 06:46:53 UTC 2018: No link for: jenkins.model.lazy.SortedListTest-testFloor
Wed May 16 06:46:53 UTC 2018: None match not added in database because it already exists
Wed May 16 06:46:53 UTC 2018: No link for: jenkins.model.lazy.SortedListTest-remove
Wed May 16 06:46:54 UTC 2018: None match not added in database because it already exists
Wed May 16 06:46:54 UTC 2018: No link for: jenkins.model.lazy.SortedListTest-testCeil
Wed May 16 06:46:55 UTC 2018: None match not added in database because it already exists
Wed May 16 06:46:55 UTC 2018: No link for: jenkins.model.lazy.SortedListTest-testRange
Wed May 16 06:46:56 UTC 2018: None match not added in database because it already exists
Wed May 16 06:46:56 UTC 2018: No link for: jenkins.model.lazy.SortedListTest-testClone
Wed May 16 06:46:56 UTC 2018: None match not added in database because it already exists
Wed May 16 06:46:56 UTC 2018: No link for: jenkins.model.lazy.SortedListTest-testHigher
Wed May 16 06:46:57 UTC 2018: None match not added in database because it already exists
Wed May 16 06:46:57 UTC 2018: No link for: jenkins.model.lazy.SortedListTest-testLower
Wed May 16 06:46:57 UTC 2018: None match not added in database because it already exists
Wed May 16 06:46:57 UTC 2018: Linking done for MrPii2__atT_j1550 test class jenkins.model.lazy.SortedListTest
Wed May 16 06:46:58 UTC 2018: Found element on the queue
Wed May 16 06:46:58 UTC 2018: Updating status
Wed May 16 06:46:58 UTC 2018: Working
Wed May 16 06:47:00 UTC 2018: Start MrPii2__atT_j1550 test class hudson.util.QuotedStringTokenizerTest
Wed May 16 06:47:00 UTC 2018: Setting lastTestMethodIndex: 65595
Wed May 16 06:47:00 UTC 2018: Starting linking
Wed May 16 06:47:00 UTC 2018: Linking done for MrPii2__atT_j1550 test class hudson.util.QuotedStringTokenizerTest
Wed May 16 06:47:01 UTC 2018: Found element on the queue
Wed May 16 06:47:01 UTC 2018: Updating status
Wed May 16 06:47:01 UTC 2018: Working
Wed May 16 06:47:04 UTC 2018: Start MrPii2__atT_j1550 test class hudson.model.DisplayNameListenerTest
Wed May 16 06:47:04 UTC 2018: Setting lastTestMethodIndex: 65597
Wed May 16 06:47:04 UTC 2018: Starting linking
Wed May 16 06:47:04 UTC 2018: Code found hudson.model.DisplayNameListener-onRenamed with hudson.model.DisplayNameListenerTest-testOnRenamedOldNameNotEqualDisplayName
Wed May 16 06:47:04 UTC 2018: Match not added in database because it already exists
Wed May 16 06:47:04 UTC 2018: Code found hudson.model.DisplayNameListener-onCopied with hudson.model.DisplayNameListenerTest-testOnCopied
Wed May 16 06:47:05 UTC 2018: Match not added in database because it already exists
Wed May 16 06:47:05 UTC 2018: Code found hudson.model.DisplayNameListener-onRenamed with hudson.model.DisplayNameListenerTest-testOnRenamedOldNameEqualsDisplayName
Wed May 16 06:47:05 UTC 2018: Match not added in database because it already exists
Wed May 16 06:47:05 UTC 2018: Linking done for MrPii2__atT_j1550 test class hudson.model.DisplayNameListenerTest
Wed May 16 06:47:05 UTC 2018: Found element on the queue
Wed May 16 06:47:05 UTC 2018: Updating status
Wed May 16 06:47:05 UTC 2018: Working
Wed May 16 06:47:08 UTC 2018: Start MrPii2__atT_j1550 test class hudson.util.io.ZipArchiverTest
Wed May 16 06:47:08 UTC 2018: Setting lastTestMethodIndex: 65602
Wed May 16 06:47:08 UTC 2018: Starting linking
Wed May 16 06:47:08 UTC 2018: Linking done for MrPii2__atT_j1550 test class hudson.util.io.ZipArchiverTest
Wed May 16 06:47:08 UTC 2018: Found element on the queue
Wed May 16 06:47:08 UTC 2018: Updating status
Wed May 16 06:47:08 UTC 2018: Working
Wed May 16 06:47:11 UTC 2018: Start MrPii2__atT_j1550 test class hudson.model.AbstractItemTest
Wed May 16 06:47:11 UTC 2018: Setting lastTestMethodIndex: 65604
Wed May 16 06:47:11 UTC 2018: Starting linking
Wed May 16 06:47:11 UTC 2018: Linking done for MrPii2__atT_j1550 test class hudson.model.AbstractItemTest
Wed May 16 06:47:12 UTC 2018: Found element on the queue
Wed May 16 06:47:12 UTC 2018: Updating status
Wed May 16 06:47:12 UTC 2018: Working
Wed May 16 06:47:14 UTC 2018: Start MrPii2__atT_j1550 test class hudson.util.io.ReopenableRotatingFileOutputStreamTest
Wed May 16 06:47:14 UTC 2018: Setting lastTestMethodIndex: 65606
Wed May 16 06:47:14 UTC 2018: Starting linking
Wed May 16 06:47:14 UTC 2018: Linking done for MrPii2__atT_j1550 test class hudson.util.io.ReopenableRotatingFileOutputStreamTest
Wed May 16 06:47:15 UTC 2018: Found element on the queue
Wed May 16 06:47:15 UTC 2018: Updating status
Wed May 16 06:47:15 UTC 2018: Working
Wed May 16 06:47:18 UTC 2018: Start MrPii2__atT_j1550 test class jenkins.model.PeepholePermalinkTest
Wed May 16 06:47:18 UTC 2018: Setting lastTestMethodIndex: 65608
Wed May 16 06:47:18 UTC 2018: Starting linking
Wed May 16 06:47:18 UTC 2018: No link for: jenkins.model.PeepholePermalinkTest-symlinks
Wed May 16 06:47:18 UTC 2018: None match not added in database because it already exists
Wed May 16 06:47:18 UTC 2018: Linking done for MrPii2__atT_j1550 test class jenkins.model.PeepholePermalinkTest
Wed May 16 06:47:18 UTC 2018: Found element on the queue
Wed May 16 06:47:18 UTC 2018: Updating status
Wed May 16 06:47:18 UTC 2018: Working
Wed May 16 06:47:21 UTC 2018: Start MrPii2__atT_j1550 test class hudson.model.ResourceListTest
Wed May 16 06:47:21 UTC 2018: Setting lastTestMethodIndex: 65609
Wed May 16 06:47:21 UTC 2018: Starting linking
Wed May 16 06:47:21 UTC 2018: Linking done for MrPii2__atT_j1550 test class hudson.model.ResourceListTest
Wed May 16 06:47:21 UTC 2018: Found element on the queue
Wed May 16 06:47:21 UTC 2018: Updating status
Wed May 16 06:47:21 UTC 2018: Working
Wed May 16 06:47:24 UTC 2018: Start MrPii2__atT_j1550 test class jenkins.RemotingJarSignatureTest
Wed May 16 06:47:24 UTC 2018: Setting lastTestMethodIndex: 65611
Wed May 16 06:47:24 UTC 2018: Starting linking
Wed May 16 06:47:24 UTC 2018: No link for: jenkins.RemotingJarSignatureTest-testSignature
Wed May 16 06:47:25 UTC 2018: Linking done for MrPii2__atT_j1550 test class jenkins.RemotingJarSignatureTest
Wed May 16 06:47:25 UTC 2018: Found element on the queue
Wed May 16 06:47:25 UTC 2018: Updating status
Wed May 16 06:47:26 UTC 2018: Working
Wed May 16 06:47:29 UTC 2018: Start MrPii2__atT_j1550 test class hudson.util.XStream2EncodingTest
Wed May 16 06:47:29 UTC 2018: Setting lastTestMethodIndex: 65613
Wed May 16 06:47:29 UTC 2018: Starting linking
Wed May 16 06:47:29 UTC 2018: Code found hudson.util.XStream2-toXMLUTF8 with hudson.util.XStream2EncodingTest-toXMLUTF8
Wed May 16 06:47:30 UTC 2018: Match not added in database because it already exists
Wed May 16 06:47:30 UTC 2018: Code found hudson.util.XStream2-toXML with hudson.util.XStream2EncodingTest-toXMLUnspecifiedEncoding
Wed May 16 06:47:31 UTC 2018: Match not added in database because it already exists
Wed May 16 06:47:31 UTC 2018: Linking done for MrPii2__atT_j1550 test class hudson.util.XStream2EncodingTest
Wed May 16 06:47:31 UTC 2018: Found element on the queue
Wed May 16 06:47:31 UTC 2018: Updating status
Wed May 16 06:47:31 UTC 2018: Working
Wed May 16 06:47:35 UTC 2018: Start MrPii2__atT_j1550 test class hudson.model.TimeSeriesTest
Wed May 16 06:47:35 UTC 2018: Setting lastTestMethodIndex: 65616
Wed May 16 06:47:35 UTC 2018: Starting linking
Wed May 16 06:47:35 UTC 2018: Linking done for MrPii2__atT_j1550 test class hudson.model.TimeSeriesTest
Wed May 16 06:47:35 UTC 2018: Found element on the queue
Wed May 16 06:47:35 UTC 2018: Updating status
Wed May 16 06:47:35 UTC 2018: Working
Wed May 16 06:47:38 UTC 2018: Start MrPii2__atT_j1550 test class jenkins.util.MarkFindingOutputStreamTest
Wed May 16 06:47:38 UTC 2018: Setting lastTestMethodIndex: 65618
Wed May 16 06:47:38 UTC 2018: Starting linking
Wed May 16 06:47:38 UTC 2018: Linking done for MrPii2__atT_j1550 test class jenkins.util.MarkFindingOutputStreamTest
Wed May 16 06:47:39 UTC 2018: Found element on the queue
Wed May 16 06:47:39 UTC 2018: Updating status
Wed May 16 06:47:39 UTC 2018: Working
Wed May 16 06:47:41 UTC 2018: Start MrPii2__atT_j1550 test class hudson.util.io.TarArchiverTest
Wed May 16 06:47:41 UTC 2018: Setting lastTestMethodIndex: 65619
Wed May 16 06:47:41 UTC 2018: Starting linking
Wed May 16 06:47:42 UTC 2018: No link for: hudson.util.io.TarArchiverTest-brokenSymlinks
Wed May 16 06:47:42 UTC 2018: None match not added in database because it already exists
Wed May 16 06:47:42 UTC 2018: No link for: hudson.util.io.TarArchiverTest-permission
Wed May 16 06:47:42 UTC 2018: None match not added in database because it already exists
Wed May 16 06:47:42 UTC 2018: Linking done for MrPii2__atT_j1550 test class hudson.util.io.TarArchiverTest
Wed May 16 06:47:43 UTC 2018: Found element on the queue
Wed May 16 06:47:43 UTC 2018: Updating status
Wed May 16 06:47:43 UTC 2018: Working
Wed May 16 06:47:46 UTC 2018: Start MrPii2__atT_j1550 test class jenkins.util.TimerTest
Wed May 16 06:47:46 UTC 2018: Setting lastTestMethodIndex: 65620
Wed May 16 06:47:46 UTC 2018: Starting linking
Wed May 16 06:47:46 UTC 2018: No link for: jenkins.util.TimerTest-timersArentBlocked
Wed May 16 06:47:46 UTC 2018: Linking done for MrPii2__atT_j1550 test class jenkins.util.TimerTest
Wed May 16 06:47:47 UTC 2018: Found element on the queue
Wed May 16 06:47:47 UTC 2018: Updating status
Wed May 16 06:47:47 UTC 2018: Working
Wed May 16 06:47:50 UTC 2018: Start MrPii2__atT_j1550 test class hudson.model.AutoCompleteSeederTest
Wed May 16 06:47:50 UTC 2018: Setting lastTestMethodIndex: 65621
Wed May 16 06:47:50 UTC 2018: Starting linking
Wed May 16 06:47:50 UTC 2018: Linking done for MrPii2__atT_j1550 test class hudson.model.AutoCompleteSeederTest
Wed May 16 06:47:50 UTC 2018: Found element on the queue
Wed May 16 06:47:50 UTC 2018: Updating status
Wed May 16 06:47:50 UTC 2018: Working
Wed May 16 06:47:53 UTC 2018: Start MrPii2__atT_j1550 test class hudson.util.IteratorsTest
Wed May 16 06:47:53 UTC 2018: Setting lastTestMethodIndex: 65622
Wed May 16 06:47:53 UTC 2018: Starting linking
Wed May 16 06:47:53 UTC 2018: Linking done for MrPii2__atT_j1550 test class hudson.util.IteratorsTest
Wed May 16 06:47:53 UTC 2018: Found element on the queue
Wed May 16 06:47:53 UTC 2018: Updating status
Wed May 16 06:47:53 UTC 2018: Working
Wed May 16 06:47:56 UTC 2018: Start MrPii2__atT_j1550 test class jenkins.util.xstream.XStreamDOMTest
Wed May 16 06:47:57 UTC 2018: Setting lastTestMethodIndex: 65623
Wed May 16 06:47:57 UTC 2018: Starting linking
Wed May 16 06:47:57 UTC 2018: Linking done for MrPii2__atT_j1550 test class jenkins.util.xstream.XStreamDOMTest
Wed May 16 06:47:58 UTC 2018: Found element on the queue
Wed May 16 06:47:58 UTC 2018: Updating status
Wed May 16 06:47:58 UTC 2018: Working
Wed May 16 06:48:00 UTC 2018: Start MrPii2__atT_j1550 test class hudson.model.ParametersActionTest
Wed May 16 06:48:00 UTC 2018: Setting lastTestMethodIndex: 65624
Wed May 16 06:48:00 UTC 2018: Starting linking
Wed May 16 06:48:00 UTC 2018: Code found hudson.model.ParametersAction-merge with hudson.model.ParametersActionTest-mergeShouldHandleNullOverrides
Wed May 16 06:48:01 UTC 2018: Match not added in database because it already exists
Wed May 16 06:48:01 UTC 2018: Code found hudson.model.ParametersAction-merge with hudson.model.ParametersActionTest-mergeShouldHandleEmptyOverrides
Wed May 16 06:48:01 UTC 2018: Match not added in database because it already exists
Wed May 16 06:48:01 UTC 2018: Code found hudson.model.ParametersAction-createUpdated with hudson.model.ParametersActionTest-createUpdatedShouldReturnNewInstanceWithNullOverride
Wed May 16 06:48:01 UTC 2018: Match not added in database because it already exists
Wed May 16 06:48:01 UTC 2018: Code found hudson.model.ParametersAction-merge with hudson.model.ParametersActionTest-mergeShouldReturnNewInstanceWithOverride
Wed May 16 06:48:02 UTC 2018: Match not added in database because it already exists
Wed May 16 06:48:02 UTC 2018: Code found hudson.model.ParametersAction-merge with hudson.model.ParametersActionTest-mergeShouldOverrideParameters
Wed May 16 06:48:02 UTC 2018: Match not added in database because it already exists
Wed May 16 06:48:02 UTC 2018: Code found hudson.model.ParametersAction-merge with hudson.model.ParametersActionTest-mergeShouldCombineDisparateParameters
Wed May 16 06:48:02 UTC 2018: Match not added in database because it already exists
Wed May 16 06:48:02 UTC 2018: Linking done for MrPii2__atT_j1550 test class hudson.model.ParametersActionTest
Wed May 16 06:48:03 UTC 2018: Found element on the queue
Wed May 16 06:48:03 UTC 2018: Updating status
Wed May 16 06:48:03 UTC 2018: Working
Wed May 16 06:48:05 UTC 2018: Start MrPii2__atT_j1550 test class hudson.model.BuildStatusSummaryTest
Wed May 16 06:48:05 UTC 2018: Setting lastTestMethodIndex: 65626
Wed May 16 06:48:05 UTC 2018: Starting linking
Wed May 16 06:48:05 UTC 2018: No link for: hudson.model.BuildStatusSummaryTest-testBuildGotNoTests
Wed May 16 06:48:06 UTC 2018: None match not added in database because it already exists
Wed May 16 06:48:06 UTC 2018: No link for: hudson.model.BuildStatusSummaryTest-testSuccess
Wed May 16 06:48:06 UTC 2018: None match not added in database because it already exists
Wed May 16 06:48:06 UTC 2018: No link for: hudson.model.BuildStatusSummaryTest-testFixed
Wed May 16 06:48:07 UTC 2018: None match not added in database because it already exists
Wed May 16 06:48:07 UTC 2018: No link for: hudson.model.BuildStatusSummaryTest-testBecameFailure
Wed May 16 06:48:07 UTC 2018: None match not added in database because it already exists
Wed May 16 06:48:07 UTC 2018: No link for: hudson.model.BuildStatusSummaryTest-testUnstableAfterFailure
Wed May 16 06:48:07 UTC 2018: None match not added in database because it already exists
Wed May 16 06:48:07 UTC 2018: No link for: hudson.model.BuildStatusSummaryTest-testBuildGotMoreFailingTests
Wed May 16 06:48:08 UTC 2018: None match not added in database because it already exists
Wed May 16 06:48:08 UTC 2018: No link for: hudson.model.BuildStatusSummaryTest-testBuildGotLessFailingTests
Wed May 16 06:48:08 UTC 2018: None match not added in database because it already exists
Wed May 16 06:48:08 UTC 2018: No link for: hudson.model.BuildStatusSummaryTest-testNotBuilt
Wed May 16 06:48:08 UTC 2018: None match not added in database because it already exists
Wed May 16 06:48:08 UTC 2018: No link for: hudson.model.BuildStatusSummaryTest-testNonTestRelatedBecameUnstable
Wed May 16 06:48:09 UTC 2018: None match not added in database because it already exists
Wed May 16 06:48:09 UTC 2018: No link for: hudson.model.BuildStatusSummaryTest-testFailure
Wed May 16 06:48:09 UTC 2018: None match not added in database because it already exists
Wed May 16 06:48:09 UTC 2018: No link for: hudson.model.BuildStatusSummaryTest-testBecameUnstable
Wed May 16 06:48:10 UTC 2018: None match not added in database because it already exists
Wed May 16 06:48:10 UTC 2018: No link for: hudson.model.BuildStatusSummaryTest-testNonTestRelatedUnstable
Wed May 16 06:48:10 UTC 2018: None match not added in database because it already exists
Wed May 16 06:48:10 UTC 2018: No link for: hudson.model.BuildStatusSummaryTest-testFailureSince
Wed May 16 06:48:10 UTC 2018: None match not added in database because it already exists
Wed May 16 06:48:10 UTC 2018: No link for: hudson.model.BuildStatusSummaryTest-testBuildEqualAmountOfTestsFailing
Wed May 16 06:48:11 UTC 2018: None match not added in database because it already exists
Wed May 16 06:48:11 UTC 2018: No link for: hudson.model.BuildStatusSummaryTest-testBuildGotAFailingTest
Wed May 16 06:48:11 UTC 2018: None match not added in database because it already exists
Wed May 16 06:48:11 UTC 2018: No link for: hudson.model.BuildStatusSummaryTest-testAborted
Wed May 16 06:48:12 UTC 2018: None match not added in database because it already exists
Wed May 16 06:48:12 UTC 2018: No link for: hudson.model.BuildStatusSummaryTest-testStatusUnknownIfRunIsStillBuilding
Wed May 16 06:48:12 UTC 2018: None match not added in database because it already exists
Wed May 16 06:48:12 UTC 2018: Linking done for MrPii2__atT_j1550 test class hudson.model.BuildStatusSummaryTest
Wed May 16 06:48:13 UTC 2018: Found element on the queue
Wed May 16 06:48:13 UTC 2018: Updating status
Wed May 16 06:48:13 UTC 2018: Working
Wed May 16 06:48:16 UTC 2018: Start MrPii2__atT_j1550 test class hudson.model.UpdateCenterTest
Wed May 16 06:48:16 UTC 2018: Setting lastTestMethodIndex: 65630
Wed May 16 06:48:16 UTC 2018: Starting linking
Wed May 16 06:48:16 UTC 2018: No link for: hudson.model.UpdateCenterTest-data
Wed May 16 06:48:16 UTC 2018: None match not added in database because it already exists
Wed May 16 06:48:16 UTC 2018: Linking done for MrPii2__atT_j1550 test class hudson.model.UpdateCenterTest
Wed May 16 06:48:17 UTC 2018: Found element on the queue
Wed May 16 06:48:17 UTC 2018: Updating status
Wed May 16 06:48:17 UTC 2018: Working
Wed May 16 06:48:20 UTC 2018: Start MrPii2__atT_j1550 test class jenkins.util.TreeStringBuilderTest
Wed May 16 06:48:20 UTC 2018: Setting lastTestMethodIndex: 65633
Wed May 16 06:48:20 UTC 2018: Starting linking
Wed May 16 06:48:20 UTC 2018: No link for: jenkins.util.TreeStringBuilderTest-testRandom
Wed May 16 06:48:20 UTC 2018: None match not added in database because it already exists
Wed May 16 06:48:20 UTC 2018: No link for: jenkins.util.TreeStringBuilderTest-test
Wed May 16 06:48:20 UTC 2018: None match not added in database because it already exists
Wed May 16 06:48:20 UTC 2018: Linking done for MrPii2__atT_j1550 test class jenkins.util.TreeStringBuilderTest
Wed May 16 06:48:21 UTC 2018: Found element on the queue
Wed May 16 06:48:21 UTC 2018: Updating status
Wed May 16 06:48:21 UTC 2018: Working
Wed May 16 06:48:24 UTC 2018: Start MrPii2__atT_j1550 test class hudson.util.DirScannerTest
Wed May 16 06:48:24 UTC 2018: Setting lastTestMethodIndex: 65635
Wed May 16 06:48:24 UTC 2018: Starting linking
Wed May 16 06:48:24 UTC 2018: Linking done for MrPii2__atT_j1550 test class hudson.util.DirScannerTest
Wed May 16 06:48:24 UTC 2018: Found element on the queue
Wed May 16 06:48:24 UTC 2018: Updating status
Wed May 16 06:48:24 UTC 2018: Working
Wed May 16 06:48:27 UTC 2018: Start MrPii2__atT_j1550 test class hudson.model.TaskActionTest
Wed May 16 06:48:27 UTC 2018: Setting lastTestMethodIndex: 65637
Wed May 16 06:48:27 UTC 2018: Starting linking
Wed May 16 06:48:27 UTC 2018: Linking done for MrPii2__atT_j1550 test class hudson.model.TaskActionTest
Wed May 16 06:48:28 UTC 2018: Found element on the queue
Wed May 16 06:48:28 UTC 2018: Updating status
Wed May 16 06:48:28 UTC 2018: Working
Wed May 16 06:48:31 UTC 2018: Start MrPii2__atT_j1550 test class hudson.UtilTest
Wed May 16 06:48:31 UTC 2018: Setting lastTestMethodIndex: 65638
Wed May 16 06:48:31 UTC 2018: Starting linking
Wed May 16 06:48:31 UTC 2018: Code found hudson.Util-rawEncode with hudson.UtilTest-testRawEncode
Wed May 16 06:48:31 UTC 2018: Match not added in database because it already exists
Wed May 16 06:48:31 UTC 2018: Code found hudson.Util-escape with hudson.UtilTest-testHtmlEscape
Wed May 16 06:48:32 UTC 2018: Match not added in database because it already exists
Wed May 16 06:48:32 UTC 2018: Code found hudson.Util-tryParseNumber with hudson.UtilTest-testTryParseNumber
Wed May 16 06:48:32 UTC 2018: Match not added in database because it already exists
Wed May 16 06:48:32 UTC 2018: Code found hudson.Util-loadProperties with hudson.UtilTest-loadProperties
Wed May 16 06:48:32 UTC 2018: Code found hudson.Util-deleteFile with hudson.UtilTest-deleteFile
Wed May 16 06:48:33 UTC 2018: Code found hudson.Util-encode with hudson.UtilTest-testEncodeSpaces
Wed May 16 06:48:33 UTC 2018: Match not added in database because it already exists
Wed May 16 06:48:33 UTC 2018: Code found hudson.Util-isSymlink with hudson.UtilTest-testIsSymlink
Wed May 16 06:48:34 UTC 2018: Match not added in database because it already exists
Wed May 16 06:48:34 UTC 2018: Code found hudson.Util-isAbsoluteUri with hudson.UtilTest-testIsAbsoluteUri
Wed May 16 06:48:34 UTC 2018: Code found hudson.Util-replaceMacro with hudson.UtilTest-testReplaceMacro
Wed May 16 06:48:35 UTC 2018: No link for: hudson.UtilTest-testDigestThreadSafety
Wed May 16 06:48:35 UTC 2018: None match not added in database because it already exists
Wed May 16 06:48:35 UTC 2018: No link for: hudson.UtilTest-testTimeSpanString
Wed May 16 06:48:35 UTC 2018: None match not added in database because it already exists
Wed May 16 06:48:35 UTC 2018: No link for: hudson.UtilTest-testSymlink
Wed May 16 06:48:36 UTC 2018: None match not added in database because it already exists
Wed May 16 06:48:36 UTC 2018: Linking done for MrPii2__atT_j1550 test class hudson.UtilTest
Wed May 16 06:48:36 UTC 2018: Found element on the queue
Wed May 16 06:48:36 UTC 2018: Updating status
Wed May 16 06:48:36 UTC 2018: Working
Wed May 16 06:48:39 UTC 2018: Start MrPii2__atT_j1550 test class hudson.markup.MyspacePolicyTest
Wed May 16 06:48:39 UTC 2018: Setting lastTestMethodIndex: 65643
Wed May 16 06:48:39 UTC 2018: Starting linking
Wed May 16 06:48:39 UTC 2018: No link for: hudson.markup.MyspacePolicyTest-testPolicy
Wed May 16 06:48:40 UTC 2018: None match not added in database because it already exists
Wed May 16 06:48:40 UTC 2018: Linking done for MrPii2__atT_j1550 test class hudson.markup.MyspacePolicyTest
Wed May 16 06:48:40 UTC 2018: Found element on the queue
Wed May 16 06:48:40 UTC 2018: Updating status
Wed May 16 06:48:40 UTC 2018: Working
Wed May 16 06:48:43 UTC 2018: Start MrPii2__atT_j1550 test class hudson.FilePathTest
Wed May 16 06:48:43 UTC 2018: Setting lastTestMethodIndex: 65645
Wed May 16 06:48:43 UTC 2018: Starting linking
Wed May 16 06:48:43 UTC 2018: Linking done for MrPii2__atT_j1550 test class hudson.FilePathTest
Wed May 16 06:48:43 UTC 2018: Found element on the queue
Wed May 16 06:48:43 UTC 2018: Updating status
Wed May 16 06:48:43 UTC 2018: Working
Wed May 16 06:48:46 UTC 2018: Start MrPii2__atT_j1550 test class hudson.logging.LogRecorderTest
Wed May 16 06:48:46 UTC 2018: Setting lastTestMethodIndex: 65648
Wed May 16 06:48:46 UTC 2018: Starting linking
Wed May 16 06:48:46 UTC 2018: No link for: hudson.logging.LogRecorderTest-targetIncludes
Wed May 16 06:48:47 UTC 2018: None match not added in database because it already exists
Wed May 16 06:48:47 UTC 2018: No link for: hudson.logging.LogRecorderTest-targetMatches
Wed May 16 06:48:47 UTC 2018: None match not added in database because it already exists
Wed May 16 06:48:47 UTC 2018: No link for: hudson.logging.LogRecorderTest-testSpecificExclusion
Wed May 16 06:48:47 UTC 2018: None match not added in database because it already exists
Wed May 16 06:48:47 UTC 2018: Linking done for MrPii2__atT_j1550 test class hudson.logging.LogRecorderTest
Wed May 16 06:48:48 UTC 2018: Found element on the queue
Wed May 16 06:48:48 UTC 2018: Updating status
Wed May 16 06:48:48 UTC 2018: Working
Wed May 16 06:48:51 UTC 2018: Start MrPii2__atT_j1550 test class hudson.util.PackedMapTest
Wed May 16 06:48:51 UTC 2018: Setting lastTestMethodIndex: 65651
Wed May 16 06:48:51 UTC 2018: Starting linking
Wed May 16 06:48:51 UTC 2018: Linking done for MrPii2__atT_j1550 test class hudson.util.PackedMapTest
