Wed May 16 06:12:16 UTC 2018 WARN: Establishing SSL connection without server's identity verification is not recommended. According to MySQL 5.5.45+, 5.6.26+ and 5.7.6+ requirements SSL connection must be established by default if explicit option isn't set. For compliance with existing applications not using SSL the verifyServerCertificate property is set to 'false'. You need either to explicitly disable SSL by setting useSSL=false, or set useSSL=true and provide truststore for server certificate verification.
Exception in thread "main" java.lang.IllegalStateException: Could not create a entrypoint callsites: 1. [Moderate] class com.ibm.wala.ipa.cha.ClassHierarchy$ClassExclusion : <Application,Lorg/codehaus/mojo/flatten/AbstractFlattenMojo> No superclass found for <Application,Lorg/codehaus/mojo/flatten/AbstractFlattenMojo> Superclass name Lorg/apache/maven/plugin/AbstractMojo
2. [Moderate] class com.ibm.wala.ipa.cha.ClassHierarchy$ClassExclusion : <Application,Lorg/codehaus/mojo/flatten/CleanMojo> No superclass found for <Application,Lorg/codehaus/mojo/flatten/AbstractFlattenMojo> Superclass name Lorg/apache/maven/plugin/AbstractMojo
3. [Moderate] class com.ibm.wala.ipa.cha.ClassHierarchy$ClassExclusion : <Application,Lorg/codehaus/mojo/flatten/CreateEffectivePomTest> No superclass found for <Application,Lorg/codehaus/mojo/flatten/CreateEffectivePomTest> Superclass name Lorg/assertj/core/api/Assertions
4. [Moderate] class com.ibm.wala.ipa.cha.ClassHierarchy$ClassExclusion : <Application,Lorg/codehaus/mojo/flatten/FlattenMojo> No superclass found for <Application,Lorg/codehaus/mojo/flatten/AbstractFlattenMojo> Superclass name Lorg/apache/maven/plugin/AbstractMojo
5. [Moderate] class com.ibm.wala.ipa.cha.ClassHierarchy$ClassExclusion : <Application,Lorg/codehaus/mojo/flatten/HelpMojo> No superclass found for <Application,Lorg/codehaus/mojo/flatten/HelpMojo> Superclass name Lorg/apache/maven/plugin/AbstractMojo
6. [Moderate] class com.ibm.wala.ipa.cha.ClassHierarchy$ClassExclusion : <Primordial,Lcom/oracle/webservices/internal/api/message/BaseDistributedPropertySet$DistributedMapView> No superclass found for <Primordial,Lcom/oracle/webservices/internal/api/message/BaseDistributedPropertySet$DistributedMapView> Superclass name Ljava/util/AbstractMap
7. [Moderate] class com.ibm.wala.ipa.cha.ClassHierarchy$ClassExclusion : <Primordial,Lcom/oracle/webservices/internal/api/message/BasePropertySet$2> No superclass found for <Primordial,Lcom/oracle/webservices/internal/api/message/BasePropertySet$2> Superclass name Ljava/util/AbstractMap
8. [Moderate] class com.ibm.wala.ipa.cha.ClassHierarchy$ClassExclusion : <Primordial,Lcom/oracle/webservices/internal/api/message/BasePropertySet$MapView> No superclass found for <Primordial,Lcom/oracle/webservices/internal/api/message/BasePropertySet$MapView> Superclass name Ljava/util/HashMap
9. [Moderate] class com.ibm.wala.ipa.cha.ClassHierarchy$ClassExclusion : <Primordial,Lcom/oracle/webservices/internal/api/message/BasePropertySet$PropertyMap> No superclass found for <Primordial,Lcom/oracle/webservices/internal/api/message/BasePropertySet$PropertyMap> Superclass name Ljava/util/HashMap
10. [Moderate] class com.ibm.wala.ipa.cha.ClassHierarchy$ClassExclusion : <Primordial,Ljava/applet/Applet$AccessibleApplet> No superclass found for <Primordial,Ljava/applet/Applet$AccessibleApplet> Superclass name Ljava/awt/Panel$AccessibleAWTPanel
11. [Moderate] class com.ibm.wala.ipa.cha.ClassHierarchy$ClassExclusion : <Primordial,Ljava/applet/Applet> No superclass found for <Primordial,Ljava/applet/Applet> Superclass name Ljava/awt/Panel
12. [Moderate] class com.ibm.wala.ipa.cha.ClassHierarchy$ClassExclusion : <Primordial,Ljava/beans/IndexedPropertyChangeEvent> No superclass found for <Primordial,Ljava/beans/PropertyChangeEvent> Superclass name Ljava/util/EventObject
13. [Moderate] class com.ibm.wala.ipa.cha.ClassHierarchy$ClassExclusion : <Primordial,Ljava/beans/PropertyChangeEvent> No superclass found for <Primordial,Ljava/beans/PropertyChangeEvent> Superclass name Ljava/util/EventObject
14. [Moderate] class com.ibm.wala.ipa.cha.ClassHierarchy$ClassExclusion : <Primordial,Ljava/beans/PropertyChangeListenerProxy> No superclass found for <Primordial,Ljava/beans/PropertyChangeListenerProxy> Superclass name Ljava/util/EventListenerProxy
15. [Moderate] class com.ibm.wala.ipa.cha.ClassHierarchy$ClassExclusion : <Primordial,Ljava/beans/VetoableChangeListenerProxy> No superclass found for <Primordial,Ljava/beans/VetoableChangeListenerProxy> Superclass name Ljava/util/EventListenerProxy
16. [Moderate] class com.ibm.wala.ipa.cha.ClassHierarchy$ClassExclusion : <Primordial,Ljava/beans/beancontext/BeanContextEvent> No superclass found for <Primordial,Ljava/beans/beancontext/BeanContextEvent> Superclass name Ljava/util/EventObject
17. [Moderate] class com.ibm.wala.ipa.cha.ClassHierarchy$ClassExclusion : <Primordial,Ljava/beans/beancontext/BeanContextMembershipEvent> No superclass found for <Primordial,Ljava/beans/beancontext/BeanContextEvent> Superclass name Ljava/util/EventObject
18. [Moderate] class com.ibm.wala.ipa.cha.ClassHierarchy$ClassExclusion : <Primordial,Ljava/beans/beancontext/BeanContextServiceAvailableEvent> No superclass found for <Primordial,Ljava/beans/beancontext/BeanContextEvent> Superclass name Ljava/util/EventObject
19. [Moderate] class com.ibm.wala.ipa.cha.ClassHierarchy$ClassExclusion : <Primordial,Ljava/beans/beancontext/BeanContextServiceRevokedEvent> No superclass found for <Primordial,Ljava/beans/beancontext/BeanContextEvent> Superclass name Ljava/util/EventObject
20. [Moderate] class com.ibm.wala.ipa.cha.ClassHierarchy$ClassExclusion : <Primordial,Ljava/io/ExpiringCache$1> No superclass found for <Primordial,Ljava/io/ExpiringCache$1> Superclass name Ljava/util/LinkedHashMap
21. [Moderate] class com.ibm.wala.ipa.cha.ClassHierarchy$ClassExclusion : <Primordial,Ljava/lang/ClassValue$ClassValueMap> No superclass found for <Primordial,Ljava/lang/ClassValue$ClassValueMap> Superclass name Ljava/util/WeakHashMap
22. [Moderate] class com.ibm.wala.ipa.cha.ClassHierarchy$ClassExclusion : <Primordial,Ljava/lang/ProcessEnvironment$StringEntrySet> No superclass found for <Primordial,Ljava/lang/ProcessEnvironment$StringEntrySet> Superclass name Ljava/util/AbstractSet
23. [Moderate] class com.ibm.wala.ipa.cha.ClassHierarchy$ClassExclusion : <Primordial,Ljava/lang/ProcessEnvironment$StringEnvironment> No superclass found for <Primordial,Ljava/lang/ProcessEnvironment$StringEnvironment> Superclass name Ljava/util/AbstractMap
24. [Moderate] class com.ibm.wala.ipa.cha.ClassHierarchy$ClassExclusion : <Primordial,Ljava/lang/ProcessEnvironment$StringKeySet> No superclass found for <Primordial,Ljava/lang/ProcessEnvironment$StringKeySet> Superclass name Ljava/util/AbstractSet
25. [Moderate] class com.ibm.wala.ipa.cha.ClassHierarchy$ClassExclusion : <Primordial,Ljava/lang/ProcessEnvironment$StringValues> No superclass found for <Primordial,Ljava/lang/ProcessEnvironment$StringValues> Superclass name Ljava/util/AbstractCollection
26. [Moderate] class com.ibm.wala.ipa.cha.ClassHierarchy$ClassExclusion : <Primordial,Ljava/lang/invoke/InnerClassLambdaMetafactory$ForwardingMethodGenerator> No superclass found for <Primordial,Ljava/lang/invoke/TypeConvertingMethodAdapter> Superclass name Ljdk/internal/org/objectweb/asm/MethodVisitor
27. [Moderate] class com.ibm.wala.ipa.cha.ClassHierarchy$ClassExclusion : <Primordial,Ljava/lang/invoke/TypeConvertingMethodAdapter> No superclass found for <Primordial,Ljava/lang/invoke/TypeConvertingMethodAdapter> Superclass name Ljdk/internal/org/objectweb/asm/MethodVisitor
28. [Moderate] class com.ibm.wala.ipa.cha.ClassHierarchy$ClassExclusion : <Primordial,Ljava/nio/file/DirectoryIteratorException> No superclass found for <Primordial,Ljava/nio/file/DirectoryIteratorException> Superclass name Ljava/util/ConcurrentModificationException
29. [Moderate] class com.ibm.wala.ipa.cha.ClassHierarchy$ClassExclusion : <Primordial,Ljava/rmi/MarshalledObject$MarshalledObjectInputStream> No superclass found for <Primordial,Ljava/rmi/MarshalledObject$MarshalledObjectInputStream> Superclass name Lsun/rmi/server/MarshalInputStream
30. [Moderate] class com.ibm.wala.ipa.cha.ClassHierarchy$ClassExclusion : <Primordial,Ljava/rmi/MarshalledObject$MarshalledObjectOutputStream> No superclass found for <Primordial,Ljava/rmi/MarshalledObject$MarshalledObjectOutputStream> Superclass name Lsun/rmi/server/MarshalOutputStream
31. [Moderate] class com.ibm.wala.ipa.cha.ClassHierarchy$ClassExclusion : <Primordial,Ljava/rmi/server/RemoteObjectInvocationHandler$MethodToHash_Maps$1> No superclass found for <Primordial,Ljava/rmi/server/RemoteObjectInvocationHandler$MethodToHash_Maps$1> Superclass name Ljava/util/WeakHashMap
32. [Moderate] class com.ibm.wala.ipa.cha.ClassHierarchy$ClassExclusion : <Primordial,Ljava/rmi/server/RemoteObjectInvocationHandler$MethodToHash_Maps> No superclass found for <Primordial,Ljava/rmi/server/RemoteObjectInvocationHandler$MethodToHash_Maps> Superclass name Lsun/rmi/server/WeakClassHashMap
33. [Moderate] class com.ibm.wala.ipa.cha.ClassHierarchy$ClassExclusion : <Primordial,Ljava/security/AuthProvider> No superclass found for <Primordial,Ljava/security/Provider> Superclass name Ljava/util/Properties
34. [Moderate] class com.ibm.wala.ipa.cha.ClassHierarchy$ClassExclusion : <Primordial,Ljava/security/Provider> No superclass found for <Primordial,Ljava/security/Provider> Superclass name Ljava/util/Properties
35. [Moderate] class com.ibm.wala.ipa.cha.ClassHierarchy$ClassExclusion : <Primordial,Ljava/security/SecureRandom> No superclass found for <Primordial,Ljava/security/SecureRandom> Superclass name Ljava/util/Random
36. [Moderate] class com.ibm.wala.ipa.cha.ClassHierarchy$ClassExclusion : <Primordial,Ljava/security/cert/CertPathHelperImpl> No superclass found for <Primordial,Ljava/security/cert/CertPathHelperImpl> Superclass name Lsun/security/provider/certpath/CertPathHelper
37. [Moderate] class com.ibm.wala.ipa.cha.ClassHierarchy$ClassExclusion : <Primordial,Ljava/sql/Date> No superclass found for <Primordial,Ljava/sql/Date> Superclass name Ljava/util/Date
38. [Moderate] class com.ibm.wala.ipa.cha.ClassHierarchy$ClassExclusion : <Primordial,Ljava/sql/Time> No superclass found for <Primordial,Ljava/sql/Time> Superclass name Ljava/util/Date
39. [Moderate] class com.ibm.wala.ipa.cha.ClassHierarchy$ClassExclusion : <Primordial,Ljava/sql/Timestamp> No superclass found for <Primordial,Ljava/sql/Timestamp> Superclass name Ljava/util/Date
40. [Moderate] class com.ibm.wala.ipa.cha.ClassHierarchy$ClassExclusion : <Primordial,Ljava/text/AttributedString$AttributeMap> No superclass found for <Primordial,Ljava/text/AttributedString$AttributeMap> Superclass name Ljava/util/AbstractMap
41. [Moderate] class com.ibm.wala.ipa.cha.ClassHierarchy$ClassExclusion : <Primordial,Ljava/text/spi/BreakIteratorProvider> No superclass found for <Primordial,Ljava/text/spi/BreakIteratorProvider> Superclass name Ljava/util/spi/LocaleServiceProvider
42. [Moderate] class com.ibm.wala.ipa.cha.ClassHierarchy$ClassExclusion : <Primordial,Ljava/text/spi/CollatorProvider> No superclass found for <Primordial,Ljava/text/spi/CollatorProvider> Superclass name Ljava/util/spi/LocaleServiceProvider
43. [Moderate] class com.ibm.wala.ipa.cha.ClassHierarchy$ClassExclusion : <Primordial,Ljava/text/spi/DateFormatProvider> No superclass found for <Primordial,Ljava/text/spi/DateFormatProvider> Superclass name Ljava/util/spi/LocaleServiceProvider
44. [Moderate] class com.ibm.wala.ipa.cha.ClassHierarchy$ClassExclusion : <Primordial,Ljava/text/spi/DateFormatSymbolsProvider> No superclass found for <Primordial,Ljava/text/spi/DateFormatSymbolsProvider> Superclass name Ljava/util/spi/LocaleServiceProvider
45. [Moderate] class com.ibm.wala.ipa.cha.ClassHierarchy$ClassExclusion : <Primordial,Ljava/text/spi/DecimalFormatSymbolsProvider> No superclass found for <Primordial,Ljava/text/spi/DecimalFormatSymbolsProvider> Superclass name Ljava/util/spi/LocaleServiceProvider
46. [Moderate] class com.ibm.wala.ipa.cha.ClassHierarchy$ClassExclusion : <Primordial,Ljava/text/spi/NumberFormatProvider> No superclass found for <Primordial,Ljava/text/spi/NumberFormatProvider> Superclass name Ljava/util/spi/LocaleServiceProvider
47. [Moderate] class com.ibm.wala.ipa.cha.ClassHierarchy$ClassExclusion : <Primordial,Ljavafx/animation/AnimationAccessorImpl> No superclass found for <Primordial,Ljavafx/animation/AnimationAccessorImpl> Superclass name Lcom/sun/scenario/animation/shared/AnimationAccessor
48. [Moderate] class com.ibm.wala.ipa.cha.ClassHierarchy$ClassExclusion : <Primordial,Ljavafx/animation/ParallelTransition$2> No superclass found for <Primordial,Ljavafx/animation/ParallelTransition$2> Superclass name Lcom/sun/javafx/collections/TrackableObservableList
49. [Moderate] class com.ibm.wala.ipa.cha.ClassHierarchy$ClassExclusion : <Primordial,Ljavafx/animation/ParallelTransition$3> No superclass found for <Primordial,Ljavafx/animation/ParallelTransition$3> Superclass name Lcom/sun/javafx/collections/VetoableListDecorator
50. [Moderate] class com.ibm.wala.ipa.cha.ClassHierarchy$ClassExclusion : <Primordial,Ljavafx/animation/SequentialTransition$2> No superclass found for <Primordial,Ljavafx/animation/SequentialTransition$2> Superclass name Lcom/sun/javafx/collections/TrackableObservableList
51. [Moderate] class com.ibm.wala.ipa.cha.ClassHierarchy$ClassExclusion : <Primordial,Ljavafx/animation/SequentialTransition$3> No superclass found for <Primordial,Ljavafx/animation/SequentialTransition$3> Superclass name Lcom/sun/javafx/collections/VetoableListDecorator
52. [Moderate] class com.ibm.wala.ipa.cha.ClassHierarchy$ClassExclusion : <Primordial,Ljavafx/animation/Timeline$1> No superclass found for <Primordial,Ljavafx/animation/Timeline$1> Superclass name Lcom/sun/javafx/collections/TrackableObservableList
53. [Moderate] class com.ibm.wala.ipa.cha.ClassHierarchy$ClassExclusion : <Primordial,Ljavafx/beans/binding/MapExpression$EmptyObservableMap> No superclass found for <Primordial,Ljavafx/beans/binding/MapExpression$EmptyObservableMap> Superclass name Ljava/util/AbstractMap
54. [Moderate] class com.ibm.wala.ipa.cha.ClassHierarchy$ClassExclusion : <Primordial,Ljavafx/beans/binding/SetExpression$EmptyObservableSet> No superclass found for <Primordial,Ljavafx/beans/binding/SetExpression$EmptyObservableSet> Superclass name Ljava/util/AbstractSet
55. [Moderate] class com.ibm.wala.ipa.cha.ClassHierarchy$ClassExclusion : <Primordial,Ljavafx/collections/FXCollections$CheckedObservableList> No superclass found for <Primordial,Ljavafx/collections/ObservableListBase> Superclass name Ljava/util/AbstractList
56. [Moderate] class com.ibm.wala.ipa.cha.ClassHierarchy$ClassExclusion : <Primordial,Ljavafx/collections/FXCollections$CheckedObservableMap> No superclass found for <Primordial,Ljavafx/collections/FXCollections$CheckedObservableMap> Superclass name Ljava/util/AbstractMap
57. [Moderate] class com.ibm.wala.ipa.cha.ClassHierarchy$ClassExclusion : <Primordial,Ljavafx/collections/FXCollections$CheckedObservableSet> No superclass found for <Primordial,Ljavafx/collections/FXCollections$CheckedObservableSet> Superclass name Ljava/util/AbstractSet
58. [Moderate] class com.ibm.wala.ipa.cha.ClassHierarchy$ClassExclusion : <Primordial,Ljavafx/collections/FXCollections$EmptyObservableList> No superclass found for <Primordial,Ljavafx/collections/FXCollections$EmptyObservableList> Superclass name Ljava/util/AbstractList
59. [Moderate] class com.ibm.wala.ipa.cha.ClassHierarchy$ClassExclusion : <Primordial,Ljavafx/collections/FXCollections$EmptyObservableMap> No superclass found for <Primordial,Ljavafx/collections/FXCollections$EmptyObservableMap> Superclass name Ljava/util/AbstractMap
60. [Moderate] class com.ibm.wala.ipa.cha.ClassHierarchy$ClassExclusion : <Primordial,Ljavafx/collections/FXCollections$EmptyObservableSet> No superclass found for <Primordial,Ljavafx/collections/FXCollections$EmptyObservableSet> Superclass name Ljava/util/AbstractSet
61. [Moderate] class com.ibm.wala.ipa.cha.ClassHierarchy$ClassExclusion : <Primordial,Ljavafx/collections/FXCollections$SingletonObservableList> No superclass found for <Primordial,Ljavafx/collections/FXCollections$SingletonObservableList> Superclass name Ljava/util/AbstractList
62. [Moderate] class com.ibm.wala.ipa.cha.ClassHierarchy$ClassExclusion : <Primordial,Ljavafx/collections/FXCollections$UnmodifiableObservableListImpl> No superclass found for <Primordial,Ljavafx/collections/ObservableListBase> Superclass name Ljava/util/AbstractList
63. [Moderate] class com.ibm.wala.ipa.cha.ClassHierarchy$ClassExclusion : <Primordial,Ljavafx/collections/FXCollections$UnmodifiableObservableSet> No superclass found for <Primordial,Ljavafx/collections/FXCollections$UnmodifiableObservableSet> Superclass name Ljava/util/AbstractSet
64. [Moderate] class com.ibm.wala.ipa.cha.ClassHierarchy$ClassExclusion : <Primordial,Ljavafx/collections/ModifiableObservableListBase> No superclass found for <Primordial,Ljavafx/collections/ObservableListBase> Superclass name Ljava/util/AbstractList
65. [Moderate] class com.ibm.wala.ipa.cha.ClassHierarchy$ClassExclusion : <Primordial,Ljavafx/collections/ObservableListBase> No superclass found for <Primordial,Ljavafx/collections/ObservableListBase> Superclass name Ljava/util/AbstractList
66. [Moderate] class com.ibm.wala.ipa.cha.ClassHierarchy$ClassExclusion : <Primordial,Ljavafx/collections/transformation/FilteredList> No superclass found for <Primordial,Ljavafx/collections/ObservableListBase> Superclass name Ljava/util/AbstractList
67. [Moderate] class com.ibm.wala.ipa.cha.ClassHierarchy$ClassExclusion : <Primordial,Ljavafx/collections/transformation/SortedList> No superclass found for <Primordial,Ljavafx/collections/ObservableListBase> Superclass name Ljava/util/AbstractList
68. [Moderate] class com.ibm.wala.ipa.cha.ClassHierarchy$ClassExclusion : <Primordial,Ljavafx/collections/transformation/TransformationList> No superclass found for <Primordial,Ljavafx/collections/ObservableListBase> Superclass name Ljava/util/AbstractList
69. [Moderate] class com.ibm.wala.ipa.cha.ClassHierarchy$ClassExclusion : <Primordial,Ljavafx/concurrent/ScheduledService$4> No superclass found for <Primordial,Ljavafx/concurrent/ScheduledService$4> Superclass name Ljava/util/TimerTask
70. [Moderate] class com.ibm.wala.ipa.cha.ClassHierarchy$ClassExclusion : <Primordial,Ljavafx/concurrent/Service$1> No superclass found for <Primordial,Ljavafx/concurrent/Service$1> Superclass name Ljava/util/concurrent/LinkedBlockingQueue
71. [Moderate] class com.ibm.wala.ipa.cha.ClassHierarchy$ClassExclusion : <Primordial,Ljavafx/concurrent/Task> No superclass found for <Primordial,Ljavafx/concurrent/Task> Superclass name Ljava/util/concurrent/FutureTask
72. [Moderate] class com.ibm.wala.ipa.cha.ClassHierarchy$ClassExclusion : <Primordial,Ljavafx/concurrent/WorkerStateEvent> No superclass found for <Primordial,Ljavafx/event/Event> Superclass name Ljava/util/EventObject
73. [Moderate] class com.ibm.wala.ipa.cha.ClassHierarchy$ClassExclusion : <Primordial,Ljavafx/embed/swing/FXDnD$FXDragGestureRecognizer> No superclass found for <Primordial,Ljavafx/embed/swing/FXDnD$FXDragGestureRecognizer> Superclass name Ljava/awt/dnd/MouseDragGestureRecognizer
74. [Moderate] class com.ibm.wala.ipa.cha.ClassHierarchy$ClassExclusion : <Primordial,Ljavafx/embed/swing/FXDnD$FXDragSourceContextPeer> No superclass found for <Primordial,Ljavafx/embed/swing/FXDnD$FXDragSourceContextPeer> Superclass name Lsun/awt/dnd/SunDragSourceContextPeer
75. [Moderate] class com.ibm.wala.ipa.cha.ClassHierarchy$ClassExclusion : <Primordial,Ljavafx/embed/swing/JFXPanel> No superclass found for <Primordial,Ljavafx/embed/swing/JFXPanel> Superclass name Ljavax/swing/JComponent
76. [Moderate] class com.ibm.wala.ipa.cha.ClassHierarchy$ClassExclusion : <Primordial,Ljavafx/embed/swing/SwingDnD$1> No superclass found for <Primordial,Ljavafx/embed/swing/SwingDnD$1> Superclass name Ljava/awt/event/MouseAdapter
77. [Moderate] class com.ibm.wala.ipa.cha.ClassHierarchy$ClassExclusion : <Primordial,Ljavafx/embed/swing/SwingDnD$1StubDragGestureRecognizer> No superclass found for <Primordial,Ljavafx/embed/swing/SwingDnD$1StubDragGestureRecognizer> Superclass name Ljava/awt/dnd/DragGestureRecognizer
78. [Moderate] class com.ibm.wala.ipa.cha.ClassHierarchy$ClassExclusion : <Primordial,Ljavafx/embed/swing/SwingDnD$2> No superclass found for <Primordial,Ljavafx/embed/swing/SwingDnD$2> Superclass name Ljava/awt/dnd/DragSourceAdapter
79. [Moderate] class com.ibm.wala.ipa.cha.ClassHierarchy$ClassExclusion : <Primordial,Ljavafx/embed/swing/SwingDnD$3> No superclass found for <Primordial,Ljavafx/embed/swing/SwingDnD$3> Superclass name Ljava/awt/dnd/DropTargetAdapter
80. [Moderate] class com.ibm.wala.ipa.cha.ClassHierarchy$ClassExclusion : <Primordial,Ljavafx/embed/swt/CustomTransfer> No superclass found for <Primordial,Ljavafx/embed/swt/CustomTransfer> Superclass name Lorg/eclipse/swt/dnd/ByteArrayTransfer
81. [Moderate] class com.ibm.wala.ipa.cha.ClassHierarchy$ClassExclusion : <Primordial,Ljavafx/embed/swt/FXCanvas> No superclass found for <Primordial,Ljavafx/embed/swt/FXCanvas> Superclass name Lorg/eclipse/swt/widgets/Canvas
82. [Moderate] class com.ibm.wala.ipa.cha.ClassHierarchy$ClassExclusion : <Primordial,Ljavafx/event/ActionEvent> No superclass found for <Primordial,Ljavafx/event/Event> Superclass name Ljava/util/EventObject
83. [Moderate] class com.ibm.wala.ipa.cha.ClassHierarchy$ClassExclusion : <Primordial,Ljavafx/event/Event> No superclass found for <Primordial,Ljavafx/event/Event> Superclass name Ljava/util/EventObject
84. [Moderate] class com.ibm.wala.ipa.cha.ClassHierarchy$ClassExclusion : <Primordial,Ljavafx/fxml/FXMLLoader$UnknownTypeElement$UnknownValueMap> No superclass found for <Primordial,Ljavafx/fxml/FXMLLoader$UnknownTypeElement$UnknownValueMap> Superclass name Ljava/util/AbstractMap
85. [Moderate] class com.ibm.wala.ipa.cha.ClassHierarchy$ClassExclusion : <Primordial,Ljavafx/fxml/JavaFXBuilder$ObjectBuilder> No superclass found for <Primordial,Ljavafx/fxml/JavaFXBuilder$ObjectBuilder> Superclass name Ljava/util/AbstractMap
86. [Moderate] class com.ibm.wala.ipa.cha.ClassHierarchy$ClassExclusion : <Primordial,Ljavafx/scene/LightBase$3> No superclass found for <Primordial,Ljavafx/scene/LightBase$3> Superclass name Lcom/sun/javafx/collections/TrackableObservableList
87. [Moderate] class com.ibm.wala.ipa.cha.ClassHierarchy$ClassExclusion : <Primordial,Ljavafx/scene/Node$19> No superclass found for <Primordial,Ljavafx/scene/Node$19> Superclass name Lcom/sun/glass/ui/Accessible$EventHandler
88. [Moderate] class com.ibm.wala.ipa.cha.ClassHierarchy$ClassExclusion : <Primordial,Ljavafx/scene/Node$3> No superclass found for <Primordial,Ljavafx/scene/Node$3> Superclass name Lcom/sun/javafx/collections/TrackableObservableList
89. [Moderate] class com.ibm.wala.ipa.cha.ClassHierarchy$ClassExclusion : <Primordial,Ljavafx/scene/Node$MiscProperties$9$1> No superclass found for <Primordial,Ljavafx/scene/Node$MiscProperties$9$1> Superclass name Lcom/sun/javafx/beans/event/AbstractNotifyListener
90. [Moderate] class com.ibm.wala.ipa.cha.ClassHierarchy$ClassExclusion : <Primordial,Ljavafx/scene/Node$NodeTransformation$10> No superclass found for <Primordial,Ljavafx/scene/Node$NodeTransformation$10> Superclass name Lcom/sun/javafx/collections/TrackableObservableList
91. [Moderate] class com.ibm.wala.ipa.cha.ClassHierarchy$ClassExclusion : <Primordial,Ljavafx/scene/Parent$1> No superclass found for <Primordial,Ljavafx/scene/Parent$1> Superclass name Lcom/sun/javafx/collections/TrackableObservableList
92. [Moderate] class com.ibm.wala.ipa.cha.ClassHierarchy$ClassExclusion : <Primordial,Ljavafx/scene/Parent$2> No superclass found for <Primordial,Ljavafx/scene/Parent$2> Superclass name Lcom/sun/javafx/collections/VetoableListDecorator
93. [Moderate] class com.ibm.wala.ipa.cha.ClassHierarchy$ClassExclusion : <Primordial,Ljavafx/scene/Parent$3> No superclass found for <Primordial,Ljavafx/scene/Parent$3> Superclass name Lcom/sun/javafx/collections/TrackableObservableList
94. [Moderate] class com.ibm.wala.ipa.cha.ClassHierarchy$ClassExclusion : <Primordial,Ljavafx/scene/Scene$11> No superclass found for <Primordial,Ljavafx/scene/Scene$11> Superclass name Lcom/sun/javafx/collections/TrackableObservableList
95. [Moderate] class com.ibm.wala.ipa.cha.ClassHierarchy$ClassExclusion : <Primordial,Ljavafx/scene/Scene$1> No superclass found for <Primordial,Ljavafx/scene/Scene$1> Superclass name Lcom/sun/javafx/perf/PerformanceTracker$SceneAccessor
96. [Moderate] class com.ibm.wala.ipa.cha.ClassHierarchy$ClassExclusion : <Primordial,Ljavafx/scene/Scene$2> No superclass found for <Primordial,Ljavafx/scene/Scene$2> Superclass name Lcom/sun/javafx/robot/impl/FXRobotHelper$FXRobotSceneAccessor
97. [Moderate] class com.ibm.wala.ipa.cha.ClassHierarchy$ClassExclusion : <Primordial,Ljavafx/scene/Scene$54> No superclass found for <Primordial,Ljavafx/scene/Scene$54> Superclass name Lcom/sun/glass/ui/Accessible$EventHandler
98. [Moderate] class com.ibm.wala.ipa.cha.ClassHierarchy$ClassExclusion : <Primordial,Ljavafx/scene/chart/PieChart$2$1> No superclass found for <Primordial,Ljavafx/scene/chart/PieChart$2$1> Superclass name Lcom/sun/javafx/collections/NonIterableChange
99. [Moderate] class com.ibm.wala.ipa.cha.ClassHierarchy$ClassExclusion : <Primordial,Ljavafx/scene/chart/PieChart$2$2> No superclass found for <Primordial,Ljavafx/scene/chart/PieChart$2$2> Superclass name Lcom/sun/javafx/collections/NonIterableChange
100. [Moderate] class com.ibm.wala.ipa.cha.ClassHierarchy$ClassExclusion : <Primordial,Ljavafx/scene/chart/XYChart$2$1> No superclass found for <Primordial,Ljavafx/scene/chart/XYChart$2$1> Superclass name Lcom/sun/javafx/collections/NonIterableChange
101. [Moderate] class com.ibm.wala.ipa.cha.ClassHierarchy$ClassExclusion : <Primordial,Ljavafx/scene/chart/XYChart$2$2> No superclass found for <Primordial,Ljavafx/scene/chart/XYChart$2$2> Superclass name Lcom/sun/javafx/collections/NonIterableChange
102. [Moderate] class com.ibm.wala.ipa.cha.ClassHierarchy$ClassExclusion : <Primordial,Ljavafx/scene/chart/XYChart$Series$4$1> No superclass found for <Primordial,Ljavafx/scene/chart/XYChart$Series$4$1> Superclass name Lcom/sun/javafx/collections/NonIterableChange
103. [Moderate] class com.ibm.wala.ipa.cha.ClassHierarchy$ClassExclusion : <Primordial,Ljavafx/scene/chart/XYChart$Series$4$2> No superclass found for <Primordial,Ljavafx/scene/chart/XYChart$Series$4$2> Superclass name Lcom/sun/javafx/collections/NonIterableChange
104. [Moderate] class com.ibm.wala.ipa.cha.ClassHierarchy$ClassExclusion : <Primordial,Ljavafx/scene/control/Accordion$1> No superclass found for <Primordial,Ljavafx/scene/control/Accordion$1> Superclass name Lcom/sun/javafx/collections/TrackableObservableList
105. [Moderate] class com.ibm.wala.ipa.cha.ClassHierarchy$ClassExclusion : <Primordial,Ljavafx/scene/control/CheckBoxTreeItem$TreeModificationEvent> No superclass found for <Primordial,Ljavafx/event/Event> Superclass name Ljava/util/EventObject
106. [Moderate] class com.ibm.wala.ipa.cha.ClassHierarchy$ClassExclusion : <Primordial,Ljavafx/scene/control/ContextMenu$2> No superclass found for <Primordial,Ljavafx/scene/control/ContextMenu$2> Superclass name Lcom/sun/javafx/collections/TrackableObservableList
107. [Moderate] class com.ibm.wala.ipa.cha.ClassHierarchy$ClassExclusion : <Primordial,Ljavafx/scene/control/DialogEvent> No superclass found for <Primordial,Ljavafx/event/Event> Superclass name Ljava/util/EventObject
108. [Moderate] class com.ibm.wala.ipa.cha.ClassHierarchy$ClassExclusion : <Primordial,Ljavafx/scene/control/ListView$EditEvent> No superclass found for <Primordial,Ljavafx/event/Event> Superclass name Ljava/util/EventObject
109. [Moderate] class com.ibm.wala.ipa.cha.ClassHierarchy$ClassExclusion : <Primordial,Ljavafx/scene/control/Menu$6> No superclass found for <Primordial,Ljavafx/scene/control/Menu$6> Superclass name Lcom/sun/javafx/collections/TrackableObservableList
110. [Moderate] class com.ibm.wala.ipa.cha.ClassHierarchy$ClassExclusion : <Primordial,Ljavafx/scene/control/MultipleSelectionModelBase$2> No superclass found for <Primordial,Ljavafx/scene/control/MultipleSelectionModelBase$2> Superclass name Lcom/sun/javafx/scene/control/ReadOnlyUnbackedObservableList
111. [Moderate] class com.ibm.wala.ipa.cha.ClassHierarchy$ClassExclusion : <Primordial,Ljavafx/scene/control/MultipleSelectionModelBase$BitSetReadOnlyUnbackedObservableList> No superclass found for <Primordial,Ljavafx/scene/control/MultipleSelectionModelBase$BitSetReadOnlyUnbackedObservableList> Superclass name Lcom/sun/javafx/scene/control/ReadOnlyUnbackedObservableList
112. [Moderate] class com.ibm.wala.ipa.cha.ClassHierarchy$ClassExclusion : <Primordial,Ljavafx/scene/control/ScrollToEvent> No superclass found for <Primordial,Ljavafx/event/Event> Superclass name Ljava/util/EventObject
113. [Moderate] class com.ibm.wala.ipa.cha.ClassHierarchy$ClassExclusion : <Primordial,Ljavafx/scene/control/SortEvent> No superclass found for <Primordial,Ljavafx/event/Event> Superclass name Ljava/util/EventObject
114. [Moderate] class com.ibm.wala.ipa.cha.ClassHierarchy$ClassExclusion : <Primordial,Ljavafx/scene/control/TableColumn$CellEditEvent> No superclass found for <Primordial,Ljavafx/event/Event> Superclass name Ljava/util/EventObject
115. [Moderate] class com.ibm.wala.ipa.cha.ClassHierarchy$ClassExclusion : <Primordial,Ljavafx/scene/control/TableView$TableViewArrayListSelectionModel$2> No superclass found for <Primordial,Ljavafx/scene/control/TableView$TableViewArrayListSelectionModel$2> Superclass name Lcom/sun/javafx/scene/control/SelectedCellsMap
116. [Moderate] class com.ibm.wala.ipa.cha.ClassHierarchy$ClassExclusion : <Primordial,Ljavafx/scene/control/TableView$TableViewArrayListSelectionModel$3> No superclass found for <Primordial,Ljavafx/scene/control/TableView$TableViewArrayListSelectionModel$3> Superclass name Lcom/sun/javafx/scene/control/ReadOnlyUnbackedObservableList
117. [Moderate] class com.ibm.wala.ipa.cha.ClassHierarchy$ClassExclusion : <Primordial,Ljavafx/scene/control/TableView$TableViewArrayListSelectionModel$4> No superclass found for <Primordial,Ljavafx/scene/control/TableView$TableViewArrayListSelectionModel$4> Superclass name Lcom/sun/javafx/scene/control/ReadOnlyUnbackedObservableList
118. [Moderate] class com.ibm.wala.ipa.cha.ClassHierarchy$ClassExclusion : <Primordial,Ljavafx/scene/control/TableView$TableViewArrayListSelectionModel$5> No superclass found for <Primordial,Ljavafx/scene/control/TableView$TableViewArrayListSelectionModel$5> Superclass name Lcom/sun/javafx/collections/NonIterableChange
119. [Moderate] class com.ibm.wala.ipa.cha.ClassHierarchy$ClassExclusion : <Primordial,Ljavafx/scene/control/TextArea$ParagraphList> No superclass found for <Primordial,Ljavafx/scene/control/TextArea$ParagraphList> Superclass name Ljava/util/AbstractList
120. [Moderate] class com.ibm.wala.ipa.cha.ClassHierarchy$ClassExclusion : <Primordial,Ljavafx/scene/control/TextArea$ParagraphListChange> No superclass found for <Primordial,Ljavafx/scene/control/TextArea$ParagraphListChange> Superclass name Lcom/sun/javafx/collections/NonIterableChange
121. [Moderate] class com.ibm.wala.ipa.cha.ClassHierarchy$ClassExclusion : <Primordial,Ljavafx/scene/control/ToggleGroup$1> No superclass found for <Primordial,Ljavafx/scene/control/ToggleGroup$1> Superclass name Lcom/sun/javafx/collections/TrackableObservableList
122. [Moderate] class com.ibm.wala.ipa.cha.ClassHierarchy$ClassExclusion : <Primordial,Ljavafx/scene/control/ToggleGroup$2> No superclass found for <Primordial,Ljavafx/scene/control/ToggleGroup$2> Superclass name Lcom/sun/javafx/collections/VetoableListDecorator
123. [Moderate] class com.ibm.wala.ipa.cha.ClassHierarchy$ClassExclusion : <Primordial,Ljavafx/scene/control/TreeItem$TreeModificationEvent> No superclass found for <Primordial,Ljavafx/event/Event> Superclass name Ljava/util/EventObject
124. [Moderate] class com.ibm.wala.ipa.cha.ClassHierarchy$ClassExclusion : <Primordial,Ljavafx/scene/control/TreeTableColumn$CellEditEvent> No superclass found for <Primordial,Ljavafx/event/Event> Superclass name Ljava/util/EventObject
125. [Moderate] class com.ibm.wala.ipa.cha.ClassHierarchy$ClassExclusion : <Primordial,Ljavafx/scene/control/TreeTableView$EditEvent> No superclass found for <Primordial,Ljavafx/event/Event> Superclass name Ljava/util/EventObject
126. [Moderate] class com.ibm.wala.ipa.cha.ClassHierarchy$ClassExclusion : <Primordial,Ljavafx/scene/control/TreeTableView$TreeTableViewArrayListSelectionModel$1> No superclass found for <Primordial,Ljavafx/scene/control/TreeTableView$TreeTableViewArrayListSelectionModel$1> Superclass name Lcom/sun/javafx/scene/control/SelectedCellsMap
127. [Moderate] class com.ibm.wala.ipa.cha.ClassHierarchy$ClassExclusion : <Primordial,Ljavafx/scene/control/TreeTableView$TreeTableViewArrayListSelectionModel$2> No superclass found for <Primordial,Ljavafx/scene/control/TreeTableView$TreeTableViewArrayListSelectionModel$2> Superclass name Lcom/sun/javafx/scene/control/ReadOnlyUnbackedObservableList
128. [Moderate] class com.ibm.wala.ipa.cha.ClassHierarchy$ClassExclusion : <Primordial,Ljavafx/scene/control/TreeTableView$TreeTableViewArrayListSelectionModel$3> No superclass found for <Primordial,Ljavafx/scene/control/TreeTableView$TreeTableViewArrayListSelectionModel$3> Superclass name Lcom/sun/javafx/scene/control/ReadOnlyUnbackedObservableList
129. [Moderate] class com.ibm.wala.ipa.cha.ClassHierarchy$ClassExclusion : <Primordial,Ljavafx/scene/control/TreeTableView$TreeTableViewArrayListSelectionModel$5> No superclass found for <Primordial,Ljavafx/scene/control/TreeTableView$TreeTableViewArrayListSelectionModel$5> Superclass name Lcom/sun/javafx/collections/NonIterableChange
130. [Moderate] class com.ibm.wala.ipa.cha.ClassHierarchy$ClassExclusion : <Primordial,Ljavafx/scene/control/TreeView$EditEvent> No superclass found for <Primordial,Ljavafx/event/Event> Superclass name Ljava/util/EventObject
131. [Moderate] class com.ibm.wala.ipa.cha.ClassHierarchy$ClassExclusion : <Primordial,Ljavafx/scene/effect/DisplacementMap$MapDataChangeListener> No superclass found for <Primordial,Ljavafx/scene/effect/EffectChangeListener> Superclass name Lcom/sun/javafx/beans/event/AbstractNotifyListener
132. [Moderate] class com.ibm.wala.ipa.cha.ClassHierarchy$ClassExclusion : <Primordial,Ljavafx/scene/effect/Effect$EffectInputChangeListener> No superclass found for <Primordial,Ljavafx/scene/effect/EffectChangeListener> Superclass name Lcom/sun/javafx/beans/event/AbstractNotifyListener
133. [Moderate] class com.ibm.wala.ipa.cha.ClassHierarchy$ClassExclusion : <Primordial,Ljavafx/scene/effect/EffectChangeListener> No superclass found for <Primordial,Ljavafx/scene/effect/EffectChangeListener> Superclass name Lcom/sun/javafx/beans/event/AbstractNotifyListener
134. [Moderate] class com.ibm.wala.ipa.cha.ClassHierarchy$ClassExclusion : <Primordial,Ljavafx/scene/effect/ImageInput$1> No superclass found for <Primordial,Ljavafx/scene/effect/ImageInput$1> Superclass name Lcom/sun/javafx/beans/event/AbstractNotifyListener
135. [Moderate] class com.ibm.wala.ipa.cha.ClassHierarchy$ClassExclusion : <Primordial,Ljavafx/scene/effect/Lighting$LightChangeListener> No superclass found for <Primordial,Ljavafx/scene/effect/EffectChangeListener> Superclass name Lcom/sun/javafx/beans/event/AbstractNotifyListener
136. [Moderate] class com.ibm.wala.ipa.cha.ClassHierarchy$ClassExclusion : <Primordial,Ljavafx/scene/image/ImageView$3> No superclass found for <Primordial,Ljavafx/scene/image/ImageView$3> Superclass name Lcom/sun/javafx/beans/event/AbstractNotifyListener
137. [Moderate] class com.ibm.wala.ipa.cha.ClassHierarchy$ClassExclusion : <Primordial,Ljavafx/scene/input/ClipboardContent> No superclass found for <Primordial,Ljavafx/scene/input/ClipboardContent> Superclass name Ljava/util/HashMap
138. [Moderate] class com.ibm.wala.ipa.cha.ClassHierarchy$ClassExclusion : <Primordial,Ljavafx/scene/input/ContextMenuEvent> No superclass found for <Primordial,Ljavafx/event/Event> Superclass name Ljava/util/EventObject
139. [Moderate] class com.ibm.wala.ipa.cha.ClassHierarchy$ClassExclusion : <Primordial,Ljavafx/scene/input/DragEvent> No superclass found for <Primordial,Ljavafx/event/Event> Superclass name Ljava/util/EventObject
140. [Moderate] class com.ibm.wala.ipa.cha.ClassHierarchy$ClassExclusion : <Primordial,Ljavafx/scene/input/GestureEvent> No superclass found for <Primordial,Ljavafx/event/Event> Superclass name Ljava/util/EventObject
141. [Moderate] class com.ibm.wala.ipa.cha.ClassHierarchy$ClassExclusion : <Primordial,Ljavafx/scene/input/InputEvent> No superclass found for <Primordial,Ljavafx/event/Event> Superclass name Ljava/util/EventObject
142. [Moderate] class com.ibm.wala.ipa.cha.ClassHierarchy$ClassExclusion : <Primordial,Ljavafx/scene/input/InputMethodEvent> No superclass found for <Primordial,Ljavafx/event/Event> Superclass name Ljava/util/EventObject
143. [Moderate] class com.ibm.wala.ipa.cha.ClassHierarchy$ClassExclusion : <Primordial,Ljavafx/scene/input/KeyEvent$1> No superclass found for <Primordial,Ljavafx/scene/input/KeyEvent$1> Superclass name Lcom/sun/javafx/robot/impl/FXRobotHelper$FXRobotInputAccessor
144. [Moderate] class com.ibm.wala.ipa.cha.ClassHierarchy$ClassExclusion : <Primordial,Ljavafx/scene/input/KeyEvent> No superclass found for <Primordial,Ljavafx/event/Event> Superclass name Ljava/util/EventObject
145. [Moderate] class com.ibm.wala.ipa.cha.ClassHierarchy$ClassExclusion : <Primordial,Ljavafx/scene/input/MouseDragEvent> No superclass found for <Primordial,Ljavafx/event/Event> Superclass name Ljava/util/EventObject
146. [Moderate] class com.ibm.wala.ipa.cha.ClassHierarchy$ClassExclusion : <Primordial,Ljavafx/scene/input/MouseEvent> No superclass found for <Primordial,Ljavafx/event/Event> Superclass name Ljava/util/EventObject
147. [Moderate] class com.ibm.wala.ipa.cha.ClassHierarchy$ClassExclusion : <Primordial,Ljavafx/scene/input/RotateEvent> No superclass found for <Primordial,Ljavafx/event/Event> Superclass name Ljava/util/EventObject
148. [Moderate] class com.ibm.wala.ipa.cha.ClassHierarchy$ClassExclusion : <Primordial,Ljavafx/scene/input/ScrollEvent> No superclass found for <Primordial,Ljavafx/event/Event> Superclass name Ljava/util/EventObject
149. [Moderate] class com.ibm.wala.ipa.cha.ClassHierarchy$ClassExclusion : <Primordial,Ljavafx/scene/input/SwipeEvent> No superclass found for <Primordial,Ljavafx/event/Event> Superclass name Ljava/util/EventObject
150. [Moderate] class com.ibm.wala.ipa.cha.ClassHierarchy$ClassExclusion : <Primordial,Ljavafx/scene/input/TouchEvent> No superclass found for <Primordial,Ljavafx/event/Event> Superclass name Ljava/util/EventObject
151. [Moderate] class com.ibm.wala.ipa.cha.ClassHierarchy$ClassExclusion : <Primordial,Ljavafx/scene/input/ZoomEvent> No superclass found for <Primordial,Ljavafx/event/Event> Superclass name Ljava/util/EventObject
152. [Moderate] class com.ibm.wala.ipa.cha.ClassHierarchy$ClassExclusion : <Primordial,Ljavafx/scene/layout/BackgroundConverter> No superclass found for <Primordial,Ljavafx/scene/layout/BackgroundConverter> Superclass name Lcom/sun/javafx/css/StyleConverterImpl
153. [Moderate] class com.ibm.wala.ipa.cha.ClassHierarchy$ClassExclusion : <Primordial,Ljavafx/scene/layout/BorderConverter> No superclass found for <Primordial,Ljavafx/scene/layout/BorderConverter> Superclass name Lcom/sun/javafx/css/StyleConverterImpl
154. [Moderate] class com.ibm.wala.ipa.cha.ClassHierarchy$ClassExclusion : <Primordial,Ljavafx/scene/layout/GridPane$5> No superclass found for <Primordial,Ljavafx/scene/layout/GridPane$5> Superclass name Lcom/sun/javafx/collections/TrackableObservableList
155. [Moderate] class com.ibm.wala.ipa.cha.ClassHierarchy$ClassExclusion : <Primordial,Ljavafx/scene/layout/GridPane$6> No superclass found for <Primordial,Ljavafx/scene/layout/GridPane$6> Superclass name Lcom/sun/javafx/collections/TrackableObservableList
156. [Moderate] class com.ibm.wala.ipa.cha.ClassHierarchy$ClassExclusion : <Primordial,Ljavafx/scene/media/AudioEqualizer$Bands> No superclass found for <Primordial,Ljavafx/scene/media/AudioEqualizer$Bands> Superclass name Lcom/sun/javafx/collections/VetoableListDecorator
157. [Moderate] class com.ibm.wala.ipa.cha.ClassHierarchy$ClassExclusion : <Primordial,Ljavafx/scene/media/MediaErrorEvent> No superclass found for <Primordial,Ljavafx/event/Event> Superclass name Ljava/util/EventObject
158. [Moderate] class com.ibm.wala.ipa.cha.ClassHierarchy$ClassExclusion : <Primordial,Ljavafx/scene/media/MediaMarkerEvent> No superclass found for <Primordial,Ljavafx/event/Event> Superclass name Ljava/util/EventObject
159. [Moderate] class com.ibm.wala.ipa.cha.ClassHierarchy$ClassExclusion : <Primordial,Ljavafx/scene/media/MediaTimerTask> No superclass found for <Primordial,Ljavafx/scene/media/MediaTimerTask> Superclass name Ljava/util/TimerTask
160. [Moderate] class com.ibm.wala.ipa.cha.ClassHierarchy$ClassExclusion : <Primordial,Ljavafx/scene/media/NGMediaView> No superclass found for <Primordial,Ljavafx/scene/media/NGMediaView> Superclass name Lcom/sun/javafx/sg/prism/NGNode
161. [Moderate] class com.ibm.wala.ipa.cha.ClassHierarchy$ClassExclusion : <Primordial,Ljavafx/scene/paint/PhongMaterial$4> No superclass found for <Primordial,Ljavafx/scene/paint/PhongMaterial$4> Superclass name Lcom/sun/javafx/beans/event/AbstractNotifyListener
162. [Moderate] class com.ibm.wala.ipa.cha.ClassHierarchy$ClassExclusion : <Primordial,Ljavafx/scene/shape/Path$2> No superclass found for <Primordial,Ljavafx/scene/shape/Path$2> Superclass name Lcom/sun/javafx/collections/TrackableObservableList
163. [Moderate] class com.ibm.wala.ipa.cha.ClassHierarchy$ClassExclusion : <Primordial,Ljavafx/scene/shape/Polygon$1> No superclass found for <Primordial,Ljavafx/scene/shape/Polygon$1> Superclass name Lcom/sun/javafx/collections/TrackableObservableList
164. [Moderate] class com.ibm.wala.ipa.cha.ClassHierarchy$ClassExclusion : <Primordial,Ljavafx/scene/shape/Polyline$1> No superclass found for <Primordial,Ljavafx/scene/shape/Polyline$1> Superclass name Lcom/sun/javafx/collections/TrackableObservableList
165. [Moderate] class com.ibm.wala.ipa.cha.ClassHierarchy$ClassExclusion : <Primordial,Ljavafx/scene/shape/Shape$2> No superclass found for <Primordial,Ljavafx/scene/shape/Shape$2> Superclass name Lcom/sun/javafx/beans/event/AbstractNotifyListener
166. [Moderate] class com.ibm.wala.ipa.cha.ClassHierarchy$ClassExclusion : <Primordial,Ljavafx/scene/shape/Shape$StrokeAttributes$7> No superclass found for <Primordial,Ljavafx/scene/shape/Shape$StrokeAttributes$7> Superclass name Lcom/sun/javafx/collections/TrackableObservableList
167. [Moderate] class com.ibm.wala.ipa.cha.ClassHierarchy$ClassExclusion : <Primordial,Ljavafx/scene/transform/TransformChangedEvent> No superclass found for <Primordial,Ljavafx/event/Event> Superclass name Ljava/util/EventObject
168. [Moderate] class com.ibm.wala.ipa.cha.ClassHierarchy$ClassExclusion : <Primordial,Ljavafx/scene/web/WebEngine$AccessorImpl> No superclass found for <Primordial,Ljavafx/scene/web/WebEngine$AccessorImpl> Superclass name Lcom/sun/javafx/webkit/Accessor
169. [Moderate] class com.ibm.wala.ipa.cha.ClassHierarchy$ClassExclusion : <Primordial,Ljavafx/scene/web/WebEngine$Printable$Peer> No superclass found for <Primordial,Ljavafx/scene/web/WebEngine$Printable$Peer> Superclass name Lcom/sun/javafx/sg/prism/NGNode
170. [Moderate] class com.ibm.wala.ipa.cha.ClassHierarchy$ClassExclusion : <Primordial,Ljavafx/scene/web/WebErrorEvent> No superclass found for <Primordial,Ljavafx/event/Event> Superclass name Ljava/util/EventObject
171. [Moderate] class com.ibm.wala.ipa.cha.ClassHierarchy$ClassExclusion : <Primordial,Ljavafx/scene/web/WebEvent> No superclass found for <Primordial,Ljavafx/event/Event> Superclass name Ljava/util/EventObject
172. [Moderate] class com.ibm.wala.ipa.cha.ClassHierarchy$ClassExclusion : <Primordial,Ljavafx/stage/PopupWindow$PopupEventRedirector> No superclass found for <Primordial,Ljavafx/stage/PopupWindow$PopupEventRedirector> Superclass name Lcom/sun/javafx/event/EventRedirector
173. [Moderate] class com.ibm.wala.ipa.cha.ClassHierarchy$ClassExclusion : <Primordial,Ljavafx/stage/Stage$1> No superclass found for <Primordial,Ljavafx/stage/Stage$1> Superclass name Lcom/sun/javafx/robot/impl/FXRobotHelper$FXRobotStageAccessor
174. [Moderate] class com.ibm.wala.ipa.cha.ClassHierarchy$ClassExclusion : <Primordial,Ljavafx/stage/Stage$4> No superclass found for <Primordial,Ljavafx/stage/Stage$4> Superclass name Lcom/sun/javafx/collections/TrackableObservableList
175. [Moderate] class com.ibm.wala.ipa.cha.ClassHierarchy$ClassExclusion : <Primordial,Ljavafx/stage/WindowEvent> No superclass found for <Primordial,Ljavafx/event/Event> Superclass name Ljava/util/EventObject
176. [Moderate] class com.ibm.wala.ipa.cha.ClassHierarchy$ClassExclusion : <Primordial,Ljavax/accessibility/AccessibleResourceBundle> No superclass found for <Primordial,Ljavax/accessibility/AccessibleResourceBundle> Superclass name Ljava/util/ListResourceBundle
177. [Moderate] class com.ibm.wala.ipa.cha.ClassHierarchy$ClassExclusion : <Primordial,Ljavax/activation/ActivationDataFlavor> No superclass found for <Primordial,Ljavax/activation/ActivationDataFlavor> Superclass name Ljava/awt/datatransfer/DataFlavor
178. [Moderate] class com.ibm.wala.ipa.cha.ClassHierarchy$ClassExclusion : <Primordial,Ljavax/imageio/metadata/IIODOMException> No superclass found for <Primordial,Ljavax/imageio/metadata/IIODOMException> Superclass name Lorg/w3c/dom/DOMException
179. [Moderate] class com.ibm.wala.ipa.cha.ClassHierarchy$ClassExclusion : <Primordial,Ljavax/imageio/spi/PartiallyOrderedSet> No superclass found for <Primordial,Ljavax/imageio/spi/PartiallyOrderedSet> Superclass name Ljava/util/AbstractSet
180. [Moderate] class com.ibm.wala.ipa.cha.ClassHierarchy$ClassExclusion : <Primordial,Ljavax/management/AttributeChangeNotification> No superclass found for <Primordial,Ljavax/management/Notification> Superclass name Ljava/util/EventObject
181. [Moderate] class com.ibm.wala.ipa.cha.ClassHierarchy$ClassExclusion : <Primordial,Ljavax/management/AttributeList> No superclass found for <Primordial,Ljavax/management/AttributeList> Superclass name Ljava/util/ArrayList
182. [Moderate] class com.ibm.wala.ipa.cha.ClassHierarchy$ClassExclusion : <Primordial,Ljavax/management/MBeanServerNotification> No superclass found for <Primordial,Ljavax/management/Notification> Superclass name Ljava/util/EventObject
183. [Moderate] class com.ibm.wala.ipa.cha.ClassHierarchy$ClassExclusion : <Primordial,Ljavax/management/Notification> No superclass found for <Primordial,Ljavax/management/Notification> Superclass name Ljava/util/EventObject
184. [Moderate] class com.ibm.wala.ipa.cha.ClassHierarchy$ClassExclusion : <Primordial,Ljavax/management/monitor/MonitorNotification> No superclass found for <Primordial,Ljavax/management/Notification> Superclass name Ljava/util/EventObject
185. [Moderate] class com.ibm.wala.ipa.cha.ClassHierarchy$ClassExclusion : <Primordial,Ljavax/management/relation/RelationNotification> No superclass found for <Primordial,Ljavax/management/Notification> Superclass name Ljava/util/EventObject
186. [Moderate] class com.ibm.wala.ipa.cha.ClassHierarchy$ClassExclusion : <Primordial,Ljavax/management/relation/RoleList> No superclass found for <Primordial,Ljavax/management/relation/RoleList> Superclass name Ljava/util/ArrayList
187. [Moderate] class com.ibm.wala.ipa.cha.ClassHierarchy$ClassExclusion : <Primordial,Ljavax/management/relation/RoleUnresolvedList> No superclass found for <Primordial,Ljavax/management/relation/RoleUnresolvedList> Superclass name Ljava/util/ArrayList
188. [Moderate] class com.ibm.wala.ipa.cha.ClassHierarchy$ClassExclusion : <Primordial,Ljavax/management/remote/JMXConnectionNotification> No superclass found for <Primordial,Ljavax/management/Notification> Superclass name Ljava/util/EventObject
189. [Moderate] class com.ibm.wala.ipa.cha.ClassHierarchy$ClassExclusion : <Primordial,Ljavax/management/remote/rmi/RMIConnectionImpl$RMIServerCommunicatorAdmin> No superclass found for <Primordial,Ljavax/management/remote/rmi/RMIConnectionImpl$RMIServerCommunicatorAdmin> Superclass name Lcom/sun/jmx/remote/internal/ServerCommunicatorAdmin
190. [Moderate] class com.ibm.wala.ipa.cha.ClassHierarchy$ClassExclusion : <Primordial,Ljavax/management/remote/rmi/RMIConnector$RMIClientCommunicatorAdmin> No superclass found for <Primordial,Ljavax/management/remote/rmi/RMIConnector$RMIClientCommunicatorAdmin> Superclass name Lcom/sun/jmx/remote/internal/ClientCommunicatorAdmin
191. [Moderate] class com.ibm.wala.ipa.cha.ClassHierarchy$ClassExclusion : <Primordial,Ljavax/management/remote/rmi/RMIConnector$RMINotifClient> No superclass found for <Primordial,Ljavax/management/remote/rmi/RMIConnector$RMINotifClient> Superclass name Lcom/sun/jmx/remote/internal/ClientNotifForwarder
192. [Moderate] class com.ibm.wala.ipa.cha.ClassHierarchy$ClassExclusion : <Primordial,Ljavax/management/remote/rmi/_RMIConnectionImpl_Tie> No superclass found for <Primordial,Ljavax/management/remote/rmi/_RMIConnectionImpl_Tie> Superclass name Lorg/omg/CORBA_2_3/portable/ObjectImpl
193. [Moderate] class com.ibm.wala.ipa.cha.ClassHierarchy$ClassExclusion : <Primordial,Ljavax/management/remote/rmi/_RMIConnection_Stub> No superclass found for <Primordial,Ljavax/rmi/CORBA/Stub> Superclass name Lorg/omg/CORBA_2_3/portable/ObjectImpl
194. [Moderate] class com.ibm.wala.ipa.cha.ClassHierarchy$ClassExclusion : <Primordial,Ljavax/management/remote/rmi/_RMIServerImpl_Tie> No superclass found for <Primordial,Ljavax/management/remote/rmi/_RMIServerImpl_Tie> Superclass name Lorg/omg/CORBA_2_3/portable/ObjectImpl
195. [Moderate] class com.ibm.wala.ipa.cha.ClassHierarchy$ClassExclusion : <Primordial,Ljavax/management/remote/rmi/_RMIServer_Stub> No superclass found for <Primordial,Ljavax/rmi/CORBA/Stub> Superclass name Lorg/omg/CORBA_2_3/portable/ObjectImpl
196. [Moderate] class com.ibm.wala.ipa.cha.ClassHierarchy$ClassExclusion : <Primordial,Ljavax/management/timer/TimerAlarmClock> No superclass found for <Primordial,Ljavax/management/timer/TimerAlarmClock> Superclass name Ljava/util/TimerTask
197. [Moderate] class com.ibm.wala.ipa.cha.ClassHierarchy$ClassExclusion : <Primordial,Ljavax/management/timer/TimerAlarmClockNotification> No superclass found for <Primordial,Ljavax/management/Notification> Superclass name Ljava/util/EventObject
198. [Moderate] class com.ibm.wala.ipa.cha.ClassHierarchy$ClassExclusion : <Primordial,Ljavax/management/timer/TimerNotification> No superclass found for <Primordial,Ljavax/management/Notification> Superclass name Ljava/util/EventObject
199. [Moderate] class com.ibm.wala.ipa.cha.ClassHierarchy$ClassExclusion : <Primordial,Ljavax/naming/event/NamingEvent> No superclass found for <Primordial,Ljavax/naming/event/NamingEvent> Superclass name Ljava/util/EventObject
200. [Moderate] class com.ibm.wala.ipa.cha.ClassHierarchy$ClassExclusion : <Primordial,Ljavax/naming/event/NamingExceptionEvent> No superclass found for <Primordial,Ljavax/naming/event/NamingExceptionEvent> Superclass name Ljava/util/EventObject
201. [Moderate] class com.ibm.wala.ipa.cha.ClassHierarchy$ClassExclusion : <Primordial,Ljavax/naming/ldap/UnsolicitedNotificationEvent> No superclass found for <Primordial,Ljavax/naming/ldap/UnsolicitedNotificationEvent> Superclass name Ljava/util/EventObject
202. [Moderate] class com.ibm.wala.ipa.cha.ClassHierarchy$ClassExclusion : <Primordial,Ljavax/net/ssl/HandshakeCompletedEvent> No superclass found for <Primordial,Ljavax/net/ssl/HandshakeCompletedEvent> Superclass name Ljava/util/EventObject
203. [Moderate] class com.ibm.wala.ipa.cha.ClassHierarchy$ClassExclusion : <Primordial,Ljavax/net/ssl/SSLSessionBindingEvent> No superclass found for <Primordial,Ljavax/net/ssl/SSLSessionBindingEvent> Superclass name Ljava/util/EventObject
204. [Moderate] class com.ibm.wala.ipa.cha.ClassHierarchy$ClassExclusion : <Primordial,Ljavax/print/MimeType$ParameterMap> No superclass found for <Primordial,Ljavax/print/MimeType$ParameterMap> Superclass name Ljava/util/AbstractMap
205. [Moderate] class com.ibm.wala.ipa.cha.ClassHierarchy$ClassExclusion : <Primordial,Ljavax/print/MimeType$ParameterMapEntrySet> No superclass found for <Primordial,Ljavax/print/MimeType$ParameterMapEntrySet> Superclass name Ljava/util/AbstractSet
206. [Moderate] class com.ibm.wala.ipa.cha.ClassHierarchy$ClassExclusion : <Primordial,Ljavax/print/attribute/standard/JobStateReasons> No superclass found for <Primordial,Ljavax/print/attribute/standard/JobStateReasons> Superclass name Ljava/util/HashSet
207. [Moderate] class com.ibm.wala.ipa.cha.ClassHierarchy$ClassExclusion : <Primordial,Ljavax/print/attribute/standard/PrinterStateReasons$PrinterStateReasonSet> No superclass found for <Primordial,Ljavax/print/attribute/standard/PrinterStateReasons$PrinterStateReasonSet> Superclass name Ljava/util/AbstractSet
208. [Moderate] class com.ibm.wala.ipa.cha.ClassHierarchy$ClassExclusion : <Primordial,Ljavax/print/attribute/standard/PrinterStateReasons> No superclass found for <Primordial,Ljavax/print/attribute/standard/PrinterStateReasons> Superclass name Ljava/util/HashMap
209. [Moderate] class com.ibm.wala.ipa.cha.ClassHierarchy$ClassExclusion : <Primordial,Ljavax/print/event/PrintEvent> No superclass found for <Primordial,Ljavax/print/event/PrintEvent> Superclass name Ljava/util/EventObject
210. [Moderate] class com.ibm.wala.ipa.cha.ClassHierarchy$ClassExclusion : <Primordial,Ljavax/print/event/PrintJobAttributeEvent> No superclass found for <Primordial,Ljavax/print/event/PrintEvent> Superclass name Ljava/util/EventObject
211. [Moderate] class com.ibm.wala.ipa.cha.ClassHierarchy$ClassExclusion : <Primordial,Ljavax/print/event/PrintJobEvent> No superclass found for <Primordial,Ljavax/print/event/PrintEvent> Superclass name Ljava/util/EventObject
212. [Moderate] class com.ibm.wala.ipa.cha.ClassHierarchy$ClassExclusion : <Primordial,Ljavax/print/event/PrintServiceAttributeEvent> No superclass found for <Primordial,Ljavax/print/event/PrintEvent> Superclass name Ljava/util/EventObject
213. [Moderate] class com.ibm.wala.ipa.cha.ClassHierarchy$ClassExclusion : <Primordial,Ljavax/rmi/CORBA/Stub> No superclass found for <Primordial,Ljavax/rmi/CORBA/Stub> Superclass name Lorg/omg/CORBA_2_3/portable/ObjectImpl
214. [Moderate] class com.ibm.wala.ipa.cha.ClassHierarchy$ClassExclusion : <Primordial,Ljavax/security/auth/Subject$ClassSet> No superclass found for <Primordial,Ljavax/security/auth/Subject$ClassSet> Superclass name Ljava/util/AbstractSet
215. [Moderate] class com.ibm.wala.ipa.cha.ClassHierarchy$ClassExclusion : <Primordial,Ljavax/security/auth/Subject$SecureSet> No superclass found for <Primordial,Ljavax/security/auth/Subject$SecureSet> Superclass name Ljava/util/AbstractSet
216. [Moderate] class com.ibm.wala.ipa.cha.ClassHierarchy$ClassExclusion : <Primordial,Ljavax/security/auth/SubjectDomainCombiner$WeakKeyValueMap> No superclass found for <Primordial,Ljavax/security/auth/SubjectDomainCombiner$WeakKeyValueMap> Superclass name Ljava/util/WeakHashMap
217. [Moderate] class com.ibm.wala.ipa.cha.ClassHierarchy$ClassExclusion : <Primordial,Ljavax/smartcardio/TerminalFactory$NoneProvider> No superclass found for <Primordial,Ljava/security/Provider> Superclass name Ljava/util/Properties
218. [Moderate] class com.ibm.wala.ipa.cha.ClassHierarchy$ClassExclusion : <Primordial,Ljavax/sound/sampled/LineEvent> No superclass found for <Primordial,Ljavax/sound/sampled/LineEvent> Superclass name Ljava/util/EventObject
219. [Moderate] class com.ibm.wala.ipa.cha.ClassHierarchy$ClassExclusion : <Primordial,Ljavax/sql/ConnectionEvent> No superclass found for <Primordial,Ljavax/sql/ConnectionEvent> Superclass name Ljava/util/EventObject
220. [Moderate] class com.ibm.wala.ipa.cha.ClassHierarchy$ClassExclusion : <Primordial,Ljavax/sql/RowSetEvent> No superclass found for <Primordial,Ljavax/sql/RowSetEvent> Superclass name Ljava/util/EventObject
221. [Moderate] class com.ibm.wala.ipa.cha.ClassHierarchy$ClassExclusion : <Primordial,Ljavax/sql/StatementEvent> No superclass found for <Primordial,Ljavax/sql/StatementEvent> Superclass name Ljava/util/EventObject
222. [Moderate] class com.ibm.wala.ipa.cha.ClassHierarchy$ClassExclusion : <Primordial,Loracle/jrockit/jfr/Recording$1> No superclass found for <Primordial,Loracle/jrockit/jfr/Recording$1> Superclass name Ljava/util/TimerTask
223. [Moderate] class com.ibm.wala.ipa.cha.ClassHierarchy$ClassExclusion : <Primordial,Loracle/jrockit/jfr/Recording$2> No superclass found for <Primordial,Loracle/jrockit/jfr/Recording$2> Superclass name Ljava/util/TimerTask
224. [Moderate] class com.ibm.wala.ipa.cha.ClassHierarchy$ClassExclusion : <Primordial,Loracle/jrockit/jfr/events/EventHandlerImpl$1> No superclass found for <Primordial,Loracle/jrockit/jfr/events/EventHandlerImpl$1> Superclass name Ljava/util/TimerTask
225. [Moderate] class com.ibm.wala.ipa.cha.ClassHierarchy$ClassExclusion : <Primordial,Loracle/jrockit/jfr/jdkevents/throwabletransform/ConstructorTracerWriter> No superclass found for <Primordial,Loracle/jrockit/jfr/jdkevents/throwabletransform/ConstructorTracerWriter> Superclass name Ljdk/internal/org/objectweb/asm/ClassVisitor
226. [Moderate] class com.ibm.wala.ipa.cha.ClassHierarchy$ClassExclusion : <Primordial,Loracle/jrockit/jfr/jdkevents/throwabletransform/ConstructorWriter> No superclass found for <Primordial,Loracle/jrockit/jfr/jdkevents/throwabletransform/ConstructorWriter> Superclass name Ljdk/internal/org/objectweb/asm/MethodVisitor
227. [Moderate] class com.ibm.wala.ipa.cha.ClassHierarchy$ClassExclusion : <Primordial,Loracle/jrockit/jfr/openmbean/LazyImmutableJFRMBeanType$ImmutableCompositeData> No superclass found for <Primordial,Loracle/jrockit/jfr/openmbean/LazyImmutableJFRMBeanType$ImmutableCompositeData> Superclass name Lsun/management/LazyCompositeData
228. [Moderate] class com.ibm.wala.ipa.cha.ClassHierarchy$ClassExclusion : <Primordial,Lorg/jcp/xml/dsig/internal/dom/DOMUtils$NodeSet> No superclass found for <Primordial,Lorg/jcp/xml/dsig/internal/dom/DOMUtils$NodeSet> Superclass name Ljava/util/AbstractSet
229. [Moderate] class com.ibm.wala.ipa.cha.ClassHierarchy$ClassExclusion : <Primordial,Lorg/jcp/xml/dsig/internal/dom/XMLDSigRI> No superclass found for <Primordial,Ljava/security/Provider> Superclass name Ljava/util/Properties
230. [SEVERE] class com.ibm.wala.classLoader.BytecodeClass$ClassNotFoundWarning : Lcom/sun/javafx/application/PlatformImpl$FinishListener
231. [SEVERE] class com.ibm.wala.classLoader.BytecodeClass$ClassNotFoundWarning : Lcom/sun/javafx/collections/FloatArraySyncer
232. [SEVERE] class com.ibm.wala.classLoader.BytecodeClass$ClassNotFoundWarning : Lcom/sun/javafx/collections/IntegerArraySyncer
233. [SEVERE] class com.ibm.wala.classLoader.BytecodeClass$ClassNotFoundWarning : Lcom/sun/javafx/embed/EmbeddedSceneDSInterface
234. [SEVERE] class com.ibm.wala.classLoader.BytecodeClass$ClassNotFoundWarning : Lcom/sun/javafx/embed/HostInterface
235. [SEVERE] class com.ibm.wala.classLoader.BytecodeClass$ClassNotFoundWarning : Lcom/sun/javafx/print/PrintHelper$PrintAccessor
236. [SEVERE] class com.ibm.wala.classLoader.BytecodeClass$ClassNotFoundWarning : Lcom/sun/javafx/runtime/async/AsyncOperationListener
237. [SEVERE] class com.ibm.wala.classLoader.BytecodeClass$ClassNotFoundWarning : Lcom/sun/javafx/scene/CameraHelper$CameraAccessor
238. [SEVERE] class com.ibm.wala.classLoader.BytecodeClass$ClassNotFoundWarning : Lcom/sun/javafx/scene/NodeHelper$NodeAccessor
239. [SEVERE] class com.ibm.wala.classLoader.BytecodeClass$ClassNotFoundWarning : Lcom/sun/javafx/scene/SceneHelper$SceneAccessor
240. [SEVERE] class com.ibm.wala.classLoader.BytecodeClass$ClassNotFoundWarning : Lcom/sun/javafx/scene/SubSceneHelper$SubSceneAccessor
241. [SEVERE] class com.ibm.wala.classLoader.BytecodeClass$ClassNotFoundWarning : Lcom/sun/javafx/scene/control/FormatterAccessor
242. [SEVERE] class com.ibm.wala.classLoader.BytecodeClass$ClassNotFoundWarning : Lcom/sun/javafx/scene/input/ExtendedInputMethodRequests
243. [SEVERE] class com.ibm.wala.classLoader.BytecodeClass$ClassNotFoundWarning : Lcom/sun/javafx/scene/text/TextSpan
244. [SEVERE] class com.ibm.wala.classLoader.BytecodeClass$ClassNotFoundWarning : Lcom/sun/javafx/scene/web/Debugger
245. [SEVERE] class com.ibm.wala.classLoader.BytecodeClass$ClassNotFoundWarning : Lcom/sun/javafx/sg/prism/MediaFrameTracker
246. [SEVERE] class com.ibm.wala.classLoader.BytecodeClass$ClassNotFoundWarning : Lcom/sun/javafx/stage/ScreenHelper$ScreenAccessor
247. [SEVERE] class com.ibm.wala.classLoader.BytecodeClass$ClassNotFoundWarning : Lcom/sun/javafx/stage/StageHelper$StageAccessor
248. [SEVERE] class com.ibm.wala.classLoader.BytecodeClass$ClassNotFoundWarning : Lcom/sun/javafx/stage/StagePeerListener$StageAccessor
249. [SEVERE] class com.ibm.wala.classLoader.BytecodeClass$ClassNotFoundWarning : Lcom/sun/javafx/stage/WindowHelper$WindowAccessor
250. [SEVERE] class com.ibm.wala.classLoader.BytecodeClass$ClassNotFoundWarning : Lcom/sun/javafx/tk/TKDragGestureListener
251. [SEVERE] class com.ibm.wala.classLoader.BytecodeClass$ClassNotFoundWarning : Lcom/sun/javafx/tk/TKDragSourceListener
252. [SEVERE] class com.ibm.wala.classLoader.BytecodeClass$ClassNotFoundWarning : Lcom/sun/javafx/tk/TKDropTargetListener
253. [SEVERE] class com.ibm.wala.classLoader.BytecodeClass$ClassNotFoundWarning : Lcom/sun/javafx/tk/TKPulseListener
254. [SEVERE] class com.ibm.wala.classLoader.BytecodeClass$ClassNotFoundWarning : Lcom/sun/javafx/tk/TKSceneListener
255. [SEVERE] class com.ibm.wala.classLoader.BytecodeClass$ClassNotFoundWarning : Lcom/sun/javafx/tk/TKScenePaintListener
256. [SEVERE] class com.ibm.wala.classLoader.BytecodeClass$ClassNotFoundWarning : Lcom/sun/javafx/tk/Toolkit$ImageAccessor
257. [SEVERE] class com.ibm.wala.classLoader.BytecodeClass$ClassNotFoundWarning : Lcom/sun/javafx/tk/Toolkit$PaintAccessor
258. [SEVERE] class com.ibm.wala.classLoader.BytecodeClass$ClassNotFoundWarning : Lcom/sun/javafx/tk/Toolkit$WritableImageAccessor
259. [SEVERE] class com.ibm.wala.classLoader.BytecodeClass$ClassNotFoundWarning : Lcom/sun/jnlp/DownloadService2Impl$ResourceSpecAccess
260. [SEVERE] class com.ibm.wala.classLoader.BytecodeClass$ClassNotFoundWarning : Lcom/sun/media/jfxmedia/events/AudioSpectrumListener
261. [SEVERE] class com.ibm.wala.classLoader.BytecodeClass$ClassNotFoundWarning : Lcom/sun/media/jfxmedia/events/BufferListener
262. [SEVERE] class com.ibm.wala.classLoader.BytecodeClass$ClassNotFoundWarning : Lcom/sun/media/jfxmedia/events/MarkerListener
263. [SEVERE] class com.ibm.wala.classLoader.BytecodeClass$ClassNotFoundWarning : Lcom/sun/media/jfxmedia/events/MediaErrorListener
264. [SEVERE] class com.ibm.wala.classLoader.BytecodeClass$ClassNotFoundWarning : Lcom/sun/media/jfxmedia/events/MetadataListener
265. [SEVERE] class com.ibm.wala.classLoader.BytecodeClass$ClassNotFoundWarning : Lcom/sun/media/jfxmedia/events/PlayerStateListener
266. [SEVERE] class com.ibm.wala.classLoader.BytecodeClass$ClassNotFoundWarning : Lcom/sun/media/jfxmedia/events/PlayerTimeListener
267. [SEVERE] class com.ibm.wala.classLoader.BytecodeClass$ClassNotFoundWarning : Lcom/sun/media/jfxmedia/events/VideoRendererListener
268. [SEVERE] class com.ibm.wala.classLoader.BytecodeClass$ClassNotFoundWarning : Lcom/sun/media/jfxmedia/events/VideoTrackSizeListener
269. [SEVERE] class com.ibm.wala.classLoader.BytecodeClass$ClassNotFoundWarning : Lcom/sun/scenario/animation/shared/PulseReceiver
270. [SEVERE] class com.ibm.wala.classLoader.BytecodeClass$ClassNotFoundWarning : Lcom/sun/scenario/animation/shared/TimerReceiver
271. [SEVERE] class com.ibm.wala.classLoader.BytecodeClass$ClassNotFoundWarning : Lcom/sun/webkit/DisposerRecord
272. [SEVERE] class com.ibm.wala.classLoader.BytecodeClass$ClassNotFoundWarning : Lcom/sun/webkit/InspectorClient
273. [SEVERE] class com.ibm.wala.classLoader.BytecodeClass$ClassNotFoundWarning : Lcom/sun/webkit/LoadListenerClient
274. [SEVERE] class com.ibm.wala.classLoader.BytecodeClass$ClassNotFoundWarning : Lcom/sun/xml/internal/ws/api/ServiceSharedFeatureMarker
275. [SEVERE] class com.ibm.wala.classLoader.BytecodeClass$ClassNotFoundWarning : Ljava/awt/SecondaryLoop
276. [SEVERE] class com.ibm.wala.classLoader.BytecodeClass$ClassNotFoundWarning : Ljava/awt/datatransfer/Transferable
277. [SEVERE] class com.ibm.wala.classLoader.BytecodeClass$ClassNotFoundWarning : Ljava/awt/dnd/peer/DropTargetContextPeer
278. [SEVERE] class com.ibm.wala.classLoader.BytecodeClass$ClassNotFoundWarning : Ljava/awt/event/WindowFocusListener
279. [SEVERE] class com.ibm.wala.classLoader.BytecodeClass$ClassNotFoundWarning : Ljava/awt/im/InputMethodRequests
280. [SEVERE] class com.ibm.wala.classLoader.BytecodeClass$ClassNotFoundWarning : Ljava/util/Collection
281. [SEVERE] class com.ibm.wala.classLoader.BytecodeClass$ClassNotFoundWarning : Ljava/util/Comparator
282. [SEVERE] class com.ibm.wala.classLoader.BytecodeClass$ClassNotFoundWarning : Ljava/util/Enumeration
283. [SEVERE] class com.ibm.wala.classLoader.BytecodeClass$ClassNotFoundWarning : Ljava/util/EventListener
284. [SEVERE] class com.ibm.wala.classLoader.BytecodeClass$ClassNotFoundWarning : Ljava/util/Iterator
285. [SEVERE] class com.ibm.wala.classLoader.BytecodeClass$ClassNotFoundWarning : Ljava/util/List
286. [SEVERE] class com.ibm.wala.classLoader.BytecodeClass$ClassNotFoundWarning : Ljava/util/ListIterator
287. [SEVERE] class com.ibm.wala.classLoader.BytecodeClass$ClassNotFoundWarning : Ljava/util/Map
288. [SEVERE] class com.ibm.wala.classLoader.BytecodeClass$ClassNotFoundWarning : Ljava/util/Map$Entry
289. [SEVERE] class com.ibm.wala.classLoader.BytecodeClass$ClassNotFoundWarning : Ljava/util/PrimitiveIterator$OfInt
290. [SEVERE] class com.ibm.wala.classLoader.BytecodeClass$ClassNotFoundWarning : Ljava/util/Set
291. [SEVERE] class com.ibm.wala.classLoader.BytecodeClass$ClassNotFoundWarning : Ljava/util/Spliterator$OfInt
292. [SEVERE] class com.ibm.wala.classLoader.BytecodeClass$ClassNotFoundWarning : Ljava/util/concurrent/Callable
293. [SEVERE] class com.ibm.wala.classLoader.BytecodeClass$ClassNotFoundWarning : Ljava/util/concurrent/Executor
294. [SEVERE] class com.ibm.wala.classLoader.BytecodeClass$ClassNotFoundWarning : Ljava/util/concurrent/Future
295. [SEVERE] class com.ibm.wala.classLoader.BytecodeClass$ClassNotFoundWarning : Ljava/util/concurrent/ThreadFactory
296. [SEVERE] class com.ibm.wala.classLoader.BytecodeClass$ClassNotFoundWarning : Ljava/util/function/BiFunction
297. [SEVERE] class com.ibm.wala.classLoader.BytecodeClass$ClassNotFoundWarning : Ljava/util/function/Function
298. [SEVERE] class com.ibm.wala.classLoader.BytecodeClass$ClassNotFoundWarning : Ljava/util/function/Supplier
299. [SEVERE] class com.ibm.wala.classLoader.BytecodeClass$ClassNotFoundWarning : Ljdk/internal/instrumentation/Logger
300. [SEVERE] class com.ibm.wala.classLoader.BytecodeClass$ClassNotFoundWarning : Lorg/apache/maven/model/building/ModelProblemCollector
301. [SEVERE] class com.ibm.wala.classLoader.BytecodeClass$ClassNotFoundWarning : Lorg/apache/maven/model/profile/ProfileInjector
302. [SEVERE] class com.ibm.wala.classLoader.BytecodeClass$ClassNotFoundWarning : Lorg/apache/maven/model/profile/ProfileSelector
303. [SEVERE] class com.ibm.wala.classLoader.BytecodeClass$ClassNotFoundWarning : Lorg/apache/maven/model/resolution/ModelResolver
304. [SEVERE] class com.ibm.wala.classLoader.BytecodeClass$ClassNotFoundWarning : Lorg/eclipse/swt/dnd/DragSourceListener
305. [SEVERE] class com.ibm.wala.classLoader.BytecodeClass$ClassNotFoundWarning : Lorg/eclipse/swt/dnd/DropTargetListener
306. [SEVERE] class com.ibm.wala.classLoader.BytecodeClass$ClassNotFoundWarning : Lorg/eclipse/swt/events/ControlListener
307. [SEVERE] class com.ibm.wala.classLoader.BytecodeClass$ClassNotFoundWarning : Lorg/eclipse/swt/events/DisposeListener
308. [SEVERE] class com.ibm.wala.classLoader.BytecodeClass$ClassNotFoundWarning : Lorg/eclipse/swt/events/FocusListener
309. [SEVERE] class com.ibm.wala.classLoader.BytecodeClass$ClassNotFoundWarning : Lorg/eclipse/swt/events/KeyListener
310. [SEVERE] class com.ibm.wala.classLoader.BytecodeClass$ClassNotFoundWarning : Lorg/eclipse/swt/events/MouseListener
311. [SEVERE] class com.ibm.wala.classLoader.BytecodeClass$ClassNotFoundWarning : Lorg/eclipse/swt/events/MouseTrackListener
312. [SEVERE] class com.ibm.wala.classLoader.BytecodeClass$ClassNotFoundWarning : Lorg/omg/CORBA/portable/InvokeHandler
313. [SEVERE] class com.ibm.wala.classLoader.BytecodeClass$ClassNotFoundWarning : Lorg/w3c/dom/Attr
314. [SEVERE] class com.ibm.wala.classLoader.BytecodeClass$ClassNotFoundWarning : Lorg/w3c/dom/Document
315. [SEVERE] class com.ibm.wala.classLoader.BytecodeClass$ClassNotFoundWarning : Lorg/w3c/dom/Element
316. [SEVERE] class com.ibm.wala.classLoader.BytecodeClass$ClassNotFoundWarning : Lorg/w3c/dom/NamedNodeMap
317. [SEVERE] class com.ibm.wala.classLoader.BytecodeClass$ClassNotFoundWarning : Lorg/w3c/dom/Node
318. [SEVERE] class com.ibm.wala.classLoader.BytecodeClass$ClassNotFoundWarning : Lorg/w3c/dom/NodeList
319. [SEVERE] class com.ibm.wala.classLoader.BytecodeClass$ClassNotFoundWarning : Lorg/w3c/dom/Text
320. [SEVERE] class com.ibm.wala.classLoader.BytecodeClass$ClassNotFoundWarning : Lsun/awt/AWTAccessor$AccessibleContextAccessor
321. [SEVERE] class com.ibm.wala.classLoader.BytecodeClass$ClassNotFoundWarning : Lsun/awt/FwDispatcher
322. [SEVERE] class com.ibm.wala.classLoader.BytecodeClass$ClassNotFoundWarning : Lsun/java2d/DisposerRecord
323. [SEVERE] class com.ibm.wala.classLoader.BytecodeClass$ClassNotFoundWarning : Lsun/misc/JavaIOAccess
324. [SEVERE] class com.ibm.wala.classLoader.BytecodeClass$ClassNotFoundWarning : Lsun/misc/JavaIOFileDescriptorAccess
325. [SEVERE] class com.ibm.wala.classLoader.BytecodeClass$ClassNotFoundWarning : Lsun/misc/JavaLangAccess
326. [SEVERE] class com.ibm.wala.classLoader.BytecodeClass$ClassNotFoundWarning : Lsun/misc/JavaLangRefAccess
327. [SEVERE] class com.ibm.wala.classLoader.BytecodeClass$ClassNotFoundWarning : Lsun/misc/JavaNetAccess
328. [SEVERE] class com.ibm.wala.classLoader.BytecodeClass$ClassNotFoundWarning : Lsun/misc/JavaNetHttpCookieAccess
329. [SEVERE] class com.ibm.wala.classLoader.BytecodeClass$ClassNotFoundWarning : Lsun/misc/JavaNioAccess
330. [SEVERE] class com.ibm.wala.classLoader.BytecodeClass$ClassNotFoundWarning : Lsun/misc/JavaNioAccess$BufferPool
331. [SEVERE] class com.ibm.wala.classLoader.BytecodeClass$ClassNotFoundWarning : Lsun/misc/JavaOISAccess
332. [SEVERE] class com.ibm.wala.classLoader.BytecodeClass$ClassNotFoundWarning : Lsun/misc/JavaSecurityAccess
333. [SEVERE] class com.ibm.wala.classLoader.BytecodeClass$ClassNotFoundWarning : Lsun/misc/JavaSecurityProtectionDomainAccess
334. [SEVERE] class com.ibm.wala.classLoader.BytecodeClass$ClassNotFoundWarning : Lsun/misc/JavaSecurityProtectionDomainAccess$ProtectionDomainCache
335. [SEVERE] class com.ibm.wala.classLoader.BytecodeClass$ClassNotFoundWarning : Lsun/misc/ObjectInputFilter$FilterInfo
336. [SEVERE] class com.ibm.wala.classLoader.BytecodeClass$ClassNotFoundWarning : Lsun/misc/SignalHandler
337. [SEVERE] class com.ibm.wala.classLoader.BytecodeClass$ClassNotFoundWarning : Lsun/net/spi/nameservice/NameService
338. [SEVERE] class com.ibm.wala.classLoader.BytecodeClass$ClassNotFoundWarning : Lsun/nio/ch/DirectBuffer
339. [SEVERE] class com.ibm.wala.classLoader.BytecodeClass$ClassNotFoundWarning : Lsun/nio/ch/Interruptible
340. [SEVERE] class com.ibm.wala.classLoader.BytecodeClass$ClassNotFoundWarning : Lsun/reflect/LangReflectAccess
341. [SEVERE] class com.ibm.wala.classLoader.BytecodeClass$ClassNotFoundWarning : Lsun/rmi/server/DeserializationChecker
342. [SEVERE] class com.ibm.wala.classLoader.BytecodeClass$ClassNotFoundWarning : Lsun/security/krb5/JavaxSecurityAuthKerberosAccess
343. [SEVERE] class com.ibm.wala.classLoader.BytecodeClass$ClassNotFoundWarning : Lsun/swing/LightweightContent

	at com.ibm.wala.ipa.callgraph.propagation.PropagationCallGraphBuilder.makeCallGraph(PropagationCallGraphBuilder.java:263)
	at slicer.ClassAnalyzer.initialize(ClassAnalyzer.java:79)
	at slicer.ClassAnalyzer.<init>(ClassAnalyzer.java:39)
	at slicer.Slicer.<init>(Slicer.java:30)
	at linker.UnitTestLinker.getSlicer(UnitTestLinker.java:117)
	at linker.methods.BytecodeAnalysisWithLargestMatchingClass.initialize(BytecodeAnalysisWithLargestMatchingClass.java:31)
	at application.LinkBasedOnQueue.getUnitTestLinker(LinkBasedOnQueue.java:226)
	at application.LinkBasedOnQueue.processTest(LinkBasedOnQueue.java:191)
	at application.LinkBasedOnQueue.main(LinkBasedOnQueue.java:107)
