Tue May 15 19:03:17 UTC 2018: Database:jdbc:mysql://localhost:3306/unittests
Tue May 15 19:03:17 UTC 2018: Starting
Tue May 15 19:03:18 UTC 2018: Found element on the queue
Tue May 15 19:03:18 UTC 2018: Updating status
Tue May 15 19:03:18 UTC 2018: Working
Tue May 15 19:03:18 UTC 2018: Create project parser
Tue May 15 19:03:23 UTC 2018: Create slicer
Tue May 15 19:03:26 UTC 2018: Create call graph
Tue May 15 19:03:30 UTC 2018: Create point analysis
Tue May 15 19:03:30 UTC 2018: Create call graph done
Tue May 15 19:03:30 UTC 2018: Start gscacco__cipango test class org.cipango.annotations.SipApplicationKeyAnnotationHandlerTest
Tue May 15 19:03:30 UTC 2018: Setting lastTestMethodIndex: 43616
Tue May 15 19:03:30 UTC 2018: Starting linking
Tue May 15 19:03:30 UTC 2018: No link for: org.cipango.annotations.SipApplicationKeyAnnotationHandlerTest-testBadReturnType
Tue May 15 19:03:30 UTC 2018: None match not added in database because it already exists
Tue May 15 19:03:30 UTC 2018: No link for: org.cipango.annotations.SipApplicationKeyAnnotationHandlerTest-testApplicationKey
Tue May 15 19:03:30 UTC 2018: None match not added in database because it already exists
Tue May 15 19:03:30 UTC 2018: No link for: org.cipango.annotations.SipApplicationKeyAnnotationHandlerTest-testNotPublic
Tue May 15 19:03:30 UTC 2018: None match not added in database because it already exists
Tue May 15 19:03:30 UTC 2018: No link for: org.cipango.annotations.SipApplicationKeyAnnotationHandlerTest-testBadArgument
Tue May 15 19:03:30 UTC 2018: None match not added in database because it already exists
Tue May 15 19:03:30 UTC 2018: Linking done for gscacco__cipango test class org.cipango.annotations.SipApplicationKeyAnnotationHandlerTest
Tue May 15 19:03:31 UTC 2018: Found element on the queue
Tue May 15 19:03:31 UTC 2018: Updating status
Tue May 15 19:03:31 UTC 2018: Working
Tue May 15 19:03:35 UTC 2018: Start gscacco__cipango test class org.cipango.annotations.SipServletAnnotationHandlerTest
Tue May 15 19:03:35 UTC 2018: Setting lastTestMethodIndex: 43620
Tue May 15 19:03:35 UTC 2018: Starting linking
Tue May 15 19:03:35 UTC 2018: No link for: org.cipango.annotations.SipServletAnnotationHandlerTest-testAnnotedServlet
Tue May 15 19:03:35 UTC 2018: None match not added in database because it already exists
Tue May 15 19:03:35 UTC 2018: Linking done for gscacco__cipango test class org.cipango.annotations.SipServletAnnotationHandlerTest
Tue May 15 19:03:35 UTC 2018: Found element on the queue
Tue May 15 19:03:35 UTC 2018: Updating status
Tue May 15 19:03:36 UTC 2018: Working
Tue May 15 19:03:36 UTC 2018: Create project parser
Tue May 15 19:03:39 UTC 2018: Start gscacco__cipango test class org.cipango.dar.DARConfigurationTest
Tue May 15 19:03:39 UTC 2018: Setting lastTestMethodIndex: 43624
Tue May 15 19:03:39 UTC 2018: Starting linking
Tue May 15 19:03:39 UTC 2018: No link for: org.cipango.dar.DARConfigurationTest-testConfig
Tue May 15 19:03:40 UTC 2018: None match not added in database because it already exists
Tue May 15 19:03:40 UTC 2018: Linking done for gscacco__cipango test class org.cipango.dar.DARConfigurationTest
Tue May 15 19:03:41 UTC 2018: Found element on the queue
Tue May 15 19:03:41 UTC 2018: Updating status
Tue May 15 19:03:41 UTC 2018: Working
Tue May 15 19:03:41 UTC 2018: Create project parser
Tue May 15 19:03:46 UTC 2018: Start gscacco__cipango test class org.cipango.diameter.node.ApplicationIdTest
Tue May 15 19:03:46 UTC 2018: Setting lastTestMethodIndex: 43630
Tue May 15 19:03:46 UTC 2018: Starting linking
Tue May 15 19:03:46 UTC 2018: Code found org.cipango.diameter.ApplicationId-ofAVP with org.cipango.diameter.node.ApplicationIdTest-testOfAvp
Tue May 15 19:03:47 UTC 2018: Match not added in database because it already exists
Tue May 15 19:03:47 UTC 2018: No link for: org.cipango.diameter.node.ApplicationIdTest-test2
Tue May 15 19:03:47 UTC 2018: None match not added in database because it already exists
Tue May 15 19:03:47 UTC 2018: Linking done for gscacco__cipango test class org.cipango.diameter.node.ApplicationIdTest
Tue May 15 19:03:48 UTC 2018: Found element on the queue
Tue May 15 19:03:48 UTC 2018: Updating status
Tue May 15 19:03:48 UTC 2018: Working
Tue May 15 19:03:51 UTC 2018: Start gscacco__cipango test class org.cipango.diameter.io.TestMessageCodec
Tue May 15 19:03:51 UTC 2018: Setting lastTestMethodIndex: 43634
Tue May 15 19:03:51 UTC 2018: Starting linking
Tue May 15 19:03:51 UTC 2018: Code found org.cipango.diameter.io.MessageCodec-decode with org.cipango.diameter.io.TestMessageCodec-testDecodeSAR
Tue May 15 19:03:52 UTC 2018: Match not added in database because it already exists
Tue May 15 19:03:52 UTC 2018: Code found org.cipango.diameter.io.MessageCodec-decode with org.cipango.diameter.io.TestMessageCodec-testDecodeLIA
Tue May 15 19:03:52 UTC 2018: Match not added in database because it already exists
Tue May 15 19:03:52 UTC 2018: Code found org.cipango.diameter.io.MessageCodec-encode with org.cipango.diameter.io.TestMessageCodec-testEncodeCEA
Tue May 15 19:03:52 UTC 2018: Match not added in database because it already exists
Tue May 15 19:03:52 UTC 2018: Code found org.cipango.diameter.io.MessageCodec-encode with org.cipango.diameter.io.TestMessageCodec-testEncodeSmallBuffer
Tue May 15 19:03:52 UTC 2018: Match not added in database because it already exists
Tue May 15 19:03:52 UTC 2018: Linking done for gscacco__cipango test class org.cipango.diameter.io.TestMessageCodec
Tue May 15 19:03:53 UTC 2018: Found element on the queue
Tue May 15 19:03:53 UTC 2018: Updating status
Tue May 15 19:03:53 UTC 2018: Working
Tue May 15 19:03:57 UTC 2018: Start gscacco__cipango test class org.cipango.diameter.io.DataFormatTest
Tue May 15 19:03:57 UTC 2018: Setting lastTestMethodIndex: 43639
Tue May 15 19:03:57 UTC 2018: Starting linking
Tue May 15 19:03:57 UTC 2018: No link for: org.cipango.diameter.io.DataFormatTest-testAddress
Tue May 15 19:03:57 UTC 2018: None match not added in database because it already exists
Tue May 15 19:03:57 UTC 2018: No link for: org.cipango.diameter.io.DataFormatTest-testUtf8String
Tue May 15 19:03:57 UTC 2018: None match not added in database because it already exists
Tue May 15 19:03:57 UTC 2018: No link for: org.cipango.diameter.io.DataFormatTest-testDate
Tue May 15 19:03:57 UTC 2018: None match not added in database because it already exists
Tue May 15 19:03:57 UTC 2018: No link for: org.cipango.diameter.io.DataFormatTest-testOctetString
Tue May 15 19:03:58 UTC 2018: None match not added in database because it already exists
Tue May 15 19:03:58 UTC 2018: No link for: org.cipango.diameter.io.DataFormatTest-testUnsigned32
Tue May 15 19:03:58 UTC 2018: None match not added in database because it already exists
Tue May 15 19:03:58 UTC 2018: Linking done for gscacco__cipango test class org.cipango.diameter.io.DataFormatTest
Tue May 15 19:03:59 UTC 2018: Found element on the queue
Tue May 15 19:03:59 UTC 2018: Updating status
Tue May 15 19:03:59 UTC 2018: Working
Tue May 15 19:04:02 UTC 2018: Start gscacco__cipango test class org.cipango.diameter.util.AAAUriTest
Tue May 15 19:04:02 UTC 2018: Setting lastTestMethodIndex: 43644
Tue May 15 19:04:02 UTC 2018: Starting linking
Tue May 15 19:04:02 UTC 2018: No link for: org.cipango.diameter.util.AAAUriTest-testParameters
Tue May 15 19:04:02 UTC 2018: None match not added in database because it already exists
Tue May 15 19:04:02 UTC 2018: No link for: org.cipango.diameter.util.AAAUriTest-testParse
Tue May 15 19:04:03 UTC 2018: None match not added in database because it already exists
Tue May 15 19:04:03 UTC 2018: Linking done for gscacco__cipango test class org.cipango.diameter.util.AAAUriTest
Tue May 15 19:04:04 UTC 2018: Found element on the queue
Tue May 15 19:04:04 UTC 2018: Updating status
Tue May 15 19:04:04 UTC 2018: Working
Tue May 15 19:04:07 UTC 2018: Start gscacco__cipango test class org.cipango.diameter.io.CodecTest
Tue May 15 19:04:07 UTC 2018: Setting lastTestMethodIndex: 43648
Tue May 15 19:04:07 UTC 2018: Starting linking
Tue May 15 19:04:07 UTC 2018: No link for: org.cipango.diameter.io.CodecTest-testSize
Tue May 15 19:04:07 UTC 2018: None match not added in database because it already exists
Tue May 15 19:04:07 UTC 2018: Linking done for gscacco__cipango test class org.cipango.diameter.io.CodecTest
Tue May 15 19:04:08 UTC 2018: Found element on the queue
Tue May 15 19:04:08 UTC 2018: Updating status
Tue May 15 19:04:08 UTC 2018: Working
Tue May 15 19:04:11 UTC 2018: Start gscacco__cipango test class org.cipango.diameter.io.AVPCodecTest
Tue May 15 19:04:11 UTC 2018: Setting lastTestMethodIndex: 43652
Tue May 15 19:04:11 UTC 2018: Starting linking
Tue May 15 19:04:11 UTC 2018: No link for: org.cipango.diameter.io.AVPCodecTest-testAVPCodec
Tue May 15 19:04:11 UTC 2018: None match not added in database because it already exists
Tue May 15 19:04:11 UTC 2018: No link for: org.cipango.diameter.io.AVPCodecTest-testPadding
Tue May 15 19:04:11 UTC 2018: None match not added in database because it already exists
Tue May 15 19:04:11 UTC 2018: Linking done for gscacco__cipango test class org.cipango.diameter.io.AVPCodecTest
Tue May 15 19:04:12 UTC 2018: Found element on the queue
Tue May 15 19:04:12 UTC 2018: Updating status
Tue May 15 19:04:12 UTC 2018: Working
Tue May 15 19:04:12 UTC 2018: Create project parser
Tue May 15 19:04:19 UTC 2018: Start gscacco__cipango test class org.cipango.sip.security.AuthenticateTest
Tue May 15 19:04:19 UTC 2018: Setting lastTestMethodIndex: 43658
Tue May 15 19:04:19 UTC 2018: Starting linking
Tue May 15 19:04:19 UTC 2018: Code found org.cipango.sip.security.Authenticate-toString with org.cipango.sip.security.AuthenticateTest-testToString
Tue May 15 19:04:20 UTC 2018: Match not added in database because it already exists
Tue May 15 19:04:20 UTC 2018: No link for: org.cipango.sip.security.AuthenticateTest-testUnknowmParam
Tue May 15 19:04:20 UTC 2018: None match not added in database because it already exists
Tue May 15 19:04:20 UTC 2018: No link for: org.cipango.sip.security.AuthenticateTest-testParameters
Tue May 15 19:04:20 UTC 2018: None match not added in database because it already exists
Tue May 15 19:04:20 UTC 2018: No link for: org.cipango.sip.security.AuthenticateTest-testNoQuore
Tue May 15 19:04:20 UTC 2018: None match not added in database because it already exists
Tue May 15 19:04:20 UTC 2018: Linking done for gscacco__cipango test class org.cipango.sip.security.AuthenticateTest
Tue May 15 19:04:21 UTC 2018: Found element on the queue
Tue May 15 19:04:21 UTC 2018: Updating status
Tue May 15 19:04:21 UTC 2018: Working
Tue May 15 19:04:24 UTC 2018: Start gscacco__cipango test class org.cipango.sip.security.AuthorizationTest
Tue May 15 19:04:24 UTC 2018: Setting lastTestMethodIndex: 43662
Tue May 15 19:04:24 UTC 2018: Starting linking
Tue May 15 19:04:24 UTC 2018: Code found org.cipango.sip.security.Authorization-toString with org.cipango.sip.security.AuthorizationTest-testToString
Tue May 15 19:04:24 UTC 2018: Match not added in database because it already exists
Tue May 15 19:04:24 UTC 2018: No link for: org.cipango.sip.security.AuthorizationTest-testDigestAuthenticator
Tue May 15 19:04:24 UTC 2018: None match not added in database because it already exists
Tue May 15 19:04:24 UTC 2018: No link for: org.cipango.sip.security.AuthorizationTest-testGetParameters
Tue May 15 19:04:24 UTC 2018: None match not added in database because it already exists
Tue May 15 19:04:24 UTC 2018: No link for: org.cipango.sip.security.AuthorizationTest-testGenerateResponse
Tue May 15 19:04:25 UTC 2018: None match not added in database because it already exists
Tue May 15 19:04:25 UTC 2018: Linking done for gscacco__cipango test class org.cipango.sip.security.AuthorizationTest
Tue May 15 19:04:25 UTC 2018: Found element on the queue
Tue May 15 19:04:25 UTC 2018: Updating status
Tue May 15 19:04:25 UTC 2018: Working
Tue May 15 19:04:28 UTC 2018: Start gscacco__cipango test class org.cipango.util.TimerQueueTest
Tue May 15 19:04:28 UTC 2018: Setting lastTestMethodIndex: 43668
Tue May 15 19:04:28 UTC 2018: Starting linking
Tue May 15 19:04:28 UTC 2018: Code found org.cipango.util.TimerQueue-remove with org.cipango.util.TimerQueueTest-testRemove
Tue May 15 19:04:29 UTC 2018: Match not added in database because it already exists
Tue May 15 19:04:29 UTC 2018: No link for: org.cipango.util.TimerQueueTest-testFailed
Tue May 15 19:04:29 UTC 2018: None match not added in database because it already exists
Tue May 15 19:04:29 UTC 2018: No link for: org.cipango.util.TimerQueueTest-testReschedule
Tue May 15 19:04:29 UTC 2018: None match not added in database because it already exists
Tue May 15 19:04:29 UTC 2018: No link for: org.cipango.util.TimerQueueTest-testPriority
Tue May 15 19:04:29 UTC 2018: None match not added in database because it already exists
Tue May 15 19:04:29 UTC 2018: Linking done for gscacco__cipango test class org.cipango.util.TimerQueueTest
Tue May 15 19:04:30 UTC 2018: Found element on the queue
Tue May 15 19:04:30 UTC 2018: Updating status
Tue May 15 19:04:30 UTC 2018: Working
Tue May 15 19:04:33 UTC 2018: Start gscacco__cipango test class org.cipango.sip.ParameterableTest
Tue May 15 19:04:33 UTC 2018: Setting lastTestMethodIndex: 43672
Tue May 15 19:04:33 UTC 2018: Starting linking
Tue May 15 19:04:33 UTC 2018: No link for: org.cipango.sip.ParameterableTest-testString
Tue May 15 19:04:33 UTC 2018: None match not added in database because it already exists
Tue May 15 19:04:33 UTC 2018: No link for: org.cipango.sip.ParameterableTest-testParse
Tue May 15 19:04:33 UTC 2018: None match not added in database because it already exists
Tue May 15 19:04:33 UTC 2018: Linking done for gscacco__cipango test class org.cipango.sip.ParameterableTest
Tue May 15 19:04:34 UTC 2018: Found element on the queue
Tue May 15 19:04:34 UTC 2018: Updating status
Tue May 15 19:04:34 UTC 2018: Working
Tue May 15 19:04:38 UTC 2018: Start gscacco__cipango test class org.cipango.server.TreeTest
Tue May 15 19:04:38 UTC 2018: Setting lastTestMethodIndex: 43677
Tue May 15 19:04:38 UTC 2018: Starting linking
Tue May 15 19:04:38 UTC 2018: Linking done for gscacco__cipango test class org.cipango.server.TreeTest
Tue May 15 19:04:38 UTC 2018: Found element on the queue
Tue May 15 19:04:38 UTC 2018: Updating status
Tue May 15 19:04:38 UTC 2018: Working
Tue May 15 19:04:42 UTC 2018: Start gscacco__cipango test class org.cipango.xml.TestListener
Tue May 15 19:04:42 UTC 2018: Setting lastTestMethodIndex: 43680
Tue May 15 19:04:42 UTC 2018: Starting linking
Tue May 15 19:04:42 UTC 2018: Linking done for gscacco__cipango test class org.cipango.xml.TestListener
Tue May 15 19:04:43 UTC 2018: Found element on the queue
Tue May 15 19:04:43 UTC 2018: Updating status
Tue May 15 19:04:43 UTC 2018: Working
Tue May 15 19:04:46 UTC 2018: Start gscacco__cipango test class org.cipango.server.ProxyTest
Tue May 15 19:04:46 UTC 2018: Setting lastTestMethodIndex: 43683
Tue May 15 19:04:46 UTC 2018: Starting linking
Tue May 15 19:04:46 UTC 2018: Linking done for gscacco__cipango test class org.cipango.server.ProxyTest
Tue May 15 19:04:47 UTC 2018: Found element on the queue
Tue May 15 19:04:47 UTC 2018: Updating status
Tue May 15 19:04:47 UTC 2018: Working
Tue May 15 19:04:50 UTC 2018: Start gscacco__cipango test class org.cipango.util.LazyMapTest
Tue May 15 19:04:50 UTC 2018: Setting lastTestMethodIndex: 43687
Tue May 15 19:04:50 UTC 2018: Starting linking
Tue May 15 19:04:50 UTC 2018: No link for: org.cipango.util.LazyMapTest-testMap
Tue May 15 19:04:50 UTC 2018: None match not added in database because it already exists
Tue May 15 19:04:50 UTC 2018: Linking done for gscacco__cipango test class org.cipango.util.LazyMapTest
Tue May 15 19:04:51 UTC 2018: Found element on the queue
Tue May 15 19:04:51 UTC 2018: Updating status
Tue May 15 19:04:51 UTC 2018: Working
Tue May 15 19:04:55 UTC 2018: Start gscacco__cipango test class org.cipango.server.IDTest
Tue May 15 19:04:55 UTC 2018: Setting lastTestMethodIndex: 43690
Tue May 15 19:04:55 UTC 2018: Starting linking
Tue May 15 19:04:55 UTC 2018: No link for: org.cipango.server.IDTest-testCallId
Tue May 15 19:04:55 UTC 2018: None match not added in database because it already exists
Tue May 15 19:04:55 UTC 2018: Linking done for gscacco__cipango test class org.cipango.server.IDTest
Tue May 15 19:04:57 UTC 2018: Found element on the queue
Tue May 15 19:04:57 UTC 2018: Updating status
Tue May 15 19:04:57 UTC 2018: Working
Tue May 15 19:05:00 UTC 2018: Start gscacco__cipango test class org.cipango.util.ListTest
Tue May 15 19:05:00 UTC 2018: Setting lastTestMethodIndex: 43695
Tue May 15 19:05:00 UTC 2018: Starting linking
Tue May 15 19:05:00 UTC 2018: No link for: org.cipango.util.ListTest-testList
Tue May 15 19:05:00 UTC 2018: None match not added in database because it already exists
Tue May 15 19:05:00 UTC 2018: Linking done for gscacco__cipango test class org.cipango.util.ListTest
Tue May 15 19:05:01 UTC 2018: Found element on the queue
Tue May 15 19:05:01 UTC 2018: Updating status
Tue May 15 19:05:01 UTC 2018: Working
Tue May 15 19:05:05 UTC 2018: Start gscacco__cipango test class org.cipango.sip.RAckTest
Tue May 15 19:05:05 UTC 2018: Setting lastTestMethodIndex: 43700
Tue May 15 19:05:05 UTC 2018: Starting linking
Tue May 15 19:05:05 UTC 2018: No link for: org.cipango.sip.RAckTest-testParse
Tue May 15 19:05:05 UTC 2018: None match not added in database because it already exists
Tue May 15 19:05:05 UTC 2018: Linking done for gscacco__cipango test class org.cipango.sip.RAckTest
Tue May 15 19:05:06 UTC 2018: Found element on the queue
Tue May 15 19:05:06 UTC 2018: Updating status
Tue May 15 19:05:06 UTC 2018: Working
Tue May 15 19:05:09 UTC 2018: Start gscacco__cipango test class org.cipango.server.SipMessageTest
Tue May 15 19:05:09 UTC 2018: Setting lastTestMethodIndex: 43704
Tue May 15 19:05:09 UTC 2018: Starting linking
Tue May 15 19:05:09 UTC 2018: No link for: org.cipango.server.SipMessageTest-testProxyAddress
Tue May 15 19:05:09 UTC 2018: None match not added in database because it already exists
Tue May 15 19:05:09 UTC 2018: Linking done for gscacco__cipango test class org.cipango.server.SipMessageTest
Tue May 15 19:05:10 UTC 2018: Found element on the queue
Tue May 15 19:05:10 UTC 2018: Updating status
Tue May 15 19:05:10 UTC 2018: Working
Tue May 15 19:05:13 UTC 2018: Start gscacco__cipango test class org.cipango.sip.SipCharsetTest
Tue May 15 19:05:13 UTC 2018: Setting lastTestMethodIndex: 43708
Tue May 15 19:05:13 UTC 2018: Starting linking
Tue May 15 19:05:13 UTC 2018: No link for: org.cipango.sip.SipCharsetTest-testCharset
Tue May 15 19:05:13 UTC 2018: None match not added in database because it already exists
Tue May 15 19:05:13 UTC 2018: Linking done for gscacco__cipango test class org.cipango.sip.SipCharsetTest
Tue May 15 19:05:14 UTC 2018: Found element on the queue
Tue May 15 19:05:14 UTC 2018: Updating status
Tue May 15 19:05:14 UTC 2018: Working
Tue May 15 19:05:17 UTC 2018: Start gscacco__cipango test class org.cipango.sip.SipGrammarTest
Tue May 15 19:05:17 UTC 2018: Setting lastTestMethodIndex: 43713
Tue May 15 19:05:17 UTC 2018: Starting linking
Tue May 15 19:05:17 UTC 2018: Code found org.cipango.sip.SipGrammar-escape with org.cipango.sip.SipGrammarTest-testEscape
Tue May 15 19:05:18 UTC 2018: Match not added in database because it already exists
Tue May 15 19:05:18 UTC 2018: No link for: org.cipango.sip.SipGrammarTest-testToken
Tue May 15 19:05:18 UTC 2018: None match not added in database because it already exists
Tue May 15 19:05:18 UTC 2018: No link for: org.cipango.sip.SipGrammarTest-testURIScheme
Tue May 15 19:05:18 UTC 2018: None match not added in database because it already exists
Tue May 15 19:05:18 UTC 2018: No link for: org.cipango.sip.SipGrammarTest-testGenericUri
Tue May 15 19:05:18 UTC 2018: None match not added in database because it already exists
Tue May 15 19:05:18 UTC 2018: No link for: org.cipango.sip.SipGrammarTest-testLWS
Tue May 15 19:05:19 UTC 2018: None match not added in database because it already exists
Tue May 15 19:05:19 UTC 2018: Linking done for gscacco__cipango test class org.cipango.sip.SipGrammarTest
Tue May 15 19:05:19 UTC 2018: Found element on the queue
Tue May 15 19:05:19 UTC 2018: Updating status
Tue May 15 19:05:19 UTC 2018: Working
Tue May 15 19:05:22 UTC 2018: Start gscacco__cipango test class org.cipango.io.SipBufferTest
Tue May 15 19:05:22 UTC 2018: Setting lastTestMethodIndex: 43718
Tue May 15 19:05:22 UTC 2018: Starting linking
Tue May 15 19:05:22 UTC 2018: No link for: org.cipango.io.SipBufferTest-testBuffer
Tue May 15 19:05:22 UTC 2018: None match not added in database because it already exists
Tue May 15 19:05:22 UTC 2018: Linking done for gscacco__cipango test class org.cipango.io.SipBufferTest
Tue May 15 19:05:23 UTC 2018: Found element on the queue
Tue May 15 19:05:23 UTC 2018: Updating status
Tue May 15 19:05:23 UTC 2018: Working
Tue May 15 19:05:27 UTC 2018: Start gscacco__cipango test class org.cipango.server.ar.RouterInfoUtilTest
Tue May 15 19:05:27 UTC 2018: Setting lastTestMethodIndex: 43722
Tue May 15 19:05:27 UTC 2018: Starting linking
Tue May 15 19:05:27 UTC 2018: No link for: org.cipango.server.ar.RouterInfoUtilTest-testStrangeAppName
Tue May 15 19:05:27 UTC 2018: None match not added in database because it already exists
Tue May 15 19:05:27 UTC 2018: No link for: org.cipango.server.ar.RouterInfoUtilTest-testDecode
Tue May 15 19:05:27 UTC 2018: None match not added in database because it already exists
Tue May 15 19:05:27 UTC 2018: No link for: org.cipango.server.ar.RouterInfoUtilTest-testDecodeNull
Tue May 15 19:05:28 UTC 2018: None match not added in database because it already exists
Tue May 15 19:05:28 UTC 2018: No link for: org.cipango.server.ar.RouterInfoUtilTest-testCustomRegion
Tue May 15 19:05:28 UTC 2018: None match not added in database because it already exists
Tue May 15 19:05:28 UTC 2018: Linking done for gscacco__cipango test class org.cipango.server.ar.RouterInfoUtilTest
Tue May 15 19:05:29 UTC 2018: Found element on the queue
Tue May 15 19:05:29 UTC 2018: Updating status
Tue May 15 19:05:29 UTC 2018: Working
Tue May 15 19:05:32 UTC 2018: Start gscacco__cipango test class org.cipango.util.TestReadOnly
Tue May 15 19:05:32 UTC 2018: Setting lastTestMethodIndex: 43726
Tue May 15 19:05:32 UTC 2018: Starting linking
Tue May 15 19:05:32 UTC 2018: No link for: org.cipango.util.TestReadOnly-testTelUrl
Tue May 15 19:05:32 UTC 2018: None match not added in database because it already exists
Tue May 15 19:05:32 UTC 2018: No link for: org.cipango.util.TestReadOnly-testAddress
Tue May 15 19:05:33 UTC 2018: None match not added in database because it already exists
Tue May 15 19:05:33 UTC 2018: No link for: org.cipango.util.TestReadOnly-testSipUri
Tue May 15 19:05:33 UTC 2018: None match not added in database because it already exists
Tue May 15 19:05:33 UTC 2018: No link for: org.cipango.util.TestReadOnly-testURI
Tue May 15 19:05:33 UTC 2018: None match not added in database because it already exists
Tue May 15 19:05:33 UTC 2018: No link for: org.cipango.util.TestReadOnly-testParameterable
Tue May 15 19:05:33 UTC 2018: None match not added in database because it already exists
Tue May 15 19:05:33 UTC 2018: Linking done for gscacco__cipango test class org.cipango.util.TestReadOnly
Tue May 15 19:05:34 UTC 2018: Found element on the queue
Tue May 15 19:05:34 UTC 2018: Updating status
Tue May 15 19:05:34 UTC 2018: Working
Tue May 15 19:05:38 UTC 2018: Start gscacco__cipango test class org.cipango.sip.UriTest
Tue May 15 19:05:38 UTC 2018: Setting lastTestMethodIndex: 43729
Tue May 15 19:05:38 UTC 2018: Starting linking
Tue May 15 19:05:38 UTC 2018: Code found org.cipango.sip.TelURLImpl-setParameter with org.cipango.sip.UriTest-testSetParameter
Tue May 15 19:05:38 UTC 2018: Match not added in database because it already exists
Tue May 15 19:05:38 UTC 2018: No link for: org.cipango.sip.UriTest-testEqual
Tue May 15 19:05:38 UTC 2018: None match not added in database because it already exists
Tue May 15 19:05:38 UTC 2018: No link for: org.cipango.sip.UriTest-testDifferent
Tue May 15 19:05:38 UTC 2018: None match not added in database because it already exists
Tue May 15 19:05:38 UTC 2018: Linking done for gscacco__cipango test class org.cipango.sip.UriTest
Tue May 15 19:05:39 UTC 2018: Found element on the queue
Tue May 15 19:05:39 UTC 2018: Updating status
Tue May 15 19:05:39 UTC 2018: Working
Tue May 15 19:05:42 UTC 2018: Start gscacco__cipango test class org.cipango.util.HexStringTest
Tue May 15 19:05:42 UTC 2018: Setting lastTestMethodIndex: 43732
Tue May 15 19:05:42 UTC 2018: Starting linking
Tue May 15 19:05:42 UTC 2018: No link for: org.cipango.util.HexStringTest-testHex
Tue May 15 19:05:42 UTC 2018: None match not added in database because it already exists
Tue May 15 19:05:42 UTC 2018: Linking done for gscacco__cipango test class org.cipango.util.HexStringTest
Tue May 15 19:05:43 UTC 2018: Found element on the queue
Tue May 15 19:05:43 UTC 2018: Updating status
Tue May 15 19:05:43 UTC 2018: Working
Tue May 15 19:05:46 UTC 2018: Start gscacco__cipango test class org.cipango.sip.SipURITest
Tue May 15 19:05:46 UTC 2018: Setting lastTestMethodIndex: 43734
Tue May 15 19:05:46 UTC 2018: Starting linking
Tue May 15 19:05:46 UTC 2018: Code found org.cipango.sip.SipURIImpl-clone with org.cipango.sip.SipURITest-testClone
Tue May 15 19:05:46 UTC 2018: Match not added in database because it already exists
Tue May 15 19:05:46 UTC 2018: No link for: org.cipango.sip.SipURITest-testPassword
Tue May 15 19:05:46 UTC 2018: None match not added in database because it already exists
Tue May 15 19:05:46 UTC 2018: No link for: org.cipango.sip.SipURITest-testEscape
Tue May 15 19:05:47 UTC 2018: None match not added in database because it already exists
Tue May 15 19:05:47 UTC 2018: No link for: org.cipango.sip.SipURITest-testHeader
Tue May 15 19:05:47 UTC 2018: None match not added in database because it already exists
Tue May 15 19:05:47 UTC 2018: No link for: org.cipango.sip.SipURITest-testHttp
Tue May 15 19:05:47 UTC 2018: None match not added in database because it already exists
Tue May 15 19:05:47 UTC 2018: No link for: org.cipango.sip.SipURITest-testSipUser
Tue May 15 19:05:47 UTC 2018: None match not added in database because it already exists
Tue May 15 19:05:47 UTC 2018: No link for: org.cipango.sip.SipURITest-testParam
Tue May 15 19:05:47 UTC 2018: None match not added in database because it already exists
Tue May 15 19:05:47 UTC 2018: No link for: org.cipango.sip.SipURITest-testDifferent
Tue May 15 19:05:48 UTC 2018: None match not added in database because it already exists
Tue May 15 19:05:48 UTC 2018: No link for: org.cipango.sip.SipURITest-testNew
Tue May 15 19:05:48 UTC 2018: None match not added in database because it already exists
Tue May 15 19:05:48 UTC 2018: No link for: org.cipango.sip.SipURITest-testEqual
Tue May 15 19:05:48 UTC 2018: None match not added in database because it already exists
Tue May 15 19:05:48 UTC 2018: No link for: org.cipango.sip.SipURITest-testSipHost
Tue May 15 19:05:48 UTC 2018: None match not added in database because it already exists
Tue May 15 19:05:48 UTC 2018: Linking done for gscacco__cipango test class org.cipango.sip.SipURITest
Tue May 15 19:05:49 UTC 2018: Found element on the queue
Tue May 15 19:05:49 UTC 2018: Updating status
Tue May 15 19:05:49 UTC 2018: Working
Tue May 15 19:05:53 UTC 2018: Start gscacco__cipango test class org.cipango.sip.SipFieldsTest
Tue May 15 19:05:53 UTC 2018: Setting lastTestMethodIndex: 43738
Tue May 15 19:05:53 UTC 2018: Starting linking
Tue May 15 19:05:53 UTC 2018: No code found org.cipango.sip.SipFields-clone with org.cipango.sip.SipFieldsTest-testClone2
Tue May 15 19:05:53 UTC 2018: No code found org.cipango.sip.SipFields-copy with org.cipango.sip.SipFieldsTest-testCopy
Tue May 15 19:05:53 UTC 2018: Code found org.cipango.sip.SipFields-remove with org.cipango.sip.SipFieldsTest-testRemove
Tue May 15 19:05:54 UTC 2018: Match not added in database because it already exists
Tue May 15 19:05:54 UTC 2018: No link for: org.cipango.sip.SipFieldsTest-testVia
Tue May 15 19:05:54 UTC 2018: None match not added in database because it already exists
Tue May 15 19:05:54 UTC 2018: No link for: org.cipango.sip.SipFieldsTest-testLong
Tue May 15 19:05:54 UTC 2018: None match not added in database because it already exists
Tue May 15 19:05:54 UTC 2018: No link for: org.cipango.sip.SipFieldsTest-testParameterable
Tue May 15 19:05:54 UTC 2018: None match not added in database because it already exists
Tue May 15 19:05:54 UTC 2018: No link for: org.cipango.sip.SipFieldsTest-testIterator
Tue May 15 19:05:54 UTC 2018: None match not added in database because it already exists
Tue May 15 19:05:54 UTC 2018: No link for: org.cipango.sip.SipFieldsTest-testString
Tue May 15 19:05:54 UTC 2018: None match not added in database because it already exists
Tue May 15 19:05:54 UTC 2018: No link for: org.cipango.sip.SipFieldsTest-testAddress
Tue May 15 19:05:55 UTC 2018: None match not added in database because it already exists
Tue May 15 19:05:55 UTC 2018: No link for: org.cipango.sip.SipFieldsTest-testParameters
Tue May 15 19:05:55 UTC 2018: None match not added in database because it already exists
Tue May 15 19:05:55 UTC 2018: No link for: org.cipango.sip.SipFieldsTest-testUnknown
Tue May 15 19:05:55 UTC 2018: None match not added in database because it already exists
Tue May 15 19:05:55 UTC 2018: Linking done for gscacco__cipango test class org.cipango.sip.SipFieldsTest
Tue May 15 19:05:56 UTC 2018: Found element on the queue
Tue May 15 19:05:56 UTC 2018: Updating status
Tue May 15 19:05:56 UTC 2018: Working
Tue May 15 19:06:01 UTC 2018: Start gscacco__cipango test class org.cipango.sip.TelURLTest
Tue May 15 19:06:01 UTC 2018: Setting lastTestMethodIndex: 43741
Tue May 15 19:06:01 UTC 2018: Starting linking
Tue May 15 19:06:01 UTC 2018: No link for: org.cipango.sip.TelURLTest-testSetPhoneNumber
Tue May 15 19:06:01 UTC 2018: None match not added in database because it already exists
Tue May 15 19:06:01 UTC 2018: No link for: org.cipango.sip.TelURLTest-testParameters
Tue May 15 19:06:01 UTC 2018: None match not added in database because it already exists
Tue May 15 19:06:01 UTC 2018: Linking done for gscacco__cipango test class org.cipango.sip.TelURLTest
Tue May 15 19:06:02 UTC 2018: Found element on the queue
Tue May 15 19:06:02 UTC 2018: Updating status
Tue May 15 19:06:02 UTC 2018: Working
Tue May 15 19:06:07 UTC 2018: Start gscacco__cipango test class org.cipango.sip.SipHeaderTest
Tue May 15 19:06:07 UTC 2018: Setting lastTestMethodIndex: 43746
Tue May 15 19:06:07 UTC 2018: Starting linking
Tue May 15 19:06:07 UTC 2018: No link for: org.cipango.sip.SipHeaderTest-testAddress
Tue May 15 19:06:07 UTC 2018: None match not added in database because it already exists
Tue May 15 19:06:07 UTC 2018: Linking done for gscacco__cipango test class org.cipango.sip.SipHeaderTest
Tue May 15 19:06:08 UTC 2018: Found element on the queue
Tue May 15 19:06:08 UTC 2018: Updating status
Tue May 15 19:06:08 UTC 2018: Working
Tue May 15 19:06:11 UTC 2018: Start gscacco__cipango test class org.cipango.util.TimerListTest
Tue May 15 19:06:11 UTC 2018: Setting lastTestMethodIndex: 43749
Tue May 15 19:06:11 UTC 2018: Starting linking
Tue May 15 19:06:11 UTC 2018: No link for: org.cipango.util.TimerListTest-testOrder
Tue May 15 19:06:11 UTC 2018: None match not added in database because it already exists
Tue May 15 19:06:11 UTC 2018: Linking done for gscacco__cipango test class org.cipango.util.TimerListTest
