Tue May 15 17:59:59 UTC 2018: Database:jdbc:mysql://localhost:3306/unittests
Tue May 15 17:59:59 UTC 2018: Starting
Tue May 15 18:00:00 UTC 2018: Found element on the queue
Tue May 15 18:00:00 UTC 2018: Updating status
Tue May 15 18:00:00 UTC 2018: Working
Tue May 15 18:00:00 UTC 2018: Create project parser
Tue May 15 18:00:04 UTC 2018: Create slicer
Tue May 15 18:00:06 UTC 2018: Create call graph
Tue May 15 18:00:07 UTC 2018: Create point analysis
Tue May 15 18:00:07 UTC 2018: Create call graph done
Tue May 15 18:00:07 UTC 2018: Start ftomassetti__turin-programming-language test class me.tomassetti.parser.antlr.TurinLexerTest
Tue May 15 18:00:07 UTC 2018: Setting lastTestMethodIndex: 41179
Tue May 15 18:00:07 UTC 2018: Starting linking
Tue May 15 18:00:07 UTC 2018: No link for: me.tomassetti.parser.antlr.TurinLexerTest-parseStringWithUnclosedInterpolationAtTheEndWithErrors
Tue May 15 18:00:07 UTC 2018: No link for: me.tomassetti.parser.antlr.TurinLexerTest-parseBasicKeywords
Tue May 15 18:00:08 UTC 2018: No link for: me.tomassetti.parser.antlr.TurinLexerTest-parseTIDs
Tue May 15 18:00:08 UTC 2018: No link for: me.tomassetti.parser.antlr.TurinLexerTest-parsePositive
Tue May 15 18:00:08 UTC 2018: No link for: me.tomassetti.parser.antlr.TurinLexerTest-parseIDs
Tue May 15 18:00:08 UTC 2018: No link for: me.tomassetti.parser.antlr.TurinLexerTest-parseModifierKeywords
Tue May 15 18:00:08 UTC 2018: No link for: me.tomassetti.parser.antlr.TurinLexerTest-parseSeveralEscapeSequences
Tue May 15 18:00:08 UTC 2018: No link for: me.tomassetti.parser.antlr.TurinLexerTest-parseStringWithUnknownEscapeSequenceWithErrors
Tue May 15 18:00:09 UTC 2018: No link for: me.tomassetti.parser.antlr.TurinLexerTest-parseMethodDefinitionWithExpressionBody
Tue May 15 18:00:09 UTC 2018: No link for: me.tomassetti.parser.antlr.TurinLexerTest-parsePlaceholderInStringInterpolation
Tue May 15 18:00:09 UTC 2018: No link for: me.tomassetti.parser.antlr.TurinLexerTest-parseStringWithUnclosedInterpolationInTheMiddleWithErrors
Tue May 15 18:00:09 UTC 2018: No link for: me.tomassetti.parser.antlr.TurinLexerTest-parseLineComment
Tue May 15 18:00:10 UTC 2018: No link for: me.tomassetti.parser.antlr.TurinLexerTest-parseStringWithSharpSymbol
Tue May 15 18:00:10 UTC 2018: No link for: me.tomassetti.parser.antlr.TurinLexerTest-parseStringWithInterpolationContainingID
Tue May 15 18:00:10 UTC 2018: No link for: me.tomassetti.parser.antlr.TurinLexerTest-parsePlaceholder
Tue May 15 18:00:10 UTC 2018: No link for: me.tomassetti.parser.antlr.TurinLexerTest-parseStringWithStringEndEscape
Tue May 15 18:00:10 UTC 2018: No link for: me.tomassetti.parser.antlr.TurinLexerTest-parseMinusZero
Tue May 15 18:00:10 UTC 2018: No link for: me.tomassetti.parser.antlr.TurinLexerTest-parseNamePlaceholderInStringInterpolation
Tue May 15 18:00:10 UTC 2018: No link for: me.tomassetti.parser.antlr.TurinLexerTest-parseIDsAndTIDsStartingWithUnderscore
Tue May 15 18:00:11 UTC 2018: No link for: me.tomassetti.parser.antlr.TurinLexerTest-parseEscapeSequence
Tue May 15 18:00:11 UTC 2018: No link for: me.tomassetti.parser.antlr.TurinLexerTest-parseStringWithEmptyInterpolation
Tue May 15 18:00:11 UTC 2018: No link for: me.tomassetti.parser.antlr.TurinLexerTest-parseNamePlaceholder
Tue May 15 18:00:11 UTC 2018: No link for: me.tomassetti.parser.antlr.TurinLexerTest-parseZero
Tue May 15 18:00:11 UTC 2018: No link for: me.tomassetti.parser.antlr.TurinLexerTest-parseNegative
Tue May 15 18:00:11 UTC 2018: No link for: me.tomassetti.parser.antlr.TurinLexerTest-parseSimpleString
Tue May 15 18:00:12 UTC 2018: Linking done for ftomassetti__turin-programming-language test class me.tomassetti.parser.antlr.TurinLexerTest
Tue May 15 18:00:12 UTC 2018: Found element on the queue
Tue May 15 18:00:12 UTC 2018: Updating status
Tue May 15 18:00:12 UTC 2018: Working
Tue May 15 18:00:14 UTC 2018: Start ftomassetti__turin-programming-language test class me.tomassetti.parser.antlr.TurinParserTest
Tue May 15 18:00:14 UTC 2018: Setting lastTestMethodIndex: 41182
Tue May 15 18:00:14 UTC 2018: Starting linking
Tue May 15 18:00:15 UTC 2018: No link for: me.tomassetti.parser.antlr.TurinParserTest-parseRelationSubsetWithoutErrors
Tue May 15 18:00:15 UTC 2018: No link for: me.tomassetti.parser.antlr.TurinParserTest-parseMethodInvokation
Tue May 15 18:00:15 UTC 2018: No link for: me.tomassetti.parser.antlr.TurinParserTest-parseImports
Tue May 15 18:00:15 UTC 2018: No link for: me.tomassetti.parser.antlr.TurinParserTest-parseFieldConstraint
Tue May 15 18:00:15 UTC 2018: No link for: me.tomassetti.parser.antlr.TurinParserTest-parseRelationWithoutErrors
Tue May 15 18:00:15 UTC 2018: No link for: me.tomassetti.parser.antlr.TurinParserTest-parseLocalVar
Tue May 15 18:00:15 UTC 2018: No link for: me.tomassetti.parser.antlr.TurinParserTest-parseExplicitConstructor
Tue May 15 18:00:15 UTC 2018: No link for: me.tomassetti.parser.antlr.TurinParserTest-parseStringInterpolation1
Tue May 15 18:00:16 UTC 2018: No link for: me.tomassetti.parser.antlr.TurinParserTest-parseFunctionDeclarationWithBlockBody
Tue May 15 18:00:16 UTC 2018: No link for: me.tomassetti.parser.antlr.TurinParserTest-parseArgsLengthInRelExpr
Tue May 15 18:00:16 UTC 2018: No link for: me.tomassetti.parser.antlr.TurinParserTest-parseContextUsage
Tue May 15 18:00:16 UTC 2018: No link for: me.tomassetti.parser.antlr.TurinParserTest-parseContextDefinition
Tue May 15 18:00:16 UTC 2018: No link for: me.tomassetti.parser.antlr.TurinParserTest-parseFunctionDeclarationWithExpressionBody
Tue May 15 18:00:16 UTC 2018: No link for: me.tomassetti.parser.antlr.TurinParserTest-parseFieldAccess
Tue May 15 18:00:16 UTC 2018: No link for: me.tomassetti.parser.antlr.TurinParserTest-parseMethodDeclarationWithExpressionBody
Tue May 15 18:00:17 UTC 2018: No link for: me.tomassetti.parser.antlr.TurinParserTest-parseMethodDeclarationWithBlockBody
Tue May 15 18:00:17 UTC 2018: No link for: me.tomassetti.parser.antlr.TurinParserTest-parseContextScope
Tue May 15 18:00:17 UTC 2018: Linking done for ftomassetti__turin-programming-language test class me.tomassetti.parser.antlr.TurinParserTest
Tue May 15 18:00:17 UTC 2018: Found element on the queue
Tue May 15 18:00:17 UTC 2018: Updating status
Tue May 15 18:00:17 UTC 2018: Working
Tue May 15 18:00:17 UTC 2018: Create project parser
Tue May 15 18:00:20 UTC 2018: Start ftomassetti__turin-programming-language test class turin.context.ContextTest
Tue May 15 18:00:20 UTC 2018: Setting lastTestMethodIndex: 41184
Tue May 15 18:00:20 UTC 2018: Starting linking
Tue May 15 18:00:20 UTC 2018: Linking done for ftomassetti__turin-programming-language test class turin.context.ContextTest
Tue May 15 18:00:21 UTC 2018: Found element on the queue
Tue May 15 18:00:21 UTC 2018: Updating status
Tue May 15 18:00:21 UTC 2018: Working
Tue May 15 18:00:23 UTC 2018: Start ftomassetti__turin-programming-language test class turin.relations.OneToManyRelationTest
Tue May 15 18:00:23 UTC 2018: Setting lastTestMethodIndex: 41186
Tue May 15 18:00:23 UTC 2018: Starting linking
Tue May 15 18:00:23 UTC 2018: Code found turin.relations.OneToManyRelation-link with turin.relations.OneToManyRelationTest-aLinkCanReplaceThePreviousProfessor
Tue May 15 18:00:24 UTC 2018: Code found turin.relations.OneToManyRelation-link with turin.relations.OneToManyRelationTest-settingALinkTheTeacherIsSet
Tue May 15 18:00:24 UTC 2018: Code found turin.relations.OneToManyRelation-link with turin.relations.OneToManyRelationTest-settingALinkTheCoursesAreSet
Tue May 15 18:00:24 UTC 2018: No link for: turin.relations.OneToManyRelationTest-subsetsAreDistinct
Tue May 15 18:00:24 UTC 2018: No link for: turin.relations.OneToManyRelationTest-usingSubsetsDoNotMessUpReferencesEndpoints
Tue May 15 18:00:24 UTC 2018: Linking done for ftomassetti__turin-programming-language test class turin.relations.OneToManyRelationTest
