Wed May 16 05:57:38 UTC 2018: Database:jdbc:mysql://localhost:3306/unittests
Wed May 16 05:57:38 UTC 2018: Starting
Wed May 16 05:57:39 UTC 2018: Found element on the queue
Wed May 16 05:57:39 UTC 2018: Updating status
Wed May 16 05:57:39 UTC 2018: Working
Wed May 16 05:57:39 UTC 2018: Create project parser
Wed May 16 05:57:47 UTC 2018: Create slicer
Wed May 16 05:57:49 UTC 2018: Create call graph
Wed May 16 05:57:54 UTC 2018: Create point analysis
Wed May 16 05:57:54 UTC 2018: Create call graph done
Wed May 16 05:57:54 UTC 2018: Start mfriesen__cthulhu-dh test class ca.gobits.test.dht.DHTPeerBasicUnitTest
Wed May 16 05:57:54 UTC 2018: Setting lastTestMethodIndex: 64078
Wed May 16 05:57:54 UTC 2018: Starting linking
Wed May 16 05:57:54 UTC 2018: Code found ca.gobits.dht.DHTPeer-toString with ca.gobits.test.dht.DHTPeerBasicUnitTest-testToString01
Wed May 16 05:57:54 UTC 2018: Code found ca.gobits.dht.DHTPeer-equals with ca.gobits.test.dht.DHTPeerBasicUnitTest-testEquals01
Wed May 16 05:57:55 UTC 2018: Code found ca.gobits.dht.DHTPeer-equals with ca.gobits.test.dht.DHTPeerBasicUnitTest-testEquals02
Wed May 16 05:57:55 UTC 2018: Code found ca.gobits.dht.DHTPeer-equals with ca.gobits.test.dht.DHTPeerBasicUnitTest-testEquals03
Wed May 16 05:57:56 UTC 2018: Code found ca.gobits.dht.DHTPeer-equals with ca.gobits.test.dht.DHTPeerBasicUnitTest-testEquals04
Wed May 16 05:57:56 UTC 2018: No link for: ca.gobits.test.dht.DHTPeerBasicUnitTest-testConstructor01
Wed May 16 05:57:57 UTC 2018: Linking done for mfriesen__cthulhu-dh test class ca.gobits.test.dht.DHTPeerBasicUnitTest
Wed May 16 05:57:57 UTC 2018: Found element on the queue
Wed May 16 05:57:57 UTC 2018: Updating status
Wed May 16 05:57:57 UTC 2018: Working
Wed May 16 05:58:00 UTC 2018: Start mfriesen__cthulhu-dh test class ca.gobits.test.dht.bencoding.BDecoderUnitTest
Wed May 16 05:58:00 UTC 2018: Setting lastTestMethodIndex: 64081
Wed May 16 05:58:00 UTC 2018: Starting linking
Wed May 16 05:58:00 UTC 2018: Code found ca.gobits.dht.bencoding.BDecoder-decode with ca.gobits.test.dht.bencoding.BDecoderUnitTest-testDecode01
Wed May 16 05:58:00 UTC 2018: Code found ca.gobits.dht.bencoding.BDecoder-decode with ca.gobits.test.dht.bencoding.BDecoderUnitTest-testDecode04
Wed May 16 05:58:01 UTC 2018: Code found ca.gobits.dht.bencoding.BDecoder-decode with ca.gobits.test.dht.bencoding.BDecoderUnitTest-testDecode02
Wed May 16 05:58:01 UTC 2018: Code found ca.gobits.dht.bencoding.BDecoder-decode with ca.gobits.test.dht.bencoding.BDecoderUnitTest-testDecode03
Wed May 16 05:58:01 UTC 2018: Linking done for mfriesen__cthulhu-dh test class ca.gobits.test.dht.bencoding.BDecoderUnitTest
Wed May 16 05:58:02 UTC 2018: Found element on the queue
Wed May 16 05:58:02 UTC 2018: Updating status
Wed May 16 05:58:02 UTC 2018: Working
Wed May 16 05:58:04 UTC 2018: Start mfriesen__cthulhu-dh test class ca.gobits.test.dht.bencoding.BEncoderUnitTest
Wed May 16 05:58:04 UTC 2018: Setting lastTestMethodIndex: 64084
Wed May 16 05:58:04 UTC 2018: Starting linking
Wed May 16 05:58:04 UTC 2018: Code found ca.gobits.dht.bencoding.BEncoder-bencoding with ca.gobits.test.dht.bencoding.BEncoderUnitTest-testBencoding07
Wed May 16 05:58:05 UTC 2018: Code found ca.gobits.dht.bencoding.BEncoder-bencoding with ca.gobits.test.dht.bencoding.BEncoderUnitTest-testBencoding02
Wed May 16 05:58:05 UTC 2018: Code found ca.gobits.dht.bencoding.BEncoder-bencoding with ca.gobits.test.dht.bencoding.BEncoderUnitTest-testBencoding01
Wed May 16 05:58:05 UTC 2018: Code found ca.gobits.dht.bencoding.BEncoder-bencoding with ca.gobits.test.dht.bencoding.BEncoderUnitTest-testBencoding06
Wed May 16 05:58:06 UTC 2018: Code found ca.gobits.dht.bencoding.BEncoder-bencoding with ca.gobits.test.dht.bencoding.BEncoderUnitTest-testBencoding05
Wed May 16 05:58:06 UTC 2018: Code found ca.gobits.dht.bencoding.BEncoder-bencoding with ca.gobits.test.dht.bencoding.BEncoderUnitTest-testBencoding04
Wed May 16 05:58:06 UTC 2018: Code found ca.gobits.dht.bencoding.BEncoder-bencoding with ca.gobits.test.dht.bencoding.BEncoderUnitTest-testBencoding03
Wed May 16 05:58:07 UTC 2018: No link for: ca.gobits.test.dht.bencoding.BEncoderUnitTest-testConstructorIsPrivate
Wed May 16 05:58:07 UTC 2018: No link for: ca.gobits.test.dht.bencoding.BEncoderUnitTest-testCompactAddress01
Wed May 16 05:58:08 UTC 2018: No link for: ca.gobits.test.dht.bencoding.BEncoderUnitTest-testCompactAddress02
Wed May 16 05:58:08 UTC 2018: Linking done for mfriesen__cthulhu-dh test class ca.gobits.test.dht.bencoding.BEncoderUnitTest
Wed May 16 05:58:08 UTC 2018: Found element on the queue
Wed May 16 05:58:08 UTC 2018: Updating status
Wed May 16 05:58:08 UTC 2018: Working
Wed May 16 05:58:11 UTC 2018: Start mfriesen__cthulhu-dh test class ca.gobits.test.dht.comparator.DHTBucketComparatorUnitTest
Wed May 16 05:58:11 UTC 2018: Setting lastTestMethodIndex: 64088
Wed May 16 05:58:11 UTC 2018: Starting linking
Wed May 16 05:58:11 UTC 2018: Code found ca.gobits.dht.comparator.DHTBucketComparator-compare with ca.gobits.test.dht.comparator.DHTBucketComparatorUnitTest-testCompare03
Wed May 16 05:58:12 UTC 2018: Code found ca.gobits.dht.comparator.DHTBucketComparator-compare with ca.gobits.test.dht.comparator.DHTBucketComparatorUnitTest-testCompare02
Wed May 16 05:58:12 UTC 2018: Code found ca.gobits.dht.comparator.DHTBucketComparator-compare with ca.gobits.test.dht.comparator.DHTBucketComparatorUnitTest-testCompare01
Wed May 16 05:58:12 UTC 2018: Code found ca.gobits.dht.comparator.DHTBucketComparator-compare with ca.gobits.test.dht.comparator.DHTBucketComparatorUnitTest-testCompare07
Wed May 16 05:58:13 UTC 2018: Code found ca.gobits.dht.comparator.DHTBucketComparator-compare with ca.gobits.test.dht.comparator.DHTBucketComparatorUnitTest-testCompare06
Wed May 16 05:58:13 UTC 2018: Code found ca.gobits.dht.comparator.DHTBucketComparator-compare with ca.gobits.test.dht.comparator.DHTBucketComparatorUnitTest-testCompare05
Wed May 16 05:58:14 UTC 2018: Code found ca.gobits.dht.comparator.DHTBucketComparator-compare with ca.gobits.test.dht.comparator.DHTBucketComparatorUnitTest-testCompare04
Wed May 16 05:58:14 UTC 2018: Code found ca.gobits.dht.comparator.DHTBucketComparator-compare with ca.gobits.test.dht.comparator.DHTBucketComparatorUnitTest-testCompare08
Wed May 16 05:58:14 UTC 2018: No link for: ca.gobits.test.dht.comparator.DHTBucketComparatorUnitTest-testSortedList04
Wed May 16 05:58:15 UTC 2018: No link for: ca.gobits.test.dht.comparator.DHTBucketComparatorUnitTest-testSortedList03
Wed May 16 05:58:15 UTC 2018: No link for: ca.gobits.test.dht.comparator.DHTBucketComparatorUnitTest-testSortedList02
Wed May 16 05:58:16 UTC 2018: No link for: ca.gobits.test.dht.comparator.DHTBucketComparatorUnitTest-testSortedList01
Wed May 16 05:58:16 UTC 2018: Linking done for mfriesen__cthulhu-dh test class ca.gobits.test.dht.comparator.DHTBucketComparatorUnitTest
Wed May 16 05:58:16 UTC 2018: Found element on the queue
Wed May 16 05:58:16 UTC 2018: Updating status
Wed May 16 05:58:16 UTC 2018: Working
Wed May 16 05:58:19 UTC 2018: Start mfriesen__cthulhu-dh test class ca.gobits.test.dht.comparator.DHTInfoHashComparatorUnitTest
Wed May 16 05:58:19 UTC 2018: Setting lastTestMethodIndex: 64093
Wed May 16 05:58:19 UTC 2018: Starting linking
Wed May 16 05:58:19 UTC 2018: Code found ca.gobits.dht.comparator.DHTInfoHashComparator-compare with ca.gobits.test.dht.comparator.DHTInfoHashComparatorUnitTest-testCompare01
Wed May 16 05:58:19 UTC 2018: Code found ca.gobits.dht.comparator.DHTInfoHashComparator-compare with ca.gobits.test.dht.comparator.DHTInfoHashComparatorUnitTest-testCompare02
Wed May 16 05:58:20 UTC 2018: Code found ca.gobits.dht.comparator.DHTInfoHashComparator-compare with ca.gobits.test.dht.comparator.DHTInfoHashComparatorUnitTest-testCompare03
Wed May 16 05:58:20 UTC 2018: Linking done for mfriesen__cthulhu-dh test class ca.gobits.test.dht.comparator.DHTInfoHashComparatorUnitTest
Wed May 16 05:58:21 UTC 2018: Found element on the queue
Wed May 16 05:58:21 UTC 2018: Updating status
Wed May 16 05:58:21 UTC 2018: Working
Wed May 16 05:58:23 UTC 2018: Start mfriesen__cthulhu-dh test class ca.gobits.test.dht.comparator.DHTTokenComparatorUnitTest
Wed May 16 05:58:23 UTC 2018: Setting lastTestMethodIndex: 64097
Wed May 16 05:58:23 UTC 2018: Starting linking
Wed May 16 05:58:23 UTC 2018: Code found ca.gobits.dht.comparator.DHTTokenComparator-compare with ca.gobits.test.dht.comparator.DHTTokenComparatorUnitTest-testCompare02
Wed May 16 05:58:24 UTC 2018: Code found ca.gobits.dht.comparator.DHTTokenComparator-compare with ca.gobits.test.dht.comparator.DHTTokenComparatorUnitTest-testCompare01
Wed May 16 05:58:24 UTC 2018: Code found ca.gobits.dht.comparator.DHTTokenComparator-compare with ca.gobits.test.dht.comparator.DHTTokenComparatorUnitTest-testCompare03
Wed May 16 05:58:24 UTC 2018: Linking done for mfriesen__cthulhu-dh test class ca.gobits.test.dht.comparator.DHTTokenComparatorUnitTest
Wed May 16 05:58:25 UTC 2018: Found element on the queue
Wed May 16 05:58:25 UTC 2018: Updating status
Wed May 16 05:58:25 UTC 2018: Working
Wed May 16 05:58:27 UTC 2018: Start mfriesen__cthulhu-dh test class ca.gobits.test.dht.comparator.DHTNodeComparatorUnitTest
Wed May 16 05:58:27 UTC 2018: Setting lastTestMethodIndex: 64100
Wed May 16 05:58:27 UTC 2018: Starting linking
Wed May 16 05:58:27 UTC 2018: Code found ca.gobits.dht.comparator.DHTNodeComparator-compare with ca.gobits.test.dht.comparator.DHTNodeComparatorUnitTest-testCompare01
Wed May 16 05:58:28 UTC 2018: Code found ca.gobits.dht.comparator.DHTNodeComparator-compare with ca.gobits.test.dht.comparator.DHTNodeComparatorUnitTest-testCompare02
Wed May 16 05:58:28 UTC 2018: Code found ca.gobits.dht.comparator.DHTNodeComparator-compare with ca.gobits.test.dht.comparator.DHTNodeComparatorUnitTest-testCompare03
Wed May 16 05:58:28 UTC 2018: No link for: ca.gobits.test.dht.comparator.DHTNodeComparatorUnitTest-testCompare04
Wed May 16 05:58:29 UTC 2018: No link for: ca.gobits.test.dht.comparator.DHTNodeComparatorUnitTest-testCompare05
Wed May 16 05:58:29 UTC 2018: Linking done for mfriesen__cthulhu-dh test class ca.gobits.test.dht.comparator.DHTNodeComparatorUnitTest
Wed May 16 05:58:30 UTC 2018: Found element on the queue
Wed May 16 05:58:30 UTC 2018: Updating status
Wed May 16 05:58:30 UTC 2018: Working
Wed May 16 05:58:32 UTC 2018: Start mfriesen__cthulhu-dh test class ca.gobits.test.dht.DHTIdentifierUnitTest
Wed May 16 05:58:32 UTC 2018: Setting lastTestMethodIndex: 64104
Wed May 16 05:58:32 UTC 2018: Starting linking
Wed May 16 05:58:32 UTC 2018: Code found ca.gobits.dht.DHTIdentifier-sha1 with ca.gobits.test.dht.DHTIdentifierUnitTest-testSha101
Wed May 16 05:58:33 UTC 2018: Code found ca.gobits.dht.DHTIdentifier-sha1 with ca.gobits.test.dht.DHTIdentifierUnitTest-testSha102
Wed May 16 05:58:33 UTC 2018: Code found ca.gobits.dht.DHTIdentifier-getRandomNodeId with ca.gobits.test.dht.DHTIdentifierUnitTest-testGetRandomNodeId01
Wed May 16 05:58:34 UTC 2018: Code found ca.gobits.dht.DHTIdentifier-algorithm with ca.gobits.test.dht.DHTIdentifierUnitTest-testAlgorithm02
Wed May 16 05:58:34 UTC 2018: Code found ca.gobits.dht.DHTIdentifier-getRandomNodeId with ca.gobits.test.dht.DHTIdentifierUnitTest-testGetRandomNodeId03
Wed May 16 05:58:34 UTC 2018: Code found ca.gobits.dht.DHTIdentifier-algorithm with ca.gobits.test.dht.DHTIdentifierUnitTest-testAlgorithm01
Wed May 16 05:58:35 UTC 2018: Code found ca.gobits.dht.DHTIdentifier-getRandomNodeId with ca.gobits.test.dht.DHTIdentifierUnitTest-testGetRandomNodeId02
Wed May 16 05:58:35 UTC 2018: No link for: ca.gobits.test.dht.DHTIdentifierUnitTest-testConstructorIsPrivate
Wed May 16 05:58:36 UTC 2018: Linking done for mfriesen__cthulhu-dh test class ca.gobits.test.dht.DHTIdentifierUnitTest
Wed May 16 05:58:36 UTC 2018: Found element on the queue
Wed May 16 05:58:36 UTC 2018: Updating status
Wed May 16 05:58:36 UTC 2018: Working
Wed May 16 05:58:39 UTC 2018: Start mfriesen__cthulhu-dh test class ca.gobits.test.dht.factory.DHTNodeFactoryUnitTest
Wed May 16 05:58:39 UTC 2018: Setting lastTestMethodIndex: 64108
Wed May 16 05:58:39 UTC 2018: Starting linking
Wed May 16 05:58:39 UTC 2018: Code found ca.gobits.dht.factory.DHTNodeFactory-create with ca.gobits.test.dht.factory.DHTNodeFactoryUnitTest-testCreate02
Wed May 16 05:58:39 UTC 2018: Code found ca.gobits.dht.factory.DHTNodeFactory-create with ca.gobits.test.dht.factory.DHTNodeFactoryUnitTest-testCreate01
Wed May 16 05:58:40 UTC 2018: No link for: ca.gobits.test.dht.factory.DHTNodeFactoryUnitTest-testConstructorIsPrivate
Wed May 16 05:58:40 UTC 2018: Linking done for mfriesen__cthulhu-dh test class ca.gobits.test.dht.factory.DHTNodeFactoryUnitTest
Wed May 16 05:58:41 UTC 2018: Found element on the queue
Wed May 16 05:58:41 UTC 2018: Updating status
Wed May 16 05:58:41 UTC 2018: Working
Wed May 16 05:58:43 UTC 2018: Start mfriesen__cthulhu-dh test class ca.gobits.test.dht.DHTNodeUnitTest
Wed May 16 05:58:43 UTC 2018: Setting lastTestMethodIndex: 64111
Wed May 16 05:58:43 UTC 2018: Starting linking
Wed May 16 05:58:43 UTC 2018: Code found ca.gobits.dht.DHTNode-equals with ca.gobits.test.dht.DHTNodeUnitTest-testEquals01
Wed May 16 05:58:44 UTC 2018: Code found ca.gobits.dht.DHTNode-equals with ca.gobits.test.dht.DHTNodeUnitTest-testEquals02
Wed May 16 05:58:44 UTC 2018: Code found ca.gobits.dht.DHTNode-equals with ca.gobits.test.dht.DHTNodeUnitTest-testEquals03
Wed May 16 05:58:44 UTC 2018: Code found ca.gobits.dht.DHTNode-toString with ca.gobits.test.dht.DHTNodeUnitTest-testToString01
Wed May 16 05:58:45 UTC 2018: Code found ca.gobits.dht.DHTNode-equals with ca.gobits.test.dht.DHTNodeUnitTest-testEquals04
Wed May 16 05:58:45 UTC 2018: No link for: ca.gobits.test.dht.DHTNodeUnitTest-testConstructor02
Wed May 16 05:58:46 UTC 2018: No link for: ca.gobits.test.dht.DHTNodeUnitTest-testConstructor01
Wed May 16 05:58:46 UTC 2018: No link for: ca.gobits.test.dht.DHTNodeUnitTest-testConstructor03
Wed May 16 05:58:46 UTC 2018: Linking done for mfriesen__cthulhu-dh test class ca.gobits.test.dht.DHTNodeUnitTest
Wed May 16 05:58:47 UTC 2018: Found element on the queue
Wed May 16 05:58:47 UTC 2018: Updating status
Wed May 16 05:58:47 UTC 2018: Working
Wed May 16 05:58:49 UTC 2018: Start mfriesen__cthulhu-dh test class ca.gobits.test.dht.DHTInfoHashUnitTest
Wed May 16 05:58:49 UTC 2018: Setting lastTestMethodIndex: 64115
Wed May 16 05:58:49 UTC 2018: Starting linking
Wed May 16 05:58:49 UTC 2018: Code found ca.gobits.dht.DHTInfoHash-equals with ca.gobits.test.dht.DHTInfoHashUnitTest-testEquals01
Wed May 16 05:58:50 UTC 2018: Code found ca.gobits.dht.DHTInfoHash-addPeer with ca.gobits.test.dht.DHTInfoHashUnitTest-testAddPeer02
Wed May 16 05:58:50 UTC 2018: Code found ca.gobits.dht.DHTInfoHash-addPeer with ca.gobits.test.dht.DHTInfoHashUnitTest-testAddPeer01
Wed May 16 05:58:51 UTC 2018: Code found ca.gobits.dht.DHTInfoHash-toString with ca.gobits.test.dht.DHTInfoHashUnitTest-testToString01
Wed May 16 05:58:51 UTC 2018: Code found ca.gobits.dht.DHTInfoHash-equals with ca.gobits.test.dht.DHTInfoHashUnitTest-testEquals04
Wed May 16 05:58:51 UTC 2018: Code found ca.gobits.dht.DHTInfoHash-toString with ca.gobits.test.dht.DHTInfoHashUnitTest-testToString02
Wed May 16 05:58:52 UTC 2018: Code found ca.gobits.dht.DHTInfoHash-equals with ca.gobits.test.dht.DHTInfoHashUnitTest-testEquals03
Wed May 16 05:58:52 UTC 2018: Code found ca.gobits.dht.DHTInfoHash-equals with ca.gobits.test.dht.DHTInfoHashUnitTest-testEquals02
Wed May 16 05:58:53 UTC 2018: No link for: ca.gobits.test.dht.DHTInfoHashUnitTest-testConstructor01
Wed May 16 05:58:53 UTC 2018: No link for: ca.gobits.test.dht.DHTInfoHashUnitTest-testAddPeer03
Wed May 16 05:58:54 UTC 2018: No link for: ca.gobits.test.dht.DHTInfoHashUnitTest-testConstructor03
Wed May 16 05:58:54 UTC 2018: Linking done for mfriesen__cthulhu-dh test class ca.gobits.test.dht.DHTInfoHashUnitTest
Wed May 16 05:58:54 UTC 2018: Found element on the queue
Wed May 16 05:58:54 UTC 2018: Updating status
Wed May 16 05:58:54 UTC 2018: Working
Wed May 16 05:58:57 UTC 2018: Start mfriesen__cthulhu-dh test class ca.gobits.test.dht.server.DHTProtocolRunnableUnitTest
Wed May 16 05:58:57 UTC 2018: Setting lastTestMethodIndex: 64121
Wed May 16 05:58:57 UTC 2018: Starting linking
Wed May 16 05:58:57 UTC 2018: Code found ca.gobits.dht.server.DHTProtocolRunnable-run with ca.gobits.test.dht.server.DHTProtocolRunnableUnitTest-testRun02
Wed May 16 05:58:57 UTC 2018: Code found ca.gobits.dht.server.DHTProtocolRunnable-run with ca.gobits.test.dht.server.DHTProtocolRunnableUnitTest-testRun01
Wed May 16 05:58:58 UTC 2018: Linking done for mfriesen__cthulhu-dh test class ca.gobits.test.dht.server.DHTProtocolRunnableUnitTest
Wed May 16 05:58:58 UTC 2018: Found element on the queue
Wed May 16 05:58:58 UTC 2018: Updating status
Wed May 16 05:58:58 UTC 2018: Working
Wed May 16 05:59:01 UTC 2018: Start mfriesen__cthulhu-dh test class ca.gobits.test.dht.server.DHTQueryProtocolUnitTest
Wed May 16 05:59:01 UTC 2018: Setting lastTestMethodIndex: 64124
Wed May 16 05:59:01 UTC 2018: Starting linking
Wed May 16 05:59:01 UTC 2018: Code found ca.gobits.dht.server.DHTQueryProtocol-getPeersQuery with ca.gobits.test.dht.server.DHTQueryProtocolUnitTest-testGetPeersQuery02
Wed May 16 05:59:01 UTC 2018: Code found ca.gobits.dht.server.DHTQueryProtocol-getPeersQuery with ca.gobits.test.dht.server.DHTQueryProtocolUnitTest-testGetPeersQuery01
Wed May 16 05:59:02 UTC 2018: Code found ca.gobits.dht.server.DHTQueryProtocol-findNodeQuery with ca.gobits.test.dht.server.DHTQueryProtocolUnitTest-testFindNodeQuery02
Wed May 16 05:59:02 UTC 2018: Code found ca.gobits.dht.server.DHTQueryProtocol-findNodeQuery with ca.gobits.test.dht.server.DHTQueryProtocolUnitTest-testFindNodeQuery01
Wed May 16 05:59:03 UTC 2018: Code found ca.gobits.dht.server.DHTQueryProtocol-pingQuery with ca.gobits.test.dht.server.DHTQueryProtocolUnitTest-testPingQuery01
Wed May 16 05:59:03 UTC 2018: No link for: ca.gobits.test.dht.server.DHTQueryProtocolUnitTest-testConstructorIsPrivate
Wed May 16 05:59:04 UTC 2018: Linking done for mfriesen__cthulhu-dh test class ca.gobits.test.dht.server.DHTQueryProtocolUnitTest
Wed May 16 05:59:04 UTC 2018: Found element on the queue
Wed May 16 05:59:04 UTC 2018: Updating status
Wed May 16 05:59:04 UTC 2018: Working
Wed May 16 05:59:07 UTC 2018: Start mfriesen__cthulhu-dh test class ca.gobits.test.dht.server.queue.DHTTokenQueueUnitTest
Wed May 16 05:59:07 UTC 2018: Setting lastTestMethodIndex: 64129
Wed May 16 05:59:07 UTC 2018: Starting linking
Wed May 16 05:59:07 UTC 2018: Code found ca.gobits.dht.server.queue.DHTTokenQueueImpl-valid with ca.gobits.test.dht.server.queue.DHTTokenQueueUnitTest-testValid01
Wed May 16 05:59:07 UTC 2018: Code found ca.gobits.dht.server.queue.DHTTokenQueueImpl-valid with ca.gobits.test.dht.server.queue.DHTTokenQueueUnitTest-testValid02
Wed May 16 05:59:07 UTC 2018: Code found ca.gobits.dht.server.queue.DHTTokenQueueImpl-valid with ca.gobits.test.dht.server.queue.DHTTokenQueueUnitTest-testValid03
Wed May 16 05:59:08 UTC 2018: Code found ca.gobits.dht.server.queue.DHTTokenQueueImpl-valid with ca.gobits.test.dht.server.queue.DHTTokenQueueUnitTest-testValid04
Wed May 16 05:59:08 UTC 2018: Code found ca.gobits.dht.server.queue.DHTTokenQueueImpl-add with ca.gobits.test.dht.server.queue.DHTTokenQueueUnitTest-testAdd01
Wed May 16 05:59:09 UTC 2018: Code found ca.gobits.dht.server.queue.DHTTokenQueueImpl-getTransactionId with ca.gobits.test.dht.server.queue.DHTTokenQueueUnitTest-testGetTransactionId02
Wed May 16 05:59:09 UTC 2018: Code found ca.gobits.dht.server.queue.DHTTokenQueueImpl-getTransactionId with ca.gobits.test.dht.server.queue.DHTTokenQueueUnitTest-testGetTransactionId03
Wed May 16 05:59:10 UTC 2018: Code found ca.gobits.dht.server.queue.DHTTokenQueueImpl-valid with ca.gobits.test.dht.server.queue.DHTTokenQueueUnitTest-testValid05
Wed May 16 05:59:10 UTC 2018: Code found ca.gobits.dht.server.queue.DHTTokenQueueImpl-valid with ca.gobits.test.dht.server.queue.DHTTokenQueueUnitTest-testValid06
Wed May 16 05:59:10 UTC 2018: Code found ca.gobits.dht.server.queue.DHTTokenQueueImpl-getTransactionId with ca.gobits.test.dht.server.queue.DHTTokenQueueUnitTest-testGetTransactionId01
Wed May 16 05:59:11 UTC 2018: No link for: ca.gobits.test.dht.server.queue.DHTTokenQueueUnitTest-testRemoveExpiredTokens01
Wed May 16 05:59:11 UTC 2018: No link for: ca.gobits.test.dht.server.queue.DHTTokenQueueUnitTest-testRemoveExpiredTokens04
Wed May 16 05:59:12 UTC 2018: No link for: ca.gobits.test.dht.server.queue.DHTTokenQueueUnitTest-testRemoveExpiredTokens03
Wed May 16 05:59:12 UTC 2018: No link for: ca.gobits.test.dht.server.queue.DHTTokenQueueUnitTest-testRemoveExpiredTokens02
Wed May 16 05:59:13 UTC 2018: No link for: ca.gobits.test.dht.server.queue.DHTTokenQueueUnitTest-testGetTransactionId04
Wed May 16 05:59:13 UTC 2018: Linking done for mfriesen__cthulhu-dh test class ca.gobits.test.dht.server.queue.DHTTokenQueueUnitTest
Wed May 16 05:59:13 UTC 2018: Found element on the queue
Wed May 16 05:59:13 UTC 2018: Updating status
Wed May 16 05:59:13 UTC 2018: Working
Wed May 16 05:59:16 UTC 2018: Start mfriesen__cthulhu-dh test class ca.gobits.test.dht.server.queue.DHTQueueSchedulerUnitTest
Wed May 16 05:59:16 UTC 2018: Setting lastTestMethodIndex: 64135
Wed May 16 05:59:16 UTC 2018: Starting linking
Wed May 16 05:59:16 UTC 2018: No link for: ca.gobits.test.dht.server.queue.DHTQueueSchedulerUnitTest-testProcess01
Wed May 16 05:59:16 UTC 2018: Linking done for mfriesen__cthulhu-dh test class ca.gobits.test.dht.server.queue.DHTQueueSchedulerUnitTest
Wed May 16 05:59:17 UTC 2018: Found element on the queue
Wed May 16 05:59:17 UTC 2018: Updating status
Wed May 16 05:59:17 UTC 2018: Working
Wed May 16 05:59:19 UTC 2018: Start mfriesen__cthulhu-dh test class ca.gobits.test.dht.server.queue.DelayObjectUnitTest
Wed May 16 05:59:19 UTC 2018: Setting lastTestMethodIndex: 64137
Wed May 16 05:59:19 UTC 2018: Starting linking
Wed May 16 05:59:19 UTC 2018: Code found ca.gobits.dht.server.queue.DelayObject-toString with ca.gobits.test.dht.server.queue.DelayObjectUnitTest-testToString01
Wed May 16 05:59:20 UTC 2018: Code found ca.gobits.dht.server.queue.DelayObject-equals with ca.gobits.test.dht.server.queue.DelayObjectUnitTest-testEquals02
Wed May 16 05:59:20 UTC 2018: Code found ca.gobits.dht.server.queue.DelayObject-equals with ca.gobits.test.dht.server.queue.DelayObjectUnitTest-testEquals03
Wed May 16 05:59:21 UTC 2018: Code found ca.gobits.dht.server.queue.DelayObject-getDelay with ca.gobits.test.dht.server.queue.DelayObjectUnitTest-testGetDelay01
Wed May 16 05:59:21 UTC 2018: Code found ca.gobits.dht.server.queue.DelayObject-equals with ca.gobits.test.dht.server.queue.DelayObjectUnitTest-testEquals01
Wed May 16 05:59:21 UTC 2018: Code found ca.gobits.dht.server.queue.DelayObject-equals with ca.gobits.test.dht.server.queue.DelayObjectUnitTest-testEquals04
Wed May 16 05:59:22 UTC 2018: No link for: ca.gobits.test.dht.server.queue.DelayObjectUnitTest-testCompare01
Wed May 16 05:59:22 UTC 2018: Linking done for mfriesen__cthulhu-dh test class ca.gobits.test.dht.server.queue.DelayObjectUnitTest
Wed May 16 05:59:23 UTC 2018: Found element on the queue
Wed May 16 05:59:23 UTC 2018: Updating status
Wed May 16 05:59:23 UTC 2018: Working
Wed May 16 05:59:25 UTC 2018: Start mfriesen__cthulhu-dh test class ca.gobits.test.dht.DHTDistanceUnitTest
Wed May 16 05:59:25 UTC 2018: Setting lastTestMethodIndex: 64141
Wed May 16 05:59:25 UTC 2018: Starting linking
Wed May 16 05:59:25 UTC 2018: Code found ca.gobits.dht.DHTDistance-xor with ca.gobits.test.dht.DHTDistanceUnitTest-testXor02
Wed May 16 05:59:25 UTC 2018: Code found ca.gobits.dht.DHTDistance-xor with ca.gobits.test.dht.DHTDistanceUnitTest-testXor01
Wed May 16 05:59:26 UTC 2018: Code found ca.gobits.dht.DHTDistance-xor with ca.gobits.test.dht.DHTDistanceUnitTest-testXor04
Wed May 16 05:59:26 UTC 2018: Code found ca.gobits.dht.DHTDistance-xor with ca.gobits.test.dht.DHTDistanceUnitTest-testXor03
Wed May 16 05:59:27 UTC 2018: No link for: ca.gobits.test.dht.DHTDistanceUnitTest-testConstructorIsPrivate
Wed May 16 05:59:27 UTC 2018: Linking done for mfriesen__cthulhu-dh test class ca.gobits.test.dht.DHTDistanceUnitTest
Wed May 16 05:59:28 UTC 2018: Found element on the queue
Wed May 16 05:59:28 UTC 2018: Updating status
Wed May 16 05:59:28 UTC 2018: Working
Wed May 16 05:59:30 UTC 2018: Start mfriesen__cthulhu-dh test class ca.gobits.test.dht.util.DateHelperUnitTest
Wed May 16 05:59:30 UTC 2018: Setting lastTestMethodIndex: 64145
Wed May 16 05:59:30 UTC 2018: Starting linking
Wed May 16 05:59:30 UTC 2018: Code found ca.gobits.dht.util.DateHelper-isPastDateInMinutes with ca.gobits.test.dht.util.DateHelperUnitTest-testIsPastDateInMinutes01
Wed May 16 05:59:31 UTC 2018: Code found ca.gobits.dht.util.DateHelper-isPastDateInMinutes with ca.gobits.test.dht.util.DateHelperUnitTest-testIsPastDateInMinutes02
Wed May 16 05:59:31 UTC 2018: No link for: ca.gobits.test.dht.util.DateHelperUnitTest-testConstructorIsPrivate
Wed May 16 05:59:31 UTC 2018: Linking done for mfriesen__cthulhu-dh test class ca.gobits.test.dht.util.DateHelperUnitTest
Wed May 16 05:59:32 UTC 2018: Found element on the queue
Wed May 16 05:59:32 UTC 2018: Updating status
Wed May 16 05:59:32 UTC 2018: Working
Wed May 16 05:59:34 UTC 2018: Start mfriesen__cthulhu-dh test class ca.gobits.test.dht.util.SortedListUnitTest
Wed May 16 05:59:34 UTC 2018: Setting lastTestMethodIndex: 64149
Wed May 16 05:59:34 UTC 2018: Starting linking
Wed May 16 05:59:34 UTC 2018: No link for: ca.gobits.test.dht.util.SortedListUnitTest-testConstructor01
Wed May 16 05:59:35 UTC 2018: Linking done for mfriesen__cthulhu-dh test class ca.gobits.test.dht.util.SortedListUnitTest
Wed May 16 05:59:35 UTC 2018: Found element on the queue
Wed May 16 05:59:35 UTC 2018: Updating status
Wed May 16 05:59:35 UTC 2018: Working
Wed May 16 05:59:38 UTC 2018: Start mfriesen__cthulhu-dh test class ca.gobits.test.dht.util.DHTConversionUnitTest
Wed May 16 05:59:38 UTC 2018: Setting lastTestMethodIndex: 64151
Wed May 16 05:59:38 UTC 2018: Starting linking
Wed May 16 05:59:38 UTC 2018: Code found ca.gobits.dht.util.DHTConversion-toBigInteger with ca.gobits.test.dht.util.DHTConversionUnitTest-testToBigInteger03
Wed May 16 05:59:38 UTC 2018: Code found ca.gobits.dht.util.DHTConversion-toBigInteger with ca.gobits.test.dht.util.DHTConversionUnitTest-testToBigInteger02
Wed May 16 05:59:39 UTC 2018: Code found ca.gobits.dht.util.DHTConversion-fitToSize with ca.gobits.test.dht.util.DHTConversionUnitTest-testFitToSize02
Wed May 16 05:59:39 UTC 2018: Code found ca.gobits.dht.util.DHTConversion-fitToSize with ca.gobits.test.dht.util.DHTConversionUnitTest-testFitToSize03
Wed May 16 05:59:40 UTC 2018: Code found ca.gobits.dht.util.DHTConversion-fitToSize with ca.gobits.test.dht.util.DHTConversionUnitTest-testFitToSize01
Wed May 16 05:59:40 UTC 2018: Code found ca.gobits.dht.util.DHTConversion-toBigInteger with ca.gobits.test.dht.util.DHTConversionUnitTest-testToBigInteger01
Wed May 16 05:59:40 UTC 2018: Code found ca.gobits.dht.util.DHTConversion-toUnsignedLong with ca.gobits.test.dht.util.DHTConversionUnitTest-testToUnsignedLong02
Wed May 16 05:59:41 UTC 2018: Code found ca.gobits.dht.util.DHTConversion-toByteArrayFromDHTNode with ca.gobits.test.dht.util.DHTConversionUnitTest-testToByteArrayFromDHTNode02
Wed May 16 05:59:41 UTC 2018: Code found ca.gobits.dht.util.DHTConversion-toDHTNode with ca.gobits.test.dht.util.DHTConversionUnitTest-testToDHTNode03
Wed May 16 05:59:42 UTC 2018: Code found ca.gobits.dht.util.DHTConversion-toUnsignedLong with ca.gobits.test.dht.util.DHTConversionUnitTest-testToUnsignedLong01
Wed May 16 05:59:42 UTC 2018: Code found ca.gobits.dht.util.DHTConversion-toByteArrayFromDHTNode with ca.gobits.test.dht.util.DHTConversionUnitTest-testToByteArrayFromDHTNode01
Wed May 16 05:59:43 UTC 2018: Code found ca.gobits.dht.util.DHTConversion-toDHTNode with ca.gobits.test.dht.util.DHTConversionUnitTest-testToDHTNode02
Wed May 16 05:59:43 UTC 2018: Code found ca.gobits.dht.util.DHTConversion-toDHTNode with ca.gobits.test.dht.util.DHTConversionUnitTest-testToDHTNode01
Wed May 16 05:59:44 UTC 2018: Code found ca.gobits.dht.util.DHTConversion-compactAddress with ca.gobits.test.dht.util.DHTConversionUnitTest-testCompactAddress02
Wed May 16 05:59:44 UTC 2018: Code found ca.gobits.dht.util.DHTConversion-compactAddress with ca.gobits.test.dht.util.DHTConversionUnitTest-testCompactAddress03
Wed May 16 05:59:45 UTC 2018: Code found ca.gobits.dht.util.DHTConversion-toInetAddressAsString with ca.gobits.test.dht.util.DHTConversionUnitTest-testToInetAddressAsString01
Wed May 16 05:59:45 UTC 2018: Code found ca.gobits.dht.util.DHTConversion-compactAddress with ca.gobits.test.dht.util.DHTConversionUnitTest-testCompactAddress01
Wed May 16 05:59:45 UTC 2018: Code found ca.gobits.dht.util.DHTConversion-toByteArrayFromDHTPeer with ca.gobits.test.dht.util.DHTConversionUnitTest-testToByteArrayFromDHTPeer01
Wed May 16 05:59:46 UTC 2018: No link for: ca.gobits.test.dht.util.DHTConversionUnitTest-testConstructorIsPrivate
Wed May 16 05:59:46 UTC 2018: No link for: ca.gobits.test.dht.util.DHTConversionUnitTest-testToLongArray03
Wed May 16 05:59:47 UTC 2018: No link for: ca.gobits.test.dht.util.DHTConversionUnitTest-testDecodeCompactIP02
Wed May 16 05:59:47 UTC 2018: No link for: ca.gobits.test.dht.util.DHTConversionUnitTest-testDecodeCompactIP01
Wed May 16 05:59:48 UTC 2018: Linking done for mfriesen__cthulhu-dh test class ca.gobits.test.dht.util.DHTConversionUnitTest
Wed May 16 05:59:48 UTC 2018: Found element on the queue
Wed May 16 05:59:48 UTC 2018: Updating status
Wed May 16 05:59:48 UTC 2018: Working
Wed May 16 05:59:51 UTC 2018: Start mfriesen__cthulhu-dh test class ca.gobits.test.dht.util.ConcurrentSortedListUnitTest
Wed May 16 05:59:51 UTC 2018: Setting lastTestMethodIndex: 64157
Wed May 16 05:59:51 UTC 2018: Starting linking
Wed May 16 05:59:51 UTC 2018: No link for: ca.gobits.test.dht.util.ConcurrentSortedListUnitTest-testConstructor01
Wed May 16 05:59:51 UTC 2018: No link for: ca.gobits.test.dht.util.ConcurrentSortedListUnitTest-testConstructor02
Wed May 16 05:59:51 UTC 2018: Linking done for mfriesen__cthulhu-dh test class ca.gobits.test.dht.util.ConcurrentSortedListUnitTest
Wed May 16 05:59:52 UTC 2018: Found element on the queue
Wed May 16 05:59:52 UTC 2018: Updating status
Wed May 16 05:59:52 UTC 2018: Working
Wed May 16 05:59:54 UTC 2018: Start mfriesen__cthulhu-dh test class ca.gobits.test.dht.DHTTokenUnitTest
Wed May 16 05:59:55 UTC 2018: Setting lastTestMethodIndex: 64158
Wed May 16 05:59:55 UTC 2018: Starting linking
Wed May 16 05:59:55 UTC 2018: Code found ca.gobits.dht.DHTToken-equals with ca.gobits.test.dht.DHTTokenUnitTest-testEquals01
Wed May 16 05:59:55 UTC 2018: Code found ca.gobits.dht.DHTToken-equals with ca.gobits.test.dht.DHTTokenUnitTest-testEquals02
Wed May 16 05:59:56 UTC 2018: Code found ca.gobits.dht.DHTToken-equals with ca.gobits.test.dht.DHTTokenUnitTest-testEquals03
Wed May 16 05:59:56 UTC 2018: Code found ca.gobits.dht.DHTToken-equals with ca.gobits.test.dht.DHTTokenUnitTest-testEquals04
Wed May 16 05:59:56 UTC 2018: No link for: ca.gobits.test.dht.DHTTokenUnitTest-testConstructor02
Wed May 16 05:59:57 UTC 2018: No link for: ca.gobits.test.dht.DHTTokenUnitTest-testConstructor01
Wed May 16 05:59:57 UTC 2018: Linking done for mfriesen__cthulhu-dh test class ca.gobits.test.dht.DHTTokenUnitTest
Wed May 16 05:59:58 UTC 2018: Found element on the queue
Wed May 16 05:59:58 UTC 2018: Updating status
Wed May 16 05:59:58 UTC 2018: Working
Wed May 16 06:00:00 UTC 2018: Start mfriesen__cthulhu-dh test class ca.gobits.test.dht.DHTBucketUnitTest
Wed May 16 06:00:00 UTC 2018: Setting lastTestMethodIndex: 64162
Wed May 16 06:00:00 UTC 2018: Starting linking
Wed May 16 06:00:00 UTC 2018: Code found ca.gobits.dht.DHTBucket-setNodeCount with ca.gobits.test.dht.DHTBucketUnitTest-testSetNodeCount01
Wed May 16 06:00:01 UTC 2018: Code found ca.gobits.dht.DHTBucket-setNodeCount with ca.gobits.test.dht.DHTBucketUnitTest-testSetNodeCount02
Wed May 16 06:00:01 UTC 2018: Code found ca.gobits.dht.DHTBucket-equals with ca.gobits.test.dht.DHTBucketUnitTest-testEquals01
Wed May 16 06:00:01 UTC 2018: Code found ca.gobits.dht.DHTBucket-incrementCount with ca.gobits.test.dht.DHTBucketUnitTest-testIncrementCount01
Wed May 16 06:00:02 UTC 2018: Code found ca.gobits.dht.DHTBucket-equals with ca.gobits.test.dht.DHTBucketUnitTest-testEquals03
Wed May 16 06:00:02 UTC 2018: Code found ca.gobits.dht.DHTBucket-equals with ca.gobits.test.dht.DHTBucketUnitTest-testEquals02
Wed May 16 06:00:02 UTC 2018: Code found ca.gobits.dht.DHTBucket-setMin with ca.gobits.test.dht.DHTBucketUnitTest-setMin01
Wed May 16 06:00:03 UTC 2018: Code found ca.gobits.dht.DHTBucket-getLastChanged with ca.gobits.test.dht.DHTBucketUnitTest-testGetLastChanged01
Wed May 16 06:00:03 UTC 2018: Code found ca.gobits.dht.DHTBucket-isFull with ca.gobits.test.dht.DHTBucketUnitTest-testIsFull02
Wed May 16 06:00:04 UTC 2018: Code found ca.gobits.dht.DHTBucket-isInRange with ca.gobits.test.dht.DHTBucketUnitTest-testIsInRange03
Wed May 16 06:00:04 UTC 2018: Code found ca.gobits.dht.DHTBucket-equals with ca.gobits.test.dht.DHTBucketUnitTest-testEquals04
Wed May 16 06:00:04 UTC 2018: Code found ca.gobits.dht.DHTBucket-isInRange with ca.gobits.test.dht.DHTBucketUnitTest-testIsInRange04
Wed May 16 06:00:05 UTC 2018: Code found ca.gobits.dht.DHTBucket-isInRange with ca.gobits.test.dht.DHTBucketUnitTest-testIsInRange01
Wed May 16 06:00:05 UTC 2018: Code found ca.gobits.dht.DHTBucket-isInRange with ca.gobits.test.dht.DHTBucketUnitTest-testIsInRange02
Wed May 16 06:00:06 UTC 2018: Code found ca.gobits.dht.DHTBucket-isFull with ca.gobits.test.dht.DHTBucketUnitTest-testIsFull01
Wed May 16 06:00:06 UTC 2018: Code found ca.gobits.dht.DHTBucket-toString with ca.gobits.test.dht.DHTBucketUnitTest-testToString01
Wed May 16 06:00:07 UTC 2018: Code found ca.gobits.dht.DHTBucket-decrementCount with ca.gobits.test.dht.DHTBucketUnitTest-testDecrementCount01
Wed May 16 06:00:07 UTC 2018: Code found ca.gobits.dht.DHTBucket-setMax with ca.gobits.test.dht.DHTBucketUnitTest-setMax01
Wed May 16 06:00:07 UTC 2018: Linking done for mfriesen__cthulhu-dh test class ca.gobits.test.dht.DHTBucketUnitTest
