Tue May 15 13:31:38 UTC 2018: Database:jdbc:mysql://localhost:3306/unittests
Tue May 15 13:31:39 UTC 2018: Starting
Tue May 15 13:31:40 UTC 2018: Found element on the queue
Tue May 15 13:31:40 UTC 2018: Updating status
Tue May 15 13:31:40 UTC 2018: Working
Tue May 15 13:31:40 UTC 2018: Create project parser
Tue May 15 13:31:49 UTC 2018: Create slicer
Tue May 15 13:31:56 UTC 2018: Create call graph
Tue May 15 13:31:58 UTC 2018: Create point analysis
Tue May 15 13:31:58 UTC 2018: Create call graph done
Tue May 15 13:31:58 UTC 2018: Start Cloud-Meets-CI__cirrus test class InnovationTest
Tue May 15 13:31:58 UTC 2018: Setting lastTestMethodIndex: 34021
Tue May 15 13:31:58 UTC 2018: Starting linking
Tue May 15 13:31:59 UTC 2018: Code found org.cloudfoundry.samples.music.domain.Album-getReleaseYear with InnovationTest-testGetReleaseYear
Tue May 15 13:31:59 UTC 2018: Code found org.cloudfoundry.samples.music.domain.Album-getTitle with InnovationTest-testGetTitle
Tue May 15 13:31:59 UTC 2018: Code found org.cloudfoundry.samples.music.domain.Album-setTitle with InnovationTest-testSetTitle
Tue May 15 13:31:59 UTC 2018: Code found org.cloudfoundry.samples.music.domain.Album-getGenre with InnovationTest-testGetGenre
Tue May 15 13:31:59 UTC 2018: Code found org.cloudfoundry.samples.music.domain.Album-setReleaseYear with InnovationTest-testSetReleaseYear
Tue May 15 13:31:59 UTC 2018: Code found org.cloudfoundry.samples.music.domain.Album-setGenre with InnovationTest-testSetGenre
Tue May 15 13:31:59 UTC 2018: Code found org.cloudfoundry.samples.music.domain.Album-setArtist with InnovationTest-testSetArtist
Tue May 15 13:31:59 UTC 2018: Code found org.cloudfoundry.samples.music.domain.Album-getArtist with InnovationTest-testGetArtist
Tue May 15 13:31:59 UTC 2018: No link for: InnovationTest-testAlbum
Tue May 15 13:31:59 UTC 2018: Linking done for Cloud-Meets-CI__cirrus test class InnovationTest
