Tue May 15 19:55:48 UTC 2018: Database:jdbc:mysql://localhost:3306/unittests
Tue May 15 19:55:48 UTC 2018: Starting
Tue May 15 19:55:49 UTC 2018: Found element on the queue
Tue May 15 19:55:49 UTC 2018: Updating status
Tue May 15 19:55:49 UTC 2018: Working
Tue May 15 19:55:49 UTC 2018: Create project parser
Tue May 15 19:55:53 UTC 2018: Create slicer
Tue May 15 19:55:57 UTC 2018: Create call graph
Tue May 15 19:56:00 UTC 2018: Create point analysis
Tue May 15 19:56:00 UTC 2018: Create call graph done
Tue May 15 19:56:00 UTC 2018: Start hansas__yes-car test class org.yes.cart.payment.impl.AbstractPaymentGatewayImplTest
Tue May 15 19:56:00 UTC 2018: Setting lastTestMethodIndex: 46392
Tue May 15 19:56:00 UTC 2018: Starting linking
Tue May 15 19:56:00 UTC 2018: Code found org.yes.cart.payment.impl.AbstractPaymentGatewayImpl-getParameterValue with org.yes.cart.payment.impl.AbstractPaymentGatewayImplTest-testGetParameterValue
Tue May 15 19:56:00 UTC 2018: Match not added in database because it already exists
Tue May 15 19:56:00 UTC 2018: Linking done for hansas__yes-car test class org.yes.cart.payment.impl.AbstractPaymentGatewayImplTest
Tue May 15 19:56:01 UTC 2018: Found element on the queue
Tue May 15 19:56:01 UTC 2018: Updating status
Tue May 15 19:56:01 UTC 2018: Working
Tue May 15 19:56:01 UTC 2018: Create project parser
Tue May 15 19:56:05 UTC 2018: Start hansas__yes-car test class org.yes.cart.payment.impl.AbstractGswmPaymentGatewayImplTest
Tue May 15 19:56:05 UTC 2018: Setting lastTestMethodIndex: 46396
Tue May 15 19:56:05 UTC 2018: Starting linking
Tue May 15 19:56:05 UTC 2018: Code found org.yes.cart.payment.impl.AbstractGswmPaymentGatewayImpl-getParameterValue with org.yes.cart.payment.impl.AbstractGswmPaymentGatewayImplTest-testGetParameterValue
Tue May 15 19:56:05 UTC 2018: Match not added in database because it already exists
Tue May 15 19:56:05 UTC 2018: Linking done for hansas__yes-car test class org.yes.cart.payment.impl.AbstractGswmPaymentGatewayImplTest
Tue May 15 19:56:06 UTC 2018: Found element on the queue
Tue May 15 19:56:06 UTC 2018: Updating status
Tue May 15 19:56:06 UTC 2018: Working
Tue May 15 19:56:09 UTC 2018: Start hansas__yes-car test class org.yes.cart.payment.impl.RobokassaPaymentGatewayImplTest
Tue May 15 19:56:09 UTC 2018: Setting lastTestMethodIndex: 46400
Tue May 15 19:56:09 UTC 2018: Starting linking
Tue May 15 19:56:09 UTC 2018: No link for: org.yes.cart.payment.impl.RobokassaPaymentGatewayImplTest-testGetPostActionUrl
Tue May 15 19:56:09 UTC 2018: None match not added in database because it already exists
Tue May 15 19:56:09 UTC 2018: No link for: org.yes.cart.payment.impl.RobokassaPaymentGatewayImplTest-testGetHtmlForm
Tue May 15 19:56:09 UTC 2018: None match not added in database because it already exists
Tue May 15 19:56:09 UTC 2018: Linking done for hansas__yes-car test class org.yes.cart.payment.impl.RobokassaPaymentGatewayImplTest
Tue May 15 19:56:10 UTC 2018: Found element on the queue
Tue May 15 19:56:10 UTC 2018: Updating status
Tue May 15 19:56:10 UTC 2018: Working
Tue May 15 19:56:10 UTC 2018: Create project parser
Tue May 15 19:56:15 UTC 2018: Start hansas__yes-car test class org.yes.cart.domain.i18n.impl.FailoverStringI18NModelTest
Tue May 15 19:56:15 UTC 2018: Setting lastTestMethodIndex: 46405
Tue May 15 19:56:15 UTC 2018: Starting linking
Tue May 15 19:56:15 UTC 2018: No link for: org.yes.cart.domain.i18n.impl.FailoverStringI18NModelTest-testStringEmpty
Tue May 15 19:56:15 UTC 2018: None match not added in database because it already exists
Tue May 15 19:56:15 UTC 2018: No link for: org.yes.cart.domain.i18n.impl.FailoverStringI18NModelTest-testStringInvalid
Tue May 15 19:56:15 UTC 2018: None match not added in database because it already exists
Tue May 15 19:56:15 UTC 2018: No link for: org.yes.cart.domain.i18n.impl.FailoverStringI18NModelTest-testStringNull
Tue May 15 19:56:16 UTC 2018: None match not added in database because it already exists
Tue May 15 19:56:16 UTC 2018: No link for: org.yes.cart.domain.i18n.impl.FailoverStringI18NModelTest-testString
Tue May 15 19:56:16 UTC 2018: None match not added in database because it already exists
Tue May 15 19:56:16 UTC 2018: Linking done for hansas__yes-car test class org.yes.cart.domain.i18n.impl.FailoverStringI18NModelTest
Tue May 15 19:56:16 UTC 2018: Found element on the queue
Tue May 15 19:56:16 UTC 2018: Updating status
Tue May 15 19:56:16 UTC 2018: Working
Tue May 15 19:56:19 UTC 2018: Start hansas__yes-car test class org.yes.cart.domain.i18n.impl.StringI18NModelTest
Tue May 15 19:56:19 UTC 2018: Setting lastTestMethodIndex: 46410
Tue May 15 19:56:19 UTC 2018: Starting linking
Tue May 15 19:56:19 UTC 2018: No link for: org.yes.cart.domain.i18n.impl.StringI18NModelTest-testStringInvalid
Tue May 15 19:56:19 UTC 2018: None match not added in database because it already exists
Tue May 15 19:56:19 UTC 2018: No link for: org.yes.cart.domain.i18n.impl.StringI18NModelTest-testStringEmpty
Tue May 15 19:56:20 UTC 2018: None match not added in database because it already exists
Tue May 15 19:56:20 UTC 2018: No link for: org.yes.cart.domain.i18n.impl.StringI18NModelTest-testStringNull
Tue May 15 19:56:20 UTC 2018: None match not added in database because it already exists
Tue May 15 19:56:20 UTC 2018: No link for: org.yes.cart.domain.i18n.impl.StringI18NModelTest-testStringNoFinalMarker
Tue May 15 19:56:20 UTC 2018: None match not added in database because it already exists
Tue May 15 19:56:20 UTC 2018: No link for: org.yes.cart.domain.i18n.impl.StringI18NModelTest-testString
Tue May 15 19:56:21 UTC 2018: None match not added in database because it already exists
Tue May 15 19:56:21 UTC 2018: Linking done for hansas__yes-car test class org.yes.cart.domain.i18n.impl.StringI18NModelTest
Tue May 15 19:56:21 UTC 2018: Found element on the queue
Tue May 15 19:56:21 UTC 2018: Updating status
Tue May 15 19:56:21 UTC 2018: Working
Tue May 15 19:56:24 UTC 2018: Start hansas__yes-car test class org.yes.cart.domain.queryobject.impl.FilteredNavigationRecordImplTest
Tue May 15 19:56:24 UTC 2018: Setting lastTestMethodIndex: 46415
Tue May 15 19:56:24 UTC 2018: Starting linking
Tue May 15 19:56:24 UTC 2018: Code found org.yes.cart.domain.queryobject.impl.FilteredNavigationRecordImpl-clone with org.yes.cart.domain.queryobject.impl.FilteredNavigationRecordImplTest-testClone
Tue May 15 19:56:24 UTC 2018: Match not added in database because it already exists
Tue May 15 19:56:24 UTC 2018: Linking done for hansas__yes-car test class org.yes.cart.domain.queryobject.impl.FilteredNavigationRecordImplTest
Tue May 15 19:56:25 UTC 2018: Found element on the queue
Tue May 15 19:56:25 UTC 2018: Updating status
Tue May 15 19:56:25 UTC 2018: Working
Tue May 15 19:56:27 UTC 2018: Start hansas__yes-car test class org.yes.cart.domain.queryobject.impl.NavigationContextImplTest
Tue May 15 19:56:27 UTC 2018: Setting lastTestMethodIndex: 46417
Tue May 15 19:56:27 UTC 2018: Starting linking
Tue May 15 19:56:27 UTC 2018: Code found org.yes.cart.domain.queryobject.impl.NavigationContextImpl-equals with org.yes.cart.domain.queryobject.impl.NavigationContextImplTest-testNotEqualsByParams3
Tue May 15 19:56:28 UTC 2018: Match not added in database because it already exists
Tue May 15 19:56:28 UTC 2018: Code found org.yes.cart.domain.queryobject.impl.NavigationContextImpl-equals with org.yes.cart.domain.queryobject.impl.NavigationContextImplTest-testNotEqualsByParams1
Tue May 15 19:56:28 UTC 2018: Match not added in database because it already exists
Tue May 15 19:56:28 UTC 2018: Code found org.yes.cart.domain.queryobject.impl.NavigationContextImpl-equals with org.yes.cart.domain.queryobject.impl.NavigationContextImplTest-testNotEqualsByParams2
Tue May 15 19:56:28 UTC 2018: Match not added in database because it already exists
Tue May 15 19:56:28 UTC 2018: Code found org.yes.cart.domain.queryobject.impl.NavigationContextImpl-equals with org.yes.cart.domain.queryobject.impl.NavigationContextImplTest-testNotEqualsByCategories5
Tue May 15 19:56:28 UTC 2018: Match not added in database because it already exists
Tue May 15 19:56:28 UTC 2018: Code found org.yes.cart.domain.queryobject.impl.NavigationContextImpl-equals with org.yes.cart.domain.queryobject.impl.NavigationContextImplTest-testNotEqualsByShopId
Tue May 15 19:56:29 UTC 2018: Match not added in database because it already exists
Tue May 15 19:56:29 UTC 2018: Code found org.yes.cart.domain.queryobject.impl.NavigationContextImpl-equals with org.yes.cart.domain.queryobject.impl.NavigationContextImplTest-testEqualsByParams4
Tue May 15 19:56:29 UTC 2018: Match not added in database because it already exists
Tue May 15 19:56:29 UTC 2018: Code found org.yes.cart.domain.queryobject.impl.NavigationContextImpl-equals with org.yes.cart.domain.queryobject.impl.NavigationContextImplTest-testEqualsByShopId
Tue May 15 19:56:29 UTC 2018: Match not added in database because it already exists
Tue May 15 19:56:29 UTC 2018: Code found org.yes.cart.domain.queryobject.impl.NavigationContextImpl-equals with org.yes.cart.domain.queryobject.impl.NavigationContextImplTest-testEqualsByParams1
Tue May 15 19:56:29 UTC 2018: Match not added in database because it already exists
Tue May 15 19:56:29 UTC 2018: Code found org.yes.cart.domain.queryobject.impl.NavigationContextImpl-equals with org.yes.cart.domain.queryobject.impl.NavigationContextImplTest-testEqualsByParams2
Tue May 15 19:56:30 UTC 2018: Match not added in database because it already exists
Tue May 15 19:56:30 UTC 2018: Code found org.yes.cart.domain.queryobject.impl.NavigationContextImpl-equals with org.yes.cart.domain.queryobject.impl.NavigationContextImplTest-testEqualsNull
Tue May 15 19:56:30 UTC 2018: Match not added in database because it already exists
Tue May 15 19:56:30 UTC 2018: Code found org.yes.cart.domain.queryobject.impl.NavigationContextImpl-equals with org.yes.cart.domain.queryobject.impl.NavigationContextImplTest-testEqualsByParams3
Tue May 15 19:56:30 UTC 2018: Match not added in database because it already exists
Tue May 15 19:56:30 UTC 2018: Code found org.yes.cart.domain.queryobject.impl.NavigationContextImpl-equals with org.yes.cart.domain.queryobject.impl.NavigationContextImplTest-testNotEqualsByCategories3
Tue May 15 19:56:30 UTC 2018: Match not added in database because it already exists
Tue May 15 19:56:30 UTC 2018: Code found org.yes.cart.domain.queryobject.impl.NavigationContextImpl-equals with org.yes.cart.domain.queryobject.impl.NavigationContextImplTest-testEqualsByCategories1
Tue May 15 19:56:31 UTC 2018: Match not added in database because it already exists
Tue May 15 19:56:31 UTC 2018: Code found org.yes.cart.domain.queryobject.impl.NavigationContextImpl-equals with org.yes.cart.domain.queryobject.impl.NavigationContextImplTest-testNotEqualsByCategories4
Tue May 15 19:56:31 UTC 2018: Match not added in database because it already exists
Tue May 15 19:56:31 UTC 2018: Code found org.yes.cart.domain.queryobject.impl.NavigationContextImpl-equals with org.yes.cart.domain.queryobject.impl.NavigationContextImplTest-testNotEqualsByCategories1
Tue May 15 19:56:31 UTC 2018: Match not added in database because it already exists
Tue May 15 19:56:31 UTC 2018: Code found org.yes.cart.domain.queryobject.impl.NavigationContextImpl-equals with org.yes.cart.domain.queryobject.impl.NavigationContextImplTest-testNotEqualsByCategories2
Tue May 15 19:56:32 UTC 2018: Match not added in database because it already exists
Tue May 15 19:56:32 UTC 2018: Code found org.yes.cart.domain.queryobject.impl.NavigationContextImpl-equals with org.yes.cart.domain.queryobject.impl.NavigationContextImplTest-testEqualsByCategories2
Tue May 15 19:56:32 UTC 2018: Match not added in database because it already exists
Tue May 15 19:56:32 UTC 2018: No link for: org.yes.cart.domain.queryobject.impl.NavigationContextImplTest-testCategoriesCanBeNull
Tue May 15 19:56:32 UTC 2018: None match not added in database because it already exists
Tue May 15 19:56:32 UTC 2018: No link for: org.yes.cart.domain.queryobject.impl.NavigationContextImplTest-testParametersCannotBeNull
Tue May 15 19:56:32 UTC 2018: None match not added in database because it already exists
Tue May 15 19:56:32 UTC 2018: Linking done for hansas__yes-car test class org.yes.cart.domain.queryobject.impl.NavigationContextImplTest
Tue May 15 19:56:33 UTC 2018: Found element on the queue
Tue May 15 19:56:33 UTC 2018: Updating status
Tue May 15 19:56:33 UTC 2018: Working
Tue May 15 19:56:36 UTC 2018: Start hansas__yes-car test class org.yes.cart.util.DomainApiUtilTest
Tue May 15 19:56:36 UTC 2018: Setting lastTestMethodIndex: 46424
Tue May 15 19:56:36 UTC 2018: Starting linking
Tue May 15 19:56:36 UTC 2018: Code found org.yes.cart.util.DomainApiUtil-isObjectAvailableNow with org.yes.cart.util.DomainApiUtilTest-testIsObjectAvailableNow
Tue May 15 19:56:36 UTC 2018: Match not added in database because it already exists
Tue May 15 19:56:36 UTC 2018: Linking done for hansas__yes-car test class org.yes.cart.util.DomainApiUtilTest
Tue May 15 19:56:37 UTC 2018: Found element on the queue
Tue May 15 19:56:37 UTC 2018: Updating status
Tue May 15 19:56:37 UTC 2018: Working
Tue May 15 19:56:40 UTC 2018: Start hansas__yes-car test class org.yes.cart.util.MoneyUtilsTest
Tue May 15 19:56:40 UTC 2018: Setting lastTestMethodIndex: 46428
Tue May 15 19:56:40 UTC 2018: Starting linking
Tue May 15 19:56:40 UTC 2018: Code found org.yes.cart.util.MoneyUtils-max with org.yes.cart.util.MoneyUtilsTest-testMaxWithNulls
Tue May 15 19:56:40 UTC 2018: Match not added in database because it already exists
Tue May 15 19:56:40 UTC 2018: Code found org.yes.cart.util.MoneyUtils-getDiscountDisplayValue with org.yes.cart.util.MoneyUtilsTest-testGetDiscountDisplayValueOnNullPrices
Tue May 15 19:56:40 UTC 2018: Match not added in database because it already exists
Tue May 15 19:56:40 UTC 2018: Code found org.yes.cart.util.MoneyUtils-max with org.yes.cart.util.MoneyUtilsTest-testMax
Tue May 15 19:56:41 UTC 2018: Match not added in database because it already exists
Tue May 15 19:56:41 UTC 2018: Code found org.yes.cart.util.MoneyUtils-max with org.yes.cart.util.MoneyUtilsTest-testMaxWithSecondNull
Tue May 15 19:56:41 UTC 2018: Match not added in database because it already exists
Tue May 15 19:56:41 UTC 2018: Code found org.yes.cart.util.MoneyUtils-getDiscountDisplayValue with org.yes.cart.util.MoneyUtilsTest-testGetDiscountDisplayValue
Tue May 15 19:56:41 UTC 2018: Match not added in database because it already exists
Tue May 15 19:56:41 UTC 2018: Code found org.yes.cart.util.MoneyUtils-max with org.yes.cart.util.MoneyUtilsTest-testMaxWithFirstNull
Tue May 15 19:56:41 UTC 2018: Match not added in database because it already exists
Tue May 15 19:56:41 UTC 2018: Code found org.yes.cart.util.MoneyUtils-notNull with org.yes.cart.util.MoneyUtilsTest-testNotNullIsNullSafe
Tue May 15 19:56:42 UTC 2018: Match not added in database because it already exists
Tue May 15 19:56:42 UTC 2018: Code found org.yes.cart.util.MoneyUtils-notNull with org.yes.cart.util.MoneyUtilsTest-testNotNullWithThree
Tue May 15 19:56:42 UTC 2018: Match not added in database because it already exists
Tue May 15 19:56:42 UTC 2018: Code found org.yes.cart.util.MoneyUtils-notNull with org.yes.cart.util.MoneyUtilsTest-testNotNullWithNull
Tue May 15 19:56:42 UTC 2018: Match not added in database because it already exists
Tue May 15 19:56:42 UTC 2018: No link for: org.yes.cart.util.MoneyUtilsTest-testIsFirstTenEqualToSecondZero
Tue May 15 19:56:43 UTC 2018: None match not added in database because it already exists
Tue May 15 19:56:43 UTC 2018: No link for: org.yes.cart.util.MoneyUtilsTest-testIsFirstZeroBiggerThanOrEqualToSecondNull
Tue May 15 19:56:43 UTC 2018: None match not added in database because it already exists
Tue May 15 19:56:43 UTC 2018: No link for: org.yes.cart.util.MoneyUtilsTest-testIsFirstNullBiggerThanOrEqualToSecondNulls
Tue May 15 19:56:43 UTC 2018: None match not added in database because it already exists
Tue May 15 19:56:43 UTC 2018: No link for: org.yes.cart.util.MoneyUtilsTest-testIsFirstTenEqualToSecondTen
Tue May 15 19:56:43 UTC 2018: None match not added in database because it already exists
Tue May 15 19:56:43 UTC 2018: No link for: org.yes.cart.util.MoneyUtilsTest-testMinimalPositiveIsSecondMinimalFromTenAndNull
Tue May 15 19:56:44 UTC 2018: None match not added in database because it already exists
Tue May 15 19:56:44 UTC 2018: No link for: org.yes.cart.util.MoneyUtilsTest-testIsFirstNullBiggerThanSecondZero
Tue May 15 19:56:44 UTC 2018: None match not added in database because it already exists
Tue May 15 19:56:44 UTC 2018: No link for: org.yes.cart.util.MoneyUtilsTest-testIsFirstZeroEqualToSecondNull
Tue May 15 19:56:45 UTC 2018: None match not added in database because it already exists
Tue May 15 19:56:45 UTC 2018: No link for: org.yes.cart.util.MoneyUtilsTest-testMinimalPositiveIsFirstOneLessThanSecondTen
Tue May 15 19:56:45 UTC 2018: None match not added in database because it already exists
Tue May 15 19:56:45 UTC 2018: No link for: org.yes.cart.util.MoneyUtilsTest-testIsFirstTenBiggerThanOrEqualToSecondZero
Tue May 15 19:56:45 UTC 2018: None match not added in database because it already exists
Tue May 15 19:56:45 UTC 2018: No link for: org.yes.cart.util.MoneyUtilsTest-testIsFirstZeroEqualToSecondTen
Tue May 15 19:56:45 UTC 2018: None match not added in database because it already exists
Tue May 15 19:56:45 UTC 2018: No link for: org.yes.cart.util.MoneyUtilsTest-testIsFirstNullBiggerThanSecondNulls
Tue May 15 19:56:45 UTC 2018: None match not added in database because it already exists
Tue May 15 19:56:45 UTC 2018: No link for: org.yes.cart.util.MoneyUtilsTest-testIsFirstNullBiggerThanOrEqualToSecondZero
Tue May 15 19:56:46 UTC 2018: None match not added in database because it already exists
Tue May 15 19:56:46 UTC 2018: No link for: org.yes.cart.util.MoneyUtilsTest-testIsFirstTenBiggerThanSecondZero
Tue May 15 19:56:46 UTC 2018: None match not added in database because it already exists
Tue May 15 19:56:46 UTC 2018: No link for: org.yes.cart.util.MoneyUtilsTest-testIsFirstTenBiggerThanOrEqualToSecondTen
Tue May 15 19:56:46 UTC 2018: None match not added in database because it already exists
Tue May 15 19:56:46 UTC 2018: No link for: org.yes.cart.util.MoneyUtilsTest-testIsFirstNullEqualToSecondNulls
Tue May 15 19:56:46 UTC 2018: None match not added in database because it already exists
Tue May 15 19:56:46 UTC 2018: No link for: org.yes.cart.util.MoneyUtilsTest-testIsFirstTenBiggerThanSecondTen
Tue May 15 19:56:47 UTC 2018: None match not added in database because it already exists
Tue May 15 19:56:47 UTC 2018: No link for: org.yes.cart.util.MoneyUtilsTest-testIsFirstZeroBiggerThanSecondNull
Tue May 15 19:56:47 UTC 2018: None match not added in database because it already exists
Tue May 15 19:56:47 UTC 2018: No link for: org.yes.cart.util.MoneyUtilsTest-testIsFirstZeroBiggerThanSecondTen
Tue May 15 19:56:47 UTC 2018: None match not added in database because it already exists
Tue May 15 19:56:47 UTC 2018: No link for: org.yes.cart.util.MoneyUtilsTest-testIsFirstNullEqualToSecondZero
Tue May 15 19:56:47 UTC 2018: None match not added in database because it already exists
Tue May 15 19:56:47 UTC 2018: No link for: org.yes.cart.util.MoneyUtilsTest-testMinimalPositiveIsFirstTenMoreThanSecondOne
Tue May 15 19:56:48 UTC 2018: None match not added in database because it already exists
Tue May 15 19:56:48 UTC 2018: No link for: org.yes.cart.util.MoneyUtilsTest-testIsFirstZeroBiggerThanOrEqualToSecondTen
Tue May 15 19:56:48 UTC 2018: None match not added in database because it already exists
Tue May 15 19:56:48 UTC 2018: No link for: org.yes.cart.util.MoneyUtilsTest-testMinimalPositiveIsFirstMinimalFromTenAndNull
Tue May 15 19:56:48 UTC 2018: None match not added in database because it already exists
Tue May 15 19:56:48 UTC 2018: Linking done for hansas__yes-car test class org.yes.cart.util.MoneyUtilsTest
Tue May 15 19:56:49 UTC 2018: Found element on the queue
Tue May 15 19:56:49 UTC 2018: Updating status
Tue May 15 19:56:49 UTC 2018: Working
Tue May 15 19:56:49 UTC 2018: Create project parser
Tue May 15 19:56:52 UTC 2018: Start hansas__yes-car test class org.yes.cart.payment.service.impl.PaymentGatewayParametersServiceTest
Tue May 15 19:56:52 UTC 2018: Setting lastTestMethodIndex: 46438
Tue May 15 19:56:52 UTC 2018: Starting linking
Tue May 15 19:56:52 UTC 2018: No link for: org.yes.cart.payment.service.impl.PaymentGatewayParametersServiceTest-testDeleteByLabel
Tue May 15 19:56:52 UTC 2018: None match not added in database because it already exists
Tue May 15 19:56:52 UTC 2018: No link for: org.yes.cart.payment.service.impl.PaymentGatewayParametersServiceTest-testFindAllByLabel
Tue May 15 19:56:52 UTC 2018: None match not added in database because it already exists
Tue May 15 19:56:52 UTC 2018: No link for: org.yes.cart.payment.service.impl.PaymentGatewayParametersServiceTest-testCrud
Tue May 15 19:56:52 UTC 2018: None match not added in database because it already exists
Tue May 15 19:56:52 UTC 2018: Linking done for hansas__yes-car test class org.yes.cart.payment.service.impl.PaymentGatewayParametersServiceTest
Tue May 15 19:56:53 UTC 2018: Found element on the queue
Tue May 15 19:56:53 UTC 2018: Updating status
Tue May 15 19:56:53 UTC 2018: Working
Tue May 15 19:56:53 UTC 2018: Create project parser
Tue May 15 19:56:59 UTC 2018: Start hansas__yes-car test class org.yes.cart.dao.impl.CategoryDAOTest
Tue May 15 19:56:59 UTC 2018: Setting lastTestMethodIndex: 46443
Tue May 15 19:56:59 UTC 2018: Starting linking
Tue May 15 19:56:59 UTC 2018: No link for: org.yes.cart.dao.impl.CategoryDAOTest-resovleCategoriesbyShop
Tue May 15 19:56:59 UTC 2018: None match not added in database because it already exists
Tue May 15 19:56:59 UTC 2018: No link for: org.yes.cart.dao.impl.CategoryDAOTest-availableCriteriaTest
Tue May 15 19:56:59 UTC 2018: None match not added in database because it already exists
Tue May 15 19:56:59 UTC 2018: Linking done for hansas__yes-car test class org.yes.cart.dao.impl.CategoryDAOTest
Tue May 15 19:57:00 UTC 2018: Found element on the queue
Tue May 15 19:57:00 UTC 2018: Updating status
Tue May 15 19:57:00 UTC 2018: Working
Tue May 15 19:57:03 UTC 2018: Start hansas__yes-car test class org.yes.cart.dao.impl.EntityFactoryImplTest
Tue May 15 19:57:03 UTC 2018: Setting lastTestMethodIndex: 46447
Tue May 15 19:57:03 UTC 2018: Starting linking
Tue May 15 19:57:03 UTC 2018: No link for: org.yes.cart.dao.impl.EntityFactoryImplTest-testGet
Tue May 15 19:57:04 UTC 2018: None match not added in database because it already exists
Tue May 15 19:57:04 UTC 2018: Linking done for hansas__yes-car test class org.yes.cart.dao.impl.EntityFactoryImplTest
Tue May 15 19:57:04 UTC 2018: Found element on the queue
Tue May 15 19:57:04 UTC 2018: Updating status
Tue May 15 19:57:04 UTC 2018: Working
Tue May 15 19:57:07 UTC 2018: Start hansas__yes-car test class org.yes.cart.dao.impl.GenericDAOTest
Tue May 15 19:57:07 UTC 2018: Setting lastTestMethodIndex: 46451
Tue May 15 19:57:07 UTC 2018: Starting linking
Tue May 15 19:57:07 UTC 2018: No link for: org.yes.cart.dao.impl.GenericDAOTest-testDeleteWithNativeQuery
Tue May 15 19:57:07 UTC 2018: None match not added in database because it already exists
Tue May 15 19:57:07 UTC 2018: No link for: org.yes.cart.dao.impl.GenericDAOTest-testUpdateWithNativeQuery
Tue May 15 19:57:08 UTC 2018: None match not added in database because it already exists
Tue May 15 19:57:08 UTC 2018: Linking done for hansas__yes-car test class org.yes.cart.dao.impl.GenericDAOTest
Tue May 15 19:57:08 UTC 2018: Found element on the queue
Tue May 15 19:57:08 UTC 2018: Updating status
Tue May 15 19:57:08 UTC 2018: Working
Tue May 15 19:57:11 UTC 2018: Start hansas__yes-car test class org.yes.cart.dao.impl.ProductDAOTest
Tue May 15 19:57:11 UTC 2018: Setting lastTestMethodIndex: 46455
Tue May 15 19:57:11 UTC 2018: Starting linking
Tue May 15 19:57:11 UTC 2018: No link for: org.yes.cart.dao.impl.ProductDAOTest-testGetUniqueBrandsByCategoriesTest
Tue May 15 19:57:12 UTC 2018: None match not added in database because it already exists
Tue May 15 19:57:12 UTC 2018: No link for: org.yes.cart.dao.impl.ProductDAOTest-testCreateNewProductNoSkuNoCategory
Tue May 15 19:57:12 UTC 2018: None match not added in database because it already exists
Tue May 15 19:57:12 UTC 2018: No link for: org.yes.cart.dao.impl.ProductDAOTest-testCreateNewProductWithBackorderAvailabilityOutOfStock
Tue May 15 19:57:12 UTC 2018: None match not added in database because it already exists
Tue May 15 19:57:12 UTC 2018: No link for: org.yes.cart.dao.impl.ProductDAOTest-testCreateNewProductWithAlwaysAvailabilityOutOfStock
Tue May 15 19:57:13 UTC 2018: None match not added in database because it already exists
Tue May 15 19:57:13 UTC 2018: No link for: org.yes.cart.dao.impl.ProductDAOTest-testGetUniqueAttribValues
Tue May 15 19:57:13 UTC 2018: None match not added in database because it already exists
Tue May 15 19:57:13 UTC 2018: No link for: org.yes.cart.dao.impl.ProductDAOTest-testCreateNewProductWithSkuAndCategoryAndStandardAvailability
Tue May 15 19:57:13 UTC 2018: None match not added in database because it already exists
Tue May 15 19:57:13 UTC 2018: No link for: org.yes.cart.dao.impl.ProductDAOTest-testGetRankedUniqueCodeAttribValues
Tue May 15 19:57:14 UTC 2018: None match not added in database because it already exists
Tue May 15 19:57:14 UTC 2018: No link for: org.yes.cart.dao.impl.ProductDAOTest-testCreateNewProductWithStandardAvailabilityAndThenMakeItOutOfStock
Tue May 15 19:57:14 UTC 2018: None match not added in database because it already exists
Tue May 15 19:57:14 UTC 2018: No link for: org.yes.cart.dao.impl.ProductDAOTest-testCreateNewProductWithPreorderAvailabilityOutOfStock
Tue May 15 19:57:14 UTC 2018: None match not added in database because it already exists
Tue May 15 19:57:14 UTC 2018: Linking done for hansas__yes-car test class org.yes.cart.dao.impl.ProductDAOTest
Tue May 15 19:57:15 UTC 2018: Found element on the queue
Tue May 15 19:57:15 UTC 2018: Updating status
Tue May 15 19:57:15 UTC 2018: Working
Tue May 15 19:57:18 UTC 2018: Start hansas__yes-car test class org.yes.cart.dao.impl.ShopDAOTest
Tue May 15 19:57:18 UTC 2018: Setting lastTestMethodIndex: 46460
Tue May 15 19:57:18 UTC 2018: Starting linking
Tue May 15 19:57:18 UTC 2018: No link for: org.yes.cart.dao.impl.ShopDAOTest-testShopDao
Tue May 15 19:57:18 UTC 2018: None match not added in database because it already exists
Tue May 15 19:57:18 UTC 2018: Linking done for hansas__yes-car test class org.yes.cart.dao.impl.ShopDAOTest
Tue May 15 19:57:19 UTC 2018: Found element on the queue
Tue May 15 19:57:19 UTC 2018: Updating status
Tue May 15 19:57:19 UTC 2018: Working
Tue May 15 19:57:21 UTC 2018: Start hansas__yes-car test class org.yes.cart.domain.entity.bridge.BigDecimalBridgeTest
Tue May 15 19:57:21 UTC 2018: Setting lastTestMethodIndex: 46462
Tue May 15 19:57:21 UTC 2018: Starting linking
Tue May 15 19:57:21 UTC 2018: Code found org.yes.cart.domain.entity.bridge.BigDecimalBridge-objectToString with org.yes.cart.domain.entity.bridge.BigDecimalBridgeTest-testObjectToString
Tue May 15 19:57:22 UTC 2018: Match not added in database because it already exists
Tue May 15 19:57:22 UTC 2018: Linking done for hansas__yes-car test class org.yes.cart.domain.entity.bridge.BigDecimalBridgeTest
Tue May 15 19:57:22 UTC 2018: Found element on the queue
Tue May 15 19:57:22 UTC 2018: Updating status
Tue May 15 19:57:22 UTC 2018: Working
Tue May 15 19:57:25 UTC 2018: Start hansas__yes-car test class org.yes.cart.domain.entity.bridge.PriceTierTreeTest
Tue May 15 19:57:25 UTC 2018: Setting lastTestMethodIndex: 46465
Tue May 15 19:57:25 UTC 2018: Starting linking
Tue May 15 19:57:25 UTC 2018: No link for: org.yes.cart.domain.entity.bridge.PriceTierTreeTest-testXmlSerialization
Tue May 15 19:57:25 UTC 2018: None match not added in database because it already exists
Tue May 15 19:57:25 UTC 2018: Linking done for hansas__yes-car test class org.yes.cart.domain.entity.bridge.PriceTierTreeTest
Tue May 15 19:57:26 UTC 2018: Found element on the queue
Tue May 15 19:57:26 UTC 2018: Updating status
Tue May 15 19:57:26 UTC 2018: Working
Tue May 15 19:57:29 UTC 2018: Start hansas__yes-car test class org.yes.cart.domain.entity.bridge.RangeListImplTest
Tue May 15 19:57:29 UTC 2018: Setting lastTestMethodIndex: 46469
Tue May 15 19:57:29 UTC 2018: Starting linking
Tue May 15 19:57:29 UTC 2018: No link for: org.yes.cart.domain.entity.bridge.RangeListImplTest-testXmlSerialization
Tue May 15 19:57:29 UTC 2018: None match not added in database because it already exists
Tue May 15 19:57:29 UTC 2018: Linking done for hansas__yes-car test class org.yes.cart.domain.entity.bridge.RangeListImplTest
Tue May 15 19:57:29 UTC 2018: Found element on the queue
Tue May 15 19:57:29 UTC 2018: Updating status
Tue May 15 19:57:29 UTC 2018: Working
Tue May 15 19:57:32 UTC 2018: Start hansas__yes-car test class org.yes.cart.domain.entity.impl.ProductEntityTest
Tue May 15 19:57:32 UTC 2018: Setting lastTestMethodIndex: 46472
Tue May 15 19:57:32 UTC 2018: Starting linking
Tue May 15 19:57:32 UTC 2018: Code found org.yes.cart.domain.entity.impl.ProductEntity-getLocale with org.yes.cart.domain.entity.impl.ProductEntityTest-testGetLocale
Tue May 15 19:57:33 UTC 2018: Match not added in database because it already exists
Tue May 15 19:57:33 UTC 2018: Linking done for hansas__yes-car test class org.yes.cart.domain.entity.impl.ProductEntityTest
Tue May 15 19:57:33 UTC 2018: Found element on the queue
Tue May 15 19:57:33 UTC 2018: Updating status
Tue May 15 19:57:33 UTC 2018: Working
Tue May 15 19:57:36 UTC 2018: Start hansas__yes-car test class org.yes.cart.domain.entity.impl.ProductQuantityModelImplTest
Tue May 15 19:57:36 UTC 2018: Setting lastTestMethodIndex: 46475
Tue May 15 19:57:36 UTC 2018: Starting linking
Tue May 15 19:57:36 UTC 2018: No link for: org.yes.cart.domain.entity.impl.ProductQuantityModelImplTest-testDefaultCartWith1ItemWithMin
Tue May 15 19:57:36 UTC 2018: None match not added in database because it already exists
Tue May 15 19:57:36 UTC 2018: No link for: org.yes.cart.domain.entity.impl.ProductQuantityModelImplTest-testDefaultCartWith3ItemsWithMinMax
Tue May 15 19:57:37 UTC 2018: None match not added in database because it already exists
Tue May 15 19:57:37 UTC 2018: No link for: org.yes.cart.domain.entity.impl.ProductQuantityModelImplTest-testDefaultCartWith1ItemWithMinMaxStepDecimal
Tue May 15 19:57:37 UTC 2018: None match not added in database because it already exists
Tue May 15 19:57:37 UTC 2018: No link for: org.yes.cart.domain.entity.impl.ProductQuantityModelImplTest-testDefaultCartEmptyWithMinMaxStepDecimal
Tue May 15 19:57:37 UTC 2018: None match not added in database because it already exists
Tue May 15 19:57:37 UTC 2018: No link for: org.yes.cart.domain.entity.impl.ProductQuantityModelImplTest-testDefaultCartWith1ItemWithMinMaxStepInt
Tue May 15 19:57:38 UTC 2018: None match not added in database because it already exists
Tue May 15 19:57:38 UTC 2018: No link for: org.yes.cart.domain.entity.impl.ProductQuantityModelImplTest-testDefaultCartWith3ItemsWithMin
Tue May 15 19:57:38 UTC 2018: None match not added in database because it already exists
Tue May 15 19:57:38 UTC 2018: No link for: org.yes.cart.domain.entity.impl.ProductQuantityModelImplTest-testDefaultCartWith3Items
Tue May 15 19:57:38 UTC 2018: None match not added in database because it already exists
Tue May 15 19:57:38 UTC 2018: No link for: org.yes.cart.domain.entity.impl.ProductQuantityModelImplTest-testDefaultCartEmptyWithMin
Tue May 15 19:57:38 UTC 2018: None match not added in database because it already exists
Tue May 15 19:57:38 UTC 2018: No link for: org.yes.cart.domain.entity.impl.ProductQuantityModelImplTest-testDefaultCartEmpty
Tue May 15 19:57:39 UTC 2018: None match not added in database because it already exists
Tue May 15 19:57:39 UTC 2018: No link for: org.yes.cart.domain.entity.impl.ProductQuantityModelImplTest-testDefaultCartWith3ItemsWithMinMaxStepInt
Tue May 15 19:57:39 UTC 2018: None match not added in database because it already exists
Tue May 15 19:57:39 UTC 2018: No link for: org.yes.cart.domain.entity.impl.ProductQuantityModelImplTest-testDefaultCartEmptyWithMinMax
Tue May 15 19:57:39 UTC 2018: None match not added in database because it already exists
Tue May 15 19:57:39 UTC 2018: No link for: org.yes.cart.domain.entity.impl.ProductQuantityModelImplTest-testDefaultCartWith1ItemWithMinMax
Tue May 15 19:57:39 UTC 2018: None match not added in database because it already exists
Tue May 15 19:57:39 UTC 2018: No link for: org.yes.cart.domain.entity.impl.ProductQuantityModelImplTest-testDefaultCartWith3ItemsWithMinMaxStepDecimal
Tue May 15 19:57:40 UTC 2018: None match not added in database because it already exists
Tue May 15 19:57:40 UTC 2018: No link for: org.yes.cart.domain.entity.impl.ProductQuantityModelImplTest-testDefaultCartEmptyWithMinMaxStepInt
Tue May 15 19:57:40 UTC 2018: None match not added in database because it already exists
Tue May 15 19:57:40 UTC 2018: No link for: org.yes.cart.domain.entity.impl.ProductQuantityModelImplTest-testDefaultCartWith1Item
Tue May 15 19:57:40 UTC 2018: None match not added in database because it already exists
Tue May 15 19:57:40 UTC 2018: Linking done for hansas__yes-car test class org.yes.cart.domain.entity.impl.ProductQuantityModelImplTest
Tue May 15 19:57:41 UTC 2018: Found element on the queue
Tue May 15 19:57:41 UTC 2018: Updating status
Tue May 15 19:57:41 UTC 2018: Working
Tue May 15 19:57:43 UTC 2018: Start hansas__yes-car test class org.yes.cart.domain.entity.impl.SkuPriceEntityTest
Tue May 15 19:57:43 UTC 2018: Setting lastTestMethodIndex: 46482
Tue May 15 19:57:43 UTC 2018: Starting linking
Tue May 15 19:57:44 UTC 2018: Code found org.yes.cart.domain.entity.impl.SkuPriceEntity-getSalePriceForCalculation with org.yes.cart.domain.entity.impl.SkuPriceEntityTest-testGetSalePriceForCalculation
Tue May 15 19:57:44 UTC 2018: Match not added in database because it already exists
Tue May 15 19:57:44 UTC 2018: Linking done for hansas__yes-car test class org.yes.cart.domain.entity.impl.SkuPriceEntityTest
Tue May 15 19:57:45 UTC 2018: Found element on the queue
Tue May 15 19:57:45 UTC 2018: Updating status
Tue May 15 19:57:45 UTC 2018: Working
Tue May 15 19:57:47 UTC 2018: Start hansas__yes-car test class org.yes.cart.domain.entity.xml.CategoryPriceNavigationXStreamProviderTest
Tue May 15 19:57:47 UTC 2018: Setting lastTestMethodIndex: 46486
Tue May 15 19:57:47 UTC 2018: Starting linking
Tue May 15 19:57:47 UTC 2018: No link for: org.yes.cart.domain.entity.xml.CategoryPriceNavigationXStreamProviderTest-testProvide
Tue May 15 19:57:48 UTC 2018: None match not added in database because it already exists
Tue May 15 19:57:48 UTC 2018: Linking done for hansas__yes-car test class org.yes.cart.domain.entity.xml.CategoryPriceNavigationXStreamProviderTest
Tue May 15 19:57:48 UTC 2018: Found element on the queue
Tue May 15 19:57:48 UTC 2018: Updating status
Tue May 15 19:57:48 UTC 2018: Working
Tue May 15 19:57:51 UTC 2018: Start hansas__yes-car test class org.yes.cart.domain.entity.xml.ProductTypeRangeListXStreamProviderTest
Tue May 15 19:57:51 UTC 2018: Setting lastTestMethodIndex: 46490
Tue May 15 19:57:51 UTC 2018: Starting linking
Tue May 15 19:57:51 UTC 2018: No link for: org.yes.cart.domain.entity.xml.ProductTypeRangeListXStreamProviderTest-testProvide
Tue May 15 19:57:51 UTC 2018: None match not added in database because it already exists
Tue May 15 19:57:51 UTC 2018: Linking done for hansas__yes-car test class org.yes.cart.domain.entity.xml.ProductTypeRangeListXStreamProviderTest
Tue May 15 19:57:52 UTC 2018: Found element on the queue
Tue May 15 19:57:52 UTC 2018: Updating status
Tue May 15 19:57:52 UTC 2018: Working
Tue May 15 19:57:55 UTC 2018: Start hansas__yes-car test class org.yes.cart.domain.query.impl.AsIsAnalyzerImplTest
Tue May 15 19:57:55 UTC 2018: Setting lastTestMethodIndex: 46494
Tue May 15 19:57:55 UTC 2018: Starting linking
Tue May 15 19:57:55 UTC 2018: No link for: org.yes.cart.domain.query.impl.AsIsAnalyzerImplTest-testThatQueryIsNotTransformedByAnalyzerWithMultipleFieldsQueryParser
Tue May 15 19:57:55 UTC 2018: None match not added in database because it already exists
Tue May 15 19:57:55 UTC 2018: Linking done for hansas__yes-car test class org.yes.cart.domain.query.impl.AsIsAnalyzerImplTest
Tue May 15 19:57:56 UTC 2018: Found element on the queue
Tue May 15 19:57:56 UTC 2018: Updating status
Tue May 15 19:57:56 UTC 2018: Working
Tue May 15 19:57:59 UTC 2018: Start hansas__yes-car test class org.yes.cart.domain.query.impl.AttributeSearchQueryBuilderTest
Tue May 15 19:57:59 UTC 2018: Setting lastTestMethodIndex: 46496
Tue May 15 19:57:59 UTC 2018: Starting linking
Tue May 15 19:57:59 UTC 2018: Code found org.yes.cart.domain.query.impl.AttributeSearchQueryBuilder-createRelaxedQuery with org.yes.cart.domain.query.impl.AttributeSearchQueryBuilderTest-testCreateRelaxedQueryRangeFrom
Tue May 15 19:57:59 UTC 2018: Match not added in database because it already exists
Tue May 15 19:57:59 UTC 2018: Code found org.yes.cart.domain.query.impl.AttributeSearchQueryBuilder-createRelaxedQuery with org.yes.cart.domain.query.impl.AttributeSearchQueryBuilderTest-testCreateRelaxedQueryNull
Tue May 15 19:57:59 UTC 2018: Match not added in database because it already exists
Tue May 15 19:57:59 UTC 2018: Code found org.yes.cart.domain.query.impl.AttributeSearchQueryBuilder-createStrictQuery with org.yes.cart.domain.query.impl.AttributeSearchQueryBuilderTest-testCreateStrictQueryRange
Tue May 15 19:57:59 UTC 2018: Match not added in database because it already exists
Tue May 15 19:57:59 UTC 2018: Code found org.yes.cart.domain.query.impl.AttributeSearchQueryBuilder-createRelaxedQuery with org.yes.cart.domain.query.impl.AttributeSearchQueryBuilderTest-testCreateRelaxedQueryBlank
Tue May 15 19:58:00 UTC 2018: Match not added in database because it already exists
Tue May 15 19:58:00 UTC 2018: Code found org.yes.cart.domain.query.impl.AttributeSearchQueryBuilder-createStrictQuery with org.yes.cart.domain.query.impl.AttributeSearchQueryBuilderTest-testCreateStrictQueryBlank
Tue May 15 19:58:00 UTC 2018: Match not added in database because it already exists
Tue May 15 19:58:00 UTC 2018: Code found org.yes.cart.domain.query.impl.AttributeSearchQueryBuilder-createStrictQuery with org.yes.cart.domain.query.impl.AttributeSearchQueryBuilderTest-testCreateStrictQuerySingle
Tue May 15 19:58:00 UTC 2018: Match not added in database because it already exists
Tue May 15 19:58:00 UTC 2018: Code found org.yes.cart.domain.query.impl.AttributeSearchQueryBuilder-createStrictQuery with org.yes.cart.domain.query.impl.AttributeSearchQueryBuilderTest-testCreateStrictQueryRangeTo
Tue May 15 19:58:00 UTC 2018: Match not added in database because it already exists
Tue May 15 19:58:00 UTC 2018: Code found org.yes.cart.domain.query.impl.AttributeSearchQueryBuilder-createRelaxedQuery with org.yes.cart.domain.query.impl.AttributeSearchQueryBuilderTest-testCreateRelaxedQueryRange
Tue May 15 19:58:01 UTC 2018: Match not added in database because it already exists
Tue May 15 19:58:01 UTC 2018: Code found org.yes.cart.domain.query.impl.AttributeSearchQueryBuilder-createRelaxedQuery with org.yes.cart.domain.query.impl.AttributeSearchQueryBuilderTest-testCreateRelaxedQueryRangeTo
Tue May 15 19:58:01 UTC 2018: Match not added in database because it already exists
Tue May 15 19:58:01 UTC 2018: Code found org.yes.cart.domain.query.impl.AttributeSearchQueryBuilder-createStrictQuery with org.yes.cart.domain.query.impl.AttributeSearchQueryBuilderTest-testCreateStrictQueryRangeFrom
Tue May 15 19:58:01 UTC 2018: Match not added in database because it already exists
Tue May 15 19:58:01 UTC 2018: Code found org.yes.cart.domain.query.impl.AttributeSearchQueryBuilder-createStrictQuery with org.yes.cart.domain.query.impl.AttributeSearchQueryBuilderTest-testCreateStrictQueryNull
Tue May 15 19:58:01 UTC 2018: Match not added in database because it already exists
Tue May 15 19:58:01 UTC 2018: Code found org.yes.cart.domain.query.impl.AttributeSearchQueryBuilder-createRelaxedQuery with org.yes.cart.domain.query.impl.AttributeSearchQueryBuilderTest-testCreateRelaxedQuerySingle
Tue May 15 19:58:01 UTC 2018: Match not added in database because it already exists
Tue May 15 19:58:01 UTC 2018: Linking done for hansas__yes-car test class org.yes.cart.domain.query.impl.AttributeSearchQueryBuilderTest
Tue May 15 19:58:02 UTC 2018: Found element on the queue
Tue May 15 19:58:02 UTC 2018: Updating status
Tue May 15 19:58:02 UTC 2018: Working
Tue May 15 19:58:05 UTC 2018: Start hansas__yes-car test class org.yes.cart.domain.query.impl.AttributeSkuSearchQueryBuilderTest
Tue May 15 19:58:05 UTC 2018: Setting lastTestMethodIndex: 46502
Tue May 15 19:58:05 UTC 2018: Starting linking
Tue May 15 19:58:05 UTC 2018: Code found org.yes.cart.domain.query.impl.AttributeSkuSearchQueryBuilder-createStrictQuery with org.yes.cart.domain.query.impl.AttributeSkuSearchQueryBuilderTest-testCreateStrictQueryRangeFrom
Tue May 15 19:58:06 UTC 2018: Match not added in database because it already exists
Tue May 15 19:58:06 UTC 2018: Code found org.yes.cart.domain.query.impl.AttributeSkuSearchQueryBuilder-createRelaxedQuery with org.yes.cart.domain.query.impl.AttributeSkuSearchQueryBuilderTest-testCreateRelaxedQueryBlank
Tue May 15 19:58:06 UTC 2018: Match not added in database because it already exists
Tue May 15 19:58:06 UTC 2018: Code found org.yes.cart.domain.query.impl.AttributeSkuSearchQueryBuilder-createStrictQuery with org.yes.cart.domain.query.impl.AttributeSkuSearchQueryBuilderTest-testCreateStrictQuerySingle
Tue May 15 19:58:06 UTC 2018: Match not added in database because it already exists
Tue May 15 19:58:06 UTC 2018: Code found org.yes.cart.domain.query.impl.AttributeSkuSearchQueryBuilder-createStrictQuery with org.yes.cart.domain.query.impl.AttributeSkuSearchQueryBuilderTest-testCreateStrictQueryRangeTo
Tue May 15 19:58:06 UTC 2018: Match not added in database because it already exists
Tue May 15 19:58:06 UTC 2018: Code found org.yes.cart.domain.query.impl.AttributeSkuSearchQueryBuilder-createRelaxedQuery with org.yes.cart.domain.query.impl.AttributeSkuSearchQueryBuilderTest-testCreateRelaxedQueryRangeTo
Tue May 15 19:58:07 UTC 2018: Match not added in database because it already exists
Tue May 15 19:58:07 UTC 2018: Code found org.yes.cart.domain.query.impl.AttributeSkuSearchQueryBuilder-createStrictQuery with org.yes.cart.domain.query.impl.AttributeSkuSearchQueryBuilderTest-testCreateStrictQueryNull
Tue May 15 19:58:07 UTC 2018: Match not added in database because it already exists
Tue May 15 19:58:07 UTC 2018: Code found org.yes.cart.domain.query.impl.AttributeSkuSearchQueryBuilder-createStrictQuery with org.yes.cart.domain.query.impl.AttributeSkuSearchQueryBuilderTest-testCreateStrictQueryBlank
Tue May 15 19:58:07 UTC 2018: Match not added in database because it already exists
Tue May 15 19:58:07 UTC 2018: Code found org.yes.cart.domain.query.impl.AttributeSkuSearchQueryBuilder-createRelaxedQuery with org.yes.cart.domain.query.impl.AttributeSkuSearchQueryBuilderTest-testCreateRelaxedQueryNull
Tue May 15 19:58:07 UTC 2018: Match not added in database because it already exists
Tue May 15 19:58:07 UTC 2018: Code found org.yes.cart.domain.query.impl.AttributeSkuSearchQueryBuilder-createRelaxedQuery with org.yes.cart.domain.query.impl.AttributeSkuSearchQueryBuilderTest-testCreateRelaxedQueryRangeFrom
Tue May 15 19:58:07 UTC 2018: Match not added in database because it already exists
Tue May 15 19:58:07 UTC 2018: Code found org.yes.cart.domain.query.impl.AttributeSkuSearchQueryBuilder-createRelaxedQuery with org.yes.cart.domain.query.impl.AttributeSkuSearchQueryBuilderTest-testCreateRelaxedQuerySingle
Tue May 15 19:58:08 UTC 2018: Match not added in database because it already exists
Tue May 15 19:58:08 UTC 2018: Code found org.yes.cart.domain.query.impl.AttributeSkuSearchQueryBuilder-createStrictQuery with org.yes.cart.domain.query.impl.AttributeSkuSearchQueryBuilderTest-testCreateStrictQueryRange
Tue May 15 19:58:08 UTC 2018: Match not added in database because it already exists
Tue May 15 19:58:08 UTC 2018: Code found org.yes.cart.domain.query.impl.AttributeSkuSearchQueryBuilder-createRelaxedQuery with org.yes.cart.domain.query.impl.AttributeSkuSearchQueryBuilderTest-testCreateRelaxedQueryRange
Tue May 15 19:58:08 UTC 2018: Match not added in database because it already exists
Tue May 15 19:58:08 UTC 2018: Linking done for hansas__yes-car test class org.yes.cart.domain.query.impl.AttributeSkuSearchQueryBuilderTest
Tue May 15 19:58:09 UTC 2018: Found element on the queue
Tue May 15 19:58:09 UTC 2018: Updating status
Tue May 15 19:58:09 UTC 2018: Working
Tue May 15 19:58:11 UTC 2018: Start hansas__yes-car test class org.yes.cart.domain.query.impl.FeaturedProductSearchQueryBuilderTest
Tue May 15 19:58:11 UTC 2018: Setting lastTestMethodIndex: 46508
Tue May 15 19:58:11 UTC 2018: Starting linking
Tue May 15 19:58:11 UTC 2018: Code found org.yes.cart.domain.query.impl.FeaturedProductSearchQueryBuilder-createStrictQuery with org.yes.cart.domain.query.impl.FeaturedProductSearchQueryBuilderTest-testCreateStrictQuery
Tue May 15 19:58:12 UTC 2018: Match not added in database because it already exists
Tue May 15 19:58:12 UTC 2018: No link for: org.yes.cart.domain.query.impl.FeaturedProductSearchQueryBuilderTest-testCreateRelaxedQuery
Tue May 15 19:58:12 UTC 2018: None match not added in database because it already exists
Tue May 15 19:58:12 UTC 2018: Linking done for hansas__yes-car test class org.yes.cart.domain.query.impl.FeaturedProductSearchQueryBuilderTest
Tue May 15 19:58:12 UTC 2018: Found element on the queue
Tue May 15 19:58:12 UTC 2018: Updating status
Tue May 15 19:58:12 UTC 2018: Working
Tue May 15 19:58:15 UTC 2018: Start hansas__yes-car test class org.yes.cart.domain.query.impl.KeywordProductSearchQueryBuilderTest
Tue May 15 19:58:15 UTC 2018: Setting lastTestMethodIndex: 46512
Tue May 15 19:58:15 UTC 2018: Starting linking
Tue May 15 19:58:15 UTC 2018: Code found org.yes.cart.domain.query.impl.KeywordProductSearchQueryBuilder-createRelaxedQuery with org.yes.cart.domain.query.impl.KeywordProductSearchQueryBuilderTest-testCreateRelaxedQueryMulti
Tue May 15 19:58:15 UTC 2018: Match not added in database because it already exists
Tue May 15 19:58:15 UTC 2018: Code found org.yes.cart.domain.query.impl.KeywordProductSearchQueryBuilder-createRelaxedQuery with org.yes.cart.domain.query.impl.KeywordProductSearchQueryBuilderTest-testCreateRelaxedQueryNull
Tue May 15 19:58:16 UTC 2018: Match not added in database because it already exists
Tue May 15 19:58:16 UTC 2018: Code found org.yes.cart.domain.query.impl.KeywordProductSearchQueryBuilder-createStrictQuery with org.yes.cart.domain.query.impl.KeywordProductSearchQueryBuilderTest-testCreateStrictQueryMulti
Tue May 15 19:58:16 UTC 2018: Match not added in database because it already exists
Tue May 15 19:58:16 UTC 2018: Code found org.yes.cart.domain.query.impl.KeywordProductSearchQueryBuilder-createRelaxedQuery with org.yes.cart.domain.query.impl.KeywordProductSearchQueryBuilderTest-testCreateRelaxedQueryBlank
Tue May 15 19:58:16 UTC 2018: Match not added in database because it already exists
Tue May 15 19:58:16 UTC 2018: Code found org.yes.cart.domain.query.impl.KeywordProductSearchQueryBuilder-createStrictQuery with org.yes.cart.domain.query.impl.KeywordProductSearchQueryBuilderTest-testCreateStrictQueryBlank
Tue May 15 19:58:16 UTC 2018: Match not added in database because it already exists
Tue May 15 19:58:16 UTC 2018: Code found org.yes.cart.domain.query.impl.KeywordProductSearchQueryBuilder-createStrictQuery with org.yes.cart.domain.query.impl.KeywordProductSearchQueryBuilderTest-testCreateStrictQuerySingle
Tue May 15 19:58:17 UTC 2018: Match not added in database because it already exists
Tue May 15 19:58:17 UTC 2018: Code found org.yes.cart.domain.query.impl.KeywordProductSearchQueryBuilder-createRelaxedQuery with org.yes.cart.domain.query.impl.KeywordProductSearchQueryBuilderTest-testCreateRelaxedQuerySingle
Tue May 15 19:58:17 UTC 2018: Match not added in database because it already exists
Tue May 15 19:58:17 UTC 2018: Code found org.yes.cart.domain.query.impl.KeywordProductSearchQueryBuilder-createStrictQuery with org.yes.cart.domain.query.impl.KeywordProductSearchQueryBuilderTest-testCreateStrictQueryNull
Tue May 15 19:58:17 UTC 2018: Match not added in database because it already exists
Tue May 15 19:58:17 UTC 2018: Linking done for hansas__yes-car test class org.yes.cart.domain.query.impl.KeywordProductSearchQueryBuilderTest
Tue May 15 19:58:18 UTC 2018: Found element on the queue
Tue May 15 19:58:18 UTC 2018: Updating status
Tue May 15 19:58:18 UTC 2018: Working
Tue May 15 19:58:20 UTC 2018: Start hansas__yes-car test class org.yes.cart.domain.query.impl.KeywordProductSkuSearchQueryBuilderTest
Tue May 15 19:58:21 UTC 2018: Setting lastTestMethodIndex: 46516
Tue May 15 19:58:21 UTC 2018: Starting linking
Tue May 15 19:58:21 UTC 2018: Code found org.yes.cart.domain.query.impl.KeywordProductSkuSearchQueryBuilder-createRelaxedQuery with org.yes.cart.domain.query.impl.KeywordProductSkuSearchQueryBuilderTest-testCreateRelaxedQuerySingle
Tue May 15 19:58:21 UTC 2018: Match not added in database because it already exists
Tue May 15 19:58:21 UTC 2018: Code found org.yes.cart.domain.query.impl.KeywordProductSkuSearchQueryBuilder-createStrictQuery with org.yes.cart.domain.query.impl.KeywordProductSkuSearchQueryBuilderTest-testCreateStrictQueryMulti
Tue May 15 19:58:21 UTC 2018: Match not added in database because it already exists
Tue May 15 19:58:21 UTC 2018: Code found org.yes.cart.domain.query.impl.KeywordProductSkuSearchQueryBuilder-createRelaxedQuery with org.yes.cart.domain.query.impl.KeywordProductSkuSearchQueryBuilderTest-testCreateRelaxedQueryMulti
Tue May 15 19:58:21 UTC 2018: Match not added in database because it already exists
Tue May 15 19:58:21 UTC 2018: Code found org.yes.cart.domain.query.impl.KeywordProductSkuSearchQueryBuilder-createRelaxedQuery with org.yes.cart.domain.query.impl.KeywordProductSkuSearchQueryBuilderTest-testCreateRelaxedQueryBlank
Tue May 15 19:58:21 UTC 2018: Match not added in database because it already exists
Tue May 15 19:58:21 UTC 2018: Code found org.yes.cart.domain.query.impl.KeywordProductSkuSearchQueryBuilder-createStrictQuery with org.yes.cart.domain.query.impl.KeywordProductSkuSearchQueryBuilderTest-testCreateStrictQuerySingle
Tue May 15 19:58:22 UTC 2018: Match not added in database because it already exists
Tue May 15 19:58:22 UTC 2018: Code found org.yes.cart.domain.query.impl.KeywordProductSkuSearchQueryBuilder-createStrictQuery with org.yes.cart.domain.query.impl.KeywordProductSkuSearchQueryBuilderTest-testCreateStrictQueryNull
Tue May 15 19:58:22 UTC 2018: Match not added in database because it already exists
Tue May 15 19:58:22 UTC 2018: Code found org.yes.cart.domain.query.impl.KeywordProductSkuSearchQueryBuilder-createStrictQuery with org.yes.cart.domain.query.impl.KeywordProductSkuSearchQueryBuilderTest-testCreateStrictQueryBlank
Tue May 15 19:58:22 UTC 2018: Match not added in database because it already exists
Tue May 15 19:58:22 UTC 2018: Code found org.yes.cart.domain.query.impl.KeywordProductSkuSearchQueryBuilder-createRelaxedQuery with org.yes.cart.domain.query.impl.KeywordProductSkuSearchQueryBuilderTest-testCreateRelaxedQueryNull
Tue May 15 19:58:22 UTC 2018: Match not added in database because it already exists
Tue May 15 19:58:22 UTC 2018: Linking done for hansas__yes-car test class org.yes.cart.domain.query.impl.KeywordProductSkuSearchQueryBuilderTest
Tue May 15 19:58:23 UTC 2018: Found element on the queue
Tue May 15 19:58:23 UTC 2018: Updating status
Tue May 15 19:58:23 UTC 2018: Working
Tue May 15 19:58:26 UTC 2018: Start hansas__yes-car test class org.yes.cart.domain.query.impl.PriceSearchQueryBuilderTest
Tue May 15 19:58:26 UTC 2018: Setting lastTestMethodIndex: 46521
Tue May 15 19:58:26 UTC 2018: Starting linking
Tue May 15 19:58:26 UTC 2018: Code found org.yes.cart.domain.query.impl.PriceSearchQueryBuilder-createStrictQuery with org.yes.cart.domain.query.impl.PriceSearchQueryBuilderTest-testCreateStrictQueryNull
Tue May 15 19:58:26 UTC 2018: Match not added in database because it already exists
Tue May 15 19:58:26 UTC 2018: Code found org.yes.cart.domain.query.impl.PriceSearchQueryBuilder-createRelaxedQuery with org.yes.cart.domain.query.impl.PriceSearchQueryBuilderTest-testCreateRelaxedQueryNull
Tue May 15 19:58:26 UTC 2018: Match not added in database because it already exists
Tue May 15 19:58:26 UTC 2018: Code found org.yes.cart.domain.query.impl.PriceSearchQueryBuilder-createRelaxedQuery with org.yes.cart.domain.query.impl.PriceSearchQueryBuilderTest-testCreateRelaxedQuery
Tue May 15 19:58:26 UTC 2018: Match not added in database because it already exists
Tue May 15 19:58:26 UTC 2018: Code found org.yes.cart.domain.query.impl.PriceSearchQueryBuilder-createStrictQuery with org.yes.cart.domain.query.impl.PriceSearchQueryBuilderTest-testCreateStrictQuery
Tue May 15 19:58:27 UTC 2018: Match not added in database because it already exists
Tue May 15 19:58:27 UTC 2018: Code found org.yes.cart.domain.query.impl.PriceSearchQueryBuilder-createStrictQuery with org.yes.cart.domain.query.impl.PriceSearchQueryBuilderTest-testCreateStrictQueryBlank
Tue May 15 19:58:27 UTC 2018: Match not added in database because it already exists
Tue May 15 19:58:27 UTC 2018: Code found org.yes.cart.domain.query.impl.PriceSearchQueryBuilder-createRelaxedQuery with org.yes.cart.domain.query.impl.PriceSearchQueryBuilderTest-testCreateRelaxedQueryBlank
Tue May 15 19:58:27 UTC 2018: Match not added in database because it already exists
Tue May 15 19:58:27 UTC 2018: Linking done for hansas__yes-car test class org.yes.cart.domain.query.impl.PriceSearchQueryBuilderTest
Tue May 15 19:58:28 UTC 2018: Found element on the queue
Tue May 15 19:58:28 UTC 2018: Updating status
Tue May 15 19:58:28 UTC 2018: Working
Tue May 15 19:58:30 UTC 2018: Start hansas__yes-car test class org.yes.cart.domain.query.impl.ProductBrandSearchQueryBuilderTest
Tue May 15 19:58:30 UTC 2018: Setting lastTestMethodIndex: 46526
Tue May 15 19:58:30 UTC 2018: Starting linking
Tue May 15 19:58:30 UTC 2018: Code found org.yes.cart.domain.query.impl.ProductBrandSearchQueryBuilder-createStrictQuery with org.yes.cart.domain.query.impl.ProductBrandSearchQueryBuilderTest-testCreateStrictQueryMultiNone
Tue May 15 19:58:31 UTC 2018: Match not added in database because it already exists
Tue May 15 19:58:31 UTC 2018: Code found org.yes.cart.domain.query.impl.ProductBrandSearchQueryBuilder-createRelaxedQuery with org.yes.cart.domain.query.impl.ProductBrandSearchQueryBuilderTest-testCreateRelaxedQueryMulti
Tue May 15 19:58:31 UTC 2018: Match not added in database because it already exists
Tue May 15 19:58:31 UTC 2018: Code found org.yes.cart.domain.query.impl.ProductBrandSearchQueryBuilder-createRelaxedQuery with org.yes.cart.domain.query.impl.ProductBrandSearchQueryBuilderTest-testCreateRelaxedQueryMultiCollectionEmpty
Tue May 15 19:58:31 UTC 2018: Match not added in database because it already exists
Tue May 15 19:58:31 UTC 2018: Code found org.yes.cart.domain.query.impl.ProductBrandSearchQueryBuilder-createStrictQuery with org.yes.cart.domain.query.impl.ProductBrandSearchQueryBuilderTest-testCreateStrictQueryNull
Tue May 15 19:58:31 UTC 2018: Match not added in database because it already exists
Tue May 15 19:58:31 UTC 2018: Code found org.yes.cart.domain.query.impl.ProductBrandSearchQueryBuilder-createRelaxedQuery with org.yes.cart.domain.query.impl.ProductBrandSearchQueryBuilderTest-testCreateRelaxedQuerySingle
Tue May 15 19:58:31 UTC 2018: Match not added in database because it already exists
Tue May 15 19:58:31 UTC 2018: Code found org.yes.cart.domain.query.impl.ProductBrandSearchQueryBuilder-createStrictQuery with org.yes.cart.domain.query.impl.ProductBrandSearchQueryBuilderTest-testCreateStrictQueryMultiCollection
Tue May 15 19:58:32 UTC 2018: Match not added in database because it already exists
Tue May 15 19:58:32 UTC 2018: Code found org.yes.cart.domain.query.impl.ProductBrandSearchQueryBuilder-createStrictQuery with org.yes.cart.domain.query.impl.ProductBrandSearchQueryBuilderTest-testCreateStrictQueryMulti
Tue May 15 19:58:32 UTC 2018: Match not added in database because it already exists
Tue May 15 19:58:32 UTC 2018: Code found org.yes.cart.domain.query.impl.ProductBrandSearchQueryBuilder-createRelaxedQuery with org.yes.cart.domain.query.impl.ProductBrandSearchQueryBuilderTest-testCreateRelaxedQueryMultiNone
Tue May 15 19:58:32 UTC 2018: Match not added in database because it already exists
Tue May 15 19:58:32 UTC 2018: Code found org.yes.cart.domain.query.impl.ProductBrandSearchQueryBuilder-createRelaxedQuery with org.yes.cart.domain.query.impl.ProductBrandSearchQueryBuilderTest-testCreateRelaxedQueryBlank
Tue May 15 19:58:32 UTC 2018: Match not added in database because it already exists
Tue May 15 19:58:32 UTC 2018: Code found org.yes.cart.domain.query.impl.ProductBrandSearchQueryBuilder-createStrictQuery with org.yes.cart.domain.query.impl.ProductBrandSearchQueryBuilderTest-testCreateStrictQueryBlank
Tue May 15 19:58:32 UTC 2018: Match not added in database because it already exists
Tue May 15 19:58:32 UTC 2018: Code found org.yes.cart.domain.query.impl.ProductBrandSearchQueryBuilder-createRelaxedQuery with org.yes.cart.domain.query.impl.ProductBrandSearchQueryBuilderTest-testCreateRelaxedQueryMultiCollection
Tue May 15 19:58:33 UTC 2018: Match not added in database because it already exists
Tue May 15 19:58:33 UTC 2018: Code found org.yes.cart.domain.query.impl.ProductBrandSearchQueryBuilder-createStrictQuery with org.yes.cart.domain.query.impl.ProductBrandSearchQueryBuilderTest-testCreateStrictQuerySingle
Tue May 15 19:58:33 UTC 2018: Match not added in database because it already exists
Tue May 15 19:58:33 UTC 2018: Code found org.yes.cart.domain.query.impl.ProductBrandSearchQueryBuilder-createStrictQuery with org.yes.cart.domain.query.impl.ProductBrandSearchQueryBuilderTest-testCreateStrictQueryMultiCollectionEmpty
Tue May 15 19:58:33 UTC 2018: Match not added in database because it already exists
Tue May 15 19:58:33 UTC 2018: Code found org.yes.cart.domain.query.impl.ProductBrandSearchQueryBuilder-createRelaxedQuery with org.yes.cart.domain.query.impl.ProductBrandSearchQueryBuilderTest-testCreateRelaxedQueryNull
Tue May 15 19:58:33 UTC 2018: Match not added in database because it already exists
Tue May 15 19:58:33 UTC 2018: Linking done for hansas__yes-car test class org.yes.cart.domain.query.impl.ProductBrandSearchQueryBuilderTest
Tue May 15 19:58:35 UTC 2018: Found element on the queue
Tue May 15 19:58:35 UTC 2018: Updating status
Tue May 15 19:58:35 UTC 2018: Working
Tue May 15 19:58:39 UTC 2018: Start hansas__yes-car test class org.yes.cart.domain.query.impl.ProductCategorySearchQueryBuilderTest
Tue May 15 19:58:39 UTC 2018: Setting lastTestMethodIndex: 46529
Tue May 15 19:58:39 UTC 2018: Starting linking
Tue May 15 19:58:39 UTC 2018: Code found org.yes.cart.domain.query.impl.AbstractStrictFieldSearchQueryBuilder-createStrictQuery with org.yes.cart.domain.query.impl.ProductCategorySearchQueryBuilderTest-testCreateStrictQueryMultiCollection
Tue May 15 19:58:40 UTC 2018: Match not added in database because it already exists
Tue May 15 19:58:40 UTC 2018: Code found org.yes.cart.domain.query.impl.AbstractStrictFieldSearchQueryBuilder-createStrictQuery with org.yes.cart.domain.query.impl.ProductCategorySearchQueryBuilderTest-testCreateStrictQueryMultiCollectionEmpty
Tue May 15 19:58:40 UTC 2018: Match not added in database because it already exists
Tue May 15 19:58:40 UTC 2018: Code found org.yes.cart.domain.query.impl.AbstractStrictFieldSearchQueryBuilder-createRelaxedQuery with org.yes.cart.domain.query.impl.ProductCategorySearchQueryBuilderTest-testCreateRelaxedQueryBlank
Tue May 15 19:58:40 UTC 2018: Match not added in database because it already exists
Tue May 15 19:58:40 UTC 2018: Code found org.yes.cart.domain.query.impl.AbstractStrictFieldSearchQueryBuilder-createStrictQuery with org.yes.cart.domain.query.impl.ProductCategorySearchQueryBuilderTest-testCreateStrictQueryBlank
Tue May 15 19:58:40 UTC 2018: Match not added in database because it already exists
Tue May 15 19:58:40 UTC 2018: Code found org.yes.cart.domain.query.impl.AbstractStrictFieldSearchQueryBuilder-createRelaxedQuery with org.yes.cart.domain.query.impl.ProductCategorySearchQueryBuilderTest-testCreateRelaxedQueryMultiCollection
Tue May 15 19:58:41 UTC 2018: Match not added in database because it already exists
Tue May 15 19:58:41 UTC 2018: Code found org.yes.cart.domain.query.impl.AbstractStrictFieldSearchQueryBuilder-createRelaxedQuery with org.yes.cart.domain.query.impl.ProductCategorySearchQueryBuilderTest-testCreateRelaxedQuerySingle
Tue May 15 19:58:41 UTC 2018: Match not added in database because it already exists
Tue May 15 19:58:41 UTC 2018: Code found org.yes.cart.domain.query.impl.AbstractStrictFieldSearchQueryBuilder-createRelaxedQuery with org.yes.cart.domain.query.impl.ProductCategorySearchQueryBuilderTest-testCreateRelaxedQueryMultiCollectionEmpty
Tue May 15 19:58:41 UTC 2018: Match not added in database because it already exists
Tue May 15 19:58:41 UTC 2018: Code found org.yes.cart.domain.query.impl.AbstractStrictFieldSearchQueryBuilder-createStrictQuery with org.yes.cart.domain.query.impl.ProductCategorySearchQueryBuilderTest-testCreateStrictQueryNull
Tue May 15 19:58:41 UTC 2018: Match not added in database because it already exists
Tue May 15 19:58:41 UTC 2018: Code found org.yes.cart.domain.query.impl.AbstractStrictFieldSearchQueryBuilder-createStrictQuery with org.yes.cart.domain.query.impl.ProductCategorySearchQueryBuilderTest-testCreateStrictQuerySingle
Tue May 15 19:58:41 UTC 2018: Match not added in database because it already exists
Tue May 15 19:58:41 UTC 2018: Code found org.yes.cart.domain.query.impl.AbstractStrictFieldSearchQueryBuilder-createRelaxedQuery with org.yes.cart.domain.query.impl.ProductCategorySearchQueryBuilderTest-testCreateRelaxedQueryNull
Tue May 15 19:58:42 UTC 2018: Match not added in database because it already exists
Tue May 15 19:58:42 UTC 2018: Linking done for hansas__yes-car test class org.yes.cart.domain.query.impl.ProductCategorySearchQueryBuilderTest
Tue May 15 19:58:42 UTC 2018: Found element on the queue
Tue May 15 19:58:42 UTC 2018: Updating status
Tue May 15 19:58:42 UTC 2018: Working
Tue May 15 19:58:45 UTC 2018: Start hansas__yes-car test class org.yes.cart.domain.query.impl.ProductIdSearchQueryBuilderTest
Tue May 15 19:58:45 UTC 2018: Setting lastTestMethodIndex: 46535
Tue May 15 19:58:45 UTC 2018: Starting linking
Tue May 15 19:58:45 UTC 2018: Code found org.yes.cart.domain.query.impl.ProductIdSearchQueryBuilder-createStrictQuery with org.yes.cart.domain.query.impl.ProductIdSearchQueryBuilderTest-testCreateStrictQueryBlank
Tue May 15 19:58:46 UTC 2018: Match not added in database because it already exists
Tue May 15 19:58:46 UTC 2018: Code found org.yes.cart.domain.query.impl.ProductIdSearchQueryBuilder-createStrictQuery with org.yes.cart.domain.query.impl.ProductIdSearchQueryBuilderTest-testCreateStrictQuerySingle
Tue May 15 19:58:46 UTC 2018: Match not added in database because it already exists
Tue May 15 19:58:46 UTC 2018: Code found org.yes.cart.domain.query.impl.ProductIdSearchQueryBuilder-createRelaxedQuery with org.yes.cart.domain.query.impl.ProductIdSearchQueryBuilderTest-testCreateRelaxedQueryMultiCollection
Tue May 15 19:58:46 UTC 2018: Match not added in database because it already exists
Tue May 15 19:58:46 UTC 2018: Code found org.yes.cart.domain.query.impl.ProductIdSearchQueryBuilder-createStrictQuery with org.yes.cart.domain.query.impl.ProductIdSearchQueryBuilderTest-testCreateStrictQueryMultiCollectionEmpty
Tue May 15 19:58:46 UTC 2018: Match not added in database because it already exists
Tue May 15 19:58:46 UTC 2018: Code found org.yes.cart.domain.query.impl.ProductIdSearchQueryBuilder-createRelaxedQuery with org.yes.cart.domain.query.impl.ProductIdSearchQueryBuilderTest-testCreateRelaxedQueryBlank
Tue May 15 19:58:47 UTC 2018: Match not added in database because it already exists
Tue May 15 19:58:47 UTC 2018: Code found org.yes.cart.domain.query.impl.ProductIdSearchQueryBuilder-createStrictQuery with org.yes.cart.domain.query.impl.ProductIdSearchQueryBuilderTest-testCreateStrictQueryMultiCollection
Tue May 15 19:58:47 UTC 2018: Match not added in database because it already exists
Tue May 15 19:58:47 UTC 2018: Code found org.yes.cart.domain.query.impl.ProductIdSearchQueryBuilder-createRelaxedQuery with org.yes.cart.domain.query.impl.ProductIdSearchQueryBuilderTest-testCreateRelaxedQueryNull
Tue May 15 19:58:47 UTC 2018: Match not added in database because it already exists
Tue May 15 19:58:47 UTC 2018: Code found org.yes.cart.domain.query.impl.ProductIdSearchQueryBuilder-createStrictQuery with org.yes.cart.domain.query.impl.ProductIdSearchQueryBuilderTest-testCreateStrictQueryNull
Tue May 15 19:58:47 UTC 2018: Match not added in database because it already exists
Tue May 15 19:58:47 UTC 2018: Code found org.yes.cart.domain.query.impl.ProductIdSearchQueryBuilder-createRelaxedQuery with org.yes.cart.domain.query.impl.ProductIdSearchQueryBuilderTest-testCreateRelaxedQuerySingle
Tue May 15 19:58:47 UTC 2018: Match not added in database because it already exists
Tue May 15 19:58:47 UTC 2018: Code found org.yes.cart.domain.query.impl.ProductIdSearchQueryBuilder-createRelaxedQuery with org.yes.cart.domain.query.impl.ProductIdSearchQueryBuilderTest-testCreateRelaxedQueryMultiCollectionEmpty
Tue May 15 19:58:48 UTC 2018: Match not added in database because it already exists
Tue May 15 19:58:48 UTC 2018: Linking done for hansas__yes-car test class org.yes.cart.domain.query.impl.ProductIdSearchQueryBuilderTest
Tue May 15 19:58:48 UTC 2018: Found element on the queue
Tue May 15 19:58:48 UTC 2018: Updating status
Tue May 15 19:58:48 UTC 2018: Working
Tue May 15 19:58:51 UTC 2018: Start hansas__yes-car test class org.yes.cart.domain.query.impl.ProductShopSearchQueryBuilderTest
Tue May 15 19:58:51 UTC 2018: Setting lastTestMethodIndex: 46540
Tue May 15 19:58:51 UTC 2018: Starting linking
Tue May 15 19:58:51 UTC 2018: Code found org.yes.cart.domain.query.impl.AbstractStrictFieldSearchQueryBuilder-createStrictQuery with org.yes.cart.domain.query.impl.ProductShopSearchQueryBuilderTest-testCreateStrictQueryBlank
Tue May 15 19:58:51 UTC 2018: Match not added in database because it already exists
Tue May 15 19:58:51 UTC 2018: Code found org.yes.cart.domain.query.impl.AbstractStrictFieldSearchQueryBuilder-createStrictQuery with org.yes.cart.domain.query.impl.ProductShopSearchQueryBuilderTest-testCreateStrictQueryMultiCollection
Tue May 15 19:58:51 UTC 2018: Match not added in database because it already exists
Tue May 15 19:58:51 UTC 2018: Code found org.yes.cart.domain.query.impl.AbstractStrictFieldSearchQueryBuilder-createRelaxedQuery with org.yes.cart.domain.query.impl.ProductShopSearchQueryBuilderTest-testCreateRelaxedQueryBlank
Tue May 15 19:58:52 UTC 2018: Match not added in database because it already exists
Tue May 15 19:58:52 UTC 2018: Code found org.yes.cart.domain.query.impl.AbstractStrictFieldSearchQueryBuilder-createRelaxedQuery with org.yes.cart.domain.query.impl.ProductShopSearchQueryBuilderTest-testCreateRelaxedQueryMultiCollection
Tue May 15 19:58:52 UTC 2018: Match not added in database because it already exists
Tue May 15 19:58:52 UTC 2018: Code found org.yes.cart.domain.query.impl.AbstractStrictFieldSearchQueryBuilder-createStrictQuery with org.yes.cart.domain.query.impl.ProductShopSearchQueryBuilderTest-testCreateStrictQueryMultiCollectionEmpty
Tue May 15 19:58:52 UTC 2018: Match not added in database because it already exists
Tue May 15 19:58:52 UTC 2018: Code found org.yes.cart.domain.query.impl.AbstractStrictFieldSearchQueryBuilder-createRelaxedQuery with org.yes.cart.domain.query.impl.ProductShopSearchQueryBuilderTest-testCreateRelaxedQuerySingle
Tue May 15 19:58:52 UTC 2018: Match not added in database because it already exists
Tue May 15 19:58:52 UTC 2018: Code found org.yes.cart.domain.query.impl.AbstractStrictFieldSearchQueryBuilder-createStrictQuery with org.yes.cart.domain.query.impl.ProductShopSearchQueryBuilderTest-testCreateStrictQueryNull
Tue May 15 19:58:52 UTC 2018: Match not added in database because it already exists
Tue May 15 19:58:52 UTC 2018: Code found org.yes.cart.domain.query.impl.AbstractStrictFieldSearchQueryBuilder-createRelaxedQuery with org.yes.cart.domain.query.impl.ProductShopSearchQueryBuilderTest-testCreateRelaxedQueryMultiCollectionEmpty
Tue May 15 19:58:53 UTC 2018: Match not added in database because it already exists
Tue May 15 19:58:53 UTC 2018: Code found org.yes.cart.domain.query.impl.AbstractStrictFieldSearchQueryBuilder-createStrictQuery with org.yes.cart.domain.query.impl.ProductShopSearchQueryBuilderTest-testCreateStrictQuerySingle
Tue May 15 19:58:53 UTC 2018: Match not added in database because it already exists
Tue May 15 19:58:53 UTC 2018: Code found org.yes.cart.domain.query.impl.AbstractStrictFieldSearchQueryBuilder-createRelaxedQuery with org.yes.cart.domain.query.impl.ProductShopSearchQueryBuilderTest-testCreateRelaxedQueryNull
Tue May 15 19:58:53 UTC 2018: Match not added in database because it already exists
Tue May 15 19:58:53 UTC 2018: Linking done for hansas__yes-car test class org.yes.cart.domain.query.impl.ProductShopSearchQueryBuilderTest
Tue May 15 19:58:54 UTC 2018: Found element on the queue
Tue May 15 19:58:54 UTC 2018: Updating status
Tue May 15 19:58:54 UTC 2018: Working
Tue May 15 19:58:57 UTC 2018: Start hansas__yes-car test class org.yes.cart.domain.query.impl.ProductSkuCodeSearchQueryBuilderTest
Tue May 15 19:58:57 UTC 2018: Setting lastTestMethodIndex: 46545
Tue May 15 19:58:57 UTC 2018: Starting linking
Tue May 15 19:58:57 UTC 2018: Code found org.yes.cart.domain.query.impl.AbstractStrictFieldSearchQueryBuilder-createRelaxedQuery with org.yes.cart.domain.query.impl.ProductSkuCodeSearchQueryBuilderTest-testCreateRelaxedQueryMultiCollectionEmpty
Tue May 15 19:58:57 UTC 2018: Match not added in database because it already exists
Tue May 15 19:58:57 UTC 2018: Code found org.yes.cart.domain.query.impl.AbstractStrictFieldSearchQueryBuilder-createStrictQuery with org.yes.cart.domain.query.impl.ProductSkuCodeSearchQueryBuilderTest-testCreateStrictQueryNull
Tue May 15 19:58:57 UTC 2018: Match not added in database because it already exists
Tue May 15 19:58:57 UTC 2018: Code found org.yes.cart.domain.query.impl.AbstractStrictFieldSearchQueryBuilder-createStrictQuery with org.yes.cart.domain.query.impl.ProductSkuCodeSearchQueryBuilderTest-testCreateStrictQuerySingle
Tue May 15 19:58:57 UTC 2018: Match not added in database because it already exists
Tue May 15 19:58:57 UTC 2018: Code found org.yes.cart.domain.query.impl.AbstractStrictFieldSearchQueryBuilder-createRelaxedQuery with org.yes.cart.domain.query.impl.ProductSkuCodeSearchQueryBuilderTest-testCreateRelaxedQueryNull
Tue May 15 19:58:58 UTC 2018: Match not added in database because it already exists
Tue May 15 19:58:58 UTC 2018: Code found org.yes.cart.domain.query.impl.AbstractStrictFieldSearchQueryBuilder-createRelaxedQuery with org.yes.cart.domain.query.impl.ProductSkuCodeSearchQueryBuilderTest-testCreateRelaxedQuerySingle
Tue May 15 19:58:58 UTC 2018: Match not added in database because it already exists
Tue May 15 19:58:58 UTC 2018: Code found org.yes.cart.domain.query.impl.AbstractStrictFieldSearchQueryBuilder-createStrictQuery with org.yes.cart.domain.query.impl.ProductSkuCodeSearchQueryBuilderTest-testCreateStrictQueryMultiCollection
Tue May 15 19:58:58 UTC 2018: Match not added in database because it already exists
Tue May 15 19:58:58 UTC 2018: Code found org.yes.cart.domain.query.impl.AbstractStrictFieldSearchQueryBuilder-createStrictQuery with org.yes.cart.domain.query.impl.ProductSkuCodeSearchQueryBuilderTest-testCreateStrictQueryMultiCollectionEmpty
Tue May 15 19:58:58 UTC 2018: Match not added in database because it already exists
Tue May 15 19:58:58 UTC 2018: Code found org.yes.cart.domain.query.impl.AbstractStrictFieldSearchQueryBuilder-createRelaxedQuery with org.yes.cart.domain.query.impl.ProductSkuCodeSearchQueryBuilderTest-testCreateRelaxedQueryBlank
Tue May 15 19:58:58 UTC 2018: Match not added in database because it already exists
Tue May 15 19:58:58 UTC 2018: Code found org.yes.cart.domain.query.impl.AbstractStrictFieldSearchQueryBuilder-createStrictQuery with org.yes.cart.domain.query.impl.ProductSkuCodeSearchQueryBuilderTest-testCreateStrictQueryBlank
Tue May 15 19:58:59 UTC 2018: Match not added in database because it already exists
Tue May 15 19:58:59 UTC 2018: Code found org.yes.cart.domain.query.impl.AbstractStrictFieldSearchQueryBuilder-createRelaxedQuery with org.yes.cart.domain.query.impl.ProductSkuCodeSearchQueryBuilderTest-testCreateRelaxedQueryMultiCollection
Tue May 15 19:58:59 UTC 2018: Match not added in database because it already exists
Tue May 15 19:58:59 UTC 2018: Linking done for hansas__yes-car test class org.yes.cart.domain.query.impl.ProductSkuCodeSearchQueryBuilderTest
Tue May 15 19:58:59 UTC 2018: Found element on the queue
Tue May 15 19:58:59 UTC 2018: Updating status
Tue May 15 19:58:59 UTC 2018: Working
Tue May 15 19:59:02 UTC 2018: Start hansas__yes-car test class org.yes.cart.domain.query.impl.ProductSkuIdSearchQueryBuilderTest
Tue May 15 19:59:02 UTC 2018: Setting lastTestMethodIndex: 46550
Tue May 15 19:59:02 UTC 2018: Starting linking
Tue May 15 19:59:02 UTC 2018: Code found org.yes.cart.domain.query.impl.ProductSkuIdSearchQueryBuilder-createRelaxedQuery with org.yes.cart.domain.query.impl.ProductSkuIdSearchQueryBuilderTest-testCreateRelaxedQueryMultiCollectionEmpty
Tue May 15 19:59:02 UTC 2018: Match not added in database because it already exists
Tue May 15 19:59:02 UTC 2018: Code found org.yes.cart.domain.query.impl.ProductSkuIdSearchQueryBuilder-createRelaxedQuery with org.yes.cart.domain.query.impl.ProductSkuIdSearchQueryBuilderTest-testCreateRelaxedQueryNull
Tue May 15 19:59:03 UTC 2018: Match not added in database because it already exists
Tue May 15 19:59:03 UTC 2018: Code found org.yes.cart.domain.query.impl.ProductSkuIdSearchQueryBuilder-createRelaxedQuery with org.yes.cart.domain.query.impl.ProductSkuIdSearchQueryBuilderTest-testCreateRelaxedQueryMultiCollection
Tue May 15 19:59:03 UTC 2018: Match not added in database because it already exists
Tue May 15 19:59:03 UTC 2018: Code found org.yes.cart.domain.query.impl.ProductSkuIdSearchQueryBuilder-createStrictQuery with org.yes.cart.domain.query.impl.ProductSkuIdSearchQueryBuilderTest-testCreateStrictQuerySingle
Tue May 15 19:59:03 UTC 2018: Match not added in database because it already exists
Tue May 15 19:59:03 UTC 2018: Code found org.yes.cart.domain.query.impl.ProductSkuIdSearchQueryBuilder-createRelaxedQuery with org.yes.cart.domain.query.impl.ProductSkuIdSearchQueryBuilderTest-testCreateRelaxedQuerySingle
Tue May 15 19:59:04 UTC 2018: Match not added in database because it already exists
Tue May 15 19:59:04 UTC 2018: Code found org.yes.cart.domain.query.impl.ProductSkuIdSearchQueryBuilder-createStrictQuery with org.yes.cart.domain.query.impl.ProductSkuIdSearchQueryBuilderTest-testCreateStrictQueryNull
Tue May 15 19:59:04 UTC 2018: Match not added in database because it already exists
Tue May 15 19:59:04 UTC 2018: Code found org.yes.cart.domain.query.impl.ProductSkuIdSearchQueryBuilder-createStrictQuery with org.yes.cart.domain.query.impl.ProductSkuIdSearchQueryBuilderTest-testCreateStrictQueryMultiCollectionEmpty
Tue May 15 19:59:04 UTC 2018: Match not added in database because it already exists
Tue May 15 19:59:04 UTC 2018: Code found org.yes.cart.domain.query.impl.ProductSkuIdSearchQueryBuilder-createStrictQuery with org.yes.cart.domain.query.impl.ProductSkuIdSearchQueryBuilderTest-testCreateStrictQueryBlank
Tue May 15 19:59:04 UTC 2018: Match not added in database because it already exists
Tue May 15 19:59:04 UTC 2018: Code found org.yes.cart.domain.query.impl.ProductSkuIdSearchQueryBuilder-createStrictQuery with org.yes.cart.domain.query.impl.ProductSkuIdSearchQueryBuilderTest-testCreateStrictQueryMultiCollection
Tue May 15 19:59:04 UTC 2018: Match not added in database because it already exists
Tue May 15 19:59:04 UTC 2018: Code found org.yes.cart.domain.query.impl.ProductSkuIdSearchQueryBuilder-createRelaxedQuery with org.yes.cart.domain.query.impl.ProductSkuIdSearchQueryBuilderTest-testCreateRelaxedQueryBlank
Tue May 15 19:59:05 UTC 2018: Match not added in database because it already exists
Tue May 15 19:59:05 UTC 2018: Linking done for hansas__yes-car test class org.yes.cart.domain.query.impl.ProductSkuIdSearchQueryBuilderTest
Tue May 15 19:59:05 UTC 2018: Found element on the queue
Tue May 15 19:59:05 UTC 2018: Updating status
Tue May 15 19:59:05 UTC 2018: Working
Tue May 15 19:59:08 UTC 2018: Start hansas__yes-car test class org.yes.cart.domain.query.impl.ProductTagSearchQueryBuilderTest
Tue May 15 19:59:08 UTC 2018: Setting lastTestMethodIndex: 46555
Tue May 15 19:59:08 UTC 2018: Starting linking
Tue May 15 19:59:08 UTC 2018: Code found org.yes.cart.domain.query.impl.ProductTagSearchQueryBuilder-createRelaxedQuery with org.yes.cart.domain.query.impl.ProductTagSearchQueryBuilderTest-testCreateRelaxedQueryNewArrival
Tue May 15 19:59:09 UTC 2018: Match not added in database because it already exists
Tue May 15 19:59:09 UTC 2018: Code found org.yes.cart.domain.query.impl.ProductTagSearchQueryBuilder-createStrictQuery with org.yes.cart.domain.query.impl.ProductTagSearchQueryBuilderTest-testCreateStrictQueryTag
Tue May 15 19:59:09 UTC 2018: Match not added in database because it already exists
Tue May 15 19:59:09 UTC 2018: Code found org.yes.cart.domain.query.impl.ProductTagSearchQueryBuilder-createRelaxedQuery with org.yes.cart.domain.query.impl.ProductTagSearchQueryBuilderTest-testCreateRelaxedQueryBlank
Tue May 15 19:59:09 UTC 2018: Match not added in database because it already exists
Tue May 15 19:59:09 UTC 2018: Code found org.yes.cart.domain.query.impl.ProductTagSearchQueryBuilder-createRelaxedQuery with org.yes.cart.domain.query.impl.ProductTagSearchQueryBuilderTest-testCreateRelaxedQueryTag
Tue May 15 19:59:09 UTC 2018: Match not added in database because it already exists
Tue May 15 19:59:09 UTC 2018: Code found org.yes.cart.domain.query.impl.ProductTagSearchQueryBuilder-createStrictQuery with org.yes.cart.domain.query.impl.ProductTagSearchQueryBuilderTest-testCreateStrictQueryBlank
Tue May 15 19:59:09 UTC 2018: Match not added in database because it already exists
Tue May 15 19:59:09 UTC 2018: Code found org.yes.cart.domain.query.impl.ProductTagSearchQueryBuilder-createStrictQuery with org.yes.cart.domain.query.impl.ProductTagSearchQueryBuilderTest-testCreateStrictQueryNewArrival
Tue May 15 19:59:10 UTC 2018: Match not added in database because it already exists
Tue May 15 19:59:10 UTC 2018: Code found org.yes.cart.domain.query.impl.ProductTagSearchQueryBuilder-createStrictQuery with org.yes.cart.domain.query.impl.ProductTagSearchQueryBuilderTest-testCreateStrictQueryNull
Tue May 15 19:59:10 UTC 2018: Match not added in database because it already exists
Tue May 15 19:59:10 UTC 2018: Code found org.yes.cart.domain.query.impl.ProductTagSearchQueryBuilder-createRelaxedQuery with org.yes.cart.domain.query.impl.ProductTagSearchQueryBuilderTest-testCreateRelaxedQueryNull
Tue May 15 19:59:10 UTC 2018: Match not added in database because it already exists
Tue May 15 19:59:10 UTC 2018: Linking done for hansas__yes-car test class org.yes.cart.domain.query.impl.ProductTagSearchQueryBuilderTest
Tue May 15 19:59:11 UTC 2018: Found element on the queue
Tue May 15 19:59:11 UTC 2018: Updating status
Tue May 15 19:59:11 UTC 2018: Working
Tue May 15 19:59:14 UTC 2018: Start hansas__yes-car test class org.yes.cart.domain.query.impl.SearchPhrazeUtilTest
Tue May 15 19:59:14 UTC 2018: Setting lastTestMethodIndex: 46559
Tue May 15 19:59:14 UTC 2018: Starting linking
Tue May 15 19:59:14 UTC 2018: No link for: org.yes.cart.domain.query.impl.SearchPhrazeUtilTest-testSplit
Tue May 15 19:59:14 UTC 2018: None match not added in database because it already exists
Tue May 15 19:59:14 UTC 2018: No link for: org.yes.cart.domain.query.impl.SearchPhrazeUtilTest-testSplitEmptyValue
Tue May 15 19:59:14 UTC 2018: None match not added in database because it already exists
Tue May 15 19:59:14 UTC 2018: No link for: org.yes.cart.domain.query.impl.SearchPhrazeUtilTest-testSplitNullValue
Tue May 15 19:59:14 UTC 2018: None match not added in database because it already exists
Tue May 15 19:59:14 UTC 2018: Linking done for hansas__yes-car test class org.yes.cart.domain.query.impl.SearchPhrazeUtilTest
