Tue May 15 23:29:38 UTC 2018: Database:jdbc:mysql://localhost:3306/unittests
Tue May 15 23:29:39 UTC 2018: Starting
Tue May 15 23:29:39 UTC 2018: Found element on the queue
Tue May 15 23:29:39 UTC 2018: Updating status
Tue May 15 23:29:39 UTC 2018: Working
Tue May 15 23:29:39 UTC 2018: Create project parser
Tue May 15 23:30:04 UTC 2018: Create slicer
Tue May 15 23:30:10 UTC 2018: Create call graph
Tue May 15 23:30:16 UTC 2018: Create point analysis
Tue May 15 23:30:16 UTC 2018: Create call graph done
Tue May 15 23:30:16 UTC 2018: Start jdeesh735__jenkinssci- test class jenkins.xml.XMLUtilsTest
Tue May 15 23:30:16 UTC 2018: Setting lastTestMethodIndex: 51104
Tue May 15 23:30:16 UTC 2018: Starting linking
Tue May 15 23:30:16 UTC 2018: Code found jenkins.util.xml.XMLUtils-safeTransform with jenkins.xml.XMLUtilsTest-testSafeTransformDoesNotProcessForeignResources
Tue May 15 23:30:16 UTC 2018: Match not added in database because it already exists
Tue May 15 23:30:16 UTC 2018: Code found jenkins.util.xml.XMLUtils-getValue with jenkins.xml.XMLUtilsTest-testGetValue
Tue May 15 23:30:16 UTC 2018: Match not added in database because it already exists
Tue May 15 23:30:16 UTC 2018: Code found jenkins.util.xml.XMLUtils-parse with jenkins.xml.XMLUtilsTest-testParse_with_XXE
Tue May 15 23:30:17 UTC 2018: Match not added in database because it already exists
Tue May 15 23:30:17 UTC 2018: No link for: jenkins.xml.XMLUtilsTest-testUpdateByXmlIDoesNotFail
Tue May 15 23:30:17 UTC 2018: None match not added in database because it already exists
Tue May 15 23:30:17 UTC 2018: Linking done for jdeesh735__jenkinssci- test class jenkins.xml.XMLUtilsTest
Tue May 15 23:30:17 UTC 2018: Found element on the queue
Tue May 15 23:30:17 UTC 2018: Updating status
Tue May 15 23:30:17 UTC 2018: Working
Tue May 15 23:30:20 UTC 2018: Start jdeesh735__jenkinssci- test class jenkins.widgets.HistoryPageFilterTest
Tue May 15 23:30:20 UTC 2018: Setting lastTestMethodIndex: 51107
Tue May 15 23:30:20 UTC 2018: Starting linking
Tue May 15 23:30:20 UTC 2018: No link for: jenkins.widgets.HistoryPageFilterTest-test_olderThan_lt_oldest
Tue May 15 23:30:20 UTC 2018: None match not added in database because it already exists
Tue May 15 23:30:20 UTC 2018: No link for: jenkins.widgets.HistoryPageFilterTest-should_ignore_sensitive_parameters_in_search_builds_by_build_params
Tue May 15 23:30:20 UTC 2018: None match not added in database because it already exists
Tue May 15 23:30:20 UTC 2018: No link for: jenkins.widgets.HistoryPageFilterTest-test_latest_longer_list
Tue May 15 23:30:21 UTC 2018: None match not added in database because it already exists
Tue May 15 23:30:21 UTC 2018: No link for: jenkins.widgets.HistoryPageFilterTest-test_latest_empty_page
Tue May 15 23:30:21 UTC 2018: None match not added in database because it already exists
Tue May 15 23:30:21 UTC 2018: No link for: jenkins.widgets.HistoryPageFilterTest-test_newerThan_near_newest
Tue May 15 23:30:21 UTC 2018: None match not added in database because it already exists
Tue May 15 23:30:21 UTC 2018: No link for: jenkins.widgets.HistoryPageFilterTest-test_olderThan_leaving_part_page
Tue May 15 23:30:21 UTC 2018: None match not added in database because it already exists
Tue May 15 23:30:21 UTC 2018: No link for: jenkins.widgets.HistoryPageFilterTest-test_newerThan_near_oldest
Tue May 15 23:30:22 UTC 2018: None match not added in database because it already exists
Tue May 15 23:30:22 UTC 2018: No link for: jenkins.widgets.HistoryPageFilterTest-test_search_runs_by_build_number
Tue May 15 23:30:22 UTC 2018: None match not added in database because it already exists
Tue May 15 23:30:22 UTC 2018: No link for: jenkins.widgets.HistoryPageFilterTest-test_latest_partial_page
Tue May 15 23:30:22 UTC 2018: None match not added in database because it already exists
Tue May 15 23:30:22 UTC 2018: No link for: jenkins.widgets.HistoryPageFilterTest-test_olderThan_gt_newest
Tue May 15 23:30:22 UTC 2018: None match not added in database because it already exists
Tue May 15 23:30:22 UTC 2018: No link for: jenkins.widgets.HistoryPageFilterTest-test_newerThan_gt_newest
Tue May 15 23:30:22 UTC 2018: None match not added in database because it already exists
Tue May 15 23:30:22 UTC 2018: No link for: jenkins.widgets.HistoryPageFilterTest-test_laterItemsNotEvaluated
Tue May 15 23:30:23 UTC 2018: None match not added in database because it already exists
Tue May 15 23:30:23 UTC 2018: No link for: jenkins.widgets.HistoryPageFilterTest-should_be_case_insensitive_by_default
Tue May 15 23:30:23 UTC 2018: None match not added in database because it already exists
Tue May 15 23:30:23 UTC 2018: No link for: jenkins.widgets.HistoryPageFilterTest-test_newerThan_doesntIncludeQueuedItems
Tue May 15 23:30:23 UTC 2018: None match not added in database because it already exists
Tue May 15 23:30:23 UTC 2018: No link for: jenkins.widgets.HistoryPageFilterTest-should_search_builds_by_build_variables
Tue May 15 23:30:23 UTC 2018: None match not added in database because it already exists
Tue May 15 23:30:23 UTC 2018: No link for: jenkins.widgets.HistoryPageFilterTest-should_lower_case_search_string_in_case_insensitive_search
Tue May 15 23:30:24 UTC 2018: None match not added in database because it already exists
Tue May 15 23:30:24 UTC 2018: No link for: jenkins.widgets.HistoryPageFilterTest-should_search_builds_by_build_params
Tue May 15 23:30:24 UTC 2018: None match not added in database because it already exists
Tue May 15 23:30:24 UTC 2018: No link for: jenkins.widgets.HistoryPageFilterTest-test_olderThan_mid_page
Tue May 15 23:30:24 UTC 2018: None match not added in database because it already exists
Tue May 15 23:30:24 UTC 2018: No link for: jenkins.widgets.HistoryPageFilterTest-test_newerThan_lt_oldest
Tue May 15 23:30:24 UTC 2018: None match not added in database because it already exists
Tue May 15 23:30:24 UTC 2018: Linking done for jdeesh735__jenkinssci- test class jenkins.widgets.HistoryPageFilterTest
Tue May 15 23:30:25 UTC 2018: Found element on the queue
Tue May 15 23:30:25 UTC 2018: Updating status
Tue May 15 23:30:25 UTC 2018: Working
Tue May 15 23:30:27 UTC 2018: Start jdeesh735__jenkinssci- test class jenkins.ResilientJsonObjectTest
Tue May 15 23:30:27 UTC 2018: Setting lastTestMethodIndex: 51112
Tue May 15 23:30:27 UTC 2018: Starting linking
Tue May 15 23:30:27 UTC 2018: Linking done for jdeesh735__jenkinssci- test class jenkins.ResilientJsonObjectTest
Tue May 15 23:30:28 UTC 2018: Found element on the queue
Tue May 15 23:30:28 UTC 2018: Updating status
Tue May 15 23:30:28 UTC 2018: Working
Tue May 15 23:30:30 UTC 2018: Start jdeesh735__jenkinssci- test class jenkins.model.JenkinsDescriptorTest
Tue May 15 23:30:30 UTC 2018: Setting lastTestMethodIndex: 51114
Tue May 15 23:30:30 UTC 2018: Starting linking
Tue May 15 23:30:30 UTC 2018: No link for: jenkins.model.JenkinsDescriptorTest-testBuildDirValidation
Tue May 15 23:30:30 UTC 2018: None match not added in database because it already exists
Tue May 15 23:30:30 UTC 2018: Linking done for jdeesh735__jenkinssci- test class jenkins.model.JenkinsDescriptorTest
Tue May 15 23:30:31 UTC 2018: Found element on the queue
Tue May 15 23:30:31 UTC 2018: Updating status
Tue May 15 23:30:31 UTC 2018: Working
Tue May 15 23:30:33 UTC 2018: Start jdeesh735__jenkinssci- test class jenkins.model.JenkinsGetRootUrlTest
Tue May 15 23:30:33 UTC 2018: Setting lastTestMethodIndex: 51116
Tue May 15 23:30:33 UTC 2018: Starting linking
Tue May 15 23:30:33 UTC 2018: No link for: jenkins.model.JenkinsGetRootUrlTest-getConfiguredRootUrl
Tue May 15 23:30:34 UTC 2018: None match not added in database because it already exists
Tue May 15 23:30:34 UTC 2018: No link for: jenkins.model.JenkinsGetRootUrlTest-getAccessedRootUrl
Tue May 15 23:30:34 UTC 2018: None match not added in database because it already exists
Tue May 15 23:30:34 UTC 2018: No link for: jenkins.model.JenkinsGetRootUrlTest-doNotInheritProtocolWhenDispatchingRequest2
Tue May 15 23:30:34 UTC 2018: None match not added in database because it already exists
Tue May 15 23:30:34 UTC 2018: No link for: jenkins.model.JenkinsGetRootUrlTest-preferConfiguredOverAccessed
Tue May 15 23:30:34 UTC 2018: None match not added in database because it already exists
Tue May 15 23:30:34 UTC 2018: No link for: jenkins.model.JenkinsGetRootUrlTest-doNotInheritProtocolWhenDispatchingRequest
Tue May 15 23:30:35 UTC 2018: None match not added in database because it already exists
Tue May 15 23:30:35 UTC 2018: No link for: jenkins.model.JenkinsGetRootUrlTest-useForwardedProtoWhenPresent
Tue May 15 23:30:35 UTC 2018: None match not added in database because it already exists
Tue May 15 23:30:35 UTC 2018: Linking done for jdeesh735__jenkinssci- test class jenkins.model.JenkinsGetRootUrlTest
Tue May 15 23:30:36 UTC 2018: Found element on the queue
Tue May 15 23:30:36 UTC 2018: Updating status
Tue May 15 23:30:36 UTC 2018: Working
Tue May 15 23:30:38 UTC 2018: Start jdeesh735__jenkinssci- test class jenkins.model.lazy.AbstractLazyLoadRunMapTest
Tue May 15 23:30:38 UTC 2018: Setting lastTestMethodIndex: 51121
Tue May 15 23:30:38 UTC 2018: Starting linking
Tue May 15 23:30:39 UTC 2018: No code found jenkins.model.lazy.FakeMap-subMap with jenkins.model.lazy.AbstractLazyLoadRunMapTest-fastSubMap
Tue May 15 23:30:39 UTC 2018: No code found jenkins.model.lazy.FakeMap-search with jenkins.model.lazy.AbstractLazyLoadRunMapTest-search
Tue May 15 23:30:39 UTC 2018: No code found jenkins.model.lazy.FakeMap-entrySet with jenkins.model.lazy.AbstractLazyLoadRunMapTest-entrySetChanges
Tue May 15 23:30:40 UTC 2018: No code found jenkins.model.lazy.FakeMap-search with jenkins.model.lazy.AbstractLazyLoadRunMapTest-searchExactWhenIndexedButSoftReferenceExpired
Tue May 15 23:30:40 UTC 2018: No code found jenkins.model.lazy.FakeMap-entrySet with jenkins.model.lazy.AbstractLazyLoadRunMapTest-entrySetContains
Tue May 15 23:30:40 UTC 2018: No code found jenkins.model.lazy.FakeMap-lastKey with jenkins.model.lazy.AbstractLazyLoadRunMapTest-lastKey
Tue May 15 23:30:40 UTC 2018: No code found jenkins.model.lazy.FakeMap-entrySet with jenkins.model.lazy.AbstractLazyLoadRunMapTest-entrySetEmpty
Tue May 15 23:30:41 UTC 2018: No code found jenkins.model.lazy.FakeMap-entrySet with jenkins.model.lazy.AbstractLazyLoadRunMapTest-entrySetIterator
Tue May 15 23:30:41 UTC 2018: No code found jenkins.model.lazy.FakeMap-entrySet with jenkins.model.lazy.AbstractLazyLoadRunMapTest-entrySetSize
Tue May 15 23:30:41 UTC 2018: No code found jenkins.model.lazy.FakeMap-search with jenkins.model.lazy.AbstractLazyLoadRunMapTest-exactSearchShouldNotReload
Tue May 15 23:30:41 UTC 2018: No code found jenkins.model.lazy.FakeMap-headMap with jenkins.model.lazy.AbstractLazyLoadRunMapTest-headMap
Tue May 15 23:30:42 UTC 2018: No code found jenkins.model.lazy.FakeMap-firstKey with jenkins.model.lazy.AbstractLazyLoadRunMapTest-firstKey
Tue May 15 23:30:42 UTC 2018: No link for: jenkins.model.lazy.AbstractLazyLoadRunMapTest-eagerLoading
Tue May 15 23:30:42 UTC 2018: None match not added in database because it already exists
Tue May 15 23:30:42 UTC 2018: No link for: jenkins.model.lazy.AbstractLazyLoadRunMapTest-slowRetrieve
Tue May 15 23:30:42 UTC 2018: None match not added in database because it already exists
Tue May 15 23:30:42 UTC 2018: No link for: jenkins.model.lazy.AbstractLazyLoadRunMapTest-lookupWithBogusKeyType
Tue May 15 23:30:43 UTC 2018: None match not added in database because it already exists
Tue May 15 23:30:43 UTC 2018: No link for: jenkins.model.lazy.AbstractLazyLoadRunMapTest-lookup
Tue May 15 23:30:43 UTC 2018: None match not added in database because it already exists
Tue May 15 23:30:43 UTC 2018: No link for: jenkins.model.lazy.AbstractLazyLoadRunMapTest-indexOutOfBounds
Tue May 15 23:30:43 UTC 2018: None match not added in database because it already exists
Tue May 15 23:30:43 UTC 2018: No link for: jenkins.model.lazy.AbstractLazyLoadRunMapTest-all
Tue May 15 23:30:43 UTC 2018: None match not added in database because it already exists
Tue May 15 23:30:43 UTC 2018: No link for: jenkins.model.lazy.AbstractLazyLoadRunMapTest-lookup2
Tue May 15 23:30:44 UTC 2018: None match not added in database because it already exists
Tue May 15 23:30:44 UTC 2018: No link for: jenkins.model.lazy.AbstractLazyLoadRunMapTest-identity
Tue May 15 23:30:44 UTC 2018: None match not added in database because it already exists
Tue May 15 23:30:44 UTC 2018: No link for: jenkins.model.lazy.AbstractLazyLoadRunMapTest-idempotentLookup
Tue May 15 23:30:45 UTC 2018: None match not added in database because it already exists
Tue May 15 23:30:45 UTC 2018: No link for: jenkins.model.lazy.AbstractLazyLoadRunMapTest-unloadableData
Tue May 15 23:30:45 UTC 2018: None match not added in database because it already exists
Tue May 15 23:30:45 UTC 2018: Linking done for jdeesh735__jenkinssci- test class jenkins.model.lazy.AbstractLazyLoadRunMapTest
Tue May 15 23:30:45 UTC 2018: Found element on the queue
Tue May 15 23:30:45 UTC 2018: Updating status
Tue May 15 23:30:45 UTC 2018: Working
Tue May 15 23:30:48 UTC 2018: Start jdeesh735__jenkinssci- test class jenkins.model.lazy.SortedIntListTest
Tue May 15 23:30:48 UTC 2018: Setting lastTestMethodIndex: 51125
Tue May 15 23:30:48 UTC 2018: Starting linking
Tue May 15 23:30:48 UTC 2018: Code found jenkins.model.lazy.SortedIntList-ceil with jenkins.model.lazy.SortedIntListTest-ceil
Tue May 15 23:30:48 UTC 2018: Match not added in database because it already exists
Tue May 15 23:30:48 UTC 2018: Code found jenkins.model.lazy.SortedIntList-max with jenkins.model.lazy.SortedIntListTest-max
Tue May 15 23:30:48 UTC 2018: Match not added in database because it already exists
Tue May 15 23:30:48 UTC 2018: Code found jenkins.model.lazy.SortedIntList-lower with jenkins.model.lazy.SortedIntListTest-testLower
Tue May 15 23:30:49 UTC 2018: Match not added in database because it already exists
Tue May 15 23:30:49 UTC 2018: Linking done for jdeesh735__jenkinssci- test class jenkins.model.lazy.SortedIntListTest
Tue May 15 23:30:49 UTC 2018: Found element on the queue
Tue May 15 23:30:49 UTC 2018: Updating status
Tue May 15 23:30:49 UTC 2018: Working
Tue May 15 23:30:52 UTC 2018: Start jdeesh735__jenkinssci- test class jenkins.model.lazy.SortedListTest
Tue May 15 23:30:52 UTC 2018: Setting lastTestMethodIndex: 51129
Tue May 15 23:30:52 UTC 2018: Starting linking
Tue May 15 23:30:52 UTC 2018: Code found jenkins.model.lazy.SortedList-floor with jenkins.model.lazy.SortedListTest-testFloor
Tue May 15 23:30:52 UTC 2018: Match not added in database because it already exists
Tue May 15 23:30:52 UTC 2018: Code found jenkins.model.lazy.SortedList-remove with jenkins.model.lazy.SortedListTest-remove
Tue May 15 23:30:52 UTC 2018: Match not added in database because it already exists
Tue May 15 23:30:52 UTC 2018: Code found jenkins.model.lazy.SortedList-ceil with jenkins.model.lazy.SortedListTest-testCeil
Tue May 15 23:30:52 UTC 2018: Match not added in database because it already exists
Tue May 15 23:30:52 UTC 2018: Code found jenkins.model.lazy.SortedList-higher with jenkins.model.lazy.SortedListTest-testHigher
Tue May 15 23:30:53 UTC 2018: Match not added in database because it already exists
Tue May 15 23:30:53 UTC 2018: Code found jenkins.model.lazy.SortedList-lower with jenkins.model.lazy.SortedListTest-testLower
Tue May 15 23:30:53 UTC 2018: Match not added in database because it already exists
Tue May 15 23:30:53 UTC 2018: No link for: jenkins.model.lazy.SortedListTest-testRange
Tue May 15 23:30:53 UTC 2018: None match not added in database because it already exists
Tue May 15 23:30:53 UTC 2018: No link for: jenkins.model.lazy.SortedListTest-testClone
Tue May 15 23:30:53 UTC 2018: None match not added in database because it already exists
Tue May 15 23:30:53 UTC 2018: Linking done for jdeesh735__jenkinssci- test class jenkins.model.lazy.SortedListTest
Tue May 15 23:30:54 UTC 2018: Found element on the queue
Tue May 15 23:30:54 UTC 2018: Updating status
Tue May 15 23:30:54 UTC 2018: Working
Tue May 15 23:30:57 UTC 2018: Start jdeesh735__jenkinssci- test class jenkins.model.JDKNameTest
Tue May 15 23:30:57 UTC 2018: Setting lastTestMethodIndex: 51132
Tue May 15 23:30:57 UTC 2018: Starting linking
Tue May 15 23:30:57 UTC 2018: Code found hudson.model.JDK-isDefaultName with jenkins.model.JDKNameTest-nullIsDefaultName
Tue May 15 23:30:57 UTC 2018: Match not added in database because it already exists
Tue May 15 23:30:57 UTC 2018: No link for: jenkins.model.JDKNameTest-othernameNotDefault
Tue May 15 23:30:58 UTC 2018: None match not added in database because it already exists
Tue May 15 23:30:58 UTC 2018: No link for: jenkins.model.JDKNameTest-recognizeDefaultName
Tue May 15 23:30:58 UTC 2018: None match not added in database because it already exists
Tue May 15 23:30:58 UTC 2018: No link for: jenkins.model.JDKNameTest-recognizeOldDefaultName
Tue May 15 23:30:58 UTC 2018: None match not added in database because it already exists
Tue May 15 23:30:58 UTC 2018: Linking done for jdeesh735__jenkinssci- test class jenkins.model.JDKNameTest
Tue May 15 23:30:59 UTC 2018: Found element on the queue
Tue May 15 23:30:59 UTC 2018: Updating status
Tue May 15 23:30:59 UTC 2018: Working
Tue May 15 23:31:01 UTC 2018: Start jdeesh735__jenkinssci- test class jenkins.RemotingJarSignatureTest
Tue May 15 23:31:01 UTC 2018: Setting lastTestMethodIndex: 51135
Tue May 15 23:31:01 UTC 2018: Starting linking
Tue May 15 23:31:01 UTC 2018: No link for: jenkins.RemotingJarSignatureTest-testSignature
Tue May 15 23:31:01 UTC 2018: None match not added in database because it already exists
Tue May 15 23:31:01 UTC 2018: Linking done for jdeesh735__jenkinssci- test class jenkins.RemotingJarSignatureTest
Tue May 15 23:31:02 UTC 2018: Found element on the queue
Tue May 15 23:31:02 UTC 2018: Updating status
Tue May 15 23:31:02 UTC 2018: Working
Tue May 15 23:31:05 UTC 2018: Start jdeesh735__jenkinssci- test class jenkins.util.TimeDurationTest
Tue May 15 23:31:05 UTC 2018: Setting lastTestMethodIndex: 51137
Tue May 15 23:31:05 UTC 2018: Starting linking
Tue May 15 23:31:05 UTC 2018: Code found jenkins.util.TimeDuration-fromString with jenkins.util.TimeDurationTest-fromString
Tue May 15 23:31:06 UTC 2018: Linking done for jdeesh735__jenkinssci- test class jenkins.util.TimeDurationTest
Tue May 15 23:31:06 UTC 2018: Found element on the queue
Tue May 15 23:31:06 UTC 2018: Updating status
Tue May 15 23:31:06 UTC 2018: Working
Tue May 15 23:31:09 UTC 2018: Start jdeesh735__jenkinssci- test class jenkins.util.MarkFindingOutputStreamTest
Tue May 15 23:31:09 UTC 2018: Setting lastTestMethodIndex: 51139
Tue May 15 23:31:09 UTC 2018: Starting linking
Tue May 15 23:31:09 UTC 2018: No code found jenkins.util.MarkFindingOutputStreamTest$MarkCountingOutputStream-close with jenkins.util.MarkFindingOutputStreamTest-closeInTheMiddle
Tue May 15 23:31:09 UTC 2018: No link for: jenkins.util.MarkFindingOutputStreamTest-writeOneHoldOff
Tue May 15 23:31:09 UTC 2018: None match not added in database because it already exists
Tue May 15 23:31:09 UTC 2018: No link for: jenkins.util.MarkFindingOutputStreamTest-partialMatchTurnsOutToBeWrongIn2ndWrite
Tue May 15 23:31:09 UTC 2018: None match not added in database because it already exists
Tue May 15 23:31:09 UTC 2018: No link for: jenkins.util.MarkFindingOutputStreamTest-oneByOne
Tue May 15 23:31:10 UTC 2018: None match not added in database because it already exists
Tue May 15 23:31:10 UTC 2018: No link for: jenkins.util.MarkFindingOutputStreamTest-findTwice
Tue May 15 23:31:10 UTC 2018: None match not added in database because it already exists
Tue May 15 23:31:10 UTC 2018: Linking done for jdeesh735__jenkinssci- test class jenkins.util.MarkFindingOutputStreamTest
Tue May 15 23:31:10 UTC 2018: Found element on the queue
Tue May 15 23:31:10 UTC 2018: Updating status
Tue May 15 23:31:10 UTC 2018: Working
Tue May 15 23:31:13 UTC 2018: Start jdeesh735__jenkinssci- test class jenkins.util.ResourceBundleUtilTest
Tue May 15 23:31:13 UTC 2018: Setting lastTestMethodIndex: 51140
Tue May 15 23:31:13 UTC 2018: Starting linking
Tue May 15 23:31:13 UTC 2018: No link for: jenkins.util.ResourceBundleUtilTest-test_unknown_bundle
Tue May 15 23:31:13 UTC 2018: None match not added in database because it already exists
Tue May 15 23:31:13 UTC 2018: No link for: jenkins.util.ResourceBundleUtilTest-test_unknown_locale
Tue May 15 23:31:13 UTC 2018: None match not added in database because it already exists
Tue May 15 23:31:13 UTC 2018: No link for: jenkins.util.ResourceBundleUtilTest-test_known_locale
Tue May 15 23:31:13 UTC 2018: None match not added in database because it already exists
Tue May 15 23:31:13 UTC 2018: Linking done for jdeesh735__jenkinssci- test class jenkins.util.ResourceBundleUtilTest
Tue May 15 23:31:14 UTC 2018: Found element on the queue
Tue May 15 23:31:14 UTC 2018: Updating status
Tue May 15 23:31:14 UTC 2018: Working
Tue May 15 23:31:16 UTC 2018: Start jdeesh735__jenkinssci- test class jenkins.model.PeepholePermalinkTest
Tue May 15 23:31:16 UTC 2018: Setting lastTestMethodIndex: 51142
Tue May 15 23:31:16 UTC 2018: Starting linking
Tue May 15 23:31:16 UTC 2018: No link for: jenkins.model.PeepholePermalinkTest-symlinks
Tue May 15 23:31:17 UTC 2018: None match not added in database because it already exists
Tue May 15 23:31:17 UTC 2018: Linking done for jdeesh735__jenkinssci- test class jenkins.model.PeepholePermalinkTest
Tue May 15 23:31:17 UTC 2018: Found element on the queue
Tue May 15 23:31:17 UTC 2018: Updating status
Tue May 15 23:31:17 UTC 2018: Working
Tue May 15 23:31:20 UTC 2018: Start jdeesh735__jenkinssci- test class jenkins.util.xstream.XStreamDOMTest
Tue May 15 23:31:20 UTC 2018: Setting lastTestMethodIndex: 51145
Tue May 15 23:31:20 UTC 2018: Starting linking
Tue May 15 23:31:20 UTC 2018: Linking done for jdeesh735__jenkinssci- test class jenkins.util.xstream.XStreamDOMTest
Tue May 15 23:31:20 UTC 2018: Found element on the queue
Tue May 15 23:31:20 UTC 2018: Updating status
Tue May 15 23:31:20 UTC 2018: Working
Tue May 15 23:31:23 UTC 2018: Start jdeesh735__jenkinssci- test class jenkins.util.JenkinsJVMTest
Tue May 15 23:31:23 UTC 2018: Setting lastTestMethodIndex: 51147
Tue May 15 23:31:23 UTC 2018: Starting linking
Tue May 15 23:31:23 UTC 2018: Code found jenkins.util.JenkinsJVM-checkNotJenkinsJVM with jenkins.util.JenkinsJVMTest-checkNotJenkinsJVM_WhenNotInAJenkinsJVM
Tue May 15 23:31:23 UTC 2018: Match not added in database because it already exists
Tue May 15 23:31:23 UTC 2018: Code found jenkins.util.JenkinsJVM-checkNotJenkinsJVM with jenkins.util.JenkinsJVMTest-checkNotJenkinsJVM_WhenInAJenkinsJVM
Tue May 15 23:31:23 UTC 2018: Match not added in database because it already exists
Tue May 15 23:31:23 UTC 2018: Code found jenkins.util.JenkinsJVM-checkJenkinsJVM with jenkins.util.JenkinsJVMTest-checkJenkinsJVM_WhenInAJenkinsJVM
Tue May 15 23:31:23 UTC 2018: Match not added in database because it already exists
Tue May 15 23:31:23 UTC 2018: Code found jenkins.util.JenkinsJVM-checkJenkinsJVM with jenkins.util.JenkinsJVMTest-checkJenkinsJVM_WhenNotInAJenkinsJVM
Tue May 15 23:31:23 UTC 2018: Match not added in database because it already exists
Tue May 15 23:31:23 UTC 2018: Linking done for jdeesh735__jenkinssci- test class jenkins.util.JenkinsJVMTest
Tue May 15 23:31:24 UTC 2018: Found element on the queue
Tue May 15 23:31:24 UTC 2018: Updating status
Tue May 15 23:31:24 UTC 2018: Working
Tue May 15 23:31:26 UTC 2018: Start jdeesh735__jenkinssci- test class jenkins.util.TreeStringBuilderTest
Tue May 15 23:31:26 UTC 2018: Setting lastTestMethodIndex: 51150
Tue May 15 23:31:26 UTC 2018: Starting linking
Tue May 15 23:31:26 UTC 2018: No link for: jenkins.util.TreeStringBuilderTest-testRandom
Tue May 15 23:31:27 UTC 2018: None match not added in database because it already exists
Tue May 15 23:31:27 UTC 2018: No link for: jenkins.util.TreeStringBuilderTest-test
Tue May 15 23:31:27 UTC 2018: None match not added in database because it already exists
Tue May 15 23:31:27 UTC 2018: Linking done for jdeesh735__jenkinssci- test class jenkins.util.TreeStringBuilderTest
Tue May 15 23:31:27 UTC 2018: Found element on the queue
Tue May 15 23:31:27 UTC 2018: Updating status
Tue May 15 23:31:27 UTC 2018: Working
Tue May 15 23:31:30 UTC 2018: Start jdeesh735__jenkinssci- test class jenkins.util.VirtualFileTest
Tue May 15 23:31:30 UTC 2018: Setting lastTestMethodIndex: 51153
Tue May 15 23:31:30 UTC 2018: Starting linking
Tue May 15 23:31:30 UTC 2018: No link for: jenkins.util.VirtualFileTest-outsideSymlinks
Tue May 15 23:31:30 UTC 2018: None match not added in database because it already exists
Tue May 15 23:31:30 UTC 2018: Linking done for jdeesh735__jenkinssci- test class jenkins.util.VirtualFileTest
Tue May 15 23:31:30 UTC 2018: Found element on the queue
Tue May 15 23:31:30 UTC 2018: Updating status
Tue May 15 23:31:30 UTC 2018: Working
Tue May 15 23:31:33 UTC 2018: Start jdeesh735__jenkinssci- test class hudson.UtilTest
Tue May 15 23:31:33 UTC 2018: Setting lastTestMethodIndex: 51156
Tue May 15 23:31:33 UTC 2018: Starting linking
Tue May 15 23:31:33 UTC 2018: Code found hudson.Util-rawEncode with hudson.UtilTest-testRawEncode
Tue May 15 23:31:33 UTC 2018: Match not added in database because it already exists
Tue May 15 23:31:33 UTC 2018: Code found hudson.Util-deleteContentsRecursive with hudson.UtilTest-testDeleteContentsRecursive_onWindows
Tue May 15 23:31:34 UTC 2018: Match not added in database because it already exists
Tue May 15 23:31:34 UTC 2018: Code found hudson.Util-escape with hudson.UtilTest-testHtmlEscape
Tue May 15 23:31:34 UTC 2018: Match not added in database because it already exists
Tue May 15 23:31:34 UTC 2018: Code found hudson.Util-loadProperties with hudson.UtilTest-loadProperties
Tue May 15 23:31:34 UTC 2018: Code found hudson.Util-deleteContentsRecursive with hudson.UtilTest-testDeleteContentsRecursive
Tue May 15 23:31:34 UTC 2018: Match not added in database because it already exists
Tue May 15 23:31:34 UTC 2018: Code found hudson.Util-deleteRecursive with hudson.UtilTest-testDeleteRecursive
Tue May 15 23:31:35 UTC 2018: Match not added in database because it already exists
Tue May 15 23:31:35 UTC 2018: Code found hudson.Util-isSafeToRedirectTo with hudson.UtilTest-testIsSafeToRedirectTo
Tue May 15 23:31:35 UTC 2018: Code found hudson.Util-isAbsoluteUri with hudson.UtilTest-testIsAbsoluteUri
Tue May 15 23:31:35 UTC 2018: Code found hudson.Util-isDescendant with hudson.UtilTest-testIsDescendant
Tue May 15 23:31:35 UTC 2018: Code found hudson.Util-tryParseNumber with hudson.UtilTest-testTryParseNumber
Tue May 15 23:31:35 UTC 2018: Match not added in database because it already exists
Tue May 15 23:31:35 UTC 2018: Code found hudson.Util-deleteFile with hudson.UtilTest-testDeleteFile_onWindows
Tue May 15 23:31:36 UTC 2018: Match not added in database because it already exists
Tue May 15 23:31:36 UTC 2018: Code found hudson.Util-encode with hudson.UtilTest-testEncodeSpaces
Tue May 15 23:31:36 UTC 2018: Match not added in database because it already exists
Tue May 15 23:31:36 UTC 2018: Code found hudson.Util-isSymlink with hudson.UtilTest-testIsSymlink
Tue May 15 23:31:36 UTC 2018: Match not added in database because it already exists
Tue May 15 23:31:36 UTC 2018: Code found hudson.Util-deleteRecursive with hudson.UtilTest-testDeleteRecursive_onWindows
Tue May 15 23:31:36 UTC 2018: Match not added in database because it already exists
Tue May 15 23:31:36 UTC 2018: Code found hudson.Util-deleteFile with hudson.UtilTest-testDeleteFile
Tue May 15 23:31:37 UTC 2018: Match not added in database because it already exists
Tue May 15 23:31:37 UTC 2018: Code found hudson.Util-replaceMacro with hudson.UtilTest-testReplaceMacro
Tue May 15 23:31:37 UTC 2018: Match not added in database because it already exists
Tue May 15 23:31:37 UTC 2018: No link for: hudson.UtilTest-isRelativePathWindows
Tue May 15 23:31:37 UTC 2018: No link for: hudson.UtilTest-testDigestThreadSafety
Tue May 15 23:31:38 UTC 2018: None match not added in database because it already exists
Tue May 15 23:31:38 UTC 2018: No link for: hudson.UtilTest-testTimeSpanString
Tue May 15 23:31:38 UTC 2018: None match not added in database because it already exists
Tue May 15 23:31:38 UTC 2018: No link for: hudson.UtilTest-testSymlink
Tue May 15 23:31:39 UTC 2018: None match not added in database because it already exists
Tue May 15 23:31:39 UTC 2018: No link for: hudson.UtilTest-isRelativePathUnix
Tue May 15 23:31:39 UTC 2018: Linking done for jdeesh735__jenkinssci- test class hudson.UtilTest
Tue May 15 23:31:39 UTC 2018: Found element on the queue
Tue May 15 23:31:39 UTC 2018: Updating status
Tue May 15 23:31:39 UTC 2018: Working
Tue May 15 23:31:42 UTC 2018: Start jdeesh735__jenkinssci- test class hudson.slaves.DelegatingComputerLauncherTest
Tue May 15 23:31:42 UTC 2018: Setting lastTestMethodIndex: 51161
Tue May 15 23:31:42 UTC 2018: Starting linking
Tue May 15 23:31:42 UTC 2018: Linking done for jdeesh735__jenkinssci- test class hudson.slaves.DelegatingComputerLauncherTest
Tue May 15 23:31:42 UTC 2018: Found element on the queue
Tue May 15 23:31:42 UTC 2018: Updating status
Tue May 15 23:31:42 UTC 2018: Working
Tue May 15 23:31:46 UTC 2018: Start jdeesh735__jenkinssci- test class hudson.slaves.NodeListTest
Tue May 15 23:31:46 UTC 2018: Setting lastTestMethodIndex: 51163
Tue May 15 23:31:46 UTC 2018: Starting linking
Tue May 15 23:31:46 UTC 2018: Linking done for jdeesh735__jenkinssci- test class hudson.slaves.NodeListTest
Tue May 15 23:31:46 UTC 2018: Found element on the queue
Tue May 15 23:31:46 UTC 2018: Updating status
Tue May 15 23:31:46 UTC 2018: Working
Tue May 15 23:31:49 UTC 2018: Start jdeesh735__jenkinssci- test class hudson.slaves.ComputerLauncherTest
Tue May 15 23:31:49 UTC 2018: Setting lastTestMethodIndex: 51166
Tue May 15 23:31:49 UTC 2018: Starting linking
Tue May 15 23:31:49 UTC 2018: No link for: hudson.slaves.ComputerLauncherTest-j2sdk4
Tue May 15 23:31:49 UTC 2018: None match not added in database because it already exists
Tue May 15 23:31:49 UTC 2018: No link for: hudson.slaves.ComputerLauncherTest-jdk6
Tue May 15 23:31:49 UTC 2018: None match not added in database because it already exists
Tue May 15 23:31:49 UTC 2018: No link for: hudson.slaves.ComputerLauncherTest-jdk10
Tue May 15 23:31:49 UTC 2018: None match not added in database because it already exists
Tue May 15 23:31:49 UTC 2018: No link for: hudson.slaves.ComputerLauncherTest-jdk7
Tue May 15 23:31:50 UTC 2018: None match not added in database because it already exists
Tue May 15 23:31:50 UTC 2018: No link for: hudson.slaves.ComputerLauncherTest-openJDK7
Tue May 15 23:31:50 UTC 2018: None match not added in database because it already exists
Tue May 15 23:31:50 UTC 2018: No link for: hudson.slaves.ComputerLauncherTest-jdk5
Tue May 15 23:31:50 UTC 2018: None match not added in database because it already exists
Tue May 15 23:31:50 UTC 2018: Linking done for jdeesh735__jenkinssci- test class hudson.slaves.ComputerLauncherTest
Tue May 15 23:31:51 UTC 2018: Found element on the queue
Tue May 15 23:31:51 UTC 2018: Updating status
Tue May 15 23:31:51 UTC 2018: Working
Tue May 15 23:31:53 UTC 2018: Start jdeesh735__jenkinssci- test class hudson.tasks.BuildStepCompatibilityLayerTest
Tue May 15 23:31:53 UTC 2018: Setting lastTestMethodIndex: 51169
Tue May 15 23:31:53 UTC 2018: Starting linking
Tue May 15 23:31:53 UTC 2018: Code found hudson.tasks.BuildStepCompatibilityLayer-perform with hudson.tasks.BuildStepCompatibilityLayerTest-testPerform
Tue May 15 23:31:53 UTC 2018: Match not added in database because it already exists
Tue May 15 23:31:53 UTC 2018: Code found hudson.tasks.BuildStepCompatibilityLayer-perform with hudson.tasks.BuildStepCompatibilityLayerTest-testPerformExpectAbstractMethodError
Tue May 15 23:31:54 UTC 2018: Match not added in database because it already exists
Tue May 15 23:31:54 UTC 2018: Linking done for jdeesh735__jenkinssci- test class hudson.tasks.BuildStepCompatibilityLayerTest
Tue May 15 23:31:54 UTC 2018: Found element on the queue
Tue May 15 23:31:54 UTC 2018: Updating status
Tue May 15 23:31:54 UTC 2018: Working
Tue May 15 23:31:57 UTC 2018: Start jdeesh735__jenkinssci- test class hudson.tasks._maven.Maven3MojoNoteTest
Tue May 15 23:31:57 UTC 2018: Setting lastTestMethodIndex: 51171
Tue May 15 23:31:57 UTC 2018: Starting linking
Tue May 15 23:31:57 UTC 2018: No link for: hudson.tasks._maven.Maven3MojoNoteTest-testAnnotateMavenPlugin
Tue May 15 23:31:58 UTC 2018: None match not added in database because it already exists
Tue May 15 23:31:58 UTC 2018: No link for: hudson.tasks._maven.Maven3MojoNoteTest-testAnnotateOtherPlugin
Tue May 15 23:31:58 UTC 2018: None match not added in database because it already exists
Tue May 15 23:31:58 UTC 2018: No link for: hudson.tasks._maven.Maven3MojoNoteTest-testAnnotateCodehausPlugin
Tue May 15 23:31:58 UTC 2018: None match not added in database because it already exists
Tue May 15 23:31:58 UTC 2018: Linking done for jdeesh735__jenkinssci- test class hudson.tasks._maven.Maven3MojoNoteTest
Tue May 15 23:31:59 UTC 2018: Found element on the queue
Tue May 15 23:31:59 UTC 2018: Updating status
Tue May 15 23:31:59 UTC 2018: Working
Tue May 15 23:32:01 UTC 2018: Start jdeesh735__jenkinssci- test class hudson.MarkupTextTest
Tue May 15 23:32:01 UTC 2018: Setting lastTestMethodIndex: 51174
Tue May 15 23:32:01 UTC 2018: Starting linking
Tue May 15 23:32:01 UTC 2018: No code found hudson.MarkupText$SubText-findTokens with hudson.MarkupTextTest-findTokensOnSubText
Tue May 15 23:32:02 UTC 2018: Code found hudson.MarkupText$SubText-subText with hudson.MarkupTextTest-subTextSubText
Tue May 15 23:32:02 UTC 2018: Match not added in database because it already exists
Tue May 15 23:32:02 UTC 2018: No link for: hudson.MarkupTextTest-adjacent
Tue May 15 23:32:02 UTC 2018: None match not added in database because it already exists
Tue May 15 23:32:02 UTC 2018: No link for: hudson.MarkupTextTest-test1
Tue May 15 23:32:02 UTC 2018: None match not added in database because it already exists
Tue May 15 23:32:02 UTC 2018: No link for: hudson.MarkupTextTest-literalTextSurround
Tue May 15 23:32:03 UTC 2018: None match not added in database because it already exists
Tue May 15 23:32:03 UTC 2018: No link for: hudson.MarkupTextTest-escape
Tue May 15 23:32:03 UTC 2018: None match not added in database because it already exists
Tue May 15 23:32:03 UTC 2018: No link for: hudson.MarkupTextTest-preEscape
Tue May 15 23:32:04 UTC 2018: None match not added in database because it already exists
Tue May 15 23:32:04 UTC 2018: No link for: hudson.MarkupTextTest-boundary
Tue May 15 23:32:04 UTC 2018: None match not added in database because it already exists
Tue May 15 23:32:04 UTC 2018: Linking done for jdeesh735__jenkinssci- test class hudson.MarkupTextTest
Tue May 15 23:32:04 UTC 2018: Found element on the queue
Tue May 15 23:32:04 UTC 2018: Updating status
Tue May 15 23:32:04 UTC 2018: Working
Tue May 15 23:32:07 UTC 2018: Start jdeesh735__jenkinssci- test class hudson.FunctionsTest
Tue May 15 23:32:07 UTC 2018: Setting lastTestMethodIndex: 51178
Tue May 15 23:32:07 UTC 2018: Starting linking
Tue May 15 23:32:07 UTC 2018: No code found hudson.Functions-getRelativeLinkTo with hudson.FunctionsTest-testGetRelativeLinkTo_JobContainedInView
Tue May 15 23:32:07 UTC 2018: No code found hudson.Functions-getActionUrl with hudson.FunctionsTest-testGetActionUrl_absolutePath
Tue May 15 23:32:08 UTC 2018: No code found hudson.Functions-getActionUrl with hudson.FunctionsTest-testGetActionUrl_absoluteUriWithoutAuthority
Tue May 15 23:32:08 UTC 2018: No code found hudson.Functions-getActionUrl with hudson.FunctionsTest-testGetActionUrl_unparseable
Tue May 15 23:32:08 UTC 2018: No code found hudson.Functions-printLogRecordHtml with hudson.FunctionsTest-printLogRecordHtml
Tue May 15 23:32:08 UTC 2018: No code found hudson.Functions-getRelativeLinkTo with hudson.FunctionsTest-getRelativeLinkTo_MavenModules
Tue May 15 23:32:08 UTC 2018: No code found hudson.Functions-getActionUrl with hudson.FunctionsTest-testGetActionUrl_relativePath
Tue May 15 23:32:09 UTC 2018: No code found hudson.Functions-getActionUrl with hudson.FunctionsTest-testGetActionUrl_absoluteUriWithAuthority
Tue May 15 23:32:09 UTC 2018: No code found hudson.Functions-getRelativeLinkTo with hudson.FunctionsTest-testGetRelativeLinkTo_JobFromComputer
Tue May 15 23:32:09 UTC 2018: No code found hudson.Functions-getRelativeLinkTo with hudson.FunctionsTest-testGetRelativeLinkTo_JobNotContainedInView
Tue May 15 23:32:09 UTC 2018: No code found hudson.Functions-getRelativeLinkTo with hudson.FunctionsTest-testGetRelativeLinkTo_JobContainedInViewWithinItemGroup
Tue May 15 23:32:10 UTC 2018: No code found hudson.Functions-breakableString with hudson.FunctionsTest-testBreakableString
Tue May 15 23:32:10 UTC 2018: No link for: hudson.FunctionsTest-printThrowable
Tue May 15 23:32:10 UTC 2018: No link for: hudson.FunctionsTest-testGetRelativeDisplayNameInsideItemGroup
Tue May 15 23:32:10 UTC 2018: No link for: hudson.FunctionsTest-testGetRelativeDisplayName
Tue May 15 23:32:11 UTC 2018: No link for: hudson.FunctionsTest-testHumanReadableFileSize
Tue May 15 23:32:11 UTC 2018: Linking done for jdeesh735__jenkinssci- test class hudson.FunctionsTest
Tue May 15 23:32:11 UTC 2018: Found element on the queue
Tue May 15 23:32:11 UTC 2018: Updating status
Tue May 15 23:32:11 UTC 2018: Working
Tue May 15 23:32:14 UTC 2018: Start jdeesh735__jenkinssci- test class hudson.scheduler.CronTabEventualityTest
Tue May 15 23:32:14 UTC 2018: Setting lastTestMethodIndex: 51182
Tue May 15 23:32:14 UTC 2018: Starting linking
Tue May 15 23:32:14 UTC 2018: No link for: hudson.scheduler.CronTabEventualityTest-testHourlyWillBeEventuallyTriggeredWithinOneHour
Tue May 15 23:32:14 UTC 2018: None match not added in database because it already exists
Tue May 15 23:32:14 UTC 2018: No link for: hudson.scheduler.CronTabEventualityTest-testYearlyWillBeEventuallyTriggeredWithinOneYear
Tue May 15 23:32:15 UTC 2018: None match not added in database because it already exists
Tue May 15 23:32:15 UTC 2018: No link for: hudson.scheduler.CronTabEventualityTest-testWeeklyWillBeEventuallyTriggeredWithinOneWeek
Tue May 15 23:32:15 UTC 2018: None match not added in database because it already exists
Tue May 15 23:32:15 UTC 2018: No link for: hudson.scheduler.CronTabEventualityTest-testMonthlyWillBeEventuallyTriggeredWithinOneMonth
Tue May 15 23:32:15 UTC 2018: None match not added in database because it already exists
Tue May 15 23:32:15 UTC 2018: No link for: hudson.scheduler.CronTabEventualityTest-testFirstDayOfMonthWillBeEventuallyTriggeredWithinOneMonth
Tue May 15 23:32:15 UTC 2018: None match not added in database because it already exists
Tue May 15 23:32:15 UTC 2018: No link for: hudson.scheduler.CronTabEventualityTest-testDailyWillBeEventuallyTriggeredWithinOneDay
Tue May 15 23:32:15 UTC 2018: None match not added in database because it already exists
Tue May 15 23:32:15 UTC 2018: No link for: hudson.scheduler.CronTabEventualityTest-testMidnightWillBeEventuallyTriggeredWithinOneDay
Tue May 15 23:32:16 UTC 2018: None match not added in database because it already exists
Tue May 15 23:32:16 UTC 2018: No link for: hudson.scheduler.CronTabEventualityTest-testFirstSundayOfMonthWillBeEventuallyTriggeredWithinOneMonthAndOneWeek
Tue May 15 23:32:16 UTC 2018: None match not added in database because it already exists
Tue May 15 23:32:16 UTC 2018: No link for: hudson.scheduler.CronTabEventualityTest-testAnnuallyWillBeEventuallyTriggeredWithinOneYear
Tue May 15 23:32:16 UTC 2018: None match not added in database because it already exists
Tue May 15 23:32:16 UTC 2018: Linking done for jdeesh735__jenkinssci- test class hudson.scheduler.CronTabEventualityTest
Tue May 15 23:32:17 UTC 2018: Found element on the queue
Tue May 15 23:32:17 UTC 2018: Updating status
Tue May 15 23:32:17 UTC 2018: Working
Tue May 15 23:32:19 UTC 2018: Start jdeesh735__jenkinssci- test class hudson.scheduler.CronTabTest
Tue May 15 23:32:19 UTC 2018: Setting lastTestMethodIndex: 51185
Tue May 15 23:32:19 UTC 2018: Starting linking
Tue May 15 23:32:19 UTC 2018: No code found hudson.scheduler.CronTab-ceil with hudson.scheduler.CronTabTest-testCeil3_DoW7
Tue May 15 23:32:19 UTC 2018: No code found hudson.scheduler.CronTab-floor with hudson.scheduler.CronTabTest-testFloor1
Tue May 15 23:32:20 UTC 2018: No code found hudson.scheduler.CronTab-floor with hudson.scheduler.CronTabTest-testFloor3
Tue May 15 23:32:20 UTC 2018: No code found hudson.scheduler.CronTab-floor with hudson.scheduler.CronTabTest-testFloor2
Tue May 15 23:32:20 UTC 2018: No code found hudson.scheduler.CronTab-floor with hudson.scheduler.CronTabTest-testFloor4
Tue May 15 23:32:21 UTC 2018: No code found hudson.scheduler.CronTab-checkSanity with hudson.scheduler.CronTabTest-checkSanity
Tue May 15 23:32:21 UTC 2018: No code found hudson.scheduler.CronTab-ceil with hudson.scheduler.CronTabTest-testCeil5
Tue May 15 23:32:21 UTC 2018: No code found hudson.scheduler.CronTab-ceil with hudson.scheduler.CronTabTest-testCeil3
Tue May 15 23:32:21 UTC 2018: No code found hudson.scheduler.CronTab-ceil with hudson.scheduler.CronTabTest-testCeil4
Tue May 15 23:32:22 UTC 2018: No code found hudson.scheduler.CronTab-ceil with hudson.scheduler.CronTabTest-testCeil1
Tue May 15 23:32:22 UTC 2018: No code found hudson.scheduler.CronTab-ceil with hudson.scheduler.CronTabTest-testCeil2
Tue May 15 23:32:22 UTC 2018: No link for: hudson.scheduler.CronTabTest-testHash2
Tue May 15 23:32:22 UTC 2018: None match not added in database because it already exists
Tue May 15 23:32:22 UTC 2018: No link for: hudson.scheduler.CronTabTest-testTimezone
Tue May 15 23:32:23 UTC 2018: None match not added in database because it already exists
Tue May 15 23:32:23 UTC 2018: No link for: hudson.scheduler.CronTabTest-hashedMinute
Tue May 15 23:32:23 UTC 2018: None match not added in database because it already exists
Tue May 15 23:32:23 UTC 2018: No link for: hudson.scheduler.CronTabTest-rangeBoundsCheckOK
Tue May 15 23:32:23 UTC 2018: None match not added in database because it already exists
Tue May 15 23:32:23 UTC 2018: No link for: hudson.scheduler.CronTabTest-rangeBoundsCheckFailHour
Tue May 15 23:32:23 UTC 2018: None match not added in database because it already exists
Tue May 15 23:32:23 UTC 2018: No link for: hudson.scheduler.CronTabTest-test1
Tue May 15 23:32:23 UTC 2018: None match not added in database because it already exists
Tue May 15 23:32:23 UTC 2018: No link for: hudson.scheduler.CronTabTest-repeatedHash
Tue May 15 23:32:24 UTC 2018: None match not added in database because it already exists
Tue May 15 23:32:24 UTC 2018: No link for: hudson.scheduler.CronTabTest-hashSkips
Tue May 15 23:32:24 UTC 2018: None match not added in database because it already exists
Tue May 15 23:32:24 UTC 2018: No link for: hudson.scheduler.CronTabTest-testHash1
Tue May 15 23:32:24 UTC 2018: None match not added in database because it already exists
Tue May 15 23:32:24 UTC 2018: No link for: hudson.scheduler.CronTabTest-rangeBoundsCheckFailMinute
Tue May 15 23:32:25 UTC 2018: None match not added in database because it already exists
Tue May 15 23:32:25 UTC 2018: Linking done for jdeesh735__jenkinssci- test class hudson.scheduler.CronTabTest
Tue May 15 23:32:25 UTC 2018: Found element on the queue
Tue May 15 23:32:25 UTC 2018: Updating status
Tue May 15 23:32:25 UTC 2018: Working
Tue May 15 23:32:28 UTC 2018: Start jdeesh735__jenkinssci- test class hudson.model.BallColorTest
Tue May 15 23:32:28 UTC 2018: Setting lastTestMethodIndex: 51188
Tue May 15 23:32:28 UTC 2018: Starting linking
Tue May 15 23:32:28 UTC 2018: No link for: hudson.model.BallColorTest-iconClassName
Tue May 15 23:32:28 UTC 2018: None match not added in database because it already exists
Tue May 15 23:32:28 UTC 2018: No link for: hudson.model.BallColorTest-htmlColor
Tue May 15 23:32:29 UTC 2018: None match not added in database because it already exists
Tue May 15 23:32:29 UTC 2018: Linking done for jdeesh735__jenkinssci- test class hudson.model.BallColorTest
Tue May 15 23:32:29 UTC 2018: Found element on the queue
Tue May 15 23:32:29 UTC 2018: Updating status
Tue May 15 23:32:29 UTC 2018: Working
Tue May 15 23:32:32 UTC 2018: Start jdeesh735__jenkinssci- test class hudson.model.ActionableTest
Tue May 15 23:32:32 UTC 2018: Setting lastTestMethodIndex: 51191
Tue May 15 23:32:32 UTC 2018: Starting linking
Tue May 15 23:32:32 UTC 2018: Code found hudson.model.Actionable-addOrReplaceAction with hudson.model.ActionableTest-addOrReplaceAction_null
Tue May 15 23:32:32 UTC 2018: Code found hudson.model.Actionable-addOrReplaceAction with hudson.model.ActionableTest-addOrReplaceAction
Tue May 15 23:32:32 UTC 2018: Code found hudson.model.Actionable-addAction with hudson.model.ActionableTest-addAction
Tue May 15 23:32:32 UTC 2018: Code found hudson.model.Actionable-replaceActions with hudson.model.ActionableTest-replaceActions
Tue May 15 23:32:32 UTC 2018: Code found hudson.model.Actionable-addAction with hudson.model.ActionableTest-addAction_null
Tue May 15 23:32:33 UTC 2018: Code found hudson.model.Actionable-removeActions with hudson.model.ActionableTest-removeActions_null
Tue May 15 23:32:33 UTC 2018: Code found hudson.model.Actionable-replaceAction with hudson.model.ActionableTest-replaceAction_null
Tue May 15 23:32:33 UTC 2018: Code found hudson.model.Actionable-replaceAction with hudson.model.ActionableTest-replaceAction
Tue May 15 23:32:33 UTC 2018: Match not added in database because it already exists
Tue May 15 23:32:33 UTC 2018: Code found hudson.model.Actionable-removeAction with hudson.model.ActionableTest-removeAction
Tue May 15 23:32:34 UTC 2018: Code found hudson.model.Actionable-replaceActions with hudson.model.ActionableTest-replaceActions_null_null
Tue May 15 23:32:34 UTC 2018: Code found hudson.model.Actionable-removeAction with hudson.model.ActionableTest-removeAction_null
Tue May 15 23:32:34 UTC 2018: Code found hudson.model.Actionable-removeActions with hudson.model.ActionableTest-removeActions
Tue May 15 23:32:34 UTC 2018: Code found hudson.model.Actionable-replaceActions with hudson.model.ActionableTest-replaceActions_null
Tue May 15 23:32:34 UTC 2018: No link for: hudson.model.ActionableTest-testExtensionOverrides
Tue May 15 23:32:35 UTC 2018: Linking done for jdeesh735__jenkinssci- test class hudson.model.ActionableTest
Tue May 15 23:32:35 UTC 2018: Found element on the queue
Tue May 15 23:32:35 UTC 2018: Updating status
Tue May 15 23:32:35 UTC 2018: Working
Tue May 15 23:32:38 UTC 2018: Start jdeesh735__jenkinssci- test class hudson.model.RunParameterValueTest
Tue May 15 23:32:38 UTC 2018: Setting lastTestMethodIndex: 51193
Tue May 15 23:32:38 UTC 2018: Starting linking
Tue May 15 23:32:38 UTC 2018: No link for: hudson.model.RunParameterValueTest-robustness
Tue May 15 23:32:39 UTC 2018: None match not added in database because it already exists
Tue May 15 23:32:39 UTC 2018: Linking done for jdeesh735__jenkinssci- test class hudson.model.RunParameterValueTest
Tue May 15 23:32:39 UTC 2018: Found element on the queue
Tue May 15 23:32:39 UTC 2018: Updating status
Tue May 15 23:32:39 UTC 2018: Working
Tue May 15 23:32:42 UTC 2018: Start jdeesh735__jenkinssci- test class hudson.model.ChoiceParameterDefinitionTest
Tue May 15 23:32:42 UTC 2018: Setting lastTestMethodIndex: 51196
Tue May 15 23:32:42 UTC 2018: Starting linking
Tue May 15 23:32:42 UTC 2018: No link for: hudson.model.ChoiceParameterDefinitionTest-testCheckChoices
Tue May 15 23:32:42 UTC 2018: None match not added in database because it already exists
Tue May 15 23:32:42 UTC 2018: No link for: hudson.model.ChoiceParameterDefinitionTest-shouldValidateChoices
Tue May 15 23:32:42 UTC 2018: None match not added in database because it already exists
Tue May 15 23:32:42 UTC 2018: Linking done for jdeesh735__jenkinssci- test class hudson.model.ChoiceParameterDefinitionTest
Tue May 15 23:32:43 UTC 2018: Found element on the queue
Tue May 15 23:32:43 UTC 2018: Updating status
Tue May 15 23:32:43 UTC 2018: Working
Tue May 15 23:32:46 UTC 2018: Start jdeesh735__jenkinssci- test class hudson.model.DisplayNameListenerTest
Tue May 15 23:32:46 UTC 2018: Setting lastTestMethodIndex: 51199
Tue May 15 23:32:46 UTC 2018: Starting linking
Tue May 15 23:32:46 UTC 2018: Code found hudson.model.DisplayNameListener-onRenamed with hudson.model.DisplayNameListenerTest-testOnRenamedOldNameNotEqualDisplayName
Tue May 15 23:32:46 UTC 2018: Match not added in database because it already exists
Tue May 15 23:32:46 UTC 2018: Code found hudson.model.DisplayNameListener-onCopied with hudson.model.DisplayNameListenerTest-testOnCopied
Tue May 15 23:32:47 UTC 2018: Match not added in database because it already exists
Tue May 15 23:32:47 UTC 2018: Code found hudson.model.DisplayNameListener-onRenamed with hudson.model.DisplayNameListenerTest-testOnRenamedOldNameEqualsDisplayName
Tue May 15 23:32:47 UTC 2018: Match not added in database because it already exists
Tue May 15 23:32:47 UTC 2018: Linking done for jdeesh735__jenkinssci- test class hudson.model.DisplayNameListenerTest
Tue May 15 23:32:47 UTC 2018: Found element on the queue
Tue May 15 23:32:47 UTC 2018: Updating status
Tue May 15 23:32:47 UTC 2018: Working
Tue May 15 23:32:50 UTC 2018: Start jdeesh735__jenkinssci- test class hudson.model.EnvironmentContributingActionTest
Tue May 15 23:32:50 UTC 2018: Setting lastTestMethodIndex: 51202
Tue May 15 23:32:50 UTC 2018: Starting linking
Tue May 15 23:32:50 UTC 2018: Linking done for jdeesh735__jenkinssci- test class hudson.model.EnvironmentContributingActionTest
Tue May 15 23:32:50 UTC 2018: Found element on the queue
Tue May 15 23:32:50 UTC 2018: Updating status
Tue May 15 23:32:50 UTC 2018: Working
Tue May 15 23:32:53 UTC 2018: Start jdeesh735__jenkinssci- test class hudson.model.AbstractItemTest
Tue May 15 23:32:53 UTC 2018: Setting lastTestMethodIndex: 51205
Tue May 15 23:32:53 UTC 2018: Starting linking
Tue May 15 23:32:53 UTC 2018: Linking done for jdeesh735__jenkinssci- test class hudson.model.AbstractItemTest
Tue May 15 23:32:53 UTC 2018: Found element on the queue
Tue May 15 23:32:53 UTC 2018: Updating status
Tue May 15 23:32:53 UTC 2018: Working
Tue May 15 23:32:57 UTC 2018: Start jdeesh735__jenkinssci- test class hudson.model.ResourceListTest
Tue May 15 23:32:57 UTC 2018: Setting lastTestMethodIndex: 51206
Tue May 15 23:32:57 UTC 2018: Starting linking
Tue May 15 23:32:57 UTC 2018: Code found hudson.model.ResourceList-r with hudson.model.ResourceListTest-simpleR
Tue May 15 23:32:57 UTC 2018: Match not added in database because it already exists
Tue May 15 23:32:57 UTC 2018: Code found hudson.model.ResourceList-r with hudson.model.ResourceListTest-multiReadN
Tue May 15 23:32:57 UTC 2018: Match not added in database because it already exists
Tue May 15 23:32:57 UTC 2018: Code found hudson.model.ResourceList-w with hudson.model.ResourceListTest-simpleRW
Tue May 15 23:32:57 UTC 2018: Match not added in database because it already exists
Tue May 15 23:32:57 UTC 2018: Code found hudson.model.ResourceList-w with hudson.model.ResourceListTest-multiWriteN
Tue May 15 23:32:58 UTC 2018: Match not added in database because it already exists
Tue May 15 23:32:58 UTC 2018: Code found hudson.model.ResourceList-w with hudson.model.ResourceListTest-parentChildW
Tue May 15 23:32:58 UTC 2018: Match not added in database because it already exists
Tue May 15 23:32:58 UTC 2018: Code found hudson.model.ResourceList-w with hudson.model.ResourceListTest-multiWrite1
Tue May 15 23:32:58 UTC 2018: Match not added in database because it already exists
Tue May 15 23:32:58 UTC 2018: Code found hudson.model.ResourceList-r with hudson.model.ResourceListTest-multiRead1
Tue May 15 23:32:58 UTC 2018: Match not added in database because it already exists
Tue May 15 23:32:58 UTC 2018: Code found hudson.model.ResourceList-w with hudson.model.ResourceListTest-simpleW
Tue May 15 23:32:59 UTC 2018: Match not added in database because it already exists
Tue May 15 23:32:59 UTC 2018: Code found hudson.model.ResourceList-r with hudson.model.ResourceListTest-parentChildR3
Tue May 15 23:32:59 UTC 2018: Match not added in database because it already exists
Tue May 15 23:32:59 UTC 2018: Code found hudson.model.ResourceList-w with hudson.model.ResourceListTest-parentChildW3
Tue May 15 23:32:59 UTC 2018: Match not added in database because it already exists
Tue May 15 23:32:59 UTC 2018: Code found hudson.model.ResourceList-r with hudson.model.ResourceListTest-parentChildR
Tue May 15 23:32:59 UTC 2018: Match not added in database because it already exists
Tue May 15 23:32:59 UTC 2018: No link for: hudson.model.ResourceListTest-emptyLists
Tue May 15 23:33:00 UTC 2018: None match not added in database because it already exists
Tue May 15 23:33:00 UTC 2018: Linking done for jdeesh735__jenkinssci- test class hudson.model.ResourceListTest
Tue May 15 23:33:00 UTC 2018: Found element on the queue
Tue May 15 23:33:00 UTC 2018: Updating status
Tue May 15 23:33:00 UTC 2018: Working
Tue May 15 23:33:03 UTC 2018: Start jdeesh735__jenkinssci- test class hudson.model.TimeSeriesTest
Tue May 15 23:33:03 UTC 2018: Setting lastTestMethodIndex: 51211
Tue May 15 23:33:03 UTC 2018: Starting linking
Tue May 15 23:33:03 UTC 2018: No link for: hudson.model.TimeSeriesTest-test1
Tue May 15 23:33:03 UTC 2018: None match not added in database because it already exists
Tue May 15 23:33:03 UTC 2018: Linking done for jdeesh735__jenkinssci- test class hudson.model.TimeSeriesTest
Tue May 15 23:33:04 UTC 2018: Found element on the queue
Tue May 15 23:33:04 UTC 2018: Updating status
Tue May 15 23:33:04 UTC 2018: Working
Tue May 15 23:33:06 UTC 2018: Start jdeesh735__jenkinssci- test class hudson.model.FileParameterValueTest
Tue May 15 23:33:07 UTC 2018: Setting lastTestMethodIndex: 51214
Tue May 15 23:33:07 UTC 2018: Starting linking
Tue May 15 23:33:07 UTC 2018: No link for: hudson.model.FileParameterValueTest-compareNullParams
Tue May 15 23:33:07 UTC 2018: None match not added in database because it already exists
Tue May 15 23:33:07 UTC 2018: No link for: hudson.model.FileParameterValueTest-compareParamsWithSameName
Tue May 15 23:33:07 UTC 2018: None match not added in database because it already exists
Tue May 15 23:33:07 UTC 2018: Linking done for jdeesh735__jenkinssci- test class hudson.model.FileParameterValueTest
Tue May 15 23:33:07 UTC 2018: Found element on the queue
Tue May 15 23:33:07 UTC 2018: Updating status
Tue May 15 23:33:07 UTC 2018: Working
Tue May 15 23:33:10 UTC 2018: Start jdeesh735__jenkinssci- test class hudson.model.AutoCompleteSeederTest
Tue May 15 23:33:10 UTC 2018: Setting lastTestMethodIndex: 51216
Tue May 15 23:33:10 UTC 2018: Starting linking
Tue May 15 23:33:10 UTC 2018: Linking done for jdeesh735__jenkinssci- test class hudson.model.AutoCompleteSeederTest
Tue May 15 23:33:10 UTC 2018: Found element on the queue
Tue May 15 23:33:10 UTC 2018: Updating status
Tue May 15 23:33:10 UTC 2018: Working
Tue May 15 23:33:13 UTC 2018: Start jdeesh735__jenkinssci- test class hudson.model.LoadStatisticsTest
Tue May 15 23:33:13 UTC 2018: Setting lastTestMethodIndex: 51218
Tue May 15 23:33:13 UTC 2018: Starting linking
Tue May 15 23:33:13 UTC 2018: Code found hudson.model.LoadStatistics-isModern with hudson.model.LoadStatisticsTest-isModernWorks
Tue May 15 23:33:13 UTC 2018: Match not added in database because it already exists
Tue May 15 23:33:13 UTC 2018: No link for: hudson.model.LoadStatisticsTest-graph
Tue May 15 23:33:13 UTC 2018: None match not added in database because it already exists
Tue May 15 23:33:13 UTC 2018: Linking done for jdeesh735__jenkinssci- test class hudson.model.LoadStatisticsTest
Tue May 15 23:33:14 UTC 2018: Found element on the queue
Tue May 15 23:33:14 UTC 2018: Updating status
Tue May 15 23:33:14 UTC 2018: Working
Tue May 15 23:33:17 UTC 2018: Start jdeesh735__jenkinssci- test class hudson.model.ParametersActionTest
Tue May 15 23:33:17 UTC 2018: Setting lastTestMethodIndex: 51220
Tue May 15 23:33:17 UTC 2018: Starting linking
Tue May 15 23:33:17 UTC 2018: Code found hudson.model.ParametersAction-merge with hudson.model.ParametersActionTest-mergeShouldHandleNullOverrides
Tue May 15 23:33:17 UTC 2018: Match not added in database because it already exists
Tue May 15 23:33:17 UTC 2018: Code found hudson.model.ParametersAction-merge with hudson.model.ParametersActionTest-mergeShouldHandleEmptyOverrides
Tue May 15 23:33:17 UTC 2018: Match not added in database because it already exists
Tue May 15 23:33:17 UTC 2018: Code found hudson.model.ParametersAction-createUpdated with hudson.model.ParametersActionTest-createUpdatedShouldReturnNewInstanceWithNullOverride
Tue May 15 23:33:17 UTC 2018: Match not added in database because it already exists
Tue May 15 23:33:17 UTC 2018: Code found hudson.model.ParametersAction-merge with hudson.model.ParametersActionTest-mergeShouldReturnNewInstanceWithOverride
Tue May 15 23:33:18 UTC 2018: Match not added in database because it already exists
Tue May 15 23:33:18 UTC 2018: Code found hudson.model.ParametersAction-merge with hudson.model.ParametersActionTest-mergeShouldOverrideParameters
Tue May 15 23:33:18 UTC 2018: Match not added in database because it already exists
Tue May 15 23:33:18 UTC 2018: Code found hudson.model.ParametersAction-merge with hudson.model.ParametersActionTest-mergeShouldCombineDisparateParameters
Tue May 15 23:33:18 UTC 2018: Match not added in database because it already exists
Tue May 15 23:33:18 UTC 2018: No link for: hudson.model.ParametersActionTest-checkNullParameterValues
Tue May 15 23:33:18 UTC 2018: Linking done for jdeesh735__jenkinssci- test class hudson.model.ParametersActionTest
Tue May 15 23:33:19 UTC 2018: Found element on the queue
Tue May 15 23:33:19 UTC 2018: Updating status
Tue May 15 23:33:19 UTC 2018: Working
Tue May 15 23:33:21 UTC 2018: Start jdeesh735__jenkinssci- test class hudson.model.BuildStatusSummaryTest
Tue May 15 23:33:21 UTC 2018: Setting lastTestMethodIndex: 51223
Tue May 15 23:33:21 UTC 2018: Starting linking
Tue May 15 23:33:21 UTC 2018: No link for: hudson.model.BuildStatusSummaryTest-testBecameUnstable
Tue May 15 23:33:22 UTC 2018: None match not added in database because it already exists
Tue May 15 23:33:22 UTC 2018: No link for: hudson.model.BuildStatusSummaryTest-testNonTestRelatedUnstable
Tue May 15 23:33:22 UTC 2018: None match not added in database because it already exists
Tue May 15 23:33:22 UTC 2018: No link for: hudson.model.BuildStatusSummaryTest-testSuccess
Tue May 15 23:33:22 UTC 2018: None match not added in database because it already exists
Tue May 15 23:33:22 UTC 2018: No link for: hudson.model.BuildStatusSummaryTest-testFailureSince
Tue May 15 23:33:22 UTC 2018: None match not added in database because it already exists
Tue May 15 23:33:22 UTC 2018: No link for: hudson.model.BuildStatusSummaryTest-testFixed
Tue May 15 23:33:22 UTC 2018: None match not added in database because it already exists
Tue May 15 23:33:22 UTC 2018: No link for: hudson.model.BuildStatusSummaryTest-testBecameFailure
Tue May 15 23:33:23 UTC 2018: None match not added in database because it already exists
Tue May 15 23:33:23 UTC 2018: No link for: hudson.model.BuildStatusSummaryTest-testUnstableAfterFailure
Tue May 15 23:33:23 UTC 2018: None match not added in database because it already exists
Tue May 15 23:33:23 UTC 2018: No link for: hudson.model.BuildStatusSummaryTest-testNotBuilt
Tue May 15 23:33:23 UTC 2018: None match not added in database because it already exists
Tue May 15 23:33:23 UTC 2018: No link for: hudson.model.BuildStatusSummaryTest-testAborted
Tue May 15 23:33:23 UTC 2018: None match not added in database because it already exists
Tue May 15 23:33:23 UTC 2018: No link for: hudson.model.BuildStatusSummaryTest-testNonTestRelatedBecameUnstable
Tue May 15 23:33:24 UTC 2018: None match not added in database because it already exists
Tue May 15 23:33:24 UTC 2018: No link for: hudson.model.BuildStatusSummaryTest-testStatusUnknownIfRunIsStillBuilding
Tue May 15 23:33:24 UTC 2018: None match not added in database because it already exists
Tue May 15 23:33:24 UTC 2018: No link for: hudson.model.BuildStatusSummaryTest-testFailure
Tue May 15 23:33:24 UTC 2018: None match not added in database because it already exists
Tue May 15 23:33:24 UTC 2018: Linking done for jdeesh735__jenkinssci- test class hudson.model.BuildStatusSummaryTest
Tue May 15 23:33:24 UTC 2018: Found element on the queue
Tue May 15 23:33:24 UTC 2018: Updating status
Tue May 15 23:33:24 UTC 2018: Working
Tue May 15 23:33:27 UTC 2018: Start jdeesh735__jenkinssci- test class hudson.model.TaskActionTest
Tue May 15 23:33:27 UTC 2018: Setting lastTestMethodIndex: 51225
Tue May 15 23:33:27 UTC 2018: Starting linking
Tue May 15 23:33:27 UTC 2018: Linking done for jdeesh735__jenkinssci- test class hudson.model.TaskActionTest
Tue May 15 23:33:28 UTC 2018: Found element on the queue
Tue May 15 23:33:28 UTC 2018: Updating status
Tue May 15 23:33:28 UTC 2018: Working
Tue May 15 23:33:30 UTC 2018: Start jdeesh735__jenkinssci- test class hudson.logging.LogRecorderTest
Tue May 15 23:33:30 UTC 2018: Setting lastTestMethodIndex: 51228
Tue May 15 23:33:30 UTC 2018: Starting linking
Tue May 15 23:33:30 UTC 2018: No link for: hudson.logging.LogRecorderTest-targetIncludes
Tue May 15 23:33:31 UTC 2018: None match not added in database because it already exists
Tue May 15 23:33:31 UTC 2018: No link for: hudson.logging.LogRecorderTest-targetMatches
Tue May 15 23:33:31 UTC 2018: None match not added in database because it already exists
Tue May 15 23:33:31 UTC 2018: No link for: hudson.logging.LogRecorderTest-testSpecificExclusion
Tue May 15 23:33:31 UTC 2018: None match not added in database because it already exists
Tue May 15 23:33:31 UTC 2018: No link for: hudson.logging.LogRecorderTest-testClearing
Tue May 15 23:33:31 UTC 2018: None match not added in database because it already exists
Tue May 15 23:33:31 UTC 2018: Linking done for jdeesh735__jenkinssci- test class hudson.logging.LogRecorderTest
Tue May 15 23:33:32 UTC 2018: Found element on the queue
Tue May 15 23:33:32 UTC 2018: Updating status
Tue May 15 23:33:32 UTC 2018: Working
Tue May 15 23:33:34 UTC 2018: Start jdeesh735__jenkinssci- test class jenkins.model.RunIdMigratorTest
Tue May 15 23:33:34 UTC 2018: Setting lastTestMethodIndex: 51230
Tue May 15 23:33:34 UTC 2018: Starting linking
Tue May 15 23:33:34 UTC 2018: Code found jenkins.model.RunIdMigrator-move with jenkins.model.RunIdMigratorTest-move
Tue May 15 23:33:34 UTC 2018: Match not added in database because it already exists
Tue May 15 23:33:34 UTC 2018: No link for: jenkins.model.RunIdMigratorTest-newJob
Tue May 15 23:33:35 UTC 2018: None match not added in database because it already exists
Tue May 15 23:33:35 UTC 2018: No link for: jenkins.model.RunIdMigratorTest-legacy
Tue May 15 23:33:35 UTC 2018: None match not added in database because it already exists
Tue May 15 23:33:35 UTC 2018: No link for: jenkins.model.RunIdMigratorTest-reverseAfterNewBuilds
Tue May 15 23:33:35 UTC 2018: None match not added in database because it already exists
Tue May 15 23:33:35 UTC 2018: No link for: jenkins.model.RunIdMigratorTest-reRunMigration
Tue May 15 23:33:35 UTC 2018: None match not added in database because it already exists
Tue May 15 23:33:35 UTC 2018: No link for: jenkins.model.RunIdMigratorTest-reverseMavenAfterNewBuilds
Tue May 15 23:33:36 UTC 2018: None match not added in database because it already exists
Tue May 15 23:33:36 UTC 2018: No link for: jenkins.model.RunIdMigratorTest-reverseImmediately
Tue May 15 23:33:36 UTC 2018: None match not added in database because it already exists
Tue May 15 23:33:36 UTC 2018: No link for: jenkins.model.RunIdMigratorTest-reverseMatrixAfterNewBuilds
Tue May 15 23:33:36 UTC 2018: None match not added in database because it already exists
Tue May 15 23:33:36 UTC 2018: Linking done for jdeesh735__jenkinssci- test class jenkins.model.RunIdMigratorTest
Tue May 15 23:33:37 UTC 2018: Found element on the queue
Tue May 15 23:33:37 UTC 2018: Updating status
Tue May 15 23:33:37 UTC 2018: Working
Tue May 15 23:33:40 UTC 2018: Start jdeesh735__jenkinssci- test class hudson.BulkChangeTest
Tue May 15 23:33:40 UTC 2018: Setting lastTestMethodIndex: 51233
Tue May 15 23:33:40 UTC 2018: Starting linking
Tue May 15 23:33:40 UTC 2018: Linking done for jdeesh735__jenkinssci- test class hudson.BulkChangeTest
Tue May 15 23:33:40 UTC 2018: Found element on the queue
Tue May 15 23:33:40 UTC 2018: Updating status
Tue May 15 23:33:40 UTC 2018: Working
Tue May 15 23:33:43 UTC 2018: Start jdeesh735__jenkinssci- test class hudson.util.RunListTest
Tue May 15 23:33:43 UTC 2018: Setting lastTestMethodIndex: 51236
Tue May 15 23:33:43 UTC 2018: Starting linking
Tue May 15 23:33:43 UTC 2018: Code found hudson.util.RunList-byTimestamp with hudson.util.RunListTest-byTimestampLastRun
Tue May 15 23:33:43 UTC 2018: Match not added in database because it already exists
Tue May 15 23:33:43 UTC 2018: Code found hudson.util.RunList-byTimestamp with hudson.util.RunListTest-byTimestampFirstRun
Tue May 15 23:33:43 UTC 2018: Match not added in database because it already exists
Tue May 15 23:33:43 UTC 2018: Code found hudson.util.RunList-byTimestamp with hudson.util.RunListTest-byTimestampAllRuns
Tue May 15 23:33:44 UTC 2018: Match not added in database because it already exists
Tue May 15 23:33:44 UTC 2018: Linking done for jdeesh735__jenkinssci- test class hudson.util.RunListTest
Tue May 15 23:33:45 UTC 2018: Found element on the queue
Tue May 15 23:33:45 UTC 2018: Updating status
Tue May 15 23:33:45 UTC 2018: Working
Tue May 15 23:33:47 UTC 2018: Start jdeesh735__jenkinssci- test class hudson.ProxyConfigurationTest
Tue May 15 23:33:47 UTC 2018: Setting lastTestMethodIndex: 51238
Tue May 15 23:33:47 UTC 2018: Starting linking
Tue May 15 23:33:47 UTC 2018: No link for: hudson.ProxyConfigurationTest-noProxyHost
Tue May 15 23:33:47 UTC 2018: None match not added in database because it already exists
Tue May 15 23:33:47 UTC 2018: Linking done for jdeesh735__jenkinssci- test class hudson.ProxyConfigurationTest
Tue May 15 23:33:48 UTC 2018: Found element on the queue
Tue May 15 23:33:48 UTC 2018: Updating status
Tue May 15 23:33:49 UTC 2018: Working
Tue May 15 23:33:51 UTC 2018: Start jdeesh735__jenkinssci- test class hudson.util.CopyOnWriteMapTest
Tue May 15 23:33:51 UTC 2018: Setting lastTestMethodIndex: 51240
Tue May 15 23:33:51 UTC 2018: Starting linking
Tue May 15 23:33:51 UTC 2018: Linking done for jdeesh735__jenkinssci- test class hudson.util.CopyOnWriteMapTest
Tue May 15 23:33:52 UTC 2018: Found element on the queue
Tue May 15 23:33:52 UTC 2018: Updating status
Tue May 15 23:33:52 UTC 2018: Working
Tue May 15 23:33:54 UTC 2018: Start jdeesh735__jenkinssci- test class hudson.util.CyclicGraphDetectorTest
Tue May 15 23:33:54 UTC 2018: Setting lastTestMethodIndex: 51242
Tue May 15 23:33:54 UTC 2018: Starting linking
Tue May 15 23:33:54 UTC 2018: Linking done for jdeesh735__jenkinssci- test class hudson.util.CyclicGraphDetectorTest
Tue May 15 23:33:54 UTC 2018: Found element on the queue
Tue May 15 23:33:54 UTC 2018: Updating status
Tue May 15 23:33:54 UTC 2018: Working
Tue May 15 23:33:58 UTC 2018: Start jdeesh735__jenkinssci- test class hudson.util.SubClassGeneratorTest
Tue May 15 23:33:58 UTC 2018: Setting lastTestMethodIndex: 51243
Tue May 15 23:33:58 UTC 2018: Starting linking
Tue May 15 23:33:58 UTC 2018: Linking done for jdeesh735__jenkinssci- test class hudson.util.SubClassGeneratorTest
Tue May 15 23:33:58 UTC 2018: Found element on the queue
Tue May 15 23:33:58 UTC 2018: Updating status
Tue May 15 23:33:58 UTC 2018: Working
Tue May 15 23:34:01 UTC 2018: Start jdeesh735__jenkinssci- test class hudson.util.FormValidationTest
Tue May 15 23:34:01 UTC 2018: Setting lastTestMethodIndex: 51245
Tue May 15 23:34:01 UTC 2018: Starting linking
Tue May 15 23:34:01 UTC 2018: No code found hudson.util.FormValidation-validateRequired with hudson.util.FormValidationTest-testValidateRequired_Null
Tue May 15 23:34:01 UTC 2018: No code found hudson.util.FormValidation-validateRequired with hudson.util.FormValidationTest-testValidateRequired_OK
Tue May 15 23:34:02 UTC 2018: No code found hudson.util.FormValidation-validateRequired with hudson.util.FormValidationTest-testValidateRequired_Empty
Tue May 15 23:34:02 UTC 2018: No link for: hudson.util.FormValidationTest-aggregateZeroValidations
Tue May 15 23:34:02 UTC 2018: None match not added in database because it already exists
Tue May 15 23:34:02 UTC 2018: No link for: hudson.util.FormValidationTest-aggregateSeveralValidations
Tue May 15 23:34:02 UTC 2018: None match not added in database because it already exists
Tue May 15 23:34:02 UTC 2018: No link for: hudson.util.FormValidationTest-aggregateSingleValidations
Tue May 15 23:34:03 UTC 2018: None match not added in database because it already exists
Tue May 15 23:34:03 UTC 2018: No link for: hudson.util.FormValidationTest-formValidationException
Tue May 15 23:34:03 UTC 2018: None match not added in database because it already exists
Tue May 15 23:34:03 UTC 2018: No link for: hudson.util.FormValidationTest-testMessage
Tue May 15 23:34:03 UTC 2018: None match not added in database because it already exists
Tue May 15 23:34:03 UTC 2018: Linking done for jdeesh735__jenkinssci- test class hudson.util.FormValidationTest
Tue May 15 23:34:04 UTC 2018: Found element on the queue
Tue May 15 23:34:04 UTC 2018: Updating status
Tue May 15 23:34:04 UTC 2018: Working
Tue May 15 23:34:07 UTC 2018: Start jdeesh735__jenkinssci- test class hudson.util.MultipartFormDataParserTest
Tue May 15 23:34:07 UTC 2018: Setting lastTestMethodIndex: 51248
Tue May 15 23:34:07 UTC 2018: Starting linking
Tue May 15 23:34:07 UTC 2018: No link for: hudson.util.MultipartFormDataParserTest-testIsMultipart
Tue May 15 23:34:07 UTC 2018: None match not added in database because it already exists
Tue May 15 23:34:07 UTC 2018: Linking done for jdeesh735__jenkinssci- test class hudson.util.MultipartFormDataParserTest
Tue May 15 23:34:08 UTC 2018: Found element on the queue
Tue May 15 23:34:08 UTC 2018: Updating status
Tue May 15 23:34:08 UTC 2018: Working
Tue May 15 23:34:10 UTC 2018: Start jdeesh735__jenkinssci- test class hudson.util.CopyOnWriteListTest
Tue May 15 23:34:10 UTC 2018: Setting lastTestMethodIndex: 51250
Tue May 15 23:34:10 UTC 2018: Starting linking
Tue May 15 23:34:10 UTC 2018: Linking done for jdeesh735__jenkinssci- test class hudson.util.CopyOnWriteListTest
Tue May 15 23:34:11 UTC 2018: Found element on the queue
Tue May 15 23:34:11 UTC 2018: Updating status
Tue May 15 23:34:11 UTC 2018: Working
Tue May 15 23:34:13 UTC 2018: Start jdeesh735__jenkinssci- test class hudson.util.QuotedStringTokenizerTest
Tue May 15 23:34:13 UTC 2018: Setting lastTestMethodIndex: 51252
Tue May 15 23:34:13 UTC 2018: Starting linking
Tue May 15 23:34:13 UTC 2018: No link for: hudson.util.QuotedStringTokenizerTest-test1
Tue May 15 23:34:13 UTC 2018: None match not added in database because it already exists
Tue May 15 23:34:13 UTC 2018: No link for: hudson.util.QuotedStringTokenizerTest-test3
Tue May 15 23:34:14 UTC 2018: None match not added in database because it already exists
Tue May 15 23:34:14 UTC 2018: No link for: hudson.util.QuotedStringTokenizerTest-test2
Tue May 15 23:34:14 UTC 2018: None match not added in database because it already exists
Tue May 15 23:34:14 UTC 2018: No link for: hudson.util.QuotedStringTokenizerTest-test5
Tue May 15 23:34:14 UTC 2018: None match not added in database because it already exists
Tue May 15 23:34:14 UTC 2018: No link for: hudson.util.QuotedStringTokenizerTest-test4
Tue May 15 23:34:14 UTC 2018: None match not added in database because it already exists
Tue May 15 23:34:14 UTC 2018: No link for: hudson.util.QuotedStringTokenizerTest-test7
Tue May 15 23:34:14 UTC 2018: None match not added in database because it already exists
Tue May 15 23:34:14 UTC 2018: No link for: hudson.util.QuotedStringTokenizerTest-test6
Tue May 15 23:34:15 UTC 2018: None match not added in database because it already exists
Tue May 15 23:34:15 UTC 2018: Linking done for jdeesh735__jenkinssci- test class hudson.util.QuotedStringTokenizerTest
Tue May 15 23:34:15 UTC 2018: Found element on the queue
Tue May 15 23:34:15 UTC 2018: Updating status
Tue May 15 23:34:15 UTC 2018: Working
Tue May 15 23:34:18 UTC 2018: Start jdeesh735__jenkinssci- test class hudson.util.io.TarArchiverTest
Tue May 15 23:34:18 UTC 2018: Setting lastTestMethodIndex: 51257
Tue May 15 23:34:18 UTC 2018: Starting linking
Tue May 15 23:34:18 UTC 2018: No code found hudson.FilePath-tar with hudson.util.io.TarArchiverTest-growingFileTar
Tue May 15 23:34:18 UTC 2018: No link for: hudson.util.io.TarArchiverTest-brokenSymlinks
Tue May 15 23:34:18 UTC 2018: None match not added in database because it already exists
Tue May 15 23:34:18 UTC 2018: No link for: hudson.util.io.TarArchiverTest-permission
Tue May 15 23:34:18 UTC 2018: None match not added in database because it already exists
Tue May 15 23:34:18 UTC 2018: Linking done for jdeesh735__jenkinssci- test class hudson.util.io.TarArchiverTest
Tue May 15 23:34:19 UTC 2018: Found element on the queue
Tue May 15 23:34:19 UTC 2018: Updating status
Tue May 15 23:34:19 UTC 2018: Working
Tue May 15 23:34:21 UTC 2018: Start jdeesh735__jenkinssci- test class hudson.util.io.ZipArchiverTest
Tue May 15 23:34:21 UTC 2018: Setting lastTestMethodIndex: 51259
Tue May 15 23:34:21 UTC 2018: Starting linking
Tue May 15 23:34:21 UTC 2018: No link for: hudson.util.io.ZipArchiverTest-backwardsSlashesOnWindows
Tue May 15 23:34:21 UTC 2018: None match not added in database because it already exists
Tue May 15 23:34:21 UTC 2018: Linking done for jdeesh735__jenkinssci- test class hudson.util.io.ZipArchiverTest
Tue May 15 23:34:22 UTC 2018: Found element on the queue
Tue May 15 23:34:22 UTC 2018: Updating status
Tue May 15 23:34:22 UTC 2018: Working
Tue May 15 23:34:24 UTC 2018: Start jdeesh735__jenkinssci- test class hudson.util.io.RewindableRotatingFileOutputStreamTest
Tue May 15 23:34:24 UTC 2018: Setting lastTestMethodIndex: 51260
Tue May 15 23:34:24 UTC 2018: Starting linking
Tue May 15 23:34:24 UTC 2018: No link for: hudson.util.io.RewindableRotatingFileOutputStreamTest-rotation
Tue May 15 23:34:25 UTC 2018: None match not added in database because it already exists
Tue May 15 23:34:25 UTC 2018: No link for: hudson.util.io.RewindableRotatingFileOutputStreamTest-deletedFolder
Tue May 15 23:34:25 UTC 2018: None match not added in database because it already exists
Tue May 15 23:34:25 UTC 2018: Linking done for jdeesh735__jenkinssci- test class hudson.util.io.RewindableRotatingFileOutputStreamTest
Tue May 15 23:34:25 UTC 2018: Found element on the queue
Tue May 15 23:34:25 UTC 2018: Updating status
Tue May 15 23:34:25 UTC 2018: Working
Tue May 15 23:34:28 UTC 2018: Start jdeesh735__jenkinssci- test class hudson.util.XStream2EncodingTest
Tue May 15 23:34:28 UTC 2018: Setting lastTestMethodIndex: 51263
Tue May 15 23:34:28 UTC 2018: Starting linking
Tue May 15 23:34:28 UTC 2018: Code found hudson.util.XStream2-toXMLUTF8 with hudson.util.XStream2EncodingTest-toXMLUTF8
Tue May 15 23:34:28 UTC 2018: Match not added in database because it already exists
Tue May 15 23:34:28 UTC 2018: Code found hudson.util.XStream2-toXML with hudson.util.XStream2EncodingTest-toXMLUnspecifiedEncoding
Tue May 15 23:34:28 UTC 2018: Match not added in database because it already exists
Tue May 15 23:34:28 UTC 2018: Linking done for jdeesh735__jenkinssci- test class hudson.util.XStream2EncodingTest
Tue May 15 23:34:29 UTC 2018: Found element on the queue
Tue May 15 23:34:29 UTC 2018: Updating status
Tue May 15 23:34:29 UTC 2018: Working
Tue May 15 23:34:31 UTC 2018: Start jdeesh735__jenkinssci- test class hudson.util.ConsistentHashTest
Tue May 15 23:34:31 UTC 2018: Setting lastTestMethodIndex: 51266
Tue May 15 23:34:31 UTC 2018: Starting linking
Tue May 15 23:34:31 UTC 2018: No link for: hudson.util.ConsistentHashTest-countAllPoints
Tue May 15 23:34:31 UTC 2018: None match not added in database because it already exists
Tue May 15 23:34:31 UTC 2018: No link for: hudson.util.ConsistentHashTest-speed
Tue May 15 23:34:32 UTC 2018: None match not added in database because it already exists
Tue May 15 23:34:32 UTC 2018: No link for: hudson.util.ConsistentHashTest-emptyBehavior
Tue May 15 23:34:32 UTC 2018: None match not added in database because it already exists
Tue May 15 23:34:32 UTC 2018: No link for: hudson.util.ConsistentHashTest-defaultReplicationIsOneHundred
Tue May 15 23:34:32 UTC 2018: None match not added in database because it already exists
Tue May 15 23:34:32 UTC 2018: No link for: hudson.util.ConsistentHashTest-usesCustomHash
Tue May 15 23:34:32 UTC 2018: None match not added in database because it already exists
Tue May 15 23:34:32 UTC 2018: No link for: hudson.util.ConsistentHashTest-setCustomDefaultReplication
Tue May 15 23:34:33 UTC 2018: None match not added in database because it already exists
Tue May 15 23:34:33 UTC 2018: No link for: hudson.util.ConsistentHashTest-removal
Tue May 15 23:34:33 UTC 2018: None match not added in database because it already exists
Tue May 15 23:34:33 UTC 2018: No link for: hudson.util.ConsistentHashTest-basic
Tue May 15 23:34:33 UTC 2018: None match not added in database because it already exists
Tue May 15 23:34:33 UTC 2018: No link for: hudson.util.ConsistentHashTest-unevenDistribution
Tue May 15 23:34:33 UTC 2018: None match not added in database because it already exists
Tue May 15 23:34:33 UTC 2018: Linking done for jdeesh735__jenkinssci- test class hudson.util.ConsistentHashTest
Tue May 15 23:34:34 UTC 2018: Found element on the queue
Tue May 15 23:34:34 UTC 2018: Updating status
Tue May 15 23:34:34 UTC 2018: Working
Tue May 15 23:34:36 UTC 2018: Start jdeesh735__jenkinssci- test class hudson.util.IteratorsTest
Tue May 15 23:34:36 UTC 2018: Setting lastTestMethodIndex: 51271
Tue May 15 23:34:36 UTC 2018: Starting linking
Tue May 15 23:34:36 UTC 2018: No code found hudson.util.Iterators-reverseSequence with hudson.util.IteratorsTest-reverseSequence
Tue May 15 23:34:36 UTC 2018: No code found hudson.util.Iterators-wrap with hudson.util.IteratorsTest-wrap
Tue May 15 23:34:37 UTC 2018: No code found hudson.util.Iterators-sequence with hudson.util.IteratorsTest-sequence
Tue May 15 23:34:37 UTC 2018: No code found hudson.util.Iterators-limit with hudson.util.IteratorsTest-limit
Tue May 15 23:34:37 UTC 2018: Linking done for jdeesh735__jenkinssci- test class hudson.util.IteratorsTest
Tue May 15 23:34:38 UTC 2018: Found element on the queue
Tue May 15 23:34:38 UTC 2018: Updating status
Tue May 15 23:34:38 UTC 2018: Working
Tue May 15 23:34:41 UTC 2018: Start jdeesh735__jenkinssci- test class hudson.util.DirScannerTest
Tue May 15 23:34:41 UTC 2018: Setting lastTestMethodIndex: 51273
Tue May 15 23:34:41 UTC 2018: Starting linking
Tue May 15 23:34:41 UTC 2018: No link for: hudson.util.DirScannerTest-globShouldIgnoreDefaultExcludesByRequest
Tue May 15 23:34:41 UTC 2018: None match not added in database because it already exists
Tue May 15 23:34:41 UTC 2018: No link for: hudson.util.DirScannerTest-globShouldUseDefaultExcludes
Tue May 15 23:34:42 UTC 2018: None match not added in database because it already exists
Tue May 15 23:34:42 UTC 2018: Linking done for jdeesh735__jenkinssci- test class hudson.util.DirScannerTest
Tue May 15 23:34:42 UTC 2018: Found element on the queue
Tue May 15 23:34:42 UTC 2018: Updating status
Tue May 15 23:34:42 UTC 2018: Working
Tue May 15 23:34:45 UTC 2018: Start jdeesh735__jenkinssci- test class hudson.util.XStream2Test
Tue May 15 23:34:45 UTC 2018: Setting lastTestMethodIndex: 51276
Tue May 15 23:34:45 UTC 2018: Starting linking
Tue May 15 23:34:45 UTC 2018: Linking done for jdeesh735__jenkinssci- test class hudson.util.XStream2Test
Tue May 15 23:34:46 UTC 2018: Found element on the queue
Tue May 15 23:34:46 UTC 2018: Updating status
Tue May 15 23:34:46 UTC 2018: Working
Tue May 15 23:34:48 UTC 2018: Start jdeesh735__jenkinssci- test class hudson.util.LineEndNormalizingWriterTest
Tue May 15 23:34:48 UTC 2018: Setting lastTestMethodIndex: 51278
Tue May 15 23:34:48 UTC 2018: Starting linking
Tue May 15 23:34:48 UTC 2018: No link for: hudson.util.LineEndNormalizingWriterTest-test1
Tue May 15 23:34:48 UTC 2018: None match not added in database because it already exists
Tue May 15 23:34:48 UTC 2018: No link for: hudson.util.LineEndNormalizingWriterTest-test2
Tue May 15 23:34:49 UTC 2018: None match not added in database because it already exists
Tue May 15 23:34:49 UTC 2018: No link for: hudson.util.LineEndNormalizingWriterTest-test3
Tue May 15 23:34:49 UTC 2018: None match not added in database because it already exists
Tue May 15 23:34:49 UTC 2018: Linking done for jdeesh735__jenkinssci- test class hudson.util.LineEndNormalizingWriterTest
Tue May 15 23:34:49 UTC 2018: Found element on the queue
Tue May 15 23:34:49 UTC 2018: Updating status
Tue May 15 23:34:49 UTC 2018: Working
Tue May 15 23:34:52 UTC 2018: Start jdeesh735__jenkinssci- test class hudson.util.ProcessTreeTest
Tue May 15 23:34:52 UTC 2018: Setting lastTestMethodIndex: 51281
Tue May 15 23:34:52 UTC 2018: Starting linking
Tue May 15 23:34:52 UTC 2018: Linking done for jdeesh735__jenkinssci- test class hudson.util.ProcessTreeTest
Tue May 15 23:34:52 UTC 2018: Found element on the queue
Tue May 15 23:34:52 UTC 2018: Updating status
Tue May 15 23:34:52 UTC 2018: Working
Tue May 15 23:34:55 UTC 2018: Start jdeesh735__jenkinssci- test class hudson.EnvVarsTest
Tue May 15 23:34:55 UTC 2018: Setting lastTestMethodIndex: 51283
Tue May 15 23:34:55 UTC 2018: Starting linking
Tue May 15 23:34:55 UTC 2018: No code found hudson.EnvVars-overrideExpandingAll with hudson.EnvVarsTest-overrideExpandingAll
Tue May 15 23:34:55 UTC 2018: No link for: hudson.EnvVarsTest-overrideOrderCalculatorCyclic
Tue May 15 23:34:56 UTC 2018: None match not added in database because it already exists
Tue May 15 23:34:56 UTC 2018: No link for: hudson.EnvVarsTest-caseInsensitive
Tue May 15 23:34:56 UTC 2018: None match not added in database because it already exists
Tue May 15 23:34:56 UTC 2018: No link for: hudson.EnvVarsTest-overrideOrderCalculatorSelfReference
Tue May 15 23:34:57 UTC 2018: None match not added in database because it already exists
Tue May 15 23:34:57 UTC 2018: No link for: hudson.EnvVarsTest-overrideOrderCalculatorMultiple
Tue May 15 23:34:57 UTC 2018: None match not added in database because it already exists
Tue May 15 23:34:57 UTC 2018: No link for: hudson.EnvVarsTest-overrideOrderCalculatorSimple
Tue May 15 23:34:57 UTC 2018: None match not added in database because it already exists
Tue May 15 23:34:57 UTC 2018: No link for: hudson.EnvVarsTest-overrideOrderCalculatorInOrder
Tue May 15 23:34:57 UTC 2018: None match not added in database because it already exists
Tue May 15 23:34:57 UTC 2018: Linking done for jdeesh735__jenkinssci- test class hudson.EnvVarsTest
Tue May 15 23:34:58 UTC 2018: Found element on the queue
Tue May 15 23:34:58 UTC 2018: Updating status
Tue May 15 23:34:58 UTC 2018: Working
Tue May 15 23:35:00 UTC 2018: Start jdeesh735__jenkinssci- test class hudson.cli.ListJobsCommandTest
Tue May 15 23:35:00 UTC 2018: Setting lastTestMethodIndex: 51286
Tue May 15 23:35:00 UTC 2018: Starting linking
Tue May 15 23:35:00 UTC 2018: No link for: hudson.cli.ListJobsCommandTest-failForNonexistingName
Tue May 15 23:35:00 UTC 2018: None match not added in database because it already exists
Tue May 15 23:35:00 UTC 2018: No link for: hudson.cli.ListJobsCommandTest-getAllJobsForEmptyName
Tue May 15 23:35:01 UTC 2018: No link for: hudson.cli.ListJobsCommandTest-getJobsFromView
Tue May 15 23:35:01 UTC 2018: No link for: hudson.cli.ListJobsCommandTest-getAllJobsFromFolders
Tue May 15 23:35:01 UTC 2018: None match not added in database because it already exists
Tue May 15 23:35:01 UTC 2018: No link for: hudson.cli.ListJobsCommandTest-getJobsRecursivelyFromViewGroup
Tue May 15 23:35:01 UTC 2018: Linking done for jdeesh735__jenkinssci- test class hudson.cli.ListJobsCommandTest
Tue May 15 23:35:02 UTC 2018: Found element on the queue
Tue May 15 23:35:02 UTC 2018: Updating status
Tue May 15 23:35:02 UTC 2018: Working
Tue May 15 23:35:05 UTC 2018: Start jdeesh735__jenkinssci- test class hudson.cli.handlers.ViewOptionHandlerTest
Tue May 15 23:35:05 UTC 2018: Setting lastTestMethodIndex: 51289
Tue May 15 23:35:05 UTC 2018: Starting linking
Tue May 15 23:35:05 UTC 2018: No link for: hudson.cli.handlers.ViewOptionHandlerTest-reportNonexistentInnerView
Tue May 15 23:35:05 UTC 2018: None match not added in database because it already exists
Tue May 15 23:35:05 UTC 2018: No link for: hudson.cli.handlers.ViewOptionHandlerTest-refuseToReadNestedView
Tue May 15 23:35:06 UTC 2018: None match not added in database because it already exists
Tue May 15 23:35:06 UTC 2018: No link for: hudson.cli.handlers.ViewOptionHandlerTest-resolveNestedView
Tue May 15 23:35:06 UTC 2018: None match not added in database because it already exists
Tue May 15 23:35:06 UTC 2018: No link for: hudson.cli.handlers.ViewOptionHandlerTest-ignoreLeadingAndTrailingSlashes
Tue May 15 23:35:06 UTC 2018: None match not added in database because it already exists
Tue May 15 23:35:06 UTC 2018: No link for: hudson.cli.handlers.ViewOptionHandlerTest-reportViewSpaceNameRequestAsIAE
Tue May 15 23:35:06 UTC 2018: None match not added in database because it already exists
Tue May 15 23:35:06 UTC 2018: No link for: hudson.cli.handlers.ViewOptionHandlerTest-reportTraversingViewThatIsNotAViewGroup
Tue May 15 23:35:07 UTC 2018: None match not added in database because it already exists
Tue May 15 23:35:07 UTC 2018: No link for: hudson.cli.handlers.ViewOptionHandlerTest-reportNullViewAsNPE
Tue May 15 23:35:07 UTC 2018: None match not added in database because it already exists
Tue May 15 23:35:07 UTC 2018: No link for: hudson.cli.handlers.ViewOptionHandlerTest-resolveOuterView
Tue May 15 23:35:07 UTC 2018: None match not added in database because it already exists
Tue May 15 23:35:07 UTC 2018: No link for: hudson.cli.handlers.ViewOptionHandlerTest-reportNonexistentNestedView
Tue May 15 23:35:07 UTC 2018: None match not added in database because it already exists
Tue May 15 23:35:07 UTC 2018: No link for: hudson.cli.handlers.ViewOptionHandlerTest-refuseToReadOuterView
Tue May 15 23:35:07 UTC 2018: None match not added in database because it already exists
Tue May 15 23:35:07 UTC 2018: No link for: hudson.cli.handlers.ViewOptionHandlerTest-reportEmptyViewNameRequestAsNull
Tue May 15 23:35:08 UTC 2018: None match not added in database because it already exists
Tue May 15 23:35:08 UTC 2018: No link for: hudson.cli.handlers.ViewOptionHandlerTest-reportNonexistentTopLevelView
Tue May 15 23:35:08 UTC 2018: None match not added in database because it already exists
Tue May 15 23:35:08 UTC 2018: No link for: hudson.cli.handlers.ViewOptionHandlerTest-refuseToReadInnerView
Tue May 15 23:35:08 UTC 2018: None match not added in database because it already exists
Tue May 15 23:35:08 UTC 2018: No link for: hudson.cli.handlers.ViewOptionHandlerTest-resolveTopLevelView
Tue May 15 23:35:08 UTC 2018: None match not added in database because it already exists
Tue May 15 23:35:08 UTC 2018: Linking done for jdeesh735__jenkinssci- test class hudson.cli.handlers.ViewOptionHandlerTest
