Tue May 15 13:40:17 UTC 2018: Database:jdbc:mysql://localhost:3306/unittests
Tue May 15 13:40:18 UTC 2018: Starting
Tue May 15 13:40:20 UTC 2018: Found element on the queue
Tue May 15 13:40:20 UTC 2018: Updating status
Tue May 15 13:40:20 UTC 2018: Working
Tue May 15 13:40:20 UTC 2018: Create project parser
Tue May 15 13:40:36 UTC 2018: Create slicer
Tue May 15 13:40:41 UTC 2018: Create call graph
Tue May 15 13:40:47 UTC 2018: Create point analysis
Tue May 15 13:40:47 UTC 2018: Create call graph done
Tue May 15 13:40:47 UTC 2018: Start conversant__mara test class com.conversantmedia.mapreduce.tool.DistributedResourceManagerTest
Tue May 15 13:40:47 UTC 2018: Setting lastTestMethodIndex: 34199
Tue May 15 13:40:47 UTC 2018: Starting linking
Tue May 15 13:40:47 UTC 2018: Code found com.conversantmedia.mapreduce.tool.DistributedResourceManager-setFieldValue with com.conversantmedia.mapreduce.tool.DistributedResourceManagerTest-testSetFieldValue
Tue May 15 13:40:47 UTC 2018: Linking done for conversant__mara test class com.conversantmedia.mapreduce.tool.DistributedResourceManagerTest
Tue May 15 13:40:48 UTC 2018: Found element on the queue
Tue May 15 13:40:48 UTC 2018: Updating status
Tue May 15 13:40:48 UTC 2018: Working
Tue May 15 13:40:52 UTC 2018: Start conversant__mara test class com.conversantmedia.mapreduce.tool.RunJobTest
Tue May 15 13:40:52 UTC 2018: Setting lastTestMethodIndex: 34202
Tue May 15 13:40:52 UTC 2018: Starting linking
Tue May 15 13:40:52 UTC 2018: No link for: com.conversantmedia.mapreduce.tool.RunJobTest-testScanPackages_SystemProperty
Tue May 15 13:40:52 UTC 2018: No link for: com.conversantmedia.mapreduce.tool.RunJobTest-testScanPackages_Resource
Tue May 15 13:40:52 UTC 2018: No link for: com.conversantmedia.mapreduce.tool.RunJobTest-testOutputDrivers
Tue May 15 13:40:52 UTC 2018: Linking done for conversant__mara test class com.conversantmedia.mapreduce.tool.RunJobTest
Tue May 15 13:40:53 UTC 2018: Found element on the queue
Tue May 15 13:40:53 UTC 2018: Updating status
Tue May 15 13:40:53 UTC 2018: Working
Tue May 15 13:40:57 UTC 2018: Start conversant__mara test class com.conversantmedia.mapreduce.tool.ExpressionEvaluatorTest
Tue May 15 13:40:57 UTC 2018: Setting lastTestMethodIndex: 34204
Tue May 15 13:40:57 UTC 2018: Starting linking
Tue May 15 13:40:57 UTC 2018: Code found com.conversantmedia.mapreduce.tool.ExpressionEvaluator-evaluate with com.conversantmedia.mapreduce.tool.ExpressionEvaluatorTest-testEvaluateExpression
Tue May 15 13:40:57 UTC 2018: Linking done for conversant__mara test class com.conversantmedia.mapreduce.tool.ExpressionEvaluatorTest
Tue May 15 13:40:59 UTC 2018: Found element on the queue
Tue May 15 13:40:59 UTC 2018: Updating status
Tue May 15 13:40:59 UTC 2018: Working
Tue May 15 13:41:02 UTC 2018: Start conversant__mara test class com.conversantmedia.mapreduce.tool.FileInputOutputHandlerTest
Tue May 15 13:41:02 UTC 2018: Setting lastTestMethodIndex: 34206
Tue May 15 13:41:02 UTC 2018: Starting linking
Tue May 15 13:41:02 UTC 2018: No link for: com.conversantmedia.mapreduce.tool.FileInputOutputHandlerTest-testParseContext
Tue May 15 13:41:02 UTC 2018: Linking done for conversant__mara test class com.conversantmedia.mapreduce.tool.FileInputOutputHandlerTest
Tue May 15 13:41:03 UTC 2018: Found element on the queue
Tue May 15 13:41:03 UTC 2018: Updating status
Tue May 15 13:41:03 UTC 2018: Working
Tue May 15 13:41:07 UTC 2018: Start conversant__mara test class com.conversantmedia.mapreduce.tool.annotation.handler.MapperInfoHandlerTest
Tue May 15 13:41:07 UTC 2018: Setting lastTestMethodIndex: 34208
Tue May 15 13:41:07 UTC 2018: Starting linking
Tue May 15 13:41:07 UTC 2018: No link for: com.conversantmedia.mapreduce.tool.annotation.handler.MapperInfoHandlerTest-testConfigureMapperSubclassing_MapOnly
Tue May 15 13:41:07 UTC 2018: No link for: com.conversantmedia.mapreduce.tool.annotation.handler.MapperInfoHandlerTest-testConfigureMapperNoGenerics
Tue May 15 13:41:07 UTC 2018: No link for: com.conversantmedia.mapreduce.tool.annotation.handler.MapperInfoHandlerTest-testConfigureMapperLongText
Tue May 15 13:41:07 UTC 2018: No link for: com.conversantmedia.mapreduce.tool.annotation.handler.MapperInfoHandlerTest-testConfigureMapperTableMapper
Tue May 15 13:41:07 UTC 2018: No link for: com.conversantmedia.mapreduce.tool.annotation.handler.MapperInfoHandlerTest-testConfigureMapperTableMapper_MapOnly
Tue May 15 13:41:07 UTC 2018: No link for: com.conversantmedia.mapreduce.tool.annotation.handler.MapperInfoHandlerTest-testConfigureMapperIntText
Tue May 15 13:41:07 UTC 2018: No link for: com.conversantmedia.mapreduce.tool.annotation.handler.MapperInfoHandlerTest-testConfigureMapperIntText_MapOnly
Tue May 15 13:41:07 UTC 2018: No link for: com.conversantmedia.mapreduce.tool.annotation.handler.MapperInfoHandlerTest-testConfigureMapperTextText_MapOnly
Tue May 15 13:41:07 UTC 2018: No link for: com.conversantmedia.mapreduce.tool.annotation.handler.MapperInfoHandlerTest-testConfigureMapperLongText_MapOnly
Tue May 15 13:41:07 UTC 2018: No link for: com.conversantmedia.mapreduce.tool.annotation.handler.MapperInfoHandlerTest-testConfigureMapperSubclassing
Tue May 15 13:41:07 UTC 2018: No link for: com.conversantmedia.mapreduce.tool.annotation.handler.MapperInfoHandlerTest-testConfigureMapperTextText
Tue May 15 13:41:07 UTC 2018: Linking done for conversant__mara test class com.conversantmedia.mapreduce.tool.annotation.handler.MapperInfoHandlerTest
Tue May 15 13:41:08 UTC 2018: Found element on the queue
Tue May 15 13:41:08 UTC 2018: Updating status
Tue May 15 13:41:08 UTC 2018: Working
Tue May 15 13:41:13 UTC 2018: Start conversant__mara test class com.conversantmedia.mapreduce.tool.annotation.handler.ReflectionAnnotationHandlerProviderTest
Tue May 15 13:41:13 UTC 2018: Setting lastTestMethodIndex: 34210
Tue May 15 13:41:13 UTC 2018: Starting linking
Tue May 15 13:41:13 UTC 2018: No link for: com.conversantmedia.mapreduce.tool.annotation.handler.ReflectionAnnotationHandlerProviderTest-testSkipSomeHandlers
Tue May 15 13:41:13 UTC 2018: No link for: com.conversantmedia.mapreduce.tool.annotation.handler.ReflectionAnnotationHandlerProviderTest-testFindHandlersInMultipleScanPackages
Tue May 15 13:41:13 UTC 2018: No link for: com.conversantmedia.mapreduce.tool.annotation.handler.ReflectionAnnotationHandlerProviderTest-testFindsDefaultHandlersInProperOrder
Tue May 15 13:41:13 UTC 2018: No link for: com.conversantmedia.mapreduce.tool.annotation.handler.ReflectionAnnotationHandlerProviderTest-testFindHandlersInOverriddenScanPackage
Tue May 15 13:41:13 UTC 2018: Linking done for conversant__mara test class com.conversantmedia.mapreduce.tool.annotation.handler.ReflectionAnnotationHandlerProviderTest
Tue May 15 13:41:14 UTC 2018: Found element on the queue
Tue May 15 13:41:14 UTC 2018: Updating status
Tue May 15 13:41:14 UTC 2018: Working
Tue May 15 13:41:18 UTC 2018: Start conversant__mara test class com.conversantmedia.mapreduce.tool.annotation.handler.TableInputAnnotationHandlerTest
Tue May 15 13:41:18 UTC 2018: Setting lastTestMethodIndex: 34212
Tue May 15 13:41:18 UTC 2018: Starting linking
Tue May 15 13:41:18 UTC 2018: Code found com.conversantmedia.mapreduce.tool.annotation.handler.TableInputAnnotationHandler-process with com.conversantmedia.mapreduce.tool.annotation.handler.TableInputAnnotationHandlerTest-testProcessDefaults
Tue May 15 13:41:18 UTC 2018: Code found com.conversantmedia.mapreduce.tool.annotation.handler.TableInputAnnotationHandler-process with com.conversantmedia.mapreduce.tool.annotation.handler.TableInputAnnotationHandlerTest-testProcessCustomScan
Tue May 15 13:41:18 UTC 2018: Code found com.conversantmedia.mapreduce.tool.annotation.handler.TableInputAnnotationHandler-process with com.conversantmedia.mapreduce.tool.annotation.handler.TableInputAnnotationHandlerTest-testProcessExplicitTable
Tue May 15 13:41:18 UTC 2018: No link for: com.conversantmedia.mapreduce.tool.annotation.handler.TableInputAnnotationHandlerTest-testConditionalName
Tue May 15 13:41:18 UTC 2018: Linking done for conversant__mara test class com.conversantmedia.mapreduce.tool.annotation.handler.TableInputAnnotationHandlerTest
Tue May 15 13:41:19 UTC 2018: Found element on the queue
Tue May 15 13:41:19 UTC 2018: Updating status
Tue May 15 13:41:19 UTC 2018: Working
Tue May 15 13:41:23 UTC 2018: Start conversant__mara test class com.conversantmedia.mapreduce.tool.annotation.handler.ReducerInfoHandlerTest
Tue May 15 13:41:23 UTC 2018: Setting lastTestMethodIndex: 34214
Tue May 15 13:41:23 UTC 2018: Starting linking
Tue May 15 13:41:23 UTC 2018: No link for: com.conversantmedia.mapreduce.tool.annotation.handler.ReducerInfoHandlerTest-testConfigureReducerSubclassing
Tue May 15 13:41:23 UTC 2018: No link for: com.conversantmedia.mapreduce.tool.annotation.handler.ReducerInfoHandlerTest-testConfigureReducerIntText
Tue May 15 13:41:23 UTC 2018: No link for: com.conversantmedia.mapreduce.tool.annotation.handler.ReducerInfoHandlerTest-testConfigureReducerLongText
Tue May 15 13:41:23 UTC 2018: No link for: com.conversantmedia.mapreduce.tool.annotation.handler.ReducerInfoHandlerTest-testConfigureReducerNoGenerics
Tue May 15 13:41:23 UTC 2018: No link for: com.conversantmedia.mapreduce.tool.annotation.handler.ReducerInfoHandlerTest-testConfigureReducerTextText
Tue May 15 13:41:23 UTC 2018: Linking done for conversant__mara test class com.conversantmedia.mapreduce.tool.annotation.handler.ReducerInfoHandlerTest
Tue May 15 13:41:25 UTC 2018: Found element on the queue
Tue May 15 13:41:25 UTC 2018: Updating status
Tue May 15 13:41:25 UTC 2018: Working
Tue May 15 13:41:29 UTC 2018: Start conversant__mara test class com.conversantmedia.mapreduce.tool.annotation.JobAnnotationUtilTest
Tue May 15 13:41:29 UTC 2018: Setting lastTestMethodIndex: 34216
Tue May 15 13:41:29 UTC 2018: Starting linking
Tue May 15 13:41:29 UTC 2018: No link for: com.conversantmedia.mapreduce.tool.annotation.JobAnnotationUtilTest-testDefaultDriverName
Tue May 15 13:41:29 UTC 2018: No link for: com.conversantmedia.mapreduce.tool.annotation.JobAnnotationUtilTest-testConfigureJobFromClass
Tue May 15 13:41:29 UTC 2018: Linking done for conversant__mara test class com.conversantmedia.mapreduce.tool.annotation.JobAnnotationUtilTest
Tue May 15 13:41:31 UTC 2018: Found element on the queue
Tue May 15 13:41:31 UTC 2018: Updating status
Tue May 15 13:41:31 UTC 2018: Working
Tue May 15 13:41:34 UTC 2018: Start conversant__mara test class com.conversantmedia.mapreduce.io.CompositeSortKeyTest
Tue May 15 13:41:34 UTC 2018: Setting lastTestMethodIndex: 34218
Tue May 15 13:41:34 UTC 2018: Starting linking
Tue May 15 13:41:34 UTC 2018: No link for: com.conversantmedia.mapreduce.io.CompositeSortKeyTest-naturalSortComparator
Tue May 15 13:41:34 UTC 2018: No link for: com.conversantmedia.mapreduce.io.CompositeSortKeyTest-testReverseSortByValue
Tue May 15 13:41:34 UTC 2018: No link for: com.conversantmedia.mapreduce.io.CompositeSortKeyTest-testNaturalSortByValue
Tue May 15 13:41:34 UTC 2018: No link for: com.conversantmedia.mapreduce.io.CompositeSortKeyTest-reverseSortComparator
Tue May 15 13:41:34 UTC 2018: No link for: com.conversantmedia.mapreduce.io.CompositeSortKeyTest-groupingComparator
Tue May 15 13:41:34 UTC 2018: Linking done for conversant__mara test class com.conversantmedia.mapreduce.io.CompositeSortKeyTest
