Wed May 16 03:39:27 UTC 2018: Database:jdbc:mysql://localhost:3306/unittests
Wed May 16 03:39:27 UTC 2018: Starting
Wed May 16 03:39:28 UTC 2018: Found element on the queue
Wed May 16 03:39:28 UTC 2018: Updating status
Wed May 16 03:39:28 UTC 2018: Working
Wed May 16 03:39:28 UTC 2018: Create project parser
Wed May 16 03:39:32 UTC 2018: Create slicer
Wed May 16 03:39:33 UTC 2018: Create call graph
Wed May 16 03:39:34 UTC 2018: Create point analysis
Wed May 16 03:39:34 UTC 2018: Create call graph done
Wed May 16 03:39:34 UTC 2018: Start lambico__lambico test class org.lambico.po.hibernate.EntityBaseTest
Wed May 16 03:39:34 UTC 2018: Setting lastTestMethodIndex: 59841
Wed May 16 03:39:34 UTC 2018: Starting linking
Wed May 16 03:39:34 UTC 2018: Code found org.lambico.po.hibernate.EntityBase-equals with org.lambico.po.hibernate.EntityBaseTest-testEqualsWithANullId
Wed May 16 03:39:34 UTC 2018: Code found org.lambico.po.hibernate.EntityBase-equals with org.lambico.po.hibernate.EntityBaseTest-testEqualsWithDifferentIds
Wed May 16 03:39:35 UTC 2018: Code found org.lambico.po.hibernate.EntityBase-setId with org.lambico.po.hibernate.EntityBaseTest-testSetId
Wed May 16 03:39:35 UTC 2018: Code found org.lambico.po.hibernate.EntityBase-equals with org.lambico.po.hibernate.EntityBaseTest-testEqualsWithNullId
Wed May 16 03:39:35 UTC 2018: Code found org.lambico.po.hibernate.EntityBase-toString with org.lambico.po.hibernate.EntityBaseTest-testToString
Wed May 16 03:39:36 UTC 2018: Code found org.lambico.po.hibernate.EntityBase-getId with org.lambico.po.hibernate.EntityBaseTest-testGetId
Wed May 16 03:39:36 UTC 2018: Code found org.lambico.po.hibernate.EntityBase-equals with org.lambico.po.hibernate.EntityBaseTest-testEqualsWithTheSameId
Wed May 16 03:39:36 UTC 2018: Code found org.lambico.po.hibernate.EntityBase-hashCode with org.lambico.po.hibernate.EntityBaseTest-testHashCodeWithNullId
Wed May 16 03:39:37 UTC 2018: Code found org.lambico.po.hibernate.EntityBase-hashCode with org.lambico.po.hibernate.EntityBaseTest-testHashCode
Wed May 16 03:39:37 UTC 2018: Linking done for lambico__lambico test class org.lambico.po.hibernate.EntityBaseTest
Wed May 16 03:39:37 UTC 2018: Found element on the queue
Wed May 16 03:39:37 UTC 2018: Updating status
Wed May 16 03:39:37 UTC 2018: Working
Wed May 16 03:39:40 UTC 2018: Start lambico__lambico test class org.lambico.dao.generic.PageDefaultImplTest
Wed May 16 03:39:40 UTC 2018: Setting lastTestMethodIndex: 59845
Wed May 16 03:39:40 UTC 2018: Starting linking
Wed May 16 03:39:40 UTC 2018: Code found org.lambico.dao.generic.PageDefaultImpl-getLastPage with org.lambico.dao.generic.PageDefaultImplTest-testGetLastPage
Wed May 16 03:39:40 UTC 2018: Code found org.lambico.dao.generic.PageDefaultImpl-isPreviousPage with org.lambico.dao.generic.PageDefaultImplTest-testIsPreviousPageOnTheLast
Wed May 16 03:39:41 UTC 2018: Code found org.lambico.dao.generic.PageDefaultImpl-isNextPage with org.lambico.dao.generic.PageDefaultImplTest-testIsNextPage
Wed May 16 03:39:41 UTC 2018: Code found org.lambico.dao.generic.PageDefaultImpl-getRowCount with org.lambico.dao.generic.PageDefaultImplTest-testGetRowCount
Wed May 16 03:39:41 UTC 2018: Code found org.lambico.dao.generic.PageDefaultImpl-getPage with org.lambico.dao.generic.PageDefaultImplTest-testGetPage
Wed May 16 03:39:42 UTC 2018: Code found org.lambico.dao.generic.PageDefaultImpl-isPreviousPage with org.lambico.dao.generic.PageDefaultImplTest-testIsPreviousPage
Wed May 16 03:39:42 UTC 2018: Code found org.lambico.dao.generic.PageDefaultImpl-getList with org.lambico.dao.generic.PageDefaultImplTest-testGetList
Wed May 16 03:39:42 UTC 2018: Code found org.lambico.dao.generic.PageDefaultImpl-isNextPage with org.lambico.dao.generic.PageDefaultImplTest-testIsNextPageOnTheLast
Wed May 16 03:39:43 UTC 2018: Code found org.lambico.dao.generic.PageDefaultImpl-getLastPage with org.lambico.dao.generic.PageDefaultImplTest-testGetLastPageOnTheLast
Wed May 16 03:39:43 UTC 2018: Linking done for lambico__lambico test class org.lambico.dao.generic.PageDefaultImplTest
Wed May 16 03:39:43 UTC 2018: Found element on the queue
Wed May 16 03:39:43 UTC 2018: Updating status
Wed May 16 03:39:43 UTC 2018: Working
Wed May 16 03:39:43 UTC 2018: Create project parser
