Tue May 15 16:42:46 UTC 2018: Database:jdbc:mysql://localhost:3306/unittests
Tue May 15 16:42:46 UTC 2018: Starting
Tue May 15 16:42:47 UTC 2018: Found element on the queue
Tue May 15 16:42:47 UTC 2018: Updating status
Tue May 15 16:42:47 UTC 2018: Working
Tue May 15 16:42:47 UTC 2018: Create project parser
Tue May 15 16:42:50 UTC 2018: Found element on the queue
Tue May 15 16:42:50 UTC 2018: Updating status
Tue May 15 16:42:50 UTC 2018: Working
Tue May 15 16:42:51 UTC 2018: Found element on the queue
Tue May 15 16:42:51 UTC 2018: Updating status
Tue May 15 16:42:51 UTC 2018: Working
Tue May 15 16:42:51 UTC 2018: Found element on the queue
Tue May 15 16:42:51 UTC 2018: Updating status
Tue May 15 16:42:51 UTC 2018: Working
Tue May 15 16:42:52 UTC 2018: Found element on the queue
Tue May 15 16:42:52 UTC 2018: Updating status
Tue May 15 16:42:52 UTC 2018: Working
Tue May 15 16:42:52 UTC 2018: Create project parser
Tue May 15 16:42:53 UTC 2018: Found element on the queue
Tue May 15 16:42:53 UTC 2018: Updating status
Tue May 15 16:42:53 UTC 2018: Working
Tue May 15 16:42:53 UTC 2018: Create project parser
Tue May 15 16:42:56 UTC 2018: Create slicer
Tue May 15 16:42:56 UTC 2018: Wala does not support this class: com.ibm.wala.shrikeCT.InvalidClassFileException: Class file invalid at 10: bad magic number: 1347093252
Tue May 15 16:42:58 UTC 2018: Create call graph
Tue May 15 16:42:58 UTC 2018: Create point analysis
Tue May 15 16:42:58 UTC 2018: Create call graph done
Tue May 15 16:42:58 UTC 2018: Start exoplatform__integration test class org.exoplatform.wiki.ext.impl.WikiSpaceActivityPublisherTest
Tue May 15 16:42:58 UTC 2018: Setting lastTestMethodIndex: 38736
Tue May 15 16:42:58 UTC 2018: Starting linking
Tue May 15 16:42:58 UTC 2018: Code found org.exoplatform.wiki.ext.impl.WikiSpaceActivityPublisher-saveActivity with org.exoplatform.wiki.ext.impl.WikiSpaceActivityPublisherTest-testSaveActivity
Tue May 15 16:42:59 UTC 2018: No link for: org.exoplatform.wiki.ext.impl.WikiSpaceActivityPublisherTest-shouldNotCreateActivityWhenUpdateTypeIsPermissionsChange
Tue May 15 16:42:59 UTC 2018: No link for: org.exoplatform.wiki.ext.impl.WikiSpaceActivityPublisherTest-shouldNotCreateActivityWhenUpdateTypeIsNull
Tue May 15 16:42:59 UTC 2018: Linking done for exoplatform__integration test class org.exoplatform.wiki.ext.impl.WikiSpaceActivityPublisherTest
