Tue May 15 14:12:19 UTC 2018: Database:jdbc:mysql://localhost:3306/unittests
Tue May 15 14:12:19 UTC 2018: Starting
Tue May 15 14:12:19 UTC 2018: Found element on the queue
Tue May 15 14:12:19 UTC 2018: Updating status
Tue May 15 14:12:19 UTC 2018: Working
Tue May 15 14:12:19 UTC 2018: Create project parser
Tue May 15 14:12:25 UTC 2018: Create slicer
Tue May 15 14:12:28 UTC 2018: Create call graph
Tue May 15 14:12:31 UTC 2018: Create point analysis
Tue May 15 14:12:31 UTC 2018: Create call graph done
Tue May 15 14:12:31 UTC 2018: Start DanielLuis__RestTemplateSprin test class br.com.wdev.essor.gatewaysisser.support.StringsTest
Tue May 15 14:12:31 UTC 2018: Setting lastTestMethodIndex: 34982
Tue May 15 14:12:31 UTC 2018: Starting linking
Tue May 15 14:12:31 UTC 2018: No link for: br.com.wdev.essor.gatewaysisser.support.StringsTest-deveRetornarNullQuandoCNpjInformadoForNull
Tue May 15 14:12:31 UTC 2018: No link for: br.com.wdev.essor.gatewaysisser.support.StringsTest-deveRetornarNullQuandoCepInformadoForNull
Tue May 15 14:12:31 UTC 2018: Linking done for DanielLuis__RestTemplateSprin test class br.com.wdev.essor.gatewaysisser.support.StringsTest
Tue May 15 14:12:32 UTC 2018: Found element on the queue
Tue May 15 14:12:32 UTC 2018: Updating status
Tue May 15 14:12:32 UTC 2018: Working
Tue May 15 14:12:35 UTC 2018: Start DanielLuis__RestTemplateSprin test class br.com.wdev.essor.gatewaysisser.support.ValidadorTest
Tue May 15 14:12:35 UTC 2018: Setting lastTestMethodIndex: 34983
Tue May 15 14:12:35 UTC 2018: Starting linking
Tue May 15 14:12:35 UTC 2018: Code found br.com.wdev.essor.gatewaysisser.support.Validador-numeroTelefone with br.com.wdev.essor.gatewaysisser.support.ValidadorTest-deveValidarNumeroTelefoneValido
Tue May 15 14:12:35 UTC 2018: Code found br.com.wdev.essor.gatewaysisser.support.Validador-adicionarErro with br.com.wdev.essor.gatewaysisser.support.ValidadorTest-deveAdicionarErro
Tue May 15 14:12:35 UTC 2018: Code found br.com.wdev.essor.gatewaysisser.support.Validador-nome with br.com.wdev.essor.gatewaysisser.support.ValidadorTest-deveRetornarFalsoQuandoNomeNaoForValido
Tue May 15 14:12:35 UTC 2018: Code found br.com.wdev.essor.gatewaysisser.support.Validador-ddd with br.com.wdev.essor.gatewaysisser.support.ValidadorTest-deveValidarDDD
Tue May 15 14:12:35 UTC 2018: Code found br.com.wdev.essor.gatewaysisser.support.Validador-nomeCompleto with br.com.wdev.essor.gatewaysisser.support.ValidadorTest-deveObterSucessoQuandoNomeCompletoForValido
Tue May 15 14:12:35 UTC 2018: Code found br.com.wdev.essor.gatewaysisser.support.Validador-obrigatorio with br.com.wdev.essor.gatewaysisser.support.ValidadorTest-deveValidarObjetoObrigatorio
Tue May 15 14:12:35 UTC 2018: Code found br.com.wdev.essor.gatewaysisser.support.Validador-nome with br.com.wdev.essor.gatewaysisser.support.ValidadorTest-deveObterSucessoQuandoNomeForValido
Tue May 15 14:12:35 UTC 2018: Code found br.com.wdev.essor.gatewaysisser.support.Validador-nomeCompleto with br.com.wdev.essor.gatewaysisser.support.ValidadorTest-deveRetornarFalsoQuandoNomeCompletoNaoForValido
Tue May 15 14:12:35 UTC 2018: Code found br.com.wdev.essor.gatewaysisser.support.Validador-email with br.com.wdev.essor.gatewaysisser.support.ValidadorTest-deveValidarEmail
Tue May 15 14:12:35 UTC 2018: No link for: br.com.wdev.essor.gatewaysisser.support.ValidadorTest-deveValidarExpressaoVerdadeira
Tue May 15 14:12:35 UTC 2018: No link for: br.com.wdev.essor.gatewaysisser.support.ValidadorTest-deveValidarExpressaoFalse
Tue May 15 14:12:35 UTC 2018: Linking done for DanielLuis__RestTemplateSprin test class br.com.wdev.essor.gatewaysisser.support.ValidadorTest
