Tue May 15 13:32:54 UTC 2018 WARN: Establishing SSL connection without server's identity verification is not recommended. According to MySQL 5.5.45+, 5.6.26+ and 5.7.6+ requirements SSL connection must be established by default if explicit option isn't set. For compliance with existing applications not using SSL the verifyServerCertificate property is set to 'false'. You need either to explicitly disable SSL by setting useSSL=false, or set useSSL=true and provide truststore for server certificate verification.
Exception in thread "main" java.lang.NullPointerException
	at com.ibm.wala.ipa.summaries.LambdaSummaryClass.makeTrampoline(LambdaSummaryClass.java:274)
	at com.ibm.wala.ipa.summaries.LambdaSummaryClass.<init>(LambdaSummaryClass.java:71)
	at com.ibm.wala.ipa.summaries.LambdaSummaryClass.findOrCreate(LambdaSummaryClass.java:53)
	at com.ibm.wala.ipa.summaries.LambdaMethodTargetSelector.getCalleeTarget(LambdaMethodTargetSelector.java:65)
	at com.ibm.wala.ipa.summaries.BypassMethodTargetSelector.getCalleeTarget(BypassMethodTargetSelector.java:136)
	at com.ibm.wala.ipa.callgraph.propagation.PropagationCallGraphBuilder.getTargetForCall(PropagationCallGraphBuilder.java:717)
	at com.ibm.wala.ipa.callgraph.propagation.SSAPropagationCallGraphBuilder$1.apply(SSAPropagationCallGraphBuilder.java:2032)
	at com.ibm.wala.ipa.callgraph.propagation.SSAPropagationCallGraphBuilder$1.apply(SSAPropagationCallGraphBuilder.java:2025)
	at com.ibm.wala.ipa.callgraph.propagation.SSAPropagationCallGraphBuilder$CrossProductRec.rec(SSAPropagationCallGraphBuilder.java:533)
	at com.ibm.wala.ipa.callgraph.propagation.SSAPropagationCallGraphBuilder.iterateCrossProduct(SSAPropagationCallGraphBuilder.java:2013)
	at com.ibm.wala.ipa.callgraph.propagation.SSAPropagationCallGraphBuilder.getTargetsForCall(SSAPropagationCallGraphBuilder.java:2038)
	at com.ibm.wala.ipa.callgraph.propagation.SSAPropagationCallGraphBuilder$ConstraintVisitor.visitInvokeInternal(SSAPropagationCallGraphBuilder.java:1143)
	at com.ibm.wala.ipa.callgraph.propagation.SSAPropagationCallGraphBuilder$ConstraintVisitor.visitInvoke(SSAPropagationCallGraphBuilder.java:1113)
	at com.ibm.wala.ssa.SSAInvokeInstruction.visit(SSAInvokeInstruction.java:87)
	at com.ibm.wala.ipa.callgraph.propagation.SSAPropagationCallGraphBuilder.addBlockInstructionConstraints(SSAPropagationCallGraphBuilder.java:291)
	at com.ibm.wala.ipa.callgraph.propagation.SSAPropagationCallGraphBuilder.addNodeInstructionConstraints(SSAPropagationCallGraphBuilder.java:261)
	at com.ibm.wala.ipa.callgraph.propagation.SSAPropagationCallGraphBuilder.unconditionallyAddConstraintsFromNode(SSAPropagationCallGraphBuilder.java:233)
	at com.ibm.wala.ipa.callgraph.propagation.SSAPropagationCallGraphBuilder.addConstraintsFromNode(SSAPropagationCallGraphBuilder.java:199)
	at com.ibm.wala.ipa.callgraph.propagation.PropagationCallGraphBuilder.addConstraintsFromNewNodes(PropagationCallGraphBuilder.java:337)
	at com.ibm.wala.ipa.callgraph.propagation.StandardSolver.solve(StandardSolver.java:58)
	at com.ibm.wala.ipa.callgraph.propagation.PropagationCallGraphBuilder.makeCallGraph(PropagationCallGraphBuilder.java:270)
	at slicer.ClassAnalyzer.initialize(ClassAnalyzer.java:79)
	at slicer.ClassAnalyzer.<init>(ClassAnalyzer.java:39)
	at slicer.Slicer.<init>(Slicer.java:30)
	at linker.UnitTestLinker.getSlicer(UnitTestLinker.java:117)
	at linker.methods.BytecodeAnalysisWithLargestMatchingClass.initialize(BytecodeAnalysisWithLargestMatchingClass.java:31)
	at application.LinkBasedOnQueue.getUnitTestLinker(LinkBasedOnQueue.java:224)
	at application.LinkBasedOnQueue.processTest(LinkBasedOnQueue.java:189)
	at application.LinkBasedOnQueue.main(LinkBasedOnQueue.java:107)
