Tue May 15 20:12:03 UTC 2018: Database:jdbc:mysql://localhost:3306/unittests
Tue May 15 20:12:04 UTC 2018: Starting
Tue May 15 20:12:05 UTC 2018: Found element on the queue
Tue May 15 20:12:05 UTC 2018: Updating status
Tue May 15 20:12:05 UTC 2018: Working
Tue May 15 20:12:05 UTC 2018: Create project parser
Tue May 15 20:12:15 UTC 2018: Create slicer
Tue May 15 20:12:17 UTC 2018: Create call graph
Tue May 15 20:12:19 UTC 2018: Create point analysis
Tue May 15 20:12:19 UTC 2018: Create call graph done
Tue May 15 20:12:19 UTC 2018: Start headwirecom__peregrine-cms test class com.peregrine.admin.resource.TreeTest
Tue May 15 20:12:19 UTC 2018: Setting lastTestMethodIndex: 47075
Tue May 15 20:12:19 UTC 2018: Starting linking
Tue May 15 20:12:19 UTC 2018: No link for: com.peregrine.admin.resource.TreeTest-testTreByPath
Tue May 15 20:12:19 UTC 2018: No link for: com.peregrine.admin.resource.TreeTest-testSimpleTreeCreation
Tue May 15 20:12:20 UTC 2018: No link for: com.peregrine.admin.resource.TreeTest-testStringFormat
Tue May 15 20:12:20 UTC 2018: Linking done for headwirecom__peregrine-cms test class com.peregrine.admin.resource.TreeTest
Tue May 15 20:12:21 UTC 2018: Found element on the queue
Tue May 15 20:12:21 UTC 2018: Updating status
Tue May 15 20:12:21 UTC 2018: Working
Tue May 15 20:12:21 UTC 2018: Create project parser
Tue May 15 20:12:26 UTC 2018: Start headwirecom__peregrine-cms test class com.peregrine.adaption.impl.PerPageImplTest
Tue May 15 20:12:26 UTC 2018: Setting lastTestMethodIndex: 47078
Tue May 15 20:12:26 UTC 2018: Starting linking
Tue May 15 20:12:26 UTC 2018: No link for: com.peregrine.adaption.impl.PerPageImplTest-traversePrevious
Tue May 15 20:12:27 UTC 2018: No link for: com.peregrine.adaption.impl.PerPageImplTest-traverseNext
Tue May 15 20:12:27 UTC 2018: Linking done for headwirecom__peregrine-cms test class com.peregrine.adaption.impl.PerPageImplTest
Tue May 15 20:12:28 UTC 2018: Found element on the queue
Tue May 15 20:12:28 UTC 2018: Updating status
Tue May 15 20:12:28 UTC 2018: Working
Tue May 15 20:12:31 UTC 2018: Start headwirecom__peregrine-cms test class com.peregrine.adaption.impl.PeregrineAdapterFactoryTest
Tue May 15 20:12:31 UTC 2018: Setting lastTestMethodIndex: 47079
Tue May 15 20:12:31 UTC 2018: Starting linking
Tue May 15 20:12:31 UTC 2018: No link for: com.peregrine.adaption.impl.PeregrineAdapterFactoryTest-adaptPageFromContentChildTest
Tue May 15 20:12:32 UTC 2018: No link for: com.peregrine.adaption.impl.PeregrineAdapterFactoryTest-noAdaptNoPageChild
Tue May 15 20:12:32 UTC 2018: No link for: com.peregrine.adaption.impl.PeregrineAdapterFactoryTest-adaptPageFromContentTest
Tue May 15 20:12:32 UTC 2018: No link for: com.peregrine.adaption.impl.PeregrineAdapterFactoryTest-adaptPageFromPageResource
Tue May 15 20:12:33 UTC 2018: No link for: com.peregrine.adaption.impl.PeregrineAdapterFactoryTest-noAdaptNoPageContentChild
Tue May 15 20:12:33 UTC 2018: Linking done for headwirecom__peregrine-cms test class com.peregrine.adaption.impl.PeregrineAdapterFactoryTest
Tue May 15 20:12:34 UTC 2018: Found element on the queue
Tue May 15 20:12:34 UTC 2018: Updating status
Tue May 15 20:12:34 UTC 2018: Working
Tue May 15 20:12:34 UTC 2018: Create project parser
Tue May 15 20:12:38 UTC 2018: Start headwirecom__peregrine-cms test class com.peregrine.commons.json.JSonFormatterTest
Tue May 15 20:12:38 UTC 2018: Setting lastTestMethodIndex: 47082
Tue May 15 20:12:38 UTC 2018: Starting linking
Tue May 15 20:12:38 UTC 2018: No link for: com.peregrine.commons.json.JSonFormatterTest-testErrorResponseFormatting
Tue May 15 20:12:39 UTC 2018: Linking done for headwirecom__peregrine-cms test class com.peregrine.commons.json.JSonFormatterTest
Tue May 15 20:12:40 UTC 2018: Found element on the queue
Tue May 15 20:12:40 UTC 2018: Updating status
Tue May 15 20:12:40 UTC 2018: Working
Tue May 15 20:12:43 UTC 2018: Start headwirecom__peregrine-cms test class com.peregrine.commons.servlets.ServletHelperTest
Tue May 15 20:12:43 UTC 2018: Setting lastTestMethodIndex: 47084
Tue May 15 20:12:43 UTC 2018: Starting linking
Tue May 15 20:12:43 UTC 2018: No link for: com.peregrine.commons.servlets.ServletHelperTest-testComponentNameToPath
Tue May 15 20:12:43 UTC 2018: No link for: com.peregrine.commons.servlets.ServletHelperTest-testComponentPathToName
Tue May 15 20:12:44 UTC 2018: Linking done for headwirecom__peregrine-cms test class com.peregrine.commons.servlets.ServletHelperTest
Tue May 15 20:12:45 UTC 2018: Found element on the queue
Tue May 15 20:12:45 UTC 2018: Updating status
Tue May 15 20:12:45 UTC 2018: Working
Tue May 15 20:12:48 UTC 2018: Start headwirecom__peregrine-cms test class com.peregrine.commons.util.PerUtilTest
Tue May 15 20:12:48 UTC 2018: Setting lastTestMethodIndex: 47086
Tue May 15 20:12:48 UTC 2018: Starting linking
Tue May 15 20:12:48 UTC 2018: No link for: com.peregrine.commons.util.PerUtilTest-testGetComponentNameFromResource
Tue May 15 20:12:49 UTC 2018: No link for: com.peregrine.commons.util.PerUtilTest-testSplitIntoMap
Tue May 15 20:12:49 UTC 2018: Linking done for headwirecom__peregrine-cms test class com.peregrine.commons.util.PerUtilTest
