Wed May 16 01:52:35 UTC 2018: Database:jdbc:mysql://localhost:3306/unittests
Wed May 16 01:52:35 UTC 2018: Starting
Wed May 16 01:52:36 UTC 2018: Found element on the queue
Wed May 16 01:52:36 UTC 2018: Updating status
Wed May 16 01:52:36 UTC 2018: Working
Wed May 16 01:52:36 UTC 2018: Create project parser
Wed May 16 01:52:41 UTC 2018: Create slicer
Wed May 16 01:52:42 UTC 2018: Create call graph
Wed May 16 01:52:43 UTC 2018: Create point analysis
Wed May 16 01:52:43 UTC 2018: Create call graph done
Wed May 16 01:52:43 UTC 2018: Start kalecser__jpatchaca test class wheel.io.files.impl.tranzient.tests.ByteListInputStreamTest
Wed May 16 01:52:44 UTC 2018: Setting lastTestMethodIndex: 55959
Wed May 16 01:52:44 UTC 2018: Starting linking
Wed May 16 01:52:44 UTC 2018: Linking done for kalecser__jpatchaca test class wheel.io.files.impl.tranzient.tests.ByteListInputStreamTest
Wed May 16 01:52:44 UTC 2018: Found element on the queue
Wed May 16 01:52:44 UTC 2018: Updating status
Wed May 16 01:52:44 UTC 2018: Working
Wed May 16 01:52:46 UTC 2018: Start kalecser__jpatchaca test class wheel.io.files.impl.tranzient.tests.TransientDirectoryTest
Wed May 16 01:52:46 UTC 2018: Setting lastTestMethodIndex: 55961
Wed May 16 01:52:46 UTC 2018: Starting linking
Wed May 16 01:52:46 UTC 2018: Linking done for kalecser__jpatchaca test class wheel.io.files.impl.tranzient.tests.TransientDirectoryTest
Wed May 16 01:52:47 UTC 2018: Found element on the queue
Wed May 16 01:52:47 UTC 2018: Updating status
Wed May 16 01:52:47 UTC 2018: Working
Wed May 16 01:52:49 UTC 2018: Start kalecser__jpatchaca test class wheel.io.files.impl.tests.DurableDirectoryTest
Wed May 16 01:52:49 UTC 2018: Setting lastTestMethodIndex: 55962
Wed May 16 01:52:49 UTC 2018: Starting linking
Wed May 16 01:52:49 UTC 2018: Linking done for kalecser__jpatchaca test class wheel.io.files.impl.tests.DurableDirectoryTest
Wed May 16 01:52:50 UTC 2018: Found element on the queue
Wed May 16 01:52:50 UTC 2018: Updating status
Wed May 16 01:52:50 UTC 2018: Working
Wed May 16 01:52:52 UTC 2018: Start kalecser__jpatchaca test class wheel.io.ui.impl.tests.DirectoryBoundsPersistenceTest
Wed May 16 01:52:52 UTC 2018: Setting lastTestMethodIndex: 55965
Wed May 16 01:52:52 UTC 2018: Starting linking
Wed May 16 01:52:52 UTC 2018: Linking done for kalecser__jpatchaca test class wheel.io.ui.impl.tests.DirectoryBoundsPersistenceTest
Wed May 16 01:52:52 UTC 2018: Found element on the queue
Wed May 16 01:52:52 UTC 2018: Updating status
Wed May 16 01:52:52 UTC 2018: Working
Wed May 16 01:52:55 UTC 2018: Start kalecser__jpatchaca test class events.eventslist.tests.EventListTest
Wed May 16 01:52:55 UTC 2018: Setting lastTestMethodIndex: 55967
Wed May 16 01:52:55 UTC 2018: Starting linking
Wed May 16 01:52:55 UTC 2018: No link for: events.eventslist.tests.EventListTest-testPersistenceAfterProcessor
Wed May 16 01:52:55 UTC 2018: No link for: events.eventslist.tests.EventListTest-testProcessors
Wed May 16 01:52:55 UTC 2018: No link for: events.eventslist.tests.EventListTest-testCensor
Wed May 16 01:52:56 UTC 2018: No link for: events.eventslist.tests.EventListTest-testPersistence
Wed May 16 01:52:56 UTC 2018: No link for: events.eventslist.tests.EventListTest-testThrowRuntimeIfNoProcessorForThatEventIsAvailable
Wed May 16 01:52:56 UTC 2018: Linking done for kalecser__jpatchaca test class events.eventslist.tests.EventListTest
Wed May 16 01:52:57 UTC 2018: Found element on the queue
Wed May 16 01:52:57 UTC 2018: Updating status
Wed May 16 01:52:57 UTC 2018: Working
Wed May 16 01:52:59 UTC 2018: Start kalecser__jpatchaca test class events.persistence.tests.PersistenceManagerTest
Wed May 16 01:52:59 UTC 2018: Setting lastTestMethodIndex: 55970
Wed May 16 01:52:59 UTC 2018: Starting linking
Wed May 16 01:52:59 UTC 2018: Linking done for kalecser__jpatchaca test class events.persistence.tests.PersistenceManagerTest
Wed May 16 01:53:00 UTC 2018: Found element on the queue
Wed May 16 01:53:00 UTC 2018: Updating status
Wed May 16 01:53:00 UTC 2018: Working
Wed May 16 01:53:03 UTC 2018: Start kalecser__jpatchaca test class events.persistence.tests.FileAppenderTest
Wed May 16 01:53:03 UTC 2018: Setting lastTestMethodIndex: 55971
Wed May 16 01:53:03 UTC 2018: Starting linking
Wed May 16 01:53:03 UTC 2018: Linking done for kalecser__jpatchaca test class events.persistence.tests.FileAppenderTest
Wed May 16 01:53:03 UTC 2018: Found element on the queue
Wed May 16 01:53:03 UTC 2018: Updating status
Wed May 16 01:53:03 UTC 2018: Working
Wed May 16 01:53:06 UTC 2018: Start kalecser__jpatchaca test class events.persistence.tests.JavaToXMLMigrationTest
Wed May 16 01:53:06 UTC 2018: Setting lastTestMethodIndex: 55973
Wed May 16 01:53:06 UTC 2018: Starting linking
Wed May 16 01:53:06 UTC 2018: Linking done for kalecser__jpatchaca test class events.persistence.tests.JavaToXMLMigrationTest
Wed May 16 01:53:06 UTC 2018: Found element on the queue
Wed May 16 01:53:06 UTC 2018: Updating status
Wed May 16 01:53:06 UTC 2018: Working
Wed May 16 01:53:09 UTC 2018: Start kalecser__jpatchaca test class events.tests.PersistenceManagerTest
Wed May 16 01:53:09 UTC 2018: Setting lastTestMethodIndex: 55975
Wed May 16 01:53:09 UTC 2018: Starting linking
Wed May 16 01:53:09 UTC 2018: Linking done for kalecser__jpatchaca test class events.tests.PersistenceManagerTest
Wed May 16 01:53:09 UTC 2018: Found element on the queue
Wed May 16 01:53:09 UTC 2018: Updating status
Wed May 16 01:53:09 UTC 2018: Working
Wed May 16 01:53:12 UTC 2018: Start kalecser__jpatchaca test class events.tests.EventsSystemTest
Wed May 16 01:53:12 UTC 2018: Setting lastTestMethodIndex: 55977
Wed May 16 01:53:12 UTC 2018: Starting linking
Wed May 16 01:53:12 UTC 2018: Code found events.EventsSystemImpl-addProcessor with events.tests.EventsSystemTest-testOnlyAddProcessorToNonStartedSystem
Wed May 16 01:53:12 UTC 2018: No link for: events.tests.EventsSystemTest-testEventHooks
Wed May 16 01:53:12 UTC 2018: No link for: events.tests.EventsSystemTest-testCantAddSameProcessorTwice
Wed May 16 01:53:13 UTC 2018: Linking done for kalecser__jpatchaca test class events.tests.EventsSystemTest
Wed May 16 01:53:13 UTC 2018: Found element on the queue
Wed May 16 01:53:13 UTC 2018: Updating status
Wed May 16 01:53:13 UTC 2018: Working
Wed May 16 01:53:16 UTC 2018: Start kalecser__jpatchaca test class events.tests.FileAppenderTest
Wed May 16 01:53:16 UTC 2018: Setting lastTestMethodIndex: 55980
Wed May 16 01:53:16 UTC 2018: Starting linking
Wed May 16 01:53:16 UTC 2018: Linking done for kalecser__jpatchaca test class events.tests.FileAppenderTest
Wed May 16 01:53:16 UTC 2018: Found element on the queue
Wed May 16 01:53:16 UTC 2018: Updating status
Wed May 16 01:53:16 UTC 2018: Working
Wed May 16 01:53:19 UTC 2018: Start kalecser__jpatchaca test class basic.tests.DeferredExecutorTest
Wed May 16 01:53:19 UTC 2018: Setting lastTestMethodIndex: 55982
Wed May 16 01:53:19 UTC 2018: Starting linking
Wed May 16 01:53:19 UTC 2018: No link for: basic.tests.DeferredExecutorTest-testDeferredAction
Wed May 16 01:53:19 UTC 2018: Linking done for kalecser__jpatchaca test class basic.tests.DeferredExecutorTest
Wed May 16 01:53:20 UTC 2018: Found element on the queue
Wed May 16 01:53:20 UTC 2018: Updating status
Wed May 16 01:53:20 UTC 2018: Working
Wed May 16 01:53:22 UTC 2018: Start kalecser__jpatchaca test class basic.tests.AlertTest
Wed May 16 01:53:22 UTC 2018: Setting lastTestMethodIndex: 55985
Wed May 16 01:53:22 UTC 2018: Starting linking
Wed May 16 01:53:22 UTC 2018: Code found basic.AlertImpl-subscribe with basic.tests.AlertTest-testEachSubscriberWillOnlyBeNotifiedOnce
Wed May 16 01:53:22 UTC 2018: No link for: basic.tests.AlertTest-testListening
Wed May 16 01:53:23 UTC 2018: Linking done for kalecser__jpatchaca test class basic.tests.AlertTest
Wed May 16 01:53:23 UTC 2018: Found element on the queue
Wed May 16 01:53:23 UTC 2018: Updating status
Wed May 16 01:53:23 UTC 2018: Working
Wed May 16 01:53:26 UTC 2018: Start kalecser__jpatchaca test class reactive.ListSignalTest
Wed May 16 01:53:26 UTC 2018: Setting lastTestMethodIndex: 55988
Wed May 16 01:53:26 UTC 2018: Starting linking
Wed May 16 01:53:26 UTC 2018: Code found reactive.ListSource-get with reactive.ListSignalTest-testGet
Wed May 16 01:53:26 UTC 2018: Code found reactive.ListSource-remove with reactive.ListSignalTest-testRemove
Wed May 16 01:53:26 UTC 2018: Code found reactive.ListSource-add with reactive.ListSignalTest-testAdd
Wed May 16 01:53:27 UTC 2018: Linking done for kalecser__jpatchaca test class reactive.ListSignalTest
Wed May 16 01:53:27 UTC 2018: Found element on the queue
Wed May 16 01:53:27 UTC 2018: Updating status
Wed May 16 01:53:27 UTC 2018: Working
Wed May 16 01:53:30 UTC 2018: Start kalecser__jpatchaca test class reactive.AdapterTest
Wed May 16 01:53:30 UTC 2018: Setting lastTestMethodIndex: 55991
Wed May 16 01:53:30 UTC 2018: Starting linking
Wed May 16 01:53:30 UTC 2018: No link for: reactive.AdapterTest-testAdapter
Wed May 16 01:53:30 UTC 2018: Linking done for kalecser__jpatchaca test class reactive.AdapterTest
Wed May 16 01:53:30 UTC 2018: Found element on the queue
Wed May 16 01:53:30 UTC 2018: Updating status
Wed May 16 01:53:30 UTC 2018: Working
Wed May 16 01:53:33 UTC 2018: Start kalecser__jpatchaca test class reactive.ListRedirectorTest
Wed May 16 01:53:33 UTC 2018: Setting lastTestMethodIndex: 55995
Wed May 16 01:53:33 UTC 2018: Starting linking
Wed May 16 01:53:33 UTC 2018: Code found reactive.ListRedirector-redirect with reactive.ListRedirectorTest-testRedirectList
Wed May 16 01:53:33 UTC 2018: Linking done for kalecser__jpatchaca test class reactive.ListRedirectorTest
Wed May 16 01:53:34 UTC 2018: Found element on the queue
Wed May 16 01:53:34 UTC 2018: Updating status
Wed May 16 01:53:34 UTC 2018: Working
Wed May 16 01:53:34 UTC 2018: Create project parser
Wed May 16 01:53:36 UTC 2018: Start kalecser__jpatchaca test class commons.swing.SwingEventExecutionCheckerTest
Wed May 16 01:53:36 UTC 2018: Setting lastTestMethodIndex: 55997
Wed May 16 01:53:36 UTC 2018: Starting linking
Wed May 16 01:53:36 UTC 2018: No link for: commons.swing.SwingEventExecutionCheckerTest-testSwingManipulationDetector
Wed May 16 01:53:37 UTC 2018: Linking done for kalecser__jpatchaca test class commons.swing.SwingEventExecutionCheckerTest
Wed May 16 01:53:37 UTC 2018: Found element on the queue
Wed May 16 01:53:37 UTC 2018: Updating status
Wed May 16 01:53:37 UTC 2018: Working
Wed May 16 01:53:40 UTC 2018: Start kalecser__jpatchaca test class commons.swing.SwingManipulationDetectorTest
Wed May 16 01:53:40 UTC 2018: Setting lastTestMethodIndex: 56000
Wed May 16 01:53:40 UTC 2018: Starting linking
Wed May 16 01:53:40 UTC 2018: No link for: commons.swing.SwingManipulationDetectorTest-testSwingManipulationDetector
Wed May 16 01:53:40 UTC 2018: Linking done for kalecser__jpatchaca test class commons.swing.SwingManipulationDetectorTest
