Wed May 16 04:46:12 UTC 2018: Database:jdbc:mysql://localhost:3306/unittests
Wed May 16 04:46:12 UTC 2018: Starting
Wed May 16 04:46:13 UTC 2018: Found element on the queue
Wed May 16 04:46:13 UTC 2018: Updating status
Wed May 16 04:46:13 UTC 2018: Working
Wed May 16 04:46:13 UTC 2018: Create project parser
Wed May 16 04:46:26 UTC 2018: Create slicer
Wed May 16 04:46:28 UTC 2018: Create call graph
Wed May 16 04:46:32 UTC 2018: Create point analysis
Wed May 16 04:46:32 UTC 2018: Create call graph done
Wed May 16 04:46:32 UTC 2018: Start luochenUmich__Cake-Hbase test class org.apache.hadoop.hbase.TestCompoundConfiguration
Wed May 16 04:46:32 UTC 2018: Setting lastTestMethodIndex: 62134
Wed May 16 04:46:32 UTC 2018: Starting linking
Wed May 16 04:46:32 UTC 2018: No link for: org.apache.hadoop.hbase.TestCompoundConfiguration-testWithStringMap
Wed May 16 04:46:32 UTC 2018: None match not added in database because it already exists
Wed May 16 04:46:32 UTC 2018: No link for: org.apache.hadoop.hbase.TestCompoundConfiguration-testWithIbwMap
Wed May 16 04:46:32 UTC 2018: None match not added in database because it already exists
Wed May 16 04:46:32 UTC 2018: No link for: org.apache.hadoop.hbase.TestCompoundConfiguration-testBasicFunctionality
Wed May 16 04:46:33 UTC 2018: None match not added in database because it already exists
Wed May 16 04:46:33 UTC 2018: No link for: org.apache.hadoop.hbase.TestCompoundConfiguration-testLaterConfigsOverrideEarlier
Wed May 16 04:46:33 UTC 2018: None match not added in database because it already exists
Wed May 16 04:46:33 UTC 2018: No link for: org.apache.hadoop.hbase.TestCompoundConfiguration-testPut
Wed May 16 04:46:33 UTC 2018: None match not added in database because it already exists
Wed May 16 04:46:33 UTC 2018: No link for: org.apache.hadoop.hbase.TestCompoundConfiguration-testWithConfig
Wed May 16 04:46:34 UTC 2018: None match not added in database because it already exists
Wed May 16 04:46:34 UTC 2018: Linking done for luochenUmich__Cake-Hbase test class org.apache.hadoop.hbase.TestCompoundConfiguration
Wed May 16 04:46:34 UTC 2018: Found element on the queue
Wed May 16 04:46:34 UTC 2018: Updating status
Wed May 16 04:46:34 UTC 2018: Working
Wed May 16 04:46:36 UTC 2018: Start luochenUmich__Cake-Hbase test class org.apache.hadoop.hbase.TestChoreService
Wed May 16 04:46:36 UTC 2018: Setting lastTestMethodIndex: 62137
Wed May 16 04:46:36 UTC 2018: Starting linking
Wed May 16 04:46:36 UTC 2018: Linking done for luochenUmich__Cake-Hbase test class org.apache.hadoop.hbase.TestChoreService
Wed May 16 04:46:37 UTC 2018: Found element on the queue
Wed May 16 04:46:37 UTC 2018: Updating status
Wed May 16 04:46:37 UTC 2018: Working
Wed May 16 04:46:39 UTC 2018: Start luochenUmich__Cake-Hbase test class org.apache.hadoop.hbase.codec.TestCellCodec
Wed May 16 04:46:39 UTC 2018: Setting lastTestMethodIndex: 62139
Wed May 16 04:46:39 UTC 2018: Starting linking
Wed May 16 04:46:39 UTC 2018: No link for: org.apache.hadoop.hbase.codec.TestCellCodec-testEmptyWorks
Wed May 16 04:46:40 UTC 2018: None match not added in database because it already exists
Wed May 16 04:46:40 UTC 2018: No link for: org.apache.hadoop.hbase.codec.TestCellCodec-testThree
Wed May 16 04:46:40 UTC 2018: None match not added in database because it already exists
Wed May 16 04:46:40 UTC 2018: No link for: org.apache.hadoop.hbase.codec.TestCellCodec-testOne
Wed May 16 04:46:41 UTC 2018: None match not added in database because it already exists
Wed May 16 04:46:41 UTC 2018: Linking done for luochenUmich__Cake-Hbase test class org.apache.hadoop.hbase.codec.TestCellCodec
Wed May 16 04:46:41 UTC 2018: Found element on the queue
Wed May 16 04:46:41 UTC 2018: Updating status
Wed May 16 04:46:41 UTC 2018: Working
Wed May 16 04:46:43 UTC 2018: Start luochenUmich__Cake-Hbase test class org.apache.hadoop.hbase.codec.TestCellCodecWithTags
Wed May 16 04:46:43 UTC 2018: Setting lastTestMethodIndex: 62141
Wed May 16 04:46:43 UTC 2018: Starting linking
Wed May 16 04:46:43 UTC 2018: No link for: org.apache.hadoop.hbase.codec.TestCellCodecWithTags-testCellWithTag
Wed May 16 04:46:44 UTC 2018: None match not added in database because it already exists
Wed May 16 04:46:44 UTC 2018: Linking done for luochenUmich__Cake-Hbase test class org.apache.hadoop.hbase.codec.TestCellCodecWithTags
Wed May 16 04:46:44 UTC 2018: Found element on the queue
Wed May 16 04:46:44 UTC 2018: Updating status
Wed May 16 04:46:44 UTC 2018: Working
Wed May 16 04:46:46 UTC 2018: Start luochenUmich__Cake-Hbase test class org.apache.hadoop.hbase.codec.TestKeyValueCodecWithTags
Wed May 16 04:46:46 UTC 2018: Setting lastTestMethodIndex: 62143
Wed May 16 04:46:46 UTC 2018: Starting linking
Wed May 16 04:46:46 UTC 2018: No link for: org.apache.hadoop.hbase.codec.TestKeyValueCodecWithTags-testKeyValueWithTag
Wed May 16 04:46:47 UTC 2018: None match not added in database because it already exists
Wed May 16 04:46:47 UTC 2018: Linking done for luochenUmich__Cake-Hbase test class org.apache.hadoop.hbase.codec.TestKeyValueCodecWithTags
Wed May 16 04:46:47 UTC 2018: Found element on the queue
Wed May 16 04:46:47 UTC 2018: Updating status
Wed May 16 04:46:47 UTC 2018: Working
Wed May 16 04:46:49 UTC 2018: Start luochenUmich__Cake-Hbase test class org.apache.hadoop.hbase.codec.TestKeyValueCodec
Wed May 16 04:46:49 UTC 2018: Setting lastTestMethodIndex: 62144
Wed May 16 04:46:49 UTC 2018: Starting linking
Wed May 16 04:46:49 UTC 2018: No link for: org.apache.hadoop.hbase.codec.TestKeyValueCodec-testEmptyWorks
Wed May 16 04:46:50 UTC 2018: None match not added in database because it already exists
Wed May 16 04:46:50 UTC 2018: No link for: org.apache.hadoop.hbase.codec.TestKeyValueCodec-testThree
Wed May 16 04:46:50 UTC 2018: None match not added in database because it already exists
Wed May 16 04:46:50 UTC 2018: No link for: org.apache.hadoop.hbase.codec.TestKeyValueCodec-testOne
Wed May 16 04:46:50 UTC 2018: None match not added in database because it already exists
Wed May 16 04:46:50 UTC 2018: Linking done for luochenUmich__Cake-Hbase test class org.apache.hadoop.hbase.codec.TestKeyValueCodec
Wed May 16 04:46:51 UTC 2018: Found element on the queue
Wed May 16 04:46:51 UTC 2018: Updating status
Wed May 16 04:46:51 UTC 2018: Working
Wed May 16 04:46:53 UTC 2018: Start luochenUmich__Cake-Hbase test class org.apache.hadoop.hbase.io.TestByteBufferInputStream
Wed May 16 04:46:53 UTC 2018: Setting lastTestMethodIndex: 62146
Wed May 16 04:46:53 UTC 2018: Starting linking
Wed May 16 04:46:53 UTC 2018: Code found org.apache.hadoop.hbase.io.ByteBufferInputStream-read with org.apache.hadoop.hbase.io.TestByteBufferInputStream-testReads
Wed May 16 04:46:53 UTC 2018: Match not added in database because it already exists
Wed May 16 04:46:53 UTC 2018: Linking done for luochenUmich__Cake-Hbase test class org.apache.hadoop.hbase.io.TestByteBufferInputStream
Wed May 16 04:46:54 UTC 2018: Found element on the queue
Wed May 16 04:46:54 UTC 2018: Updating status
Wed May 16 04:46:54 UTC 2018: Working
Wed May 16 04:46:56 UTC 2018: Start luochenUmich__Cake-Hbase test class org.apache.hadoop.hbase.io.crypto.aes.TestAES
Wed May 16 04:46:56 UTC 2018: Setting lastTestMethodIndex: 62148
Wed May 16 04:46:56 UTC 2018: Starting linking
Wed May 16 04:46:56 UTC 2018: No link for: org.apache.hadoop.hbase.io.crypto.aes.TestAES-testAESAlgorithm
Wed May 16 04:46:56 UTC 2018: None match not added in database because it already exists
Wed May 16 04:46:56 UTC 2018: No link for: org.apache.hadoop.hbase.io.crypto.aes.TestAES-testAlternateRNG
Wed May 16 04:46:57 UTC 2018: None match not added in database because it already exists
Wed May 16 04:46:57 UTC 2018: Linking done for luochenUmich__Cake-Hbase test class org.apache.hadoop.hbase.io.crypto.aes.TestAES
Wed May 16 04:46:57 UTC 2018: Found element on the queue
Wed May 16 04:46:57 UTC 2018: Updating status
Wed May 16 04:46:57 UTC 2018: Working
Wed May 16 04:46:59 UTC 2018: Start luochenUmich__Cake-Hbase test class org.apache.hadoop.hbase.io.crypto.TestKeyStoreKeyProvider
Wed May 16 04:46:59 UTC 2018: Setting lastTestMethodIndex: 62150
Wed May 16 04:46:59 UTC 2018: Starting linking
Wed May 16 04:46:59 UTC 2018: No link for: org.apache.hadoop.hbase.io.crypto.TestKeyStoreKeyProvider-testKeyStoreKeyProviderWithPassword
Wed May 16 04:47:00 UTC 2018: None match not added in database because it already exists
Wed May 16 04:47:00 UTC 2018: No link for: org.apache.hadoop.hbase.io.crypto.TestKeyStoreKeyProvider-testKeyStoreKeyProviderWithPasswordFile
Wed May 16 04:47:00 UTC 2018: None match not added in database because it already exists
Wed May 16 04:47:00 UTC 2018: Linking done for luochenUmich__Cake-Hbase test class org.apache.hadoop.hbase.io.crypto.TestKeyStoreKeyProvider
Wed May 16 04:47:00 UTC 2018: Found element on the queue
Wed May 16 04:47:00 UTC 2018: Updating status
Wed May 16 04:47:00 UTC 2018: Working
Wed May 16 04:47:03 UTC 2018: Start luochenUmich__Cake-Hbase test class org.apache.hadoop.hbase.io.crypto.TestKeyProvider
Wed May 16 04:47:03 UTC 2018: Setting lastTestMethodIndex: 62151
Wed May 16 04:47:03 UTC 2018: Starting linking
Wed May 16 04:47:03 UTC 2018: No link for: org.apache.hadoop.hbase.io.crypto.TestKeyProvider-testTestProvider
Wed May 16 04:47:03 UTC 2018: None match not added in database because it already exists
Wed May 16 04:47:03 UTC 2018: Linking done for luochenUmich__Cake-Hbase test class org.apache.hadoop.hbase.io.crypto.TestKeyProvider
Wed May 16 04:47:03 UTC 2018: Found element on the queue
Wed May 16 04:47:03 UTC 2018: Updating status
Wed May 16 04:47:03 UTC 2018: Working
Wed May 16 04:47:06 UTC 2018: Start luochenUmich__Cake-Hbase test class org.apache.hadoop.hbase.io.crypto.TestCipherProvider
Wed May 16 04:47:06 UTC 2018: Setting lastTestMethodIndex: 62153
Wed May 16 04:47:06 UTC 2018: Starting linking
Wed May 16 04:47:06 UTC 2018: Linking done for luochenUmich__Cake-Hbase test class org.apache.hadoop.hbase.io.crypto.TestCipherProvider
Wed May 16 04:47:06 UTC 2018: Found element on the queue
Wed May 16 04:47:06 UTC 2018: Updating status
Wed May 16 04:47:06 UTC 2018: Working
Wed May 16 04:47:09 UTC 2018: Start luochenUmich__Cake-Hbase test class org.apache.hadoop.hbase.io.crypto.TestEncryption
Wed May 16 04:47:09 UTC 2018: Setting lastTestMethodIndex: 62155
Wed May 16 04:47:09 UTC 2018: Starting linking
Wed May 16 04:47:09 UTC 2018: No link for: org.apache.hadoop.hbase.io.crypto.TestEncryption-testTypicalHFileBlocks
Wed May 16 04:47:09 UTC 2018: None match not added in database because it already exists
Wed May 16 04:47:09 UTC 2018: No link for: org.apache.hadoop.hbase.io.crypto.TestEncryption-testLargeBlocks
Wed May 16 04:47:09 UTC 2018: None match not added in database because it already exists
Wed May 16 04:47:09 UTC 2018: No link for: org.apache.hadoop.hbase.io.crypto.TestEncryption-testSmallBlocks
Wed May 16 04:47:10 UTC 2018: None match not added in database because it already exists
Wed May 16 04:47:10 UTC 2018: No link for: org.apache.hadoop.hbase.io.crypto.TestEncryption-testOddSizedBlocks
Wed May 16 04:47:10 UTC 2018: None match not added in database because it already exists
Wed May 16 04:47:10 UTC 2018: Linking done for luochenUmich__Cake-Hbase test class org.apache.hadoop.hbase.io.crypto.TestEncryption
Wed May 16 04:47:10 UTC 2018: Found element on the queue
Wed May 16 04:47:10 UTC 2018: Updating status
Wed May 16 04:47:10 UTC 2018: Working
Wed May 16 04:47:13 UTC 2018: Start luochenUmich__Cake-Hbase test class org.apache.hadoop.hbase.io.TestTagCompressionContext
Wed May 16 04:47:13 UTC 2018: Setting lastTestMethodIndex: 62157
Wed May 16 04:47:13 UTC 2018: Starting linking
Wed May 16 04:47:13 UTC 2018: Code found org.apache.hadoop.hbase.io.TagCompressionContext-uncompressTags with org.apache.hadoop.hbase.io.TestTagCompressionContext-testCompressUncompressTags2
Wed May 16 04:47:13 UTC 2018: Match not added in database because it already exists
Wed May 16 04:47:13 UTC 2018: Code found org.apache.hadoop.hbase.io.TagCompressionContext-uncompressTags with org.apache.hadoop.hbase.io.TestTagCompressionContext-testCompressUncompressTags1
Wed May 16 04:47:13 UTC 2018: Match not added in database because it already exists
Wed May 16 04:47:13 UTC 2018: Linking done for luochenUmich__Cake-Hbase test class org.apache.hadoop.hbase.io.TestTagCompressionContext
Wed May 16 04:47:14 UTC 2018: Found element on the queue
Wed May 16 04:47:14 UTC 2018: Updating status
Wed May 16 04:47:14 UTC 2018: Working
Wed May 16 04:47:16 UTC 2018: Start luochenUmich__Cake-Hbase test class org.apache.hadoop.hbase.io.TestBoundedByteBufferPool
Wed May 16 04:47:16 UTC 2018: Setting lastTestMethodIndex: 62158
Wed May 16 04:47:16 UTC 2018: Starting linking
Wed May 16 04:47:16 UTC 2018: No link for: org.apache.hadoop.hbase.io.TestBoundedByteBufferPool-testEquivalence
Wed May 16 04:47:16 UTC 2018: None match not added in database because it already exists
Wed May 16 04:47:16 UTC 2018: No link for: org.apache.hadoop.hbase.io.TestBoundedByteBufferPool-testGetPut
Wed May 16 04:47:17 UTC 2018: None match not added in database because it already exists
Wed May 16 04:47:17 UTC 2018: No link for: org.apache.hadoop.hbase.io.TestBoundedByteBufferPool-testBufferSizeGrowWithMultiThread
Wed May 16 04:47:17 UTC 2018: None match not added in database because it already exists
Wed May 16 04:47:17 UTC 2018: Linking done for luochenUmich__Cake-Hbase test class org.apache.hadoop.hbase.io.TestBoundedByteBufferPool
Wed May 16 04:47:17 UTC 2018: Found element on the queue
Wed May 16 04:47:17 UTC 2018: Updating status
Wed May 16 04:47:17 UTC 2018: Working
Wed May 16 04:47:20 UTC 2018: Start luochenUmich__Cake-Hbase test class org.apache.hadoop.hbase.io.util.TestLRUDictionary
Wed May 16 04:47:20 UTC 2018: Setting lastTestMethodIndex: 62160
Wed May 16 04:47:20 UTC 2018: Starting linking
Wed May 16 04:47:20 UTC 2018: Code found org.apache.hadoop.hbase.io.util.LRUDictionary-addEntry with org.apache.hadoop.hbase.io.util.TestLRUDictionary-testPassingSameArrayToAddEntry
Wed May 16 04:47:20 UTC 2018: Match not added in database because it already exists
Wed May 16 04:47:20 UTC 2018: Code found org.apache.hadoop.hbase.io.util.LRUDictionary-findEntry with org.apache.hadoop.hbase.io.util.TestLRUDictionary-testPassingEmptyArrayToFindEntry
Wed May 16 04:47:21 UTC 2018: Match not added in database because it already exists
Wed May 16 04:47:21 UTC 2018: No link for: org.apache.hadoop.hbase.io.util.TestLRUDictionary-TestContainsNothing
Wed May 16 04:47:21 UTC 2018: None match not added in database because it already exists
Wed May 16 04:47:21 UTC 2018: No link for: org.apache.hadoop.hbase.io.util.TestLRUDictionary-TestLRUPolicy
Wed May 16 04:47:21 UTC 2018: None match not added in database because it already exists
Wed May 16 04:47:21 UTC 2018: No link for: org.apache.hadoop.hbase.io.util.TestLRUDictionary-testBasic
Wed May 16 04:47:22 UTC 2018: None match not added in database because it already exists
Wed May 16 04:47:22 UTC 2018: Linking done for luochenUmich__Cake-Hbase test class org.apache.hadoop.hbase.io.util.TestLRUDictionary
Wed May 16 04:47:22 UTC 2018: Found element on the queue
Wed May 16 04:47:22 UTC 2018: Updating status
Wed May 16 04:47:22 UTC 2018: Working
Wed May 16 04:47:24 UTC 2018: Start luochenUmich__Cake-Hbase test class org.apache.hadoop.hbase.TestCellUtil
Wed May 16 04:47:24 UTC 2018: Setting lastTestMethodIndex: 62162
Wed May 16 04:47:24 UTC 2018: Starting linking
Wed May 16 04:47:24 UTC 2018: Linking done for luochenUmich__Cake-Hbase test class org.apache.hadoop.hbase.TestCellUtil
Wed May 16 04:47:25 UTC 2018: Found element on the queue
Wed May 16 04:47:25 UTC 2018: Updating status
Wed May 16 04:47:25 UTC 2018: Working
Wed May 16 04:47:27 UTC 2018: Start luochenUmich__Cake-Hbase test class org.apache.hadoop.hbase.TestKeyValue
Wed May 16 04:47:27 UTC 2018: Setting lastTestMethodIndex: 62164
Wed May 16 04:47:27 UTC 2018: Starting linking
Wed May 16 04:47:27 UTC 2018: Linking done for luochenUmich__Cake-Hbase test class org.apache.hadoop.hbase.TestKeyValue
Wed May 16 04:47:28 UTC 2018: Found element on the queue
Wed May 16 04:47:28 UTC 2018: Updating status
Wed May 16 04:47:28 UTC 2018: Working
Wed May 16 04:47:30 UTC 2018: Start luochenUmich__Cake-Hbase test class org.apache.hadoop.hbase.TestClassFinder
Wed May 16 04:47:30 UTC 2018: Setting lastTestMethodIndex: 62165
Wed May 16 04:47:30 UTC 2018: Starting linking
Wed May 16 04:47:30 UTC 2018: No link for: org.apache.hadoop.hbase.TestClassFinder-testClassFinderFiltersByPathInDirs
Wed May 16 04:47:30 UTC 2018: None match not added in database because it already exists
Wed May 16 04:47:30 UTC 2018: No link for: org.apache.hadoop.hbase.TestClassFinder-testClassFinderFiltersByClassInDirs
Wed May 16 04:47:31 UTC 2018: None match not added in database because it already exists
Wed May 16 04:47:31 UTC 2018: No link for: org.apache.hadoop.hbase.TestClassFinder-testClassFinderCanFindClassesInJars
Wed May 16 04:47:31 UTC 2018: None match not added in database because it already exists
Wed May 16 04:47:31 UTC 2018: No link for: org.apache.hadoop.hbase.TestClassFinder-testClassFinderCanFindClassesInDirs
Wed May 16 04:47:31 UTC 2018: None match not added in database because it already exists
Wed May 16 04:47:31 UTC 2018: No link for: org.apache.hadoop.hbase.TestClassFinder-testClassFinderHandlesNestedPackages
Wed May 16 04:47:31 UTC 2018: None match not added in database because it already exists
Wed May 16 04:47:31 UTC 2018: No link for: org.apache.hadoop.hbase.TestClassFinder-testClassFinderFiltersByPathInJar
Wed May 16 04:47:32 UTC 2018: None match not added in database because it already exists
Wed May 16 04:47:32 UTC 2018: No link for: org.apache.hadoop.hbase.TestClassFinder-testClassFinderFiltersByNameInJar
Wed May 16 04:47:32 UTC 2018: None match not added in database because it already exists
Wed May 16 04:47:32 UTC 2018: No link for: org.apache.hadoop.hbase.TestClassFinder-testClassFinderFiltersByClassInJar
Wed May 16 04:47:32 UTC 2018: None match not added in database because it already exists
Wed May 16 04:47:32 UTC 2018: No link for: org.apache.hadoop.hbase.TestClassFinder-testClassFinderDefaultsToOwnPackage
Wed May 16 04:47:33 UTC 2018: None match not added in database because it already exists
Wed May 16 04:47:33 UTC 2018: No link for: org.apache.hadoop.hbase.TestClassFinder-testClassFinderHandlesConflicts
Wed May 16 04:47:33 UTC 2018: None match not added in database because it already exists
Wed May 16 04:47:33 UTC 2018: No link for: org.apache.hadoop.hbase.TestClassFinder-testClassFinderFiltersByNameInDirs
Wed May 16 04:47:33 UTC 2018: None match not added in database because it already exists
Wed May 16 04:47:33 UTC 2018: Linking done for luochenUmich__Cake-Hbase test class org.apache.hadoop.hbase.TestClassFinder
Wed May 16 04:47:34 UTC 2018: Found element on the queue
Wed May 16 04:47:34 UTC 2018: Updating status
Wed May 16 04:47:34 UTC 2018: Working
Wed May 16 04:47:36 UTC 2018: Start luochenUmich__Cake-Hbase test class org.apache.hadoop.hbase.TestCellComparator
Wed May 16 04:47:36 UTC 2018: Setting lastTestMethodIndex: 62166
Wed May 16 04:47:36 UTC 2018: Starting linking
Wed May 16 04:47:36 UTC 2018: Code found org.apache.hadoop.hbase.CellComparator-compare with org.apache.hadoop.hbase.TestCellComparator-testCompareCells
Wed May 16 04:47:37 UTC 2018: Match not added in database because it already exists
Wed May 16 04:47:37 UTC 2018: No link for: org.apache.hadoop.hbase.TestCellComparator-testGetShortMidpoint
Wed May 16 04:47:37 UTC 2018: None match not added in database because it already exists
Wed May 16 04:47:37 UTC 2018: Linking done for luochenUmich__Cake-Hbase test class org.apache.hadoop.hbase.TestCellComparator
Wed May 16 04:47:38 UTC 2018: Found element on the queue
Wed May 16 04:47:38 UTC 2018: Updating status
Wed May 16 04:47:38 UTC 2018: Working
Wed May 16 04:47:40 UTC 2018: Start luochenUmich__Cake-Hbase test class org.apache.hadoop.hbase.TestHBaseConfiguration
Wed May 16 04:47:40 UTC 2018: Setting lastTestMethodIndex: 62167
Wed May 16 04:47:40 UTC 2018: Starting linking
Wed May 16 04:47:40 UTC 2018: Code found org.apache.hadoop.hbase.HBaseConfiguration-getInt with org.apache.hadoop.hbase.TestHBaseConfiguration-testGetIntDeprecated
Wed May 16 04:47:40 UTC 2018: Match not added in database because it already exists
Wed May 16 04:47:40 UTC 2018: Code found org.apache.hadoop.hbase.HBaseConfiguration-getPassword with org.apache.hadoop.hbase.TestHBaseConfiguration-testGetPassword
Wed May 16 04:47:41 UTC 2018: Match not added in database because it already exists
Wed May 16 04:47:41 UTC 2018: Linking done for luochenUmich__Cake-Hbase test class org.apache.hadoop.hbase.TestHBaseConfiguration
Wed May 16 04:47:41 UTC 2018: Found element on the queue
Wed May 16 04:47:41 UTC 2018: Updating status
Wed May 16 04:47:41 UTC 2018: Working
Wed May 16 04:47:44 UTC 2018: Start luochenUmich__Cake-Hbase test class org.apache.hadoop.hbase.util.TestKeyLocker
Wed May 16 04:47:44 UTC 2018: Setting lastTestMethodIndex: 62169
Wed May 16 04:47:44 UTC 2018: Starting linking
Wed May 16 04:47:44 UTC 2018: No link for: org.apache.hadoop.hbase.util.TestKeyLocker-testLocker
Wed May 16 04:47:44 UTC 2018: None match not added in database because it already exists
Wed May 16 04:47:44 UTC 2018: Linking done for luochenUmich__Cake-Hbase test class org.apache.hadoop.hbase.util.TestKeyLocker
Wed May 16 04:47:45 UTC 2018: Found element on the queue
Wed May 16 04:47:45 UTC 2018: Updating status
Wed May 16 04:47:45 UTC 2018: Working
Wed May 16 04:47:47 UTC 2018: Start luochenUmich__Cake-Hbase test class org.apache.hadoop.hbase.util.TestCounter
Wed May 16 04:47:47 UTC 2018: Setting lastTestMethodIndex: 62170
Wed May 16 04:47:47 UTC 2018: Starting linking
Wed May 16 04:47:47 UTC 2018: Linking done for luochenUmich__Cake-Hbase test class org.apache.hadoop.hbase.util.TestCounter
Wed May 16 04:47:48 UTC 2018: Found element on the queue
Wed May 16 04:47:48 UTC 2018: Updating status
Wed May 16 04:47:48 UTC 2018: Working
Wed May 16 04:47:50 UTC 2018: Start luochenUmich__Cake-Hbase test class org.apache.hadoop.hbase.util.TestCoprocessorClassLoader
Wed May 16 04:47:50 UTC 2018: Setting lastTestMethodIndex: 62171
Wed May 16 04:47:50 UTC 2018: Starting linking
Wed May 16 04:47:50 UTC 2018: No link for: org.apache.hadoop.hbase.util.TestCoprocessorClassLoader-testRelativeLibJarName
Wed May 16 04:47:51 UTC 2018: None match not added in database because it already exists
Wed May 16 04:47:51 UTC 2018: No link for: org.apache.hadoop.hbase.util.TestCoprocessorClassLoader-testCleanupOldJars
Wed May 16 04:47:51 UTC 2018: None match not added in database because it already exists
Wed May 16 04:47:51 UTC 2018: No link for: org.apache.hadoop.hbase.util.TestCoprocessorClassLoader-testLibJarName
Wed May 16 04:47:51 UTC 2018: None match not added in database because it already exists
Wed May 16 04:47:51 UTC 2018: Linking done for luochenUmich__Cake-Hbase test class org.apache.hadoop.hbase.util.TestCoprocessorClassLoader
Wed May 16 04:47:52 UTC 2018: Found element on the queue
Wed May 16 04:47:52 UTC 2018: Updating status
Wed May 16 04:47:52 UTC 2018: Working
Wed May 16 04:47:54 UTC 2018: Start luochenUmich__Cake-Hbase test class org.apache.hadoop.hbase.util.TestLoadTestKVGenerator
Wed May 16 04:47:54 UTC 2018: Setting lastTestMethodIndex: 62172
Wed May 16 04:47:54 UTC 2018: Starting linking
Wed May 16 04:47:54 UTC 2018: No link for: org.apache.hadoop.hbase.util.TestLoadTestKVGenerator-testVerification
Wed May 16 04:47:55 UTC 2018: None match not added in database because it already exists
Wed May 16 04:47:55 UTC 2018: No link for: org.apache.hadoop.hbase.util.TestLoadTestKVGenerator-testCorrectAndUniqueKeys
Wed May 16 04:47:55 UTC 2018: None match not added in database because it already exists
Wed May 16 04:47:55 UTC 2018: No link for: org.apache.hadoop.hbase.util.TestLoadTestKVGenerator-testValueLength
Wed May 16 04:47:55 UTC 2018: None match not added in database because it already exists
Wed May 16 04:47:55 UTC 2018: Linking done for luochenUmich__Cake-Hbase test class org.apache.hadoop.hbase.util.TestLoadTestKVGenerator
Wed May 16 04:47:56 UTC 2018: Found element on the queue
Wed May 16 04:47:56 UTC 2018: Updating status
Wed May 16 04:47:56 UTC 2018: Working
Wed May 16 04:47:58 UTC 2018: Start luochenUmich__Cake-Hbase test class org.apache.hadoop.hbase.util.TestShowProperties
Wed May 16 04:47:58 UTC 2018: Setting lastTestMethodIndex: 62173
Wed May 16 04:47:58 UTC 2018: Starting linking
Wed May 16 04:47:58 UTC 2018: No link for: org.apache.hadoop.hbase.util.TestShowProperties-testShowProperty
Wed May 16 04:47:58 UTC 2018: None match not added in database because it already exists
Wed May 16 04:47:58 UTC 2018: Linking done for luochenUmich__Cake-Hbase test class org.apache.hadoop.hbase.util.TestShowProperties
Wed May 16 04:47:59 UTC 2018: Found element on the queue
Wed May 16 04:47:59 UTC 2018: Updating status
Wed May 16 04:47:59 UTC 2018: Working
Wed May 16 04:47:59 UTC 2018: Create project parser
Wed May 16 04:48:01 UTC 2018: Start luochenUmich__Cake-Hbase test class org.apache.hadoop.hbase.TestCompatibilitySingletonFactory
Wed May 16 04:48:01 UTC 2018: Setting lastTestMethodIndex: 62176
Wed May 16 04:48:01 UTC 2018: Starting linking
Wed May 16 04:48:01 UTC 2018: Linking done for luochenUmich__Cake-Hbase test class org.apache.hadoop.hbase.TestCompatibilitySingletonFactory
Wed May 16 04:48:02 UTC 2018: Found element on the queue
Wed May 16 04:48:02 UTC 2018: Updating status
Wed May 16 04:48:02 UTC 2018: Working
Wed May 16 04:48:04 UTC 2018: Start luochenUmich__Cake-Hbase test class org.apache.hadoop.hbase.rest.TestMetricsRESTSource
Wed May 16 04:48:04 UTC 2018: Setting lastTestMethodIndex: 62177
Wed May 16 04:48:04 UTC 2018: Starting linking
Wed May 16 04:48:04 UTC 2018: Code found org.apache.hadoop.hbase.CompatibilitySingletonFactory-getInstance with org.apache.hadoop.hbase.rest.TestMetricsRESTSource-testGetInstanceNoHadoopCompat
Wed May 16 04:48:04 UTC 2018: Match not added in database because it already exists
Wed May 16 04:48:04 UTC 2018: Linking done for luochenUmich__Cake-Hbase test class org.apache.hadoop.hbase.rest.TestMetricsRESTSource
Wed May 16 04:48:05 UTC 2018: Found element on the queue
Wed May 16 04:48:05 UTC 2018: Updating status
Wed May 16 04:48:05 UTC 2018: Working
Wed May 16 04:48:07 UTC 2018: Start luochenUmich__Cake-Hbase test class org.apache.hadoop.hbase.replication.regionserver.TestMetricsReplicationSourceFactory
Wed May 16 04:48:07 UTC 2018: Setting lastTestMethodIndex: 62180
Wed May 16 04:48:07 UTC 2018: Starting linking
Wed May 16 04:48:07 UTC 2018: Code found org.apache.hadoop.hbase.CompatibilitySingletonFactory-getInstance with org.apache.hadoop.hbase.replication.regionserver.TestMetricsReplicationSourceFactory-testGetInstanceNoHadoopCompat
Wed May 16 04:48:08 UTC 2018: Match not added in database because it already exists
Wed May 16 04:48:08 UTC 2018: Linking done for luochenUmich__Cake-Hbase test class org.apache.hadoop.hbase.replication.regionserver.TestMetricsReplicationSourceFactory
Wed May 16 04:48:08 UTC 2018: Found element on the queue
Wed May 16 04:48:08 UTC 2018: Updating status
Wed May 16 04:48:08 UTC 2018: Working
Wed May 16 04:48:10 UTC 2018: Start luochenUmich__Cake-Hbase test class org.apache.hadoop.hbase.regionserver.TestMetricsRegionServerSourceFactory
Wed May 16 04:48:10 UTC 2018: Setting lastTestMethodIndex: 62182
Wed May 16 04:48:10 UTC 2018: Starting linking
Wed May 16 04:48:10 UTC 2018: Code found org.apache.hadoop.hbase.CompatibilitySingletonFactory-getInstance with org.apache.hadoop.hbase.regionserver.TestMetricsRegionServerSourceFactory-testGetInstanceNoHadoopCompat
Wed May 16 04:48:11 UTC 2018: Match not added in database because it already exists
Wed May 16 04:48:11 UTC 2018: Linking done for luochenUmich__Cake-Hbase test class org.apache.hadoop.hbase.regionserver.TestMetricsRegionServerSourceFactory
Wed May 16 04:48:11 UTC 2018: Found element on the queue
Wed May 16 04:48:11 UTC 2018: Updating status
Wed May 16 04:48:11 UTC 2018: Working
Wed May 16 04:48:14 UTC 2018: Start luochenUmich__Cake-Hbase test class org.apache.hadoop.hbase.regionserver.wal.TestMetricsWALSource
Wed May 16 04:48:14 UTC 2018: Setting lastTestMethodIndex: 62183
Wed May 16 04:48:14 UTC 2018: Starting linking
Wed May 16 04:48:14 UTC 2018: Code found org.apache.hadoop.hbase.CompatibilitySingletonFactory-getInstance with org.apache.hadoop.hbase.regionserver.wal.TestMetricsWALSource-testGetInstanceNoHadoopCompat
Wed May 16 04:48:14 UTC 2018: Match not added in database because it already exists
Wed May 16 04:48:14 UTC 2018: Linking done for luochenUmich__Cake-Hbase test class org.apache.hadoop.hbase.regionserver.wal.TestMetricsWALSource
Wed May 16 04:48:14 UTC 2018: Found element on the queue
Wed May 16 04:48:14 UTC 2018: Updating status
Wed May 16 04:48:14 UTC 2018: Working
Wed May 16 04:48:17 UTC 2018: Start luochenUmich__Cake-Hbase test class org.apache.hadoop.hbase.thrift.TestMetricsThriftServerSourceFactory
Wed May 16 04:48:17 UTC 2018: Setting lastTestMethodIndex: 62186
Wed May 16 04:48:17 UTC 2018: Starting linking
Wed May 16 04:48:17 UTC 2018: Code found org.apache.hadoop.hbase.CompatibilitySingletonFactory-getInstance with org.apache.hadoop.hbase.thrift.TestMetricsThriftServerSourceFactory-testGetInstanceNoHadoopCompat
Wed May 16 04:48:17 UTC 2018: Match not added in database because it already exists
Wed May 16 04:48:17 UTC 2018: Linking done for luochenUmich__Cake-Hbase test class org.apache.hadoop.hbase.thrift.TestMetricsThriftServerSourceFactory
Wed May 16 04:48:17 UTC 2018: Found element on the queue
Wed May 16 04:48:17 UTC 2018: Updating status
Wed May 16 04:48:17 UTC 2018: Working
Wed May 16 04:48:20 UTC 2018: Start luochenUmich__Cake-Hbase test class org.apache.hadoop.hbase.master.TestMetricsMasterSourceFactory
Wed May 16 04:48:20 UTC 2018: Setting lastTestMethodIndex: 62188
Wed May 16 04:48:20 UTC 2018: Starting linking
Wed May 16 04:48:20 UTC 2018: Code found org.apache.hadoop.hbase.CompatibilitySingletonFactory-getInstance with org.apache.hadoop.hbase.master.TestMetricsMasterSourceFactory-testGetInstanceNoHadoopCompat
Wed May 16 04:48:20 UTC 2018: Match not added in database because it already exists
Wed May 16 04:48:20 UTC 2018: Linking done for luochenUmich__Cake-Hbase test class org.apache.hadoop.hbase.master.TestMetricsMasterSourceFactory
Wed May 16 04:48:20 UTC 2018: Found element on the queue
Wed May 16 04:48:20 UTC 2018: Updating status
Wed May 16 04:48:20 UTC 2018: Working
Wed May 16 04:48:20 UTC 2018: Create project parser
Wed May 16 04:48:23 UTC 2018: Start luochenUmich__Cake-Hbase test class org.apache.hadoop.hbase.metrics.TestBaseSourceImpl
Wed May 16 04:48:23 UTC 2018: Setting lastTestMethodIndex: 62189
Wed May 16 04:48:23 UTC 2018: Starting linking
Wed May 16 04:48:23 UTC 2018: Code found org.apache.hadoop.hbase.metrics.BaseSourceImpl-decGauge with org.apache.hadoop.hbase.metrics.TestBaseSourceImpl-testDecGauge
Wed May 16 04:48:24 UTC 2018: Match not added in database because it already exists
Wed May 16 04:48:24 UTC 2018: Code found org.apache.hadoop.hbase.metrics.BaseSourceImpl-incCounters with org.apache.hadoop.hbase.metrics.TestBaseSourceImpl-testIncCounters
Wed May 16 04:48:24 UTC 2018: Match not added in database because it already exists
Wed May 16 04:48:24 UTC 2018: Code found org.apache.hadoop.hbase.metrics.BaseSourceImpl-incGauge with org.apache.hadoop.hbase.metrics.TestBaseSourceImpl-testIncGauge
Wed May 16 04:48:24 UTC 2018: Match not added in database because it already exists
Wed May 16 04:48:24 UTC 2018: Code found org.apache.hadoop.hbase.metrics.BaseSourceImpl-setGauge with org.apache.hadoop.hbase.metrics.TestBaseSourceImpl-testSetGauge
Wed May 16 04:48:25 UTC 2018: Match not added in database because it already exists
Wed May 16 04:48:25 UTC 2018: Code found org.apache.hadoop.hbase.metrics.BaseSourceImpl-removeMetric with org.apache.hadoop.hbase.metrics.TestBaseSourceImpl-testRemoveMetric
Wed May 16 04:48:25 UTC 2018: Match not added in database because it already exists
Wed May 16 04:48:25 UTC 2018: Linking done for luochenUmich__Cake-Hbase test class org.apache.hadoop.hbase.metrics.TestBaseSourceImpl
Wed May 16 04:48:25 UTC 2018: Found element on the queue
Wed May 16 04:48:25 UTC 2018: Updating status
Wed May 16 04:48:25 UTC 2018: Working
Wed May 16 04:48:28 UTC 2018: Start luochenUmich__Cake-Hbase test class org.apache.hadoop.hbase.rest.TestMetricsRESTSourceImpl
Wed May 16 04:48:28 UTC 2018: Setting lastTestMethodIndex: 62191
Wed May 16 04:48:28 UTC 2018: Starting linking
Wed May 16 04:48:28 UTC 2018: No link for: org.apache.hadoop.hbase.rest.TestMetricsRESTSourceImpl-ensureCompatRegistered
Wed May 16 04:48:28 UTC 2018: None match not added in database because it already exists
Wed May 16 04:48:28 UTC 2018: Linking done for luochenUmich__Cake-Hbase test class org.apache.hadoop.hbase.rest.TestMetricsRESTSourceImpl
Wed May 16 04:48:28 UTC 2018: Found element on the queue
Wed May 16 04:48:28 UTC 2018: Updating status
Wed May 16 04:48:28 UTC 2018: Working
Wed May 16 04:48:31 UTC 2018: Start luochenUmich__Cake-Hbase test class org.apache.hadoop.hbase.replication.regionserver.TestMetricsReplicationSourceImpl
Wed May 16 04:48:31 UTC 2018: Setting lastTestMethodIndex: 62192
Wed May 16 04:48:31 UTC 2018: Starting linking
Wed May 16 04:48:31 UTC 2018: No link for: org.apache.hadoop.hbase.replication.regionserver.TestMetricsReplicationSourceImpl-testGetInstance
Wed May 16 04:48:31 UTC 2018: None match not added in database because it already exists
Wed May 16 04:48:31 UTC 2018: Linking done for luochenUmich__Cake-Hbase test class org.apache.hadoop.hbase.replication.regionserver.TestMetricsReplicationSourceImpl
Wed May 16 04:48:31 UTC 2018: Found element on the queue
Wed May 16 04:48:31 UTC 2018: Updating status
Wed May 16 04:48:31 UTC 2018: Working
Wed May 16 04:48:34 UTC 2018: Start luochenUmich__Cake-Hbase test class org.apache.hadoop.hbase.replication.regionserver.TestMetricsReplicationSourceFactoryImpl
Wed May 16 04:48:34 UTC 2018: Setting lastTestMethodIndex: 62193
Wed May 16 04:48:34 UTC 2018: Starting linking
Wed May 16 04:48:34 UTC 2018: No link for: org.apache.hadoop.hbase.replication.regionserver.TestMetricsReplicationSourceFactoryImpl-testGetInstance
Wed May 16 04:48:34 UTC 2018: None match not added in database because it already exists
Wed May 16 04:48:34 UTC 2018: Linking done for luochenUmich__Cake-Hbase test class org.apache.hadoop.hbase.replication.regionserver.TestMetricsReplicationSourceFactoryImpl
Wed May 16 04:48:34 UTC 2018: Found element on the queue
Wed May 16 04:48:34 UTC 2018: Updating status
Wed May 16 04:48:34 UTC 2018: Working
Wed May 16 04:48:37 UTC 2018: Start luochenUmich__Cake-Hbase test class org.apache.hadoop.hbase.regionserver.TestMetricsRegionServerSourceImpl
Wed May 16 04:48:37 UTC 2018: Setting lastTestMethodIndex: 62195
Wed May 16 04:48:37 UTC 2018: Starting linking
Wed May 16 04:48:37 UTC 2018: No link for: org.apache.hadoop.hbase.regionserver.TestMetricsRegionServerSourceImpl-testGetInstance
Wed May 16 04:48:38 UTC 2018: None match not added in database because it already exists
Wed May 16 04:48:38 UTC 2018: No link for: org.apache.hadoop.hbase.regionserver.TestMetricsRegionServerSourceImpl-testNoGetRegionServerMetricsSourceImpl
Wed May 16 04:48:38 UTC 2018: None match not added in database because it already exists
Wed May 16 04:48:38 UTC 2018: Linking done for luochenUmich__Cake-Hbase test class org.apache.hadoop.hbase.regionserver.TestMetricsRegionServerSourceImpl
Wed May 16 04:48:38 UTC 2018: Found element on the queue
Wed May 16 04:48:38 UTC 2018: Updating status
Wed May 16 04:48:38 UTC 2018: Working
Wed May 16 04:48:41 UTC 2018: Start luochenUmich__Cake-Hbase test class org.apache.hadoop.hbase.regionserver.TestMetricsRegionSourceImpl
Wed May 16 04:48:41 UTC 2018: Setting lastTestMethodIndex: 62198
Wed May 16 04:48:41 UTC 2018: Starting linking
Wed May 16 04:48:41 UTC 2018: No link for: org.apache.hadoop.hbase.regionserver.TestMetricsRegionSourceImpl-testNoGetRegionServerMetricsSourceImpl
Wed May 16 04:48:41 UTC 2018: None match not added in database because it already exists
Wed May 16 04:48:41 UTC 2018: No link for: org.apache.hadoop.hbase.regionserver.TestMetricsRegionSourceImpl-testCompareToHashCodeEquals
Wed May 16 04:48:42 UTC 2018: None match not added in database because it already exists
Wed May 16 04:48:42 UTC 2018: Linking done for luochenUmich__Cake-Hbase test class org.apache.hadoop.hbase.regionserver.TestMetricsRegionSourceImpl
Wed May 16 04:48:43 UTC 2018: Found element on the queue
Wed May 16 04:48:43 UTC 2018: Updating status
Wed May 16 04:48:43 UTC 2018: Working
Wed May 16 04:48:45 UTC 2018: Start luochenUmich__Cake-Hbase test class org.apache.hadoop.hbase.regionserver.wal.TestMetricsWALSourceImpl
Wed May 16 04:48:45 UTC 2018: Setting lastTestMethodIndex: 62200
Wed May 16 04:48:45 UTC 2018: Starting linking
Wed May 16 04:48:45 UTC 2018: No link for: org.apache.hadoop.hbase.regionserver.wal.TestMetricsWALSourceImpl-testGetInstance
Wed May 16 04:48:46 UTC 2018: None match not added in database because it already exists
Wed May 16 04:48:46 UTC 2018: Linking done for luochenUmich__Cake-Hbase test class org.apache.hadoop.hbase.regionserver.wal.TestMetricsWALSourceImpl
Wed May 16 04:48:46 UTC 2018: Found element on the queue
Wed May 16 04:48:46 UTC 2018: Updating status
Wed May 16 04:48:46 UTC 2018: Working
Wed May 16 04:48:48 UTC 2018: Start luochenUmich__Cake-Hbase test class org.apache.hadoop.hbase.thrift.TestMetricsThriftServerSourceFactoryImpl
Wed May 16 04:48:49 UTC 2018: Setting lastTestMethodIndex: 62202
Wed May 16 04:48:49 UTC 2018: Starting linking
Wed May 16 04:48:49 UTC 2018: Code found org.apache.hadoop.hbase.thrift.MetricsThriftServerSourceFactoryImpl-createThriftOneSource with org.apache.hadoop.hbase.thrift.TestMetricsThriftServerSourceFactoryImpl-testCreateThriftOneSource
Wed May 16 04:48:49 UTC 2018: Match not added in database because it already exists
Wed May 16 04:48:49 UTC 2018: Code found org.apache.hadoop.hbase.thrift.MetricsThriftServerSourceFactoryImpl-createThriftTwoSource with org.apache.hadoop.hbase.thrift.TestMetricsThriftServerSourceFactoryImpl-testCreateThriftTwoSource
Wed May 16 04:48:49 UTC 2018: Match not added in database because it already exists
Wed May 16 04:48:49 UTC 2018: No link for: org.apache.hadoop.hbase.thrift.TestMetricsThriftServerSourceFactoryImpl-testCompatabilityRegistered
Wed May 16 04:48:50 UTC 2018: None match not added in database because it already exists
Wed May 16 04:48:50 UTC 2018: Linking done for luochenUmich__Cake-Hbase test class org.apache.hadoop.hbase.thrift.TestMetricsThriftServerSourceFactoryImpl
Wed May 16 04:48:50 UTC 2018: Found element on the queue
Wed May 16 04:48:50 UTC 2018: Updating status
Wed May 16 04:48:50 UTC 2018: Working
Wed May 16 04:48:52 UTC 2018: Start luochenUmich__Cake-Hbase test class org.apache.hadoop.hbase.master.TestMetricsMasterSourceImpl
Wed May 16 04:48:52 UTC 2018: Setting lastTestMethodIndex: 62204
Wed May 16 04:48:52 UTC 2018: Starting linking
Wed May 16 04:48:52 UTC 2018: No link for: org.apache.hadoop.hbase.master.TestMetricsMasterSourceImpl-testGetInstance
Wed May 16 04:48:53 UTC 2018: None match not added in database because it already exists
Wed May 16 04:48:53 UTC 2018: Linking done for luochenUmich__Cake-Hbase test class org.apache.hadoop.hbase.master.TestMetricsMasterSourceImpl
