Wed May 16 04:50:06 UTC 2018: Database:jdbc:mysql://localhost:3306/unittests
Wed May 16 04:50:06 UTC 2018: Starting
Wed May 16 04:50:07 UTC 2018: Found element on the queue
Wed May 16 04:50:07 UTC 2018: Updating status
Wed May 16 04:50:07 UTC 2018: Working
Wed May 16 04:50:07 UTC 2018: Create project parser
Wed May 16 04:50:12 UTC 2018: Create slicer
Wed May 16 04:50:15 UTC 2018: Create call graph
Wed May 16 04:50:56 UTC 2018: Create point analysis
Wed May 16 04:50:56 UTC 2018: Create call graph done
Wed May 16 04:50:56 UTC 2018: Start mabrek__jetty test class org.eclipse.jetty.ajp.TestAjpParser
Wed May 16 04:50:56 UTC 2018: Setting lastTestMethodIndex: 62255
Wed May 16 04:50:56 UTC 2018: Starting linking
Wed May 16 04:50:56 UTC 2018: No link for: org.eclipse.jetty.ajp.TestAjpParser-testPacket2
Wed May 16 04:50:57 UTC 2018: No link for: org.eclipse.jetty.ajp.TestAjpParser-testPacket1
Wed May 16 04:50:57 UTC 2018: No link for: org.eclipse.jetty.ajp.TestAjpParser-testPacket3
Wed May 16 04:50:58 UTC 2018: No link for: org.eclipse.jetty.ajp.TestAjpParser-testSSLPacketFragment
Wed May 16 04:50:58 UTC 2018: No link for: org.eclipse.jetty.ajp.TestAjpParser-testPacketFragment
Wed May 16 04:50:58 UTC 2018: No link for: org.eclipse.jetty.ajp.TestAjpParser-testPacketFragmentWithBody
Wed May 16 04:50:59 UTC 2018: No link for: org.eclipse.jetty.ajp.TestAjpParser-testSSLPacketWithStringKeySize
Wed May 16 04:50:59 UTC 2018: No link for: org.eclipse.jetty.ajp.TestAjpParser-testPacketWithChunkedBody
Wed May 16 04:51:00 UTC 2018: No link for: org.eclipse.jetty.ajp.TestAjpParser-testSSLPacketWithIntegerKeySize
Wed May 16 04:51:00 UTC 2018: No link for: org.eclipse.jetty.ajp.TestAjpParser-testPacketWithBody
Wed May 16 04:51:00 UTC 2018: Linking done for mabrek__jetty test class org.eclipse.jetty.ajp.TestAjpParser
Wed May 16 04:51:01 UTC 2018: Found element on the queue
Wed May 16 04:51:01 UTC 2018: Updating status
Wed May 16 04:51:01 UTC 2018: Working
Wed May 16 04:51:01 UTC 2018: Create project parser
Wed May 16 04:51:04 UTC 2018: Start mabrek__jetty test class org.eclipse.jetty.annotations.resources.TestResourceAnnotations
Wed May 16 04:51:04 UTC 2018: Setting lastTestMethodIndex: 62258
Wed May 16 04:51:04 UTC 2018: Starting linking
Wed May 16 04:51:04 UTC 2018: No link for: org.eclipse.jetty.annotations.resources.TestResourceAnnotations-testResourceAnnotations
Wed May 16 04:51:05 UTC 2018: No link for: org.eclipse.jetty.annotations.resources.TestResourceAnnotations-testResourcesAnnotation
Wed May 16 04:51:05 UTC 2018: Linking done for mabrek__jetty test class org.eclipse.jetty.annotations.resources.TestResourceAnnotations
Wed May 16 04:51:05 UTC 2018: Found element on the queue
Wed May 16 04:51:05 UTC 2018: Updating status
Wed May 16 04:51:05 UTC 2018: Working
Wed May 16 04:51:08 UTC 2018: Start mabrek__jetty test class org.eclipse.jetty.annotations.TestAnnotationInheritance
Wed May 16 04:51:08 UTC 2018: Setting lastTestMethodIndex: 62261
Wed May 16 04:51:08 UTC 2018: Starting linking
Wed May 16 04:51:08 UTC 2018: Linking done for mabrek__jetty test class org.eclipse.jetty.annotations.TestAnnotationInheritance
Wed May 16 04:51:08 UTC 2018: Found element on the queue
Wed May 16 04:51:08 UTC 2018: Updating status
Wed May 16 04:51:08 UTC 2018: Working
Wed May 16 04:51:10 UTC 2018: Start mabrek__jetty test class org.eclipse.jetty.annotations.TestServletAnnotations
Wed May 16 04:51:10 UTC 2018: Setting lastTestMethodIndex: 62263
Wed May 16 04:51:10 UTC 2018: Starting linking
Wed May 16 04:51:10 UTC 2018: No link for: org.eclipse.jetty.annotations.TestServletAnnotations-testDeclareRoles
Wed May 16 04:51:11 UTC 2018: Linking done for mabrek__jetty test class org.eclipse.jetty.annotations.TestServletAnnotations
Wed May 16 04:51:11 UTC 2018: Found element on the queue
Wed May 16 04:51:11 UTC 2018: Updating status
Wed May 16 04:51:11 UTC 2018: Working
Wed May 16 04:51:11 UTC 2018: Create project parser
Wed May 16 04:51:15 UTC 2018: Start mabrek__jetty test class org.eclipse.jetty.client.ConnectionTest
Wed May 16 04:51:15 UTC 2018: Setting lastTestMethodIndex: 62265
Wed May 16 04:51:15 UTC 2018: Starting linking
Wed May 16 04:51:15 UTC 2018: No link for: org.eclipse.jetty.client.ConnectionTest-testMultipleConnectionsFailed
Wed May 16 04:51:15 UTC 2018: No link for: org.eclipse.jetty.client.ConnectionTest-testServerClosedConnection
Wed May 16 04:51:16 UTC 2018: No link for: org.eclipse.jetty.client.ConnectionTest-testIdleConnection
Wed May 16 04:51:16 UTC 2018: No link for: org.eclipse.jetty.client.ConnectionTest-testConnectionTimeoutWithSocketConnector
Wed May 16 04:51:17 UTC 2018: No link for: org.eclipse.jetty.client.ConnectionTest-testConnectionTimeoutWithSelectConnector
Wed May 16 04:51:17 UTC 2018: No link for: org.eclipse.jetty.client.ConnectionTest-testConnectionFailed
Wed May 16 04:51:17 UTC 2018: Linking done for mabrek__jetty test class org.eclipse.jetty.client.ConnectionTest
Wed May 16 04:51:18 UTC 2018: Found element on the queue
Wed May 16 04:51:18 UTC 2018: Updating status
Wed May 16 04:51:18 UTC 2018: Working
Wed May 16 04:51:20 UTC 2018: Start mabrek__jetty test class org.eclipse.jetty.client.security.SecurityResolverTest
Wed May 16 04:51:20 UTC 2018: Setting lastTestMethodIndex: 62268
Wed May 16 04:51:20 UTC 2018: Starting linking
Wed May 16 04:51:20 UTC 2018: No link for: org.eclipse.jetty.client.security.SecurityResolverTest-testNothing
Wed May 16 04:51:20 UTC 2018: Linking done for mabrek__jetty test class org.eclipse.jetty.client.security.SecurityResolverTest
Wed May 16 04:51:21 UTC 2018: Found element on the queue
Wed May 16 04:51:21 UTC 2018: Updating status
Wed May 16 04:51:21 UTC 2018: Working
Wed May 16 04:51:23 UTC 2018: Start mabrek__jetty test class org.eclipse.jetty.client.AsyncCallbackHttpExchangeTest
Wed May 16 04:51:23 UTC 2018: Setting lastTestMethodIndex: 62271
Wed May 16 04:51:23 UTC 2018: Starting linking
Wed May 16 04:51:23 UTC 2018: Linking done for mabrek__jetty test class org.eclipse.jetty.client.AsyncCallbackHttpExchangeTest
Wed May 16 04:51:23 UTC 2018: Found element on the queue
Wed May 16 04:51:23 UTC 2018: Updating status
Wed May 16 04:51:23 UTC 2018: Working
Wed May 16 04:51:25 UTC 2018: Start mabrek__jetty test class org.eclipse.jetty.client.WebdavListenerTest
Wed May 16 04:51:25 UTC 2018: Setting lastTestMethodIndex: 62272
Wed May 16 04:51:25 UTC 2018: Starting linking
Wed May 16 04:51:25 UTC 2018: Linking done for mabrek__jetty test class org.eclipse.jetty.client.WebdavListenerTest
Wed May 16 04:51:26 UTC 2018: Found element on the queue
Wed May 16 04:51:26 UTC 2018: Updating status
Wed May 16 04:51:26 UTC 2018: Working
Wed May 16 04:51:26 UTC 2018: Create project parser
Wed May 16 04:51:29 UTC 2018: Start mabrek__jetty test class org.eclipse.jetty.deploy.AppLifeCycleTest
Wed May 16 04:51:29 UTC 2018: Setting lastTestMethodIndex: 62275
Wed May 16 04:51:29 UTC 2018: Starting linking
Wed May 16 04:51:29 UTC 2018: No link for: org.eclipse.jetty.deploy.AppLifeCycleTest-testFindPath_Started_Started
Wed May 16 04:51:29 UTC 2018: No link for: org.eclipse.jetty.deploy.AppLifeCycleTest-testFindPath_Undeployed_Started
Wed May 16 04:51:30 UTC 2018: No link for: org.eclipse.jetty.deploy.AppLifeCycleTest-testFindPath_Deployed_Deployed
Wed May 16 04:51:30 UTC 2018: No link for: org.eclipse.jetty.deploy.AppLifeCycleTest-testFindPath_Undeployed_Deployed
Wed May 16 04:51:30 UTC 2018: No link for: org.eclipse.jetty.deploy.AppLifeCycleTest-testFindPath_Deployed_Started
Wed May 16 04:51:31 UTC 2018: No link for: org.eclipse.jetty.deploy.AppLifeCycleTest-testFindPath_Started_Deployed
Wed May 16 04:51:31 UTC 2018: No link for: org.eclipse.jetty.deploy.AppLifeCycleTest-testFindPath_Undeployed_Uavailable
Wed May 16 04:51:32 UTC 2018: No link for: org.eclipse.jetty.deploy.AppLifeCycleTest-testFindPath_Deployed_Undeployed
Wed May 16 04:51:32 UTC 2018: No link for: org.eclipse.jetty.deploy.AppLifeCycleTest-testFindPath_Started_Undeployed
Wed May 16 04:51:33 UTC 2018: No link for: org.eclipse.jetty.deploy.AppLifeCycleTest-testFindPathMultiple
Wed May 16 04:51:33 UTC 2018: Linking done for mabrek__jetty test class org.eclipse.jetty.deploy.AppLifeCycleTest
Wed May 16 04:51:33 UTC 2018: Found element on the queue
Wed May 16 04:51:33 UTC 2018: Updating status
Wed May 16 04:51:33 UTC 2018: Working
Wed May 16 04:51:33 UTC 2018: Create project parser
Wed May 16 04:51:38 UTC 2018: Start mabrek__jetty test class org.eclipse.jetty.http.HttpGeneratorClientTest
Wed May 16 04:51:38 UTC 2018: Setting lastTestMethodIndex: 62279
Wed May 16 04:51:38 UTC 2018: Starting linking
Wed May 16 04:51:38 UTC 2018: No link for: org.eclipse.jetty.http.HttpGeneratorClientTest-testContentLength
Wed May 16 04:51:38 UTC 2018: No link for: org.eclipse.jetty.http.HttpGeneratorClientTest-testChunked
Wed May 16 04:51:39 UTC 2018: No link for: org.eclipse.jetty.http.HttpGeneratorClientTest-testAutoContentLength
Wed May 16 04:51:39 UTC 2018: No link for: org.eclipse.jetty.http.HttpGeneratorClientTest-testHTTP
Wed May 16 04:51:40 UTC 2018: Linking done for mabrek__jetty test class org.eclipse.jetty.http.HttpGeneratorClientTest
Wed May 16 04:51:40 UTC 2018: Found element on the queue
Wed May 16 04:51:40 UTC 2018: Updating status
Wed May 16 04:51:40 UTC 2018: Working
Wed May 16 04:51:42 UTC 2018: Start mabrek__jetty test class org.eclipse.jetty.http.HttpFieldsTest
Wed May 16 04:51:42 UTC 2018: Setting lastTestMethodIndex: 62282
Wed May 16 04:51:42 UTC 2018: Starting linking
Wed May 16 04:51:42 UTC 2018: No link for: org.eclipse.jetty.http.HttpFieldsTest-testAdd
Wed May 16 04:51:43 UTC 2018: No link for: org.eclipse.jetty.http.HttpFieldsTest-testSetCookie
Wed May 16 04:51:43 UTC 2018: No link for: org.eclipse.jetty.http.HttpFieldsTest-testReuse
Wed May 16 04:51:44 UTC 2018: No link for: org.eclipse.jetty.http.HttpFieldsTest-testToString
Wed May 16 04:51:44 UTC 2018: No link for: org.eclipse.jetty.http.HttpFieldsTest-testHttpHeaderValues
Wed May 16 04:51:45 UTC 2018: No link for: org.eclipse.jetty.http.HttpFieldsTest-testCachedPut
Wed May 16 04:51:45 UTC 2018: No link for: org.eclipse.jetty.http.HttpFieldsTest-testCase
Wed May 16 04:51:45 UTC 2018: No link for: org.eclipse.jetty.http.HttpFieldsTest-testLongFields
Wed May 16 04:51:46 UTC 2018: No link for: org.eclipse.jetty.http.HttpFieldsTest-testRemovePut
Wed May 16 04:51:46 UTC 2018: No link for: org.eclipse.jetty.http.HttpFieldsTest-testCRLF
Wed May 16 04:51:47 UTC 2018: No link for: org.eclipse.jetty.http.HttpFieldsTest-testDateFields
Wed May 16 04:51:47 UTC 2018: No link for: org.eclipse.jetty.http.HttpFieldsTest-testPut
Wed May 16 04:51:47 UTC 2018: No link for: org.eclipse.jetty.http.HttpFieldsTest-testRePut
Wed May 16 04:51:48 UTC 2018: No link for: org.eclipse.jetty.http.HttpFieldsTest-testDestroy
Wed May 16 04:51:48 UTC 2018: Linking done for mabrek__jetty test class org.eclipse.jetty.http.HttpFieldsTest
Wed May 16 04:51:48 UTC 2018: Found element on the queue
Wed May 16 04:51:48 UTC 2018: Updating status
Wed May 16 04:51:48 UTC 2018: Working
Wed May 16 04:51:51 UTC 2018: Start mabrek__jetty test class org.eclipse.jetty.http.HttpParserTest
Wed May 16 04:51:51 UTC 2018: Setting lastTestMethodIndex: 62286
Wed May 16 04:51:51 UTC 2018: Starting linking
Wed May 16 04:51:51 UTC 2018: Code found org.eclipse.jetty.http.HttpParser-parse with org.eclipse.jetty.http.HttpParserTest-testChunkParse
Wed May 16 04:51:51 UTC 2018: Code found org.eclipse.jetty.http.HttpParser-parse with org.eclipse.jetty.http.HttpParserTest-testMultiParse
Wed May 16 04:51:51 UTC 2018: Code found org.eclipse.jetty.http.HttpParser-parse with org.eclipse.jetty.http.HttpParserTest-testStreamParse
Wed May 16 04:51:52 UTC 2018: Code found org.eclipse.jetty.http.HttpParser-parse with org.eclipse.jetty.http.HttpParserTest-testLineParse3
Wed May 16 04:51:52 UTC 2018: Code found org.eclipse.jetty.http.HttpParser-parse with org.eclipse.jetty.http.HttpParserTest-testLineParse2
Wed May 16 04:51:53 UTC 2018: Code found org.eclipse.jetty.http.HttpParser-parse with org.eclipse.jetty.http.HttpParserTest-testHeaderParse
Wed May 16 04:51:53 UTC 2018: Code found org.eclipse.jetty.http.HttpParser-parse with org.eclipse.jetty.http.HttpParserTest-testLineParse4
Wed May 16 04:51:53 UTC 2018: Code found org.eclipse.jetty.http.HttpParser-parse with org.eclipse.jetty.http.HttpParserTest-testLineParse1
Wed May 16 04:51:54 UTC 2018: Code found org.eclipse.jetty.http.HttpParser-parse with org.eclipse.jetty.http.HttpParserTest-testResponseParse1
Wed May 16 04:51:54 UTC 2018: Code found org.eclipse.jetty.http.HttpParser-parse with org.eclipse.jetty.http.HttpParserTest-testLineParse0
Wed May 16 04:51:54 UTC 2018: Code found org.eclipse.jetty.http.HttpParser-parse with org.eclipse.jetty.http.HttpParserTest-testResponseParse2
Wed May 16 04:51:55 UTC 2018: Code found org.eclipse.jetty.http.HttpParser-parse with org.eclipse.jetty.http.HttpParserTest-testResponseParse0
Wed May 16 04:51:55 UTC 2018: No link for: org.eclipse.jetty.http.HttpParserTest-testConnect
Wed May 16 04:51:56 UTC 2018: Linking done for mabrek__jetty test class org.eclipse.jetty.http.HttpParserTest
Wed May 16 04:51:56 UTC 2018: Found element on the queue
Wed May 16 04:51:56 UTC 2018: Updating status
Wed May 16 04:51:56 UTC 2018: Working
Wed May 16 04:51:58 UTC 2018: Start mabrek__jetty test class org.eclipse.jetty.http.HttpStatusCodeTest
Wed May 16 04:51:58 UTC 2018: Setting lastTestMethodIndex: 62289
Wed May 16 04:51:58 UTC 2018: Starting linking
Wed May 16 04:51:58 UTC 2018: Code found org.eclipse.jetty.http.HttpStatus-getCode with org.eclipse.jetty.http.HttpStatusCodeTest-testInvalidGetCode
Wed May 16 04:51:59 UTC 2018: Linking done for mabrek__jetty test class org.eclipse.jetty.http.HttpStatusCodeTest
Wed May 16 04:51:59 UTC 2018: Found element on the queue
Wed May 16 04:51:59 UTC 2018: Updating status
Wed May 16 04:51:59 UTC 2018: Working
Wed May 16 04:52:02 UTC 2018: Start mabrek__jetty test class org.eclipse.jetty.http.PathMapTest
Wed May 16 04:52:02 UTC 2018: Setting lastTestMethodIndex: 62291
Wed May 16 04:52:02 UTC 2018: Starting linking
Wed May 16 04:52:02 UTC 2018: No link for: org.eclipse.jetty.http.PathMapTest-testPathMappingsOnlyMatchOnDirectoryNames
Wed May 16 04:52:02 UTC 2018: No link for: org.eclipse.jetty.http.PathMapTest-testPathMap
Wed May 16 04:52:02 UTC 2018: Linking done for mabrek__jetty test class org.eclipse.jetty.http.PathMapTest
Wed May 16 04:52:03 UTC 2018: Found element on the queue
Wed May 16 04:52:03 UTC 2018: Updating status
Wed May 16 04:52:03 UTC 2018: Working
Wed May 16 04:52:05 UTC 2018: Start mabrek__jetty test class org.eclipse.jetty.http.HttpGeneratorTest
Wed May 16 04:52:05 UTC 2018: Setting lastTestMethodIndex: 62293
Wed May 16 04:52:05 UTC 2018: Starting linking
Wed May 16 04:52:05 UTC 2018: No link for: org.eclipse.jetty.http.HttpGeneratorTest-testRequest
Wed May 16 04:52:05 UTC 2018: No link for: org.eclipse.jetty.http.HttpGeneratorTest-testHTTP
Wed May 16 04:52:06 UTC 2018: Linking done for mabrek__jetty test class org.eclipse.jetty.http.HttpGeneratorTest
Wed May 16 04:52:06 UTC 2018: Found element on the queue
Wed May 16 04:52:06 UTC 2018: Updating status
Wed May 16 04:52:06 UTC 2018: Working
Wed May 16 04:52:06 UTC 2018: Create project parser
Wed May 16 04:52:09 UTC 2018: Start mabrek__jetty test class org.eclipse.jetty.io.BufferCacheTest
Wed May 16 04:52:09 UTC 2018: Setting lastTestMethodIndex: 62296
Wed May 16 04:52:09 UTC 2018: Starting linking
Wed May 16 04:52:10 UTC 2018: Code found org.eclipse.jetty.io.BufferCache-get with org.eclipse.jetty.io.BufferCacheTest-testGetBuffer
Wed May 16 04:52:10 UTC 2018: Code found org.eclipse.jetty.io.BufferCache-lookup with org.eclipse.jetty.io.BufferCacheTest-testLookupBuffer
Wed May 16 04:52:10 UTC 2018: Code found org.eclipse.jetty.io.BufferCache-lookup with org.eclipse.jetty.io.BufferCacheTest-testLookupPartialBuffer
Wed May 16 04:52:11 UTC 2018: Code found org.eclipse.jetty.io.BufferCache-lookup with org.eclipse.jetty.io.BufferCacheTest-testInsensitiveLookupBuffer
Wed May 16 04:52:11 UTC 2018: Code found org.eclipse.jetty.io.BufferCache-toString with org.eclipse.jetty.io.BufferCacheTest-testToString
Wed May 16 04:52:11 UTC 2018: No link for: org.eclipse.jetty.io.BufferCacheTest-testLookupIndex
Wed May 16 04:52:12 UTC 2018: Linking done for mabrek__jetty test class org.eclipse.jetty.io.BufferCacheTest
Wed May 16 04:52:12 UTC 2018: Found element on the queue
Wed May 16 04:52:12 UTC 2018: Updating status
Wed May 16 04:52:12 UTC 2018: Working
Wed May 16 04:52:15 UTC 2018: Start mabrek__jetty test class org.eclipse.jetty.io.BufferTest
Wed May 16 04:52:15 UTC 2018: Setting lastTestMethodIndex: 62298
Wed May 16 04:52:15 UTC 2018: Starting linking
Wed May 16 04:52:15 UTC 2018: Code found org.eclipse.jetty.io.AbstractBuffer-get with org.eclipse.jetty.io.BufferTest-testGet
Wed May 16 04:52:15 UTC 2018: No link for: org.eclipse.jetty.io.BufferTest-testHash
Wed May 16 04:52:15 UTC 2018: No link for: org.eclipse.jetty.io.BufferTest-testBuffer
Wed May 16 04:52:16 UTC 2018: No link for: org.eclipse.jetty.io.BufferTest-testView
Wed May 16 04:52:16 UTC 2018: No link for: org.eclipse.jetty.io.BufferTest-testInsensitive
Wed May 16 04:52:17 UTC 2018: Linking done for mabrek__jetty test class org.eclipse.jetty.io.BufferTest
Wed May 16 04:52:17 UTC 2018: Found element on the queue
Wed May 16 04:52:17 UTC 2018: Updating status
Wed May 16 04:52:17 UTC 2018: Working
Wed May 16 04:52:19 UTC 2018: Start mabrek__jetty test class org.eclipse.jetty.io.BufferUtilTest
Wed May 16 04:52:19 UTC 2018: Setting lastTestMethodIndex: 62300
Wed May 16 04:52:19 UTC 2018: Starting linking
Wed May 16 04:52:19 UTC 2018: Code found org.eclipse.jetty.io.BufferUtil-toInt with org.eclipse.jetty.io.BufferUtilTest-testToInt
Wed May 16 04:52:20 UTC 2018: Code found org.eclipse.jetty.io.BufferUtil-putHexInt with org.eclipse.jetty.io.BufferUtilTest-testPutHexInt
Wed May 16 04:52:20 UTC 2018: No link for: org.eclipse.jetty.io.BufferUtilTest-testPutInt
Wed May 16 04:52:20 UTC 2018: No link for: org.eclipse.jetty.io.BufferUtilTest-testPutLong
Wed May 16 04:52:21 UTC 2018: Linking done for mabrek__jetty test class org.eclipse.jetty.io.BufferUtilTest
Wed May 16 04:52:21 UTC 2018: Found element on the queue
Wed May 16 04:52:21 UTC 2018: Updating status
Wed May 16 04:52:21 UTC 2018: Working
Wed May 16 04:52:24 UTC 2018: Start mabrek__jetty test class org.eclipse.jetty.io.EndPointTest
Wed May 16 04:52:24 UTC 2018: Setting lastTestMethodIndex: 62302
Wed May 16 04:52:24 UTC 2018: Starting linking
Wed May 16 04:52:24 UTC 2018: No link for: org.eclipse.jetty.io.EndPointTest-testSocketEndPoints
Wed May 16 04:52:24 UTC 2018: Linking done for mabrek__jetty test class org.eclipse.jetty.io.EndPointTest
Wed May 16 04:52:24 UTC 2018: Found element on the queue
Wed May 16 04:52:24 UTC 2018: Updating status
Wed May 16 04:52:24 UTC 2018: Working
Wed May 16 04:52:24 UTC 2018: Create project parser
Wed May 16 04:52:27 UTC 2018: Start mabrek__jetty test class org.eclipse.jetty.jmx.ObjectMBeanTest
Wed May 16 04:52:27 UTC 2018: Setting lastTestMethodIndex: 62305
Wed May 16 04:52:27 UTC 2018: Starting linking
Wed May 16 04:52:27 UTC 2018: Code found org.eclipse.jetty.jmx.ObjectMBean-mbeanFor with org.eclipse.jetty.jmx.ObjectMBeanTest-testMbeanFor
Wed May 16 04:52:27 UTC 2018: No link for: org.eclipse.jetty.jmx.ObjectMBeanTest-testMbeanInfo
Wed May 16 04:52:28 UTC 2018: Linking done for mabrek__jetty test class org.eclipse.jetty.jmx.ObjectMBeanTest
Wed May 16 04:52:28 UTC 2018: Found element on the queue
Wed May 16 04:52:28 UTC 2018: Updating status
Wed May 16 04:52:28 UTC 2018: Working
Wed May 16 04:52:28 UTC 2018: Create project parser
Wed May 16 04:52:31 UTC 2018: Start mabrek__jetty test class org.eclipse.jetty.jndi.java.TestLocalJNDI
Wed May 16 04:52:31 UTC 2018: Setting lastTestMethodIndex: 62306
Wed May 16 04:52:31 UTC 2018: Starting linking
Wed May 16 04:52:31 UTC 2018: No link for: org.eclipse.jetty.jndi.java.TestLocalJNDI-testLocal
Wed May 16 04:52:31 UTC 2018: Linking done for mabrek__jetty test class org.eclipse.jetty.jndi.java.TestLocalJNDI
Wed May 16 04:52:32 UTC 2018: Found element on the queue
Wed May 16 04:52:32 UTC 2018: Updating status
Wed May 16 04:52:32 UTC 2018: Working
Wed May 16 04:52:34 UTC 2018: Start mabrek__jetty test class org.eclipse.jetty.jndi.java.TestJNDI
Wed May 16 04:52:34 UTC 2018: Setting lastTestMethodIndex: 62307
Wed May 16 04:52:34 UTC 2018: Starting linking
Wed May 16 04:52:34 UTC 2018: Linking done for mabrek__jetty test class org.eclipse.jetty.jndi.java.TestJNDI
Wed May 16 04:52:34 UTC 2018: Found element on the queue
Wed May 16 04:52:34 UTC 2018: Updating status
Wed May 16 04:52:34 UTC 2018: Working
Wed May 16 04:52:34 UTC 2018: Create project parser
Wed May 16 04:52:37 UTC 2018: Start mabrek__jetty test class org.eclipse.jetty.plus.webapp.TestConfiguration
Wed May 16 04:52:37 UTC 2018: Setting lastTestMethodIndex: 62309
Wed May 16 04:52:37 UTC 2018: Starting linking
Wed May 16 04:52:37 UTC 2018: No link for: org.eclipse.jetty.plus.webapp.TestConfiguration-testIt
Wed May 16 04:52:38 UTC 2018: Linking done for mabrek__jetty test class org.eclipse.jetty.plus.webapp.TestConfiguration
Wed May 16 04:52:38 UTC 2018: Found element on the queue
Wed May 16 04:52:38 UTC 2018: Updating status
Wed May 16 04:52:38 UTC 2018: Working
Wed May 16 04:52:41 UTC 2018: Start mabrek__jetty test class org.eclipse.jetty.plus.jndi.TestNamingEntries
Wed May 16 04:52:41 UTC 2018: Setting lastTestMethodIndex: 62311
Wed May 16 04:52:41 UTC 2018: Starting linking
Wed May 16 04:52:41 UTC 2018: Linking done for mabrek__jetty test class org.eclipse.jetty.plus.jndi.TestNamingEntries
Wed May 16 04:52:41 UTC 2018: Found element on the queue
Wed May 16 04:52:41 UTC 2018: Updating status
Wed May 16 04:52:41 UTC 2018: Working
Wed May 16 04:52:43 UTC 2018: Start mabrek__jetty test class org.eclipse.jetty.plus.jndi.TestNamingEntryUtil
Wed May 16 04:52:44 UTC 2018: Setting lastTestMethodIndex: 62313
Wed May 16 04:52:44 UTC 2018: Starting linking
Wed May 16 04:52:44 UTC 2018: Linking done for mabrek__jetty test class org.eclipse.jetty.plus.jndi.TestNamingEntryUtil
Wed May 16 04:52:44 UTC 2018: Found element on the queue
Wed May 16 04:52:44 UTC 2018: Updating status
Wed May 16 04:52:44 UTC 2018: Working
Wed May 16 04:52:44 UTC 2018: Create project parser
Wed May 16 04:52:46 UTC 2018: Start mabrek__jetty test class org.eclipse.jetty.policy.PolicyContextTest
Wed May 16 04:52:46 UTC 2018: Setting lastTestMethodIndex: 62315
Wed May 16 04:52:46 UTC 2018: Starting linking
Wed May 16 04:52:46 UTC 2018: No link for: org.eclipse.jetty.policy.PolicyContextTest-testSelfPropertyExpansion
Wed May 16 04:52:47 UTC 2018: No link for: org.eclipse.jetty.policy.PolicyContextTest-testFileSeparatorExpansion
Wed May 16 04:52:47 UTC 2018: No link for: org.eclipse.jetty.policy.PolicyContextTest-testAliasPropertyExpansion
Wed May 16 04:52:48 UTC 2018: Linking done for mabrek__jetty test class org.eclipse.jetty.policy.PolicyContextTest
Wed May 16 04:52:48 UTC 2018: Found element on the queue
Wed May 16 04:52:48 UTC 2018: Updating status
Wed May 16 04:52:48 UTC 2018: Working
Wed May 16 04:52:48 UTC 2018: Create project parser
Wed May 16 04:52:51 UTC 2018: Start mabrek__jetty test class org.eclipse.jetty.rewrite.handler.PatternRuleTest
Wed May 16 04:52:51 UTC 2018: Setting lastTestMethodIndex: 62316
Wed May 16 04:52:51 UTC 2018: Starting linking
Wed May 16 04:52:51 UTC 2018: No link for: org.eclipse.jetty.rewrite.handler.PatternRuleTest-testTrueMatch
Wed May 16 04:52:51 UTC 2018: No link for: org.eclipse.jetty.rewrite.handler.PatternRuleTest-testFalseMatch
Wed May 16 04:52:51 UTC 2018: Linking done for mabrek__jetty test class org.eclipse.jetty.rewrite.handler.PatternRuleTest
Wed May 16 04:52:52 UTC 2018: Found element on the queue
Wed May 16 04:52:52 UTC 2018: Updating status
Wed May 16 04:52:52 UTC 2018: Working
Wed May 16 04:52:54 UTC 2018: Start mabrek__jetty test class org.eclipse.jetty.rewrite.handler.RegexRuleTest
Wed May 16 04:52:54 UTC 2018: Setting lastTestMethodIndex: 62317
Wed May 16 04:52:54 UTC 2018: Starting linking
Wed May 16 04:52:54 UTC 2018: No link for: org.eclipse.jetty.rewrite.handler.RegexRuleTest-testFalseMatch
Wed May 16 04:52:54 UTC 2018: No link for: org.eclipse.jetty.rewrite.handler.RegexRuleTest-testTrueMatch
Wed May 16 04:52:55 UTC 2018: Linking done for mabrek__jetty test class org.eclipse.jetty.rewrite.handler.RegexRuleTest
Wed May 16 04:52:55 UTC 2018: Found element on the queue
Wed May 16 04:52:55 UTC 2018: Updating status
Wed May 16 04:52:55 UTC 2018: Working
Wed May 16 04:52:55 UTC 2018: Create project parser
Wed May 16 04:53:01 UTC 2018: Start mabrek__jetty test class org.eclipse.jetty.server.ResourceCacheTest
Wed May 16 04:53:01 UTC 2018: Setting lastTestMethodIndex: 62321
Wed May 16 04:53:01 UTC 2018: Starting linking
Wed May 16 04:53:01 UTC 2018: No link for: org.eclipse.jetty.server.ResourceCacheTest-testResourceCache
Wed May 16 04:53:01 UTC 2018: Linking done for mabrek__jetty test class org.eclipse.jetty.server.ResourceCacheTest
Wed May 16 04:53:02 UTC 2018: Found element on the queue
Wed May 16 04:53:02 UTC 2018: Updating status
Wed May 16 04:53:02 UTC 2018: Working
Wed May 16 04:53:04 UTC 2018: Start mabrek__jetty test class org.eclipse.jetty.server.EncodedHttpURITest
Wed May 16 04:53:04 UTC 2018: Setting lastTestMethodIndex: 62323
Wed May 16 04:53:04 UTC 2018: Starting linking
Wed May 16 04:53:04 UTC 2018: No link for: org.eclipse.jetty.server.EncodedHttpURITest-testNonURIAscii
Wed May 16 04:53:05 UTC 2018: Linking done for mabrek__jetty test class org.eclipse.jetty.server.EncodedHttpURITest
Wed May 16 04:53:05 UTC 2018: Found element on the queue
Wed May 16 04:53:05 UTC 2018: Updating status
Wed May 16 04:53:05 UTC 2018: Working
Wed May 16 04:53:07 UTC 2018: Start mabrek__jetty test class org.eclipse.jetty.server.HttpWriterTest
Wed May 16 04:53:07 UTC 2018: Setting lastTestMethodIndex: 62325
Wed May 16 04:53:07 UTC 2018: Starting linking
Wed May 16 04:53:07 UTC 2018: No link for: org.eclipse.jetty.server.HttpWriterTest-testOutput
Wed May 16 04:53:08 UTC 2018: No link for: org.eclipse.jetty.server.HttpWriterTest-testUTF8
Wed May 16 04:53:08 UTC 2018: No link for: org.eclipse.jetty.server.HttpWriterTest-testISO8859
Wed May 16 04:53:08 UTC 2018: No link for: org.eclipse.jetty.server.HttpWriterTest-testSimpleUTF8
Wed May 16 04:53:09 UTC 2018: No link for: org.eclipse.jetty.server.HttpWriterTest-testMultiByteOverflowUTF8
Wed May 16 04:53:09 UTC 2018: Linking done for mabrek__jetty test class org.eclipse.jetty.server.HttpWriterTest
Wed May 16 04:53:09 UTC 2018: Found element on the queue
Wed May 16 04:53:09 UTC 2018: Updating status
Wed May 16 04:53:10 UTC 2018: Working
Wed May 16 04:53:12 UTC 2018: Start mabrek__jetty test class org.eclipse.jetty.server.ServerTest
Wed May 16 04:53:12 UTC 2018: Setting lastTestMethodIndex: 62327
Wed May 16 04:53:12 UTC 2018: Starting linking
Wed May 16 04:53:12 UTC 2018: No link for: org.eclipse.jetty.server.ServerTest-testAddHandlerToEmptyServer
Wed May 16 04:53:12 UTC 2018: No link for: org.eclipse.jetty.server.ServerTest-testServerWithPort
Wed May 16 04:53:13 UTC 2018: Linking done for mabrek__jetty test class org.eclipse.jetty.server.ServerTest
Wed May 16 04:53:13 UTC 2018: Found element on the queue
Wed May 16 04:53:13 UTC 2018: Updating status
Wed May 16 04:53:13 UTC 2018: Working
Wed May 16 04:53:15 UTC 2018: Start mabrek__jetty test class org.eclipse.jetty.server.session.SessionHandlerTest
Wed May 16 04:53:15 UTC 2018: Setting lastTestMethodIndex: 62329
Wed May 16 04:53:15 UTC 2018: Starting linking
Wed May 16 04:53:15 UTC 2018: No link for: org.eclipse.jetty.server.session.SessionHandlerTest-testRequestedIdFromCookies
Wed May 16 04:53:16 UTC 2018: No link for: org.eclipse.jetty.server.session.SessionHandlerTest-testRequestedIdFromURI
Wed May 16 04:53:16 UTC 2018: Linking done for mabrek__jetty test class org.eclipse.jetty.server.session.SessionHandlerTest
Wed May 16 04:53:17 UTC 2018: Found element on the queue
Wed May 16 04:53:17 UTC 2018: Updating status
Wed May 16 04:53:17 UTC 2018: Working
Wed May 16 04:53:19 UTC 2018: Start mabrek__jetty test class org.eclipse.jetty.server.HttpURITest
Wed May 16 04:53:19 UTC 2018: Setting lastTestMethodIndex: 62331
Wed May 16 04:53:19 UTC 2018: Starting linking
Wed May 16 04:53:19 UTC 2018: No link for: org.eclipse.jetty.server.HttpURITest-testInvalidAddress
Wed May 16 04:53:19 UTC 2018: No link for: org.eclipse.jetty.server.HttpURITest-testPathURIs
Wed May 16 04:53:20 UTC 2018: No link for: org.eclipse.jetty.server.HttpURITest-testEncoded
Wed May 16 04:53:20 UTC 2018: No link for: org.eclipse.jetty.server.HttpURITest-testPartialURIs
Wed May 16 04:53:20 UTC 2018: No link for: org.eclipse.jetty.server.HttpURITest-testCONNECT
Wed May 16 04:53:21 UTC 2018: Linking done for mabrek__jetty test class org.eclipse.jetty.server.HttpURITest
Wed May 16 04:53:21 UTC 2018: Found element on the queue
Wed May 16 04:53:21 UTC 2018: Updating status
Wed May 16 04:53:21 UTC 2018: Working
Wed May 16 04:53:21 UTC 2018: Create project parser
Wed May 16 04:53:24 UTC 2018: Start mabrek__jetty test class org.eclipse.jetty.start.ConfigTest
Wed May 16 04:53:24 UTC 2018: Setting lastTestMethodIndex: 62334
Wed May 16 04:53:24 UTC 2018: Starting linking
Wed May 16 04:53:24 UTC 2018: No link for: org.eclipse.jetty.start.ConfigTest-testSubjectMainClassConditionalPropertyUnset
Wed May 16 04:53:24 UTC 2018: No link for: org.eclipse.jetty.start.ConfigTest-testSubjectSimpleComponent
Wed May 16 04:53:25 UTC 2018: No link for: org.eclipse.jetty.start.ConfigTest-testSubjectXmlConfigDefault
Wed May 16 04:53:25 UTC 2018: No link for: org.eclipse.jetty.start.ConfigTest-testSubjectXmlConfigMultiple
Wed May 16 04:53:25 UTC 2018: No link for: org.eclipse.jetty.start.ConfigTest-testSubjectComponentDirDeep
Wed May 16 04:53:26 UTC 2018: No link for: org.eclipse.jetty.start.ConfigTest-testSubjectXmlConfigAlt
Wed May 16 04:53:26 UTC 2018: No link for: org.eclipse.jetty.start.ConfigTest-testSubjectSimpleComponentNotExists
Wed May 16 04:53:27 UTC 2018: No link for: org.eclipse.jetty.start.ConfigTest-testSectionClasspathSingle
Wed May 16 04:53:27 UTC 2018: No link for: org.eclipse.jetty.start.ConfigTest-testSubjectSimpleComponentMultiple
Wed May 16 04:53:27 UTC 2018: No link for: org.eclipse.jetty.start.ConfigTest-testSubjectMainClassConditionalPropertySet
Wed May 16 04:53:28 UTC 2018: No link for: org.eclipse.jetty.start.ConfigTest-testSubjectAssignStartProperty
Wed May 16 04:53:28 UTC 2018: No link for: org.eclipse.jetty.start.ConfigTest-testSubjectMainClass
Wed May 16 04:53:28 UTC 2018: No link for: org.eclipse.jetty.start.ConfigTest-testDynamicSection
Wed May 16 04:53:29 UTC 2018: No link for: org.eclipse.jetty.start.ConfigTest-testSubjectAssignCanonicalPath
Wed May 16 04:53:29 UTC 2018: No link for: org.eclipse.jetty.start.ConfigTest-testSectionClasspathAvailable
Wed May 16 04:53:29 UTC 2018: No link for: org.eclipse.jetty.start.ConfigTest-testSectionClasspathMultiples
Wed May 16 04:53:30 UTC 2018: No link for: org.eclipse.jetty.start.ConfigTest-testSubjectComponentDirShallow
Wed May 16 04:53:30 UTC 2018: No link for: org.eclipse.jetty.start.ConfigTest-testDeepDynamicSection
Wed May 16 04:53:30 UTC 2018: No link for: org.eclipse.jetty.start.ConfigTest-testSubjectAssignSystemProperty
Wed May 16 04:53:31 UTC 2018: Linking done for mabrek__jetty test class org.eclipse.jetty.start.ConfigTest
Wed May 16 04:53:31 UTC 2018: Found element on the queue
Wed May 16 04:53:31 UTC 2018: Updating status
Wed May 16 04:53:31 UTC 2018: Working
Wed May 16 04:53:33 UTC 2018: Start mabrek__jetty test class org.eclipse.jetty.start.VersionTest
Wed May 16 04:53:33 UTC 2018: Setting lastTestMethodIndex: 62337
Wed May 16 04:53:33 UTC 2018: Starting linking
Wed May 16 04:53:33 UTC 2018: No link for: org.eclipse.jetty.start.VersionTest-testOlderVersion
Wed May 16 04:53:34 UTC 2018: No link for: org.eclipse.jetty.start.VersionTest-testNewerVersion
Wed May 16 04:53:34 UTC 2018: No link for: org.eclipse.jetty.start.VersionTest-testDefaultVersion
Wed May 16 04:53:34 UTC 2018: Linking done for mabrek__jetty test class org.eclipse.jetty.start.VersionTest
Wed May 16 04:53:35 UTC 2018: Found element on the queue
Wed May 16 04:53:35 UTC 2018: Updating status
Wed May 16 04:53:35 UTC 2018: Working
Wed May 16 04:53:35 UTC 2018: Create project parser
Wed May 16 04:53:39 UTC 2018: Start mabrek__jetty test class org.eclipse.jetty.util.DateCacheTest
Wed May 16 04:53:39 UTC 2018: Setting lastTestMethodIndex: 62340
Wed May 16 04:53:39 UTC 2018: Starting linking
Wed May 16 04:53:39 UTC 2018: No link for: org.eclipse.jetty.util.DateCacheTest-testDateCache
Wed May 16 04:53:40 UTC 2018: Linking done for mabrek__jetty test class org.eclipse.jetty.util.DateCacheTest
Wed May 16 04:53:40 UTC 2018: Found element on the queue
Wed May 16 04:53:40 UTC 2018: Updating status
Wed May 16 04:53:40 UTC 2018: Working
Wed May 16 04:53:43 UTC 2018: Start mabrek__jetty test class org.eclipse.jetty.util.StringMapTest
Wed May 16 04:53:43 UTC 2018: Setting lastTestMethodIndex: 62342
Wed May 16 04:53:43 UTC 2018: Starting linking
Wed May 16 04:53:43 UTC 2018: Code found org.eclipse.jetty.util.StringMap-size with org.eclipse.jetty.util.StringMapTest-testSize
Wed May 16 04:53:44 UTC 2018: Code found org.eclipse.jetty.util.StringMap-put with org.eclipse.jetty.util.StringMapTest-testPutGet
Wed May 16 04:53:45 UTC 2018: Code found org.eclipse.jetty.util.StringMap-isEmpty with org.eclipse.jetty.util.StringMapTest-testIsEmpty
Wed May 16 04:53:46 UTC 2018: Code found org.eclipse.jetty.util.StringMap-clear with org.eclipse.jetty.util.StringMapTest-testClear
Wed May 16 04:53:49 UTC 2018: Code found org.eclipse.jetty.util.StringMap-getEntry with org.eclipse.jetty.util.StringMapTest-testGetEntrycharArrayintint
Wed May 16 04:53:49 UTC 2018: No code found org.eclipse.jetty.util.StringMap-toString with org.eclipse.jetty.util.StringMapTest-testToString
Wed May 16 04:53:50 UTC 2018: Code found org.eclipse.jetty.util.StringMap-entrySet with org.eclipse.jetty.util.StringMapTest-testEntrySet
Wed May 16 04:53:50 UTC 2018: Code found org.eclipse.jetty.util.StringMap-containsKey with org.eclipse.jetty.util.StringMapTest-testContainsKey
Wed May 16 04:53:50 UTC 2018: Code found org.eclipse.jetty.util.StringMap-remove with org.eclipse.jetty.util.StringMapTest-testRemove
Wed May 16 04:53:51 UTC 2018: Code found org.eclipse.jetty.util.StringMap-getEntry with org.eclipse.jetty.util.StringMapTest-testGetEntryStringintint
Wed May 16 04:53:51 UTC 2018: No link for: org.eclipse.jetty.util.StringMapTest-testIgnoreCase
Wed May 16 04:53:51 UTC 2018: No link for: org.eclipse.jetty.util.StringMapTest-testWriteExternal
Wed May 16 04:53:52 UTC 2018: Linking done for mabrek__jetty test class org.eclipse.jetty.util.StringMapTest
Wed May 16 04:53:52 UTC 2018: Found element on the queue
Wed May 16 04:53:52 UTC 2018: Updating status
Wed May 16 04:53:52 UTC 2018: Working
Wed May 16 04:53:55 UTC 2018: Start mabrek__jetty test class org.eclipse.jetty.util.LazyListTest
Wed May 16 04:53:55 UTC 2018: Setting lastTestMethodIndex: 62344
Wed May 16 04:53:55 UTC 2018: Starting linking
Wed May 16 04:53:55 UTC 2018: Code found org.eclipse.jetty.util.LazyList-ensureSize with org.eclipse.jetty.util.LazyListTest-testEnsureSize
Wed May 16 04:53:55 UTC 2018: Code found org.eclipse.jetty.util.LazyList-getList with org.eclipse.jetty.util.LazyListTest-testGetListObject
Wed May 16 04:53:55 UTC 2018: Code found org.eclipse.jetty.util.LazyList-getList with org.eclipse.jetty.util.LazyListTest-testGetListObjectboolean
Wed May 16 04:53:56 UTC 2018: Code found org.eclipse.jetty.util.LazyList-toString with org.eclipse.jetty.util.LazyListTest-testCloneToString
Wed May 16 04:53:56 UTC 2018: Code found org.eclipse.jetty.util.LazyList-add with org.eclipse.jetty.util.LazyListTest-testAddObjectObject
Wed May 16 04:53:56 UTC 2018: Code found org.eclipse.jetty.util.LazyList-toStringArray with org.eclipse.jetty.util.LazyListTest-testToStringArray
Wed May 16 04:53:57 UTC 2018: Code found org.eclipse.jetty.util.LazyList-listIterator with org.eclipse.jetty.util.LazyListTest-testListIterator
Wed May 16 04:53:57 UTC 2018: Code found org.eclipse.jetty.util.LazyList-remove with org.eclipse.jetty.util.LazyListTest-testRemoveObjectint
Wed May 16 04:53:57 UTC 2018: Code found org.eclipse.jetty.util.LazyList-remove with org.eclipse.jetty.util.LazyListTest-testRemoveObjectObject
Wed May 16 04:53:57 UTC 2018: Code found org.eclipse.jetty.util.LazyList-add with org.eclipse.jetty.util.LazyListTest-testAddObjectintObject
Wed May 16 04:53:58 UTC 2018: Code found org.eclipse.jetty.util.LazyList-contains with org.eclipse.jetty.util.LazyListTest-testContains
Wed May 16 04:53:58 UTC 2018: Code found org.eclipse.jetty.util.LazyList-addCollection with org.eclipse.jetty.util.LazyListTest-testAddCollection
Wed May 16 04:53:58 UTC 2018: Code found org.eclipse.jetty.util.LazyList-size with org.eclipse.jetty.util.LazyListTest-testSize
Wed May 16 04:53:59 UTC 2018: Code found org.eclipse.jetty.util.LazyList-iterator with org.eclipse.jetty.util.LazyListTest-testIterator
Wed May 16 04:53:59 UTC 2018: Code found org.eclipse.jetty.util.LazyList-get with org.eclipse.jetty.util.LazyListTest-testGet
Wed May 16 04:53:59 UTC 2018: Linking done for mabrek__jetty test class org.eclipse.jetty.util.LazyListTest
Wed May 16 04:54:00 UTC 2018: Found element on the queue
Wed May 16 04:54:00 UTC 2018: Updating status
Wed May 16 04:54:00 UTC 2018: Working
Wed May 16 04:54:02 UTC 2018: Start mabrek__jetty test class org.eclipse.jetty.util.ajax.JSONPojoConvertorFactoryTest
Wed May 16 04:54:02 UTC 2018: Setting lastTestMethodIndex: 62347
Wed May 16 04:54:02 UTC 2018: Starting linking
Wed May 16 04:54:02 UTC 2018: No link for: org.eclipse.jetty.util.ajax.JSONPojoConvertorFactoryTest-testFoo
Wed May 16 04:54:03 UTC 2018: Linking done for mabrek__jetty test class org.eclipse.jetty.util.ajax.JSONPojoConvertorFactoryTest
Wed May 16 04:54:03 UTC 2018: Found element on the queue
Wed May 16 04:54:03 UTC 2018: Updating status
Wed May 16 04:54:03 UTC 2018: Working
Wed May 16 04:54:05 UTC 2018: Start mabrek__jetty test class org.eclipse.jetty.util.log.LogTest
Wed May 16 04:54:05 UTC 2018: Setting lastTestMethodIndex: 62349
Wed May 16 04:54:05 UTC 2018: Starting linking
Wed May 16 04:54:05 UTC 2018: Code found org.eclipse.jetty.util.log.StdErrLog-debug with org.eclipse.jetty.util.log.LogTest-testStdErrLogDebug
Wed May 16 04:54:06 UTC 2018: No link for: org.eclipse.jetty.util.log.LogTest-testStdErrThrowable
Wed May 16 04:54:06 UTC 2018: No link for: org.eclipse.jetty.util.log.LogTest-testStdErrLogFormat
Wed May 16 04:54:06 UTC 2018: No link for: org.eclipse.jetty.util.log.LogTest-testStdErrLogName
Wed May 16 04:54:07 UTC 2018: Linking done for mabrek__jetty test class org.eclipse.jetty.util.log.LogTest
Wed May 16 04:54:07 UTC 2018: Found element on the queue
Wed May 16 04:54:07 UTC 2018: Updating status
Wed May 16 04:54:07 UTC 2018: Working
Wed May 16 04:54:09 UTC 2018: Start mabrek__jetty test class org.eclipse.jetty.util.MultiExceptionTest
Wed May 16 04:54:09 UTC 2018: Setting lastTestMethodIndex: 62350
Wed May 16 04:54:09 UTC 2018: Starting linking
Wed May 16 04:54:09 UTC 2018: No link for: org.eclipse.jetty.util.MultiExceptionTest-testTwo
Wed May 16 04:54:10 UTC 2018: No link for: org.eclipse.jetty.util.MultiExceptionTest-testEmpty
Wed May 16 04:54:10 UTC 2018: No link for: org.eclipse.jetty.util.MultiExceptionTest-testOne
Wed May 16 04:54:10 UTC 2018: Linking done for mabrek__jetty test class org.eclipse.jetty.util.MultiExceptionTest
Wed May 16 04:54:11 UTC 2018: Found element on the queue
Wed May 16 04:54:11 UTC 2018: Updating status
Wed May 16 04:54:11 UTC 2018: Working
Wed May 16 04:54:13 UTC 2018: Start mabrek__jetty test class org.eclipse.jetty.util.QuotedStringTokenizerTest
Wed May 16 04:54:13 UTC 2018: Setting lastTestMethodIndex: 62352
Wed May 16 04:54:13 UTC 2018: Starting linking
Wed May 16 04:54:13 UTC 2018: Code found org.eclipse.jetty.util.QuotedStringTokenizer-quote with org.eclipse.jetty.util.QuotedStringTokenizerTest-testQuote
Wed May 16 04:54:14 UTC 2018: Code found org.eclipse.jetty.util.QuotedStringTokenizer-unquote with org.eclipse.jetty.util.QuotedStringTokenizerTest-testUnquote
Wed May 16 04:54:14 UTC 2018: Code found org.eclipse.jetty.util.QuotedStringTokenizer-quote with org.eclipse.jetty.util.QuotedStringTokenizerTest-testQuoteString
Wed May 16 04:54:14 UTC 2018: No link for: org.eclipse.jetty.util.QuotedStringTokenizerTest-testTokenizer0
Wed May 16 04:54:15 UTC 2018: No link for: org.eclipse.jetty.util.QuotedStringTokenizerTest-testTokenizer1
Wed May 16 04:54:15 UTC 2018: No link for: org.eclipse.jetty.util.QuotedStringTokenizerTest-testTokenizer2
Wed May 16 04:54:15 UTC 2018: No link for: org.eclipse.jetty.util.QuotedStringTokenizerTest-testTokenizer3
Wed May 16 04:54:16 UTC 2018: No link for: org.eclipse.jetty.util.QuotedStringTokenizerTest-testTokenizer4
Wed May 16 04:54:16 UTC 2018: Linking done for mabrek__jetty test class org.eclipse.jetty.util.QuotedStringTokenizerTest
Wed May 16 04:54:16 UTC 2018: Found element on the queue
Wed May 16 04:54:16 UTC 2018: Updating status
Wed May 16 04:54:16 UTC 2018: Working
Wed May 16 04:54:19 UTC 2018: Start mabrek__jetty test class org.eclipse.jetty.util.resource.ResourceCollectionTest
Wed May 16 04:54:19 UTC 2018: Setting lastTestMethodIndex: 62355
Wed May 16 04:54:19 UTC 2018: Starting linking
Wed May 16 04:54:19 UTC 2018: Code found org.eclipse.jetty.util.resource.ResourceCollection-copyTo with org.eclipse.jetty.util.resource.ResourceCollectionTest-testCopyTo
Wed May 16 04:54:19 UTC 2018: No link for: org.eclipse.jetty.util.resource.ResourceCollectionTest-testMergedDir
Wed May 16 04:54:20 UTC 2018: No link for: org.eclipse.jetty.util.resource.ResourceCollectionTest-testMutlipleSources1
Wed May 16 04:54:20 UTC 2018: Linking done for mabrek__jetty test class org.eclipse.jetty.util.resource.ResourceCollectionTest
Wed May 16 04:54:20 UTC 2018: Found element on the queue
Wed May 16 04:54:20 UTC 2018: Updating status
Wed May 16 04:54:20 UTC 2018: Working
Wed May 16 04:54:23 UTC 2018: Start mabrek__jetty test class org.eclipse.jetty.util.StringUtilTest
Wed May 16 04:54:23 UTC 2018: Setting lastTestMethodIndex: 62357
Wed May 16 04:54:23 UTC 2018: Starting linking
Wed May 16 04:54:23 UTC 2018: Code found org.eclipse.jetty.util.StringUtil-append with org.eclipse.jetty.util.StringUtilTest-testAppend
Wed May 16 04:54:23 UTC 2018: Code found org.eclipse.jetty.util.StringUtil-endsWithIgnoreCase with org.eclipse.jetty.util.StringUtilTest-testEndsWithIgnoreCase
Wed May 16 04:54:23 UTC 2018: Code found org.eclipse.jetty.util.StringUtil-equals with org.eclipse.jetty.util.StringUtilTest-testEqualsStringcharArrayintint
Wed May 16 04:54:27 UTC 2018: Code found org.eclipse.jetty.util.StringUtil-nonNull with org.eclipse.jetty.util.StringUtilTest-testNonNull
Wed May 16 04:54:27 UTC 2018: Code found org.eclipse.jetty.util.StringUtil-unquote with org.eclipse.jetty.util.StringUtilTest-testUnquote
Wed May 16 04:54:27 UTC 2018: Code found org.eclipse.jetty.util.StringUtil-startsWithIgnoreCase with org.eclipse.jetty.util.StringUtilTest-testStartsWithIgnoreCase
Wed May 16 04:54:28 UTC 2018: Code found org.eclipse.jetty.util.StringUtil-replace with org.eclipse.jetty.util.StringUtilTest-testReplace
Wed May 16 04:54:28 UTC 2018: Code found org.eclipse.jetty.util.StringUtil-asciiToLowerCase with org.eclipse.jetty.util.StringUtilTest-testAsciiToLowerCase
Wed May 16 04:54:29 UTC 2018: Code found org.eclipse.jetty.util.StringUtil-indexFrom with org.eclipse.jetty.util.StringUtilTest-testIndexFrom
Wed May 16 04:54:29 UTC 2018: No link for: org.eclipse.jetty.util.StringUtilTest-testSidConversion
Wed May 16 04:54:29 UTC 2018: Linking done for mabrek__jetty test class org.eclipse.jetty.util.StringUtilTest
Wed May 16 04:54:30 UTC 2018: Found element on the queue
Wed May 16 04:54:30 UTC 2018: Updating status
Wed May 16 04:54:30 UTC 2018: Working
Wed May 16 04:54:32 UTC 2018: Start mabrek__jetty test class org.eclipse.jetty.util.URITest
Wed May 16 04:54:32 UTC 2018: Setting lastTestMethodIndex: 62361
Wed May 16 04:54:32 UTC 2018: Starting linking
Wed May 16 04:54:32 UTC 2018: Code found org.eclipse.jetty.util.URIUtil-addPaths with org.eclipse.jetty.util.URITest-testAddPaths
Wed May 16 04:54:32 UTC 2018: Code found org.eclipse.jetty.util.URIUtil-compactPath with org.eclipse.jetty.util.URITest-testCompactPath
Wed May 16 04:54:33 UTC 2018: Code found org.eclipse.jetty.util.URIUtil-canonicalPath with org.eclipse.jetty.util.URITest-testCanonicalPath
Wed May 16 04:54:33 UTC 2018: Code found org.eclipse.jetty.util.URIUtil-encodePath with org.eclipse.jetty.util.URITest-testEncodePath
Wed May 16 04:54:33 UTC 2018: Code found org.eclipse.jetty.util.URIUtil-parentPath with org.eclipse.jetty.util.URITest-testParentPath
Wed May 16 04:54:34 UTC 2018: Code found org.eclipse.jetty.util.URIUtil-decodePath with org.eclipse.jetty.util.URITest-testDecodePath
Wed May 16 04:54:34 UTC 2018: Linking done for mabrek__jetty test class org.eclipse.jetty.util.URITest
Wed May 16 04:54:34 UTC 2018: Found element on the queue
Wed May 16 04:54:34 UTC 2018: Updating status
Wed May 16 04:54:34 UTC 2018: Working
Wed May 16 04:54:37 UTC 2018: Start mabrek__jetty test class org.eclipse.jetty.util.ArrayQueueTest
Wed May 16 04:54:37 UTC 2018: Setting lastTestMethodIndex: 62364
Wed May 16 04:54:37 UTC 2018: Starting linking
Wed May 16 04:54:37 UTC 2018: Code found org.eclipse.jetty.util.ArrayQueue-remove with org.eclipse.jetty.util.ArrayQueueTest-testRemove
Wed May 16 04:54:37 UTC 2018: No link for: org.eclipse.jetty.util.ArrayQueueTest-testFullEmpty
Wed May 16 04:54:38 UTC 2018: No link for: org.eclipse.jetty.util.ArrayQueueTest-testWrap
Wed May 16 04:54:38 UTC 2018: No link for: org.eclipse.jetty.util.ArrayQueueTest-testGrow
Wed May 16 04:54:38 UTC 2018: Linking done for mabrek__jetty test class org.eclipse.jetty.util.ArrayQueueTest
Wed May 16 04:54:39 UTC 2018: Found element on the queue
Wed May 16 04:54:39 UTC 2018: Updating status
Wed May 16 04:54:39 UTC 2018: Working
Wed May 16 04:54:41 UTC 2018: Start mabrek__jetty test class org.eclipse.jetty.util.TestIntrospectionUtil
Wed May 16 04:54:41 UTC 2018: Setting lastTestMethodIndex: 62366
Wed May 16 04:54:41 UTC 2018: Starting linking
Wed May 16 04:54:41 UTC 2018: Linking done for mabrek__jetty test class org.eclipse.jetty.util.TestIntrospectionUtil
Wed May 16 04:54:42 UTC 2018: Found element on the queue
Wed May 16 04:54:42 UTC 2018: Updating status
Wed May 16 04:54:42 UTC 2018: Working
Wed May 16 04:54:44 UTC 2018: Start mabrek__jetty test class org.eclipse.jetty.util.IPAddressMapTest
Wed May 16 04:54:44 UTC 2018: Setting lastTestMethodIndex: 62368
Wed May 16 04:54:44 UTC 2018: Starting linking
Wed May 16 04:54:44 UTC 2018: No link for: org.eclipse.jetty.util.IPAddressMapTest-testOneMixed
Wed May 16 04:54:44 UTC 2018: No link for: org.eclipse.jetty.util.IPAddressMapTest-testTwoMissing
Wed May 16 04:54:45 UTC 2018: No link for: org.eclipse.jetty.util.IPAddressMapTest-testOneMissing
Wed May 16 04:54:45 UTC 2018: No link for: org.eclipse.jetty.util.IPAddressMapTest-testManyMixed
Wed May 16 04:54:45 UTC 2018: No link for: org.eclipse.jetty.util.IPAddressMapTest-testThreeMissing
Wed May 16 04:54:46 UTC 2018: No link for: org.eclipse.jetty.util.IPAddressMapTest-testOneAddress
Wed May 16 04:54:46 UTC 2018: No link for: org.eclipse.jetty.util.IPAddressMapTest-testOneRange
Wed May 16 04:54:47 UTC 2018: Linking done for mabrek__jetty test class org.eclipse.jetty.util.IPAddressMapTest
Wed May 16 04:54:47 UTC 2018: Found element on the queue
Wed May 16 04:54:47 UTC 2018: Updating status
Wed May 16 04:54:47 UTC 2018: Working
Wed May 16 04:54:49 UTC 2018: Start mabrek__jetty test class org.eclipse.jetty.util.BlockingArrayQueueTest
Wed May 16 04:54:49 UTC 2018: Setting lastTestMethodIndex: 62371
Wed May 16 04:54:49 UTC 2018: Starting linking
Wed May 16 04:54:49 UTC 2018: Code found org.eclipse.jetty.util.BlockingArrayQueue-remove with org.eclipse.jetty.util.BlockingArrayQueueTest-testRemove
Wed May 16 04:54:50 UTC 2018: No link for: org.eclipse.jetty.util.BlockingArrayQueueTest-testConcurrentAccess
Wed May 16 04:54:50 UTC 2018: No link for: org.eclipse.jetty.util.BlockingArrayQueueTest-testWrap
Wed May 16 04:54:51 UTC 2018: No link for: org.eclipse.jetty.util.BlockingArrayQueueTest-testTake
Wed May 16 04:54:51 UTC 2018: No link for: org.eclipse.jetty.util.BlockingArrayQueueTest-testGrow
Wed May 16 04:54:51 UTC 2018: Linking done for mabrek__jetty test class org.eclipse.jetty.util.BlockingArrayQueueTest
Wed May 16 04:54:52 UTC 2018: Found element on the queue
Wed May 16 04:54:52 UTC 2018: Updating status
Wed May 16 04:54:52 UTC 2018: Working
Wed May 16 04:54:55 UTC 2018: Start mabrek__jetty test class org.eclipse.jetty.util.thread.TimeoutTest
Wed May 16 04:54:55 UTC 2018: Setting lastTestMethodIndex: 62374
Wed May 16 04:54:55 UTC 2018: Starting linking
Wed May 16 04:54:55 UTC 2018: Code found org.eclipse.jetty.util.thread.Timeout$Task-cancel with org.eclipse.jetty.util.thread.TimeoutTest-testCancel
Wed May 16 04:54:56 UTC 2018: No link for: org.eclipse.jetty.util.thread.TimeoutTest-testStress
Wed May 16 04:54:56 UTC 2018: No link for: org.eclipse.jetty.util.thread.TimeoutTest-testTouch
Wed May 16 04:54:56 UTC 2018: No link for: org.eclipse.jetty.util.thread.TimeoutTest-testExpiry
Wed May 16 04:54:57 UTC 2018: No link for: org.eclipse.jetty.util.thread.TimeoutTest-testDelay
Wed May 16 04:54:57 UTC 2018: Linking done for mabrek__jetty test class org.eclipse.jetty.util.thread.TimeoutTest
Wed May 16 04:54:58 UTC 2018: Found element on the queue
Wed May 16 04:54:58 UTC 2018: Updating status
Wed May 16 04:54:58 UTC 2018: Working
Wed May 16 04:55:00 UTC 2018: Start mabrek__jetty test class org.eclipse.jetty.util.Utf8StringBufferTest
Wed May 16 04:55:00 UTC 2018: Setting lastTestMethodIndex: 62376
Wed May 16 04:55:00 UTC 2018: Starting linking
Wed May 16 04:55:00 UTC 2018: No link for: org.eclipse.jetty.util.Utf8StringBufferTest-testLong
Wed May 16 04:55:01 UTC 2018: No link for: org.eclipse.jetty.util.Utf8StringBufferTest-testShort
Wed May 16 04:55:01 UTC 2018: Linking done for mabrek__jetty test class org.eclipse.jetty.util.Utf8StringBufferTest
Wed May 16 04:55:02 UTC 2018: Found element on the queue
Wed May 16 04:55:02 UTC 2018: Updating status
Wed May 16 04:55:02 UTC 2018: Working
Wed May 16 04:55:04 UTC 2018: Start mabrek__jetty test class org.eclipse.jetty.util.Utf8StringBuilderTest
Wed May 16 04:55:04 UTC 2018: Setting lastTestMethodIndex: 62379
Wed May 16 04:55:04 UTC 2018: Starting linking
Wed May 16 04:55:04 UTC 2018: No link for: org.eclipse.jetty.util.Utf8StringBuilderTest-testUtfStringBuilder
Wed May 16 04:55:04 UTC 2018: No link for: org.eclipse.jetty.util.Utf8StringBuilderTest-testShort
Wed May 16 04:55:05 UTC 2018: No link for: org.eclipse.jetty.util.Utf8StringBuilderTest-testLong
Wed May 16 04:55:05 UTC 2018: Linking done for mabrek__jetty test class org.eclipse.jetty.util.Utf8StringBuilderTest
Wed May 16 04:55:06 UTC 2018: Found element on the queue
Wed May 16 04:55:06 UTC 2018: Updating status
Wed May 16 04:55:06 UTC 2018: Working
Wed May 16 04:55:08 UTC 2018: Start mabrek__jetty test class org.eclipse.jetty.util.ajax.JSONTest
Wed May 16 04:55:08 UTC 2018: Setting lastTestMethodIndex: 62381
Wed May 16 04:55:08 UTC 2018: Starting linking
Wed May 16 04:55:08 UTC 2018: Code found org.eclipse.jetty.util.ajax.JSON-toString with org.eclipse.jetty.util.ajax.JSONTest-testToString
Wed May 16 04:55:09 UTC 2018: Code found org.eclipse.jetty.util.ajax.JSON-parse with org.eclipse.jetty.util.ajax.JSONTest-testParse
Wed May 16 04:55:09 UTC 2018: Code found org.eclipse.jetty.util.ajax.JSON-parse with org.eclipse.jetty.util.ajax.JSONTest-testParseReader
Wed May 16 04:55:10 UTC 2018: No link for: org.eclipse.jetty.util.ajax.JSONTest-testStripComment
Wed May 16 04:55:10 UTC 2018: No link for: org.eclipse.jetty.util.ajax.JSONTest-testEnumConvertor
Wed May 16 04:55:10 UTC 2018: No link for: org.eclipse.jetty.util.ajax.JSONTest-testBigDecimal
Wed May 16 04:55:11 UTC 2018: No link for: org.eclipse.jetty.util.ajax.JSONTest-testQuote
Wed May 16 04:55:11 UTC 2018: No link for: org.eclipse.jetty.util.ajax.JSONTest-testZeroByte
Wed May 16 04:55:11 UTC 2018: No link for: org.eclipse.jetty.util.ajax.JSONTest-testConvertor
Wed May 16 04:55:12 UTC 2018: Linking done for mabrek__jetty test class org.eclipse.jetty.util.ajax.JSONTest
Wed May 16 04:55:12 UTC 2018: Found element on the queue
Wed May 16 04:55:12 UTC 2018: Updating status
Wed May 16 04:55:12 UTC 2018: Working
Wed May 16 04:55:12 UTC 2018: Create project parser
Wed May 16 04:55:15 UTC 2018: Start mabrek__jetty test class org.eclipse.jetty.webapp.WebAppContextTest
Wed May 16 04:55:15 UTC 2018: Setting lastTestMethodIndex: 62384
Wed May 16 04:55:15 UTC 2018: Starting linking
Wed May 16 04:55:15 UTC 2018: No link for: org.eclipse.jetty.webapp.WebAppContextTest-testConfigurationClassesFromDefault
Wed May 16 04:55:16 UTC 2018: No link for: org.eclipse.jetty.webapp.WebAppContextTest-testConfigurationClassesExplicit
Wed May 16 04:55:16 UTC 2018: No link for: org.eclipse.jetty.webapp.WebAppContextTest-testConfigurationInstances
Wed May 16 04:55:16 UTC 2018: Linking done for mabrek__jetty test class org.eclipse.jetty.webapp.WebAppContextTest
Wed May 16 04:55:17 UTC 2018: Found element on the queue
Wed May 16 04:55:17 UTC 2018: Updating status
Wed May 16 04:55:17 UTC 2018: Working
Wed May 16 04:55:19 UTC 2018: Start mabrek__jetty test class org.eclipse.jetty.webapp.WebAppClassLoaderTest
Wed May 16 04:55:19 UTC 2018: Setting lastTestMethodIndex: 62387
Wed May 16 04:55:19 UTC 2018: Starting linking
Wed May 16 04:55:19 UTC 2018: No link for: org.eclipse.jetty.webapp.WebAppClassLoaderTest-testParentLoad
Wed May 16 04:55:19 UTC 2018: No link for: org.eclipse.jetty.webapp.WebAppClassLoaderTest-testSystemServerClass
Wed May 16 04:55:20 UTC 2018: No link for: org.eclipse.jetty.webapp.WebAppClassLoaderTest-testWebAppLoad
Wed May 16 04:55:21 UTC 2018: No link for: org.eclipse.jetty.webapp.WebAppClassLoaderTest-testExposedClass
Wed May 16 04:55:21 UTC 2018: No link for: org.eclipse.jetty.webapp.WebAppClassLoaderTest-testResources
Wed May 16 04:55:22 UTC 2018: Linking done for mabrek__jetty test class org.eclipse.jetty.webapp.WebAppClassLoaderTest
Wed May 16 04:55:22 UTC 2018: Found element on the queue
Wed May 16 04:55:22 UTC 2018: Updating status
Wed May 16 04:55:22 UTC 2018: Working
Wed May 16 04:55:24 UTC 2018: Start mabrek__jetty test class org.eclipse.jetty.webapp.OrderingTest
Wed May 16 04:55:24 UTC 2018: Setting lastTestMethodIndex: 62389
Wed May 16 04:55:24 UTC 2018: Starting linking
Wed May 16 04:55:24 UTC 2018: Linking done for mabrek__jetty test class org.eclipse.jetty.webapp.OrderingTest
Wed May 16 04:55:25 UTC 2018: Found element on the queue
Wed May 16 04:55:25 UTC 2018: Updating status
Wed May 16 04:55:25 UTC 2018: Working
Wed May 16 04:55:25 UTC 2018: Create project parser
Wed May 16 04:55:27 UTC 2018: Start mabrek__jetty test class org.eclipse.jetty.websocket.WebSocketParserTest
Wed May 16 04:55:27 UTC 2018: Setting lastTestMethodIndex: 62390
Wed May 16 04:55:27 UTC 2018: Starting linking
Wed May 16 04:55:27 UTC 2018: Code found org.eclipse.jetty.websocket.WebSocketParser-hixieCrypt with org.eclipse.jetty.websocket.WebSocketParserTest-testHixieCrypt
Wed May 16 04:55:28 UTC 2018: No link for: org.eclipse.jetty.websocket.WebSocketParserTest-testCache
Wed May 16 04:55:28 UTC 2018: No link for: org.eclipse.jetty.websocket.WebSocketParserTest-testTwoBinary
Wed May 16 04:55:28 UTC 2018: No link for: org.eclipse.jetty.websocket.WebSocketParserTest-testTwoUtf8
Wed May 16 04:55:29 UTC 2018: No link for: org.eclipse.jetty.websocket.WebSocketParserTest-testOneBinary
Wed May 16 04:55:29 UTC 2018: No link for: org.eclipse.jetty.websocket.WebSocketParserTest-testOneUtf8
Wed May 16 04:55:29 UTC 2018: Linking done for mabrek__jetty test class org.eclipse.jetty.websocket.WebSocketParserTest
Wed May 16 04:55:30 UTC 2018: Found element on the queue
Wed May 16 04:55:30 UTC 2018: Updating status
Wed May 16 04:55:30 UTC 2018: Working
Wed May 16 04:55:32 UTC 2018: Start mabrek__jetty test class org.eclipse.jetty.websocket.WebSocketGeneratorTest
Wed May 16 04:55:32 UTC 2018: Setting lastTestMethodIndex: 62391
Wed May 16 04:55:32 UTC 2018: Starting linking
Wed May 16 04:55:32 UTC 2018: No link for: org.eclipse.jetty.websocket.WebSocketGeneratorTest-testOneBuffer
Wed May 16 04:55:33 UTC 2018: No link for: org.eclipse.jetty.websocket.WebSocketGeneratorTest-testOneString
Wed May 16 04:55:33 UTC 2018: No link for: org.eclipse.jetty.websocket.WebSocketGeneratorTest-testOneLongBuffer
Wed May 16 04:55:33 UTC 2018: No link for: org.eclipse.jetty.websocket.WebSocketGeneratorTest-testHixie
Wed May 16 04:55:34 UTC 2018: Linking done for mabrek__jetty test class org.eclipse.jetty.websocket.WebSocketGeneratorTest
Wed May 16 04:55:34 UTC 2018: Found element on the queue
Wed May 16 04:55:34 UTC 2018: Updating status
Wed May 16 04:55:34 UTC 2018: Working
Wed May 16 04:55:34 UTC 2018: Create project parser
Wed May 16 04:55:37 UTC 2018: Start mabrek__jetty test class org.eclipse.jetty.xml.TestConfiguration
Wed May 16 04:55:37 UTC 2018: Setting lastTestMethodIndex: 62393
Wed May 16 04:55:37 UTC 2018: Starting linking
Wed May 16 04:55:37 UTC 2018: Linking done for mabrek__jetty test class org.eclipse.jetty.xml.TestConfiguration
Wed May 16 04:55:37 UTC 2018: Found element on the queue
Wed May 16 04:55:37 UTC 2018: Updating status
Wed May 16 04:55:37 UTC 2018: Working
Wed May 16 04:55:40 UTC 2018: Start mabrek__jetty test class org.eclipse.jetty.xml.XmlConfigurationTest
Wed May 16 04:55:40 UTC 2018: Setting lastTestMethodIndex: 62395
Wed May 16 04:55:40 UTC 2018: Starting linking
Wed May 16 04:55:40 UTC 2018: Code found org.eclipse.jetty.xml.XmlParser-parse with org.eclipse.jetty.xml.XmlConfigurationTest-testXmlParser
Wed May 16 04:55:40 UTC 2018: No link for: org.eclipse.jetty.xml.XmlConfigurationTest-testXmlConfiguration
Wed May 16 04:55:40 UTC 2018: Linking done for mabrek__jetty test class org.eclipse.jetty.xml.XmlConfigurationTest
Wed May 16 04:55:41 UTC 2018: Found element on the queue
Wed May 16 04:55:41 UTC 2018: Updating status
Wed May 16 04:55:41 UTC 2018: Working
Wed May 16 04:55:41 UTC 2018: Create project parser
Wed May 16 04:55:41 UTC 2018: Found element on the queue
Wed May 16 04:55:41 UTC 2018: Updating status
Wed May 16 04:55:41 UTC 2018: Working
Wed May 16 04:55:41 UTC 2018: Create project parser
Wed May 16 04:55:44 UTC 2018: Start mabrek__jetty test class org.eclipse.jetty.server.session.LightLoadTest
Wed May 16 04:55:44 UTC 2018: Setting lastTestMethodIndex: 62398
Wed May 16 04:55:44 UTC 2018: Starting linking
Wed May 16 04:55:44 UTC 2018: No link for: org.eclipse.jetty.server.session.LightLoadTest-testLightLoad
Wed May 16 04:55:44 UTC 2018: Linking done for mabrek__jetty test class org.eclipse.jetty.server.session.LightLoadTest
