Tue May 15 19:18:01 UTC 2018: Database:jdbc:mysql://localhost:3306/unittests
Tue May 15 19:18:01 UTC 2018: Starting
Tue May 15 19:18:02 UTC 2018: Found element on the queue
Tue May 15 19:18:02 UTC 2018: Updating status
Tue May 15 19:18:02 UTC 2018: Working
Tue May 15 19:18:02 UTC 2018: Create project parser
Tue May 15 19:18:07 UTC 2018: Create slicer
Tue May 15 19:18:09 UTC 2018: Create call graph
Tue May 15 19:18:11 UTC 2018: Create point analysis
Tue May 15 19:18:11 UTC 2018: Create call graph done
Tue May 15 19:18:11 UTC 2018: Start gudmundur__atun test class atunit.example.ExampleEasyMockTest
Tue May 15 19:18:11 UTC 2018: Setting lastTestMethodIndex: 44392
Tue May 15 19:18:11 UTC 2018: Starting linking
Tue May 15 19:18:11 UTC 2018: No link for: atunit.example.ExampleEasyMockTest-testGetStringForSomeReason
Tue May 15 19:18:11 UTC 2018: Linking done for gudmundur__atun test class atunit.example.ExampleEasyMockTest
Tue May 15 19:18:11 UTC 2018: Found element on the queue
Tue May 15 19:18:11 UTC 2018: Updating status
Tue May 15 19:18:11 UTC 2018: Working
Tue May 15 19:18:11 UTC 2018: Create project parser
Tue May 15 19:18:15 UTC 2018: Start gudmundur__atun test class atunit.example.ExampleGuiceTest
Tue May 15 19:18:15 UTC 2018: Setting lastTestMethodIndex: 44397
Tue May 15 19:18:15 UTC 2018: Starting linking
Tue May 15 19:18:15 UTC 2018: No link for: atunit.example.ExampleGuiceTest-testGetUsername
Tue May 15 19:18:15 UTC 2018: No link for: atunit.example.ExampleGuiceTest-testGetId
Tue May 15 19:18:16 UTC 2018: Linking done for gudmundur__atun test class atunit.example.ExampleGuiceTest
Tue May 15 19:18:17 UTC 2018: Found element on the queue
Tue May 15 19:18:17 UTC 2018: Updating status
Tue May 15 19:18:17 UTC 2018: Working
Tue May 15 19:18:21 UTC 2018: Start gudmundur__atun test class atunit.example.ExampleGuiceAndJMockTest
Tue May 15 19:18:21 UTC 2018: Setting lastTestMethodIndex: 44401
Tue May 15 19:18:21 UTC 2018: Starting linking
Tue May 15 19:18:21 UTC 2018: No link for: atunit.example.ExampleGuiceAndJMockTest-testGetUser
Tue May 15 19:18:22 UTC 2018: Linking done for gudmundur__atun test class atunit.example.ExampleGuiceAndJMockTest
Tue May 15 19:18:23 UTC 2018: Found element on the queue
Tue May 15 19:18:23 UTC 2018: Updating status
Tue May 15 19:18:23 UTC 2018: Working
Tue May 15 19:18:23 UTC 2018: Create project parser
Tue May 15 19:18:26 UTC 2018: Start gudmundur__atun test class atunit.example.ExampleJMockTest
Tue May 15 19:18:26 UTC 2018: Setting lastTestMethodIndex: 44406
Tue May 15 19:18:26 UTC 2018: Starting linking
Tue May 15 19:18:26 UTC 2018: No link for: atunit.example.ExampleJMockTest-testGetUser
Tue May 15 19:18:26 UTC 2018: Linking done for gudmundur__atun test class atunit.example.ExampleJMockTest
Tue May 15 19:18:27 UTC 2018: Found element on the queue
Tue May 15 19:18:27 UTC 2018: Updating status
Tue May 15 19:18:27 UTC 2018: Working
Tue May 15 19:18:27 UTC 2018: Create project parser
Tue May 15 19:18:30 UTC 2018: Start gudmundur__atun test class atunit.example.ExampleSpringWithContextLocationTest
Tue May 15 19:18:30 UTC 2018: Setting lastTestMethodIndex: 44411
Tue May 15 19:18:30 UTC 2018: Starting linking
Tue May 15 19:18:30 UTC 2018: No link for: atunit.example.ExampleSpringWithContextLocationTest-testGetUsername
Tue May 15 19:18:31 UTC 2018: No link for: atunit.example.ExampleSpringWithContextLocationTest-testGetId
Tue May 15 19:18:31 UTC 2018: Linking done for gudmundur__atun test class atunit.example.ExampleSpringWithContextLocationTest
Tue May 15 19:18:32 UTC 2018: Found element on the queue
Tue May 15 19:18:32 UTC 2018: Updating status
Tue May 15 19:18:32 UTC 2018: Working
Tue May 15 19:18:35 UTC 2018: Start gudmundur__atun test class atunit.example.ExampleSpringEasyMockTest
Tue May 15 19:18:35 UTC 2018: Setting lastTestMethodIndex: 44415
Tue May 15 19:18:35 UTC 2018: Starting linking
Tue May 15 19:18:35 UTC 2018: No link for: atunit.example.ExampleSpringEasyMockTest-testGetUser
Tue May 15 19:18:35 UTC 2018: Linking done for gudmundur__atun test class atunit.example.ExampleSpringEasyMockTest
Tue May 15 19:18:36 UTC 2018: Found element on the queue
Tue May 15 19:18:36 UTC 2018: Updating status
Tue May 15 19:18:36 UTC 2018: Working
Tue May 15 19:18:39 UTC 2018: Start gudmundur__atun test class atunit.example.ExampleSpringTest
Tue May 15 19:18:39 UTC 2018: Setting lastTestMethodIndex: 44418
Tue May 15 19:18:39 UTC 2018: Starting linking
Tue May 15 19:18:39 UTC 2018: No link for: atunit.example.ExampleSpringTest-testGetUsername
Tue May 15 19:18:39 UTC 2018: No link for: atunit.example.ExampleSpringTest-testGetId
Tue May 15 19:18:40 UTC 2018: Linking done for gudmundur__atun test class atunit.example.ExampleSpringTest
Tue May 15 19:18:40 UTC 2018: Found element on the queue
Tue May 15 19:18:40 UTC 2018: Updating status
Tue May 15 19:18:40 UTC 2018: Working
Tue May 15 19:18:40 UTC 2018: Create project parser
Tue May 15 19:18:44 UTC 2018: Start gudmundur__atun test class atunit.core.TestClassUtilsTests
Tue May 15 19:18:44 UTC 2018: Setting lastTestMethodIndex: 44423
Tue May 15 19:18:44 UTC 2018: Starting linking
Tue May 15 19:18:44 UTC 2018: Code found atunit.core.TestClassUtils-getUnitField with atunit.core.TestClassUtilsTests-tGetUnitField
Tue May 15 19:18:44 UTC 2018: Code found atunit.core.TestClassUtils-getMockFrameworkClass with atunit.core.TestClassUtilsTests-tGetMockFrameworkClass
Tue May 15 19:18:44 UTC 2018: Code found atunit.core.TestClassUtils-getUnitField with atunit.core.TestClassUtilsTests-tGetUnitFieldNoUnits
Tue May 15 19:18:45 UTC 2018: Code found atunit.core.TestClassUtils-getUnitField with atunit.core.TestClassUtilsTests-tGetUnitFieldTooManyUnits
Tue May 15 19:18:45 UTC 2018: Code found atunit.core.TestClassUtils-getMockFields with atunit.core.TestClassUtilsTests-tGetMockFields
Tue May 15 19:18:45 UTC 2018: Code found atunit.core.TestClassUtils-getStubFields with atunit.core.TestClassUtilsTests-tGetStubFields
Tue May 15 19:18:45 UTC 2018: Code found atunit.core.TestClassUtils-getFields with atunit.core.TestClassUtilsTests-tGetFields
Tue May 15 19:18:46 UTC 2018: Code found atunit.core.TestClassUtils-getContainerClass with atunit.core.TestClassUtilsTests-tGetContainerClass
Tue May 15 19:18:46 UTC 2018: No link for: atunit.core.TestClassUtilsTests-tGetContainerIncompatibleAnnotations
Tue May 15 19:18:46 UTC 2018: No link for: atunit.core.TestClassUtilsTests-tGetMockFrameworkIncompatibleAnnotations
Tue May 15 19:18:46 UTC 2018: Linking done for gudmundur__atun test class atunit.core.TestClassUtilsTests
Tue May 15 19:18:47 UTC 2018: Found element on the queue
Tue May 15 19:18:47 UTC 2018: Updating status
Tue May 15 19:18:47 UTC 2018: Working
Tue May 15 19:18:50 UTC 2018: Start gudmundur__atun test class atunit.example.ExampleAtUnitTest
Tue May 15 19:18:50 UTC 2018: Setting lastTestMethodIndex: 44428
Tue May 15 19:18:50 UTC 2018: Starting linking
Tue May 15 19:18:50 UTC 2018: No link for: atunit.example.ExampleAtUnitTest-testGetUsername
Tue May 15 19:18:50 UTC 2018: No link for: atunit.example.ExampleAtUnitTest-testGetId
Tue May 15 19:18:50 UTC 2018: Linking done for gudmundur__atun test class atunit.example.ExampleAtUnitTest
