Tue May 15 20:54:06 UTC 2018: Database:jdbc:mysql://localhost:3306/unittests
Tue May 15 20:54:06 UTC 2018: Starting
Tue May 15 20:54:06 UTC 2018: Found element on the queue
Tue May 15 20:54:06 UTC 2018: Updating status
Tue May 15 20:54:06 UTC 2018: Working
Tue May 15 20:54:06 UTC 2018: Create project parser
Tue May 15 20:54:13 UTC 2018: Create slicer
Tue May 15 20:54:17 UTC 2018: Create call graph
Tue May 15 20:54:19 UTC 2018: Create point analysis
Tue May 15 20:54:19 UTC 2018: Create call graph done
Tue May 15 20:54:19 UTC 2018: Start hohonuuli__vars test class vars.LinkUtilitiesTest
Tue May 15 20:54:19 UTC 2018: Setting lastTestMethodIndex: 47677
Tue May 15 20:54:19 UTC 2018: Starting linking
Tue May 15 20:54:19 UTC 2018: No link for: vars.LinkUtilitiesTest-testFindLinkIn
Tue May 15 20:54:20 UTC 2018: Linking done for hohonuuli__vars test class vars.LinkUtilitiesTest
Tue May 15 20:54:21 UTC 2018: Found element on the queue
Tue May 15 20:54:21 UTC 2018: Updating status
Tue May 15 20:54:21 UTC 2018: Working
Tue May 15 20:54:24 UTC 2018: Start hohonuuli__vars test class vars.annotation.functions.TrimAreaMeasurementsFnTest
Tue May 15 20:54:24 UTC 2018: Setting lastTestMethodIndex: 47679
Tue May 15 20:54:24 UTC 2018: Starting linking
Tue May 15 20:54:24 UTC 2018: No link for: vars.annotation.functions.TrimAreaMeasurementsFnTest-testParialIntersection
Tue May 15 20:54:24 UTC 2018: No link for: vars.annotation.functions.TrimAreaMeasurementsFnTest-testCompleteIntersection
Tue May 15 20:54:25 UTC 2018: No link for: vars.annotation.functions.TrimAreaMeasurementsFnTest-testNoIntersection
Tue May 15 20:54:25 UTC 2018: Linking done for hohonuuli__vars test class vars.annotation.functions.TrimAreaMeasurementsFnTest
Tue May 15 20:54:26 UTC 2018: Found element on the queue
Tue May 15 20:54:26 UTC 2018: Updating status
Tue May 15 20:54:26 UTC 2018: Working
Tue May 15 20:54:29 UTC 2018: Start hohonuuli__vars test class vars.annotation.PhysicalDataValueEqTest
Tue May 15 20:54:29 UTC 2018: Setting lastTestMethodIndex: 47680
Tue May 15 20:54:29 UTC 2018: Starting linking
Tue May 15 20:54:29 UTC 2018: No link for: vars.annotation.PhysicalDataValueEqTest-toleranceTest2
Tue May 15 20:54:30 UTC 2018: No link for: vars.annotation.PhysicalDataValueEqTest-toleranceTest1
Tue May 15 20:54:30 UTC 2018: No link for: vars.annotation.PhysicalDataValueEqTest-toleranceTest3
Tue May 15 20:54:30 UTC 2018: No link for: vars.annotation.PhysicalDataValueEqTest-identityTest
Tue May 15 20:54:30 UTC 2018: No link for: vars.annotation.PhysicalDataValueEqTest-nullValueTest
Tue May 15 20:54:31 UTC 2018: Linking done for hohonuuli__vars test class vars.annotation.PhysicalDataValueEqTest
Tue May 15 20:54:33 UTC 2018: Found element on the queue
Tue May 15 20:54:33 UTC 2018: Updating status
Tue May 15 20:54:33 UTC 2018: Working
Tue May 15 20:54:36 UTC 2018: Start hohonuuli__vars test class vars.annotation.CameraDataValueEqTest
Tue May 15 20:54:36 UTC 2018: Setting lastTestMethodIndex: 47683
Tue May 15 20:54:36 UTC 2018: Starting linking
Tue May 15 20:54:36 UTC 2018: No link for: vars.annotation.CameraDataValueEqTest-toleranceTest2
Tue May 15 20:54:36 UTC 2018: No link for: vars.annotation.CameraDataValueEqTest-toleranceTest1
Tue May 15 20:54:37 UTC 2018: No link for: vars.annotation.CameraDataValueEqTest-identityTest
Tue May 15 20:54:37 UTC 2018: No link for: vars.annotation.CameraDataValueEqTest-nullValueTest
Tue May 15 20:54:38 UTC 2018: Linking done for hohonuuli__vars test class vars.annotation.CameraDataValueEqTest
Tue May 15 20:54:39 UTC 2018: Found element on the queue
Tue May 15 20:54:39 UTC 2018: Updating status
Tue May 15 20:54:39 UTC 2018: Working
Tue May 15 20:54:39 UTC 2018: Create project parser
Tue May 15 20:54:48 UTC 2018: Start hohonuuli__vars test class vars.EXPDDataPeristenceServiceTest
Tue May 15 20:54:48 UTC 2018: Setting lastTestMethodIndex: 47686
Tue May 15 20:54:48 UTC 2018: Starting linking
Tue May 15 20:54:48 UTC 2018: No link for: vars.EXPDDataPeristenceServiceTest-findTimecodeByDateTest01
Tue May 15 20:54:48 UTC 2018: Linking done for hohonuuli__vars test class vars.EXPDDataPeristenceServiceTest
Tue May 15 20:54:49 UTC 2018: Found element on the queue
Tue May 15 20:54:49 UTC 2018: Updating status
Tue May 15 20:54:49 UTC 2018: Working
Tue May 15 20:54:52 UTC 2018: Start hohonuuli__vars test class vars.EXPDPersistenceServiceTest
Tue May 15 20:54:52 UTC 2018: Setting lastTestMethodIndex: 47688
Tue May 15 20:54:52 UTC 2018: Starting linking
Tue May 15 20:54:52 UTC 2018: No link for: vars.EXPDPersistenceServiceTest-findTimecodeByDateTest01
Tue May 15 20:54:53 UTC 2018: Linking done for hohonuuli__vars test class vars.EXPDPersistenceServiceTest
Tue May 15 20:54:54 UTC 2018: Found element on the queue
Tue May 15 20:54:54 UTC 2018: Updating status
Tue May 15 20:54:54 UTC 2018: Working
Tue May 15 20:54:57 UTC 2018: Start hohonuuli__vars test class vars.query.results.QueryResultsTest
Tue May 15 20:54:57 UTC 2018: Setting lastTestMethodIndex: 47690
Tue May 15 20:54:57 UTC 2018: Starting linking
Tue May 15 20:54:57 UTC 2018: Code found vars.query.results.QueryResults-copyData with vars.query.results.QueryResultsTest-testCopyData
Tue May 15 20:54:57 UTC 2018: No link for: vars.query.results.QueryResultsTest-testTheBasics
Tue May 15 20:54:58 UTC 2018: No link for: vars.query.results.QueryResultsTest-testBadArgument
Tue May 15 20:54:58 UTC 2018: Linking done for hohonuuli__vars test class vars.query.results.QueryResultsTest
Tue May 15 20:54:59 UTC 2018: Found element on the queue
Tue May 15 20:54:59 UTC 2018: Updating status
Tue May 15 20:54:59 UTC 2018: Working
Tue May 15 20:55:02 UTC 2018: Start hohonuuli__vars test class vars.query.results.CoalescingDecoratorTest
Tue May 15 20:55:02 UTC 2018: Setting lastTestMethodIndex: 47691
Tue May 15 20:55:02 UTC 2018: Starting linking
Tue May 15 20:55:02 UTC 2018: No link for: vars.query.results.CoalescingDecoratorTest-test01
Tue May 15 20:55:02 UTC 2018: Linking done for hohonuuli__vars test class vars.query.results.CoalescingDecoratorTest
Tue May 15 20:55:04 UTC 2018: Found element on the queue
Tue May 15 20:55:04 UTC 2018: Updating status
Tue May 15 20:55:04 UTC 2018: Working
Tue May 15 20:55:07 UTC 2018: Start hohonuuli__vars test class vars.knowledgebase.jpa.ConceptDaoTest
Tue May 15 20:55:07 UTC 2018: Setting lastTestMethodIndex: 47692
Tue May 15 20:55:07 UTC 2018: Starting linking
Tue May 15 20:55:07 UTC 2018: No link for: vars.knowledgebase.jpa.ConceptDaoTest-testFindDescendentNames
Tue May 15 20:55:08 UTC 2018: No link for: vars.knowledgebase.jpa.ConceptDaoTest-testFindRoot
Tue May 15 20:55:08 UTC 2018: No link for: vars.knowledgebase.jpa.ConceptDaoTest-testFindByName
Tue May 15 20:55:08 UTC 2018: No link for: vars.knowledgebase.jpa.ConceptDaoTest-testAll
Tue May 15 20:55:09 UTC 2018: Linking done for hohonuuli__vars test class vars.knowledgebase.jpa.ConceptDaoTest
