Wed May 16 02:30:59 UTC 2018: Database:jdbc:mysql://localhost:3306/unittests
Wed May 16 02:30:59 UTC 2018: Starting
Wed May 16 02:31:00 UTC 2018: Found element on the queue
Wed May 16 02:31:00 UTC 2018: Updating status
Wed May 16 02:31:00 UTC 2018: Working
Wed May 16 02:31:00 UTC 2018: Create project parser
Wed May 16 02:31:03 UTC 2018: Create slicer
Wed May 16 02:31:05 UTC 2018: Create call graph
Wed May 16 02:31:05 UTC 2018: Create point analysis
Wed May 16 02:31:05 UTC 2018: Create call graph done
Wed May 16 02:31:05 UTC 2018: Start kjots__java-lib test class org.kjots.lib.guice.GuiceSupportTestSuite
Wed May 16 02:31:05 UTC 2018: Setting lastTestMethodIndex: 57397
Wed May 16 02:31:05 UTC 2018: Starting linking
Wed May 16 02:31:05 UTC 2018: Linking done for kjots__java-lib test class org.kjots.lib.guice.GuiceSupportTestSuite
Wed May 16 02:31:06 UTC 2018: Found element on the queue
Wed May 16 02:31:06 UTC 2018: Updating status
Wed May 16 02:31:06 UTC 2018: Working
Wed May 16 02:31:06 UTC 2018: Create project parser
Wed May 16 02:31:08 UTC 2018: Start kjots__java-lib test class org.kjots.lib.service.resource.ResourceServiceTestSuite
Wed May 16 02:31:08 UTC 2018: Setting lastTestMethodIndex: 57400
Wed May 16 02:31:08 UTC 2018: Starting linking
Wed May 16 02:31:08 UTC 2018: Linking done for kjots__java-lib test class org.kjots.lib.service.resource.ResourceServiceTestSuite
