Tue May 15 17:47:43 UTC 2018: Database:jdbc:mysql://localhost:3306/unittests
Tue May 15 17:47:43 UTC 2018: Starting
Tue May 15 17:47:44 UTC 2018: Found element on the queue
Tue May 15 17:47:44 UTC 2018: Updating status
Tue May 15 17:47:44 UTC 2018: Working
Tue May 15 17:47:44 UTC 2018: Create project parser
Tue May 15 17:47:56 UTC 2018: Create slicer
Tue May 15 17:47:59 UTC 2018: Create call graph
Tue May 15 17:48:04 UTC 2018: Create point analysis
Tue May 15 17:48:04 UTC 2018: Create call graph done
Tue May 15 17:48:04 UTC 2018: Start flyingandrunning__hbase test class org.apache.hadoop.hbase.TestCompoundConfiguration
Tue May 15 17:48:04 UTC 2018: Setting lastTestMethodIndex: 40790
Tue May 15 17:48:04 UTC 2018: Starting linking
Tue May 15 17:48:04 UTC 2018: No link for: org.apache.hadoop.hbase.TestCompoundConfiguration-testWithStringMap
Tue May 15 17:48:04 UTC 2018: None match not added in database because it already exists
Tue May 15 17:48:04 UTC 2018: No link for: org.apache.hadoop.hbase.TestCompoundConfiguration-testWithIbwMap
Tue May 15 17:48:04 UTC 2018: None match not added in database because it already exists
Tue May 15 17:48:04 UTC 2018: No link for: org.apache.hadoop.hbase.TestCompoundConfiguration-testBasicFunctionality
Tue May 15 17:48:04 UTC 2018: None match not added in database because it already exists
Tue May 15 17:48:04 UTC 2018: No link for: org.apache.hadoop.hbase.TestCompoundConfiguration-testLaterConfigsOverrideEarlier
Tue May 15 17:48:04 UTC 2018: None match not added in database because it already exists
Tue May 15 17:48:04 UTC 2018: No link for: org.apache.hadoop.hbase.TestCompoundConfiguration-testPut
Tue May 15 17:48:04 UTC 2018: None match not added in database because it already exists
Tue May 15 17:48:04 UTC 2018: No link for: org.apache.hadoop.hbase.TestCompoundConfiguration-testWithConfig
Tue May 15 17:48:05 UTC 2018: None match not added in database because it already exists
Tue May 15 17:48:05 UTC 2018: Linking done for flyingandrunning__hbase test class org.apache.hadoop.hbase.TestCompoundConfiguration
Tue May 15 17:48:05 UTC 2018: Found element on the queue
Tue May 15 17:48:05 UTC 2018: Updating status
Tue May 15 17:48:05 UTC 2018: Working
Tue May 15 17:48:07 UTC 2018: Start flyingandrunning__hbase test class org.apache.hadoop.hbase.codec.TestCellCodec
Tue May 15 17:48:07 UTC 2018: Setting lastTestMethodIndex: 40792
Tue May 15 17:48:07 UTC 2018: Starting linking
Tue May 15 17:48:08 UTC 2018: No link for: org.apache.hadoop.hbase.codec.TestCellCodec-testEmptyWorks
Tue May 15 17:48:08 UTC 2018: None match not added in database because it already exists
Tue May 15 17:48:08 UTC 2018: No link for: org.apache.hadoop.hbase.codec.TestCellCodec-testThree
Tue May 15 17:48:08 UTC 2018: No link for: org.apache.hadoop.hbase.codec.TestCellCodec-testOne
Tue May 15 17:48:08 UTC 2018: None match not added in database because it already exists
Tue May 15 17:48:08 UTC 2018: Linking done for flyingandrunning__hbase test class org.apache.hadoop.hbase.codec.TestCellCodec
Tue May 15 17:48:09 UTC 2018: Found element on the queue
Tue May 15 17:48:09 UTC 2018: Updating status
Tue May 15 17:48:09 UTC 2018: Working
Tue May 15 17:48:11 UTC 2018: Start flyingandrunning__hbase test class org.apache.hadoop.hbase.codec.TestCellCodecWithTags
Tue May 15 17:48:11 UTC 2018: Setting lastTestMethodIndex: 40794
Tue May 15 17:48:11 UTC 2018: Starting linking
Tue May 15 17:48:11 UTC 2018: No link for: org.apache.hadoop.hbase.codec.TestCellCodecWithTags-testCellWithTag
Tue May 15 17:48:12 UTC 2018: Linking done for flyingandrunning__hbase test class org.apache.hadoop.hbase.codec.TestCellCodecWithTags
Tue May 15 17:48:12 UTC 2018: Found element on the queue
Tue May 15 17:48:12 UTC 2018: Updating status
Tue May 15 17:48:12 UTC 2018: Working
Tue May 15 17:48:14 UTC 2018: Start flyingandrunning__hbase test class org.apache.hadoop.hbase.codec.TestKeyValueCodecWithTags
Tue May 15 17:48:14 UTC 2018: Setting lastTestMethodIndex: 40796
Tue May 15 17:48:14 UTC 2018: Starting linking
Tue May 15 17:48:14 UTC 2018: No link for: org.apache.hadoop.hbase.codec.TestKeyValueCodecWithTags-testKeyValueWithTag
Tue May 15 17:48:15 UTC 2018: Linking done for flyingandrunning__hbase test class org.apache.hadoop.hbase.codec.TestKeyValueCodecWithTags
Tue May 15 17:48:15 UTC 2018: Found element on the queue
Tue May 15 17:48:15 UTC 2018: Updating status
Tue May 15 17:48:15 UTC 2018: Working
Tue May 15 17:48:18 UTC 2018: Start flyingandrunning__hbase test class org.apache.hadoop.hbase.codec.TestKeyValueCodec
Tue May 15 17:48:18 UTC 2018: Setting lastTestMethodIndex: 40798
Tue May 15 17:48:18 UTC 2018: Starting linking
Tue May 15 17:48:18 UTC 2018: No link for: org.apache.hadoop.hbase.codec.TestKeyValueCodec-testEmptyWorks
Tue May 15 17:48:18 UTC 2018: None match not added in database because it already exists
Tue May 15 17:48:18 UTC 2018: No link for: org.apache.hadoop.hbase.codec.TestKeyValueCodec-testThree
Tue May 15 17:48:18 UTC 2018: None match not added in database because it already exists
Tue May 15 17:48:18 UTC 2018: No link for: org.apache.hadoop.hbase.codec.TestKeyValueCodec-testOne
Tue May 15 17:48:18 UTC 2018: None match not added in database because it already exists
Tue May 15 17:48:18 UTC 2018: Linking done for flyingandrunning__hbase test class org.apache.hadoop.hbase.codec.TestKeyValueCodec
Tue May 15 17:48:19 UTC 2018: Found element on the queue
Tue May 15 17:48:19 UTC 2018: Updating status
Tue May 15 17:48:19 UTC 2018: Working
Tue May 15 17:48:21 UTC 2018: Start flyingandrunning__hbase test class org.apache.hadoop.hbase.io.TestByteBufferInputStream
Tue May 15 17:48:21 UTC 2018: Setting lastTestMethodIndex: 40800
Tue May 15 17:48:21 UTC 2018: Starting linking
Tue May 15 17:48:21 UTC 2018: Code found org.apache.hadoop.hbase.io.ByteBufferInputStream-read with org.apache.hadoop.hbase.io.TestByteBufferInputStream-testReads
Tue May 15 17:48:21 UTC 2018: Linking done for flyingandrunning__hbase test class org.apache.hadoop.hbase.io.TestByteBufferInputStream
Tue May 15 17:48:22 UTC 2018: Found element on the queue
Tue May 15 17:48:22 UTC 2018: Updating status
Tue May 15 17:48:22 UTC 2018: Working
Tue May 15 17:48:24 UTC 2018: Start flyingandrunning__hbase test class org.apache.hadoop.hbase.io.crypto.aes.TestAES
Tue May 15 17:48:24 UTC 2018: Setting lastTestMethodIndex: 40802
Tue May 15 17:48:24 UTC 2018: Starting linking
Tue May 15 17:48:24 UTC 2018: No link for: org.apache.hadoop.hbase.io.crypto.aes.TestAES-testAESAlgorithm
Tue May 15 17:48:24 UTC 2018: None match not added in database because it already exists
Tue May 15 17:48:24 UTC 2018: No link for: org.apache.hadoop.hbase.io.crypto.aes.TestAES-testAlternateRNG
Tue May 15 17:48:25 UTC 2018: None match not added in database because it already exists
Tue May 15 17:48:25 UTC 2018: Linking done for flyingandrunning__hbase test class org.apache.hadoop.hbase.io.crypto.aes.TestAES
Tue May 15 17:48:25 UTC 2018: Found element on the queue
Tue May 15 17:48:25 UTC 2018: Updating status
Tue May 15 17:48:25 UTC 2018: Working
Tue May 15 17:48:27 UTC 2018: Start flyingandrunning__hbase test class org.apache.hadoop.hbase.io.crypto.TestKeyStoreKeyProvider
Tue May 15 17:48:27 UTC 2018: Setting lastTestMethodIndex: 40804
Tue May 15 17:48:27 UTC 2018: Starting linking
Tue May 15 17:48:27 UTC 2018: No link for: org.apache.hadoop.hbase.io.crypto.TestKeyStoreKeyProvider-testKeyStoreKeyProviderWithPassword
Tue May 15 17:48:28 UTC 2018: None match not added in database because it already exists
Tue May 15 17:48:28 UTC 2018: No link for: org.apache.hadoop.hbase.io.crypto.TestKeyStoreKeyProvider-testKeyStoreKeyProviderWithPasswordFile
Tue May 15 17:48:28 UTC 2018: None match not added in database because it already exists
Tue May 15 17:48:28 UTC 2018: Linking done for flyingandrunning__hbase test class org.apache.hadoop.hbase.io.crypto.TestKeyStoreKeyProvider
Tue May 15 17:48:28 UTC 2018: Found element on the queue
Tue May 15 17:48:28 UTC 2018: Updating status
Tue May 15 17:48:28 UTC 2018: Working
Tue May 15 17:48:31 UTC 2018: Start flyingandrunning__hbase test class org.apache.hadoop.hbase.io.crypto.TestKeyProvider
Tue May 15 17:48:31 UTC 2018: Setting lastTestMethodIndex: 40806
Tue May 15 17:48:31 UTC 2018: Starting linking
Tue May 15 17:48:31 UTC 2018: No link for: org.apache.hadoop.hbase.io.crypto.TestKeyProvider-testTestProvider
Tue May 15 17:48:31 UTC 2018: None match not added in database because it already exists
Tue May 15 17:48:31 UTC 2018: Linking done for flyingandrunning__hbase test class org.apache.hadoop.hbase.io.crypto.TestKeyProvider
Tue May 15 17:48:31 UTC 2018: Found element on the queue
Tue May 15 17:48:31 UTC 2018: Updating status
Tue May 15 17:48:31 UTC 2018: Working
Tue May 15 17:48:34 UTC 2018: Start flyingandrunning__hbase test class org.apache.hadoop.hbase.io.crypto.TestCipherProvider
Tue May 15 17:48:34 UTC 2018: Setting lastTestMethodIndex: 40808
Tue May 15 17:48:34 UTC 2018: Starting linking
Tue May 15 17:48:34 UTC 2018: Linking done for flyingandrunning__hbase test class org.apache.hadoop.hbase.io.crypto.TestCipherProvider
Tue May 15 17:48:34 UTC 2018: Found element on the queue
Tue May 15 17:48:34 UTC 2018: Updating status
Tue May 15 17:48:34 UTC 2018: Working
Tue May 15 17:48:37 UTC 2018: Start flyingandrunning__hbase test class org.apache.hadoop.hbase.io.crypto.TestEncryption
Tue May 15 17:48:37 UTC 2018: Setting lastTestMethodIndex: 40810
Tue May 15 17:48:37 UTC 2018: Starting linking
Tue May 15 17:48:37 UTC 2018: No link for: org.apache.hadoop.hbase.io.crypto.TestEncryption-testTypicalHFileBlocks
Tue May 15 17:48:38 UTC 2018: None match not added in database because it already exists
Tue May 15 17:48:38 UTC 2018: No link for: org.apache.hadoop.hbase.io.crypto.TestEncryption-testLargeBlocks
Tue May 15 17:48:38 UTC 2018: None match not added in database because it already exists
Tue May 15 17:48:38 UTC 2018: No link for: org.apache.hadoop.hbase.io.crypto.TestEncryption-testSmallBlocks
Tue May 15 17:48:38 UTC 2018: None match not added in database because it already exists
Tue May 15 17:48:38 UTC 2018: No link for: org.apache.hadoop.hbase.io.crypto.TestEncryption-testOddSizedBlocks
Tue May 15 17:48:38 UTC 2018: None match not added in database because it already exists
Tue May 15 17:48:38 UTC 2018: Linking done for flyingandrunning__hbase test class org.apache.hadoop.hbase.io.crypto.TestEncryption
Tue May 15 17:48:38 UTC 2018: Found element on the queue
Tue May 15 17:48:38 UTC 2018: Updating status
Tue May 15 17:48:38 UTC 2018: Working
Tue May 15 17:48:41 UTC 2018: Start flyingandrunning__hbase test class org.apache.hadoop.hbase.io.TestTagCompressionContext
Tue May 15 17:48:41 UTC 2018: Setting lastTestMethodIndex: 40812
Tue May 15 17:48:41 UTC 2018: Starting linking
Tue May 15 17:48:41 UTC 2018: Code found org.apache.hadoop.hbase.io.TagCompressionContext-uncompressTags with org.apache.hadoop.hbase.io.TestTagCompressionContext-testCompressUncompressTags2
Tue May 15 17:48:41 UTC 2018: Code found org.apache.hadoop.hbase.io.TagCompressionContext-uncompressTags with org.apache.hadoop.hbase.io.TestTagCompressionContext-testCompressUncompressTags1
Tue May 15 17:48:41 UTC 2018: Linking done for flyingandrunning__hbase test class org.apache.hadoop.hbase.io.TestTagCompressionContext
Tue May 15 17:48:42 UTC 2018: Found element on the queue
Tue May 15 17:48:42 UTC 2018: Updating status
Tue May 15 17:48:42 UTC 2018: Working
Tue May 15 17:48:44 UTC 2018: Start flyingandrunning__hbase test class org.apache.hadoop.hbase.io.TestBoundedByteBufferPool
Tue May 15 17:48:44 UTC 2018: Setting lastTestMethodIndex: 40814
Tue May 15 17:48:44 UTC 2018: Starting linking
Tue May 15 17:48:44 UTC 2018: No link for: org.apache.hadoop.hbase.io.TestBoundedByteBufferPool-testEquivalence
Tue May 15 17:48:45 UTC 2018: No link for: org.apache.hadoop.hbase.io.TestBoundedByteBufferPool-testGetPut
Tue May 15 17:48:45 UTC 2018: No link for: org.apache.hadoop.hbase.io.TestBoundedByteBufferPool-testBufferSizeGrowWithMultiThread
Tue May 15 17:48:45 UTC 2018: Linking done for flyingandrunning__hbase test class org.apache.hadoop.hbase.io.TestBoundedByteBufferPool
Tue May 15 17:48:45 UTC 2018: Found element on the queue
Tue May 15 17:48:45 UTC 2018: Updating status
Tue May 15 17:48:45 UTC 2018: Working
Tue May 15 17:48:48 UTC 2018: Start flyingandrunning__hbase test class org.apache.hadoop.hbase.io.util.TestLRUDictionary
Tue May 15 17:48:48 UTC 2018: Setting lastTestMethodIndex: 40815
Tue May 15 17:48:48 UTC 2018: Starting linking
Tue May 15 17:48:48 UTC 2018: Code found org.apache.hadoop.hbase.io.util.LRUDictionary-addEntry with org.apache.hadoop.hbase.io.util.TestLRUDictionary-testPassingSameArrayToAddEntry
Tue May 15 17:48:48 UTC 2018: Match not added in database because it already exists
Tue May 15 17:48:48 UTC 2018: Code found org.apache.hadoop.hbase.io.util.LRUDictionary-findEntry with org.apache.hadoop.hbase.io.util.TestLRUDictionary-testPassingEmptyArrayToFindEntry
Tue May 15 17:48:48 UTC 2018: Match not added in database because it already exists
Tue May 15 17:48:48 UTC 2018: No link for: org.apache.hadoop.hbase.io.util.TestLRUDictionary-TestContainsNothing
Tue May 15 17:48:48 UTC 2018: None match not added in database because it already exists
Tue May 15 17:48:48 UTC 2018: No link for: org.apache.hadoop.hbase.io.util.TestLRUDictionary-TestLRUPolicy
Tue May 15 17:48:48 UTC 2018: None match not added in database because it already exists
Tue May 15 17:48:48 UTC 2018: No link for: org.apache.hadoop.hbase.io.util.TestLRUDictionary-testBasic
Tue May 15 17:48:48 UTC 2018: None match not added in database because it already exists
Tue May 15 17:48:48 UTC 2018: Linking done for flyingandrunning__hbase test class org.apache.hadoop.hbase.io.util.TestLRUDictionary
Tue May 15 17:48:49 UTC 2018: Found element on the queue
Tue May 15 17:48:49 UTC 2018: Updating status
Tue May 15 17:48:49 UTC 2018: Working
Tue May 15 17:48:51 UTC 2018: Start flyingandrunning__hbase test class org.apache.hadoop.hbase.TestCellUtil
Tue May 15 17:48:51 UTC 2018: Setting lastTestMethodIndex: 40818
Tue May 15 17:48:51 UTC 2018: Starting linking
Tue May 15 17:48:51 UTC 2018: Linking done for flyingandrunning__hbase test class org.apache.hadoop.hbase.TestCellUtil
Tue May 15 17:48:52 UTC 2018: Found element on the queue
Tue May 15 17:48:52 UTC 2018: Updating status
Tue May 15 17:48:52 UTC 2018: Working
Tue May 15 17:48:54 UTC 2018: Start flyingandrunning__hbase test class org.apache.hadoop.hbase.TestKeyValue
Tue May 15 17:48:54 UTC 2018: Setting lastTestMethodIndex: 40819
Tue May 15 17:48:54 UTC 2018: Starting linking
Tue May 15 17:48:54 UTC 2018: Linking done for flyingandrunning__hbase test class org.apache.hadoop.hbase.TestKeyValue
Tue May 15 17:48:54 UTC 2018: Found element on the queue
Tue May 15 17:48:54 UTC 2018: Updating status
Tue May 15 17:48:55 UTC 2018: Working
Tue May 15 17:48:57 UTC 2018: Start flyingandrunning__hbase test class org.apache.hadoop.hbase.TestClassFinder
Tue May 15 17:48:57 UTC 2018: Setting lastTestMethodIndex: 40821
Tue May 15 17:48:57 UTC 2018: Starting linking
Tue May 15 17:48:57 UTC 2018: No link for: org.apache.hadoop.hbase.TestClassFinder-testClassFinderFiltersByPathInDirs
Tue May 15 17:48:57 UTC 2018: None match not added in database because it already exists
Tue May 15 17:48:57 UTC 2018: No link for: org.apache.hadoop.hbase.TestClassFinder-testClassFinderFiltersByClassInDirs
Tue May 15 17:48:58 UTC 2018: None match not added in database because it already exists
Tue May 15 17:48:58 UTC 2018: No link for: org.apache.hadoop.hbase.TestClassFinder-testClassFinderCanFindClassesInJars
Tue May 15 17:48:58 UTC 2018: None match not added in database because it already exists
Tue May 15 17:48:58 UTC 2018: No link for: org.apache.hadoop.hbase.TestClassFinder-testClassFinderCanFindClassesInDirs
Tue May 15 17:48:58 UTC 2018: None match not added in database because it already exists
Tue May 15 17:48:58 UTC 2018: No link for: org.apache.hadoop.hbase.TestClassFinder-testClassFinderHandlesNestedPackages
Tue May 15 17:48:58 UTC 2018: None match not added in database because it already exists
Tue May 15 17:48:58 UTC 2018: No link for: org.apache.hadoop.hbase.TestClassFinder-testClassFinderFiltersByPathInJar
Tue May 15 17:48:58 UTC 2018: None match not added in database because it already exists
Tue May 15 17:48:58 UTC 2018: No link for: org.apache.hadoop.hbase.TestClassFinder-testClassFinderFiltersByNameInJar
Tue May 15 17:48:58 UTC 2018: None match not added in database because it already exists
Tue May 15 17:48:58 UTC 2018: No link for: org.apache.hadoop.hbase.TestClassFinder-testClassFinderFiltersByClassInJar
Tue May 15 17:48:58 UTC 2018: None match not added in database because it already exists
Tue May 15 17:48:58 UTC 2018: No link for: org.apache.hadoop.hbase.TestClassFinder-testClassFinderDefaultsToOwnPackage
Tue May 15 17:48:59 UTC 2018: None match not added in database because it already exists
Tue May 15 17:48:59 UTC 2018: No link for: org.apache.hadoop.hbase.TestClassFinder-testClassFinderHandlesConflicts
Tue May 15 17:48:59 UTC 2018: None match not added in database because it already exists
Tue May 15 17:48:59 UTC 2018: No link for: org.apache.hadoop.hbase.TestClassFinder-testClassFinderFiltersByNameInDirs
Tue May 15 17:48:59 UTC 2018: None match not added in database because it already exists
Tue May 15 17:48:59 UTC 2018: Linking done for flyingandrunning__hbase test class org.apache.hadoop.hbase.TestClassFinder
Tue May 15 17:48:59 UTC 2018: Found element on the queue
Tue May 15 17:48:59 UTC 2018: Updating status
Tue May 15 17:48:59 UTC 2018: Working
Tue May 15 17:49:02 UTC 2018: Start flyingandrunning__hbase test class org.apache.hadoop.hbase.TestCellComparator
Tue May 15 17:49:02 UTC 2018: Setting lastTestMethodIndex: 40823
Tue May 15 17:49:02 UTC 2018: Starting linking
Tue May 15 17:49:02 UTC 2018: Code found org.apache.hadoop.hbase.CellComparator-compare with org.apache.hadoop.hbase.TestCellComparator-testCompareCells
Tue May 15 17:49:02 UTC 2018: No link for: org.apache.hadoop.hbase.TestCellComparator-testGetShortMidpoint
Tue May 15 17:49:02 UTC 2018: Linking done for flyingandrunning__hbase test class org.apache.hadoop.hbase.TestCellComparator
Tue May 15 17:49:03 UTC 2018: Found element on the queue
Tue May 15 17:49:03 UTC 2018: Updating status
Tue May 15 17:49:03 UTC 2018: Working
Tue May 15 17:49:05 UTC 2018: Start flyingandrunning__hbase test class org.apache.hadoop.hbase.TestHBaseConfiguration
Tue May 15 17:49:05 UTC 2018: Setting lastTestMethodIndex: 40825
Tue May 15 17:49:05 UTC 2018: Starting linking
Tue May 15 17:49:05 UTC 2018: Code found org.apache.hadoop.hbase.HBaseConfiguration-getInt with org.apache.hadoop.hbase.TestHBaseConfiguration-testGetIntDeprecated
Tue May 15 17:49:06 UTC 2018: Match not added in database because it already exists
Tue May 15 17:49:06 UTC 2018: Code found org.apache.hadoop.hbase.HBaseConfiguration-getPassword with org.apache.hadoop.hbase.TestHBaseConfiguration-testGetPassword
Tue May 15 17:49:06 UTC 2018: Match not added in database because it already exists
Tue May 15 17:49:06 UTC 2018: Code found org.apache.hadoop.hbase.HBaseConfiguration-subset with org.apache.hadoop.hbase.TestHBaseConfiguration-testSubset
Tue May 15 17:49:06 UTC 2018: Match not added in database because it already exists
Tue May 15 17:49:06 UTC 2018: Linking done for flyingandrunning__hbase test class org.apache.hadoop.hbase.TestHBaseConfiguration
Tue May 15 17:49:06 UTC 2018: Found element on the queue
Tue May 15 17:49:06 UTC 2018: Updating status
Tue May 15 17:49:06 UTC 2018: Working
Tue May 15 17:49:09 UTC 2018: Start flyingandrunning__hbase test class org.apache.hadoop.hbase.util.TestKeyLocker
Tue May 15 17:49:09 UTC 2018: Setting lastTestMethodIndex: 40827
Tue May 15 17:49:09 UTC 2018: Starting linking
Tue May 15 17:49:09 UTC 2018: No link for: org.apache.hadoop.hbase.util.TestKeyLocker-testLocker
Tue May 15 17:49:09 UTC 2018: Linking done for flyingandrunning__hbase test class org.apache.hadoop.hbase.util.TestKeyLocker
Tue May 15 17:49:10 UTC 2018: Found element on the queue
Tue May 15 17:49:10 UTC 2018: Updating status
Tue May 15 17:49:10 UTC 2018: Working
Tue May 15 17:49:12 UTC 2018: Start flyingandrunning__hbase test class org.apache.hadoop.hbase.util.TestCounter
Tue May 15 17:49:12 UTC 2018: Setting lastTestMethodIndex: 40829
Tue May 15 17:49:12 UTC 2018: Starting linking
Tue May 15 17:49:12 UTC 2018: Linking done for flyingandrunning__hbase test class org.apache.hadoop.hbase.util.TestCounter
Tue May 15 17:49:13 UTC 2018: Found element on the queue
Tue May 15 17:49:13 UTC 2018: Updating status
Tue May 15 17:49:13 UTC 2018: Working
Tue May 15 17:49:15 UTC 2018: Start flyingandrunning__hbase test class org.apache.hadoop.hbase.util.TestCoprocessorClassLoader
Tue May 15 17:49:15 UTC 2018: Setting lastTestMethodIndex: 40831
Tue May 15 17:49:15 UTC 2018: Starting linking
Tue May 15 17:49:15 UTC 2018: No link for: org.apache.hadoop.hbase.util.TestCoprocessorClassLoader-testRelativeLibJarName
Tue May 15 17:49:15 UTC 2018: None match not added in database because it already exists
Tue May 15 17:49:15 UTC 2018: No link for: org.apache.hadoop.hbase.util.TestCoprocessorClassLoader-testCleanupOldJars
Tue May 15 17:49:16 UTC 2018: None match not added in database because it already exists
Tue May 15 17:49:16 UTC 2018: No link for: org.apache.hadoop.hbase.util.TestCoprocessorClassLoader-testLibJarName
Tue May 15 17:49:16 UTC 2018: None match not added in database because it already exists
Tue May 15 17:49:16 UTC 2018: Linking done for flyingandrunning__hbase test class org.apache.hadoop.hbase.util.TestCoprocessorClassLoader
Tue May 15 17:49:16 UTC 2018: Found element on the queue
Tue May 15 17:49:16 UTC 2018: Updating status
Tue May 15 17:49:16 UTC 2018: Working
Tue May 15 17:49:19 UTC 2018: Start flyingandrunning__hbase test class org.apache.hadoop.hbase.util.TestLoadTestKVGenerator
Tue May 15 17:49:19 UTC 2018: Setting lastTestMethodIndex: 40833
Tue May 15 17:49:19 UTC 2018: Starting linking
Tue May 15 17:49:19 UTC 2018: No link for: org.apache.hadoop.hbase.util.TestLoadTestKVGenerator-testVerification
Tue May 15 17:49:19 UTC 2018: None match not added in database because it already exists
Tue May 15 17:49:19 UTC 2018: No link for: org.apache.hadoop.hbase.util.TestLoadTestKVGenerator-testCorrectAndUniqueKeys
Tue May 15 17:49:19 UTC 2018: None match not added in database because it already exists
Tue May 15 17:49:19 UTC 2018: No link for: org.apache.hadoop.hbase.util.TestLoadTestKVGenerator-testValueLength
Tue May 15 17:49:19 UTC 2018: None match not added in database because it already exists
Tue May 15 17:49:19 UTC 2018: Linking done for flyingandrunning__hbase test class org.apache.hadoop.hbase.util.TestLoadTestKVGenerator
Tue May 15 17:49:20 UTC 2018: Found element on the queue
Tue May 15 17:49:20 UTC 2018: Updating status
Tue May 15 17:49:20 UTC 2018: Working
Tue May 15 17:49:22 UTC 2018: Start flyingandrunning__hbase test class org.apache.hadoop.hbase.util.TestShowProperties
Tue May 15 17:49:22 UTC 2018: Setting lastTestMethodIndex: 40835
Tue May 15 17:49:22 UTC 2018: Starting linking
Tue May 15 17:49:22 UTC 2018: No link for: org.apache.hadoop.hbase.util.TestShowProperties-testShowProperty
Tue May 15 17:49:22 UTC 2018: None match not added in database because it already exists
Tue May 15 17:49:22 UTC 2018: Linking done for flyingandrunning__hbase test class org.apache.hadoop.hbase.util.TestShowProperties
Tue May 15 17:49:23 UTC 2018: Found element on the queue
Tue May 15 17:49:23 UTC 2018: Updating status
Tue May 15 17:49:23 UTC 2018: Working
Tue May 15 17:49:25 UTC 2018: Start flyingandrunning__hbase test class org.apache.hadoop.hbase.util.TestDrainBarrier
Tue May 15 17:49:25 UTC 2018: Setting lastTestMethodIndex: 40837
Tue May 15 17:49:25 UTC 2018: Starting linking
Tue May 15 17:49:25 UTC 2018: No link for: org.apache.hadoop.hbase.util.TestDrainBarrier-testMultipleStopOnceAssert
Tue May 15 17:49:25 UTC 2018: None match not added in database because it already exists
Tue May 15 17:49:25 UTC 2018: No link for: org.apache.hadoop.hbase.util.TestDrainBarrier-testBeginEndStopWork
Tue May 15 17:49:25 UTC 2018: None match not added in database because it already exists
Tue May 15 17:49:25 UTC 2018: No link for: org.apache.hadoop.hbase.util.TestDrainBarrier-testUnmatchedEndAssert
Tue May 15 17:49:25 UTC 2018: None match not added in database because it already exists
Tue May 15 17:49:25 UTC 2018: No link for: org.apache.hadoop.hbase.util.TestDrainBarrier-testStopWithoutOpsDoesntBlock
Tue May 15 17:49:26 UTC 2018: None match not added in database because it already exists
Tue May 15 17:49:26 UTC 2018: No link for: org.apache.hadoop.hbase.util.TestDrainBarrier-testMultipleSloppyStopsHaveNoEffect
Tue May 15 17:49:26 UTC 2018: None match not added in database because it already exists
Tue May 15 17:49:26 UTC 2018: No link for: org.apache.hadoop.hbase.util.TestDrainBarrier-testStopIsBlockedByOps
Tue May 15 17:49:26 UTC 2018: None match not added in database because it already exists
Tue May 15 17:49:26 UTC 2018: Linking done for flyingandrunning__hbase test class org.apache.hadoop.hbase.util.TestDrainBarrier
Tue May 15 17:49:26 UTC 2018: Found element on the queue
Tue May 15 17:49:26 UTC 2018: Updating status
Tue May 15 17:49:26 UTC 2018: Working
Tue May 15 17:49:29 UTC 2018: Start flyingandrunning__hbase test class org.apache.hadoop.hbase.util.TestSimplePositionedMutableByteRange
Tue May 15 17:49:29 UTC 2018: Setting lastTestMethodIndex: 40839
Tue May 15 17:49:29 UTC 2018: Starting linking
Tue May 15 17:49:29 UTC 2018: No link for: org.apache.hadoop.hbase.util.TestSimplePositionedMutableByteRange-testPutAndGetPrimitiveTypes
Tue May 15 17:49:29 UTC 2018: None match not added in database because it already exists
Tue May 15 17:49:29 UTC 2018: No link for: org.apache.hadoop.hbase.util.TestSimplePositionedMutableByteRange-testPutGetAPIsCompareWithBBAPIs
Tue May 15 17:49:29 UTC 2018: None match not added in database because it already exists
Tue May 15 17:49:29 UTC 2018: No link for: org.apache.hadoop.hbase.util.TestSimplePositionedMutableByteRange-testPosition
Tue May 15 17:49:29 UTC 2018: None match not added in database because it already exists
Tue May 15 17:49:29 UTC 2018: Linking done for flyingandrunning__hbase test class org.apache.hadoop.hbase.util.TestSimplePositionedMutableByteRange
Tue May 15 17:49:30 UTC 2018: Found element on the queue
Tue May 15 17:49:30 UTC 2018: Updating status
Tue May 15 17:49:30 UTC 2018: Working
Tue May 15 17:49:32 UTC 2018: Start flyingandrunning__hbase test class org.apache.hadoop.hbase.util.TestThreads
Tue May 15 17:49:32 UTC 2018: Setting lastTestMethodIndex: 40841
Tue May 15 17:49:32 UTC 2018: Starting linking
Tue May 15 17:49:32 UTC 2018: Code found org.apache.hadoop.hbase.util.Threads-sleep with org.apache.hadoop.hbase.util.TestThreads-testSleepWithoutInterrupt
Tue May 15 17:49:32 UTC 2018: Linking done for flyingandrunning__hbase test class org.apache.hadoop.hbase.util.TestThreads
Tue May 15 17:49:33 UTC 2018: Found element on the queue
Tue May 15 17:49:33 UTC 2018: Updating status
Tue May 15 17:49:33 UTC 2018: Working
Tue May 15 17:49:35 UTC 2018: Start flyingandrunning__hbase test class org.apache.hadoop.hbase.util.TestBytes
Tue May 15 17:49:35 UTC 2018: Setting lastTestMethodIndex: 40843
Tue May 15 17:49:35 UTC 2018: Starting linking
Tue May 15 17:49:35 UTC 2018: Linking done for flyingandrunning__hbase test class org.apache.hadoop.hbase.util.TestBytes
Tue May 15 17:49:36 UTC 2018: Found element on the queue
Tue May 15 17:49:36 UTC 2018: Updating status
Tue May 15 17:49:36 UTC 2018: Working
Tue May 15 17:49:39 UTC 2018: Start flyingandrunning__hbase test class org.apache.hadoop.hbase.util.TestOrderedBytes
Tue May 15 17:49:39 UTC 2018: Setting lastTestMethodIndex: 40845
Tue May 15 17:49:39 UTC 2018: Starting linking
Tue May 15 17:49:39 UTC 2018: Code found org.apache.hadoop.hbase.util.OrderedBytes-skip with org.apache.hadoop.hbase.util.TestOrderedBytes-testSkip
Tue May 15 17:49:39 UTC 2018: Match not added in database because it already exists
Tue May 15 17:49:39 UTC 2018: No link for: org.apache.hadoop.hbase.util.TestOrderedBytes-testVaruint64Boundaries
Tue May 15 17:49:39 UTC 2018: None match not added in database because it already exists
Tue May 15 17:49:39 UTC 2018: No link for: org.apache.hadoop.hbase.util.TestOrderedBytes-testBlobVar
Tue May 15 17:49:39 UTC 2018: None match not added in database because it already exists
Tue May 15 17:49:39 UTC 2018: No link for: org.apache.hadoop.hbase.util.TestOrderedBytes-testInt8
Tue May 15 17:49:39 UTC 2018: None match not added in database because it already exists
Tue May 15 17:49:39 UTC 2018: No link for: org.apache.hadoop.hbase.util.TestOrderedBytes-testNumericInt
Tue May 15 17:49:39 UTC 2018: None match not added in database because it already exists
Tue May 15 17:49:39 UTC 2018: No link for: org.apache.hadoop.hbase.util.TestOrderedBytes-testBlobVarLencodedLength
Tue May 15 17:49:40 UTC 2018: None match not added in database because it already exists
Tue May 15 17:49:40 UTC 2018: No link for: org.apache.hadoop.hbase.util.TestOrderedBytes-testFloat64
Tue May 15 17:49:40 UTC 2018: None match not added in database because it already exists
Tue May 15 17:49:40 UTC 2018: No link for: org.apache.hadoop.hbase.util.TestOrderedBytes-testFloat32
Tue May 15 17:49:40 UTC 2018: None match not added in database because it already exists
Tue May 15 17:49:40 UTC 2018: No link for: org.apache.hadoop.hbase.util.TestOrderedBytes-testStringNoNullChars
Tue May 15 17:49:40 UTC 2018: None match not added in database because it already exists
Tue May 15 17:49:40 UTC 2018: No link for: org.apache.hadoop.hbase.util.TestOrderedBytes-testBlobCopyNoZeroBytes
Tue May 15 17:49:40 UTC 2018: None match not added in database because it already exists
Tue May 15 17:49:40 UTC 2018: No link for: org.apache.hadoop.hbase.util.TestOrderedBytes-testInt16
Tue May 15 17:49:40 UTC 2018: None match not added in database because it already exists
Tue May 15 17:49:40 UTC 2018: No link for: org.apache.hadoop.hbase.util.TestOrderedBytes-testBlobCopy
Tue May 15 17:49:40 UTC 2018: None match not added in database because it already exists
Tue May 15 17:49:40 UTC 2018: No link for: org.apache.hadoop.hbase.util.TestOrderedBytes-testNumericOther
Tue May 15 17:49:41 UTC 2018: None match not added in database because it already exists
Tue May 15 17:49:41 UTC 2018: No link for: org.apache.hadoop.hbase.util.TestOrderedBytes-testInt64
Tue May 15 17:49:41 UTC 2018: None match not added in database because it already exists
Tue May 15 17:49:41 UTC 2018: No link for: org.apache.hadoop.hbase.util.TestOrderedBytes-testNumericIntRealCompatibility
Tue May 15 17:49:41 UTC 2018: None match not added in database because it already exists
Tue May 15 17:49:41 UTC 2018: No link for: org.apache.hadoop.hbase.util.TestOrderedBytes-testInt32
Tue May 15 17:49:41 UTC 2018: None match not added in database because it already exists
Tue May 15 17:49:41 UTC 2018: No link for: org.apache.hadoop.hbase.util.TestOrderedBytes-testVerifyTestIntegrity
Tue May 15 17:49:41 UTC 2018: None match not added in database because it already exists
Tue May 15 17:49:41 UTC 2018: No link for: org.apache.hadoop.hbase.util.TestOrderedBytes-testString
Tue May 15 17:49:41 UTC 2018: None match not added in database because it already exists
Tue May 15 17:49:41 UTC 2018: No link for: org.apache.hadoop.hbase.util.TestOrderedBytes-testNumericReal
Tue May 15 17:49:41 UTC 2018: None match not added in database because it already exists
Tue May 15 17:49:41 UTC 2018: No link for: org.apache.hadoop.hbase.util.TestOrderedBytes-testEncodedValueCheck
Tue May 15 17:49:42 UTC 2018: None match not added in database because it already exists
Tue May 15 17:49:42 UTC 2018: Linking done for flyingandrunning__hbase test class org.apache.hadoop.hbase.util.TestOrderedBytes
Tue May 15 17:49:42 UTC 2018: Found element on the queue
Tue May 15 17:49:42 UTC 2018: Updating status
Tue May 15 17:49:42 UTC 2018: Working
Tue May 15 17:49:45 UTC 2018: Start flyingandrunning__hbase test class org.apache.hadoop.hbase.util.TestByteRangeWithKVSerialization
Tue May 15 17:49:45 UTC 2018: Setting lastTestMethodIndex: 40848
Tue May 15 17:49:45 UTC 2018: Starting linking
Tue May 15 17:49:45 UTC 2018: No link for: org.apache.hadoop.hbase.util.TestByteRangeWithKVSerialization-testWritingAndReadingCells
Tue May 15 17:49:45 UTC 2018: Linking done for flyingandrunning__hbase test class org.apache.hadoop.hbase.util.TestByteRangeWithKVSerialization
Tue May 15 17:49:46 UTC 2018: Found element on the queue
Tue May 15 17:49:46 UTC 2018: Updating status
Tue May 15 17:49:46 UTC 2018: Working
Tue May 15 17:49:48 UTC 2018: Start flyingandrunning__hbase test class org.apache.hadoop.hbase.util.TestEnvironmentEdgeManager
Tue May 15 17:49:48 UTC 2018: Setting lastTestMethodIndex: 40850
Tue May 15 17:49:48 UTC 2018: Starting linking
Tue May 15 17:49:48 UTC 2018: Code found org.apache.hadoop.hbase.util.EnvironmentEdgeManager-currentTime with org.apache.hadoop.hbase.util.TestEnvironmentEdgeManager-testCurrentTimeInMillis
Tue May 15 17:49:48 UTC 2018: No link for: org.apache.hadoop.hbase.util.TestEnvironmentEdgeManager-testManageSingleton
Tue May 15 17:49:48 UTC 2018: None match not added in database because it already exists
Tue May 15 17:49:48 UTC 2018: Linking done for flyingandrunning__hbase test class org.apache.hadoop.hbase.util.TestEnvironmentEdgeManager
Tue May 15 17:49:49 UTC 2018: Found element on the queue
Tue May 15 17:49:49 UTC 2018: Updating status
Tue May 15 17:49:49 UTC 2018: Working
Tue May 15 17:49:51 UTC 2018: Start flyingandrunning__hbase test class org.apache.hadoop.hbase.util.TestBoundedArrayQueue
Tue May 15 17:49:51 UTC 2018: Setting lastTestMethodIndex: 40851
Tue May 15 17:49:51 UTC 2018: Starting linking
Tue May 15 17:49:51 UTC 2018: No link for: org.apache.hadoop.hbase.util.TestBoundedArrayQueue-testBoundedArrayQueueOperations
Tue May 15 17:49:51 UTC 2018: Linking done for flyingandrunning__hbase test class org.apache.hadoop.hbase.util.TestBoundedArrayQueue
Tue May 15 17:49:52 UTC 2018: Found element on the queue
Tue May 15 17:49:52 UTC 2018: Updating status
Tue May 15 17:49:52 UTC 2018: Working
Tue May 15 17:49:54 UTC 2018: Start flyingandrunning__hbase test class org.apache.hadoop.hbase.util.TestBase64
Tue May 15 17:49:54 UTC 2018: Setting lastTestMethodIndex: 40853
Tue May 15 17:49:54 UTC 2018: Starting linking
Tue May 15 17:49:54 UTC 2018: Linking done for flyingandrunning__hbase test class org.apache.hadoop.hbase.util.TestBase64
Tue May 15 17:49:55 UTC 2018: Found element on the queue
Tue May 15 17:49:55 UTC 2018: Updating status
Tue May 15 17:49:55 UTC 2018: Working
Tue May 15 17:49:58 UTC 2018: Start flyingandrunning__hbase test class org.apache.hadoop.hbase.util.TestOrder
Tue May 15 17:49:58 UTC 2018: Setting lastTestMethodIndex: 40855
Tue May 15 17:49:58 UTC 2018: Starting linking
Tue May 15 17:49:58 UTC 2018: No link for: org.apache.hadoop.hbase.util.TestOrder-testApplyDescending
Tue May 15 17:49:58 UTC 2018: None match not added in database because it already exists
Tue May 15 17:49:58 UTC 2018: No link for: org.apache.hadoop.hbase.util.TestOrder-testApplyAscending
Tue May 15 17:49:58 UTC 2018: None match not added in database because it already exists
Tue May 15 17:49:58 UTC 2018: Linking done for flyingandrunning__hbase test class org.apache.hadoop.hbase.util.TestOrder
Tue May 15 17:49:58 UTC 2018: Found element on the queue
Tue May 15 17:49:58 UTC 2018: Updating status
Tue May 15 17:49:58 UTC 2018: Working
Tue May 15 17:50:01 UTC 2018: Start flyingandrunning__hbase test class org.apache.hadoop.hbase.util.TestDynamicClassLoader
Tue May 15 17:50:01 UTC 2018: Setting lastTestMethodIndex: 40857
Tue May 15 17:50:01 UTC 2018: Starting linking
Tue May 15 17:50:01 UTC 2018: Code found org.apache.hadoop.hbase.util.DynamicClassLoader-loadClass with org.apache.hadoop.hbase.util.TestDynamicClassLoader-testLoadClassFromLocalPathWithDynamicDirOff
Tue May 15 17:50:01 UTC 2018: Match not added in database because it already exists
Tue May 15 17:50:01 UTC 2018: Code found org.apache.hadoop.hbase.util.DynamicClassLoader-loadClass with org.apache.hadoop.hbase.util.TestDynamicClassLoader-testLoadClassFromLocalPath
Tue May 15 17:50:01 UTC 2018: Match not added in database because it already exists
Tue May 15 17:50:01 UTC 2018: Code found org.apache.hadoop.hbase.util.DynamicClassLoader-loadClass with org.apache.hadoop.hbase.util.TestDynamicClassLoader-testLoadClassFromAnotherPath
Tue May 15 17:50:01 UTC 2018: Match not added in database because it already exists
Tue May 15 17:50:01 UTC 2018: Linking done for flyingandrunning__hbase test class org.apache.hadoop.hbase.util.TestDynamicClassLoader
Tue May 15 17:50:02 UTC 2018: Found element on the queue
Tue May 15 17:50:02 UTC 2018: Updating status
Tue May 15 17:50:02 UTC 2018: Working
Tue May 15 17:50:04 UTC 2018: Start flyingandrunning__hbase test class org.apache.hadoop.hbase.util.TestSimpleMutableByteRange
Tue May 15 17:50:04 UTC 2018: Setting lastTestMethodIndex: 40859
Tue May 15 17:50:04 UTC 2018: Starting linking
Tue May 15 17:50:04 UTC 2018: No link for: org.apache.hadoop.hbase.util.TestSimpleMutableByteRange-testEmpty
Tue May 15 17:50:05 UTC 2018: None match not added in database because it already exists
Tue May 15 17:50:05 UTC 2018: No link for: org.apache.hadoop.hbase.util.TestSimpleMutableByteRange-testPutandGetPrimitiveTypes
Tue May 15 17:50:05 UTC 2018: None match not added in database because it already exists
Tue May 15 17:50:05 UTC 2018: No link for: org.apache.hadoop.hbase.util.TestSimpleMutableByteRange-testBasics
Tue May 15 17:50:05 UTC 2018: None match not added in database because it already exists
Tue May 15 17:50:05 UTC 2018: Linking done for flyingandrunning__hbase test class org.apache.hadoop.hbase.util.TestSimpleMutableByteRange
Tue May 15 17:50:05 UTC 2018: Found element on the queue
Tue May 15 17:50:05 UTC 2018: Updating status
Tue May 15 17:50:05 UTC 2018: Working
Tue May 15 17:50:08 UTC 2018: Start flyingandrunning__hbase test class org.apache.hadoop.hbase.util.TestConcatenatedLists
Tue May 15 17:50:08 UTC 2018: Setting lastTestMethodIndex: 40861
Tue May 15 17:50:08 UTC 2018: Starting linking
Tue May 15 17:50:08 UTC 2018: No link for: org.apache.hadoop.hbase.util.TestConcatenatedLists-testManyOne
Tue May 15 17:50:08 UTC 2018: None match not added in database because it already exists
Tue May 15 17:50:08 UTC 2018: No link for: org.apache.hadoop.hbase.util.TestConcatenatedLists-testOneOne
Tue May 15 17:50:08 UTC 2018: None match not added in database because it already exists
Tue May 15 17:50:08 UTC 2018: No link for: org.apache.hadoop.hbase.util.TestConcatenatedLists-testUnsupportedOps
Tue May 15 17:50:08 UTC 2018: None match not added in database because it already exists
Tue May 15 17:50:08 UTC 2018: No link for: org.apache.hadoop.hbase.util.TestConcatenatedLists-testOneMany
Tue May 15 17:50:08 UTC 2018: None match not added in database because it already exists
Tue May 15 17:50:08 UTC 2018: No link for: org.apache.hadoop.hbase.util.TestConcatenatedLists-testEmpty
Tue May 15 17:50:09 UTC 2018: None match not added in database because it already exists
Tue May 15 17:50:09 UTC 2018: No link for: org.apache.hadoop.hbase.util.TestConcatenatedLists-testManyMany
Tue May 15 17:50:09 UTC 2018: None match not added in database because it already exists
Tue May 15 17:50:09 UTC 2018: Linking done for flyingandrunning__hbase test class org.apache.hadoop.hbase.util.TestConcatenatedLists
Tue May 15 17:50:09 UTC 2018: Found element on the queue
Tue May 15 17:50:09 UTC 2018: Updating status
Tue May 15 17:50:09 UTC 2018: Working
Tue May 15 17:50:12 UTC 2018: Start flyingandrunning__hbase test class org.apache.hadoop.hbase.TestTimeout
Tue May 15 17:50:12 UTC 2018: Setting lastTestMethodIndex: 40862
Tue May 15 17:50:12 UTC 2018: Starting linking
Tue May 15 17:50:12 UTC 2018: No link for: org.apache.hadoop.hbase.TestTimeout-infiniteLoop
Tue May 15 17:50:12 UTC 2018: None match not added in database because it already exists
Tue May 15 17:50:12 UTC 2018: No link for: org.apache.hadoop.hbase.TestTimeout-run1
Tue May 15 17:50:12 UTC 2018: None match not added in database because it already exists
Tue May 15 17:50:12 UTC 2018: Linking done for flyingandrunning__hbase test class org.apache.hadoop.hbase.TestTimeout
Tue May 15 17:50:13 UTC 2018: Found element on the queue
Tue May 15 17:50:13 UTC 2018: Updating status
Tue May 15 17:50:13 UTC 2018: Working
Tue May 15 17:50:15 UTC 2018: Start flyingandrunning__hbase test class org.apache.hadoop.hbase.zookeeper.TestZKConfig
Tue May 15 17:50:15 UTC 2018: Setting lastTestMethodIndex: 40864
Tue May 15 17:50:15 UTC 2018: Starting linking
Tue May 15 17:50:15 UTC 2018: Code found org.apache.hadoop.hbase.zookeeper.ZKConfig-getZooKeeperClusterKey with org.apache.hadoop.hbase.zookeeper.TestZKConfig-testGetZooKeeperClusterKey
Tue May 15 17:50:15 UTC 2018: Match not added in database because it already exists
Tue May 15 17:50:15 UTC 2018: No link for: org.apache.hadoop.hbase.zookeeper.TestZKConfig-testClusterKey
Tue May 15 17:50:15 UTC 2018: None match not added in database because it already exists
Tue May 15 17:50:15 UTC 2018: No link for: org.apache.hadoop.hbase.zookeeper.TestZKConfig-testZKConfigLoading
Tue May 15 17:50:15 UTC 2018: None match not added in database because it already exists
Tue May 15 17:50:15 UTC 2018: No link for: org.apache.hadoop.hbase.zookeeper.TestZKConfig-testClusterKeyWithMultiplePorts
Tue May 15 17:50:16 UTC 2018: None match not added in database because it already exists
Tue May 15 17:50:16 UTC 2018: Linking done for flyingandrunning__hbase test class org.apache.hadoop.hbase.zookeeper.TestZKConfig
Tue May 15 17:50:16 UTC 2018: Found element on the queue
Tue May 15 17:50:16 UTC 2018: Updating status
Tue May 15 17:50:16 UTC 2018: Working
Tue May 15 17:50:19 UTC 2018: Start flyingandrunning__hbase test class org.apache.hadoop.hbase.types.TestStructNullExtension
Tue May 15 17:50:19 UTC 2018: Setting lastTestMethodIndex: 40866
Tue May 15 17:50:19 UTC 2018: Starting linking
Tue May 15 17:50:19 UTC 2018: No link for: org.apache.hadoop.hbase.types.TestStructNullExtension-testNonNullableNullExtension
Tue May 15 17:50:19 UTC 2018: None match not added in database because it already exists
Tue May 15 17:50:19 UTC 2018: No link for: org.apache.hadoop.hbase.types.TestStructNullExtension-testNullableNullExtension
Tue May 15 17:50:19 UTC 2018: None match not added in database because it already exists
Tue May 15 17:50:19 UTC 2018: Linking done for flyingandrunning__hbase test class org.apache.hadoop.hbase.types.TestStructNullExtension
Tue May 15 17:50:19 UTC 2018: Found element on the queue
Tue May 15 17:50:19 UTC 2018: Updating status
Tue May 15 17:50:19 UTC 2018: Working
Tue May 15 17:50:22 UTC 2018: Start flyingandrunning__hbase test class org.apache.hadoop.hbase.types.TestUnion2
Tue May 15 17:50:22 UTC 2018: Setting lastTestMethodIndex: 40867
Tue May 15 17:50:22 UTC 2018: Starting linking
Tue May 15 17:50:22 UTC 2018: Linking done for flyingandrunning__hbase test class org.apache.hadoop.hbase.types.TestUnion2
Tue May 15 17:50:22 UTC 2018: Found element on the queue
Tue May 15 17:50:22 UTC 2018: Updating status
Tue May 15 17:50:22 UTC 2018: Working
Tue May 15 17:50:25 UTC 2018: Start flyingandrunning__hbase test class org.apache.hadoop.hbase.types.TestFixedLengthWrapper
Tue May 15 17:50:25 UTC 2018: Setting lastTestMethodIndex: 40869
Tue May 15 17:50:25 UTC 2018: Starting linking
Tue May 15 17:50:25 UTC 2018: No link for: org.apache.hadoop.hbase.types.TestFixedLengthWrapper-testOverflowPassthrough
Tue May 15 17:50:25 UTC 2018: None match not added in database because it already exists
Tue May 15 17:50:25 UTC 2018: No link for: org.apache.hadoop.hbase.types.TestFixedLengthWrapper-testReadWrite
Tue May 15 17:50:25 UTC 2018: None match not added in database because it already exists
Tue May 15 17:50:25 UTC 2018: No link for: org.apache.hadoop.hbase.types.TestFixedLengthWrapper-testInsufficientRemainingRead
Tue May 15 17:50:25 UTC 2018: None match not added in database because it already exists
Tue May 15 17:50:25 UTC 2018: No link for: org.apache.hadoop.hbase.types.TestFixedLengthWrapper-testInsufficientRemainingWrite
Tue May 15 17:50:25 UTC 2018: None match not added in database because it already exists
Tue May 15 17:50:25 UTC 2018: Linking done for flyingandrunning__hbase test class org.apache.hadoop.hbase.types.TestFixedLengthWrapper
Tue May 15 17:50:26 UTC 2018: Found element on the queue
Tue May 15 17:50:26 UTC 2018: Updating status
Tue May 15 17:50:26 UTC 2018: Working
Tue May 15 17:50:28 UTC 2018: Start flyingandrunning__hbase test class org.apache.hadoop.hbase.types.TestTerminatedWrapper
Tue May 15 17:50:28 UTC 2018: Setting lastTestMethodIndex: 40872
Tue May 15 17:50:28 UTC 2018: Starting linking
Tue May 15 17:50:28 UTC 2018: Code found org.apache.hadoop.hbase.types.TerminatedWrapper-encode with org.apache.hadoop.hbase.types.TestTerminatedWrapper-testEncodedValueContainsTerm
Tue May 15 17:50:28 UTC 2018: Match not added in database because it already exists
Tue May 15 17:50:28 UTC 2018: Code found org.apache.hadoop.hbase.types.TerminatedWrapper-skip with org.apache.hadoop.hbase.types.TestTerminatedWrapper-testSkipSkippable
Tue May 15 17:50:28 UTC 2018: Match not added in database because it already exists
Tue May 15 17:50:28 UTC 2018: Code found org.apache.hadoop.hbase.types.TerminatedWrapper-skip with org.apache.hadoop.hbase.types.TestTerminatedWrapper-testInvalidSkip
Tue May 15 17:50:29 UTC 2018: Match not added in database because it already exists
Tue May 15 17:50:29 UTC 2018: Code found org.apache.hadoop.hbase.types.TerminatedWrapper-skip with org.apache.hadoop.hbase.types.TestTerminatedWrapper-testSkipNonSkippable
Tue May 15 17:50:29 UTC 2018: Match not added in database because it already exists
Tue May 15 17:50:29 UTC 2018: No link for: org.apache.hadoop.hbase.types.TestTerminatedWrapper-testReadWriteSkippable
Tue May 15 17:50:29 UTC 2018: None match not added in database because it already exists
Tue May 15 17:50:29 UTC 2018: No link for: org.apache.hadoop.hbase.types.TestTerminatedWrapper-testNullDelimiter
Tue May 15 17:50:29 UTC 2018: None match not added in database because it already exists
Tue May 15 17:50:29 UTC 2018: No link for: org.apache.hadoop.hbase.types.TestTerminatedWrapper-testEmptyDelimiter
Tue May 15 17:50:29 UTC 2018: None match not added in database because it already exists
Tue May 15 17:50:29 UTC 2018: No link for: org.apache.hadoop.hbase.types.TestTerminatedWrapper-testReadWriteNonSkippable
Tue May 15 17:50:29 UTC 2018: None match not added in database because it already exists
Tue May 15 17:50:29 UTC 2018: Linking done for flyingandrunning__hbase test class org.apache.hadoop.hbase.types.TestTerminatedWrapper
Tue May 15 17:50:30 UTC 2018: Found element on the queue
Tue May 15 17:50:30 UTC 2018: Updating status
Tue May 15 17:50:30 UTC 2018: Working
Tue May 15 17:50:32 UTC 2018: Start flyingandrunning__hbase test class org.apache.hadoop.hbase.types.TestCopyOnWriteMaps
Tue May 15 17:50:32 UTC 2018: Setting lastTestMethodIndex: 40874
Tue May 15 17:50:32 UTC 2018: Starting linking
Tue May 15 17:50:32 UTC 2018: No link for: org.apache.hadoop.hbase.types.TestCopyOnWriteMaps-testReplace1
Tue May 15 17:50:33 UTC 2018: None match not added in database because it already exists
Tue May 15 17:50:33 UTC 2018: No link for: org.apache.hadoop.hbase.types.TestCopyOnWriteMaps-testTailMapExclusive
Tue May 15 17:50:33 UTC 2018: None match not added in database because it already exists
Tue May 15 17:50:33 UTC 2018: No link for: org.apache.hadoop.hbase.types.TestCopyOnWriteMaps-testPut
Tue May 15 17:50:33 UTC 2018: None match not added in database because it already exists
Tue May 15 17:50:33 UTC 2018: No link for: org.apache.hadoop.hbase.types.TestCopyOnWriteMaps-testFloorEntry
Tue May 15 17:50:33 UTC 2018: None match not added in database because it already exists
Tue May 15 17:50:33 UTC 2018: No link for: org.apache.hadoop.hbase.types.TestCopyOnWriteMaps-testRemove
Tue May 15 17:50:33 UTC 2018: None match not added in database because it already exists
Tue May 15 17:50:33 UTC 2018: No link for: org.apache.hadoop.hbase.types.TestCopyOnWriteMaps-testKeys
Tue May 15 17:50:33 UTC 2018: None match not added in database because it already exists
Tue May 15 17:50:33 UTC 2018: No link for: org.apache.hadoop.hbase.types.TestCopyOnWriteMaps-testIsEmpty
Tue May 15 17:50:33 UTC 2018: None match not added in database because it already exists
Tue May 15 17:50:33 UTC 2018: No link for: org.apache.hadoop.hbase.types.TestCopyOnWriteMaps-testFloorKey
Tue May 15 17:50:34 UTC 2018: None match not added in database because it already exists
Tue May 15 17:50:34 UTC 2018: No link for: org.apache.hadoop.hbase.types.TestCopyOnWriteMaps-testFindOnEmpty
Tue May 15 17:50:34 UTC 2018: None match not added in database because it already exists
Tue May 15 17:50:34 UTC 2018: No link for: org.apache.hadoop.hbase.types.TestCopyOnWriteMaps-testHigherKey
Tue May 15 17:50:34 UTC 2018: None match not added in database because it already exists
Tue May 15 17:50:34 UTC 2018: No link for: org.apache.hadoop.hbase.types.TestCopyOnWriteMaps-testFirstKey
Tue May 15 17:50:34 UTC 2018: None match not added in database because it already exists
Tue May 15 17:50:34 UTC 2018: No link for: org.apache.hadoop.hbase.types.TestCopyOnWriteMaps-testCeilingKey
Tue May 15 17:50:34 UTC 2018: None match not added in database because it already exists
Tue May 15 17:50:34 UTC 2018: No link for: org.apache.hadoop.hbase.types.TestCopyOnWriteMaps-testLowerKey
Tue May 15 17:50:34 UTC 2018: None match not added in database because it already exists
Tue May 15 17:50:34 UTC 2018: No link for: org.apache.hadoop.hbase.types.TestCopyOnWriteMaps-testLastEntry
Tue May 15 17:50:34 UTC 2018: None match not added in database because it already exists
Tue May 15 17:50:34 UTC 2018: No link for: org.apache.hadoop.hbase.types.TestCopyOnWriteMaps-testMultiAdd
Tue May 15 17:50:35 UTC 2018: None match not added in database because it already exists
Tue May 15 17:50:35 UTC 2018: No link for: org.apache.hadoop.hbase.types.TestCopyOnWriteMaps-testTailMap
Tue May 15 17:50:35 UTC 2018: None match not added in database because it already exists
Tue May 15 17:50:35 UTC 2018: No link for: org.apache.hadoop.hbase.types.TestCopyOnWriteMaps-testTailMapInclusive
Tue May 15 17:50:35 UTC 2018: None match not added in database because it already exists
Tue May 15 17:50:35 UTC 2018: No link for: org.apache.hadoop.hbase.types.TestCopyOnWriteMaps-testSize
Tue May 15 17:50:35 UTC 2018: None match not added in database because it already exists
Tue May 15 17:50:35 UTC 2018: No link for: org.apache.hadoop.hbase.types.TestCopyOnWriteMaps-testReplace
Tue May 15 17:50:35 UTC 2018: None match not added in database because it already exists
Tue May 15 17:50:35 UTC 2018: No link for: org.apache.hadoop.hbase.types.TestCopyOnWriteMaps-testLastKey
Tue May 15 17:50:35 UTC 2018: None match not added in database because it already exists
Tue May 15 17:50:35 UTC 2018: No link for: org.apache.hadoop.hbase.types.TestCopyOnWriteMaps-testFirstEntry
Tue May 15 17:50:35 UTC 2018: None match not added in database because it already exists
Tue May 15 17:50:35 UTC 2018: No link for: org.apache.hadoop.hbase.types.TestCopyOnWriteMaps-testValues
Tue May 15 17:50:36 UTC 2018: None match not added in database because it already exists
Tue May 15 17:50:36 UTC 2018: Linking done for flyingandrunning__hbase test class org.apache.hadoop.hbase.types.TestCopyOnWriteMaps
Tue May 15 17:50:36 UTC 2018: Found element on the queue
Tue May 15 17:50:36 UTC 2018: Updating status
Tue May 15 17:50:36 UTC 2018: Working
Tue May 15 17:50:39 UTC 2018: Start flyingandrunning__hbase test class org.apache.hadoop.hbase.types.TestStruct
Tue May 15 17:50:39 UTC 2018: Setting lastTestMethodIndex: 40877
Tue May 15 17:50:39 UTC 2018: Starting linking
Tue May 15 17:50:39 UTC 2018: Linking done for flyingandrunning__hbase test class org.apache.hadoop.hbase.types.TestStruct
Tue May 15 17:50:39 UTC 2018: Found element on the queue
Tue May 15 17:50:39 UTC 2018: Updating status
Tue May 15 17:50:39 UTC 2018: Working
Tue May 15 17:50:41 UTC 2018: Start flyingandrunning__hbase test class org.apache.hadoop.hbase.types.TestRawString
Tue May 15 17:50:41 UTC 2018: Setting lastTestMethodIndex: 40878
Tue May 15 17:50:41 UTC 2018: Starting linking
Tue May 15 17:50:41 UTC 2018: No link for: org.apache.hadoop.hbase.types.TestRawString-testReadWrite
Tue May 15 17:50:42 UTC 2018: None match not added in database because it already exists
Tue May 15 17:50:42 UTC 2018: Linking done for flyingandrunning__hbase test class org.apache.hadoop.hbase.types.TestRawString
Tue May 15 17:50:42 UTC 2018: Found element on the queue
Tue May 15 17:50:42 UTC 2018: Updating status
Tue May 15 17:50:42 UTC 2018: Working
Tue May 15 17:50:45 UTC 2018: Start flyingandrunning__hbase test class org.apache.hadoop.hbase.types.TestOrderedString
Tue May 15 17:50:45 UTC 2018: Setting lastTestMethodIndex: 40880
Tue May 15 17:50:45 UTC 2018: Starting linking
Tue May 15 17:50:45 UTC 2018: Code found org.apache.hadoop.hbase.types.OrderedString-encodedLength with org.apache.hadoop.hbase.types.TestOrderedString-testEncodedLength
Tue May 15 17:50:45 UTC 2018: Match not added in database because it already exists
Tue May 15 17:50:45 UTC 2018: Linking done for flyingandrunning__hbase test class org.apache.hadoop.hbase.types.TestOrderedString
Tue May 15 17:50:46 UTC 2018: Found element on the queue
Tue May 15 17:50:46 UTC 2018: Updating status
Tue May 15 17:50:46 UTC 2018: Working
Tue May 15 17:50:48 UTC 2018: Start flyingandrunning__hbase test class org.apache.hadoop.hbase.types.TestOrderedBlob
Tue May 15 17:50:48 UTC 2018: Setting lastTestMethodIndex: 40882
Tue May 15 17:50:48 UTC 2018: Starting linking
Tue May 15 17:50:48 UTC 2018: Code found org.apache.hadoop.hbase.types.OrderedBlob-encodedLength with org.apache.hadoop.hbase.types.TestOrderedBlob-testEncodedLength
Tue May 15 17:50:48 UTC 2018: Match not added in database because it already exists
Tue May 15 17:50:48 UTC 2018: Linking done for flyingandrunning__hbase test class org.apache.hadoop.hbase.types.TestOrderedBlob
Tue May 15 17:50:49 UTC 2018: Found element on the queue
Tue May 15 17:50:49 UTC 2018: Updating status
Tue May 15 17:50:49 UTC 2018: Working
Tue May 15 17:50:51 UTC 2018: Start flyingandrunning__hbase test class org.apache.hadoop.hbase.types.TestOrderedBlobVar
Tue May 15 17:50:51 UTC 2018: Setting lastTestMethodIndex: 40883
Tue May 15 17:50:51 UTC 2018: Starting linking
Tue May 15 17:50:51 UTC 2018: Code found org.apache.hadoop.hbase.types.OrderedBlobVar-encodedLength with org.apache.hadoop.hbase.types.TestOrderedBlobVar-testEncodedLength
Tue May 15 17:50:51 UTC 2018: Match not added in database because it already exists
Tue May 15 17:50:51 UTC 2018: Linking done for flyingandrunning__hbase test class org.apache.hadoop.hbase.types.TestOrderedBlobVar
Tue May 15 17:50:52 UTC 2018: Found element on the queue
Tue May 15 17:50:52 UTC 2018: Updating status
Tue May 15 17:50:52 UTC 2018: Working
Tue May 15 17:50:52 UTC 2018: Create project parser
Tue May 15 17:50:54 UTC 2018: Start flyingandrunning__hbase test class org.apache.hadoop.hbase.TestCompatibilitySingletonFactory
Tue May 15 17:50:54 UTC 2018: Setting lastTestMethodIndex: 40885
Tue May 15 17:50:54 UTC 2018: Starting linking
Tue May 15 17:50:54 UTC 2018: Linking done for flyingandrunning__hbase test class org.apache.hadoop.hbase.TestCompatibilitySingletonFactory
Tue May 15 17:50:55 UTC 2018: Found element on the queue
Tue May 15 17:50:55 UTC 2018: Updating status
Tue May 15 17:50:55 UTC 2018: Working
Tue May 15 17:50:57 UTC 2018: Start flyingandrunning__hbase test class org.apache.hadoop.hbase.rest.TestMetricsRESTSource
Tue May 15 17:50:57 UTC 2018: Setting lastTestMethodIndex: 40887
Tue May 15 17:50:57 UTC 2018: Starting linking
Tue May 15 17:50:57 UTC 2018: Code found org.apache.hadoop.hbase.CompatibilitySingletonFactory-getInstance with org.apache.hadoop.hbase.rest.TestMetricsRESTSource-testGetInstanceNoHadoopCompat
Tue May 15 17:50:58 UTC 2018: Match not added in database because it already exists
Tue May 15 17:50:58 UTC 2018: Linking done for flyingandrunning__hbase test class org.apache.hadoop.hbase.rest.TestMetricsRESTSource
Tue May 15 17:50:58 UTC 2018: Found element on the queue
Tue May 15 17:50:58 UTC 2018: Updating status
Tue May 15 17:50:58 UTC 2018: Working
Tue May 15 17:51:00 UTC 2018: Start flyingandrunning__hbase test class org.apache.hadoop.hbase.replication.regionserver.TestMetricsReplicationSourceFactory
Tue May 15 17:51:00 UTC 2018: Setting lastTestMethodIndex: 40889
Tue May 15 17:51:00 UTC 2018: Starting linking
Tue May 15 17:51:00 UTC 2018: Code found org.apache.hadoop.hbase.CompatibilitySingletonFactory-getInstance with org.apache.hadoop.hbase.replication.regionserver.TestMetricsReplicationSourceFactory-testGetInstanceNoHadoopCompat
Tue May 15 17:51:01 UTC 2018: Match not added in database because it already exists
Tue May 15 17:51:01 UTC 2018: Linking done for flyingandrunning__hbase test class org.apache.hadoop.hbase.replication.regionserver.TestMetricsReplicationSourceFactory
Tue May 15 17:51:01 UTC 2018: Found element on the queue
Tue May 15 17:51:01 UTC 2018: Updating status
Tue May 15 17:51:01 UTC 2018: Working
Tue May 15 17:51:04 UTC 2018: Start flyingandrunning__hbase test class org.apache.hadoop.hbase.regionserver.TestMetricsRegionServerSourceFactory
Tue May 15 17:51:04 UTC 2018: Setting lastTestMethodIndex: 40891
Tue May 15 17:51:04 UTC 2018: Starting linking
Tue May 15 17:51:04 UTC 2018: Code found org.apache.hadoop.hbase.CompatibilitySingletonFactory-getInstance with org.apache.hadoop.hbase.regionserver.TestMetricsRegionServerSourceFactory-testGetInstanceNoHadoopCompat
Tue May 15 17:51:04 UTC 2018: Match not added in database because it already exists
Tue May 15 17:51:04 UTC 2018: Linking done for flyingandrunning__hbase test class org.apache.hadoop.hbase.regionserver.TestMetricsRegionServerSourceFactory
Tue May 15 17:51:05 UTC 2018: Found element on the queue
Tue May 15 17:51:05 UTC 2018: Updating status
Tue May 15 17:51:05 UTC 2018: Working
Tue May 15 17:51:07 UTC 2018: Start flyingandrunning__hbase test class org.apache.hadoop.hbase.regionserver.wal.TestMetricsWALSource
Tue May 15 17:51:07 UTC 2018: Setting lastTestMethodIndex: 40893
Tue May 15 17:51:07 UTC 2018: Starting linking
Tue May 15 17:51:07 UTC 2018: Code found org.apache.hadoop.hbase.CompatibilitySingletonFactory-getInstance with org.apache.hadoop.hbase.regionserver.wal.TestMetricsWALSource-testGetInstanceNoHadoopCompat
Tue May 15 17:51:07 UTC 2018: Match not added in database because it already exists
Tue May 15 17:51:07 UTC 2018: Linking done for flyingandrunning__hbase test class org.apache.hadoop.hbase.regionserver.wal.TestMetricsWALSource
Tue May 15 17:51:08 UTC 2018: Found element on the queue
Tue May 15 17:51:08 UTC 2018: Updating status
Tue May 15 17:51:08 UTC 2018: Working
Tue May 15 17:51:10 UTC 2018: Start flyingandrunning__hbase test class org.apache.hadoop.hbase.thrift.TestMetricsThriftServerSourceFactory
Tue May 15 17:51:10 UTC 2018: Setting lastTestMethodIndex: 40895
Tue May 15 17:51:10 UTC 2018: Starting linking
Tue May 15 17:51:10 UTC 2018: Code found org.apache.hadoop.hbase.CompatibilitySingletonFactory-getInstance with org.apache.hadoop.hbase.thrift.TestMetricsThriftServerSourceFactory-testGetInstanceNoHadoopCompat
Tue May 15 17:51:11 UTC 2018: Match not added in database because it already exists
Tue May 15 17:51:11 UTC 2018: Linking done for flyingandrunning__hbase test class org.apache.hadoop.hbase.thrift.TestMetricsThriftServerSourceFactory
Tue May 15 17:51:11 UTC 2018: Found element on the queue
Tue May 15 17:51:11 UTC 2018: Updating status
Tue May 15 17:51:11 UTC 2018: Working
Tue May 15 17:51:13 UTC 2018: Start flyingandrunning__hbase test class org.apache.hadoop.hbase.master.TestMetricsMasterSourceFactory
Tue May 15 17:51:13 UTC 2018: Setting lastTestMethodIndex: 40897
Tue May 15 17:51:13 UTC 2018: Starting linking
Tue May 15 17:51:13 UTC 2018: Code found org.apache.hadoop.hbase.CompatibilitySingletonFactory-getInstance with org.apache.hadoop.hbase.master.TestMetricsMasterSourceFactory-testGetInstanceNoHadoopCompat
Tue May 15 17:51:14 UTC 2018: Match not added in database because it already exists
Tue May 15 17:51:14 UTC 2018: Linking done for flyingandrunning__hbase test class org.apache.hadoop.hbase.master.TestMetricsMasterSourceFactory
Tue May 15 17:51:14 UTC 2018: Found element on the queue
Tue May 15 17:51:14 UTC 2018: Updating status
Tue May 15 17:51:14 UTC 2018: Working
Tue May 15 17:51:14 UTC 2018: Create project parser
Tue May 15 17:51:17 UTC 2018: Start flyingandrunning__hbase test class org.apache.hadoop.hbase.metrics.TestBaseSourceImpl
Tue May 15 17:51:17 UTC 2018: Setting lastTestMethodIndex: 40899
Tue May 15 17:51:17 UTC 2018: Starting linking
Tue May 15 17:51:17 UTC 2018: Code found org.apache.hadoop.hbase.metrics.BaseSourceImpl-decGauge with org.apache.hadoop.hbase.metrics.TestBaseSourceImpl-testDecGauge
Tue May 15 17:51:17 UTC 2018: Code found org.apache.hadoop.hbase.metrics.BaseSourceImpl-incCounters with org.apache.hadoop.hbase.metrics.TestBaseSourceImpl-testIncCounters
Tue May 15 17:51:17 UTC 2018: Code found org.apache.hadoop.hbase.metrics.BaseSourceImpl-incGauge with org.apache.hadoop.hbase.metrics.TestBaseSourceImpl-testIncGauge
Tue May 15 17:51:17 UTC 2018: Code found org.apache.hadoop.hbase.metrics.BaseSourceImpl-setGauge with org.apache.hadoop.hbase.metrics.TestBaseSourceImpl-testSetGauge
Tue May 15 17:51:17 UTC 2018: Code found org.apache.hadoop.hbase.metrics.BaseSourceImpl-removeMetric with org.apache.hadoop.hbase.metrics.TestBaseSourceImpl-testRemoveMetric
Tue May 15 17:51:18 UTC 2018: Linking done for flyingandrunning__hbase test class org.apache.hadoop.hbase.metrics.TestBaseSourceImpl
Tue May 15 17:51:18 UTC 2018: Found element on the queue
Tue May 15 17:51:18 UTC 2018: Updating status
Tue May 15 17:51:18 UTC 2018: Working
Tue May 15 17:51:20 UTC 2018: Start flyingandrunning__hbase test class org.apache.hadoop.hbase.rest.TestMetricsRESTSourceImpl
Tue May 15 17:51:20 UTC 2018: Setting lastTestMethodIndex: 40900
Tue May 15 17:51:20 UTC 2018: Starting linking
Tue May 15 17:51:20 UTC 2018: No link for: org.apache.hadoop.hbase.rest.TestMetricsRESTSourceImpl-ensureCompatRegistered
Tue May 15 17:51:21 UTC 2018: None match not added in database because it already exists
Tue May 15 17:51:21 UTC 2018: Linking done for flyingandrunning__hbase test class org.apache.hadoop.hbase.rest.TestMetricsRESTSourceImpl
Tue May 15 17:51:21 UTC 2018: Found element on the queue
Tue May 15 17:51:21 UTC 2018: Updating status
Tue May 15 17:51:21 UTC 2018: Working
Tue May 15 17:51:23 UTC 2018: Start flyingandrunning__hbase test class org.apache.hadoop.hbase.replication.regionserver.TestMetricsReplicationSourceImpl
Tue May 15 17:51:23 UTC 2018: Setting lastTestMethodIndex: 40902
Tue May 15 17:51:23 UTC 2018: Starting linking
Tue May 15 17:51:23 UTC 2018: No link for: org.apache.hadoop.hbase.replication.regionserver.TestMetricsReplicationSourceImpl-testGetInstance
Tue May 15 17:51:24 UTC 2018: None match not added in database because it already exists
Tue May 15 17:51:24 UTC 2018: Linking done for flyingandrunning__hbase test class org.apache.hadoop.hbase.replication.regionserver.TestMetricsReplicationSourceImpl
Tue May 15 17:51:24 UTC 2018: Found element on the queue
Tue May 15 17:51:24 UTC 2018: Updating status
Tue May 15 17:51:24 UTC 2018: Working
Tue May 15 17:51:27 UTC 2018: Start flyingandrunning__hbase test class org.apache.hadoop.hbase.replication.regionserver.TestMetricsReplicationSourceFactoryImpl
Tue May 15 17:51:27 UTC 2018: Setting lastTestMethodIndex: 40904
Tue May 15 17:51:27 UTC 2018: Starting linking
Tue May 15 17:51:27 UTC 2018: No link for: org.apache.hadoop.hbase.replication.regionserver.TestMetricsReplicationSourceFactoryImpl-testGetInstance
Tue May 15 17:51:27 UTC 2018: Linking done for flyingandrunning__hbase test class org.apache.hadoop.hbase.replication.regionserver.TestMetricsReplicationSourceFactoryImpl
Tue May 15 17:51:27 UTC 2018: Found element on the queue
Tue May 15 17:51:27 UTC 2018: Updating status
Tue May 15 17:51:27 UTC 2018: Working
Tue May 15 17:51:30 UTC 2018: Start flyingandrunning__hbase test class org.apache.hadoop.hbase.regionserver.TestMetricsRegionServerSourceImpl
Tue May 15 17:51:30 UTC 2018: Setting lastTestMethodIndex: 40906
Tue May 15 17:51:30 UTC 2018: Starting linking
Tue May 15 17:51:30 UTC 2018: No link for: org.apache.hadoop.hbase.regionserver.TestMetricsRegionServerSourceImpl-testGetInstance
Tue May 15 17:51:30 UTC 2018: No link for: org.apache.hadoop.hbase.regionserver.TestMetricsRegionServerSourceImpl-testNoGetRegionServerMetricsSourceImpl
Tue May 15 17:51:30 UTC 2018: Linking done for flyingandrunning__hbase test class org.apache.hadoop.hbase.regionserver.TestMetricsRegionServerSourceImpl
Tue May 15 17:51:30 UTC 2018: Found element on the queue
Tue May 15 17:51:30 UTC 2018: Updating status
Tue May 15 17:51:30 UTC 2018: Working
Tue May 15 17:51:33 UTC 2018: Start flyingandrunning__hbase test class org.apache.hadoop.hbase.regionserver.TestMetricsRegionSourceImpl
Tue May 15 17:51:33 UTC 2018: Setting lastTestMethodIndex: 40907
Tue May 15 17:51:33 UTC 2018: Starting linking
Tue May 15 17:51:33 UTC 2018: No link for: org.apache.hadoop.hbase.regionserver.TestMetricsRegionSourceImpl-testNoGetRegionServerMetricsSourceImpl
Tue May 15 17:51:33 UTC 2018: No link for: org.apache.hadoop.hbase.regionserver.TestMetricsRegionSourceImpl-testCompareToHashCodeEquals
Tue May 15 17:51:33 UTC 2018: Linking done for flyingandrunning__hbase test class org.apache.hadoop.hbase.regionserver.TestMetricsRegionSourceImpl
Tue May 15 17:51:34 UTC 2018: Found element on the queue
Tue May 15 17:51:34 UTC 2018: Updating status
Tue May 15 17:51:34 UTC 2018: Working
Tue May 15 17:51:36 UTC 2018: Start flyingandrunning__hbase test class org.apache.hadoop.hbase.regionserver.wal.TestMetricsWALSourceImpl
Tue May 15 17:51:36 UTC 2018: Setting lastTestMethodIndex: 40909
Tue May 15 17:51:36 UTC 2018: Starting linking
Tue May 15 17:51:36 UTC 2018: No link for: org.apache.hadoop.hbase.regionserver.wal.TestMetricsWALSourceImpl-testGetInstance
Tue May 15 17:51:36 UTC 2018: Linking done for flyingandrunning__hbase test class org.apache.hadoop.hbase.regionserver.wal.TestMetricsWALSourceImpl
Tue May 15 17:51:37 UTC 2018: Found element on the queue
Tue May 15 17:51:37 UTC 2018: Updating status
Tue May 15 17:51:37 UTC 2018: Working
Tue May 15 17:51:39 UTC 2018: Start flyingandrunning__hbase test class org.apache.hadoop.hbase.thrift.TestMetricsThriftServerSourceFactoryImpl
Tue May 15 17:51:39 UTC 2018: Setting lastTestMethodIndex: 40911
Tue May 15 17:51:39 UTC 2018: Starting linking
Tue May 15 17:51:39 UTC 2018: Code found org.apache.hadoop.hbase.thrift.MetricsThriftServerSourceFactoryImpl-createThriftOneSource with org.apache.hadoop.hbase.thrift.TestMetricsThriftServerSourceFactoryImpl-testCreateThriftOneSource
Tue May 15 17:51:40 UTC 2018: Match not added in database because it already exists
Tue May 15 17:51:40 UTC 2018: Code found org.apache.hadoop.hbase.thrift.MetricsThriftServerSourceFactoryImpl-createThriftTwoSource with org.apache.hadoop.hbase.thrift.TestMetricsThriftServerSourceFactoryImpl-testCreateThriftTwoSource
Tue May 15 17:51:40 UTC 2018: Match not added in database because it already exists
Tue May 15 17:51:40 UTC 2018: No link for: org.apache.hadoop.hbase.thrift.TestMetricsThriftServerSourceFactoryImpl-testCompatabilityRegistered
Tue May 15 17:51:40 UTC 2018: None match not added in database because it already exists
Tue May 15 17:51:40 UTC 2018: Linking done for flyingandrunning__hbase test class org.apache.hadoop.hbase.thrift.TestMetricsThriftServerSourceFactoryImpl
Tue May 15 17:51:40 UTC 2018: Found element on the queue
Tue May 15 17:51:40 UTC 2018: Updating status
Tue May 15 17:51:40 UTC 2018: Working
Tue May 15 17:51:43 UTC 2018: Start flyingandrunning__hbase test class org.apache.hadoop.hbase.master.TestMetricsMasterSourceImpl
Tue May 15 17:51:43 UTC 2018: Setting lastTestMethodIndex: 40913
Tue May 15 17:51:43 UTC 2018: Starting linking
Tue May 15 17:51:43 UTC 2018: No link for: org.apache.hadoop.hbase.master.TestMetricsMasterSourceImpl-testGetInstance
Tue May 15 17:51:43 UTC 2018: Linking done for flyingandrunning__hbase test class org.apache.hadoop.hbase.master.TestMetricsMasterSourceImpl
