Wed May 16 04:48:55 UTC 2018: Database:jdbc:mysql://localhost:3306/unittests
Wed May 16 04:48:55 UTC 2018: Starting
Wed May 16 04:48:56 UTC 2018: Found element on the queue
Wed May 16 04:48:56 UTC 2018: Updating status
Wed May 16 04:48:56 UTC 2018: Working
Wed May 16 04:48:56 UTC 2018: Create project parser
Wed May 16 04:48:59 UTC 2018: Create slicer
Wed May 16 04:49:01 UTC 2018: Create call graph
Wed May 16 04:49:02 UTC 2018: Create point analysis
Wed May 16 04:49:02 UTC 2018: Create call graph done
Wed May 16 04:49:02 UTC 2018: Start Lyoneidas__CardDeck test class utils.impl.RiffleShuffleTest
Wed May 16 04:49:02 UTC 2018: Setting lastTestMethodIndex: 62207
Wed May 16 04:49:02 UTC 2018: Starting linking
Wed May 16 04:49:02 UTC 2018: Code found utils.impl.AShuffle-shuffle with utils.impl.RiffleShuffleTest-testShuffle
Wed May 16 04:49:02 UTC 2018: Linking done for Lyoneidas__CardDeck test class utils.impl.RiffleShuffleTest
Wed May 16 04:49:02 UTC 2018: Found element on the queue
Wed May 16 04:49:02 UTC 2018: Updating status
Wed May 16 04:49:02 UTC 2018: Working
Wed May 16 04:49:05 UTC 2018: Start Lyoneidas__CardDeck test class utils.impl.AShuffleBasicMethodTest
Wed May 16 04:49:05 UTC 2018: Setting lastTestMethodIndex: 62209
Wed May 16 04:49:05 UTC 2018: Starting linking
Wed May 16 04:49:05 UTC 2018: Code found utils.impl.AShuffle-getSequence with utils.impl.AShuffleBasicMethodTest-testGetSequenceAfterSetting
Wed May 16 04:49:05 UTC 2018: Code found utils.impl.AShuffle-getA with utils.impl.AShuffleBasicMethodTest-testGetAAfterSetting
Wed May 16 04:49:06 UTC 2018: No link for: utils.impl.AShuffleBasicMethodTest-testSetSequenceExceptionNotEqualToA
Wed May 16 04:49:06 UTC 2018: No link for: utils.impl.AShuffleBasicMethodTest-testSetSequenceExceptionGreaterThanFiftyTwo
Wed May 16 04:49:07 UTC 2018: No link for: utils.impl.AShuffleBasicMethodTest-testSetAExceptionSmallerThanTwo
Wed May 16 04:49:08 UTC 2018: Linking done for Lyoneidas__CardDeck test class utils.impl.AShuffleBasicMethodTest
Wed May 16 04:49:08 UTC 2018: Found element on the queue
Wed May 16 04:49:08 UTC 2018: Updating status
Wed May 16 04:49:08 UTC 2018: Working
Wed May 16 04:49:10 UTC 2018: Start Lyoneidas__CardDeck test class utils.impl.AShuffleTest
Wed May 16 04:49:10 UTC 2018: Setting lastTestMethodIndex: 62212
Wed May 16 04:49:10 UTC 2018: Starting linking
Wed May 16 04:49:10 UTC 2018: Code found utils.impl.AShuffle-shuffle with utils.impl.AShuffleTest-testShuffle
Wed May 16 04:49:11 UTC 2018: Linking done for Lyoneidas__CardDeck test class utils.impl.AShuffleTest
