Wed May 16 05:45:11 UTC 2018: Database:jdbc:mysql://localhost:3306/unittests
Wed May 16 05:45:11 UTC 2018: Starting
Wed May 16 05:45:12 UTC 2018: Found element on the queue
Wed May 16 05:45:12 UTC 2018: Updating status
Wed May 16 05:45:12 UTC 2018: Working
Wed May 16 05:45:12 UTC 2018: Create project parser
Wed May 16 05:45:16 UTC 2018: Create slicer
Wed May 16 05:45:18 UTC 2018: Create call graph
Wed May 16 05:45:20 UTC 2018: Create point analysis
Wed May 16 05:45:20 UTC 2018: Create call graph done
Wed May 16 05:45:20 UTC 2018: Start mbojoly__copypptxnotes test class com.octo.mbo.data.XmlUpdatablePackageTest
Wed May 16 05:45:20 UTC 2018: Setting lastTestMethodIndex: 63609
Wed May 16 05:45:20 UTC 2018: Starting linking
Wed May 16 05:45:20 UTC 2018: Code found com.octo.mbo.data.XmlUpdatablePackage-saveChanges with com.octo.mbo.data.XmlUpdatablePackageTest-saveChangesTest
Wed May 16 05:45:20 UTC 2018: Code found com.octo.mbo.data.XmlUpdatablePackage-getSlides with com.octo.mbo.data.XmlUpdatablePackageTest-getSlidesTest
Wed May 16 05:45:21 UTC 2018: No link for: com.octo.mbo.data.XmlUpdatablePackageTest-loadTest
Wed May 16 05:45:21 UTC 2018: Linking done for mbojoly__copypptxnotes test class com.octo.mbo.data.XmlUpdatablePackageTest
Wed May 16 05:45:22 UTC 2018: Found element on the queue
Wed May 16 05:45:22 UTC 2018: Updating status
Wed May 16 05:45:22 UTC 2018: Working
Wed May 16 05:45:24 UTC 2018: Start mbojoly__copypptxnotes test class com.octo.mbo.data.updater.SlideUpdaterTest
Wed May 16 05:45:24 UTC 2018: Setting lastTestMethodIndex: 63612
Wed May 16 05:45:24 UTC 2018: Starting linking
Wed May 16 05:45:24 UTC 2018: Code found com.octo.mbo.data.updater.SlideUpdator-processEntry with com.octo.mbo.data.updater.SlideUpdaterTest-processEntryTest
Wed May 16 05:45:25 UTC 2018: Code found com.octo.mbo.data.updater.SlideUpdator-updateSlide with com.octo.mbo.data.updater.SlideUpdaterTest-updateSlideTest
Wed May 16 05:45:25 UTC 2018: No link for: com.octo.mbo.data.updater.SlideUpdaterTest-createNewCTTextParagraphTest
Wed May 16 05:45:26 UTC 2018: Linking done for mbojoly__copypptxnotes test class com.octo.mbo.data.updater.SlideUpdaterTest
Wed May 16 05:45:26 UTC 2018: Found element on the queue
Wed May 16 05:45:26 UTC 2018: Updating status
Wed May 16 05:45:26 UTC 2018: Working
Wed May 16 05:45:28 UTC 2018: Start mbojoly__copypptxnotes test class com.octo.mbo.data.JAXBMashallerTest
Wed May 16 05:45:28 UTC 2018: Setting lastTestMethodIndex: 63615
Wed May 16 05:45:28 UTC 2018: Starting linking
Wed May 16 05:45:28 UTC 2018: Code found com.octo.mbo.data.JAXBMarshaller-marshall with com.octo.mbo.data.JAXBMashallerTest-marshallTest
Wed May 16 05:45:29 UTC 2018: Code found com.octo.mbo.data.JAXBMarshaller-unmarshall with com.octo.mbo.data.JAXBMashallerTest-unmarshallTest
Wed May 16 05:45:29 UTC 2018: Linking done for mbojoly__copypptxnotes test class com.octo.mbo.data.JAXBMashallerTest
