Wed May 16 05:44:48 UTC 2018: Database:jdbc:mysql://localhost:3306/unittests
Wed May 16 05:44:48 UTC 2018: Starting
Wed May 16 05:44:48 UTC 2018: Found element on the queue
Wed May 16 05:44:48 UTC 2018: Updating status
Wed May 16 05:44:48 UTC 2018: Working
Wed May 16 05:44:48 UTC 2018: Create project parser
Wed May 16 05:44:52 UTC 2018: Create slicer
Wed May 16 05:44:54 UTC 2018: Create call graph
Wed May 16 05:44:55 UTC 2018: Create point analysis
Wed May 16 05:44:55 UTC 2018: Create call graph done
Wed May 16 05:44:55 UTC 2018: Start mbari-media-management__vars-kb test class vars.LinkUtilitiesTest
Wed May 16 05:44:55 UTC 2018: Setting lastTestMethodIndex: 63593
Wed May 16 05:44:55 UTC 2018: Starting linking
Wed May 16 05:44:55 UTC 2018: No link for: vars.LinkUtilitiesTest-testFindLinkIn
Wed May 16 05:44:55 UTC 2018: None match not added in database because it already exists
Wed May 16 05:44:55 UTC 2018: Linking done for mbari-media-management__vars-kb test class vars.LinkUtilitiesTest
Wed May 16 05:44:56 UTC 2018: Found element on the queue
Wed May 16 05:44:56 UTC 2018: Updating status
Wed May 16 05:44:56 UTC 2018: Working
Wed May 16 05:44:56 UTC 2018: Create project parser
Wed May 16 05:45:00 UTC 2018: Start mbari-media-management__vars-kb test class vars.EXPDDataPeristenceServiceTest
Wed May 16 05:45:00 UTC 2018: Setting lastTestMethodIndex: 63597
Wed May 16 05:45:00 UTC 2018: Starting linking
Wed May 16 05:45:00 UTC 2018: No link for: vars.EXPDDataPeristenceServiceTest-findTimecodeByDateTest01
Wed May 16 05:45:00 UTC 2018: None match not added in database because it already exists
Wed May 16 05:45:00 UTC 2018: Linking done for mbari-media-management__vars-kb test class vars.EXPDDataPeristenceServiceTest
Wed May 16 05:45:01 UTC 2018: Found element on the queue
Wed May 16 05:45:01 UTC 2018: Updating status
Wed May 16 05:45:01 UTC 2018: Working
Wed May 16 05:45:03 UTC 2018: Start mbari-media-management__vars-kb test class vars.EXPDPersistenceServiceTest
Wed May 16 05:45:03 UTC 2018: Setting lastTestMethodIndex: 63600
Wed May 16 05:45:03 UTC 2018: Starting linking
Wed May 16 05:45:03 UTC 2018: No link for: vars.EXPDPersistenceServiceTest-findTimecodeByDateTest01
Wed May 16 05:45:04 UTC 2018: None match not added in database because it already exists
Wed May 16 05:45:04 UTC 2018: Linking done for mbari-media-management__vars-kb test class vars.EXPDPersistenceServiceTest
Wed May 16 05:45:04 UTC 2018: Found element on the queue
Wed May 16 05:45:04 UTC 2018: Updating status
Wed May 16 05:45:04 UTC 2018: Working
Wed May 16 05:45:07 UTC 2018: Start mbari-media-management__vars-kb test class vars.knowledgebase.jpa.ConceptDaoTest
Wed May 16 05:45:07 UTC 2018: Setting lastTestMethodIndex: 63602
Wed May 16 05:45:07 UTC 2018: Starting linking
Wed May 16 05:45:07 UTC 2018: No link for: vars.knowledgebase.jpa.ConceptDaoTest-testFindDescendentNames
Wed May 16 05:45:07 UTC 2018: None match not added in database because it already exists
Wed May 16 05:45:07 UTC 2018: No link for: vars.knowledgebase.jpa.ConceptDaoTest-testFindRoot
Wed May 16 05:45:08 UTC 2018: None match not added in database because it already exists
Wed May 16 05:45:08 UTC 2018: No link for: vars.knowledgebase.jpa.ConceptDaoTest-testFindByName
Wed May 16 05:45:08 UTC 2018: None match not added in database because it already exists
Wed May 16 05:45:08 UTC 2018: No link for: vars.knowledgebase.jpa.ConceptDaoTest-testAll
Wed May 16 05:45:08 UTC 2018: None match not added in database because it already exists
Wed May 16 05:45:08 UTC 2018: Linking done for mbari-media-management__vars-kb test class vars.knowledgebase.jpa.ConceptDaoTest
