Tue May 15 15:53:08 UTC 2018: Database:jdbc:mysql://localhost:3306/unittests
Tue May 15 15:53:08 UTC 2018: Starting
Tue May 15 15:53:09 UTC 2018: Found element on the queue
Tue May 15 15:53:09 UTC 2018: Updating status
Tue May 15 15:53:09 UTC 2018: Working
Tue May 15 15:53:09 UTC 2018: Create project parser
Tue May 15 15:53:13 UTC 2018: Create slicer
Tue May 15 15:53:18 UTC 2018: Create call graph
Tue May 15 15:53:25 UTC 2018: Create point analysis
Tue May 15 15:53:25 UTC 2018: Create call graph done
Tue May 15 15:53:25 UTC 2018: Start edisonmade__mp5 test class hudson.cli.PrivateKeyProviderTest
Tue May 15 15:53:25 UTC 2018: Setting lastTestMethodIndex: 37234
Tue May 15 15:53:25 UTC 2018: Starting linking
Tue May 15 15:53:25 UTC 2018: No link for: hudson.cli.PrivateKeyProviderTest-specifyKeysExplicitly
Tue May 15 15:53:25 UTC 2018: None match not added in database because it already exists
Tue May 15 15:53:25 UTC 2018: No link for: hudson.cli.PrivateKeyProviderTest-useDefaultKeyLocations
Tue May 15 15:53:25 UTC 2018: None match not added in database because it already exists
Tue May 15 15:53:25 UTC 2018: Linking done for edisonmade__mp5 test class hudson.cli.PrivateKeyProviderTest
Tue May 15 15:53:26 UTC 2018: Found element on the queue
Tue May 15 15:53:26 UTC 2018: Updating status
Tue May 15 15:53:26 UTC 2018: Working
Tue May 15 15:53:29 UTC 2018: Start edisonmade__mp5 test class hudson.cli.ConnectionTest
Tue May 15 15:53:29 UTC 2018: Setting lastTestMethodIndex: 37235
Tue May 15 15:53:29 UTC 2018: Starting linking
Tue May 15 15:53:29 UTC 2018: No link for: hudson.cli.ConnectionTest-testEncrypt
Tue May 15 15:53:29 UTC 2018: None match not added in database because it already exists
Tue May 15 15:53:29 UTC 2018: Linking done for edisonmade__mp5 test class hudson.cli.ConnectionTest
Tue May 15 15:53:29 UTC 2018: Found element on the queue
Tue May 15 15:53:29 UTC 2018: Updating status
Tue May 15 15:53:29 UTC 2018: Working
Tue May 15 15:53:32 UTC 2018: Start edisonmade__mp5 test class hudson.cli.ConnectionMockTest
Tue May 15 15:53:32 UTC 2018: Setting lastTestMethodIndex: 37236
Tue May 15 15:53:32 UTC 2018: Starting linking
Tue May 15 15:53:32 UTC 2018: No link for: hudson.cli.ConnectionMockTest-shouldTolerateEmptyByteArrayUponStreamZeroValue
Tue May 15 15:53:32 UTC 2018: None match not added in database because it already exists
Tue May 15 15:53:32 UTC 2018: Linking done for edisonmade__mp5 test class hudson.cli.ConnectionMockTest
Tue May 15 15:53:32 UTC 2018: Found element on the queue
Tue May 15 15:53:32 UTC 2018: Updating status
Tue May 15 15:53:32 UTC 2018: Working
Tue May 15 15:53:32 UTC 2018: Create project parser
Tue May 15 15:53:50 UTC 2018: Start edisonmade__mp5 test class jenkins.model.RunIdMigratorTest
Tue May 15 15:53:50 UTC 2018: Setting lastTestMethodIndex: 37241
Tue May 15 15:53:50 UTC 2018: Starting linking
Tue May 15 15:53:50 UTC 2018: Code found jenkins.model.RunIdMigrator-move with jenkins.model.RunIdMigratorTest-move
Tue May 15 15:53:50 UTC 2018: Match not added in database because it already exists
Tue May 15 15:53:50 UTC 2018: No link for: jenkins.model.RunIdMigratorTest-newJob
Tue May 15 15:53:50 UTC 2018: None match not added in database because it already exists
Tue May 15 15:53:50 UTC 2018: No link for: jenkins.model.RunIdMigratorTest-legacy
Tue May 15 15:53:50 UTC 2018: None match not added in database because it already exists
Tue May 15 15:53:50 UTC 2018: No link for: jenkins.model.RunIdMigratorTest-reverseAfterNewBuilds
Tue May 15 15:53:50 UTC 2018: None match not added in database because it already exists
Tue May 15 15:53:50 UTC 2018: No link for: jenkins.model.RunIdMigratorTest-reRunMigration
Tue May 15 15:53:50 UTC 2018: None match not added in database because it already exists
Tue May 15 15:53:50 UTC 2018: No link for: jenkins.model.RunIdMigratorTest-reverseImmediately
Tue May 15 15:53:50 UTC 2018: None match not added in database because it already exists
Tue May 15 15:53:50 UTC 2018: Linking done for edisonmade__mp5 test class jenkins.model.RunIdMigratorTest
Tue May 15 15:53:51 UTC 2018: Found element on the queue
Tue May 15 15:53:51 UTC 2018: Updating status
Tue May 15 15:53:51 UTC 2018: Working
Tue May 15 15:53:53 UTC 2018: Start edisonmade__mp5 test class jenkins.ResilientJsonObjectTest
Tue May 15 15:53:53 UTC 2018: Setting lastTestMethodIndex: 37243
Tue May 15 15:53:53 UTC 2018: Starting linking
Tue May 15 15:53:53 UTC 2018: Linking done for edisonmade__mp5 test class jenkins.ResilientJsonObjectTest
Tue May 15 15:53:54 UTC 2018: Found element on the queue
Tue May 15 15:53:54 UTC 2018: Updating status
Tue May 15 15:53:54 UTC 2018: Working
Tue May 15 15:53:56 UTC 2018: Start edisonmade__mp5 test class jenkins.model.lazy.AbstractLazyLoadRunMapTest
Tue May 15 15:53:56 UTC 2018: Setting lastTestMethodIndex: 37244
Tue May 15 15:53:56 UTC 2018: Starting linking
Tue May 15 15:53:56 UTC 2018: No code found jenkins.model.lazy.FakeMap-subMap with jenkins.model.lazy.AbstractLazyLoadRunMapTest-fastSubMap
Tue May 15 15:53:56 UTC 2018: No code found jenkins.model.lazy.FakeMap-search with jenkins.model.lazy.AbstractLazyLoadRunMapTest-search
Tue May 15 15:53:56 UTC 2018: No code found jenkins.model.lazy.FakeMap-entrySet with jenkins.model.lazy.AbstractLazyLoadRunMapTest-entrySetChanges
Tue May 15 15:53:56 UTC 2018: No code found jenkins.model.lazy.FakeMap-search with jenkins.model.lazy.AbstractLazyLoadRunMapTest-searchExactWhenIndexedButSoftReferenceExpired
Tue May 15 15:53:56 UTC 2018: No code found jenkins.model.lazy.FakeMap-entrySet with jenkins.model.lazy.AbstractLazyLoadRunMapTest-entrySetContains
Tue May 15 15:53:56 UTC 2018: No code found jenkins.model.lazy.FakeMap-lastKey with jenkins.model.lazy.AbstractLazyLoadRunMapTest-lastKey
Tue May 15 15:53:56 UTC 2018: No code found jenkins.model.lazy.FakeMap-entrySet with jenkins.model.lazy.AbstractLazyLoadRunMapTest-entrySetEmpty
Tue May 15 15:53:56 UTC 2018: No code found jenkins.model.lazy.FakeMap-entrySet with jenkins.model.lazy.AbstractLazyLoadRunMapTest-entrySetIterator
Tue May 15 15:53:56 UTC 2018: No code found jenkins.model.lazy.FakeMap-entrySet with jenkins.model.lazy.AbstractLazyLoadRunMapTest-entrySetSize
Tue May 15 15:53:56 UTC 2018: No code found jenkins.model.lazy.FakeMap-search with jenkins.model.lazy.AbstractLazyLoadRunMapTest-exactSearchShouldNotReload
Tue May 15 15:53:56 UTC 2018: No code found jenkins.model.lazy.FakeMap-headMap with jenkins.model.lazy.AbstractLazyLoadRunMapTest-headMap
Tue May 15 15:53:57 UTC 2018: No code found jenkins.model.lazy.FakeMap-firstKey with jenkins.model.lazy.AbstractLazyLoadRunMapTest-firstKey
Tue May 15 15:53:57 UTC 2018: No link for: jenkins.model.lazy.AbstractLazyLoadRunMapTest-eagerLoading
Tue May 15 15:53:57 UTC 2018: None match not added in database because it already exists
Tue May 15 15:53:57 UTC 2018: No link for: jenkins.model.lazy.AbstractLazyLoadRunMapTest-lookupWithBogusKeyType
Tue May 15 15:53:57 UTC 2018: None match not added in database because it already exists
Tue May 15 15:53:57 UTC 2018: No link for: jenkins.model.lazy.AbstractLazyLoadRunMapTest-lookup
Tue May 15 15:53:57 UTC 2018: None match not added in database because it already exists
Tue May 15 15:53:57 UTC 2018: No link for: jenkins.model.lazy.AbstractLazyLoadRunMapTest-indexOutOfBounds
Tue May 15 15:53:57 UTC 2018: None match not added in database because it already exists
Tue May 15 15:53:57 UTC 2018: No link for: jenkins.model.lazy.AbstractLazyLoadRunMapTest-all
Tue May 15 15:53:57 UTC 2018: None match not added in database because it already exists
Tue May 15 15:53:57 UTC 2018: No link for: jenkins.model.lazy.AbstractLazyLoadRunMapTest-lookup2
Tue May 15 15:53:57 UTC 2018: None match not added in database because it already exists
Tue May 15 15:53:57 UTC 2018: No link for: jenkins.model.lazy.AbstractLazyLoadRunMapTest-identity
Tue May 15 15:53:57 UTC 2018: None match not added in database because it already exists
Tue May 15 15:53:57 UTC 2018: No link for: jenkins.model.lazy.AbstractLazyLoadRunMapTest-idempotentLookup
Tue May 15 15:53:57 UTC 2018: None match not added in database because it already exists
Tue May 15 15:53:57 UTC 2018: No link for: jenkins.model.lazy.AbstractLazyLoadRunMapTest-unloadableData
Tue May 15 15:53:57 UTC 2018: None match not added in database because it already exists
Tue May 15 15:53:57 UTC 2018: Linking done for edisonmade__mp5 test class jenkins.model.lazy.AbstractLazyLoadRunMapTest
Tue May 15 15:53:58 UTC 2018: Found element on the queue
Tue May 15 15:53:58 UTC 2018: Updating status
Tue May 15 15:53:58 UTC 2018: Working
Tue May 15 15:54:00 UTC 2018: Start edisonmade__mp5 test class jenkins.model.lazy.SortedIntListTest
Tue May 15 15:54:00 UTC 2018: Setting lastTestMethodIndex: 37247
Tue May 15 15:54:00 UTC 2018: Starting linking
Tue May 15 15:54:00 UTC 2018: Code found jenkins.model.lazy.SortedIntList-ceil with jenkins.model.lazy.SortedIntListTest-ceil
Tue May 15 15:54:01 UTC 2018: Match not added in database because it already exists
Tue May 15 15:54:01 UTC 2018: Code found jenkins.model.lazy.SortedIntList-lower with jenkins.model.lazy.SortedIntListTest-testLower
Tue May 15 15:54:01 UTC 2018: Match not added in database because it already exists
Tue May 15 15:54:01 UTC 2018: Linking done for edisonmade__mp5 test class jenkins.model.lazy.SortedIntListTest
Tue May 15 15:54:01 UTC 2018: Found element on the queue
Tue May 15 15:54:01 UTC 2018: Updating status
Tue May 15 15:54:01 UTC 2018: Working
Tue May 15 15:54:04 UTC 2018: Start edisonmade__mp5 test class jenkins.model.lazy.SortedListTest
Tue May 15 15:54:04 UTC 2018: Setting lastTestMethodIndex: 37249
Tue May 15 15:54:04 UTC 2018: Starting linking
Tue May 15 15:54:04 UTC 2018: Code found jenkins.model.lazy.SortedList-floor with jenkins.model.lazy.SortedListTest-testFloor
Tue May 15 15:54:04 UTC 2018: Match not added in database because it already exists
Tue May 15 15:54:04 UTC 2018: Code found jenkins.model.lazy.SortedList-remove with jenkins.model.lazy.SortedListTest-remove
Tue May 15 15:54:04 UTC 2018: Match not added in database because it already exists
Tue May 15 15:54:04 UTC 2018: Code found jenkins.model.lazy.SortedList-ceil with jenkins.model.lazy.SortedListTest-testCeil
Tue May 15 15:54:04 UTC 2018: Match not added in database because it already exists
Tue May 15 15:54:04 UTC 2018: Code found jenkins.model.lazy.SortedList-higher with jenkins.model.lazy.SortedListTest-testHigher
Tue May 15 15:54:04 UTC 2018: Match not added in database because it already exists
Tue May 15 15:54:04 UTC 2018: Code found jenkins.model.lazy.SortedList-lower with jenkins.model.lazy.SortedListTest-testLower
Tue May 15 15:54:04 UTC 2018: Match not added in database because it already exists
Tue May 15 15:54:04 UTC 2018: No link for: jenkins.model.lazy.SortedListTest-testRange
Tue May 15 15:54:04 UTC 2018: None match not added in database because it already exists
Tue May 15 15:54:04 UTC 2018: No link for: jenkins.model.lazy.SortedListTest-testClone
Tue May 15 15:54:05 UTC 2018: None match not added in database because it already exists
Tue May 15 15:54:05 UTC 2018: Linking done for edisonmade__mp5 test class jenkins.model.lazy.SortedListTest
Tue May 15 15:54:05 UTC 2018: Found element on the queue
Tue May 15 15:54:05 UTC 2018: Updating status
Tue May 15 15:54:05 UTC 2018: Working
Tue May 15 15:54:08 UTC 2018: Start edisonmade__mp5 test class jenkins.model.IdStrategyTest
Tue May 15 15:54:08 UTC 2018: Setting lastTestMethodIndex: 37251
Tue May 15 15:54:08 UTC 2018: Starting linking
Tue May 15 15:54:08 UTC 2018: Code found jenkins.model.IdStrategy$CaseSensitive-idFromFilename with jenkins.model.IdStrategyTest-testIdFromFileNameOutput
Tue May 15 15:54:08 UTC 2018: No link for: jenkins.model.IdStrategyTest-testIdFromFilesNameOuptut1
Tue May 15 15:54:08 UTC 2018: No link for: jenkins.model.IdStrategyTest-testIdFromFilesNameOuptut3
Tue May 15 15:54:08 UTC 2018: No link for: jenkins.model.IdStrategyTest-testIdFromFilesNameOuptut2
Tue May 15 15:54:08 UTC 2018: Linking done for edisonmade__mp5 test class jenkins.model.IdStrategyTest
Tue May 15 15:54:08 UTC 2018: Found element on the queue
Tue May 15 15:54:08 UTC 2018: Updating status
Tue May 15 15:54:09 UTC 2018: Working
Tue May 15 15:54:11 UTC 2018: Start edisonmade__mp5 test class jenkins.model.PeepholePermalinkTest
Tue May 15 15:54:11 UTC 2018: Setting lastTestMethodIndex: 37253
Tue May 15 15:54:11 UTC 2018: Starting linking
Tue May 15 15:54:11 UTC 2018: No link for: jenkins.model.PeepholePermalinkTest-symlinks
Tue May 15 15:54:11 UTC 2018: None match not added in database because it already exists
Tue May 15 15:54:11 UTC 2018: Linking done for edisonmade__mp5 test class jenkins.model.PeepholePermalinkTest
Tue May 15 15:54:12 UTC 2018: Found element on the queue
Tue May 15 15:54:12 UTC 2018: Updating status
Tue May 15 15:54:12 UTC 2018: Working
Tue May 15 15:54:14 UTC 2018: Start edisonmade__mp5 test class jenkins.util.MarkFindingOutputStreamTest
Tue May 15 15:54:14 UTC 2018: Setting lastTestMethodIndex: 37255
Tue May 15 15:54:14 UTC 2018: Starting linking
Tue May 15 15:54:14 UTC 2018: No code found jenkins.util.MarkFindingOutputStreamTest$MarkCountingOutputStream-close with jenkins.util.MarkFindingOutputStreamTest-closeInTheMiddle
Tue May 15 15:54:14 UTC 2018: No link for: jenkins.util.MarkFindingOutputStreamTest-writeOneHoldOff
Tue May 15 15:54:14 UTC 2018: None match not added in database because it already exists
Tue May 15 15:54:14 UTC 2018: No link for: jenkins.util.MarkFindingOutputStreamTest-partialMatchTurnsOutToBeWrongIn2ndWrite
Tue May 15 15:54:14 UTC 2018: None match not added in database because it already exists
Tue May 15 15:54:14 UTC 2018: No link for: jenkins.util.MarkFindingOutputStreamTest-oneByOne
Tue May 15 15:54:14 UTC 2018: None match not added in database because it already exists
Tue May 15 15:54:14 UTC 2018: No link for: jenkins.util.MarkFindingOutputStreamTest-findTwice
Tue May 15 15:54:14 UTC 2018: None match not added in database because it already exists
Tue May 15 15:54:14 UTC 2018: Linking done for edisonmade__mp5 test class jenkins.util.MarkFindingOutputStreamTest
Tue May 15 15:54:15 UTC 2018: Found element on the queue
Tue May 15 15:54:15 UTC 2018: Updating status
Tue May 15 15:54:15 UTC 2018: Working
Tue May 15 15:54:17 UTC 2018: Start edisonmade__mp5 test class jenkins.util.TimerTest
Tue May 15 15:54:17 UTC 2018: Setting lastTestMethodIndex: 37257
Tue May 15 15:54:17 UTC 2018: Starting linking
Tue May 15 15:54:17 UTC 2018: No link for: jenkins.util.TimerTest-timersArentBlocked
Tue May 15 15:54:17 UTC 2018: None match not added in database because it already exists
Tue May 15 15:54:17 UTC 2018: Linking done for edisonmade__mp5 test class jenkins.util.TimerTest
Tue May 15 15:54:18 UTC 2018: Found element on the queue
Tue May 15 15:54:18 UTC 2018: Updating status
Tue May 15 15:54:18 UTC 2018: Working
Tue May 15 15:54:20 UTC 2018: Start edisonmade__mp5 test class jenkins.util.xstream.XStreamDOMTest
Tue May 15 15:54:20 UTC 2018: Setting lastTestMethodIndex: 37258
Tue May 15 15:54:20 UTC 2018: Starting linking
Tue May 15 15:54:20 UTC 2018: Linking done for edisonmade__mp5 test class jenkins.util.xstream.XStreamDOMTest
Tue May 15 15:54:21 UTC 2018: Found element on the queue
Tue May 15 15:54:21 UTC 2018: Updating status
Tue May 15 15:54:21 UTC 2018: Working
Tue May 15 15:54:24 UTC 2018: Start edisonmade__mp5 test class jenkins.util.TreeStringBuilderTest
Tue May 15 15:54:24 UTC 2018: Setting lastTestMethodIndex: 37260
Tue May 15 15:54:24 UTC 2018: Starting linking
Tue May 15 15:54:24 UTC 2018: No link for: jenkins.util.TreeStringBuilderTest-testRandom
Tue May 15 15:54:24 UTC 2018: None match not added in database because it already exists
Tue May 15 15:54:24 UTC 2018: No link for: jenkins.util.TreeStringBuilderTest-test
Tue May 15 15:54:24 UTC 2018: None match not added in database because it already exists
Tue May 15 15:54:24 UTC 2018: Linking done for edisonmade__mp5 test class jenkins.util.TreeStringBuilderTest
Tue May 15 15:54:24 UTC 2018: Found element on the queue
Tue May 15 15:54:24 UTC 2018: Updating status
Tue May 15 15:54:24 UTC 2018: Working
Tue May 15 15:54:27 UTC 2018: Start edisonmade__mp5 test class jenkins.util.VirtualFileTest
Tue May 15 15:54:27 UTC 2018: Setting lastTestMethodIndex: 37262
Tue May 15 15:54:27 UTC 2018: Starting linking
Tue May 15 15:54:27 UTC 2018: No link for: jenkins.util.VirtualFileTest-outsideSymlinks
Tue May 15 15:54:27 UTC 2018: None match not added in database because it already exists
Tue May 15 15:54:27 UTC 2018: Linking done for edisonmade__mp5 test class jenkins.util.VirtualFileTest
Tue May 15 15:54:27 UTC 2018: Found element on the queue
Tue May 15 15:54:27 UTC 2018: Updating status
Tue May 15 15:54:27 UTC 2018: Working
Tue May 15 15:54:30 UTC 2018: Start edisonmade__mp5 test class hudson.UtilTest
Tue May 15 15:54:30 UTC 2018: Setting lastTestMethodIndex: 37264
Tue May 15 15:54:30 UTC 2018: Starting linking
Tue May 15 15:54:30 UTC 2018: Code found hudson.Util-rawEncode with hudson.UtilTest-testRawEncode
Tue May 15 15:54:30 UTC 2018: Match not added in database because it already exists
Tue May 15 15:54:30 UTC 2018: Code found hudson.Util-escape with hudson.UtilTest-testHtmlEscape
Tue May 15 15:54:30 UTC 2018: Match not added in database because it already exists
Tue May 15 15:54:30 UTC 2018: Code found hudson.Util-loadProperties with hudson.UtilTest-loadProperties
Tue May 15 15:54:30 UTC 2018: Code found hudson.Util-isAbsoluteUri with hudson.UtilTest-testIsAbsoluteUri
Tue May 15 15:54:30 UTC 2018: Code found hudson.Util-tryParseNumber with hudson.UtilTest-testTryParseNumber
Tue May 15 15:54:30 UTC 2018: Match not added in database because it already exists
Tue May 15 15:54:30 UTC 2018: Code found hudson.Util-deleteFile with hudson.UtilTest-deleteFile
Tue May 15 15:54:30 UTC 2018: Code found hudson.Util-encode with hudson.UtilTest-testEncodeSpaces
Tue May 15 15:54:30 UTC 2018: Match not added in database because it already exists
Tue May 15 15:54:30 UTC 2018: Code found hudson.Util-isSymlink with hudson.UtilTest-testIsSymlink
Tue May 15 15:54:31 UTC 2018: Match not added in database because it already exists
Tue May 15 15:54:31 UTC 2018: Code found hudson.Util-replaceMacro with hudson.UtilTest-testReplaceMacro
Tue May 15 15:54:31 UTC 2018: Match not added in database because it already exists
Tue May 15 15:54:31 UTC 2018: No link for: hudson.UtilTest-isRelativePathWindows
Tue May 15 15:54:31 UTC 2018: No link for: hudson.UtilTest-testDigestThreadSafety
Tue May 15 15:54:31 UTC 2018: None match not added in database because it already exists
Tue May 15 15:54:31 UTC 2018: No link for: hudson.UtilTest-testTimeSpanString
Tue May 15 15:54:31 UTC 2018: None match not added in database because it already exists
Tue May 15 15:54:31 UTC 2018: No link for: hudson.UtilTest-testSymlink
Tue May 15 15:54:31 UTC 2018: None match not added in database because it already exists
Tue May 15 15:54:31 UTC 2018: No link for: hudson.UtilTest-isRelativePathUnix
Tue May 15 15:54:31 UTC 2018: Linking done for edisonmade__mp5 test class hudson.UtilTest
Tue May 15 15:54:31 UTC 2018: Found element on the queue
Tue May 15 15:54:31 UTC 2018: Updating status
Tue May 15 15:54:31 UTC 2018: Working
Tue May 15 15:54:34 UTC 2018: Start edisonmade__mp5 test class hudson.FilePathTest
Tue May 15 15:54:34 UTC 2018: Setting lastTestMethodIndex: 37267
Tue May 15 15:54:34 UTC 2018: Starting linking
Tue May 15 15:54:34 UTC 2018: No code found hudson.FilePath-list with hudson.FilePathTest-listWithExcludes
Tue May 15 15:54:34 UTC 2018: Code found hudson.FilePath-isUnix with hudson.FilePathTest-isUnix
Tue May 15 15:54:34 UTC 2018: No code found hudson.FilePath-tar with hudson.FilePathTest-symlinkInTar
Tue May 15 15:54:34 UTC 2018: No code found hudson.FilePath-moveAllChildrenTo with hudson.FilePathTest-moveAllChildrenTo
Tue May 15 15:54:34 UTC 2018: No code found hudson.FilePath-list with hudson.FilePathTest-list
Tue May 15 15:54:34 UTC 2018: No code found hudson.FilePath-copyToWithPermission with hudson.FilePathTest-copyToWithPermission
Tue May 15 15:54:34 UTC 2018: No code found hudson.FilePath-validateAntFileMask with hudson.FilePathTest-validateAntFileMaskBounded
Tue May 15 15:54:35 UTC 2018: No code found hudson.FilePath-copyTo with hudson.FilePathTest-copyTo
Tue May 15 15:54:35 UTC 2018: No code found hudson.FilePath-copyTo with hudson.FilePathTest-noFileLeakInCopyTo
Tue May 15 15:54:35 UTC 2018: No code found hudson.FilePath-copyRecursiveTo with hudson.FilePathTest-repeatCopyRecursiveTo
Tue May 15 15:54:35 UTC 2018: No code found hudson.FilePath-getParent with hudson.FilePathTest-getParent
Tue May 15 15:54:35 UTC 2018: No code found hudson.FilePath-list with hudson.FilePathTest-listWithDefaultExcludes
Tue May 15 15:54:35 UTC 2018: No link for: hudson.FilePathTest-installIfNecessarySkipsDownloadWhenErroneous
Tue May 15 15:54:35 UTC 2018: No link for: hudson.FilePathTest-deleteLongPathOnWindows
Tue May 15 15:54:35 UTC 2018: No link for: hudson.FilePathTest-noRaceConditionInCopyTo
Tue May 15 15:54:35 UTC 2018: None match not added in database because it already exists
Tue May 15 15:54:35 UTC 2018: No link for: hudson.FilePathTest-archiveBigFile
Tue May 15 15:54:35 UTC 2018: No link for: hudson.FilePathTest-installIfNecessaryAvoidsExcessiveDownloadsByUsingIfModifiedSince
Tue May 15 15:54:36 UTC 2018: No link for: hudson.FilePathTest-archiveBug
Tue May 15 15:54:36 UTC 2018: No link for: hudson.FilePathTest-compressTarUntarRoundTrip
Tue May 15 15:54:36 UTC 2018: No link for: hudson.FilePathTest-errorMessageInRemoteCopyRecursive
Tue May 15 15:54:36 UTC 2018: No link for: hudson.FilePathTest-validateAntFileMask
Tue May 15 15:54:36 UTC 2018: No link for: hudson.FilePathTest-installIfNecessaryPerformsInstallation
Tue May 15 15:54:36 UTC 2018: No link for: hudson.FilePathTest-multiSegmentRelativePaths
Tue May 15 15:54:36 UTC 2018: No link for: hudson.FilePathTest-normalization
Tue May 15 15:54:36 UTC 2018: Linking done for edisonmade__mp5 test class hudson.FilePathTest
Tue May 15 15:54:37 UTC 2018: Found element on the queue
Tue May 15 15:54:37 UTC 2018: Updating status
Tue May 15 15:54:37 UTC 2018: Working
Tue May 15 15:54:39 UTC 2018: Start edisonmade__mp5 test class hudson.slaves.NodeListTest
Tue May 15 15:54:39 UTC 2018: Setting lastTestMethodIndex: 37269
Tue May 15 15:54:39 UTC 2018: Starting linking
Tue May 15 15:54:39 UTC 2018: Linking done for edisonmade__mp5 test class hudson.slaves.NodeListTest
Tue May 15 15:54:40 UTC 2018: Found element on the queue
Tue May 15 15:54:40 UTC 2018: Updating status
Tue May 15 15:54:40 UTC 2018: Working
Tue May 15 15:54:42 UTC 2018: Start edisonmade__mp5 test class hudson.slaves.ComputerLauncherTest
Tue May 15 15:54:42 UTC 2018: Setting lastTestMethodIndex: 37271
Tue May 15 15:54:42 UTC 2018: Starting linking
Tue May 15 15:54:42 UTC 2018: No link for: hudson.slaves.ComputerLauncherTest-j2sdk4
Tue May 15 15:54:43 UTC 2018: None match not added in database because it already exists
Tue May 15 15:54:43 UTC 2018: No link for: hudson.slaves.ComputerLauncherTest-jdk6
Tue May 15 15:54:43 UTC 2018: None match not added in database because it already exists
Tue May 15 15:54:43 UTC 2018: No link for: hudson.slaves.ComputerLauncherTest-jdk10
Tue May 15 15:54:43 UTC 2018: None match not added in database because it already exists
Tue May 15 15:54:43 UTC 2018: No link for: hudson.slaves.ComputerLauncherTest-jdk7
Tue May 15 15:54:43 UTC 2018: None match not added in database because it already exists
Tue May 15 15:54:43 UTC 2018: No link for: hudson.slaves.ComputerLauncherTest-openJDK7
Tue May 15 15:54:43 UTC 2018: None match not added in database because it already exists
Tue May 15 15:54:43 UTC 2018: No link for: hudson.slaves.ComputerLauncherTest-jdk5
Tue May 15 15:54:43 UTC 2018: None match not added in database because it already exists
Tue May 15 15:54:43 UTC 2018: Linking done for edisonmade__mp5 test class hudson.slaves.ComputerLauncherTest
Tue May 15 15:54:44 UTC 2018: Found element on the queue
Tue May 15 15:54:44 UTC 2018: Updating status
Tue May 15 15:54:44 UTC 2018: Working
Tue May 15 15:54:46 UTC 2018: Start edisonmade__mp5 test class hudson.tasks._maven.Maven3MojoNoteTest
Tue May 15 15:54:46 UTC 2018: Setting lastTestMethodIndex: 37273
Tue May 15 15:54:46 UTC 2018: Starting linking
Tue May 15 15:54:46 UTC 2018: No link for: hudson.tasks._maven.Maven3MojoNoteTest-testAnnotateMavenPlugin
Tue May 15 15:54:46 UTC 2018: None match not added in database because it already exists
Tue May 15 15:54:46 UTC 2018: No link for: hudson.tasks._maven.Maven3MojoNoteTest-testAnnotateOtherPlugin
Tue May 15 15:54:46 UTC 2018: None match not added in database because it already exists
Tue May 15 15:54:46 UTC 2018: No link for: hudson.tasks._maven.Maven3MojoNoteTest-testAnnotateCodehausPlugin
Tue May 15 15:54:46 UTC 2018: None match not added in database because it already exists
Tue May 15 15:54:46 UTC 2018: Linking done for edisonmade__mp5 test class hudson.tasks._maven.Maven3MojoNoteTest
Tue May 15 15:54:47 UTC 2018: Found element on the queue
Tue May 15 15:54:47 UTC 2018: Updating status
Tue May 15 15:54:47 UTC 2018: Working
Tue May 15 15:54:49 UTC 2018: Start edisonmade__mp5 test class hudson.MarkupTextTest
Tue May 15 15:54:49 UTC 2018: Setting lastTestMethodIndex: 37275
Tue May 15 15:54:49 UTC 2018: Starting linking
Tue May 15 15:54:49 UTC 2018: No code found hudson.MarkupText$SubText-findTokens with hudson.MarkupTextTest-findTokensOnSubText
Tue May 15 15:54:50 UTC 2018: Code found hudson.MarkupText$SubText-subText with hudson.MarkupTextTest-subTextSubText
Tue May 15 15:54:50 UTC 2018: Match not added in database because it already exists
Tue May 15 15:54:50 UTC 2018: No link for: hudson.MarkupTextTest-adjacent
Tue May 15 15:54:50 UTC 2018: None match not added in database because it already exists
Tue May 15 15:54:50 UTC 2018: No link for: hudson.MarkupTextTest-test1
Tue May 15 15:54:50 UTC 2018: None match not added in database because it already exists
Tue May 15 15:54:50 UTC 2018: No link for: hudson.MarkupTextTest-literalTextSurround
Tue May 15 15:54:50 UTC 2018: None match not added in database because it already exists
Tue May 15 15:54:50 UTC 2018: No link for: hudson.MarkupTextTest-escape
Tue May 15 15:54:50 UTC 2018: None match not added in database because it already exists
Tue May 15 15:54:50 UTC 2018: No link for: hudson.MarkupTextTest-preEscape
Tue May 15 15:54:50 UTC 2018: None match not added in database because it already exists
Tue May 15 15:54:50 UTC 2018: No link for: hudson.MarkupTextTest-boundary
Tue May 15 15:54:50 UTC 2018: None match not added in database because it already exists
Tue May 15 15:54:50 UTC 2018: Linking done for edisonmade__mp5 test class hudson.MarkupTextTest
Tue May 15 15:54:51 UTC 2018: Found element on the queue
Tue May 15 15:54:51 UTC 2018: Updating status
Tue May 15 15:54:51 UTC 2018: Working
Tue May 15 15:54:53 UTC 2018: Start edisonmade__mp5 test class hudson.FunctionsTest
Tue May 15 15:54:53 UTC 2018: Setting lastTestMethodIndex: 37277
Tue May 15 15:54:53 UTC 2018: Starting linking
Tue May 15 15:54:53 UTC 2018: No code found hudson.Functions-getRelativeLinkTo with hudson.FunctionsTest-testGetRelativeLinkTo_JobContainedInView
Tue May 15 15:54:53 UTC 2018: No code found hudson.Functions-getActionUrl with hudson.FunctionsTest-testGetActionUrl_absolutePath
Tue May 15 15:54:53 UTC 2018: No code found hudson.Functions-getActionUrl with hudson.FunctionsTest-testGetActionUrl_absoluteUriWithoutAuthority
Tue May 15 15:54:53 UTC 2018: No code found hudson.Functions-printLogRecordHtml with hudson.FunctionsTest-printLogRecordHtml
Tue May 15 15:54:53 UTC 2018: No code found hudson.Functions-getRelativeLinkTo with hudson.FunctionsTest-getRelativeLinkTo_MavenModules
Tue May 15 15:54:54 UTC 2018: No code found hudson.Functions-getActionUrl with hudson.FunctionsTest-testGetActionUrl_relativePath
Tue May 15 15:54:54 UTC 2018: No code found hudson.Functions-getActionUrl with hudson.FunctionsTest-testGetActionUrl_absoluteUriWithAuthority
Tue May 15 15:54:54 UTC 2018: No code found hudson.Functions-getRelativeLinkTo with hudson.FunctionsTest-testGetRelativeLinkTo_JobFromComputer
Tue May 15 15:54:54 UTC 2018: No code found hudson.Functions-getRelativeLinkTo with hudson.FunctionsTest-testGetRelativeLinkTo_JobNotContainedInView
Tue May 15 15:54:54 UTC 2018: No code found hudson.Functions-getActionUrl with hudson.FunctionsTest-testGetActionUrl_unparsable
Tue May 15 15:54:54 UTC 2018: No code found hudson.Functions-getRelativeLinkTo with hudson.FunctionsTest-testGetRelativeLinkTo_JobContainedInViewWithinItemGroup
Tue May 15 15:54:54 UTC 2018: No code found hudson.Functions-breakableString with hudson.FunctionsTest-testBreakableString
Tue May 15 15:54:54 UTC 2018: No link for: hudson.FunctionsTest-testGetRelativeDisplayNameInsideItemGroup
Tue May 15 15:54:54 UTC 2018: No link for: hudson.FunctionsTest-testGetRelativeDisplayName
Tue May 15 15:54:54 UTC 2018: No link for: hudson.FunctionsTest-testHumanReadableFileSize
Tue May 15 15:54:54 UTC 2018: Linking done for edisonmade__mp5 test class hudson.FunctionsTest
Tue May 15 15:54:55 UTC 2018: Found element on the queue
Tue May 15 15:54:55 UTC 2018: Updating status
Tue May 15 15:54:55 UTC 2018: Working
Tue May 15 15:54:57 UTC 2018: Start edisonmade__mp5 test class hudson.scheduler.CronTabTest
Tue May 15 15:54:57 UTC 2018: Setting lastTestMethodIndex: 37279
Tue May 15 15:54:57 UTC 2018: Starting linking
Tue May 15 15:54:58 UTC 2018: No code found hudson.scheduler.CronTab-ceil with hudson.scheduler.CronTabTest-testCeil3_DoW7
Tue May 15 15:54:58 UTC 2018: No code found hudson.scheduler.CronTab-floor with hudson.scheduler.CronTabTest-testFloor1
Tue May 15 15:54:58 UTC 2018: No code found hudson.scheduler.CronTab-floor with hudson.scheduler.CronTabTest-testFloor3
Tue May 15 15:54:58 UTC 2018: No code found hudson.scheduler.CronTab-floor with hudson.scheduler.CronTabTest-testFloor2
Tue May 15 15:54:58 UTC 2018: No code found hudson.scheduler.CronTab-floor with hudson.scheduler.CronTabTest-testFloor4
Tue May 15 15:54:58 UTC 2018: No code found hudson.scheduler.CronTab-checkSanity with hudson.scheduler.CronTabTest-checkSanity
Tue May 15 15:54:58 UTC 2018: No code found hudson.scheduler.CronTab-ceil with hudson.scheduler.CronTabTest-testCeil3
Tue May 15 15:54:58 UTC 2018: No code found hudson.scheduler.CronTab-ceil with hudson.scheduler.CronTabTest-testCeil1
Tue May 15 15:54:58 UTC 2018: No code found hudson.scheduler.CronTab-ceil with hudson.scheduler.CronTabTest-testCeil2
Tue May 15 15:54:58 UTC 2018: No link for: hudson.scheduler.CronTabTest-testHash2
Tue May 15 15:54:58 UTC 2018: None match not added in database because it already exists
Tue May 15 15:54:58 UTC 2018: No link for: hudson.scheduler.CronTabTest-hashedMinute
Tue May 15 15:54:58 UTC 2018: None match not added in database because it already exists
Tue May 15 15:54:58 UTC 2018: No link for: hudson.scheduler.CronTabTest-rangeBoundsCheckOK
Tue May 15 15:54:58 UTC 2018: None match not added in database because it already exists
Tue May 15 15:54:58 UTC 2018: No link for: hudson.scheduler.CronTabTest-testCeil5
Tue May 15 15:54:58 UTC 2018: No link for: hudson.scheduler.CronTabTest-rangeBoundsCheckFailHour
Tue May 15 15:54:58 UTC 2018: None match not added in database because it already exists
Tue May 15 15:54:58 UTC 2018: No link for: hudson.scheduler.CronTabTest-test1
Tue May 15 15:54:58 UTC 2018: None match not added in database because it already exists
Tue May 15 15:54:58 UTC 2018: No link for: hudson.scheduler.CronTabTest-testCeil4
Tue May 15 15:54:58 UTC 2018: No link for: hudson.scheduler.CronTabTest-repeatedHash
Tue May 15 15:54:58 UTC 2018: None match not added in database because it already exists
Tue May 15 15:54:58 UTC 2018: No link for: hudson.scheduler.CronTabTest-hashSkips
Tue May 15 15:54:58 UTC 2018: None match not added in database because it already exists
Tue May 15 15:54:58 UTC 2018: No link for: hudson.scheduler.CronTabTest-testHash1
Tue May 15 15:54:58 UTC 2018: None match not added in database because it already exists
Tue May 15 15:54:58 UTC 2018: No link for: hudson.scheduler.CronTabTest-rangeBoundsCheckFailMinute
Tue May 15 15:54:58 UTC 2018: None match not added in database because it already exists
Tue May 15 15:54:58 UTC 2018: Linking done for edisonmade__mp5 test class hudson.scheduler.CronTabTest
Tue May 15 15:54:59 UTC 2018: Found element on the queue
Tue May 15 15:54:59 UTC 2018: Updating status
Tue May 15 15:54:59 UTC 2018: Working
Tue May 15 15:55:01 UTC 2018: Start edisonmade__mp5 test class hudson.model.BallColorTest
Tue May 15 15:55:01 UTC 2018: Setting lastTestMethodIndex: 37281
Tue May 15 15:55:01 UTC 2018: Starting linking
Tue May 15 15:55:01 UTC 2018: No link for: hudson.model.BallColorTest-iconClassName
Tue May 15 15:55:01 UTC 2018: None match not added in database because it already exists
Tue May 15 15:55:01 UTC 2018: No link for: hudson.model.BallColorTest-htmlColor
Tue May 15 15:55:01 UTC 2018: None match not added in database because it already exists
Tue May 15 15:55:01 UTC 2018: Linking done for edisonmade__mp5 test class hudson.model.BallColorTest
Tue May 15 15:55:02 UTC 2018: Found element on the queue
Tue May 15 15:55:02 UTC 2018: Updating status
Tue May 15 15:55:02 UTC 2018: Working
Tue May 15 15:55:04 UTC 2018: Start edisonmade__mp5 test class hudson.model.ActionableTest
Tue May 15 15:55:04 UTC 2018: Setting lastTestMethodIndex: 37283
Tue May 15 15:55:04 UTC 2018: Starting linking
Tue May 15 15:55:04 UTC 2018: Code found hudson.model.Actionable-replaceAction with hudson.model.ActionableTest-replaceAction
Tue May 15 15:55:05 UTC 2018: Match not added in database because it already exists
Tue May 15 15:55:05 UTC 2018: Linking done for edisonmade__mp5 test class hudson.model.ActionableTest
Tue May 15 15:55:05 UTC 2018: Found element on the queue
Tue May 15 15:55:05 UTC 2018: Updating status
Tue May 15 15:55:05 UTC 2018: Working
Tue May 15 15:55:08 UTC 2018: Start edisonmade__mp5 test class hudson.model.RunParameterValueTest
Tue May 15 15:55:08 UTC 2018: Setting lastTestMethodIndex: 37284
Tue May 15 15:55:08 UTC 2018: Starting linking
Tue May 15 15:55:08 UTC 2018: No link for: hudson.model.RunParameterValueTest-robustness
Tue May 15 15:55:08 UTC 2018: None match not added in database because it already exists
Tue May 15 15:55:08 UTC 2018: Linking done for edisonmade__mp5 test class hudson.model.RunParameterValueTest
Tue May 15 15:55:08 UTC 2018: Found element on the queue
Tue May 15 15:55:08 UTC 2018: Updating status
Tue May 15 15:55:08 UTC 2018: Working
Tue May 15 15:55:11 UTC 2018: Start edisonmade__mp5 test class hudson.model.ChoiceParameterDefinitionTest
Tue May 15 15:55:11 UTC 2018: Setting lastTestMethodIndex: 37286
Tue May 15 15:55:11 UTC 2018: Starting linking
Tue May 15 15:55:11 UTC 2018: No link for: hudson.model.ChoiceParameterDefinitionTest-testCheckChoices
Tue May 15 15:55:11 UTC 2018: None match not added in database because it already exists
Tue May 15 15:55:11 UTC 2018: No link for: hudson.model.ChoiceParameterDefinitionTest-shouldValidateChoices
Tue May 15 15:55:11 UTC 2018: None match not added in database because it already exists
Tue May 15 15:55:11 UTC 2018: Linking done for edisonmade__mp5 test class hudson.model.ChoiceParameterDefinitionTest
Tue May 15 15:55:12 UTC 2018: Found element on the queue
Tue May 15 15:55:12 UTC 2018: Updating status
Tue May 15 15:55:12 UTC 2018: Working
Tue May 15 15:55:14 UTC 2018: Start edisonmade__mp5 test class hudson.model.DisplayNameListenerTest
Tue May 15 15:55:14 UTC 2018: Setting lastTestMethodIndex: 37288
Tue May 15 15:55:14 UTC 2018: Starting linking
Tue May 15 15:55:14 UTC 2018: Code found hudson.model.DisplayNameListener-onRenamed with hudson.model.DisplayNameListenerTest-testOnRenamedOldNameNotEqualDisplayName
Tue May 15 15:55:14 UTC 2018: Match not added in database because it already exists
Tue May 15 15:55:14 UTC 2018: Code found hudson.model.DisplayNameListener-onCopied with hudson.model.DisplayNameListenerTest-testOnCopied
Tue May 15 15:55:14 UTC 2018: Match not added in database because it already exists
Tue May 15 15:55:14 UTC 2018: Code found hudson.model.DisplayNameListener-onRenamed with hudson.model.DisplayNameListenerTest-testOnRenamedOldNameEqualsDisplayName
Tue May 15 15:55:14 UTC 2018: Match not added in database because it already exists
Tue May 15 15:55:14 UTC 2018: Linking done for edisonmade__mp5 test class hudson.model.DisplayNameListenerTest
Tue May 15 15:55:15 UTC 2018: Found element on the queue
Tue May 15 15:55:15 UTC 2018: Updating status
Tue May 15 15:55:15 UTC 2018: Working
Tue May 15 15:55:17 UTC 2018: Start edisonmade__mp5 test class hudson.model.AbstractItemTest
Tue May 15 15:55:17 UTC 2018: Setting lastTestMethodIndex: 37290
Tue May 15 15:55:17 UTC 2018: Starting linking
Tue May 15 15:55:17 UTC 2018: Linking done for edisonmade__mp5 test class hudson.model.AbstractItemTest
Tue May 15 15:55:18 UTC 2018: Found element on the queue
Tue May 15 15:55:18 UTC 2018: Updating status
Tue May 15 15:55:18 UTC 2018: Working
Tue May 15 15:55:20 UTC 2018: Start edisonmade__mp5 test class hudson.model.FingerprintTest
Tue May 15 15:55:20 UTC 2018: Setting lastTestMethodIndex: 37292
Tue May 15 15:55:20 UTC 2018: Starting linking
Tue May 15 15:55:20 UTC 2018: Code found hudson.model.Fingerprint$RangeSet-retainAll with hudson.model.FingerprintTest-retainAll3
Tue May 15 15:55:20 UTC 2018: Code found hudson.model.Fingerprint$RangeSet-removeAll with hudson.model.FingerprintTest-removeAll3
Tue May 15 15:55:20 UTC 2018: Code found hudson.model.Fingerprint$RangeSet-removeAll with hudson.model.FingerprintTest-removeAll2
Tue May 15 15:55:20 UTC 2018: Code found hudson.model.Fingerprint$RangeSet-retainAll with hudson.model.FingerprintTest-retainAll1
Tue May 15 15:55:21 UTC 2018: Code found hudson.model.Fingerprint$RangeSet-retainAll with hudson.model.FingerprintTest-retainAll2
Tue May 15 15:55:21 UTC 2018: Code found hudson.model.Fingerprint$RangeSet-removeAll with hudson.model.FingerprintTest-removeAll1
Tue May 15 15:55:21 UTC 2018: No link for: hudson.model.FingerprintTest-merge
Tue May 15 15:55:21 UTC 2018: No link for: hudson.model.FingerprintTest-rangeSet
Tue May 15 15:55:21 UTC 2018: No link for: hudson.model.FingerprintTest-roundTrip
Tue May 15 15:55:21 UTC 2018: No link for: hudson.model.FingerprintTest-merge2
Tue May 15 15:55:21 UTC 2018: No link for: hudson.model.FingerprintTest-merge3
Tue May 15 15:55:21 UTC 2018: No link for: hudson.model.FingerprintTest-deserialize
Tue May 15 15:55:21 UTC 2018: Linking done for edisonmade__mp5 test class hudson.model.FingerprintTest
Tue May 15 15:55:22 UTC 2018: Found element on the queue
Tue May 15 15:55:22 UTC 2018: Updating status
Tue May 15 15:55:22 UTC 2018: Working
Tue May 15 15:55:24 UTC 2018: Start edisonmade__mp5 test class hudson.model.ComputerTest
Tue May 15 15:55:24 UTC 2018: Setting lastTestMethodIndex: 37294
Tue May 15 15:55:24 UTC 2018: Starting linking
Tue May 15 15:55:24 UTC 2018: No link for: hudson.model.ComputerTest-testRelocate
Tue May 15 15:55:24 UTC 2018: Linking done for edisonmade__mp5 test class hudson.model.ComputerTest
Tue May 15 15:55:25 UTC 2018: Found element on the queue
Tue May 15 15:55:25 UTC 2018: Updating status
Tue May 15 15:55:25 UTC 2018: Working
Tue May 15 15:55:27 UTC 2018: Start edisonmade__mp5 test class hudson.model.TimeSeriesTest
Tue May 15 15:55:27 UTC 2018: Setting lastTestMethodIndex: 37295
Tue May 15 15:55:27 UTC 2018: Starting linking
Tue May 15 15:55:27 UTC 2018: No link for: hudson.model.TimeSeriesTest-test1
Tue May 15 15:55:27 UTC 2018: None match not added in database because it already exists
Tue May 15 15:55:27 UTC 2018: Linking done for edisonmade__mp5 test class hudson.model.TimeSeriesTest
Tue May 15 15:55:28 UTC 2018: Found element on the queue
Tue May 15 15:55:28 UTC 2018: Updating status
Tue May 15 15:55:28 UTC 2018: Working
Tue May 15 15:55:30 UTC 2018: Start edisonmade__mp5 test class hudson.model.FileParameterValueTest
Tue May 15 15:55:30 UTC 2018: Setting lastTestMethodIndex: 37297
Tue May 15 15:55:30 UTC 2018: Starting linking
Tue May 15 15:55:30 UTC 2018: No link for: hudson.model.FileParameterValueTest-compareNullParams
Tue May 15 15:55:30 UTC 2018: None match not added in database because it already exists
Tue May 15 15:55:30 UTC 2018: No link for: hudson.model.FileParameterValueTest-compareParamsWithSameName
Tue May 15 15:55:31 UTC 2018: None match not added in database because it already exists
Tue May 15 15:55:31 UTC 2018: Linking done for edisonmade__mp5 test class hudson.model.FileParameterValueTest
Tue May 15 15:55:31 UTC 2018: Found element on the queue
Tue May 15 15:55:31 UTC 2018: Updating status
Tue May 15 15:55:31 UTC 2018: Working
Tue May 15 15:55:33 UTC 2018: Start edisonmade__mp5 test class hudson.model.AutoCompleteSeederTest
Tue May 15 15:55:33 UTC 2018: Setting lastTestMethodIndex: 37299
Tue May 15 15:55:33 UTC 2018: Starting linking
Tue May 15 15:55:33 UTC 2018: Linking done for edisonmade__mp5 test class hudson.model.AutoCompleteSeederTest
Tue May 15 15:55:34 UTC 2018: Found element on the queue
Tue May 15 15:55:34 UTC 2018: Updating status
Tue May 15 15:55:34 UTC 2018: Working
Tue May 15 15:55:36 UTC 2018: Start edisonmade__mp5 test class hudson.model.ResourceListTest
Tue May 15 15:55:36 UTC 2018: Setting lastTestMethodIndex: 37300
Tue May 15 15:55:36 UTC 2018: Starting linking
Tue May 15 15:55:36 UTC 2018: Code found hudson.model.ResourceList-r with hudson.model.ResourceListTest-simpleR
Tue May 15 15:55:36 UTC 2018: Match not added in database because it already exists
Tue May 15 15:55:36 UTC 2018: Code found hudson.model.ResourceList-r with hudson.model.ResourceListTest-multiReadN
Tue May 15 15:55:37 UTC 2018: Match not added in database because it already exists
Tue May 15 15:55:37 UTC 2018: Code found hudson.model.ResourceList-w with hudson.model.ResourceListTest-simpleRW
Tue May 15 15:55:37 UTC 2018: Match not added in database because it already exists
Tue May 15 15:55:37 UTC 2018: Code found hudson.model.ResourceList-w with hudson.model.ResourceListTest-multiWriteN
Tue May 15 15:55:37 UTC 2018: Match not added in database because it already exists
Tue May 15 15:55:37 UTC 2018: Code found hudson.model.ResourceList-w with hudson.model.ResourceListTest-parentChildW
Tue May 15 15:55:37 UTC 2018: Match not added in database because it already exists
Tue May 15 15:55:37 UTC 2018: Code found hudson.model.ResourceList-w with hudson.model.ResourceListTest-multiWrite1
Tue May 15 15:55:37 UTC 2018: Match not added in database because it already exists
Tue May 15 15:55:37 UTC 2018: Code found hudson.model.ResourceList-r with hudson.model.ResourceListTest-multiRead1
Tue May 15 15:55:37 UTC 2018: Match not added in database because it already exists
Tue May 15 15:55:37 UTC 2018: Code found hudson.model.ResourceList-w with hudson.model.ResourceListTest-simpleW
Tue May 15 15:55:37 UTC 2018: Match not added in database because it already exists
Tue May 15 15:55:37 UTC 2018: Code found hudson.model.ResourceList-r with hudson.model.ResourceListTest-parentChildR3
Tue May 15 15:55:37 UTC 2018: Match not added in database because it already exists
Tue May 15 15:55:37 UTC 2018: Code found hudson.model.ResourceList-w with hudson.model.ResourceListTest-parentChildW3
Tue May 15 15:55:37 UTC 2018: Match not added in database because it already exists
Tue May 15 15:55:37 UTC 2018: Code found hudson.model.ResourceList-r with hudson.model.ResourceListTest-parentChildR
Tue May 15 15:55:37 UTC 2018: Match not added in database because it already exists
Tue May 15 15:55:37 UTC 2018: No link for: hudson.model.ResourceListTest-emptyLists
Tue May 15 15:55:38 UTC 2018: None match not added in database because it already exists
Tue May 15 15:55:38 UTC 2018: Linking done for edisonmade__mp5 test class hudson.model.ResourceListTest
Tue May 15 15:55:38 UTC 2018: Found element on the queue
Tue May 15 15:55:38 UTC 2018: Updating status
Tue May 15 15:55:38 UTC 2018: Working
Tue May 15 15:55:40 UTC 2018: Start edisonmade__mp5 test class hudson.model.LoadStatisticsTest
Tue May 15 15:55:40 UTC 2018: Setting lastTestMethodIndex: 37303
Tue May 15 15:55:40 UTC 2018: Starting linking
Tue May 15 15:55:40 UTC 2018: Code found hudson.model.LoadStatistics-isModern with hudson.model.LoadStatisticsTest-isModernWorks
Tue May 15 15:55:41 UTC 2018: Match not added in database because it already exists
Tue May 15 15:55:41 UTC 2018: No link for: hudson.model.LoadStatisticsTest-graph
Tue May 15 15:55:41 UTC 2018: None match not added in database because it already exists
Tue May 15 15:55:41 UTC 2018: Linking done for edisonmade__mp5 test class hudson.model.LoadStatisticsTest
Tue May 15 15:55:41 UTC 2018: Found element on the queue
Tue May 15 15:55:41 UTC 2018: Updating status
Tue May 15 15:55:41 UTC 2018: Working
Tue May 15 15:55:44 UTC 2018: Start edisonmade__mp5 test class hudson.model.ParametersActionTest
Tue May 15 15:55:44 UTC 2018: Setting lastTestMethodIndex: 37305
Tue May 15 15:55:44 UTC 2018: Starting linking
Tue May 15 15:55:44 UTC 2018: Code found hudson.model.ParametersAction-merge with hudson.model.ParametersActionTest-mergeShouldHandleNullOverrides
Tue May 15 15:55:44 UTC 2018: Match not added in database because it already exists
Tue May 15 15:55:44 UTC 2018: Code found hudson.model.ParametersAction-merge with hudson.model.ParametersActionTest-mergeShouldHandleEmptyOverrides
Tue May 15 15:55:44 UTC 2018: Match not added in database because it already exists
Tue May 15 15:55:44 UTC 2018: Code found hudson.model.ParametersAction-createUpdated with hudson.model.ParametersActionTest-createUpdatedShouldReturnNewInstanceWithNullOverride
Tue May 15 15:55:44 UTC 2018: Match not added in database because it already exists
Tue May 15 15:55:44 UTC 2018: Code found hudson.model.ParametersAction-merge with hudson.model.ParametersActionTest-mergeShouldReturnNewInstanceWithOverride
Tue May 15 15:55:44 UTC 2018: Match not added in database because it already exists
Tue May 15 15:55:44 UTC 2018: Code found hudson.model.ParametersAction-merge with hudson.model.ParametersActionTest-mergeShouldOverrideParameters
Tue May 15 15:55:44 UTC 2018: Match not added in database because it already exists
Tue May 15 15:55:44 UTC 2018: Code found hudson.model.ParametersAction-merge with hudson.model.ParametersActionTest-mergeShouldCombineDisparateParameters
Tue May 15 15:55:44 UTC 2018: Match not added in database because it already exists
Tue May 15 15:55:44 UTC 2018: No link for: hudson.model.ParametersActionTest-checkNullParamaterValues
Tue May 15 15:55:44 UTC 2018: Linking done for edisonmade__mp5 test class hudson.model.ParametersActionTest
Tue May 15 15:55:45 UTC 2018: Found element on the queue
Tue May 15 15:55:45 UTC 2018: Updating status
Tue May 15 15:55:45 UTC 2018: Working
Tue May 15 15:55:47 UTC 2018: Start edisonmade__mp5 test class hudson.model.BuildStatusSummaryTest
Tue May 15 15:55:47 UTC 2018: Setting lastTestMethodIndex: 37306
Tue May 15 15:55:47 UTC 2018: Starting linking
Tue May 15 15:55:47 UTC 2018: No link for: hudson.model.BuildStatusSummaryTest-testBecameUnstable
Tue May 15 15:55:47 UTC 2018: None match not added in database because it already exists
Tue May 15 15:55:47 UTC 2018: No link for: hudson.model.BuildStatusSummaryTest-testNonTestRelatedUnstable
Tue May 15 15:55:47 UTC 2018: None match not added in database because it already exists
Tue May 15 15:55:47 UTC 2018: No link for: hudson.model.BuildStatusSummaryTest-testSuccess
Tue May 15 15:55:47 UTC 2018: None match not added in database because it already exists
Tue May 15 15:55:47 UTC 2018: No link for: hudson.model.BuildStatusSummaryTest-testFailureSince
Tue May 15 15:55:47 UTC 2018: None match not added in database because it already exists
Tue May 15 15:55:47 UTC 2018: No link for: hudson.model.BuildStatusSummaryTest-testFixed
Tue May 15 15:55:47 UTC 2018: None match not added in database because it already exists
Tue May 15 15:55:47 UTC 2018: No link for: hudson.model.BuildStatusSummaryTest-testBecameFailure
Tue May 15 15:55:48 UTC 2018: None match not added in database because it already exists
Tue May 15 15:55:48 UTC 2018: No link for: hudson.model.BuildStatusSummaryTest-testUnstableAfterFailure
Tue May 15 15:55:48 UTC 2018: None match not added in database because it already exists
Tue May 15 15:55:48 UTC 2018: No link for: hudson.model.BuildStatusSummaryTest-testNotBuilt
Tue May 15 15:55:48 UTC 2018: None match not added in database because it already exists
Tue May 15 15:55:48 UTC 2018: No link for: hudson.model.BuildStatusSummaryTest-testAborted
Tue May 15 15:55:48 UTC 2018: None match not added in database because it already exists
Tue May 15 15:55:48 UTC 2018: No link for: hudson.model.BuildStatusSummaryTest-testNonTestRelatedBecameUnstable
Tue May 15 15:55:48 UTC 2018: None match not added in database because it already exists
Tue May 15 15:55:48 UTC 2018: No link for: hudson.model.BuildStatusSummaryTest-testStatusUnknownIfRunIsStillBuilding
Tue May 15 15:55:48 UTC 2018: None match not added in database because it already exists
Tue May 15 15:55:48 UTC 2018: No link for: hudson.model.BuildStatusSummaryTest-testFailure
Tue May 15 15:55:48 UTC 2018: None match not added in database because it already exists
Tue May 15 15:55:48 UTC 2018: Linking done for edisonmade__mp5 test class hudson.model.BuildStatusSummaryTest
Tue May 15 15:55:49 UTC 2018: Found element on the queue
Tue May 15 15:55:49 UTC 2018: Updating status
Tue May 15 15:55:49 UTC 2018: Working
Tue May 15 15:55:51 UTC 2018: Start edisonmade__mp5 test class hudson.model.TaskActionTest
Tue May 15 15:55:51 UTC 2018: Setting lastTestMethodIndex: 37309
Tue May 15 15:55:51 UTC 2018: Starting linking
Tue May 15 15:55:51 UTC 2018: Linking done for edisonmade__mp5 test class hudson.model.TaskActionTest
Tue May 15 15:55:52 UTC 2018: Found element on the queue
Tue May 15 15:55:52 UTC 2018: Updating status
Tue May 15 15:55:52 UTC 2018: Working
Tue May 15 15:55:54 UTC 2018: Start edisonmade__mp5 test class hudson.model.listeners.SCMListenerTest
Tue May 15 15:55:54 UTC 2018: Setting lastTestMethodIndex: 37311
Tue May 15 15:55:54 UTC 2018: Starting linking
Tue May 15 15:55:54 UTC 2018: Code found hudson.model.listeners.SCMListenerTest$L1-onChangeLogParsed with hudson.model.listeners.SCMListenerTest-onChangeLogParsed
Tue May 15 15:55:54 UTC 2018: Match not added in database because it already exists
Tue May 15 15:55:54 UTC 2018: Linking done for edisonmade__mp5 test class hudson.model.listeners.SCMListenerTest
Tue May 15 15:55:55 UTC 2018: Found element on the queue
Tue May 15 15:55:55 UTC 2018: Updating status
Tue May 15 15:55:55 UTC 2018: Working
Tue May 15 15:55:57 UTC 2018: Start edisonmade__mp5 test class hudson.logging.LogRecorderTest
Tue May 15 15:55:57 UTC 2018: Setting lastTestMethodIndex: 37313
Tue May 15 15:55:57 UTC 2018: Starting linking
Tue May 15 15:55:57 UTC 2018: No link for: hudson.logging.LogRecorderTest-targetIncludes
Tue May 15 15:55:58 UTC 2018: None match not added in database because it already exists
Tue May 15 15:55:58 UTC 2018: No link for: hudson.logging.LogRecorderTest-targetMatches
Tue May 15 15:55:58 UTC 2018: None match not added in database because it already exists
Tue May 15 15:55:58 UTC 2018: No link for: hudson.logging.LogRecorderTest-testSpecificExclusion
Tue May 15 15:55:58 UTC 2018: None match not added in database because it already exists
Tue May 15 15:55:58 UTC 2018: No link for: hudson.logging.LogRecorderTest-testClearing
Tue May 15 15:55:58 UTC 2018: None match not added in database because it already exists
Tue May 15 15:55:58 UTC 2018: Linking done for edisonmade__mp5 test class hudson.logging.LogRecorderTest
Tue May 15 15:55:58 UTC 2018: Found element on the queue
Tue May 15 15:55:58 UTC 2018: Updating status
Tue May 15 15:55:58 UTC 2018: Working
Tue May 15 15:56:01 UTC 2018: Start edisonmade__mp5 test class hudson.ProxyConfigurationTest
Tue May 15 15:56:01 UTC 2018: Setting lastTestMethodIndex: 37315
Tue May 15 15:56:01 UTC 2018: Starting linking
Tue May 15 15:56:01 UTC 2018: No link for: hudson.ProxyConfigurationTest-noProxyHost
Tue May 15 15:56:01 UTC 2018: None match not added in database because it already exists
Tue May 15 15:56:01 UTC 2018: Linking done for edisonmade__mp5 test class hudson.ProxyConfigurationTest
Tue May 15 15:56:01 UTC 2018: Found element on the queue
Tue May 15 15:56:01 UTC 2018: Updating status
Tue May 15 15:56:01 UTC 2018: Working
Tue May 15 15:56:04 UTC 2018: Start edisonmade__mp5 test class hudson.BulkChangeTest
Tue May 15 15:56:04 UTC 2018: Setting lastTestMethodIndex: 37316
Tue May 15 15:56:04 UTC 2018: Starting linking
Tue May 15 15:56:04 UTC 2018: Linking done for edisonmade__mp5 test class hudson.BulkChangeTest
Tue May 15 15:56:04 UTC 2018: Found element on the queue
Tue May 15 15:56:04 UTC 2018: Updating status
Tue May 15 15:56:04 UTC 2018: Working
Tue May 15 15:56:07 UTC 2018: Start edisonmade__mp5 test class hudson.util.RunListTest
Tue May 15 15:56:07 UTC 2018: Setting lastTestMethodIndex: 37318
Tue May 15 15:56:07 UTC 2018: Starting linking
Tue May 15 15:56:07 UTC 2018: Code found hudson.util.RunList-byTimestamp with hudson.util.RunListTest-byTimestampLastRun
Tue May 15 15:56:07 UTC 2018: Match not added in database because it already exists
Tue May 15 15:56:07 UTC 2018: Code found hudson.util.RunList-byTimestamp with hudson.util.RunListTest-byTimestampFirstRun
Tue May 15 15:56:07 UTC 2018: Match not added in database because it already exists
Tue May 15 15:56:07 UTC 2018: Code found hudson.util.RunList-byTimestamp with hudson.util.RunListTest-byTimestampAllRuns
Tue May 15 15:56:07 UTC 2018: Match not added in database because it already exists
Tue May 15 15:56:07 UTC 2018: Linking done for edisonmade__mp5 test class hudson.util.RunListTest
Tue May 15 15:56:08 UTC 2018: Found element on the queue
Tue May 15 15:56:08 UTC 2018: Updating status
Tue May 15 15:56:08 UTC 2018: Working
Tue May 15 15:56:10 UTC 2018: Start edisonmade__mp5 test class jenkins.model.JenkinsDescriptorTest
Tue May 15 15:56:10 UTC 2018: Setting lastTestMethodIndex: 37320
Tue May 15 15:56:10 UTC 2018: Starting linking
Tue May 15 15:56:10 UTC 2018: No link for: jenkins.model.JenkinsDescriptorTest-testBuildDirValidation
Tue May 15 15:56:10 UTC 2018: Linking done for edisonmade__mp5 test class jenkins.model.JenkinsDescriptorTest
Tue May 15 15:56:11 UTC 2018: Found element on the queue
Tue May 15 15:56:11 UTC 2018: Updating status
Tue May 15 15:56:11 UTC 2018: Working
Tue May 15 15:56:13 UTC 2018: Start edisonmade__mp5 test class hudson.util.CopyOnWriteMapTest
Tue May 15 15:56:13 UTC 2018: Setting lastTestMethodIndex: 37322
Tue May 15 15:56:13 UTC 2018: Starting linking
Tue May 15 15:56:13 UTC 2018: Linking done for edisonmade__mp5 test class hudson.util.CopyOnWriteMapTest
Tue May 15 15:56:14 UTC 2018: Found element on the queue
Tue May 15 15:56:14 UTC 2018: Updating status
Tue May 15 15:56:14 UTC 2018: Working
Tue May 15 15:56:16 UTC 2018: Start edisonmade__mp5 test class hudson.util.CyclicGraphDetectorTest
Tue May 15 15:56:16 UTC 2018: Setting lastTestMethodIndex: 37324
Tue May 15 15:56:16 UTC 2018: Starting linking
Tue May 15 15:56:16 UTC 2018: Linking done for edisonmade__mp5 test class hudson.util.CyclicGraphDetectorTest
Tue May 15 15:56:17 UTC 2018: Found element on the queue
Tue May 15 15:56:17 UTC 2018: Updating status
Tue May 15 15:56:17 UTC 2018: Working
Tue May 15 15:56:19 UTC 2018: Start edisonmade__mp5 test class hudson.util.ArgumentListBuilderTest
Tue May 15 15:56:19 UTC 2018: Setting lastTestMethodIndex: 37325
Tue May 15 15:56:19 UTC 2018: Starting linking
Tue May 15 15:56:19 UTC 2018: Code found hudson.util.ArgumentListBuilder-clone with hudson.util.ArgumentListBuilderTest-assertMaskOnClone
Tue May 15 15:56:19 UTC 2018: Match not added in database because it already exists
Tue May 15 15:56:19 UTC 2018: Code found hudson.util.ArgumentListBuilder-toWindowsCommand with hudson.util.ArgumentListBuilderTest-testToWindowsCommand
Tue May 15 15:56:19 UTC 2018: Match not added in database because it already exists
Tue May 15 15:56:19 UTC 2018: Code found hudson.util.ArgumentListBuilder-prepend with hudson.util.ArgumentListBuilderTest-assertPrependBeforeAddingMasked
Tue May 15 15:56:19 UTC 2018: Match not added in database because it already exists
Tue May 15 15:56:19 UTC 2018: Code found hudson.util.ArgumentListBuilder-prepend with hudson.util.ArgumentListBuilderTest-assertPrependAfterAddingMasked
Tue May 15 15:56:20 UTC 2018: Match not added in database because it already exists
Tue May 15 15:56:20 UTC 2018: Code found hudson.util.ArgumentListBuilder-addKeyValuePairsFromPropertyString with hudson.util.ArgumentListBuilderTest-addKeyValuePairsFromPropertyString
Tue May 15 15:56:20 UTC 2018: Match not added in database because it already exists
Tue May 15 15:56:20 UTC 2018: No link for: hudson.util.ArgumentListBuilderTest-assertKeyValuePairsWithMask
Tue May 15 15:56:20 UTC 2018: None match not added in database because it already exists
Tue May 15 15:56:20 UTC 2018: No link for: hudson.util.ArgumentListBuilderTest-assertLastArgumentIsMasked
Tue May 15 15:56:20 UTC 2018: None match not added in database because it already exists
Tue May 15 15:56:20 UTC 2018: No link for: hudson.util.ArgumentListBuilderTest-assertEmptyMask
Tue May 15 15:56:20 UTC 2018: No link for: hudson.util.ArgumentListBuilderTest-assertSeveralMaskedArguments
Tue May 15 15:56:20 UTC 2018: None match not added in database because it already exists
Tue May 15 15:56:20 UTC 2018: No link for: hudson.util.ArgumentListBuilderTest-assertKeyValuePairs
Tue May 15 15:56:20 UTC 2018: No link for: hudson.util.ArgumentListBuilderTest-numberOfBackslashesInPropertiesShouldBePreservedAfterMacroExpansion
Tue May 15 15:56:20 UTC 2018: None match not added in database because it already exists
Tue May 15 15:56:20 UTC 2018: Linking done for edisonmade__mp5 test class hudson.util.ArgumentListBuilderTest
Tue May 15 15:56:21 UTC 2018: Found element on the queue
Tue May 15 15:56:21 UTC 2018: Updating status
Tue May 15 15:56:21 UTC 2018: Working
Tue May 15 15:56:23 UTC 2018: Start edisonmade__mp5 test class hudson.util.SubClassGeneratorTest
Tue May 15 15:56:23 UTC 2018: Setting lastTestMethodIndex: 37328
Tue May 15 15:56:23 UTC 2018: Starting linking
Tue May 15 15:56:23 UTC 2018: Linking done for edisonmade__mp5 test class hudson.util.SubClassGeneratorTest
Tue May 15 15:56:24 UTC 2018: Found element on the queue
Tue May 15 15:56:24 UTC 2018: Updating status
Tue May 15 15:56:24 UTC 2018: Working
Tue May 15 15:56:26 UTC 2018: Start edisonmade__mp5 test class hudson.util.FormValidationTest
Tue May 15 15:56:26 UTC 2018: Setting lastTestMethodIndex: 37329
Tue May 15 15:56:26 UTC 2018: Starting linking
Tue May 15 15:56:26 UTC 2018: No code found hudson.util.FormValidation-validateRequired with hudson.util.FormValidationTest-testValidateRequired_Null
Tue May 15 15:56:26 UTC 2018: No code found hudson.util.FormValidation-validateRequired with hudson.util.FormValidationTest-testValidateRequired_OK
Tue May 15 15:56:26 UTC 2018: No code found hudson.util.FormValidation-validateRequired with hudson.util.FormValidationTest-testValidateRequired_Empty
Tue May 15 15:56:26 UTC 2018: No link for: hudson.util.FormValidationTest-aggregateZeroValidations
Tue May 15 15:56:26 UTC 2018: None match not added in database because it already exists
Tue May 15 15:56:26 UTC 2018: No link for: hudson.util.FormValidationTest-aggregateSeveralValidations
Tue May 15 15:56:26 UTC 2018: None match not added in database because it already exists
Tue May 15 15:56:26 UTC 2018: No link for: hudson.util.FormValidationTest-aggregateSingleValidations
Tue May 15 15:56:27 UTC 2018: None match not added in database because it already exists
Tue May 15 15:56:27 UTC 2018: No link for: hudson.util.FormValidationTest-formValidationException
Tue May 15 15:56:27 UTC 2018: None match not added in database because it already exists
Tue May 15 15:56:27 UTC 2018: No link for: hudson.util.FormValidationTest-testMessage
Tue May 15 15:56:27 UTC 2018: None match not added in database because it already exists
Tue May 15 15:56:27 UTC 2018: Linking done for edisonmade__mp5 test class hudson.util.FormValidationTest
Tue May 15 15:56:27 UTC 2018: Found element on the queue
Tue May 15 15:56:27 UTC 2018: Updating status
Tue May 15 15:56:27 UTC 2018: Working
Tue May 15 15:56:30 UTC 2018: Start edisonmade__mp5 test class hudson.util.CopyOnWriteListTest
Tue May 15 15:56:30 UTC 2018: Setting lastTestMethodIndex: 37332
Tue May 15 15:56:30 UTC 2018: Starting linking
Tue May 15 15:56:30 UTC 2018: Linking done for edisonmade__mp5 test class hudson.util.CopyOnWriteListTest
Tue May 15 15:56:30 UTC 2018: Found element on the queue
Tue May 15 15:56:30 UTC 2018: Updating status
Tue May 15 15:56:30 UTC 2018: Working
Tue May 15 15:56:33 UTC 2018: Start edisonmade__mp5 test class hudson.util.QuotedStringTokenizerTest
Tue May 15 15:56:33 UTC 2018: Setting lastTestMethodIndex: 37333
Tue May 15 15:56:33 UTC 2018: Starting linking
Tue May 15 15:56:33 UTC 2018: No link for: hudson.util.QuotedStringTokenizerTest-test1
Tue May 15 15:56:33 UTC 2018: None match not added in database because it already exists
Tue May 15 15:56:33 UTC 2018: No link for: hudson.util.QuotedStringTokenizerTest-test3
Tue May 15 15:56:33 UTC 2018: None match not added in database because it already exists
Tue May 15 15:56:33 UTC 2018: No link for: hudson.util.QuotedStringTokenizerTest-test2
Tue May 15 15:56:33 UTC 2018: None match not added in database because it already exists
Tue May 15 15:56:33 UTC 2018: No link for: hudson.util.QuotedStringTokenizerTest-test5
Tue May 15 15:56:33 UTC 2018: None match not added in database because it already exists
Tue May 15 15:56:33 UTC 2018: No link for: hudson.util.QuotedStringTokenizerTest-test4
Tue May 15 15:56:33 UTC 2018: None match not added in database because it already exists
Tue May 15 15:56:33 UTC 2018: No link for: hudson.util.QuotedStringTokenizerTest-test7
Tue May 15 15:56:33 UTC 2018: None match not added in database because it already exists
Tue May 15 15:56:33 UTC 2018: No link for: hudson.util.QuotedStringTokenizerTest-test6
Tue May 15 15:56:33 UTC 2018: None match not added in database because it already exists
Tue May 15 15:56:33 UTC 2018: Linking done for edisonmade__mp5 test class hudson.util.QuotedStringTokenizerTest
Tue May 15 15:56:34 UTC 2018: Found element on the queue
Tue May 15 15:56:34 UTC 2018: Updating status
Tue May 15 15:56:34 UTC 2018: Working
Tue May 15 15:56:36 UTC 2018: Start edisonmade__mp5 test class hudson.util.io.TarArchiverTest
Tue May 15 15:56:36 UTC 2018: Setting lastTestMethodIndex: 37335
Tue May 15 15:56:36 UTC 2018: Starting linking
Tue May 15 15:56:36 UTC 2018: No link for: hudson.util.io.TarArchiverTest-brokenSymlinks
Tue May 15 15:56:36 UTC 2018: None match not added in database because it already exists
Tue May 15 15:56:36 UTC 2018: No link for: hudson.util.io.TarArchiverTest-permission
Tue May 15 15:56:37 UTC 2018: None match not added in database because it already exists
Tue May 15 15:56:37 UTC 2018: Linking done for edisonmade__mp5 test class hudson.util.io.TarArchiverTest
Tue May 15 15:56:37 UTC 2018: Found element on the queue
Tue May 15 15:56:37 UTC 2018: Updating status
Tue May 15 15:56:37 UTC 2018: Working
Tue May 15 15:56:40 UTC 2018: Start edisonmade__mp5 test class hudson.util.io.ZipArchiverTest
Tue May 15 15:56:40 UTC 2018: Setting lastTestMethodIndex: 37337
Tue May 15 15:56:40 UTC 2018: Starting linking
Tue May 15 15:56:40 UTC 2018: No link for: hudson.util.io.ZipArchiverTest-backwardsSlashesOnWindows
Tue May 15 15:56:40 UTC 2018: None match not added in database because it already exists
Tue May 15 15:56:40 UTC 2018: Linking done for edisonmade__mp5 test class hudson.util.io.ZipArchiverTest
Tue May 15 15:56:40 UTC 2018: Found element on the queue
Tue May 15 15:56:40 UTC 2018: Updating status
Tue May 15 15:56:40 UTC 2018: Working
Tue May 15 15:56:43 UTC 2018: Start edisonmade__mp5 test class hudson.util.XStream2EncodingTest
Tue May 15 15:56:43 UTC 2018: Setting lastTestMethodIndex: 37339
Tue May 15 15:56:43 UTC 2018: Starting linking
Tue May 15 15:56:43 UTC 2018: Code found hudson.util.XStream2-toXMLUTF8 with hudson.util.XStream2EncodingTest-toXMLUTF8
Tue May 15 15:56:43 UTC 2018: Match not added in database because it already exists
Tue May 15 15:56:43 UTC 2018: Code found hudson.util.XStream2-toXML with hudson.util.XStream2EncodingTest-toXMLUnspecifiedEncoding
Tue May 15 15:56:43 UTC 2018: Match not added in database because it already exists
Tue May 15 15:56:43 UTC 2018: Linking done for edisonmade__mp5 test class hudson.util.XStream2EncodingTest
Tue May 15 15:56:44 UTC 2018: Found element on the queue
Tue May 15 15:56:44 UTC 2018: Updating status
Tue May 15 15:56:44 UTC 2018: Working
Tue May 15 15:56:46 UTC 2018: Start edisonmade__mp5 test class hudson.util.IteratorsTest
Tue May 15 15:56:46 UTC 2018: Setting lastTestMethodIndex: 37341
Tue May 15 15:56:46 UTC 2018: Starting linking
Tue May 15 15:56:46 UTC 2018: No code found hudson.util.Iterators-reverseSequence with hudson.util.IteratorsTest-reverseSequence
Tue May 15 15:56:46 UTC 2018: No code found hudson.util.Iterators-wrap with hudson.util.IteratorsTest-wrap
Tue May 15 15:56:46 UTC 2018: No code found hudson.util.Iterators-sequence with hudson.util.IteratorsTest-sequence
Tue May 15 15:56:46 UTC 2018: No code found hudson.util.Iterators-limit with hudson.util.IteratorsTest-limit
Tue May 15 15:56:47 UTC 2018: Linking done for edisonmade__mp5 test class hudson.util.IteratorsTest
Tue May 15 15:56:47 UTC 2018: Found element on the queue
Tue May 15 15:56:47 UTC 2018: Updating status
Tue May 15 15:56:47 UTC 2018: Working
Tue May 15 15:56:49 UTC 2018: Start edisonmade__mp5 test class hudson.util.PackedMapTest
Tue May 15 15:56:49 UTC 2018: Setting lastTestMethodIndex: 37343
Tue May 15 15:56:49 UTC 2018: Starting linking
Tue May 15 15:56:49 UTC 2018: Linking done for edisonmade__mp5 test class hudson.util.PackedMapTest
Tue May 15 15:56:50 UTC 2018: Found element on the queue
Tue May 15 15:56:50 UTC 2018: Updating status
Tue May 15 15:56:50 UTC 2018: Working
Tue May 15 15:56:52 UTC 2018: Start edisonmade__mp5 test class hudson.util.ConsistentHashTest
Tue May 15 15:56:52 UTC 2018: Setting lastTestMethodIndex: 37345
Tue May 15 15:56:52 UTC 2018: Starting linking
Tue May 15 15:56:52 UTC 2018: No link for: hudson.util.ConsistentHashTest-speed
Tue May 15 15:56:52 UTC 2018: None match not added in database because it already exists
Tue May 15 15:56:52 UTC 2018: No link for: hudson.util.ConsistentHashTest-emptyBehavior
Tue May 15 15:56:53 UTC 2018: No link for: hudson.util.ConsistentHashTest-removal
Tue May 15 15:56:53 UTC 2018: None match not added in database because it already exists
Tue May 15 15:56:53 UTC 2018: No link for: hudson.util.ConsistentHashTest-basic
Tue May 15 15:56:53 UTC 2018: None match not added in database because it already exists
Tue May 15 15:56:53 UTC 2018: No link for: hudson.util.ConsistentHashTest-unevenDistribution
Tue May 15 15:56:53 UTC 2018: None match not added in database because it already exists
Tue May 15 15:56:53 UTC 2018: Linking done for edisonmade__mp5 test class hudson.util.ConsistentHashTest
Tue May 15 15:56:53 UTC 2018: Found element on the queue
Tue May 15 15:56:53 UTC 2018: Updating status
Tue May 15 15:56:53 UTC 2018: Working
Tue May 15 15:56:56 UTC 2018: Start edisonmade__mp5 test class hudson.util.XStream2Test
Tue May 15 15:56:56 UTC 2018: Setting lastTestMethodIndex: 37346
Tue May 15 15:56:56 UTC 2018: Starting linking
Tue May 15 15:56:56 UTC 2018: Linking done for edisonmade__mp5 test class hudson.util.XStream2Test
Tue May 15 15:56:56 UTC 2018: Found element on the queue
Tue May 15 15:56:56 UTC 2018: Updating status
Tue May 15 15:56:56 UTC 2018: Working
Tue May 15 15:56:59 UTC 2018: Start edisonmade__mp5 test class hudson.util.LineEndNormalizingWriterTest
Tue May 15 15:56:59 UTC 2018: Setting lastTestMethodIndex: 37348
Tue May 15 15:56:59 UTC 2018: Starting linking
Tue May 15 15:56:59 UTC 2018: No link for: hudson.util.LineEndNormalizingWriterTest-test1
Tue May 15 15:56:59 UTC 2018: None match not added in database because it already exists
Tue May 15 15:56:59 UTC 2018: No link for: hudson.util.LineEndNormalizingWriterTest-test2
Tue May 15 15:56:59 UTC 2018: None match not added in database because it already exists
Tue May 15 15:56:59 UTC 2018: No link for: hudson.util.LineEndNormalizingWriterTest-test3
Tue May 15 15:56:59 UTC 2018: None match not added in database because it already exists
Tue May 15 15:56:59 UTC 2018: Linking done for edisonmade__mp5 test class hudson.util.LineEndNormalizingWriterTest
Tue May 15 15:57:00 UTC 2018: Found element on the queue
Tue May 15 15:57:00 UTC 2018: Updating status
Tue May 15 15:57:00 UTC 2018: Working
Tue May 15 15:57:02 UTC 2018: Start edisonmade__mp5 test class hudson.util.ProcessTreeTest
Tue May 15 15:57:02 UTC 2018: Setting lastTestMethodIndex: 37349
Tue May 15 15:57:02 UTC 2018: Starting linking
Tue May 15 15:57:02 UTC 2018: Linking done for edisonmade__mp5 test class hudson.util.ProcessTreeTest
Tue May 15 15:57:02 UTC 2018: Found element on the queue
Tue May 15 15:57:02 UTC 2018: Updating status
Tue May 15 15:57:02 UTC 2018: Working
Tue May 15 15:57:05 UTC 2018: Start edisonmade__mp5 test class hudson.EnvVarsTest
Tue May 15 15:57:05 UTC 2018: Setting lastTestMethodIndex: 37350
Tue May 15 15:57:05 UTC 2018: Starting linking
Tue May 15 15:57:05 UTC 2018: No code found hudson.EnvVars-overrideExpandingAll with hudson.EnvVarsTest-overrideExpandingAll
Tue May 15 15:57:05 UTC 2018: No link for: hudson.EnvVarsTest-overrideOrderCalculatorCyclic
Tue May 15 15:57:05 UTC 2018: None match not added in database because it already exists
Tue May 15 15:57:05 UTC 2018: No link for: hudson.EnvVarsTest-caseInsensitive
Tue May 15 15:57:05 UTC 2018: None match not added in database because it already exists
Tue May 15 15:57:05 UTC 2018: No link for: hudson.EnvVarsTest-overrideOrderCalculatorSelfReference
Tue May 15 15:57:05 UTC 2018: None match not added in database because it already exists
Tue May 15 15:57:05 UTC 2018: No link for: hudson.EnvVarsTest-overrideOrderCalculatorMultiple
Tue May 15 15:57:05 UTC 2018: None match not added in database because it already exists
Tue May 15 15:57:05 UTC 2018: No link for: hudson.EnvVarsTest-overrideOrderCalculatorSimple
Tue May 15 15:57:06 UTC 2018: None match not added in database because it already exists
Tue May 15 15:57:06 UTC 2018: No link for: hudson.EnvVarsTest-overrideOrderCalculatorInOrder
Tue May 15 15:57:06 UTC 2018: None match not added in database because it already exists
Tue May 15 15:57:06 UTC 2018: Linking done for edisonmade__mp5 test class hudson.EnvVarsTest
Tue May 15 15:57:06 UTC 2018: Found element on the queue
Tue May 15 15:57:06 UTC 2018: Updating status
Tue May 15 15:57:06 UTC 2018: Working
Tue May 15 15:57:09 UTC 2018: Start edisonmade__mp5 test class hudson.cli.handlers.ViewOptionHandlerTest
Tue May 15 15:57:09 UTC 2018: Setting lastTestMethodIndex: 37352
Tue May 15 15:57:09 UTC 2018: Starting linking
Tue May 15 15:57:09 UTC 2018: No link for: hudson.cli.handlers.ViewOptionHandlerTest-resolveOuterView
Tue May 15 15:57:09 UTC 2018: None match not added in database because it already exists
Tue May 15 15:57:09 UTC 2018: No link for: hudson.cli.handlers.ViewOptionHandlerTest-reportNonexistentNestedView
Tue May 15 15:57:09 UTC 2018: None match not added in database because it already exists
Tue May 15 15:57:09 UTC 2018: No link for: hudson.cli.handlers.ViewOptionHandlerTest-refuseToReadOuterView
Tue May 15 15:57:09 UTC 2018: No link for: hudson.cli.handlers.ViewOptionHandlerTest-reportNonexistentInnerView
Tue May 15 15:57:09 UTC 2018: None match not added in database because it already exists
Tue May 15 15:57:09 UTC 2018: No link for: hudson.cli.handlers.ViewOptionHandlerTest-refuseToReadNestedView
Tue May 15 15:57:09 UTC 2018: No link for: hudson.cli.handlers.ViewOptionHandlerTest-resolveNestedView
Tue May 15 15:57:09 UTC 2018: None match not added in database because it already exists
Tue May 15 15:57:09 UTC 2018: No link for: hudson.cli.handlers.ViewOptionHandlerTest-ignoreLeadingAndTrailingSlashes
Tue May 15 15:57:09 UTC 2018: None match not added in database because it already exists
Tue May 15 15:57:09 UTC 2018: No link for: hudson.cli.handlers.ViewOptionHandlerTest-reportNonexistentTopLevelView
Tue May 15 15:57:10 UTC 2018: None match not added in database because it already exists
Tue May 15 15:57:10 UTC 2018: No link for: hudson.cli.handlers.ViewOptionHandlerTest-refuseToReadInnerView
Tue May 15 15:57:10 UTC 2018: No link for: hudson.cli.handlers.ViewOptionHandlerTest-resolveTopLevelView
Tue May 15 15:57:10 UTC 2018: None match not added in database because it already exists
Tue May 15 15:57:10 UTC 2018: No link for: hudson.cli.handlers.ViewOptionHandlerTest-reportTraversingViewThatIsNotAViewGroup
Tue May 15 15:57:10 UTC 2018: None match not added in database because it already exists
Tue May 15 15:57:10 UTC 2018: Linking done for edisonmade__mp5 test class hudson.cli.handlers.ViewOptionHandlerTest
Tue May 15 15:57:10 UTC 2018: Found element on the queue
Tue May 15 15:57:10 UTC 2018: Updating status
Tue May 15 15:57:10 UTC 2018: Working
Tue May 15 15:57:13 UTC 2018: Start edisonmade__mp5 test class hudson.cli.ListJobsCommandTest
Tue May 15 15:57:13 UTC 2018: Setting lastTestMethodIndex: 37355
Tue May 15 15:57:13 UTC 2018: Starting linking
Tue May 15 15:57:13 UTC 2018: No link for: hudson.cli.ListJobsCommandTest-failForNonexistingName
Tue May 15 15:57:13 UTC 2018: None match not added in database because it already exists
Tue May 15 15:57:13 UTC 2018: No link for: hudson.cli.ListJobsCommandTest-getAllJobsForEmptyName
Tue May 15 15:57:13 UTC 2018: No link for: hudson.cli.ListJobsCommandTest-getJobsFromView
Tue May 15 15:57:13 UTC 2018: No link for: hudson.cli.ListJobsCommandTest-getAllJobsFromFolders
Tue May 15 15:57:13 UTC 2018: None match not added in database because it already exists
Tue May 15 15:57:13 UTC 2018: No link for: hudson.cli.ListJobsCommandTest-getJobsRecursivelyFromViewGroup
Tue May 15 15:57:14 UTC 2018: Linking done for edisonmade__mp5 test class hudson.cli.ListJobsCommandTest
