Tue May 15 15:34:58 UTC 2018: Database:jdbc:mysql://localhost:3306/unittests
Tue May 15 15:34:59 UTC 2018: Starting
Tue May 15 15:34:59 UTC 2018: Found element on the queue
Tue May 15 15:34:59 UTC 2018: Updating status
Tue May 15 15:34:59 UTC 2018: Working
Tue May 15 15:34:59 UTC 2018: Create project parser
Tue May 15 15:35:10 UTC 2018: Create slicer
Tue May 15 15:35:17 UTC 2018: Create call graph
Tue May 15 15:35:20 UTC 2018: Create point analysis
Tue May 15 15:35:20 UTC 2018: Create call graph done
Tue May 15 15:35:20 UTC 2018: Start Dreampie__easyrec test class org.easyrec.util.core.RecommenderUtilsTest
Tue May 15 15:35:20 UTC 2018: Setting lastTestMethodIndex: 36698
Tue May 15 15:35:20 UTC 2018: Starting linking
Tue May 15 15:35:20 UTC 2018: Code found org.easyrec.util.core.RecommenderUtils-filterDuplicates with org.easyrec.util.core.RecommenderUtilsTest-testFilterDuplicates_All_Duplicates_Use_Averages
Tue May 15 15:35:20 UTC 2018: Match not added in database because it already exists
Tue May 15 15:35:20 UTC 2018: Code found org.easyrec.util.core.RecommenderUtils-filterDuplicates with org.easyrec.util.core.RecommenderUtilsTest-testFilterDuplicatesPerformance
Tue May 15 15:35:20 UTC 2018: Match not added in database because it already exists
Tue May 15 15:35:20 UTC 2018: Code found org.easyrec.util.core.RecommenderUtils-filterAlreadyActedOn with org.easyrec.util.core.RecommenderUtilsTest-testFilterAlreadyActedOn_Nothing_To_Filter_Null
Tue May 15 15:35:20 UTC 2018: Match not added in database because it already exists
Tue May 15 15:35:20 UTC 2018: Code found org.easyrec.util.core.RecommenderUtils-filterDuplicates with org.easyrec.util.core.RecommenderUtilsTest-testFilterDuplicates_Some_Duplicates_No_Averages
Tue May 15 15:35:21 UTC 2018: Match not added in database because it already exists
Tue May 15 15:35:21 UTC 2018: Code found org.easyrec.util.core.RecommenderUtils-filterDuplicates with org.easyrec.util.core.RecommenderUtilsTest-testFilterDuplicates_No_Duplicates2
Tue May 15 15:35:21 UTC 2018: Match not added in database because it already exists
Tue May 15 15:35:21 UTC 2018: Code found org.easyrec.util.core.RecommenderUtils-filterAlreadyActedOn with org.easyrec.util.core.RecommenderUtilsTest-testFilterAlreadyActedOnPerformance
Tue May 15 15:35:21 UTC 2018: Match not added in database because it already exists
Tue May 15 15:35:21 UTC 2018: Code found org.easyrec.util.core.RecommenderUtils-filterAlreadyActedOn with org.easyrec.util.core.RecommenderUtilsTest-testFilterAlreadyActedOn_Nothing_To_Filter_Empty
Tue May 15 15:35:21 UTC 2018: Match not added in database because it already exists
Tue May 15 15:35:21 UTC 2018: Code found org.easyrec.util.core.RecommenderUtils-filterDuplicates with org.easyrec.util.core.RecommenderUtilsTest-testFilterDuplicates_No_Duplicates
Tue May 15 15:35:21 UTC 2018: Match not added in database because it already exists
Tue May 15 15:35:21 UTC 2018: Code found org.easyrec.util.core.RecommenderUtils-filterDuplicates with org.easyrec.util.core.RecommenderUtilsTest-testFilterDuplicates_Some_Duplicates_Use_Averages
Tue May 15 15:35:21 UTC 2018: Match not added in database because it already exists
Tue May 15 15:35:21 UTC 2018: Code found org.easyrec.util.core.RecommenderUtils-filterDuplicates with org.easyrec.util.core.RecommenderUtilsTest-testFilterDuplicates_All_Duplicates_No_Averages
Tue May 15 15:35:21 UTC 2018: Match not added in database because it already exists
Tue May 15 15:35:21 UTC 2018: Code found org.easyrec.util.core.RecommenderUtils-filterAlreadyActedOn with org.easyrec.util.core.RecommenderUtilsTest-testFilterAlreadyActedOn
Tue May 15 15:35:21 UTC 2018: Match not added in database because it already exists
Tue May 15 15:35:21 UTC 2018: Code found org.easyrec.util.core.RecommenderUtils-filterAlreadyActedOn with org.easyrec.util.core.RecommenderUtilsTest-testFilterAlreadyActedOn_All
Tue May 15 15:35:21 UTC 2018: Match not added in database because it already exists
Tue May 15 15:35:21 UTC 2018: Linking done for Dreampie__easyrec test class org.easyrec.util.core.RecommenderUtilsTest
Tue May 15 15:35:22 UTC 2018: Found element on the queue
Tue May 15 15:35:22 UTC 2018: Updating status
Tue May 15 15:35:22 UTC 2018: Working
Tue May 15 15:35:22 UTC 2018: Create project parser
Tue May 15 15:35:24 UTC 2018: Start Dreampie__easyrec test class org.easyrec.plugin.model.VersionTest
Tue May 15 15:35:24 UTC 2018: Setting lastTestMethodIndex: 36699
Tue May 15 15:35:24 UTC 2018: Starting linking
Tue May 15 15:35:24 UTC 2018: No link for: org.easyrec.plugin.model.VersionTest-toString_shouldOutputCorrectly
Tue May 15 15:35:24 UTC 2018: None match not added in database because it already exists
Tue May 15 15:35:24 UTC 2018: No link for: org.easyrec.plugin.model.VersionTest-stringCtor_shouldThrow
Tue May 15 15:35:25 UTC 2018: None match not added in database because it already exists
Tue May 15 15:35:25 UTC 2018: No link for: org.easyrec.plugin.model.VersionTest-stringCtor_shouldParseCorrectly
Tue May 15 15:35:25 UTC 2018: None match not added in database because it already exists
Tue May 15 15:35:25 UTC 2018: No link for: org.easyrec.plugin.model.VersionTest-parseVersion_shouldBeIdenticalToToString
Tue May 15 15:35:25 UTC 2018: None match not added in database because it already exists
Tue May 15 15:35:25 UTC 2018: No link for: org.easyrec.plugin.model.VersionTest-valueOf_shouldBeIdenticalToToString
Tue May 15 15:35:25 UTC 2018: None match not added in database because it already exists
Tue May 15 15:35:25 UTC 2018: No link for: org.easyrec.plugin.model.VersionTest-compare_shouldWork
Tue May 15 15:35:25 UTC 2018: None match not added in database because it already exists
Tue May 15 15:35:25 UTC 2018: No link for: org.easyrec.plugin.model.VersionTest-intCtor_shouldThrow
Tue May 15 15:35:25 UTC 2018: None match not added in database because it already exists
Tue May 15 15:35:25 UTC 2018: Linking done for Dreampie__easyrec test class org.easyrec.plugin.model.VersionTest
Tue May 15 15:35:26 UTC 2018: Found element on the queue
Tue May 15 15:35:26 UTC 2018: Updating status
Tue May 15 15:35:26 UTC 2018: Working
Tue May 15 15:35:26 UTC 2018: Create project parser
Tue May 15 15:35:29 UTC 2018: Start Dreampie__easyrec test class org.easyrec.plugin.configuration.ConfigurationHelperTests
Tue May 15 15:35:29 UTC 2018: Setting lastTestMethodIndex: 36700
Tue May 15 15:35:29 UTC 2018: Starting linking
Tue May 15 15:35:29 UTC 2018: Code found org.easyrec.plugin.configuration.ConfigurationHelper-getParameterDescription with org.easyrec.plugin.configuration.ConfigurationHelperTests-testGetParameterDescriptions
Tue May 15 15:35:29 UTC 2018: Match not added in database because it already exists
Tue May 15 15:35:29 UTC 2018: Code found org.easyrec.plugin.configuration.ConfigurationHelper-setValues with org.easyrec.plugin.configuration.ConfigurationHelperTests-testSetValuesFromPropertiesWithPrefix
Tue May 15 15:35:29 UTC 2018: Match not added in database because it already exists
Tue May 15 15:35:29 UTC 2018: Code found org.easyrec.plugin.configuration.ConfigurationHelper-getParameterNames with org.easyrec.plugin.configuration.ConfigurationHelperTests-testGetParameterNamesOfSubClass
Tue May 15 15:35:29 UTC 2018: Match not added in database because it already exists
Tue May 15 15:35:29 UTC 2018: Code found org.easyrec.plugin.configuration.ConfigurationHelper-getValuesAsProperties with org.easyrec.plugin.configuration.ConfigurationHelperTests-testGetValuesAsPropertiesNullString
Tue May 15 15:35:29 UTC 2018: Match not added in database because it already exists
Tue May 15 15:35:29 UTC 2018: Code found org.easyrec.plugin.configuration.ConfigurationHelper-setValues with org.easyrec.plugin.configuration.ConfigurationHelperTests-testSetValuesFromIncompleteProperties
Tue May 15 15:35:29 UTC 2018: Match not added in database because it already exists
Tue May 15 15:35:29 UTC 2018: Code found org.easyrec.plugin.configuration.ConfigurationHelper-getParameterNames with org.easyrec.plugin.configuration.ConfigurationHelperTests-testGetParameterNames
Tue May 15 15:35:29 UTC 2018: Match not added in database because it already exists
Tue May 15 15:35:29 UTC 2018: Code found org.easyrec.plugin.configuration.ConfigurationHelper-getValuesAsProperties with org.easyrec.plugin.configuration.ConfigurationHelperTests-testGetValuesAsProperties
Tue May 15 15:35:29 UTC 2018: Match not added in database because it already exists
Tue May 15 15:35:29 UTC 2018: Code found org.easyrec.plugin.configuration.ConfigurationHelper-getParameterDescription with org.easyrec.plugin.configuration.ConfigurationHelperTests-testGetParameterDescriptionsExtended
Tue May 15 15:35:29 UTC 2018: Match not added in database because it already exists
Tue May 15 15:35:29 UTC 2018: Code found org.easyrec.plugin.configuration.ConfigurationHelper-getValuesAsProperties with org.easyrec.plugin.configuration.ConfigurationHelperTests-testGetValuesAsPropertiesEmptyString
Tue May 15 15:35:29 UTC 2018: Match not added in database because it already exists
Tue May 15 15:35:29 UTC 2018: Code found org.easyrec.plugin.configuration.ConfigurationHelper-setValues with org.easyrec.plugin.configuration.ConfigurationHelperTests-testSetValuesFromProperties
Tue May 15 15:35:30 UTC 2018: Match not added in database because it already exists
Tue May 15 15:35:30 UTC 2018: No link for: org.easyrec.plugin.configuration.ConfigurationHelperTests-testCustomPropertyEditorGetStringValue
Tue May 15 15:35:30 UTC 2018: None match not added in database because it already exists
Tue May 15 15:35:30 UTC 2018: No link for: org.easyrec.plugin.configuration.ConfigurationHelperTests-testSetParameterValues
Tue May 15 15:35:30 UTC 2018: None match not added in database because it already exists
Tue May 15 15:35:30 UTC 2018: No link for: org.easyrec.plugin.configuration.ConfigurationHelperTests-testCustomValidator
Tue May 15 15:35:30 UTC 2018: None match not added in database because it already exists
Tue May 15 15:35:30 UTC 2018: No link for: org.easyrec.plugin.configuration.ConfigurationHelperTests-testSetParameterValuesNull
Tue May 15 15:35:30 UTC 2018: None match not added in database because it already exists
Tue May 15 15:35:30 UTC 2018: No link for: org.easyrec.plugin.configuration.ConfigurationHelperTests-testCustomPropertyEditor
Tue May 15 15:35:30 UTC 2018: None match not added in database because it already exists
Tue May 15 15:35:30 UTC 2018: Linking done for Dreampie__easyrec test class org.easyrec.plugin.configuration.ConfigurationHelperTests
Tue May 15 15:35:31 UTC 2018: Found element on the queue
Tue May 15 15:35:31 UTC 2018: Updating status
Tue May 15 15:35:31 UTC 2018: Working
Tue May 15 15:35:31 UTC 2018: Create project parser
Tue May 15 15:35:33 UTC 2018: Start Dreampie__easyrec test class org.easyrec.plugin.itemitem.impl.AdjustedCosineSimilarityCalculationStrategyTest
Tue May 15 15:35:33 UTC 2018: Setting lastTestMethodIndex: 36701
Tue May 15 15:35:33 UTC 2018: Starting linking
Tue May 15 15:35:33 UTC 2018: Code found org.easyrec.plugin.itemitem.impl.AdjustedCosineSimilarityCalculationStrategy-getSourceInfo with org.easyrec.plugin.itemitem.impl.AdjustedCosineSimilarityCalculationStrategyTest-getSourceInfo_isCorrect
Tue May 15 15:35:33 UTC 2018: Match not added in database because it already exists
Tue May 15 15:35:33 UTC 2018: Code found org.easyrec.plugin.itemitem.impl.AdjustedCosineSimilarityCalculationStrategy-calculateSimilarity with org.easyrec.plugin.itemitem.impl.AdjustedCosineSimilarityCalculationStrategyTest-calculateSimilarity_isCorrect
Tue May 15 15:35:34 UTC 2018: Match not added in database because it already exists
Tue May 15 15:35:34 UTC 2018: Linking done for Dreampie__easyrec test class org.easyrec.plugin.itemitem.impl.AdjustedCosineSimilarityCalculationStrategyTest
Tue May 15 15:35:34 UTC 2018: Found element on the queue
Tue May 15 15:35:34 UTC 2018: Updating status
Tue May 15 15:35:34 UTC 2018: Working
Tue May 15 15:35:37 UTC 2018: Start Dreampie__easyrec test class org.easyrec.plugin.itemitem.impl.PearsonSimilarityCalculationStrategyTest
Tue May 15 15:35:37 UTC 2018: Setting lastTestMethodIndex: 36702
Tue May 15 15:35:37 UTC 2018: Starting linking
Tue May 15 15:35:37 UTC 2018: Code found org.easyrec.plugin.itemitem.impl.PearsonSimilarityCalculationStrategy-getSourceInfo with org.easyrec.plugin.itemitem.impl.PearsonSimilarityCalculationStrategyTest-getSourceInfo_isCorrect
Tue May 15 15:35:37 UTC 2018: Match not added in database because it already exists
Tue May 15 15:35:37 UTC 2018: Code found org.easyrec.plugin.itemitem.impl.PearsonSimilarityCalculationStrategy-calculateSimilarity with org.easyrec.plugin.itemitem.impl.PearsonSimilarityCalculationStrategyTest-calculateSimilarity_isCorrect
Tue May 15 15:35:37 UTC 2018: Match not added in database because it already exists
Tue May 15 15:35:37 UTC 2018: Linking done for Dreampie__easyrec test class org.easyrec.plugin.itemitem.impl.PearsonSimilarityCalculationStrategyTest
Tue May 15 15:35:38 UTC 2018: Found element on the queue
Tue May 15 15:35:38 UTC 2018: Updating status
Tue May 15 15:35:38 UTC 2018: Working
Tue May 15 15:35:40 UTC 2018: Start Dreampie__easyrec test class org.easyrec.plugin.itemitem.impl.CosineSimilarityCalculationStrategyTest
Tue May 15 15:35:40 UTC 2018: Setting lastTestMethodIndex: 36704
Tue May 15 15:35:40 UTC 2018: Starting linking
Tue May 15 15:35:40 UTC 2018: Code found org.easyrec.plugin.itemitem.impl.CosineSimilarityCalculationStrategy-calculateSimilarity with org.easyrec.plugin.itemitem.impl.CosineSimilarityCalculationStrategyTest-calculateSimilarity_isCorrect
Tue May 15 15:35:40 UTC 2018: Match not added in database because it already exists
Tue May 15 15:35:40 UTC 2018: Code found org.easyrec.plugin.itemitem.impl.CosineSimilarityCalculationStrategy-getSourceInfo with org.easyrec.plugin.itemitem.impl.CosineSimilarityCalculationStrategyTest-getSourceInfo_isCorrect
Tue May 15 15:35:40 UTC 2018: Match not added in database because it already exists
Tue May 15 15:35:40 UTC 2018: Linking done for Dreampie__easyrec test class org.easyrec.plugin.itemitem.impl.CosineSimilarityCalculationStrategyTest
Tue May 15 15:35:41 UTC 2018: Found element on the queue
Tue May 15 15:35:41 UTC 2018: Updating status
Tue May 15 15:35:41 UTC 2018: Working
Tue May 15 15:35:43 UTC 2018: Start Dreampie__easyrec test class org.easyrec.plugin.itemitem.store.dao.impl.ActionDAOMemoryImplTest
Tue May 15 15:35:43 UTC 2018: Setting lastTestMethodIndex: 36706
Tue May 15 15:35:43 UTC 2018: Starting linking
Tue May 15 15:35:43 UTC 2018: Linking done for Dreampie__easyrec test class org.easyrec.plugin.itemitem.store.dao.impl.ActionDAOMemoryImplTest
Tue May 15 15:35:44 UTC 2018: Found element on the queue
Tue May 15 15:35:44 UTC 2018: Updating status
Tue May 15 15:35:44 UTC 2018: Working
Tue May 15 15:35:44 UTC 2018: Create project parser
Tue May 15 15:35:47 UTC 2018: Start Dreampie__easyrec test class org.easyrec.plugin.slopeone.impl.DefaultDeviationCalculationStrategyTest
Tue May 15 15:35:47 UTC 2018: Setting lastTestMethodIndex: 36708
Tue May 15 15:35:47 UTC 2018: Starting linking
Tue May 15 15:35:47 UTC 2018: Code found org.easyrec.plugin.slopeone.impl.DefaultDeviationCalculationStrategy-calculate with org.easyrec.plugin.slopeone.impl.DefaultDeviationCalculationStrategyTest-calculate_withLemireData
Tue May 15 15:35:47 UTC 2018: Match not added in database because it already exists
Tue May 15 15:35:47 UTC 2018: Linking done for Dreampie__easyrec test class org.easyrec.plugin.slopeone.impl.DefaultDeviationCalculationStrategyTest
Tue May 15 15:35:48 UTC 2018: Found element on the queue
Tue May 15 15:35:48 UTC 2018: Updating status
Tue May 15 15:35:48 UTC 2018: Working
Tue May 15 15:35:50 UTC 2018: Start Dreampie__easyrec test class org.easyrec.plugin.slopeone.model.DeviationTest
Tue May 15 15:35:50 UTC 2018: Setting lastTestMethodIndex: 36710
Tue May 15 15:35:50 UTC 2018: Starting linking
Tue May 15 15:35:50 UTC 2018: Code found org.easyrec.plugin.slopeone.model.Deviation-setItems with org.easyrec.plugin.slopeone.model.DeviationTest-setItems_shouldThrowOnInvalidTenantItem2
Tue May 15 15:35:50 UTC 2018: Match not added in database because it already exists
Tue May 15 15:35:50 UTC 2018: Code found org.easyrec.plugin.slopeone.model.Deviation-setItems with org.easyrec.plugin.slopeone.model.DeviationTest-setItems_shouldThrowOnNullItem1
Tue May 15 15:35:50 UTC 2018: Match not added in database because it already exists
Tue May 15 15:35:50 UTC 2018: Code found org.easyrec.plugin.slopeone.model.Deviation-setItems with org.easyrec.plugin.slopeone.model.DeviationTest-setItems_shouldThrowOnNullItem2
Tue May 15 15:35:51 UTC 2018: Match not added in database because it already exists
Tue May 15 15:35:51 UTC 2018: Code found org.easyrec.plugin.slopeone.model.Deviation-setItem2 with org.easyrec.plugin.slopeone.model.DeviationTest-setItem2_shouldThrowOnInvalidTenant
Tue May 15 15:35:51 UTC 2018: Match not added in database because it already exists
Tue May 15 15:35:51 UTC 2018: Code found org.easyrec.plugin.slopeone.model.Deviation-setItems with org.easyrec.plugin.slopeone.model.DeviationTest-setItems_shouldThrowOnInvalidTenantItem1
Tue May 15 15:35:51 UTC 2018: Match not added in database because it already exists
Tue May 15 15:35:51 UTC 2018: Code found org.easyrec.plugin.slopeone.model.Deviation-setItem1 with org.easyrec.plugin.slopeone.model.DeviationTest-setItem1_shouldThrowOnInvalidTenant
Tue May 15 15:35:51 UTC 2018: Match not added in database because it already exists
Tue May 15 15:35:51 UTC 2018: Code found org.easyrec.plugin.slopeone.model.Deviation-hashCode with org.easyrec.plugin.slopeone.model.DeviationTest-testHashCode
Tue May 15 15:35:51 UTC 2018: Match not added in database because it already exists
Tue May 15 15:35:51 UTC 2018: Code found org.easyrec.plugin.slopeone.model.Deviation-setItem2 with org.easyrec.plugin.slopeone.model.DeviationTest-setItem2_shouldThrowOnNull
Tue May 15 15:35:51 UTC 2018: Match not added in database because it already exists
Tue May 15 15:35:51 UTC 2018: No link for: org.easyrec.plugin.slopeone.model.DeviationTest-setItem1_shouldThrowOnNull
Tue May 15 15:35:51 UTC 2018: None match not added in database because it already exists
Tue May 15 15:35:51 UTC 2018: No link for: org.easyrec.plugin.slopeone.model.DeviationTest-testEquals
Tue May 15 15:35:51 UTC 2018: None match not added in database because it already exists
Tue May 15 15:35:51 UTC 2018: No link for: org.easyrec.plugin.slopeone.model.DeviationTest-getters_shouldReturnConstructorValue
Tue May 15 15:35:51 UTC 2018: None match not added in database because it already exists
Tue May 15 15:35:51 UTC 2018: No link for: org.easyrec.plugin.slopeone.model.DeviationTest-setters_shouldSet
Tue May 15 15:35:51 UTC 2018: None match not added in database because it already exists
Tue May 15 15:35:51 UTC 2018: Linking done for Dreampie__easyrec test class org.easyrec.plugin.slopeone.model.DeviationTest
Tue May 15 15:35:52 UTC 2018: Found element on the queue
Tue May 15 15:35:52 UTC 2018: Updating status
Tue May 15 15:35:52 UTC 2018: Working
Tue May 15 15:35:52 UTC 2018: Create project parser
Tue May 15 15:36:08 UTC 2018: Start Dreampie__easyrec test class org.easyrec.utils.io.TextTest
Tue May 15 15:36:08 UTC 2018: Setting lastTestMethodIndex: 36714
Tue May 15 15:36:08 UTC 2018: Starting linking
Tue May 15 15:36:08 UTC 2018: Code found org.easyrec.utils.io.Text-containingString with org.easyrec.utils.io.TextTest-testContainingString
Tue May 15 15:36:08 UTC 2018: Match not added in database because it already exists
Tue May 15 15:36:08 UTC 2018: Code found org.easyrec.utils.io.Text-matchMax with org.easyrec.utils.io.TextTest-testMatchMax
Tue May 15 15:36:08 UTC 2018: Match not added in database because it already exists
Tue May 15 15:36:08 UTC 2018: Code found org.easyrec.utils.io.Text-containsEvilSpecialChar with org.easyrec.utils.io.TextTest-testContainsEvilSpecialChar
Tue May 15 15:36:09 UTC 2018: Match not added in database because it already exists
Tue May 15 15:36:09 UTC 2018: Code found org.easyrec.utils.io.Text-removeLast with org.easyrec.utils.io.TextTest-testRemoveLast
Tue May 15 15:36:09 UTC 2018: Match not added in database because it already exists
Tue May 15 15:36:09 UTC 2018: Code found org.easyrec.utils.io.Text-capitalize with org.easyrec.utils.io.TextTest-testCapitalize
Tue May 15 15:36:09 UTC 2018: Match not added in database because it already exists
Tue May 15 15:36:09 UTC 2018: Linking done for Dreampie__easyrec test class org.easyrec.utils.io.TextTest
Tue May 15 15:36:09 UTC 2018: Found element on the queue
Tue May 15 15:36:09 UTC 2018: Updating status
Tue May 15 15:36:09 UTC 2018: Working
Tue May 15 15:36:12 UTC 2018: Start Dreampie__easyrec test class org.easyrec.utils.io.SqlFileParserTest
Tue May 15 15:36:12 UTC 2018: Setting lastTestMethodIndex: 36715
Tue May 15 15:36:12 UTC 2018: Starting linking
Tue May 15 15:36:12 UTC 2018: No link for: org.easyrec.utils.io.SqlFileParserTest-testMultipleStatementsPerLine
Tue May 15 15:36:12 UTC 2018: None match not added in database because it already exists
Tue May 15 15:36:12 UTC 2018: No link for: org.easyrec.utils.io.SqlFileParserTest-testMultipleCommentCharacters
Tue May 15 15:36:12 UTC 2018: None match not added in database because it already exists
Tue May 15 15:36:12 UTC 2018: No link for: org.easyrec.utils.io.SqlFileParserTest-testSimpleSql
Tue May 15 15:36:12 UTC 2018: None match not added in database because it already exists
Tue May 15 15:36:12 UTC 2018: No link for: org.easyrec.utils.io.SqlFileParserTest-testUnclosedStatement
Tue May 15 15:36:12 UTC 2018: None match not added in database because it already exists
Tue May 15 15:36:12 UTC 2018: No link for: org.easyrec.utils.io.SqlFileParserTest-testTrailingWhitespace
Tue May 15 15:36:12 UTC 2018: None match not added in database because it already exists
Tue May 15 15:36:12 UTC 2018: No link for: org.easyrec.utils.io.SqlFileParserTest-testMultiLineSql
Tue May 15 15:36:12 UTC 2018: None match not added in database because it already exists
Tue May 15 15:36:12 UTC 2018: Linking done for Dreampie__easyrec test class org.easyrec.utils.io.SqlFileParserTest
Tue May 15 15:36:13 UTC 2018: Found element on the queue
Tue May 15 15:36:13 UTC 2018: Updating status
Tue May 15 15:36:13 UTC 2018: Working
Tue May 15 15:36:15 UTC 2018: Start Dreampie__easyrec test class org.easyrec.utils.spring.store.dao.DAOAttributeTest
Tue May 15 15:36:15 UTC 2018: Setting lastTestMethodIndex: 36716
Tue May 15 15:36:15 UTC 2018: Starting linking
Tue May 15 15:36:15 UTC 2018: No link for: org.easyrec.utils.spring.store.dao.DAOAttributeTest-testDAOAttribute
Tue May 15 15:36:15 UTC 2018: None match not added in database because it already exists
Tue May 15 15:36:15 UTC 2018: Linking done for Dreampie__easyrec test class org.easyrec.utils.spring.store.dao.DAOAttributeTest
Tue May 15 15:36:16 UTC 2018: Found element on the queue
Tue May 15 15:36:16 UTC 2018: Updating status
Tue May 15 15:36:16 UTC 2018: Working
Tue May 15 15:36:18 UTC 2018: Start Dreampie__easyrec test class org.easyrec.utils.spring.store.dao.DaoUtilsTest
Tue May 15 15:36:18 UTC 2018: Setting lastTestMethodIndex: 36717
Tue May 15 15:36:18 UTC 2018: Starting linking
Tue May 15 15:36:18 UTC 2018: Code found org.easyrec.utils.spring.store.dao.DaoUtils-createSqlList with org.easyrec.utils.spring.store.dao.DaoUtilsTest-testCreateSqlList
Tue May 15 15:36:18 UTC 2018: Match not added in database because it already exists
Tue May 15 15:36:18 UTC 2018: Linking done for Dreampie__easyrec test class org.easyrec.utils.spring.store.dao.DaoUtilsTest
