Tue May 15 23:49:11 UTC 2018: Database:jdbc:mysql://localhost:3306/unittests
Tue May 15 23:49:11 UTC 2018: Starting
Tue May 15 23:49:11 UTC 2018: Found element on the queue
Tue May 15 23:49:11 UTC 2018: Updating status
Tue May 15 23:49:11 UTC 2018: Working
Tue May 15 23:49:11 UTC 2018: Create project parser
Tue May 15 23:49:12 UTC 2018: Found element on the queue
Tue May 15 23:49:12 UTC 2018: Updating status
Tue May 15 23:49:12 UTC 2018: Working
Tue May 15 23:49:13 UTC 2018: Found element on the queue
Tue May 15 23:49:13 UTC 2018: Updating status
Tue May 15 23:49:13 UTC 2018: Working
Tue May 15 23:49:13 UTC 2018: Create project parser
Tue May 15 23:49:16 UTC 2018: Create slicer
Tue May 15 23:49:18 UTC 2018: Create call graph
Tue May 15 23:49:20 UTC 2018: Create point analysis
Tue May 15 23:49:20 UTC 2018: Create call graph done
Tue May 15 23:49:20 UTC 2018: Start jmock-developers__jmock-library test class org.jmock.test.acceptance.junit4.JUnit4TestRunnerTests
Tue May 15 23:49:20 UTC 2018: Setting lastTestMethodIndex: 51774
Tue May 15 23:49:20 UTC 2018: Starting linking
Tue May 15 23:49:20 UTC 2018: Linking done for jmock-developers__jmock-library test class org.jmock.test.acceptance.junit4.JUnit4TestRunnerTests
Tue May 15 23:49:21 UTC 2018: Found element on the queue
Tue May 15 23:49:21 UTC 2018: Updating status
Tue May 15 23:49:21 UTC 2018: Working
Tue May 15 23:49:24 UTC 2018: Start jmock-developers__jmock-library test class org.jmock.test.acceptance.junit4.JUnit4WithRulesTestRunnerTests
Tue May 15 23:49:24 UTC 2018: Setting lastTestMethodIndex: 51775
Tue May 15 23:49:24 UTC 2018: Starting linking
Tue May 15 23:49:24 UTC 2018: Linking done for jmock-developers__jmock-library test class org.jmock.test.acceptance.junit4.JUnit4WithRulesTestRunnerTests
Tue May 15 23:49:24 UTC 2018: Found element on the queue
Tue May 15 23:49:24 UTC 2018: Updating status
Tue May 15 23:49:24 UTC 2018: Working
Tue May 15 23:49:27 UTC 2018: Start jmock-developers__jmock-library test class org.jmock.test.unit.lib.concurrent.internal.SynchroniserTests
Tue May 15 23:49:27 UTC 2018: Setting lastTestMethodIndex: 51778
Tue May 15 23:49:27 UTC 2018: Starting linking
Tue May 15 23:49:27 UTC 2018: Linking done for jmock-developers__jmock-library test class org.jmock.test.unit.lib.concurrent.internal.SynchroniserTests
Tue May 15 23:49:27 UTC 2018: Found element on the queue
Tue May 15 23:49:27 UTC 2018: Updating status
Tue May 15 23:49:27 UTC 2018: Working
Tue May 15 23:49:27 UTC 2018: Create project parser
Tue May 15 23:49:30 UTC 2018: Start jmock-developers__jmock-library test class org.jmock.test.acceptance.MockingPackageProtectedTypeAcceptanceTests
Tue May 15 23:49:30 UTC 2018: Setting lastTestMethodIndex: 51780
Tue May 15 23:49:30 UTC 2018: Starting linking
Tue May 15 23:49:30 UTC 2018: Linking done for jmock-developers__jmock-library test class org.jmock.test.acceptance.MockingPackageProtectedTypeAcceptanceTests
Tue May 15 23:49:31 UTC 2018: Found element on the queue
Tue May 15 23:49:31 UTC 2018: Updating status
Tue May 15 23:49:31 UTC 2018: Working
Tue May 15 23:49:33 UTC 2018: Start jmock-developers__jmock-library test class org.jmock.test.acceptance.MockeryFinalizationAcceptanceTests
Tue May 15 23:49:33 UTC 2018: Setting lastTestMethodIndex: 51782
Tue May 15 23:49:33 UTC 2018: Starting linking
Tue May 15 23:49:33 UTC 2018: No link for: org.jmock.test.acceptance.MockeryFinalizationAcceptanceTests-mockedTypeFromClassImposteriserThatMakesFinalizePublicDoesntWarnOnFinalize
Tue May 15 23:49:34 UTC 2018: No link for: org.jmock.test.acceptance.MockeryFinalizationAcceptanceTests-mockedInterfaceFromClassImposteriserDoesntWarnOnFinalize
Tue May 15 23:49:34 UTC 2018: No link for: org.jmock.test.acceptance.MockeryFinalizationAcceptanceTests-mockedTypeThatMakesFinalizePublicDoesntWarnOnFinalize
Tue May 15 23:49:34 UTC 2018: No link for: org.jmock.test.acceptance.MockeryFinalizationAcceptanceTests-mockedInterfaceDoesntWarnOnFinalize
Tue May 15 23:49:34 UTC 2018: No link for: org.jmock.test.acceptance.MockeryFinalizationAcceptanceTests-mockedClassDoesntWarnOnFinalize
Tue May 15 23:49:35 UTC 2018: Linking done for jmock-developers__jmock-library test class org.jmock.test.acceptance.MockeryFinalizationAcceptanceTests
Tue May 15 23:49:35 UTC 2018: Found element on the queue
Tue May 15 23:49:35 UTC 2018: Updating status
Tue May 15 23:49:35 UTC 2018: Working
Tue May 15 23:49:38 UTC 2018: Start jmock-developers__jmock-library test class org.jmock.test.acceptance.InvocationDescriptionAcceptanceTests
Tue May 15 23:49:38 UTC 2018: Setting lastTestMethodIndex: 51785
Tue May 15 23:49:38 UTC 2018: Starting linking
Tue May 15 23:49:38 UTC 2018: No link for: org.jmock.test.acceptance.InvocationDescriptionAcceptanceTests-doesNotModifyInvocationsWhileReportingFailure
Tue May 15 23:49:39 UTC 2018: Linking done for jmock-developers__jmock-library test class org.jmock.test.acceptance.InvocationDescriptionAcceptanceTests
Tue May 15 23:49:39 UTC 2018: Found element on the queue
Tue May 15 23:49:39 UTC 2018: Updating status
Tue May 15 23:49:39 UTC 2018: Working
Tue May 15 23:49:42 UTC 2018: Start jmock-developers__jmock-library test class org.jmock.test.acceptance.MockingClassesAcceptanceTests
Tue May 15 23:49:42 UTC 2018: Setting lastTestMethodIndex: 51788
Tue May 15 23:49:42 UTC 2018: Starting linking
Tue May 15 23:49:42 UTC 2018: Linking done for jmock-developers__jmock-library test class org.jmock.test.acceptance.MockingClassesAcceptanceTests
Tue May 15 23:49:42 UTC 2018: Found element on the queue
Tue May 15 23:49:42 UTC 2018: Updating status
Tue May 15 23:49:42 UTC 2018: Working
Tue May 15 23:49:45 UTC 2018: Start jmock-developers__jmock-library test class org.jmock.test.acceptance.FinalizerIsIgnoredAcceptanceTests
Tue May 15 23:49:45 UTC 2018: Setting lastTestMethodIndex: 51791
Tue May 15 23:49:45 UTC 2018: Starting linking
Tue May 15 23:49:45 UTC 2018: Linking done for jmock-developers__jmock-library test class org.jmock.test.acceptance.FinalizerIsIgnoredAcceptanceTests
Tue May 15 23:49:46 UTC 2018: Found element on the queue
Tue May 15 23:49:46 UTC 2018: Updating status
Tue May 15 23:49:46 UTC 2018: Working
Tue May 15 23:49:48 UTC 2018: Start jmock-developers__jmock-library test class org.jmock.test.acceptance.MockingImplementationOfGenericTypeAcceptanceTests
Tue May 15 23:49:48 UTC 2018: Setting lastTestMethodIndex: 51793
Tue May 15 23:49:48 UTC 2018: Starting linking
Tue May 15 23:49:48 UTC 2018: Linking done for jmock-developers__jmock-library test class org.jmock.test.acceptance.MockingImplementationOfGenericTypeAcceptanceTests
Tue May 15 23:49:49 UTC 2018: Found element on the queue
Tue May 15 23:49:49 UTC 2018: Updating status
Tue May 15 23:49:49 UTC 2018: Working
Tue May 15 23:49:51 UTC 2018: Start jmock-developers__jmock-library test class org.jmock.test.acceptance.RedeclaredObjectMethodsAcceptanceTests
Tue May 15 23:49:52 UTC 2018: Setting lastTestMethodIndex: 51796
Tue May 15 23:49:52 UTC 2018: Starting linking
Tue May 15 23:49:52 UTC 2018: Linking done for jmock-developers__jmock-library test class org.jmock.test.acceptance.RedeclaredObjectMethodsAcceptanceTests
Tue May 15 23:49:52 UTC 2018: Found element on the queue
Tue May 15 23:49:52 UTC 2018: Updating status
Tue May 15 23:49:52 UTC 2018: Working
Tue May 15 23:49:54 UTC 2018: Start jmock-developers__jmock-library test class org.jmock.test.unit.lib.legacy.Java8Issue79UnitTest
Tue May 15 23:49:54 UTC 2018: Setting lastTestMethodIndex: 51799
Tue May 15 23:49:54 UTC 2018: Starting linking
Tue May 15 23:49:54 UTC 2018: No link for: org.jmock.test.unit.lib.legacy.Java8Issue79UnitTest-testMock
Tue May 15 23:49:55 UTC 2018: Linking done for jmock-developers__jmock-library test class org.jmock.test.unit.lib.legacy.Java8Issue79UnitTest
Tue May 15 23:49:55 UTC 2018: Found element on the queue
Tue May 15 23:49:55 UTC 2018: Updating status
Tue May 15 23:49:55 UTC 2018: Working
Tue May 15 23:49:55 UTC 2018: Create project parser
Tue May 15 23:50:00 UTC 2018: Start jmock-developers__jmock-library test class org.jmock.test.acceptance.FlexibleExpectationsAcceptanceTests
Tue May 15 23:50:00 UTC 2018: Setting lastTestMethodIndex: 51802
Tue May 15 23:50:00 UTC 2018: Starting linking
Tue May 15 23:50:00 UTC 2018: Linking done for jmock-developers__jmock-library test class org.jmock.test.acceptance.FlexibleExpectationsAcceptanceTests
Tue May 15 23:50:01 UTC 2018: Found element on the queue
Tue May 15 23:50:01 UTC 2018: Updating status
Tue May 15 23:50:01 UTC 2018: Working
Tue May 15 23:50:04 UTC 2018: Start jmock-developers__jmock-library test class org.jmock.test.acceptance.ParameterMatchingAcceptanceTests
Tue May 15 23:50:04 UTC 2018: Setting lastTestMethodIndex: 51804
Tue May 15 23:50:04 UTC 2018: Starting linking
Tue May 15 23:50:04 UTC 2018: Linking done for jmock-developers__jmock-library test class org.jmock.test.acceptance.ParameterMatchingAcceptanceTests
Tue May 15 23:50:04 UTC 2018: Found element on the queue
Tue May 15 23:50:04 UTC 2018: Updating status
Tue May 15 23:50:04 UTC 2018: Working
Tue May 15 23:50:07 UTC 2018: Start jmock-developers__jmock-library test class org.jmock.test.acceptance.ErrorMessagesAcceptanceTests
Tue May 15 23:50:07 UTC 2018: Setting lastTestMethodIndex: 51806
Tue May 15 23:50:07 UTC 2018: Starting linking
Tue May 15 23:50:07 UTC 2018: Linking done for jmock-developers__jmock-library test class org.jmock.test.acceptance.ErrorMessagesAcceptanceTests
Tue May 15 23:50:08 UTC 2018: Found element on the queue
Tue May 15 23:50:08 UTC 2018: Updating status
Tue May 15 23:50:08 UTC 2018: Working
Tue May 15 23:50:10 UTC 2018: Start jmock-developers__jmock-library test class org.jmock.test.acceptance.ExpectationErrorCheckingAcceptanceTests
Tue May 15 23:50:10 UTC 2018: Setting lastTestMethodIndex: 51809
Tue May 15 23:50:10 UTC 2018: Starting linking
Tue May 15 23:50:10 UTC 2018: Linking done for jmock-developers__jmock-library test class org.jmock.test.acceptance.ExpectationErrorCheckingAcceptanceTests
Tue May 15 23:50:11 UTC 2018: Found element on the queue
Tue May 15 23:50:11 UTC 2018: Updating status
Tue May 15 23:50:11 UTC 2018: Working
Tue May 15 23:50:13 UTC 2018: Start jmock-developers__jmock-library test class org.jmock.test.acceptance.UnorderedExpectationsAcceptanceTests
Tue May 15 23:50:13 UTC 2018: Setting lastTestMethodIndex: 51812
Tue May 15 23:50:13 UTC 2018: Starting linking
Tue May 15 23:50:13 UTC 2018: Linking done for jmock-developers__jmock-library test class org.jmock.test.acceptance.UnorderedExpectationsAcceptanceTests
Tue May 15 23:50:14 UTC 2018: Found element on the queue
Tue May 15 23:50:14 UTC 2018: Updating status
Tue May 15 23:50:14 UTC 2018: Working
Tue May 15 23:50:16 UTC 2018: Start jmock-developers__jmock-library test class org.jmock.test.acceptance.ReturningIteratorsAcceptanceTests
Tue May 15 23:50:16 UTC 2018: Setting lastTestMethodIndex: 51815
Tue May 15 23:50:16 UTC 2018: Starting linking
Tue May 15 23:50:16 UTC 2018: Linking done for jmock-developers__jmock-library test class org.jmock.test.acceptance.ReturningIteratorsAcceptanceTests
Tue May 15 23:50:17 UTC 2018: Found element on the queue
Tue May 15 23:50:17 UTC 2018: Updating status
Tue May 15 23:50:17 UTC 2018: Working
Tue May 15 23:50:19 UTC 2018: Start jmock-developers__jmock-library test class org.jmock.test.acceptance.UniqueNamesAcceptanceTest
Tue May 15 23:50:19 UTC 2018: Setting lastTestMethodIndex: 51818
Tue May 15 23:50:19 UTC 2018: Starting linking
Tue May 15 23:50:19 UTC 2018: Linking done for jmock-developers__jmock-library test class org.jmock.test.acceptance.UniqueNamesAcceptanceTest
Tue May 15 23:50:19 UTC 2018: Found element on the queue
Tue May 15 23:50:19 UTC 2018: Updating status
Tue May 15 23:50:19 UTC 2018: Working
Tue May 15 23:50:22 UTC 2018: Start jmock-developers__jmock-library test class org.jmock.test.acceptance.DoAllAcceptanceTests
Tue May 15 23:50:22 UTC 2018: Setting lastTestMethodIndex: 51820
Tue May 15 23:50:22 UTC 2018: Starting linking
Tue May 15 23:50:22 UTC 2018: Linking done for jmock-developers__jmock-library test class org.jmock.test.acceptance.DoAllAcceptanceTests
Tue May 15 23:50:22 UTC 2018: Found element on the queue
Tue May 15 23:50:22 UTC 2018: Updating status
Tue May 15 23:50:22 UTC 2018: Working
Tue May 15 23:50:25 UTC 2018: Start jmock-developers__jmock-library test class org.jmock.test.acceptance.ExpectationErrorTranslationAcceptanceTests
Tue May 15 23:50:25 UTC 2018: Setting lastTestMethodIndex: 51822
Tue May 15 23:50:25 UTC 2018: Starting linking
Tue May 15 23:50:25 UTC 2018: Linking done for jmock-developers__jmock-library test class org.jmock.test.acceptance.ExpectationErrorTranslationAcceptanceTests
Tue May 15 23:50:25 UTC 2018: Found element on the queue
Tue May 15 23:50:25 UTC 2018: Updating status
Tue May 15 23:50:25 UTC 2018: Working
Tue May 15 23:50:27 UTC 2018: Start jmock-developers__jmock-library test class org.jmock.test.acceptance.NewStyleParameterMatchingAcceptanceTests
Tue May 15 23:50:27 UTC 2018: Setting lastTestMethodIndex: 51825
Tue May 15 23:50:27 UTC 2018: Starting linking
Tue May 15 23:50:27 UTC 2018: Linking done for jmock-developers__jmock-library test class org.jmock.test.acceptance.NewStyleParameterMatchingAcceptanceTests
Tue May 15 23:50:28 UTC 2018: Found element on the queue
Tue May 15 23:50:28 UTC 2018: Updating status
Tue May 15 23:50:28 UTC 2018: Working
Tue May 15 23:50:30 UTC 2018: Start jmock-developers__jmock-library test class org.jmock.test.acceptance.ReturningValuesAcceptanceTests
Tue May 15 23:50:30 UTC 2018: Setting lastTestMethodIndex: 51828
Tue May 15 23:50:30 UTC 2018: Starting linking
Tue May 15 23:50:30 UTC 2018: Linking done for jmock-developers__jmock-library test class org.jmock.test.acceptance.ReturningValuesAcceptanceTests
Tue May 15 23:50:31 UTC 2018: Found element on the queue
Tue May 15 23:50:31 UTC 2018: Updating status
Tue May 15 23:50:31 UTC 2018: Working
Tue May 15 23:50:33 UTC 2018: Start jmock-developers__jmock-library test class org.jmock.test.acceptance.ThrowingExceptionsAcceptanceTests
Tue May 15 23:50:33 UTC 2018: Setting lastTestMethodIndex: 51830
Tue May 15 23:50:33 UTC 2018: Starting linking
Tue May 15 23:50:33 UTC 2018: Linking done for jmock-developers__jmock-library test class org.jmock.test.acceptance.ThrowingExceptionsAcceptanceTests
Tue May 15 23:50:34 UTC 2018: Found element on the queue
Tue May 15 23:50:34 UTC 2018: Updating status
Tue May 15 23:50:34 UTC 2018: Working
Tue May 15 23:50:36 UTC 2018: Start jmock-developers__jmock-library test class org.jmock.test.acceptance.HamcrestTypeSafetyAcceptanceTests
Tue May 15 23:50:36 UTC 2018: Setting lastTestMethodIndex: 51832
Tue May 15 23:50:36 UTC 2018: Starting linking
Tue May 15 23:50:36 UTC 2018: Linking done for jmock-developers__jmock-library test class org.jmock.test.acceptance.HamcrestTypeSafetyAcceptanceTests
Tue May 15 23:50:37 UTC 2018: Found element on the queue
Tue May 15 23:50:37 UTC 2018: Updating status
Tue May 15 23:50:37 UTC 2018: Working
Tue May 15 23:50:40 UTC 2018: Start jmock-developers__jmock-library test class org.jmock.test.acceptance.PrimitiveParameterTypesAcceptanceTests
Tue May 15 23:50:40 UTC 2018: Setting lastTestMethodIndex: 51835
Tue May 15 23:50:40 UTC 2018: Starting linking
Tue May 15 23:50:40 UTC 2018: Linking done for jmock-developers__jmock-library test class org.jmock.test.acceptance.PrimitiveParameterTypesAcceptanceTests
Tue May 15 23:50:40 UTC 2018: Found element on the queue
Tue May 15 23:50:40 UTC 2018: Updating status
Tue May 15 23:50:40 UTC 2018: Working
Tue May 15 23:50:42 UTC 2018: Start jmock-developers__jmock-library test class org.jmock.test.acceptance.AnyMethodAcceptanceTests
Tue May 15 23:50:42 UTC 2018: Setting lastTestMethodIndex: 51838
Tue May 15 23:50:42 UTC 2018: Starting linking
Tue May 15 23:50:42 UTC 2018: Linking done for jmock-developers__jmock-library test class org.jmock.test.acceptance.AnyMethodAcceptanceTests
Tue May 15 23:50:43 UTC 2018: Found element on the queue
Tue May 15 23:50:43 UTC 2018: Updating status
Tue May 15 23:50:43 UTC 2018: Working
Tue May 15 23:50:46 UTC 2018: Start jmock-developers__jmock-library test class org.jmock.test.acceptance.NullAndNonNullAcceptanceTests
Tue May 15 23:50:46 UTC 2018: Setting lastTestMethodIndex: 51840
Tue May 15 23:50:46 UTC 2018: Starting linking
Tue May 15 23:50:46 UTC 2018: Linking done for jmock-developers__jmock-library test class org.jmock.test.acceptance.NullAndNonNullAcceptanceTests
Tue May 15 23:50:46 UTC 2018: Found element on the queue
Tue May 15 23:50:46 UTC 2018: Updating status
Tue May 15 23:50:46 UTC 2018: Working
Tue May 15 23:50:49 UTC 2018: Start jmock-developers__jmock-library test class org.jmock.test.acceptance.OverrideExpectationsFromSetUpAcceptanceTests
Tue May 15 23:50:49 UTC 2018: Setting lastTestMethodIndex: 51842
Tue May 15 23:50:49 UTC 2018: Starting linking
Tue May 15 23:50:49 UTC 2018: Linking done for jmock-developers__jmock-library test class org.jmock.test.acceptance.OverrideExpectationsFromSetUpAcceptanceTests
Tue May 15 23:50:49 UTC 2018: Found element on the queue
Tue May 15 23:50:49 UTC 2018: Updating status
Tue May 15 23:50:49 UTC 2018: Working
Tue May 15 23:50:52 UTC 2018: Start jmock-developers__jmock-library test class org.jmock.test.acceptance.DefineExpectationWithinExpectationsAcceptanceTests
Tue May 15 23:50:52 UTC 2018: Setting lastTestMethodIndex: 51845
Tue May 15 23:50:52 UTC 2018: Starting linking
Tue May 15 23:50:52 UTC 2018: Linking done for jmock-developers__jmock-library test class org.jmock.test.acceptance.DefineExpectationWithinExpectationsAcceptanceTests
Tue May 15 23:50:52 UTC 2018: Found element on the queue
Tue May 15 23:50:52 UTC 2018: Updating status
Tue May 15 23:50:52 UTC 2018: Working
Tue May 15 23:50:55 UTC 2018: Start jmock-developers__jmock-library test class org.jmock.test.acceptance.ConsecutiveCallsAcceptanceTests
Tue May 15 23:50:55 UTC 2018: Setting lastTestMethodIndex: 51848
Tue May 15 23:50:55 UTC 2018: Starting linking
Tue May 15 23:50:55 UTC 2018: Linking done for jmock-developers__jmock-library test class org.jmock.test.acceptance.ConsecutiveCallsAcceptanceTests
Tue May 15 23:50:55 UTC 2018: Found element on the queue
Tue May 15 23:50:55 UTC 2018: Updating status
Tue May 15 23:50:55 UTC 2018: Working
Tue May 15 23:50:58 UTC 2018: Start jmock-developers__jmock-library test class org.jmock.test.acceptance.StatesAcceptanceTest
Tue May 15 23:50:58 UTC 2018: Setting lastTestMethodIndex: 51850
Tue May 15 23:50:58 UTC 2018: Starting linking
Tue May 15 23:50:58 UTC 2018: Linking done for jmock-developers__jmock-library test class org.jmock.test.acceptance.StatesAcceptanceTest
Tue May 15 23:50:59 UTC 2018: Found element on the queue
Tue May 15 23:50:59 UTC 2018: Updating status
Tue May 15 23:50:59 UTC 2018: Working
Tue May 15 23:51:01 UTC 2018: Start jmock-developers__jmock-library test class org.jmock.test.acceptance.ExpectationCountsAcceptanceTests
Tue May 15 23:51:01 UTC 2018: Setting lastTestMethodIndex: 51853
Tue May 15 23:51:01 UTC 2018: Starting linking
Tue May 15 23:51:01 UTC 2018: Linking done for jmock-developers__jmock-library test class org.jmock.test.acceptance.ExpectationCountsAcceptanceTests
Tue May 15 23:51:01 UTC 2018: Found element on the queue
Tue May 15 23:51:01 UTC 2018: Updating status
Tue May 15 23:51:01 UTC 2018: Working
Tue May 15 23:51:05 UTC 2018: Start jmock-developers__jmock-library test class org.jmock.test.acceptance.RecordingAcceptanceTests
Tue May 15 23:51:05 UTC 2018: Setting lastTestMethodIndex: 51855
Tue May 15 23:51:05 UTC 2018: Starting linking
Tue May 15 23:51:05 UTC 2018: Linking done for jmock-developers__jmock-library test class org.jmock.test.acceptance.RecordingAcceptanceTests
Tue May 15 23:51:05 UTC 2018: Found element on the queue
Tue May 15 23:51:05 UTC 2018: Updating status
Tue May 15 23:51:05 UTC 2018: Working
Tue May 15 23:51:08 UTC 2018: Start jmock-developers__jmock-library test class org.jmock.test.acceptance.CascadedFailuresAcceptanceTests
Tue May 15 23:51:08 UTC 2018: Setting lastTestMethodIndex: 51857
Tue May 15 23:51:08 UTC 2018: Starting linking
Tue May 15 23:51:08 UTC 2018: Linking done for jmock-developers__jmock-library test class org.jmock.test.acceptance.CascadedFailuresAcceptanceTests
Tue May 15 23:51:08 UTC 2018: Found element on the queue
Tue May 15 23:51:08 UTC 2018: Updating status
Tue May 15 23:51:08 UTC 2018: Working
Tue May 15 23:51:11 UTC 2018: Start jmock-developers__jmock-library test class org.jmock.test.acceptance.WarnAboutMultipleThreadsAcceptanceTests
Tue May 15 23:51:11 UTC 2018: Setting lastTestMethodIndex: 51859
Tue May 15 23:51:11 UTC 2018: Starting linking
Tue May 15 23:51:11 UTC 2018: Linking done for jmock-developers__jmock-library test class org.jmock.test.acceptance.WarnAboutMultipleThreadsAcceptanceTests
Tue May 15 23:51:11 UTC 2018: Found element on the queue
Tue May 15 23:51:11 UTC 2018: Updating status
Tue May 15 23:51:11 UTC 2018: Working
Tue May 15 23:51:14 UTC 2018: Start jmock-developers__jmock-library test class org.jmock.test.acceptance.SequenceAcceptanceTests
Tue May 15 23:51:14 UTC 2018: Setting lastTestMethodIndex: 51860
Tue May 15 23:51:14 UTC 2018: Starting linking
Tue May 15 23:51:14 UTC 2018: Linking done for jmock-developers__jmock-library test class org.jmock.test.acceptance.SequenceAcceptanceTests
Tue May 15 23:51:14 UTC 2018: Found element on the queue
Tue May 15 23:51:14 UTC 2018: Updating status
Tue May 15 23:51:14 UTC 2018: Working
Tue May 15 23:51:17 UTC 2018: Start jmock-developers__jmock-library test class org.jmock.test.unit.MockeryTests
Tue May 15 23:51:17 UTC 2018: Setting lastTestMethodIndex: 51863
Tue May 15 23:51:17 UTC 2018: Starting linking
Tue May 15 23:51:17 UTC 2018: Linking done for jmock-developers__jmock-library test class org.jmock.test.unit.MockeryTests
Tue May 15 23:51:18 UTC 2018: Found element on the queue
Tue May 15 23:51:18 UTC 2018: Updating status
Tue May 15 23:51:18 UTC 2018: Working
Tue May 15 23:51:20 UTC 2018: Start jmock-developers__jmock-library test class org.jmock.test.unit.internal.InvocationDispatcherTests
Tue May 15 23:51:20 UTC 2018: Setting lastTestMethodIndex: 51865
Tue May 15 23:51:20 UTC 2018: Starting linking
Tue May 15 23:51:20 UTC 2018: Linking done for jmock-developers__jmock-library test class org.jmock.test.unit.internal.InvocationDispatcherTests
Tue May 15 23:51:20 UTC 2018: Found element on the queue
Tue May 15 23:51:20 UTC 2018: Updating status
Tue May 15 23:51:20 UTC 2018: Working
Tue May 15 23:51:23 UTC 2018: Start jmock-developers__jmock-library test class org.jmock.test.unit.internal.FormattingTests
Tue May 15 23:51:23 UTC 2018: Setting lastTestMethodIndex: 51867
Tue May 15 23:51:23 UTC 2018: Starting linking
Tue May 15 23:51:23 UTC 2018: Linking done for jmock-developers__jmock-library test class org.jmock.test.unit.internal.FormattingTests
Tue May 15 23:51:23 UTC 2018: Found element on the queue
Tue May 15 23:51:23 UTC 2018: Updating status
Tue May 15 23:51:23 UTC 2018: Working
Tue May 15 23:51:26 UTC 2018: Start jmock-developers__jmock-library test class org.jmock.test.unit.internal.StateMachineTests
Tue May 15 23:51:26 UTC 2018: Setting lastTestMethodIndex: 51870
Tue May 15 23:51:26 UTC 2018: Starting linking
Tue May 15 23:51:26 UTC 2018: Linking done for jmock-developers__jmock-library test class org.jmock.test.unit.internal.StateMachineTests
Tue May 15 23:51:26 UTC 2018: Found element on the queue
Tue May 15 23:51:26 UTC 2018: Updating status
Tue May 15 23:51:26 UTC 2018: Working
Tue May 15 23:51:29 UTC 2018: Start jmock-developers__jmock-library test class org.jmock.test.unit.internal.InvocationExpectationTests
Tue May 15 23:51:29 UTC 2018: Setting lastTestMethodIndex: 51872
Tue May 15 23:51:29 UTC 2018: Starting linking
Tue May 15 23:51:29 UTC 2018: Linking done for jmock-developers__jmock-library test class org.jmock.test.unit.internal.InvocationExpectationTests
Tue May 15 23:51:29 UTC 2018: Found element on the queue
Tue May 15 23:51:29 UTC 2018: Updating status
Tue May 15 23:51:29 UTC 2018: Working
Tue May 15 23:51:31 UTC 2018: Start jmock-developers__jmock-library test class org.jmock.test.unit.internal.ProxiedObjectIdentityTests
Tue May 15 23:51:31 UTC 2018: Setting lastTestMethodIndex: 51874
Tue May 15 23:51:31 UTC 2018: Starting linking
Tue May 15 23:51:31 UTC 2018: Linking done for jmock-developers__jmock-library test class org.jmock.test.unit.internal.ProxiedObjectIdentityTests
Tue May 15 23:51:32 UTC 2018: Found element on the queue
Tue May 15 23:51:32 UTC 2018: Updating status
Tue May 15 23:51:32 UTC 2018: Working
Tue May 15 23:51:34 UTC 2018: Start jmock-developers__jmock-library test class org.jmock.test.unit.internal.ChangeStateSideEffectTests
Tue May 15 23:51:34 UTC 2018: Setting lastTestMethodIndex: 51877
Tue May 15 23:51:34 UTC 2018: Starting linking
Tue May 15 23:51:34 UTC 2018: Linking done for jmock-developers__jmock-library test class org.jmock.test.unit.internal.ChangeStateSideEffectTests
Tue May 15 23:51:35 UTC 2018: Found element on the queue
Tue May 15 23:51:35 UTC 2018: Updating status
Tue May 15 23:51:35 UTC 2018: Working
Tue May 15 23:51:38 UTC 2018: Start jmock-developers__jmock-library test class org.jmock.test.unit.internal.AllDeclaredFieldsTests
Tue May 15 23:51:38 UTC 2018: Setting lastTestMethodIndex: 51880
Tue May 15 23:51:38 UTC 2018: Starting linking
Tue May 15 23:51:38 UTC 2018: Linking done for jmock-developers__jmock-library test class org.jmock.test.unit.internal.AllDeclaredFieldsTests
Tue May 15 23:51:38 UTC 2018: Found element on the queue
Tue May 15 23:51:38 UTC 2018: Updating status
Tue May 15 23:51:38 UTC 2018: Working
Tue May 15 23:51:41 UTC 2018: Start jmock-developers__jmock-library test class org.jmock.test.unit.internal.InvocationDiverterTests
Tue May 15 23:51:41 UTC 2018: Setting lastTestMethodIndex: 51883
Tue May 15 23:51:41 UTC 2018: Starting linking
Tue May 15 23:51:41 UTC 2018: Linking done for jmock-developers__jmock-library test class org.jmock.test.unit.internal.InvocationDiverterTests
Tue May 15 23:51:42 UTC 2018: Found element on the queue
Tue May 15 23:51:42 UTC 2018: Updating status
Tue May 15 23:51:42 UTC 2018: Working
Tue May 15 23:51:45 UTC 2018: Start jmock-developers__jmock-library test class org.jmock.test.unit.internal.InStateOrderingConstraintTests
Tue May 15 23:51:45 UTC 2018: Setting lastTestMethodIndex: 51886
Tue May 15 23:51:45 UTC 2018: Starting linking
Tue May 15 23:51:45 UTC 2018: Linking done for jmock-developers__jmock-library test class org.jmock.test.unit.internal.InStateOrderingConstraintTests
Tue May 15 23:51:46 UTC 2018: Found element on the queue
Tue May 15 23:51:46 UTC 2018: Updating status
Tue May 15 23:51:46 UTC 2018: Working
Tue May 15 23:51:49 UTC 2018: Start jmock-developers__jmock-library test class org.jmock.test.unit.internal.CardinalityTests
Tue May 15 23:51:49 UTC 2018: Setting lastTestMethodIndex: 51887
Tue May 15 23:51:49 UTC 2018: Starting linking
Tue May 15 23:51:49 UTC 2018: Linking done for jmock-developers__jmock-library test class org.jmock.test.unit.internal.CardinalityTests
Tue May 15 23:51:49 UTC 2018: Found element on the queue
Tue May 15 23:51:49 UTC 2018: Updating status
Tue May 15 23:51:49 UTC 2018: Working
Tue May 15 23:51:52 UTC 2018: Start jmock-developers__jmock-library test class org.jmock.test.unit.internal.VerifyingTestCaseTests
Tue May 15 23:51:52 UTC 2018: Setting lastTestMethodIndex: 51890
Tue May 15 23:51:52 UTC 2018: Starting linking
Tue May 15 23:51:52 UTC 2018: Linking done for jmock-developers__jmock-library test class org.jmock.test.unit.internal.VerifyingTestCaseTests
Tue May 15 23:51:52 UTC 2018: Found element on the queue
Tue May 15 23:51:52 UTC 2018: Updating status
Tue May 15 23:51:52 UTC 2018: Working
Tue May 15 23:51:55 UTC 2018: Start jmock-developers__jmock-library test class org.jmock.test.unit.internal.ReturnDefaultCollectionTests
Tue May 15 23:51:55 UTC 2018: Setting lastTestMethodIndex: 51891
Tue May 15 23:51:55 UTC 2018: Starting linking
Tue May 15 23:51:55 UTC 2018: Linking done for jmock-developers__jmock-library test class org.jmock.test.unit.internal.ReturnDefaultCollectionTests
Tue May 15 23:51:55 UTC 2018: Found element on the queue
Tue May 15 23:51:55 UTC 2018: Updating status
Tue May 15 23:51:55 UTC 2018: Working
Tue May 15 23:51:58 UTC 2018: Start jmock-developers__jmock-library test class org.jmock.test.unit.internal.ReturnDefaultValueActionTests
Tue May 15 23:51:58 UTC 2018: Setting lastTestMethodIndex: 51894
Tue May 15 23:51:58 UTC 2018: Starting linking
Tue May 15 23:51:58 UTC 2018: No link for: org.jmock.test.unit.internal.ReturnDefaultValueActionTests-defaultResultsCanBeExplicitlyOverriddenByType
Tue May 15 23:51:58 UTC 2018: No link for: org.jmock.test.unit.internal.ReturnDefaultValueActionTests-writesDescriptionToStringBuffer
Tue May 15 23:51:59 UTC 2018: No link for: org.jmock.test.unit.internal.ReturnDefaultValueActionTests-imposteriserThatCanImposteriseReturnTypeReturnsNewMockObjectWithSameReturnDefaultValueAction
Tue May 15 23:51:59 UTC 2018: No link for: org.jmock.test.unit.internal.ReturnDefaultValueActionTests-returnsUsefulDefaultResultsForBasicTypes
Tue May 15 23:51:59 UTC 2018: No link for: org.jmock.test.unit.internal.ReturnDefaultValueActionTests-returnsEmptyArrayForAllArrayTypes
Tue May 15 23:52:00 UTC 2018: No link for: org.jmock.test.unit.internal.ReturnDefaultValueActionTests-anExplicitlyRegisteredResultOverridesThePreviousResultForTheSameType
Tue May 15 23:52:00 UTC 2018: No link for: org.jmock.test.unit.internal.ReturnDefaultValueActionTests-invocationWithAnUnsupportedReturnTypeReturnsNull
Tue May 15 23:52:00 UTC 2018: Linking done for jmock-developers__jmock-library test class org.jmock.test.unit.internal.ReturnDefaultValueActionTests
Tue May 15 23:52:01 UTC 2018: Found element on the queue
Tue May 15 23:52:01 UTC 2018: Updating status
Tue May 15 23:52:01 UTC 2018: Working
Tue May 15 23:52:04 UTC 2018: Start jmock-developers__jmock-library test class org.jmock.test.unit.api.InvocationTests
Tue May 15 23:52:04 UTC 2018: Setting lastTestMethodIndex: 51897
Tue May 15 23:52:04 UTC 2018: Starting linking
Tue May 15 23:52:04 UTC 2018: Linking done for jmock-developers__jmock-library test class org.jmock.test.unit.api.InvocationTests
Tue May 15 23:52:04 UTC 2018: Found element on the queue
Tue May 15 23:52:04 UTC 2018: Updating status
Tue May 15 23:52:04 UTC 2018: Working
Tue May 15 23:52:07 UTC 2018: Start jmock-developers__jmock-library test class org.jmock.test.unit.lib.concurrent.internal.DeltaQueueTests
Tue May 15 23:52:07 UTC 2018: Setting lastTestMethodIndex: 51900
Tue May 15 23:52:07 UTC 2018: Starting linking
Tue May 15 23:52:07 UTC 2018: Linking done for jmock-developers__jmock-library test class org.jmock.test.unit.lib.concurrent.internal.DeltaQueueTests
Tue May 15 23:52:07 UTC 2018: Found element on the queue
Tue May 15 23:52:07 UTC 2018: Updating status
Tue May 15 23:52:07 UTC 2018: Working
Tue May 15 23:52:10 UTC 2018: Start jmock-developers__jmock-library test class org.jmock.test.unit.lib.concurrent.DeterministicSchedulerTests
Tue May 15 23:52:10 UTC 2018: Setting lastTestMethodIndex: 51901
Tue May 15 23:52:10 UTC 2018: Starting linking
Tue May 15 23:52:10 UTC 2018: Linking done for jmock-developers__jmock-library test class org.jmock.test.unit.lib.concurrent.DeterministicSchedulerTests
Tue May 15 23:52:10 UTC 2018: Found element on the queue
Tue May 15 23:52:10 UTC 2018: Updating status
Tue May 15 23:52:10 UTC 2018: Working
Tue May 15 23:52:13 UTC 2018: Start jmock-developers__jmock-library test class org.jmock.test.unit.lib.concurrent.BlitzerTests
Tue May 15 23:52:13 UTC 2018: Setting lastTestMethodIndex: 51904
Tue May 15 23:52:13 UTC 2018: Starting linking
Tue May 15 23:52:13 UTC 2018: Linking done for jmock-developers__jmock-library test class org.jmock.test.unit.lib.concurrent.BlitzerTests
Tue May 15 23:52:13 UTC 2018: Found element on the queue
Tue May 15 23:52:13 UTC 2018: Updating status
Tue May 15 23:52:13 UTC 2018: Working
Tue May 15 23:52:16 UTC 2018: Start jmock-developers__jmock-library test class org.jmock.test.unit.lib.concurrent.DeterministicExecutorTests
Tue May 15 23:52:16 UTC 2018: Setting lastTestMethodIndex: 51907
Tue May 15 23:52:16 UTC 2018: Starting linking
Tue May 15 23:52:16 UTC 2018: Linking done for jmock-developers__jmock-library test class org.jmock.test.unit.lib.concurrent.DeterministicExecutorTests
Tue May 15 23:52:16 UTC 2018: Found element on the queue
Tue May 15 23:52:16 UTC 2018: Updating status
Tue May 15 23:52:16 UTC 2018: Working
Tue May 15 23:52:18 UTC 2018: Start jmock-developers__jmock-library test class org.jmock.test.unit.lib.script.ScriptedActionTests
Tue May 15 23:52:18 UTC 2018: Setting lastTestMethodIndex: 51910
Tue May 15 23:52:18 UTC 2018: Starting linking
Tue May 15 23:52:18 UTC 2018: Linking done for jmock-developers__jmock-library test class org.jmock.test.unit.lib.script.ScriptedActionTests
Tue May 15 23:52:19 UTC 2018: Found element on the queue
Tue May 15 23:52:19 UTC 2018: Updating status
Tue May 15 23:52:19 UTC 2018: Working
Tue May 15 23:52:21 UTC 2018: Start jmock-developers__jmock-library test class org.jmock.test.unit.lib.RetroNamingSchemeTests
Tue May 15 23:52:21 UTC 2018: Setting lastTestMethodIndex: 51912
Tue May 15 23:52:21 UTC 2018: Starting linking
Tue May 15 23:52:21 UTC 2018: Linking done for jmock-developers__jmock-library test class org.jmock.test.unit.lib.RetroNamingSchemeTests
Tue May 15 23:52:22 UTC 2018: Found element on the queue
Tue May 15 23:52:22 UTC 2018: Updating status
Tue May 15 23:52:22 UTC 2018: Working
Tue May 15 23:52:24 UTC 2018: Start jmock-developers__jmock-library test class org.jmock.test.unit.lib.CamelCaseNamingSchemeTests
Tue May 15 23:52:24 UTC 2018: Setting lastTestMethodIndex: 51914
Tue May 15 23:52:24 UTC 2018: Starting linking
Tue May 15 23:52:24 UTC 2018: Linking done for jmock-developers__jmock-library test class org.jmock.test.unit.lib.CamelCaseNamingSchemeTests
Tue May 15 23:52:25 UTC 2018: Found element on the queue
Tue May 15 23:52:25 UTC 2018: Updating status
Tue May 15 23:52:25 UTC 2018: Working
Tue May 15 23:52:27 UTC 2018: Start jmock-developers__jmock-library test class org.jmock.test.unit.lib.LastWordNamingSchemeTests
Tue May 15 23:52:27 UTC 2018: Setting lastTestMethodIndex: 51917
Tue May 15 23:52:27 UTC 2018: Starting linking
Tue May 15 23:52:27 UTC 2018: Linking done for jmock-developers__jmock-library test class org.jmock.test.unit.lib.LastWordNamingSchemeTests
Tue May 15 23:52:28 UTC 2018: Found element on the queue
Tue May 15 23:52:28 UTC 2018: Updating status
Tue May 15 23:52:28 UTC 2018: Working
Tue May 15 23:52:30 UTC 2018: Start jmock-developers__jmock-library test class org.jmock.test.unit.lib.action.VoidActionTests
Tue May 15 23:52:30 UTC 2018: Setting lastTestMethodIndex: 51920
Tue May 15 23:52:30 UTC 2018: Starting linking
Tue May 15 23:52:30 UTC 2018: Linking done for jmock-developers__jmock-library test class org.jmock.test.unit.lib.action.VoidActionTests
Tue May 15 23:52:31 UTC 2018: Found element on the queue
Tue May 15 23:52:31 UTC 2018: Updating status
Tue May 15 23:52:31 UTC 2018: Working
Tue May 15 23:52:33 UTC 2018: Start jmock-developers__jmock-library test class org.jmock.test.unit.lib.action.ReturnIteratorActionTests
Tue May 15 23:52:33 UTC 2018: Setting lastTestMethodIndex: 51923
Tue May 15 23:52:33 UTC 2018: Starting linking
Tue May 15 23:52:33 UTC 2018: Linking done for jmock-developers__jmock-library test class org.jmock.test.unit.lib.action.ReturnIteratorActionTests
Tue May 15 23:52:34 UTC 2018: Found element on the queue
Tue May 15 23:52:34 UTC 2018: Updating status
Tue May 15 23:52:34 UTC 2018: Working
Tue May 15 23:52:36 UTC 2018: Start jmock-developers__jmock-library test class org.jmock.test.unit.lib.action.CustomActionTests
Tue May 15 23:52:36 UTC 2018: Setting lastTestMethodIndex: 51926
Tue May 15 23:52:36 UTC 2018: Starting linking
Tue May 15 23:52:36 UTC 2018: Linking done for jmock-developers__jmock-library test class org.jmock.test.unit.lib.action.CustomActionTests
Tue May 15 23:52:37 UTC 2018: Found element on the queue
Tue May 15 23:52:37 UTC 2018: Updating status
Tue May 15 23:52:37 UTC 2018: Working
Tue May 15 23:52:40 UTC 2018: Start jmock-developers__jmock-library test class org.jmock.test.unit.lib.action.ThrowActionTests
Tue May 15 23:52:40 UTC 2018: Setting lastTestMethodIndex: 51928
Tue May 15 23:52:40 UTC 2018: Starting linking
Tue May 15 23:52:40 UTC 2018: Linking done for jmock-developers__jmock-library test class org.jmock.test.unit.lib.action.ThrowActionTests
Tue May 15 23:52:40 UTC 2018: Found element on the queue
Tue May 15 23:52:40 UTC 2018: Updating status
Tue May 15 23:52:40 UTC 2018: Working
Tue May 15 23:52:43 UTC 2018: Start jmock-developers__jmock-library test class org.jmock.test.unit.lib.action.ActionSequenceTests
Tue May 15 23:52:43 UTC 2018: Setting lastTestMethodIndex: 51931
Tue May 15 23:52:43 UTC 2018: Starting linking
Tue May 15 23:52:43 UTC 2018: Linking done for jmock-developers__jmock-library test class org.jmock.test.unit.lib.action.ActionSequenceTests
Tue May 15 23:52:43 UTC 2018: Found element on the queue
Tue May 15 23:52:43 UTC 2018: Updating status
Tue May 15 23:52:43 UTC 2018: Working
Tue May 15 23:52:46 UTC 2018: Start jmock-developers__jmock-library test class org.jmock.test.unit.lib.action.ReturnValueActionTests
Tue May 15 23:52:46 UTC 2018: Setting lastTestMethodIndex: 51932
Tue May 15 23:52:46 UTC 2018: Starting linking
Tue May 15 23:52:46 UTC 2018: Linking done for jmock-developers__jmock-library test class org.jmock.test.unit.lib.action.ReturnValueActionTests
Tue May 15 23:52:47 UTC 2018: Found element on the queue
Tue May 15 23:52:47 UTC 2018: Updating status
Tue May 15 23:52:47 UTC 2018: Working
Tue May 15 23:52:49 UTC 2018: Start jmock-developers__jmock-library test class org.jmock.test.unit.lib.action.ReturnEnumerationActionTests
Tue May 15 23:52:49 UTC 2018: Setting lastTestMethodIndex: 51934
Tue May 15 23:52:49 UTC 2018: Starting linking
Tue May 15 23:52:49 UTC 2018: Linking done for jmock-developers__jmock-library test class org.jmock.test.unit.lib.action.ReturnEnumerationActionTests
Tue May 15 23:52:50 UTC 2018: Found element on the queue
Tue May 15 23:52:50 UTC 2018: Updating status
Tue May 15 23:52:50 UTC 2018: Working
Tue May 15 23:52:52 UTC 2018: Start jmock-developers__jmock-library test class org.jmock.test.unit.lib.action.DoAllActionTests
Tue May 15 23:52:52 UTC 2018: Setting lastTestMethodIndex: 51937
Tue May 15 23:52:52 UTC 2018: Starting linking
Tue May 15 23:52:52 UTC 2018: Linking done for jmock-developers__jmock-library test class org.jmock.test.unit.lib.action.DoAllActionTests
Tue May 15 23:52:53 UTC 2018: Found element on the queue
Tue May 15 23:52:53 UTC 2018: Updating status
Tue May 15 23:52:53 UTC 2018: Working
Tue May 15 23:52:55 UTC 2018: Start jmock-developers__jmock-library test class org.jmock.test.unit.lib.IdentityExpectationErrorTranslatorTests
Tue May 15 23:52:55 UTC 2018: Setting lastTestMethodIndex: 51940
Tue May 15 23:52:55 UTC 2018: Starting linking
Tue May 15 23:52:55 UTC 2018: Linking done for jmock-developers__jmock-library test class org.jmock.test.unit.lib.IdentityExpectationErrorTranslatorTests
Tue May 15 23:52:56 UTC 2018: Found element on the queue
Tue May 15 23:52:56 UTC 2018: Updating status
Tue May 15 23:52:57 UTC 2018: Working
Tue May 15 23:52:59 UTC 2018: Start jmock-developers__jmock-library test class org.jmock.test.unit.lib.CurrentStateMatcherTests
Tue May 15 23:52:59 UTC 2018: Setting lastTestMethodIndex: 51942
Tue May 15 23:52:59 UTC 2018: Starting linking
Tue May 15 23:52:59 UTC 2018: Linking done for jmock-developers__jmock-library test class org.jmock.test.unit.lib.CurrentStateMatcherTests
Tue May 15 23:52:59 UTC 2018: Found element on the queue
Tue May 15 23:52:59 UTC 2018: Updating status
Tue May 15 23:52:59 UTC 2018: Working
Tue May 15 23:53:02 UTC 2018: Start jmock-developers__jmock-library test class org.jmock.test.unit.support.MethodFactoryTests
Tue May 15 23:53:02 UTC 2018: Setting lastTestMethodIndex: 51945
Tue May 15 23:53:02 UTC 2018: Starting linking
Tue May 15 23:53:02 UTC 2018: Linking done for jmock-developers__jmock-library test class org.jmock.test.unit.support.MethodFactoryTests
Tue May 15 23:53:02 UTC 2018: Found element on the queue
Tue May 15 23:53:02 UTC 2018: Updating status
Tue May 15 23:53:02 UTC 2018: Working
Tue May 15 23:53:05 UTC 2018: Start jmock-developers__jmock-library test class org.jmock.test.unit.auto.internal.MockomaticTests
Tue May 15 23:53:05 UTC 2018: Setting lastTestMethodIndex: 51946
Tue May 15 23:53:05 UTC 2018: Starting linking
Tue May 15 23:53:05 UTC 2018: Linking done for jmock-developers__jmock-library test class org.jmock.test.unit.auto.internal.MockomaticTests
