Wed May 16 02:52:02 UTC 2018: Database:jdbc:mysql://localhost:3306/unittests
Wed May 16 02:52:02 UTC 2018: Starting
Wed May 16 02:52:03 UTC 2018: Found element on the queue
Wed May 16 02:52:03 UTC 2018: Updating status
Wed May 16 02:52:03 UTC 2018: Working
Wed May 16 02:52:03 UTC 2018: Create project parser
Wed May 16 02:52:08 UTC 2018: Create slicer
Wed May 16 02:52:09 UTC 2018: Create call graph
Wed May 16 02:52:10 UTC 2018: Create point analysis
Wed May 16 02:52:10 UTC 2018: Create call graph done
Wed May 16 02:52:10 UTC 2018: Start kosciukiewicz__SalveMagister test class service_layer.services.impl.PropozycjaPlanuServiceImplTest
Wed May 16 02:52:10 UTC 2018: Setting lastTestMethodIndex: 58183
Wed May 16 02:52:10 UTC 2018: Starting linking
Wed May 16 02:52:10 UTC 2018: No link for: service_layer.services.impl.PropozycjaPlanuServiceImplTest-confirmPlanProposition_WHEN_noDecision_EXPECT_noUpdateCalled
Wed May 16 02:52:10 UTC 2018: No link for: service_layer.services.impl.PropozycjaPlanuServiceImplTest-rejectPlanProposition_WHEN_notConfirmedAndNotRejected_EXPECT_updateWithConfirmedPlan
Wed May 16 02:52:10 UTC 2018: No link for: service_layer.services.impl.PropozycjaPlanuServiceImplTest-confirmPlanProposition_WHEN_notConfirmedAndNotRejected_EXPECT_updateWithConfirmedPlan
Wed May 16 02:52:11 UTC 2018: No link for: service_layer.services.impl.PropozycjaPlanuServiceImplTest-confirmPlanProposition_WHEN_noDatabaseConnection_EXPECT_throwRuntimeException
Wed May 16 02:52:11 UTC 2018: No link for: service_layer.services.impl.PropozycjaPlanuServiceImplTest-confirmPlanProposition_WHEN_noDecisionConfirmed_EXPECT_throwRuntimeException
Wed May 16 02:52:12 UTC 2018: No link for: service_layer.services.impl.PropozycjaPlanuServiceImplTest-rejectPlanProposition_WHEN_noDatabaseConnection_EXPECT_throwRuntimeException
Wed May 16 02:52:12 UTC 2018: Linking done for kosciukiewicz__SalveMagister test class service_layer.services.impl.PropozycjaPlanuServiceImplTest
